ARM GAS  /var/folders/ng/s8655sgx1ys_4lf9jzm2w6n00000gn/T//cc0vFaXt.s 			page 1


   1              		.syntax unified
   2              		.cpu cortex-m4
   3              		.eabi_attribute 27, 3
   4              		.fpu fpv4-sp-d16
   5              		.eabi_attribute 20, 1
   6              		.eabi_attribute 21, 1
   7              		.eabi_attribute 23, 3
   8              		.eabi_attribute 24, 1
   9              		.eabi_attribute 25, 1
  10              		.eabi_attribute 26, 1
  11              		.eabi_attribute 30, 2
  12              		.eabi_attribute 34, 1
  13              		.eabi_attribute 18, 4
  14              		.thumb
  15              		.file	"Aithon.c"
  16              		.text
  17              	.Ltext0:
  18              		.cfi_sections	.debug_frame
  19              		.section	.text.led_on,"ax",%progbits
  20              		.align	2
  21              		.p2align 4,,15
  22              		.global	led_on
  23              		.thumb
  24              		.thumb_func
  25              		.type	led_on, %function
  26              	led_on:
  27              	.LFB119:
  28              		.file 1 "../AithonLibrary/Aithon.c"
  29              		.loc 1 23 0
  30              		.cfi_startproc
  31              		@ args = 0, pretend = 0, frame = 0
  32              		@ frame_needed = 0, uses_anonymous_args = 0
  33              		@ link register save eliminated.
  34              	.LVL0:
  35              		.loc 1 24 0
  36 0000 48B1     		cbz	r0, .L5
  37              		.loc 1 28 0
  38 0002 0128     		cmp	r0, #1
  39 0004 00D0     		beq	.L6
  40 0006 7047     		bx	lr
  41              	.L6:
  42              		.loc 1 30 0
  43 0008 4FF44063 		mov	r3, #3072
  44 000c C4F20203 		movt	r3, 16386
  45 0010 1022     		movs	r2, #16
  46 0012 1A83     		strh	r2, [r3, #24]	@ movhi
  47 0014 7047     		bx	lr
  48              	.L5:
  49              		.loc 1 26 0
  50 0016 4FF48050 		mov	r0, #4096
  51              	.LVL1:
  52 001a C4F20200 		movt	r0, 16386
  53 001e 4FF40041 		mov	r1, #32768
  54 0022 0183     		strh	r1, [r0, #24]	@ movhi
  55 0024 7047     		bx	lr
  56              		.cfi_endproc
  57              	.LFE119:
ARM GAS  /var/folders/ng/s8655sgx1ys_4lf9jzm2w6n00000gn/T//cc0vFaXt.s 			page 2


  58              		.size	led_on, .-led_on
  59 0026 00BFAFF3 		.section	.text.led_off,"ax",%progbits
  59      0080AFF3 
  59      0080
  60              		.align	2
  61              		.p2align 4,,15
  62              		.global	led_off
  63              		.thumb
  64              		.thumb_func
  65              		.type	led_off, %function
  66              	led_off:
  67              	.LFB120:
  68              		.loc 1 41 0
  69              		.cfi_startproc
  70              		@ args = 0, pretend = 0, frame = 0
  71              		@ frame_needed = 0, uses_anonymous_args = 0
  72              		@ link register save eliminated.
  73              	.LVL2:
  74              		.loc 1 42 0
  75 0000 48B1     		cbz	r0, .L10
  76              		.loc 1 46 0
  77 0002 0128     		cmp	r0, #1
  78 0004 00D0     		beq	.L11
  79 0006 7047     		bx	lr
  80              	.L11:
  81              		.loc 1 48 0
  82 0008 4FF44063 		mov	r3, #3072
  83 000c C4F20203 		movt	r3, 16386
  84 0010 1022     		movs	r2, #16
  85 0012 5A83     		strh	r2, [r3, #26]	@ movhi
  86 0014 7047     		bx	lr
  87              	.L10:
  88              		.loc 1 44 0
  89 0016 4FF48050 		mov	r0, #4096
  90              	.LVL3:
  91 001a C4F20200 		movt	r0, 16386
  92 001e 4FF40041 		mov	r1, #32768
  93 0022 4183     		strh	r1, [r0, #26]	@ movhi
  94 0024 7047     		bx	lr
  95              		.cfi_endproc
  96              	.LFE120:
  97              		.size	led_off, .-led_off
  98 0026 00BFAFF3 		.section	.text.led_toggle,"ax",%progbits
  98      0080AFF3 
  98      0080
  99              		.align	2
 100              		.p2align 4,,15
 101              		.global	led_toggle
 102              		.thumb
 103              		.thumb_func
 104              		.type	led_toggle, %function
 105              	led_toggle:
 106              	.LFB121:
 107              		.loc 1 59 0
 108              		.cfi_startproc
 109              		@ args = 0, pretend = 0, frame = 0
 110              		@ frame_needed = 0, uses_anonymous_args = 0
ARM GAS  /var/folders/ng/s8655sgx1ys_4lf9jzm2w6n00000gn/T//cc0vFaXt.s 			page 3


 111              		@ link register save eliminated.
 112              	.LVL4:
 113              		.loc 1 60 0
 114 0000 58B1     		cbz	r0, .L15
 115              		.loc 1 64 0
 116 0002 0128     		cmp	r0, #1
 117 0004 00D0     		beq	.L16
 118 0006 7047     		bx	lr
 119              	.L16:
 120              		.loc 1 66 0
 121 0008 4FF44063 		mov	r3, #3072
 122 000c C4F20203 		movt	r3, 16386
 123 0010 5A69     		ldr	r2, [r3, #20]
 124 0012 82F01000 		eor	r0, r2, #16
 125              	.LVL5:
 126 0016 5861     		str	r0, [r3, #20]
 127 0018 7047     		bx	lr
 128              	.LVL6:
 129              	.L15:
 130              		.loc 1 62 0
 131 001a 4FF48051 		mov	r1, #4096
 132 001e C4F20201 		movt	r1, 16386
 133 0022 4B69     		ldr	r3, [r1, #20]
 134 0024 83F40042 		eor	r2, r3, #32768
 135 0028 4A61     		str	r2, [r1, #20]
 136 002a 7047     		bx	lr
 137              		.cfi_endproc
 138              	.LFE121:
 139              		.size	led_toggle, .-led_toggle
 140 002c AFF30080 		.section	.text.button_get,"ax",%progbits
 141              		.align	2
 142              		.p2align 4,,15
 143              		.global	button_get
 144              		.thumb
 145              		.thumb_func
 146              		.type	button_get, %function
 147              	button_get:
 148              	.LFB122:
 149              		.loc 1 90 0
 150              		.cfi_startproc
 151              		@ args = 0, pretend = 0, frame = 0
 152              		@ frame_needed = 0, uses_anonymous_args = 0
 153              		@ link register save eliminated.
 154              	.LVL7:
 155              		.loc 1 91 0
 156 0000 48B9     		cbnz	r0, .L23
 157              	.LBB4:
 158              	.LBB5:
 159              		.loc 1 94 0
 160 0002 4FF44062 		mov	r2, #3072
 161 0006 C4F20202 		movt	r2, 16386
 162 000a 1369     		ldr	r3, [r2, #16]
 163 000c C3F38020 		ubfx	r0, r3, #10, #1
 164              	.LVL8:
 165 0010 80F00100 		eor	r0, r0, #1
 166 0014 7047     		bx	lr
 167              	.LVL9:
ARM GAS  /var/folders/ng/s8655sgx1ys_4lf9jzm2w6n00000gn/T//cc0vFaXt.s 			page 4


 168              	.L23:
 169              	.LBE5:
 170              	.LBE4:
 171              		.loc 1 91 0
 172 0016 0128     		cmp	r0, #1
 173 0018 01D0     		beq	.L24
 174              		.loc 1 98 0
 175 001a 0020     		movs	r0, #0
 176              	.LVL10:
 177              		.loc 1 100 0
 178 001c 7047     		bx	lr
 179              	.LVL11:
 180              	.L24:
 181              		.loc 1 96 0
 182 001e 4FF44063 		mov	r3, #3072
 183 0022 C4F20203 		movt	r3, 16386
 184 0026 1869     		ldr	r0, [r3, #16]
 185              	.LVL12:
 186 0028 C0F3C021 		ubfx	r1, r0, #11, #1
 187 002c 81F00100 		eor	r0, r1, #1
 188 0030 7047     		bx	lr
 189              		.cfi_endproc
 190              	.LFE122:
 191              		.size	button_get, .-button_get
 192 0032 00BFAFF3 		.section	.text.button_wait,"ax",%progbits
 192      0080AFF3 
 192      0080AFF3 
 192      0080
 193              		.align	2
 194              		.p2align 4,,15
 195              		.global	button_wait
 196              		.thumb
 197              		.thumb_func
 198              		.type	button_wait, %function
 199              	button_wait:
 200              	.LFB123:
 201              		.loc 1 108 0
 202              		.cfi_startproc
 203              		@ args = 0, pretend = 0, frame = 0
 204              		@ frame_needed = 0, uses_anonymous_args = 0
 205              	.LVL13:
 206 0000 10B5     		push	{r4, lr}
 207              	.LCFI0:
 208              		.cfi_def_cfa_offset 8
 209              		.cfi_offset 4, -8
 210              		.cfi_offset 14, -4
 211              		.loc 1 108 0
 212 0002 0446     		mov	r4, r0
 213              		.loc 1 110 0
 214 0004 02E0     		b	.L26
 215              	.LVL14:
 216              	.L27:
 217              		.loc 1 111 0
 218 0006 0120     		movs	r0, #1
 219 0008 FFF7FEFF 		bl	chThdSleep
 220              	.LVL15:
 221              	.L26:
ARM GAS  /var/folders/ng/s8655sgx1ys_4lf9jzm2w6n00000gn/T//cc0vFaXt.s 			page 5


 222              		.loc 1 110 0 discriminator 1
 223 000c 2046     		mov	r0, r4
 224 000e FFF7FEFF 		bl	button_get
 225              	.LVL16:
 226 0012 0028     		cmp	r0, #0
 227 0014 F7D0     		beq	.L27
 228              		.loc 1 113 0
 229 0016 1E20     		movs	r0, #30
 230 0018 FFF7FEFF 		bl	chThdSleep
 231              	.LVL17:
 232              		.loc 1 115 0
 233 001c 02E0     		b	.L28
 234              	.L29:
 235              		.loc 1 116 0
 236 001e 0120     		movs	r0, #1
 237 0020 FFF7FEFF 		bl	chThdSleep
 238              	.LVL18:
 239              	.L28:
 240              		.loc 1 115 0 discriminator 1
 241 0024 2046     		mov	r0, r4
 242 0026 FFF7FEFF 		bl	button_get
 243              	.LVL19:
 244 002a 0028     		cmp	r0, #0
 245 002c F7D1     		bne	.L29
 246              		.loc 1 118 0
 247 002e 1E20     		movs	r0, #30
 248              		.loc 1 119 0
 249 0030 BDE81040 		pop	{r4, lr}
 250              		.loc 1 118 0
 251 0034 FFF7FEBF 		b	chThdSleep
 252              	.LVL20:
 253              		.cfi_endproc
 254              	.LFE123:
 255              		.size	button_wait, .-button_wait
 256 0038 AFF30080 		.text
 256      AFF30080 
 257              	.Letext0:
 258              		.file 2 "/Users/jseng/gccarm/bin/../lib/gcc/arm-none-eabi/4.7.4/../../../../arm-none-eabi/include/
 259              		.file 3 "../AithonLibrary/ChibiOS/os/ports/GCC/ARMCMx/chtypes.h"
 260              		.file 4 "../AithonLibrary/ChibiOS/os/hal/platforms/STM32/GPIOv2/pal_lld.h"
 261              		.file 5 "../AithonLibrary/ChibiOS/os/ports/common/ARMCMx/CMSIS/include/core_cm4.h"
 262              		.file 6 "../AithonLibrary/ChibiOS/os/kernel/include/chthreads.h"
 263              		.section	.debug_info,"",%progbits
 264              	.Ldebug_info0:
 265 0000 63030000 		.4byte	0x363
 266 0004 0200     		.2byte	0x2
 267 0006 00000000 		.4byte	.Ldebug_abbrev0
 268 000a 04       		.byte	0x4
 269 000b 01       		.uleb128 0x1
 270 000c C8000000 		.4byte	.LASF32
 271 0010 01       		.byte	0x1
 272 0011 11010000 		.4byte	.LASF33
 273 0015 95010000 		.4byte	.LASF34
 274 0019 00000000 		.4byte	.Ldebug_ranges0+0
 275 001d 00000000 		.4byte	0
 276 0021 00000000 		.4byte	0
 277 0025 00000000 		.4byte	.Ldebug_line0
ARM GAS  /var/folders/ng/s8655sgx1ys_4lf9jzm2w6n00000gn/T//cc0vFaXt.s 			page 6


 278 0029 02       		.uleb128 0x2
 279 002a 04       		.byte	0x4
 280 002b 05       		.byte	0x5
 281 002c 696E7400 		.ascii	"int\000"
 282 0030 03       		.uleb128 0x3
 283 0031 04       		.byte	0x4
 284 0032 07       		.byte	0x7
 285 0033 45010000 		.4byte	.LASF0
 286 0037 03       		.uleb128 0x3
 287 0038 01       		.byte	0x1
 288 0039 06       		.byte	0x6
 289 003a CD010000 		.4byte	.LASF1
 290 003e 03       		.uleb128 0x3
 291 003f 01       		.byte	0x1
 292 0040 08       		.byte	0x8
 293 0041 60000000 		.4byte	.LASF2
 294 0045 03       		.uleb128 0x3
 295 0046 02       		.byte	0x2
 296 0047 05       		.byte	0x5
 297 0048 3B010000 		.4byte	.LASF3
 298 004c 04       		.uleb128 0x4
 299 004d B2010000 		.4byte	.LASF5
 300 0051 02       		.byte	0x2
 301 0052 36       		.byte	0x36
 302 0053 57000000 		.4byte	0x57
 303 0057 03       		.uleb128 0x3
 304 0058 02       		.byte	0x2
 305 0059 07       		.byte	0x7
 306 005a 98000000 		.4byte	.LASF4
 307 005e 04       		.uleb128 0x4
 308 005f 64010000 		.4byte	.LASF6
 309 0063 02       		.byte	0x2
 310 0064 4F       		.byte	0x4f
 311 0065 69000000 		.4byte	0x69
 312 0069 03       		.uleb128 0x3
 313 006a 04       		.byte	0x4
 314 006b 05       		.byte	0x5
 315 006c C4010000 		.4byte	.LASF7
 316 0070 04       		.uleb128 0x4
 317 0071 BB010000 		.4byte	.LASF8
 318 0075 02       		.byte	0x2
 319 0076 50       		.byte	0x50
 320 0077 7B000000 		.4byte	0x7b
 321 007b 03       		.uleb128 0x3
 322 007c 04       		.byte	0x4
 323 007d 07       		.byte	0x7
 324 007e 86000000 		.4byte	.LASF9
 325 0082 03       		.uleb128 0x3
 326 0083 08       		.byte	0x8
 327 0084 05       		.byte	0x5
 328 0085 81010000 		.4byte	.LASF10
 329 0089 03       		.uleb128 0x3
 330 008a 08       		.byte	0x8
 331 008b 07       		.byte	0x7
 332 008c 49000000 		.4byte	.LASF11
 333 0090 04       		.uleb128 0x4
 334 0091 2E000000 		.4byte	.LASF12
ARM GAS  /var/folders/ng/s8655sgx1ys_4lf9jzm2w6n00000gn/T//cc0vFaXt.s 			page 7


 335 0095 03       		.byte	0x3
 336 0096 2B       		.byte	0x2b
 337 0097 9B000000 		.4byte	0x9b
 338 009b 03       		.uleb128 0x3
 339 009c 01       		.byte	0x1
 340 009d 02       		.byte	0x2
 341 009e D9010000 		.4byte	.LASF13
 342 00a2 04       		.uleb128 0x4
 343 00a3 14000000 		.4byte	.LASF14
 344 00a7 03       		.byte	0x3
 345 00a8 35       		.byte	0x35
 346 00a9 70000000 		.4byte	0x70
 347 00ad 05       		.uleb128 0x5
 348 00ae 70000000 		.4byte	0x70
 349 00b2 03       		.uleb128 0x3
 350 00b3 04       		.byte	0x4
 351 00b4 07       		.byte	0x7
 352 00b5 6C010000 		.4byte	.LASF15
 353 00b9 03       		.uleb128 0x3
 354 00ba 01       		.byte	0x1
 355 00bb 08       		.byte	0x8
 356 00bc 5F010000 		.4byte	.LASF16
 357 00c0 05       		.uleb128 0x5
 358 00c1 5E000000 		.4byte	0x5e
 359 00c5 06       		.uleb128 0x6
 360 00c6 04       		.byte	0x4
 361 00c7 04       		.byte	0x4
 362 00c8 96       		.byte	0x96
 363 00c9 EA000000 		.4byte	0xea
 364 00cd 07       		.uleb128 0x7
 365 00ce 73657400 		.ascii	"set\000"
 366 00d2 04       		.byte	0x4
 367 00d3 97       		.byte	0x97
 368 00d4 4C000000 		.4byte	0x4c
 369 00d8 02       		.byte	0x2
 370 00d9 23       		.byte	0x23
 371 00da 00       		.uleb128 0
 372 00db 08       		.uleb128 0x8
 373 00dc 08000000 		.4byte	.LASF17
 374 00e0 04       		.byte	0x4
 375 00e1 98       		.byte	0x98
 376 00e2 4C000000 		.4byte	0x4c
 377 00e6 02       		.byte	0x2
 378 00e7 23       		.byte	0x23
 379 00e8 02       		.uleb128 0x2
 380 00e9 00       		.byte	0
 381 00ea 09       		.uleb128 0x9
 382 00eb 04       		.byte	0x4
 383 00ec 04       		.byte	0x4
 384 00ed 94       		.byte	0x94
 385 00ee 05010000 		.4byte	0x105
 386 00f2 0A       		.uleb128 0xa
 387 00f3 5700     		.ascii	"W\000"
 388 00f5 04       		.byte	0x4
 389 00f6 95       		.byte	0x95
 390 00f7 70000000 		.4byte	0x70
 391 00fb 0A       		.uleb128 0xa
ARM GAS  /var/folders/ng/s8655sgx1ys_4lf9jzm2w6n00000gn/T//cc0vFaXt.s 			page 8


 392 00fc 4800     		.ascii	"H\000"
 393 00fe 04       		.byte	0x4
 394 00ff 99       		.byte	0x99
 395 0100 C5000000 		.4byte	0xc5
 396 0104 00       		.byte	0
 397 0105 06       		.uleb128 0x6
 398 0106 28       		.byte	0x28
 399 0107 04       		.byte	0x4
 400 0108 8C       		.byte	0x8c
 401 0109 9A010000 		.4byte	0x19a
 402 010d 08       		.uleb128 0x8
 403 010e 0E000000 		.4byte	.LASF18
 404 0112 04       		.byte	0x4
 405 0113 8E       		.byte	0x8e
 406 0114 AD000000 		.4byte	0xad
 407 0118 02       		.byte	0x2
 408 0119 23       		.byte	0x23
 409 011a 00       		.uleb128 0
 410 011b 08       		.uleb128 0x8
 411 011c 42000000 		.4byte	.LASF19
 412 0120 04       		.byte	0x4
 413 0121 8F       		.byte	0x8f
 414 0122 AD000000 		.4byte	0xad
 415 0126 02       		.byte	0x2
 416 0127 23       		.byte	0x23
 417 0128 04       		.uleb128 0x4
 418 0129 08       		.uleb128 0x8
 419 012a 00000000 		.4byte	.LASF20
 420 012e 04       		.byte	0x4
 421 012f 90       		.byte	0x90
 422 0130 AD000000 		.4byte	0xad
 423 0134 02       		.byte	0x2
 424 0135 23       		.byte	0x23
 425 0136 08       		.uleb128 0x8
 426 0137 08       		.uleb128 0x8
 427 0138 8F010000 		.4byte	.LASF21
 428 013c 04       		.byte	0x4
 429 013d 91       		.byte	0x91
 430 013e AD000000 		.4byte	0xad
 431 0142 02       		.byte	0x2
 432 0143 23       		.byte	0x23
 433 0144 0C       		.uleb128 0xc
 434 0145 07       		.uleb128 0x7
 435 0146 49445200 		.ascii	"IDR\000"
 436 014a 04       		.byte	0x4
 437 014b 92       		.byte	0x92
 438 014c AD000000 		.4byte	0xad
 439 0150 02       		.byte	0x2
 440 0151 23       		.byte	0x23
 441 0152 10       		.uleb128 0x10
 442 0153 07       		.uleb128 0x7
 443 0154 4F445200 		.ascii	"ODR\000"
 444 0158 04       		.byte	0x4
 445 0159 93       		.byte	0x93
 446 015a AD000000 		.4byte	0xad
 447 015e 02       		.byte	0x2
 448 015f 23       		.byte	0x23
ARM GAS  /var/folders/ng/s8655sgx1ys_4lf9jzm2w6n00000gn/T//cc0vFaXt.s 			page 9


 449 0160 14       		.uleb128 0x14
 450 0161 08       		.uleb128 0x8
 451 0162 1E000000 		.4byte	.LASF22
 452 0166 04       		.byte	0x4
 453 0167 9A       		.byte	0x9a
 454 0168 9A010000 		.4byte	0x19a
 455 016c 02       		.byte	0x2
 456 016d 23       		.byte	0x23
 457 016e 18       		.uleb128 0x18
 458 016f 08       		.uleb128 0x8
 459 0170 DF010000 		.4byte	.LASF23
 460 0174 04       		.byte	0x4
 461 0175 9B       		.byte	0x9b
 462 0176 AD000000 		.4byte	0xad
 463 017a 02       		.byte	0x2
 464 017b 23       		.byte	0x23
 465 017c 1C       		.uleb128 0x1c
 466 017d 08       		.uleb128 0x8
 467 017e AB000000 		.4byte	.LASF24
 468 0182 04       		.byte	0x4
 469 0183 9C       		.byte	0x9c
 470 0184 AD000000 		.4byte	0xad
 471 0188 02       		.byte	0x2
 472 0189 23       		.byte	0x23
 473 018a 20       		.uleb128 0x20
 474 018b 08       		.uleb128 0x8
 475 018c 81000000 		.4byte	.LASF25
 476 0190 04       		.byte	0x4
 477 0191 9D       		.byte	0x9d
 478 0192 AD000000 		.4byte	0xad
 479 0196 02       		.byte	0x2
 480 0197 23       		.byte	0x23
 481 0198 24       		.uleb128 0x24
 482 0199 00       		.byte	0
 483 019a 05       		.uleb128 0x5
 484 019b EA000000 		.4byte	0xea
 485 019f 04       		.uleb128 0x4
 486 01a0 52010000 		.4byte	.LASF26
 487 01a4 04       		.byte	0x4
 488 01a5 9E       		.byte	0x9e
 489 01a6 05010000 		.4byte	0x105
 490 01aa 04       		.uleb128 0x4
 491 01ab 35000000 		.4byte	.LASF27
 492 01af 04       		.byte	0x4
 493 01b0 F0       		.byte	0xf0
 494 01b1 70000000 		.4byte	0x70
 495 01b5 0B       		.uleb128 0xb
 496 01b6 01       		.byte	0x1
 497 01b7 B0000000 		.4byte	.LASF35
 498 01bb 01       		.byte	0x1
 499 01bc 59       		.byte	0x59
 500 01bd 01       		.byte	0x1
 501 01be 90000000 		.4byte	0x90
 502 01c2 01       		.byte	0x1
 503 01c3 D3010000 		.4byte	0x1d3
 504 01c7 0C       		.uleb128 0xc
 505 01c8 6E756D00 		.ascii	"num\000"
ARM GAS  /var/folders/ng/s8655sgx1ys_4lf9jzm2w6n00000gn/T//cc0vFaXt.s 			page 10


 506 01cc 01       		.byte	0x1
 507 01cd 59       		.byte	0x59
 508 01ce 29000000 		.4byte	0x29
 509 01d2 00       		.byte	0
 510 01d3 0D       		.uleb128 0xd
 511 01d4 01       		.byte	0x1
 512 01d5 2B010000 		.4byte	.LASF28
 513 01d9 01       		.byte	0x1
 514 01da 16       		.byte	0x16
 515 01db 01       		.byte	0x1
 516 01dc 00000000 		.4byte	.LFB119
 517 01e0 26000000 		.4byte	.LFE119
 518 01e4 02       		.byte	0x2
 519 01e5 7D       		.byte	0x7d
 520 01e6 00       		.sleb128 0
 521 01e7 01       		.byte	0x1
 522 01e8 FC010000 		.4byte	0x1fc
 523 01ec 0E       		.uleb128 0xe
 524 01ed 6E756D00 		.ascii	"num\000"
 525 01f1 01       		.byte	0x1
 526 01f2 16       		.byte	0x16
 527 01f3 29000000 		.4byte	0x29
 528 01f7 00000000 		.4byte	.LLST0
 529 01fb 00       		.byte	0
 530 01fc 0D       		.uleb128 0xd
 531 01fd 01       		.byte	0x1
 532 01fe 79000000 		.4byte	.LASF29
 533 0202 01       		.byte	0x1
 534 0203 28       		.byte	0x28
 535 0204 01       		.byte	0x1
 536 0205 00000000 		.4byte	.LFB120
 537 0209 26000000 		.4byte	.LFE120
 538 020d 02       		.byte	0x2
 539 020e 7D       		.byte	0x7d
 540 020f 00       		.sleb128 0
 541 0210 01       		.byte	0x1
 542 0211 25020000 		.4byte	0x225
 543 0215 0E       		.uleb128 0xe
 544 0216 6E756D00 		.ascii	"num\000"
 545 021a 01       		.byte	0x1
 546 021b 28       		.byte	0x28
 547 021c 29000000 		.4byte	0x29
 548 0220 21000000 		.4byte	.LLST1
 549 0224 00       		.byte	0
 550 0225 0D       		.uleb128 0xd
 551 0226 01       		.byte	0x1
 552 0227 23000000 		.4byte	.LASF30
 553 022b 01       		.byte	0x1
 554 022c 3A       		.byte	0x3a
 555 022d 01       		.byte	0x1
 556 022e 00000000 		.4byte	.LFB121
 557 0232 2C000000 		.4byte	.LFE121
 558 0236 02       		.byte	0x2
 559 0237 7D       		.byte	0x7d
 560 0238 00       		.sleb128 0
 561 0239 01       		.byte	0x1
 562 023a 4E020000 		.4byte	0x24e
ARM GAS  /var/folders/ng/s8655sgx1ys_4lf9jzm2w6n00000gn/T//cc0vFaXt.s 			page 11


 563 023e 0E       		.uleb128 0xe
 564 023f 6E756D00 		.ascii	"num\000"
 565 0243 01       		.byte	0x1
 566 0244 3A       		.byte	0x3a
 567 0245 29000000 		.4byte	0x29
 568 0249 42000000 		.4byte	.LLST2
 569 024d 00       		.byte	0
 570 024e 0F       		.uleb128 0xf
 571 024f B5010000 		.4byte	0x1b5
 572 0253 00000000 		.4byte	.LFB122
 573 0257 32000000 		.4byte	.LFE122
 574 025b 02       		.byte	0x2
 575 025c 7D       		.byte	0x7d
 576 025d 00       		.sleb128 0
 577 025e 01       		.byte	0x1
 578 025f 8C020000 		.4byte	0x28c
 579 0263 10       		.uleb128 0x10
 580 0264 C7010000 		.4byte	0x1c7
 581 0268 6E000000 		.4byte	.LLST3
 582 026c 11       		.uleb128 0x11
 583 026d B5010000 		.4byte	0x1b5
 584 0271 02000000 		.4byte	.LBB4
 585 0275 16000000 		.4byte	.LBE4
 586 0279 01       		.byte	0x1
 587 027a 59       		.byte	0x59
 588 027b 12       		.uleb128 0x12
 589 027c 02000000 		.4byte	.LBB5
 590 0280 16000000 		.4byte	.LBE5
 591 0284 13       		.uleb128 0x13
 592 0285 C7010000 		.4byte	0x1c7
 593 0289 00       		.byte	0
 594 028a 00       		.byte	0
 595 028b 00       		.byte	0
 596 028c 14       		.uleb128 0x14
 597 028d 01       		.byte	0x1
 598 028e 75010000 		.4byte	.LASF31
 599 0292 01       		.byte	0x1
 600 0293 6B       		.byte	0x6b
 601 0294 01       		.byte	0x1
 602 0295 00000000 		.4byte	.LFB123
 603 0299 38000000 		.4byte	.LFE123
 604 029d C1000000 		.4byte	.LLST4
 605 02a1 01       		.byte	0x1
 606 02a2 27030000 		.4byte	0x327
 607 02a6 0E       		.uleb128 0xe
 608 02a7 6E756D00 		.ascii	"num\000"
 609 02ab 01       		.byte	0x1
 610 02ac 6B       		.byte	0x6b
 611 02ad 29000000 		.4byte	0x29
 612 02b1 E1000000 		.4byte	.LLST5
 613 02b5 15       		.uleb128 0x15
 614 02b6 0C000000 		.4byte	.LVL15
 615 02ba 55030000 		.4byte	0x355
 616 02be C8020000 		.4byte	0x2c8
 617 02c2 16       		.uleb128 0x16
 618 02c3 01       		.byte	0x1
 619 02c4 50       		.byte	0x50
ARM GAS  /var/folders/ng/s8655sgx1ys_4lf9jzm2w6n00000gn/T//cc0vFaXt.s 			page 12


 620 02c5 01       		.byte	0x1
 621 02c6 31       		.byte	0x31
 622 02c7 00       		.byte	0
 623 02c8 15       		.uleb128 0x15
 624 02c9 12000000 		.4byte	.LVL16
 625 02cd B5010000 		.4byte	0x1b5
 626 02d1 DC020000 		.4byte	0x2dc
 627 02d5 16       		.uleb128 0x16
 628 02d6 01       		.byte	0x1
 629 02d7 50       		.byte	0x50
 630 02d8 02       		.byte	0x2
 631 02d9 74       		.byte	0x74
 632 02da 00       		.sleb128 0
 633 02db 00       		.byte	0
 634 02dc 15       		.uleb128 0x15
 635 02dd 1C000000 		.4byte	.LVL17
 636 02e1 55030000 		.4byte	0x355
 637 02e5 EF020000 		.4byte	0x2ef
 638 02e9 16       		.uleb128 0x16
 639 02ea 01       		.byte	0x1
 640 02eb 50       		.byte	0x50
 641 02ec 01       		.byte	0x1
 642 02ed 4E       		.byte	0x4e
 643 02ee 00       		.byte	0
 644 02ef 15       		.uleb128 0x15
 645 02f0 24000000 		.4byte	.LVL18
 646 02f4 55030000 		.4byte	0x355
 647 02f8 02030000 		.4byte	0x302
 648 02fc 16       		.uleb128 0x16
 649 02fd 01       		.byte	0x1
 650 02fe 50       		.byte	0x50
 651 02ff 01       		.byte	0x1
 652 0300 31       		.byte	0x31
 653 0301 00       		.byte	0
 654 0302 15       		.uleb128 0x15
 655 0303 2A000000 		.4byte	.LVL19
 656 0307 B5010000 		.4byte	0x1b5
 657 030b 16030000 		.4byte	0x316
 658 030f 16       		.uleb128 0x16
 659 0310 01       		.byte	0x1
 660 0311 50       		.byte	0x50
 661 0312 02       		.byte	0x2
 662 0313 74       		.byte	0x74
 663 0314 00       		.sleb128 0
 664 0315 00       		.byte	0
 665 0316 17       		.uleb128 0x17
 666 0317 38000000 		.4byte	.LVL20
 667 031b 01       		.byte	0x1
 668 031c 55030000 		.4byte	0x355
 669 0320 16       		.uleb128 0x16
 670 0321 01       		.byte	0x1
 671 0322 50       		.byte	0x50
 672 0323 01       		.byte	0x1
 673 0324 4E       		.byte	0x4e
 674 0325 00       		.byte	0
 675 0326 00       		.byte	0
 676 0327 18       		.uleb128 0x18
ARM GAS  /var/folders/ng/s8655sgx1ys_4lf9jzm2w6n00000gn/T//cc0vFaXt.s 			page 13


 677 0328 29000000 		.4byte	0x29
 678 032c 37030000 		.4byte	0x337
 679 0330 19       		.uleb128 0x19
 680 0331 B2000000 		.4byte	0xb2
 681 0335 01       		.byte	0x1
 682 0336 00       		.byte	0
 683 0337 1A       		.uleb128 0x1a
 684 0338 32010000 		.4byte	.LASF36
 685 033c 01       		.byte	0x1
 686 033d 4F       		.byte	0x4f
 687 033e 42030000 		.4byte	0x342
 688 0342 1B       		.uleb128 0x1b
 689 0343 27030000 		.4byte	0x327
 690 0347 1C       		.uleb128 0x1c
 691 0348 BB000000 		.4byte	.LASF37
 692 034c 05       		.byte	0x5
 693 034d 9806     		.2byte	0x698
 694 034f C0000000 		.4byte	0xc0
 695 0353 01       		.byte	0x1
 696 0354 01       		.byte	0x1
 697 0355 1D       		.uleb128 0x1d
 698 0356 01       		.byte	0x1
 699 0357 6E000000 		.4byte	.LASF38
 700 035b 06       		.byte	0x6
 701 035c 7501     		.2byte	0x175
 702 035e 01       		.byte	0x1
 703 035f 01       		.byte	0x1
 704 0360 1E       		.uleb128 0x1e
 705 0361 A2000000 		.4byte	0xa2
 706 0365 00       		.byte	0
 707 0366 00       		.byte	0
 708              		.section	.debug_abbrev,"",%progbits
 709              	.Ldebug_abbrev0:
 710 0000 01       		.uleb128 0x1
 711 0001 11       		.uleb128 0x11
 712 0002 01       		.byte	0x1
 713 0003 25       		.uleb128 0x25
 714 0004 0E       		.uleb128 0xe
 715 0005 13       		.uleb128 0x13
 716 0006 0B       		.uleb128 0xb
 717 0007 03       		.uleb128 0x3
 718 0008 0E       		.uleb128 0xe
 719 0009 1B       		.uleb128 0x1b
 720 000a 0E       		.uleb128 0xe
 721 000b 55       		.uleb128 0x55
 722 000c 06       		.uleb128 0x6
 723 000d 11       		.uleb128 0x11
 724 000e 01       		.uleb128 0x1
 725 000f 52       		.uleb128 0x52
 726 0010 01       		.uleb128 0x1
 727 0011 10       		.uleb128 0x10
 728 0012 06       		.uleb128 0x6
 729 0013 00       		.byte	0
 730 0014 00       		.byte	0
 731 0015 02       		.uleb128 0x2
 732 0016 24       		.uleb128 0x24
 733 0017 00       		.byte	0
ARM GAS  /var/folders/ng/s8655sgx1ys_4lf9jzm2w6n00000gn/T//cc0vFaXt.s 			page 14


 734 0018 0B       		.uleb128 0xb
 735 0019 0B       		.uleb128 0xb
 736 001a 3E       		.uleb128 0x3e
 737 001b 0B       		.uleb128 0xb
 738 001c 03       		.uleb128 0x3
 739 001d 08       		.uleb128 0x8
 740 001e 00       		.byte	0
 741 001f 00       		.byte	0
 742 0020 03       		.uleb128 0x3
 743 0021 24       		.uleb128 0x24
 744 0022 00       		.byte	0
 745 0023 0B       		.uleb128 0xb
 746 0024 0B       		.uleb128 0xb
 747 0025 3E       		.uleb128 0x3e
 748 0026 0B       		.uleb128 0xb
 749 0027 03       		.uleb128 0x3
 750 0028 0E       		.uleb128 0xe
 751 0029 00       		.byte	0
 752 002a 00       		.byte	0
 753 002b 04       		.uleb128 0x4
 754 002c 16       		.uleb128 0x16
 755 002d 00       		.byte	0
 756 002e 03       		.uleb128 0x3
 757 002f 0E       		.uleb128 0xe
 758 0030 3A       		.uleb128 0x3a
 759 0031 0B       		.uleb128 0xb
 760 0032 3B       		.uleb128 0x3b
 761 0033 0B       		.uleb128 0xb
 762 0034 49       		.uleb128 0x49
 763 0035 13       		.uleb128 0x13
 764 0036 00       		.byte	0
 765 0037 00       		.byte	0
 766 0038 05       		.uleb128 0x5
 767 0039 35       		.uleb128 0x35
 768 003a 00       		.byte	0
 769 003b 49       		.uleb128 0x49
 770 003c 13       		.uleb128 0x13
 771 003d 00       		.byte	0
 772 003e 00       		.byte	0
 773 003f 06       		.uleb128 0x6
 774 0040 13       		.uleb128 0x13
 775 0041 01       		.byte	0x1
 776 0042 0B       		.uleb128 0xb
 777 0043 0B       		.uleb128 0xb
 778 0044 3A       		.uleb128 0x3a
 779 0045 0B       		.uleb128 0xb
 780 0046 3B       		.uleb128 0x3b
 781 0047 0B       		.uleb128 0xb
 782 0048 01       		.uleb128 0x1
 783 0049 13       		.uleb128 0x13
 784 004a 00       		.byte	0
 785 004b 00       		.byte	0
 786 004c 07       		.uleb128 0x7
 787 004d 0D       		.uleb128 0xd
 788 004e 00       		.byte	0
 789 004f 03       		.uleb128 0x3
 790 0050 08       		.uleb128 0x8
ARM GAS  /var/folders/ng/s8655sgx1ys_4lf9jzm2w6n00000gn/T//cc0vFaXt.s 			page 15


 791 0051 3A       		.uleb128 0x3a
 792 0052 0B       		.uleb128 0xb
 793 0053 3B       		.uleb128 0x3b
 794 0054 0B       		.uleb128 0xb
 795 0055 49       		.uleb128 0x49
 796 0056 13       		.uleb128 0x13
 797 0057 38       		.uleb128 0x38
 798 0058 0A       		.uleb128 0xa
 799 0059 00       		.byte	0
 800 005a 00       		.byte	0
 801 005b 08       		.uleb128 0x8
 802 005c 0D       		.uleb128 0xd
 803 005d 00       		.byte	0
 804 005e 03       		.uleb128 0x3
 805 005f 0E       		.uleb128 0xe
 806 0060 3A       		.uleb128 0x3a
 807 0061 0B       		.uleb128 0xb
 808 0062 3B       		.uleb128 0x3b
 809 0063 0B       		.uleb128 0xb
 810 0064 49       		.uleb128 0x49
 811 0065 13       		.uleb128 0x13
 812 0066 38       		.uleb128 0x38
 813 0067 0A       		.uleb128 0xa
 814 0068 00       		.byte	0
 815 0069 00       		.byte	0
 816 006a 09       		.uleb128 0x9
 817 006b 17       		.uleb128 0x17
 818 006c 01       		.byte	0x1
 819 006d 0B       		.uleb128 0xb
 820 006e 0B       		.uleb128 0xb
 821 006f 3A       		.uleb128 0x3a
 822 0070 0B       		.uleb128 0xb
 823 0071 3B       		.uleb128 0x3b
 824 0072 0B       		.uleb128 0xb
 825 0073 01       		.uleb128 0x1
 826 0074 13       		.uleb128 0x13
 827 0075 00       		.byte	0
 828 0076 00       		.byte	0
 829 0077 0A       		.uleb128 0xa
 830 0078 0D       		.uleb128 0xd
 831 0079 00       		.byte	0
 832 007a 03       		.uleb128 0x3
 833 007b 08       		.uleb128 0x8
 834 007c 3A       		.uleb128 0x3a
 835 007d 0B       		.uleb128 0xb
 836 007e 3B       		.uleb128 0x3b
 837 007f 0B       		.uleb128 0xb
 838 0080 49       		.uleb128 0x49
 839 0081 13       		.uleb128 0x13
 840 0082 00       		.byte	0
 841 0083 00       		.byte	0
 842 0084 0B       		.uleb128 0xb
 843 0085 2E       		.uleb128 0x2e
 844 0086 01       		.byte	0x1
 845 0087 3F       		.uleb128 0x3f
 846 0088 0C       		.uleb128 0xc
 847 0089 03       		.uleb128 0x3
ARM GAS  /var/folders/ng/s8655sgx1ys_4lf9jzm2w6n00000gn/T//cc0vFaXt.s 			page 16


 848 008a 0E       		.uleb128 0xe
 849 008b 3A       		.uleb128 0x3a
 850 008c 0B       		.uleb128 0xb
 851 008d 3B       		.uleb128 0x3b
 852 008e 0B       		.uleb128 0xb
 853 008f 27       		.uleb128 0x27
 854 0090 0C       		.uleb128 0xc
 855 0091 49       		.uleb128 0x49
 856 0092 13       		.uleb128 0x13
 857 0093 20       		.uleb128 0x20
 858 0094 0B       		.uleb128 0xb
 859 0095 01       		.uleb128 0x1
 860 0096 13       		.uleb128 0x13
 861 0097 00       		.byte	0
 862 0098 00       		.byte	0
 863 0099 0C       		.uleb128 0xc
 864 009a 05       		.uleb128 0x5
 865 009b 00       		.byte	0
 866 009c 03       		.uleb128 0x3
 867 009d 08       		.uleb128 0x8
 868 009e 3A       		.uleb128 0x3a
 869 009f 0B       		.uleb128 0xb
 870 00a0 3B       		.uleb128 0x3b
 871 00a1 0B       		.uleb128 0xb
 872 00a2 49       		.uleb128 0x49
 873 00a3 13       		.uleb128 0x13
 874 00a4 00       		.byte	0
 875 00a5 00       		.byte	0
 876 00a6 0D       		.uleb128 0xd
 877 00a7 2E       		.uleb128 0x2e
 878 00a8 01       		.byte	0x1
 879 00a9 3F       		.uleb128 0x3f
 880 00aa 0C       		.uleb128 0xc
 881 00ab 03       		.uleb128 0x3
 882 00ac 0E       		.uleb128 0xe
 883 00ad 3A       		.uleb128 0x3a
 884 00ae 0B       		.uleb128 0xb
 885 00af 3B       		.uleb128 0x3b
 886 00b0 0B       		.uleb128 0xb
 887 00b1 27       		.uleb128 0x27
 888 00b2 0C       		.uleb128 0xc
 889 00b3 11       		.uleb128 0x11
 890 00b4 01       		.uleb128 0x1
 891 00b5 12       		.uleb128 0x12
 892 00b6 01       		.uleb128 0x1
 893 00b7 40       		.uleb128 0x40
 894 00b8 0A       		.uleb128 0xa
 895 00b9 9742     		.uleb128 0x2117
 896 00bb 0C       		.uleb128 0xc
 897 00bc 01       		.uleb128 0x1
 898 00bd 13       		.uleb128 0x13
 899 00be 00       		.byte	0
 900 00bf 00       		.byte	0
 901 00c0 0E       		.uleb128 0xe
 902 00c1 05       		.uleb128 0x5
 903 00c2 00       		.byte	0
 904 00c3 03       		.uleb128 0x3
ARM GAS  /var/folders/ng/s8655sgx1ys_4lf9jzm2w6n00000gn/T//cc0vFaXt.s 			page 17


 905 00c4 08       		.uleb128 0x8
 906 00c5 3A       		.uleb128 0x3a
 907 00c6 0B       		.uleb128 0xb
 908 00c7 3B       		.uleb128 0x3b
 909 00c8 0B       		.uleb128 0xb
 910 00c9 49       		.uleb128 0x49
 911 00ca 13       		.uleb128 0x13
 912 00cb 02       		.uleb128 0x2
 913 00cc 06       		.uleb128 0x6
 914 00cd 00       		.byte	0
 915 00ce 00       		.byte	0
 916 00cf 0F       		.uleb128 0xf
 917 00d0 2E       		.uleb128 0x2e
 918 00d1 01       		.byte	0x1
 919 00d2 31       		.uleb128 0x31
 920 00d3 13       		.uleb128 0x13
 921 00d4 11       		.uleb128 0x11
 922 00d5 01       		.uleb128 0x1
 923 00d6 12       		.uleb128 0x12
 924 00d7 01       		.uleb128 0x1
 925 00d8 40       		.uleb128 0x40
 926 00d9 0A       		.uleb128 0xa
 927 00da 9742     		.uleb128 0x2117
 928 00dc 0C       		.uleb128 0xc
 929 00dd 01       		.uleb128 0x1
 930 00de 13       		.uleb128 0x13
 931 00df 00       		.byte	0
 932 00e0 00       		.byte	0
 933 00e1 10       		.uleb128 0x10
 934 00e2 05       		.uleb128 0x5
 935 00e3 00       		.byte	0
 936 00e4 31       		.uleb128 0x31
 937 00e5 13       		.uleb128 0x13
 938 00e6 02       		.uleb128 0x2
 939 00e7 06       		.uleb128 0x6
 940 00e8 00       		.byte	0
 941 00e9 00       		.byte	0
 942 00ea 11       		.uleb128 0x11
 943 00eb 1D       		.uleb128 0x1d
 944 00ec 01       		.byte	0x1
 945 00ed 31       		.uleb128 0x31
 946 00ee 13       		.uleb128 0x13
 947 00ef 11       		.uleb128 0x11
 948 00f0 01       		.uleb128 0x1
 949 00f1 12       		.uleb128 0x12
 950 00f2 01       		.uleb128 0x1
 951 00f3 58       		.uleb128 0x58
 952 00f4 0B       		.uleb128 0xb
 953 00f5 59       		.uleb128 0x59
 954 00f6 0B       		.uleb128 0xb
 955 00f7 00       		.byte	0
 956 00f8 00       		.byte	0
 957 00f9 12       		.uleb128 0x12
 958 00fa 0B       		.uleb128 0xb
 959 00fb 01       		.byte	0x1
 960 00fc 11       		.uleb128 0x11
 961 00fd 01       		.uleb128 0x1
ARM GAS  /var/folders/ng/s8655sgx1ys_4lf9jzm2w6n00000gn/T//cc0vFaXt.s 			page 18


 962 00fe 12       		.uleb128 0x12
 963 00ff 01       		.uleb128 0x1
 964 0100 00       		.byte	0
 965 0101 00       		.byte	0
 966 0102 13       		.uleb128 0x13
 967 0103 05       		.uleb128 0x5
 968 0104 00       		.byte	0
 969 0105 31       		.uleb128 0x31
 970 0106 13       		.uleb128 0x13
 971 0107 00       		.byte	0
 972 0108 00       		.byte	0
 973 0109 14       		.uleb128 0x14
 974 010a 2E       		.uleb128 0x2e
 975 010b 01       		.byte	0x1
 976 010c 3F       		.uleb128 0x3f
 977 010d 0C       		.uleb128 0xc
 978 010e 03       		.uleb128 0x3
 979 010f 0E       		.uleb128 0xe
 980 0110 3A       		.uleb128 0x3a
 981 0111 0B       		.uleb128 0xb
 982 0112 3B       		.uleb128 0x3b
 983 0113 0B       		.uleb128 0xb
 984 0114 27       		.uleb128 0x27
 985 0115 0C       		.uleb128 0xc
 986 0116 11       		.uleb128 0x11
 987 0117 01       		.uleb128 0x1
 988 0118 12       		.uleb128 0x12
 989 0119 01       		.uleb128 0x1
 990 011a 40       		.uleb128 0x40
 991 011b 06       		.uleb128 0x6
 992 011c 9742     		.uleb128 0x2117
 993 011e 0C       		.uleb128 0xc
 994 011f 01       		.uleb128 0x1
 995 0120 13       		.uleb128 0x13
 996 0121 00       		.byte	0
 997 0122 00       		.byte	0
 998 0123 15       		.uleb128 0x15
 999 0124 898201   		.uleb128 0x4109
 1000 0127 01       		.byte	0x1
 1001 0128 11       		.uleb128 0x11
 1002 0129 01       		.uleb128 0x1
 1003 012a 31       		.uleb128 0x31
 1004 012b 13       		.uleb128 0x13
 1005 012c 01       		.uleb128 0x1
 1006 012d 13       		.uleb128 0x13
 1007 012e 00       		.byte	0
 1008 012f 00       		.byte	0
 1009 0130 16       		.uleb128 0x16
 1010 0131 8A8201   		.uleb128 0x410a
 1011 0134 00       		.byte	0
 1012 0135 02       		.uleb128 0x2
 1013 0136 0A       		.uleb128 0xa
 1014 0137 9142     		.uleb128 0x2111
 1015 0139 0A       		.uleb128 0xa
 1016 013a 00       		.byte	0
 1017 013b 00       		.byte	0
 1018 013c 17       		.uleb128 0x17
ARM GAS  /var/folders/ng/s8655sgx1ys_4lf9jzm2w6n00000gn/T//cc0vFaXt.s 			page 19


 1019 013d 898201   		.uleb128 0x4109
 1020 0140 01       		.byte	0x1
 1021 0141 11       		.uleb128 0x11
 1022 0142 01       		.uleb128 0x1
 1023 0143 9542     		.uleb128 0x2115
 1024 0145 0C       		.uleb128 0xc
 1025 0146 31       		.uleb128 0x31
 1026 0147 13       		.uleb128 0x13
 1027 0148 00       		.byte	0
 1028 0149 00       		.byte	0
 1029 014a 18       		.uleb128 0x18
 1030 014b 01       		.uleb128 0x1
 1031 014c 01       		.byte	0x1
 1032 014d 49       		.uleb128 0x49
 1033 014e 13       		.uleb128 0x13
 1034 014f 01       		.uleb128 0x1
 1035 0150 13       		.uleb128 0x13
 1036 0151 00       		.byte	0
 1037 0152 00       		.byte	0
 1038 0153 19       		.uleb128 0x19
 1039 0154 21       		.uleb128 0x21
 1040 0155 00       		.byte	0
 1041 0156 49       		.uleb128 0x49
 1042 0157 13       		.uleb128 0x13
 1043 0158 2F       		.uleb128 0x2f
 1044 0159 0B       		.uleb128 0xb
 1045 015a 00       		.byte	0
 1046 015b 00       		.byte	0
 1047 015c 1A       		.uleb128 0x1a
 1048 015d 34       		.uleb128 0x34
 1049 015e 00       		.byte	0
 1050 015f 03       		.uleb128 0x3
 1051 0160 0E       		.uleb128 0xe
 1052 0161 3A       		.uleb128 0x3a
 1053 0162 0B       		.uleb128 0xb
 1054 0163 3B       		.uleb128 0x3b
 1055 0164 0B       		.uleb128 0xb
 1056 0165 49       		.uleb128 0x49
 1057 0166 13       		.uleb128 0x13
 1058 0167 00       		.byte	0
 1059 0168 00       		.byte	0
 1060 0169 1B       		.uleb128 0x1b
 1061 016a 26       		.uleb128 0x26
 1062 016b 00       		.byte	0
 1063 016c 49       		.uleb128 0x49
 1064 016d 13       		.uleb128 0x13
 1065 016e 00       		.byte	0
 1066 016f 00       		.byte	0
 1067 0170 1C       		.uleb128 0x1c
 1068 0171 34       		.uleb128 0x34
 1069 0172 00       		.byte	0
 1070 0173 03       		.uleb128 0x3
 1071 0174 0E       		.uleb128 0xe
 1072 0175 3A       		.uleb128 0x3a
 1073 0176 0B       		.uleb128 0xb
 1074 0177 3B       		.uleb128 0x3b
 1075 0178 05       		.uleb128 0x5
ARM GAS  /var/folders/ng/s8655sgx1ys_4lf9jzm2w6n00000gn/T//cc0vFaXt.s 			page 20


 1076 0179 49       		.uleb128 0x49
 1077 017a 13       		.uleb128 0x13
 1078 017b 3F       		.uleb128 0x3f
 1079 017c 0C       		.uleb128 0xc
 1080 017d 3C       		.uleb128 0x3c
 1081 017e 0C       		.uleb128 0xc
 1082 017f 00       		.byte	0
 1083 0180 00       		.byte	0
 1084 0181 1D       		.uleb128 0x1d
 1085 0182 2E       		.uleb128 0x2e
 1086 0183 01       		.byte	0x1
 1087 0184 3F       		.uleb128 0x3f
 1088 0185 0C       		.uleb128 0xc
 1089 0186 03       		.uleb128 0x3
 1090 0187 0E       		.uleb128 0xe
 1091 0188 3A       		.uleb128 0x3a
 1092 0189 0B       		.uleb128 0xb
 1093 018a 3B       		.uleb128 0x3b
 1094 018b 05       		.uleb128 0x5
 1095 018c 27       		.uleb128 0x27
 1096 018d 0C       		.uleb128 0xc
 1097 018e 3C       		.uleb128 0x3c
 1098 018f 0C       		.uleb128 0xc
 1099 0190 00       		.byte	0
 1100 0191 00       		.byte	0
 1101 0192 1E       		.uleb128 0x1e
 1102 0193 05       		.uleb128 0x5
 1103 0194 00       		.byte	0
 1104 0195 49       		.uleb128 0x49
 1105 0196 13       		.uleb128 0x13
 1106 0197 00       		.byte	0
 1107 0198 00       		.byte	0
 1108 0199 00       		.byte	0
 1109              		.section	.debug_loc,"",%progbits
 1110              	.Ldebug_loc0:
 1111              	.LLST0:
 1112 0000 00000000 		.4byte	.LVL0
 1113 0004 1A000000 		.4byte	.LVL1
 1114 0008 0100     		.2byte	0x1
 1115 000a 50       		.byte	0x50
 1116 000b 1A000000 		.4byte	.LVL1
 1117 000f 26000000 		.4byte	.LFE119
 1118 0013 0400     		.2byte	0x4
 1119 0015 F3       		.byte	0xf3
 1120 0016 01       		.uleb128 0x1
 1121 0017 50       		.byte	0x50
 1122 0018 9F       		.byte	0x9f
 1123 0019 00000000 		.4byte	0
 1124 001d 00000000 		.4byte	0
 1125              	.LLST1:
 1126 0021 00000000 		.4byte	.LVL2
 1127 0025 1A000000 		.4byte	.LVL3
 1128 0029 0100     		.2byte	0x1
 1129 002b 50       		.byte	0x50
 1130 002c 1A000000 		.4byte	.LVL3
 1131 0030 26000000 		.4byte	.LFE120
 1132 0034 0400     		.2byte	0x4
ARM GAS  /var/folders/ng/s8655sgx1ys_4lf9jzm2w6n00000gn/T//cc0vFaXt.s 			page 21


 1133 0036 F3       		.byte	0xf3
 1134 0037 01       		.uleb128 0x1
 1135 0038 50       		.byte	0x50
 1136 0039 9F       		.byte	0x9f
 1137 003a 00000000 		.4byte	0
 1138 003e 00000000 		.4byte	0
 1139              	.LLST2:
 1140 0042 00000000 		.4byte	.LVL4
 1141 0046 16000000 		.4byte	.LVL5
 1142 004a 0100     		.2byte	0x1
 1143 004c 50       		.byte	0x50
 1144 004d 16000000 		.4byte	.LVL5
 1145 0051 1A000000 		.4byte	.LVL6
 1146 0055 0400     		.2byte	0x4
 1147 0057 F3       		.byte	0xf3
 1148 0058 01       		.uleb128 0x1
 1149 0059 50       		.byte	0x50
 1150 005a 9F       		.byte	0x9f
 1151 005b 1A000000 		.4byte	.LVL6
 1152 005f 2C000000 		.4byte	.LFE121
 1153 0063 0100     		.2byte	0x1
 1154 0065 50       		.byte	0x50
 1155 0066 00000000 		.4byte	0
 1156 006a 00000000 		.4byte	0
 1157              	.LLST3:
 1158 006e 00000000 		.4byte	.LVL7
 1159 0072 10000000 		.4byte	.LVL8
 1160 0076 0100     		.2byte	0x1
 1161 0078 50       		.byte	0x50
 1162 0079 10000000 		.4byte	.LVL8
 1163 007d 16000000 		.4byte	.LVL9
 1164 0081 0400     		.2byte	0x4
 1165 0083 F3       		.byte	0xf3
 1166 0084 01       		.uleb128 0x1
 1167 0085 50       		.byte	0x50
 1168 0086 9F       		.byte	0x9f
 1169 0087 16000000 		.4byte	.LVL9
 1170 008b 1C000000 		.4byte	.LVL10
 1171 008f 0100     		.2byte	0x1
 1172 0091 50       		.byte	0x50
 1173 0092 1C000000 		.4byte	.LVL10
 1174 0096 1E000000 		.4byte	.LVL11
 1175 009a 0400     		.2byte	0x4
 1176 009c F3       		.byte	0xf3
 1177 009d 01       		.uleb128 0x1
 1178 009e 50       		.byte	0x50
 1179 009f 9F       		.byte	0x9f
 1180 00a0 1E000000 		.4byte	.LVL11
 1181 00a4 28000000 		.4byte	.LVL12
 1182 00a8 0100     		.2byte	0x1
 1183 00aa 50       		.byte	0x50
 1184 00ab 28000000 		.4byte	.LVL12
 1185 00af 32000000 		.4byte	.LFE122
 1186 00b3 0400     		.2byte	0x4
 1187 00b5 F3       		.byte	0xf3
 1188 00b6 01       		.uleb128 0x1
 1189 00b7 50       		.byte	0x50
ARM GAS  /var/folders/ng/s8655sgx1ys_4lf9jzm2w6n00000gn/T//cc0vFaXt.s 			page 22


 1190 00b8 9F       		.byte	0x9f
 1191 00b9 00000000 		.4byte	0
 1192 00bd 00000000 		.4byte	0
 1193              	.LLST4:
 1194 00c1 00000000 		.4byte	.LFB123
 1195 00c5 02000000 		.4byte	.LCFI0
 1196 00c9 0200     		.2byte	0x2
 1197 00cb 7D       		.byte	0x7d
 1198 00cc 00       		.sleb128 0
 1199 00cd 02000000 		.4byte	.LCFI0
 1200 00d1 38000000 		.4byte	.LFE123
 1201 00d5 0200     		.2byte	0x2
 1202 00d7 7D       		.byte	0x7d
 1203 00d8 08       		.sleb128 8
 1204 00d9 00000000 		.4byte	0
 1205 00dd 00000000 		.4byte	0
 1206              	.LLST5:
 1207 00e1 00000000 		.4byte	.LVL13
 1208 00e5 06000000 		.4byte	.LVL14
 1209 00e9 0100     		.2byte	0x1
 1210 00eb 50       		.byte	0x50
 1211 00ec 06000000 		.4byte	.LVL14
 1212 00f0 38000000 		.4byte	.LFE123
 1213 00f4 0100     		.2byte	0x1
 1214 00f6 54       		.byte	0x54
 1215 00f7 00000000 		.4byte	0
 1216 00fb 00000000 		.4byte	0
 1217              		.section	.debug_aranges,"",%progbits
 1218 0000 3C000000 		.4byte	0x3c
 1219 0004 0200     		.2byte	0x2
 1220 0006 00000000 		.4byte	.Ldebug_info0
 1221 000a 04       		.byte	0x4
 1222 000b 00       		.byte	0
 1223 000c 0000     		.2byte	0
 1224 000e 0000     		.2byte	0
 1225 0010 00000000 		.4byte	.LFB119
 1226 0014 26000000 		.4byte	.LFE119-.LFB119
 1227 0018 00000000 		.4byte	.LFB120
 1228 001c 26000000 		.4byte	.LFE120-.LFB120
 1229 0020 00000000 		.4byte	.LFB121
 1230 0024 2C000000 		.4byte	.LFE121-.LFB121
 1231 0028 00000000 		.4byte	.LFB122
 1232 002c 32000000 		.4byte	.LFE122-.LFB122
 1233 0030 00000000 		.4byte	.LFB123
 1234 0034 38000000 		.4byte	.LFE123-.LFB123
 1235 0038 00000000 		.4byte	0
 1236 003c 00000000 		.4byte	0
 1237              		.section	.debug_ranges,"",%progbits
 1238              	.Ldebug_ranges0:
 1239 0000 00000000 		.4byte	.LFB119
 1240 0004 26000000 		.4byte	.LFE119
 1241 0008 00000000 		.4byte	.LFB120
 1242 000c 26000000 		.4byte	.LFE120
 1243 0010 00000000 		.4byte	.LFB121
 1244 0014 2C000000 		.4byte	.LFE121
 1245 0018 00000000 		.4byte	.LFB122
 1246 001c 32000000 		.4byte	.LFE122
ARM GAS  /var/folders/ng/s8655sgx1ys_4lf9jzm2w6n00000gn/T//cc0vFaXt.s 			page 23


 1247 0020 00000000 		.4byte	.LFB123
 1248 0024 38000000 		.4byte	.LFE123
 1249 0028 00000000 		.4byte	0
 1250 002c 00000000 		.4byte	0
 1251              		.section	.debug_line,"",%progbits
 1252              	.Ldebug_line0:
 1253 0000 11020000 		.section	.debug_str,"MS",%progbits,1
 1253      02009901 
 1253      00000201 
 1253      FB0E0D00 
 1253      01010101 
 1254              	.LASF20:
 1255 0000 4F535045 		.ascii	"OSPEEDR\000"
 1255      45445200 
 1256              	.LASF17:
 1257 0008 636C6561 		.ascii	"clear\000"
 1257      7200
 1258              	.LASF18:
 1259 000e 4D4F4445 		.ascii	"MODER\000"
 1259      5200
 1260              	.LASF14:
 1261 0014 73797374 		.ascii	"systime_t\000"
 1261      696D655F 
 1261      7400
 1262              	.LASF22:
 1263 001e 42535252 		.ascii	"BSRR\000"
 1263      00
 1264              	.LASF30:
 1265 0023 6C65645F 		.ascii	"led_toggle\000"
 1265      746F6767 
 1265      6C6500
 1266              	.LASF12:
 1267 002e 626F6F6C 		.ascii	"bool_t\000"
 1267      5F7400
 1268              	.LASF27:
 1269 0035 696F706F 		.ascii	"ioportmask_t\000"
 1269      72746D61 
 1269      736B5F74 
 1269      00
 1270              	.LASF19:
 1271 0042 4F545950 		.ascii	"OTYPER\000"
 1271      455200
 1272              	.LASF11:
 1273 0049 6C6F6E67 		.ascii	"long long unsigned int\000"
 1273      206C6F6E 
 1273      6720756E 
 1273      7369676E 
 1273      65642069 
 1274              	.LASF2:
 1275 0060 756E7369 		.ascii	"unsigned char\000"
 1275      676E6564 
 1275      20636861 
 1275      7200
 1276              	.LASF38:
 1277 006e 63685468 		.ascii	"chThdSleep\000"
 1277      64536C65 
 1277      657000
ARM GAS  /var/folders/ng/s8655sgx1ys_4lf9jzm2w6n00000gn/T//cc0vFaXt.s 			page 24


 1278              	.LASF29:
 1279 0079 6C65645F 		.ascii	"led_off\000"
 1279      6F666600 
 1280              	.LASF25:
 1281 0081 41465248 		.ascii	"AFRH\000"
 1281      00
 1282              	.LASF9:
 1283 0086 6C6F6E67 		.ascii	"long unsigned int\000"
 1283      20756E73 
 1283      69676E65 
 1283      6420696E 
 1283      7400
 1284              	.LASF4:
 1285 0098 73686F72 		.ascii	"short unsigned int\000"
 1285      7420756E 
 1285      7369676E 
 1285      65642069 
 1285      6E7400
 1286              	.LASF24:
 1287 00ab 4146524C 		.ascii	"AFRL\000"
 1287      00
 1288              	.LASF35:
 1289 00b0 62757474 		.ascii	"button_get\000"
 1289      6F6E5F67 
 1289      657400
 1290              	.LASF37:
 1291 00bb 49544D5F 		.ascii	"ITM_RxBuffer\000"
 1291      52784275 
 1291      66666572 
 1291      00
 1292              	.LASF32:
 1293 00c8 474E5520 		.ascii	"GNU C 4.7.4 20130913 (release) [ARM/embedded-4_7-br"
 1293      4320342E 
 1293      372E3420 
 1293      32303133 
 1293      30393133 
 1294 00fb 616E6368 		.ascii	"anch revision 202601]\000"
 1294      20726576 
 1294      6973696F 
 1294      6E203230 
 1294      32363031 
 1295              	.LASF33:
 1296 0111 2E2E2F41 		.ascii	"../AithonLibrary/Aithon.c\000"
 1296      6974686F 
 1296      6E4C6962 
 1296      72617279 
 1296      2F416974 
 1297              	.LASF28:
 1298 012b 6C65645F 		.ascii	"led_on\000"
 1298      6F6E00
 1299              	.LASF36:
 1300 0132 5F627574 		.ascii	"_buttons\000"
 1300      746F6E73 
 1300      00
 1301              	.LASF3:
 1302 013b 73686F72 		.ascii	"short int\000"
 1302      7420696E 
ARM GAS  /var/folders/ng/s8655sgx1ys_4lf9jzm2w6n00000gn/T//cc0vFaXt.s 			page 25


 1302      7400
 1303              	.LASF0:
 1304 0145 756E7369 		.ascii	"unsigned int\000"
 1304      676E6564 
 1304      20696E74 
 1304      00
 1305              	.LASF26:
 1306 0152 4750494F 		.ascii	"GPIO_TypeDef\000"
 1306      5F547970 
 1306      65446566 
 1306      00
 1307              	.LASF16:
 1308 015f 63686172 		.ascii	"char\000"
 1308      00
 1309              	.LASF6:
 1310 0164 696E7433 		.ascii	"int32_t\000"
 1310      325F7400 
 1311              	.LASF15:
 1312 016c 73697A65 		.ascii	"sizetype\000"
 1312      74797065 
 1312      00
 1313              	.LASF31:
 1314 0175 62757474 		.ascii	"button_wait\000"
 1314      6F6E5F77 
 1314      61697400 
 1315              	.LASF10:
 1316 0181 6C6F6E67 		.ascii	"long long int\000"
 1316      206C6F6E 
 1316      6720696E 
 1316      7400
 1317              	.LASF21:
 1318 018f 50555044 		.ascii	"PUPDR\000"
 1318      5200
 1319              	.LASF34:
 1320 0195 2F557365 		.ascii	"/Users/jseng/aithon/DemoMode\000"
 1320      72732F6A 
 1320      73656E67 
 1320      2F616974 
 1320      686F6E2F 
 1321              	.LASF5:
 1322 01b2 75696E74 		.ascii	"uint16_t\000"
 1322      31365F74 
 1322      00
 1323              	.LASF8:
 1324 01bb 75696E74 		.ascii	"uint32_t\000"
 1324      33325F74 
 1324      00
 1325              	.LASF7:
 1326 01c4 6C6F6E67 		.ascii	"long int\000"
 1326      20696E74 
 1326      00
 1327              	.LASF1:
 1328 01cd 7369676E 		.ascii	"signed char\000"
 1328      65642063 
 1328      68617200 
 1329              	.LASF13:
 1330 01d9 5F426F6F 		.ascii	"_Bool\000"
ARM GAS  /var/folders/ng/s8655sgx1ys_4lf9jzm2w6n00000gn/T//cc0vFaXt.s 			page 26


 1330      6C00
 1331              	.LASF23:
 1332 01df 4C434B52 		.ascii	"LCKR\000"
 1332      00
 1333              		.ident	"GCC: (GNU Tools for ARM Embedded Processors) 4.7.4 20130913 (release) [ARM/embedded-4_7-br
ARM GAS  /var/folders/ng/s8655sgx1ys_4lf9jzm2w6n00000gn/T//cc0vFaXt.s 			page 27


DEFINED SYMBOLS
                            *ABS*:0000000000000000 Aithon.c
/var/folders/ng/s8655sgx1ys_4lf9jzm2w6n00000gn/T//cc0vFaXt.s:20     .text.led_on:0000000000000000 $t
/var/folders/ng/s8655sgx1ys_4lf9jzm2w6n00000gn/T//cc0vFaXt.s:26     .text.led_on:0000000000000000 led_on
/var/folders/ng/s8655sgx1ys_4lf9jzm2w6n00000gn/T//cc0vFaXt.s:60     .text.led_off:0000000000000000 $t
/var/folders/ng/s8655sgx1ys_4lf9jzm2w6n00000gn/T//cc0vFaXt.s:66     .text.led_off:0000000000000000 led_off
/var/folders/ng/s8655sgx1ys_4lf9jzm2w6n00000gn/T//cc0vFaXt.s:99     .text.led_toggle:0000000000000000 $t
/var/folders/ng/s8655sgx1ys_4lf9jzm2w6n00000gn/T//cc0vFaXt.s:105    .text.led_toggle:0000000000000000 led_toggle
/var/folders/ng/s8655sgx1ys_4lf9jzm2w6n00000gn/T//cc0vFaXt.s:141    .text.button_get:0000000000000000 $t
/var/folders/ng/s8655sgx1ys_4lf9jzm2w6n00000gn/T//cc0vFaXt.s:147    .text.button_get:0000000000000000 button_get
/var/folders/ng/s8655sgx1ys_4lf9jzm2w6n00000gn/T//cc0vFaXt.s:193    .text.button_wait:0000000000000000 $t
/var/folders/ng/s8655sgx1ys_4lf9jzm2w6n00000gn/T//cc0vFaXt.s:199    .text.button_wait:0000000000000000 button_wait
                     .debug_frame:0000000000000010 $d

UNDEFINED SYMBOLS
chThdSleep
