ARM GAS  /var/folders/ng/s8655sgx1ys_4lf9jzm2w6n00000gn/T//ccHqLm4u.s 			page 1


   1              		.syntax unified
   2              		.cpu cortex-m4
   3              		.eabi_attribute 27, 3
   4              		.fpu fpv4-sp-d16
   5              		.eabi_attribute 20, 1
   6              		.eabi_attribute 21, 1
   7              		.eabi_attribute 23, 3
   8              		.eabi_attribute 24, 1
   9              		.eabi_attribute 25, 1
  10              		.eabi_attribute 26, 1
  11              		.eabi_attribute 30, 2
  12              		.eabi_attribute 34, 1
  13              		.eabi_attribute 18, 4
  14              		.thumb
  15              		.file	"analog.c"
  16              		.text
  17              	.Ltext0:
  18              		.cfi_sections	.debug_frame
  19              		.section	.text._analog_init,"ax",%progbits
  20              		.align	2
  21              		.p2align 4,,15
  22              		.global	_analog_init
  23              		.thumb
  24              		.thumb_func
  25              		.type	_analog_init, %function
  26              	_analog_init:
  27              	.LFB119:
  28              		.file 1 "../AithonLibrary/analog.c"
  29              		.loc 1 84 0
  30              		.cfi_startproc
  31              		@ args = 0, pretend = 0, frame = 0
  32              		@ frame_needed = 0, uses_anonymous_args = 0
  33 0000 10B5     		push	{r4, lr}
  34              	.LCFI0:
  35              		.cfi_def_cfa_offset 8
  36              		.cfi_offset 4, -8
  37              		.cfi_offset 14, -4
  38              		.loc 1 85 0
  39 0002 40F20004 		movw	r4, #:lower16:ADCD1
  40 0006 C0F20004 		movt	r4, #:upper16:ADCD1
  41 000a 2046     		mov	r0, r4
  42 000c 0021     		movs	r1, #0
  43 000e FFF7FEFF 		bl	adcStart
  44              	.LVL0:
  45              		.loc 1 86 0
  46 0012 40F20001 		movw	r1, #:lower16:.LANCHOR0
  47 0016 40F20002 		movw	r2, #:lower16:.LANCHOR1
  48 001a 2046     		mov	r0, r4
  49 001c C0F20001 		movt	r1, #:upper16:.LANCHOR0
  50 0020 C0F20002 		movt	r2, #:upper16:.LANCHOR1
  51 0024 6423     		movs	r3, #100
  52              		.loc 1 87 0
  53 0026 BDE81040 		pop	{r4, lr}
  54              		.loc 1 86 0
  55 002a FFF7FEBF 		b	adcStartConversion
  56              	.LVL1:
  57              		.cfi_endproc
ARM GAS  /var/folders/ng/s8655sgx1ys_4lf9jzm2w6n00000gn/T//ccHqLm4u.s 			page 2


  58              	.LFE119:
  59              		.size	_analog_init, .-_analog_init
  60 002e 00BF     		.section	.text.analog_get,"ax",%progbits
  61              		.align	2
  62              		.p2align 4,,15
  63              		.global	analog_get
  64              		.thumb
  65              		.thumb_func
  66              		.type	analog_get, %function
  67              	analog_get:
  68              	.LFB120:
  69              		.loc 1 98 0
  70              		.cfi_startproc
  71              		@ args = 0, pretend = 0, frame = 0
  72              		@ frame_needed = 0, uses_anonymous_args = 0
  73              		@ link register save eliminated.
  74              	.LVL2:
  75 0000 10B4     		push	{r4}
  76              	.LCFI1:
  77              		.cfi_def_cfa_offset 4
  78              		.cfi_offset 4, -4
  79              		.loc 1 97 0
  80 0002 0D4A     		ldr	r2, .L7
  81 0004 0023     		movs	r3, #0
  82 0006 02EB4000 		add	r0, r2, r0, lsl #1
  83              	.LVL3:
  84              		.loc 1 99 0
  85 000a 1A46     		mov	r2, r3
  86              	.LVL4:
  87              	.L3:
  88 000c 03F11801 		add	r1, r3, #24
  89              		.loc 1 102 0 discriminator 2
  90 0010 C45A     		ldrh	r4, [r0, r3]
  91 0012 415A     		ldrh	r1, [r0, r1]
  92 0014 3033     		adds	r3, r3, #48
  93 0016 1219     		adds	r2, r2, r4
  94              		.loc 1 100 0 discriminator 2
  95 0018 B3F5166F 		cmp	r3, #2400
  96              		.loc 1 102 0 discriminator 2
  97 001c 0A44     		add	r2, r2, r1
  98              	.LVL5:
  99              		.loc 1 100 0 discriminator 2
 100 001e F5D1     		bne	.L3
 101              		.loc 1 104 0
 102 0020 48F21F53 		movw	r3, #34079
 103 0024 C5F2EB13 		movt	r3, 20971
 104 0028 83FB0210 		smull	r1, r0, r3, r2
 105 002c D117     		asrs	r1, r2, #31
 106 002e C1EB5012 		rsb	r2, r1, r0, lsr #5
 107              	.LVL6:
 108              		.loc 1 105 0
 109 0032 90B2     		uxth	r0, r2
 110 0034 10BC     		pop	{r4}
 111 0036 7047     		bx	lr
 112              	.L8:
 113              		.align	2
 114              	.L7:
ARM GAS  /var/folders/ng/s8655sgx1ys_4lf9jzm2w6n00000gn/T//ccHqLm4u.s 			page 3


 115 0038 00000000 		.word	.LANCHOR1
 116              		.cfi_endproc
 117              	.LFE120:
 118              		.size	analog_get, .-analog_get
 119 003c AFF30080 		.section	.bss._samples,"aw",%nobits
 120              		.align	2
 121              		.set	.LANCHOR1,. + 0
 122              		.type	_samples, %object
 123              		.size	_samples, 2400
 124              	_samples:
 125 0000 00000000 		.space	2400
 125      00000000 
 125      00000000 
 125      00000000 
 125      00000000 
 126              		.section	.rodata._config,"a",%progbits
 127              		.align	2
 128              		.set	.LANCHOR0,. + 0
 129              		.type	_config, %object
 130              		.size	_config, 40
 131              	_config:
 132 0000 01       		.byte	1
 133 0001 00       		.space	1
 134 0002 0C00     		.short	12
 135 0004 00000000 		.word	0
 136 0008 00000000 		.word	0
 137 000c 00000000 		.word	0
 138 0010 00000040 		.word	1073741824
 139 0014 DBB60100 		.word	112347
 140 0018 DB06001B 		.word	452986587
 141 001c 0000B000 		.word	11534336
 142 0020 4BB98712 		.word	310884683
 143 0024 4304D018 		.word	416285763
 144              		.text
 145              	.Letext0:
 146              		.file 2 "/Users/jseng/gccarm/bin/../lib/gcc/arm-none-eabi/4.7.4/include/stddef.h"
 147              		.file 3 "/Users/jseng/gccarm/bin/../lib/gcc/arm-none-eabi/4.7.4/../../../../arm-none-eabi/include/
 148              		.file 4 "../AithonLibrary/ChibiOS/os/ports/GCC/ARMCMx/chtypes.h"
 149              		.file 5 "../AithonLibrary/ChibiOS/os/kernel/include/chlists.h"
 150              		.file 6 "../AithonLibrary/ChibiOS/os/kernel/include/chthreads.h"
 151              		.file 7 "../AithonLibrary/ChibiOS/os/ports/GCC/ARMCMx/chcore_v7m.h"
 152              		.file 8 "../AithonLibrary/ChibiOS/os/kernel/include/chmtx.h"
 153              		.file 9 "../AithonLibrary/ChibiOS/os/hal/platforms/STM32F4xx/stm32f4xx.h"
 154              		.file 10 "../AithonLibrary/ChibiOS/os/hal/platforms/STM32F4xx/stm32_dma.h"
 155              		.file 11 "../AithonLibrary/ChibiOS/os/hal/include/adc.h"
 156              		.file 12 "../AithonLibrary/ChibiOS/os/hal/platforms/STM32F4xx/adc_lld.h"
 157              		.file 13 "../AithonLibrary/Aithon.h"
 158              		.file 14 "../AithonLibrary/ChibiOS/os/ports/common/ARMCMx/CMSIS/include/core_cm4.h"
 159              		.section	.debug_info,"",%progbits
 160              	.Ldebug_info0:
 161 0000 C40A0000 		.4byte	0xac4
 162 0004 0200     		.2byte	0x2
 163 0006 00000000 		.4byte	.Ldebug_abbrev0
 164 000a 04       		.byte	0x4
 165 000b 01       		.uleb128 0x1
 166 000c 97000000 		.4byte	.LASF127
 167 0010 01       		.byte	0x1
ARM GAS  /var/folders/ng/s8655sgx1ys_4lf9jzm2w6n00000gn/T//ccHqLm4u.s 			page 4


 168 0011 E6020000 		.4byte	.LASF128
 169 0015 7A010000 		.4byte	.LASF129
 170 0019 00000000 		.4byte	.Ldebug_ranges0+0
 171 001d 00000000 		.4byte	0
 172 0021 00000000 		.4byte	0
 173 0025 00000000 		.4byte	.Ldebug_line0
 174 0029 02       		.uleb128 0x2
 175 002a 04       		.byte	0x4
 176 002b 05       		.byte	0x5
 177 002c 696E7400 		.ascii	"int\000"
 178 0030 03       		.uleb128 0x3
 179 0031 A1010000 		.4byte	.LASF2
 180 0035 02       		.byte	0x2
 181 0036 D5       		.byte	0xd5
 182 0037 3B000000 		.4byte	0x3b
 183 003b 04       		.uleb128 0x4
 184 003c 04       		.byte	0x4
 185 003d 07       		.byte	0x7
 186 003e C4010000 		.4byte	.LASF0
 187 0042 04       		.uleb128 0x4
 188 0043 01       		.byte	0x1
 189 0044 06       		.byte	0x6
 190 0045 62000000 		.4byte	.LASF1
 191 0049 03       		.uleb128 0x3
 192 004a B8040000 		.4byte	.LASF3
 193 004e 03       		.byte	0x3
 194 004f 2A       		.byte	0x2a
 195 0050 54000000 		.4byte	0x54
 196 0054 04       		.uleb128 0x4
 197 0055 01       		.byte	0x1
 198 0056 08       		.byte	0x8
 199 0057 44030000 		.4byte	.LASF4
 200 005b 04       		.uleb128 0x4
 201 005c 02       		.byte	0x2
 202 005d 05       		.byte	0x5
 203 005e 57020000 		.4byte	.LASF5
 204 0062 03       		.uleb128 0x3
 205 0063 2F010000 		.4byte	.LASF6
 206 0067 03       		.byte	0x3
 207 0068 36       		.byte	0x36
 208 0069 6D000000 		.4byte	0x6d
 209 006d 04       		.uleb128 0x4
 210 006e 02       		.byte	0x2
 211 006f 07       		.byte	0x7
 212 0070 01020000 		.4byte	.LASF7
 213 0074 03       		.uleb128 0x3
 214 0075 3C030000 		.4byte	.LASF8
 215 0079 03       		.byte	0x3
 216 007a 4F       		.byte	0x4f
 217 007b 7F000000 		.4byte	0x7f
 218 007f 04       		.uleb128 0x4
 219 0080 04       		.byte	0x4
 220 0081 05       		.byte	0x5
 221 0082 EF000000 		.4byte	.LASF9
 222 0086 03       		.uleb128 0x3
 223 0087 C6030000 		.4byte	.LASF10
 224 008b 03       		.byte	0x3
ARM GAS  /var/folders/ng/s8655sgx1ys_4lf9jzm2w6n00000gn/T//ccHqLm4u.s 			page 5


 225 008c 50       		.byte	0x50
 226 008d 91000000 		.4byte	0x91
 227 0091 04       		.uleb128 0x4
 228 0092 04       		.byte	0x4
 229 0093 07       		.byte	0x7
 230 0094 ED030000 		.4byte	.LASF11
 231 0098 04       		.uleb128 0x4
 232 0099 08       		.byte	0x8
 233 009a 05       		.byte	0x5
 234 009b 54000000 		.4byte	.LASF12
 235 009f 04       		.uleb128 0x4
 236 00a0 08       		.byte	0x8
 237 00a1 07       		.byte	0x7
 238 00a2 E2010000 		.4byte	.LASF13
 239 00a6 03       		.uleb128 0x3
 240 00a7 76000000 		.4byte	.LASF14
 241 00ab 04       		.byte	0x4
 242 00ac 2B       		.byte	0x2b
 243 00ad B1000000 		.4byte	0xb1
 244 00b1 04       		.uleb128 0x4
 245 00b2 01       		.byte	0x1
 246 00b3 02       		.byte	0x2
 247 00b4 36030000 		.4byte	.LASF15
 248 00b8 03       		.uleb128 0x3
 249 00b9 2A020000 		.4byte	.LASF16
 250 00bd 04       		.byte	0x4
 251 00be 2C       		.byte	0x2c
 252 00bf 49000000 		.4byte	0x49
 253 00c3 03       		.uleb128 0x3
 254 00c4 26010000 		.4byte	.LASF17
 255 00c8 04       		.byte	0x4
 256 00c9 2D       		.byte	0x2d
 257 00ca 49000000 		.4byte	0x49
 258 00ce 03       		.uleb128 0x3
 259 00cf 05030000 		.4byte	.LASF18
 260 00d3 04       		.byte	0x4
 261 00d4 2E       		.byte	0x2e
 262 00d5 49000000 		.4byte	0x49
 263 00d9 03       		.uleb128 0x3
 264 00da E3030000 		.4byte	.LASF19
 265 00de 04       		.byte	0x4
 266 00df 2F       		.byte	0x2f
 267 00e0 49000000 		.4byte	0x49
 268 00e4 03       		.uleb128 0x3
 269 00e5 27030000 		.4byte	.LASF20
 270 00e9 04       		.byte	0x4
 271 00ea 30       		.byte	0x30
 272 00eb 86000000 		.4byte	0x86
 273 00ef 03       		.uleb128 0x3
 274 00f0 24020000 		.4byte	.LASF21
 275 00f4 04       		.byte	0x4
 276 00f5 31       		.byte	0x31
 277 00f6 74000000 		.4byte	0x74
 278 00fa 03       		.uleb128 0x3
 279 00fb 4B020000 		.4byte	.LASF22
 280 00ff 04       		.byte	0x4
 281 0100 33       		.byte	0x33
ARM GAS  /var/folders/ng/s8655sgx1ys_4lf9jzm2w6n00000gn/T//ccHqLm4u.s 			page 6


 282 0101 86000000 		.4byte	0x86
 283 0105 03       		.uleb128 0x3
 284 0106 24040000 		.4byte	.LASF23
 285 010a 04       		.byte	0x4
 286 010b 35       		.byte	0x35
 287 010c 86000000 		.4byte	0x86
 288 0110 03       		.uleb128 0x3
 289 0111 A0030000 		.4byte	.LASF24
 290 0115 05       		.byte	0x5
 291 0116 2A       		.byte	0x2a
 292 0117 1B010000 		.4byte	0x11b
 293 011b 05       		.uleb128 0x5
 294 011c A0030000 		.4byte	.LASF24
 295 0120 48       		.byte	0x48
 296 0121 06       		.byte	0x6
 297 0122 5E       		.byte	0x5e
 298 0123 40020000 		.4byte	0x240
 299 0127 06       		.uleb128 0x6
 300 0128 8B030000 		.4byte	.LASF25
 301 012c 06       		.byte	0x6
 302 012d 5F       		.byte	0x5f
 303 012e 65020000 		.4byte	0x265
 304 0132 02       		.byte	0x2
 305 0133 23       		.byte	0x23
 306 0134 00       		.uleb128 0
 307 0135 06       		.uleb128 0x6
 308 0136 0D030000 		.4byte	.LASF26
 309 013a 06       		.byte	0x6
 310 013b 61       		.byte	0x61
 311 013c 65020000 		.4byte	0x265
 312 0140 02       		.byte	0x2
 313 0141 23       		.byte	0x23
 314 0142 04       		.uleb128 0x4
 315 0143 06       		.uleb128 0x6
 316 0144 48000000 		.4byte	.LASF27
 317 0148 06       		.byte	0x6
 318 0149 63       		.byte	0x63
 319 014a E4000000 		.4byte	0xe4
 320 014e 02       		.byte	0x2
 321 014f 23       		.byte	0x23
 322 0150 08       		.uleb128 0x8
 323 0151 06       		.uleb128 0x6
 324 0152 19050000 		.4byte	.LASF28
 325 0156 06       		.byte	0x6
 326 0157 64       		.byte	0x64
 327 0158 23040000 		.4byte	0x423
 328 015c 02       		.byte	0x2
 329 015d 23       		.byte	0x23
 330 015e 0C       		.uleb128 0xc
 331 015f 06       		.uleb128 0x6
 332 0160 48010000 		.4byte	.LASF29
 333 0164 06       		.byte	0x6
 334 0165 66       		.byte	0x66
 335 0166 65020000 		.4byte	0x265
 336 016a 02       		.byte	0x2
 337 016b 23       		.byte	0x23
 338 016c 10       		.uleb128 0x10
ARM GAS  /var/folders/ng/s8655sgx1ys_4lf9jzm2w6n00000gn/T//ccHqLm4u.s 			page 7


 339 016d 06       		.uleb128 0x6
 340 016e B5020000 		.4byte	.LASF30
 341 0172 06       		.byte	0x6
 342 0173 67       		.byte	0x67
 343 0174 65020000 		.4byte	0x265
 344 0178 02       		.byte	0x2
 345 0179 23       		.byte	0x23
 346 017a 14       		.uleb128 0x14
 347 017b 06       		.uleb128 0x6
 348 017c F1040000 		.4byte	.LASF31
 349 0180 06       		.byte	0x6
 350 0181 6E       		.byte	0x6e
 351 0182 D4040000 		.4byte	0x4d4
 352 0186 02       		.byte	0x2
 353 0187 23       		.byte	0x23
 354 0188 18       		.uleb128 0x18
 355 0189 06       		.uleb128 0x6
 356 018a 69030000 		.4byte	.LASF32
 357 018e 06       		.byte	0x6
 358 018f 79       		.byte	0x79
 359 0190 C3000000 		.4byte	0xc3
 360 0194 02       		.byte	0x2
 361 0195 23       		.byte	0x23
 362 0196 1C       		.uleb128 0x1c
 363 0197 06       		.uleb128 0x6
 364 0198 92030000 		.4byte	.LASF33
 365 019c 06       		.byte	0x6
 366 019d 7D       		.byte	0x7d
 367 019e B8000000 		.4byte	0xb8
 368 01a2 02       		.byte	0x2
 369 01a3 23       		.byte	0x23
 370 01a4 1D       		.uleb128 0x1d
 371 01a5 06       		.uleb128 0x6
 372 01a6 9F040000 		.4byte	.LASF34
 373 01aa 06       		.byte	0x6
 374 01ab 82       		.byte	0x82
 375 01ac CE000000 		.4byte	0xce
 376 01b0 02       		.byte	0x2
 377 01b1 23       		.byte	0x23
 378 01b2 1E       		.uleb128 0x1e
 379 01b3 06       		.uleb128 0x6
 380 01b4 71030000 		.4byte	.LASF35
 381 01b8 06       		.byte	0x6
 382 01b9 88       		.byte	0x88
 383 01ba D9000000 		.4byte	0xd9
 384 01be 02       		.byte	0x2
 385 01bf 23       		.byte	0x23
 386 01c0 1F       		.uleb128 0x1f
 387 01c1 06       		.uleb128 0x6
 388 01c2 51040000 		.4byte	.LASF36
 389 01c6 06       		.byte	0x6
 390 01c7 8F       		.byte	0x8f
 391 01c8 52040000 		.4byte	0x452
 392 01cc 02       		.byte	0x2
 393 01cd 23       		.byte	0x23
 394 01ce 20       		.uleb128 0x20
 395 01cf 07       		.uleb128 0x7
ARM GAS  /var/folders/ng/s8655sgx1ys_4lf9jzm2w6n00000gn/T//ccHqLm4u.s 			page 8


 396 01d0 705F7500 		.ascii	"p_u\000"
 397 01d4 06       		.byte	0x6
 398 01d5 B4       		.byte	0xb4
 399 01d6 9F040000 		.4byte	0x49f
 400 01da 02       		.byte	0x2
 401 01db 23       		.byte	0x23
 402 01dc 24       		.uleb128 0x24
 403 01dd 06       		.uleb128 0x6
 404 01de 1F050000 		.4byte	.LASF37
 405 01e2 06       		.byte	0x6
 406 01e3 B9       		.byte	0xb9
 407 01e4 8D020000 		.4byte	0x28d
 408 01e8 02       		.byte	0x2
 409 01e9 23       		.byte	0x23
 410 01ea 28       		.uleb128 0x28
 411 01eb 06       		.uleb128 0x6
 412 01ec 7C040000 		.4byte	.LASF38
 413 01f0 06       		.byte	0x6
 414 01f1 BF       		.byte	0xbf
 415 01f2 6B020000 		.4byte	0x26b
 416 01f6 02       		.byte	0x2
 417 01f7 23       		.byte	0x23
 418 01f8 2C       		.uleb128 0x2c
 419 01f9 06       		.uleb128 0x6
 420 01fa 0B050000 		.4byte	.LASF39
 421 01fe 06       		.byte	0x6
 422 01ff C3       		.byte	0xc3
 423 0200 EF000000 		.4byte	0xef
 424 0204 02       		.byte	0x2
 425 0205 23       		.byte	0x23
 426 0206 34       		.uleb128 0x34
 427 0207 06       		.uleb128 0x6
 428 0208 B0030000 		.4byte	.LASF40
 429 020c 06       		.byte	0x6
 430 020d C9       		.byte	0xc9
 431 020e FA000000 		.4byte	0xfa
 432 0212 02       		.byte	0x2
 433 0213 23       		.byte	0x23
 434 0214 38       		.uleb128 0x38
 435 0215 06       		.uleb128 0x6
 436 0216 52030000 		.4byte	.LASF41
 437 021a 06       		.byte	0x6
 438 021b D0       		.byte	0xd0
 439 021c E6040000 		.4byte	0x4e6
 440 0220 02       		.byte	0x2
 441 0221 23       		.byte	0x23
 442 0222 3C       		.uleb128 0x3c
 443 0223 06       		.uleb128 0x6
 444 0224 2E040000 		.4byte	.LASF42
 445 0228 06       		.byte	0x6
 446 0229 D4       		.byte	0xd4
 447 022a E4000000 		.4byte	0xe4
 448 022e 02       		.byte	0x2
 449 022f 23       		.byte	0x23
 450 0230 40       		.uleb128 0x40
 451 0231 06       		.uleb128 0x6
 452 0232 6E000000 		.4byte	.LASF43
ARM GAS  /var/folders/ng/s8655sgx1ys_4lf9jzm2w6n00000gn/T//ccHqLm4u.s 			page 9


 453 0236 06       		.byte	0x6
 454 0237 DA       		.byte	0xda
 455 0238 A3020000 		.4byte	0x2a3
 456 023c 02       		.byte	0x2
 457 023d 23       		.byte	0x23
 458 023e 44       		.uleb128 0x44
 459 023f 00       		.byte	0
 460 0240 08       		.uleb128 0x8
 461 0241 08       		.byte	0x8
 462 0242 05       		.byte	0x5
 463 0243 61       		.byte	0x61
 464 0244 65020000 		.4byte	0x265
 465 0248 06       		.uleb128 0x6
 466 0249 8B030000 		.4byte	.LASF25
 467 024d 05       		.byte	0x5
 468 024e 62       		.byte	0x62
 469 024f 65020000 		.4byte	0x265
 470 0253 02       		.byte	0x2
 471 0254 23       		.byte	0x23
 472 0255 00       		.uleb128 0
 473 0256 06       		.uleb128 0x6
 474 0257 0D030000 		.4byte	.LASF26
 475 025b 05       		.byte	0x5
 476 025c 64       		.byte	0x64
 477 025d 65020000 		.4byte	0x265
 478 0261 02       		.byte	0x2
 479 0262 23       		.byte	0x23
 480 0263 04       		.uleb128 0x4
 481 0264 00       		.byte	0
 482 0265 09       		.uleb128 0x9
 483 0266 04       		.byte	0x4
 484 0267 10010000 		.4byte	0x110
 485 026b 03       		.uleb128 0x3
 486 026c 27000000 		.4byte	.LASF44
 487 0270 05       		.byte	0x5
 488 0271 66       		.byte	0x66
 489 0272 40020000 		.4byte	0x240
 490 0276 08       		.uleb128 0x8
 491 0277 04       		.byte	0x4
 492 0278 05       		.byte	0x5
 493 0279 6B       		.byte	0x6b
 494 027a 8D020000 		.4byte	0x28d
 495 027e 06       		.uleb128 0x6
 496 027f 8B030000 		.4byte	.LASF25
 497 0283 05       		.byte	0x5
 498 0284 6D       		.byte	0x6d
 499 0285 65020000 		.4byte	0x265
 500 0289 02       		.byte	0x2
 501 028a 23       		.byte	0x23
 502 028b 00       		.uleb128 0
 503 028c 00       		.byte	0
 504 028d 03       		.uleb128 0x3
 505 028e 3F020000 		.4byte	.LASF45
 506 0292 05       		.byte	0x5
 507 0293 70       		.byte	0x70
 508 0294 76020000 		.4byte	0x276
 509 0298 03       		.uleb128 0x3
ARM GAS  /var/folders/ng/s8655sgx1ys_4lf9jzm2w6n00000gn/T//ccHqLm4u.s 			page 10


 510 0299 C2020000 		.4byte	.LASF46
 511 029d 07       		.byte	0x7
 512 029e E5       		.byte	0xe5
 513 029f A3020000 		.4byte	0x2a3
 514 02a3 0A       		.uleb128 0xa
 515 02a4 04       		.byte	0x4
 516 02a5 0B       		.uleb128 0xb
 517 02a6 75040000 		.4byte	.LASF47
 518 02aa 64       		.byte	0x64
 519 02ab 07       		.byte	0x7
 520 02ac 0C01     		.2byte	0x10c
 521 02ae 23040000 		.4byte	0x423
 522 02b2 0C       		.uleb128 0xc
 523 02b3 73313600 		.ascii	"s16\000"
 524 02b7 07       		.byte	0x7
 525 02b8 0E01     		.2byte	0x10e
 526 02ba 98020000 		.4byte	0x298
 527 02be 02       		.byte	0x2
 528 02bf 23       		.byte	0x23
 529 02c0 00       		.uleb128 0
 530 02c1 0C       		.uleb128 0xc
 531 02c2 73313700 		.ascii	"s17\000"
 532 02c6 07       		.byte	0x7
 533 02c7 0F01     		.2byte	0x10f
 534 02c9 98020000 		.4byte	0x298
 535 02cd 02       		.byte	0x2
 536 02ce 23       		.byte	0x23
 537 02cf 04       		.uleb128 0x4
 538 02d0 0C       		.uleb128 0xc
 539 02d1 73313800 		.ascii	"s18\000"
 540 02d5 07       		.byte	0x7
 541 02d6 1001     		.2byte	0x110
 542 02d8 98020000 		.4byte	0x298
 543 02dc 02       		.byte	0x2
 544 02dd 23       		.byte	0x23
 545 02de 08       		.uleb128 0x8
 546 02df 0C       		.uleb128 0xc
 547 02e0 73313900 		.ascii	"s19\000"
 548 02e4 07       		.byte	0x7
 549 02e5 1101     		.2byte	0x111
 550 02e7 98020000 		.4byte	0x298
 551 02eb 02       		.byte	0x2
 552 02ec 23       		.byte	0x23
 553 02ed 0C       		.uleb128 0xc
 554 02ee 0C       		.uleb128 0xc
 555 02ef 73323000 		.ascii	"s20\000"
 556 02f3 07       		.byte	0x7
 557 02f4 1201     		.2byte	0x112
 558 02f6 98020000 		.4byte	0x298
 559 02fa 02       		.byte	0x2
 560 02fb 23       		.byte	0x23
 561 02fc 10       		.uleb128 0x10
 562 02fd 0C       		.uleb128 0xc
 563 02fe 73323100 		.ascii	"s21\000"
 564 0302 07       		.byte	0x7
 565 0303 1301     		.2byte	0x113
 566 0305 98020000 		.4byte	0x298
ARM GAS  /var/folders/ng/s8655sgx1ys_4lf9jzm2w6n00000gn/T//ccHqLm4u.s 			page 11


 567 0309 02       		.byte	0x2
 568 030a 23       		.byte	0x23
 569 030b 14       		.uleb128 0x14
 570 030c 0C       		.uleb128 0xc
 571 030d 73323200 		.ascii	"s22\000"
 572 0311 07       		.byte	0x7
 573 0312 1401     		.2byte	0x114
 574 0314 98020000 		.4byte	0x298
 575 0318 02       		.byte	0x2
 576 0319 23       		.byte	0x23
 577 031a 18       		.uleb128 0x18
 578 031b 0C       		.uleb128 0xc
 579 031c 73323300 		.ascii	"s23\000"
 580 0320 07       		.byte	0x7
 581 0321 1501     		.2byte	0x115
 582 0323 98020000 		.4byte	0x298
 583 0327 02       		.byte	0x2
 584 0328 23       		.byte	0x23
 585 0329 1C       		.uleb128 0x1c
 586 032a 0C       		.uleb128 0xc
 587 032b 73323400 		.ascii	"s24\000"
 588 032f 07       		.byte	0x7
 589 0330 1601     		.2byte	0x116
 590 0332 98020000 		.4byte	0x298
 591 0336 02       		.byte	0x2
 592 0337 23       		.byte	0x23
 593 0338 20       		.uleb128 0x20
 594 0339 0C       		.uleb128 0xc
 595 033a 73323500 		.ascii	"s25\000"
 596 033e 07       		.byte	0x7
 597 033f 1701     		.2byte	0x117
 598 0341 98020000 		.4byte	0x298
 599 0345 02       		.byte	0x2
 600 0346 23       		.byte	0x23
 601 0347 24       		.uleb128 0x24
 602 0348 0C       		.uleb128 0xc
 603 0349 73323600 		.ascii	"s26\000"
 604 034d 07       		.byte	0x7
 605 034e 1801     		.2byte	0x118
 606 0350 98020000 		.4byte	0x298
 607 0354 02       		.byte	0x2
 608 0355 23       		.byte	0x23
 609 0356 28       		.uleb128 0x28
 610 0357 0C       		.uleb128 0xc
 611 0358 73323700 		.ascii	"s27\000"
 612 035c 07       		.byte	0x7
 613 035d 1901     		.2byte	0x119
 614 035f 98020000 		.4byte	0x298
 615 0363 02       		.byte	0x2
 616 0364 23       		.byte	0x23
 617 0365 2C       		.uleb128 0x2c
 618 0366 0C       		.uleb128 0xc
 619 0367 73323800 		.ascii	"s28\000"
 620 036b 07       		.byte	0x7
 621 036c 1A01     		.2byte	0x11a
 622 036e 98020000 		.4byte	0x298
 623 0372 02       		.byte	0x2
ARM GAS  /var/folders/ng/s8655sgx1ys_4lf9jzm2w6n00000gn/T//ccHqLm4u.s 			page 12


 624 0373 23       		.byte	0x23
 625 0374 30       		.uleb128 0x30
 626 0375 0C       		.uleb128 0xc
 627 0376 73323900 		.ascii	"s29\000"
 628 037a 07       		.byte	0x7
 629 037b 1B01     		.2byte	0x11b
 630 037d 98020000 		.4byte	0x298
 631 0381 02       		.byte	0x2
 632 0382 23       		.byte	0x23
 633 0383 34       		.uleb128 0x34
 634 0384 0C       		.uleb128 0xc
 635 0385 73333000 		.ascii	"s30\000"
 636 0389 07       		.byte	0x7
 637 038a 1C01     		.2byte	0x11c
 638 038c 98020000 		.4byte	0x298
 639 0390 02       		.byte	0x2
 640 0391 23       		.byte	0x23
 641 0392 38       		.uleb128 0x38
 642 0393 0C       		.uleb128 0xc
 643 0394 73333100 		.ascii	"s31\000"
 644 0398 07       		.byte	0x7
 645 0399 1D01     		.2byte	0x11d
 646 039b 98020000 		.4byte	0x298
 647 039f 02       		.byte	0x2
 648 03a0 23       		.byte	0x23
 649 03a1 3C       		.uleb128 0x3c
 650 03a2 0C       		.uleb128 0xc
 651 03a3 723400   		.ascii	"r4\000"
 652 03a6 07       		.byte	0x7
 653 03a7 1F01     		.2byte	0x11f
 654 03a9 98020000 		.4byte	0x298
 655 03ad 02       		.byte	0x2
 656 03ae 23       		.byte	0x23
 657 03af 40       		.uleb128 0x40
 658 03b0 0C       		.uleb128 0xc
 659 03b1 723500   		.ascii	"r5\000"
 660 03b4 07       		.byte	0x7
 661 03b5 2001     		.2byte	0x120
 662 03b7 98020000 		.4byte	0x298
 663 03bb 02       		.byte	0x2
 664 03bc 23       		.byte	0x23
 665 03bd 44       		.uleb128 0x44
 666 03be 0C       		.uleb128 0xc
 667 03bf 723600   		.ascii	"r6\000"
 668 03c2 07       		.byte	0x7
 669 03c3 2101     		.2byte	0x121
 670 03c5 98020000 		.4byte	0x298
 671 03c9 02       		.byte	0x2
 672 03ca 23       		.byte	0x23
 673 03cb 48       		.uleb128 0x48
 674 03cc 0C       		.uleb128 0xc
 675 03cd 723700   		.ascii	"r7\000"
 676 03d0 07       		.byte	0x7
 677 03d1 2201     		.2byte	0x122
 678 03d3 98020000 		.4byte	0x298
 679 03d7 02       		.byte	0x2
 680 03d8 23       		.byte	0x23
ARM GAS  /var/folders/ng/s8655sgx1ys_4lf9jzm2w6n00000gn/T//ccHqLm4u.s 			page 13


 681 03d9 4C       		.uleb128 0x4c
 682 03da 0C       		.uleb128 0xc
 683 03db 723800   		.ascii	"r8\000"
 684 03de 07       		.byte	0x7
 685 03df 2301     		.2byte	0x123
 686 03e1 98020000 		.4byte	0x298
 687 03e5 02       		.byte	0x2
 688 03e6 23       		.byte	0x23
 689 03e7 50       		.uleb128 0x50
 690 03e8 0C       		.uleb128 0xc
 691 03e9 723900   		.ascii	"r9\000"
 692 03ec 07       		.byte	0x7
 693 03ed 2401     		.2byte	0x124
 694 03ef 98020000 		.4byte	0x298
 695 03f3 02       		.byte	0x2
 696 03f4 23       		.byte	0x23
 697 03f5 54       		.uleb128 0x54
 698 03f6 0C       		.uleb128 0xc
 699 03f7 72313000 		.ascii	"r10\000"
 700 03fb 07       		.byte	0x7
 701 03fc 2501     		.2byte	0x125
 702 03fe 98020000 		.4byte	0x298
 703 0402 02       		.byte	0x2
 704 0403 23       		.byte	0x23
 705 0404 58       		.uleb128 0x58
 706 0405 0C       		.uleb128 0xc
 707 0406 72313100 		.ascii	"r11\000"
 708 040a 07       		.byte	0x7
 709 040b 2601     		.2byte	0x126
 710 040d 98020000 		.4byte	0x298
 711 0411 02       		.byte	0x2
 712 0412 23       		.byte	0x23
 713 0413 5C       		.uleb128 0x5c
 714 0414 0C       		.uleb128 0xc
 715 0415 6C7200   		.ascii	"lr\000"
 716 0418 07       		.byte	0x7
 717 0419 2701     		.2byte	0x127
 718 041b 98020000 		.4byte	0x298
 719 041f 02       		.byte	0x2
 720 0420 23       		.byte	0x23
 721 0421 60       		.uleb128 0x60
 722 0422 00       		.byte	0
 723 0423 0B       		.uleb128 0xb
 724 0424 F9010000 		.4byte	.LASF48
 725 0428 04       		.byte	0x4
 726 0429 07       		.byte	0x7
 727 042a 3101     		.2byte	0x131
 728 042c 40040000 		.4byte	0x440
 729 0430 0C       		.uleb128 0xc
 730 0431 72313300 		.ascii	"r13\000"
 731 0435 07       		.byte	0x7
 732 0436 3201     		.2byte	0x132
 733 0438 40040000 		.4byte	0x440
 734 043c 02       		.byte	0x2
 735 043d 23       		.byte	0x23
 736 043e 00       		.uleb128 0
 737 043f 00       		.byte	0
ARM GAS  /var/folders/ng/s8655sgx1ys_4lf9jzm2w6n00000gn/T//ccHqLm4u.s 			page 14


 738 0440 09       		.uleb128 0x9
 739 0441 04       		.byte	0x4
 740 0442 A5020000 		.4byte	0x2a5
 741 0446 0D       		.uleb128 0xd
 742 0447 86000000 		.4byte	0x86
 743 044b 04       		.uleb128 0x4
 744 044c 04       		.byte	0x4
 745 044d 07       		.byte	0x7
 746 044e 8C020000 		.4byte	.LASF49
 747 0452 0D       		.uleb128 0xd
 748 0453 05010000 		.4byte	0x105
 749 0457 05       		.uleb128 0x5
 750 0458 67020000 		.4byte	.LASF50
 751 045c 10       		.byte	0x10
 752 045d 08       		.byte	0x8
 753 045e 2C       		.byte	0x2c
 754 045f 8E040000 		.4byte	0x48e
 755 0463 06       		.uleb128 0x6
 756 0464 7D000000 		.4byte	.LASF51
 757 0468 08       		.byte	0x8
 758 0469 2D       		.byte	0x2d
 759 046a 6B020000 		.4byte	0x26b
 760 046e 02       		.byte	0x2
 761 046f 23       		.byte	0x23
 762 0470 00       		.uleb128 0
 763 0471 06       		.uleb128 0x6
 764 0472 11050000 		.4byte	.LASF52
 765 0476 08       		.byte	0x8
 766 0477 2F       		.byte	0x2f
 767 0478 65020000 		.4byte	0x265
 768 047c 02       		.byte	0x2
 769 047d 23       		.byte	0x23
 770 047e 08       		.uleb128 0x8
 771 047f 06       		.uleb128 0x6
 772 0480 1D040000 		.4byte	.LASF53
 773 0484 08       		.byte	0x8
 774 0485 31       		.byte	0x31
 775 0486 8E040000 		.4byte	0x48e
 776 048a 02       		.byte	0x2
 777 048b 23       		.byte	0x23
 778 048c 0C       		.uleb128 0xc
 779 048d 00       		.byte	0
 780 048e 09       		.uleb128 0x9
 781 048f 04       		.byte	0x4
 782 0490 57040000 		.4byte	0x457
 783 0494 03       		.uleb128 0x3
 784 0495 67020000 		.4byte	.LASF50
 785 0499 08       		.byte	0x8
 786 049a 33       		.byte	0x33
 787 049b 57040000 		.4byte	0x457
 788 049f 0E       		.uleb128 0xe
 789 04a0 04       		.byte	0x4
 790 04a1 06       		.byte	0x6
 791 04a2 96       		.byte	0x96
 792 04a3 D4040000 		.4byte	0x4d4
 793 04a7 0F       		.uleb128 0xf
 794 04a8 0E000000 		.4byte	.LASF54
ARM GAS  /var/folders/ng/s8655sgx1ys_4lf9jzm2w6n00000gn/T//ccHqLm4u.s 			page 15


 795 04ac 06       		.byte	0x6
 796 04ad 9D       		.byte	0x9d
 797 04ae EF000000 		.4byte	0xef
 798 04b2 0F       		.uleb128 0xf
 799 04b3 65010000 		.4byte	.LASF55
 800 04b7 06       		.byte	0x6
 801 04b8 A4       		.byte	0xa4
 802 04b9 EF000000 		.4byte	0xef
 803 04bd 0F       		.uleb128 0xf
 804 04be EA040000 		.4byte	.LASF56
 805 04c2 06       		.byte	0x6
 806 04c3 AB       		.byte	0xab
 807 04c4 A3020000 		.4byte	0x2a3
 808 04c8 0F       		.uleb128 0xf
 809 04c9 84030000 		.4byte	.LASF57
 810 04cd 06       		.byte	0x6
 811 04ce B2       		.byte	0xb2
 812 04cf FA000000 		.4byte	0xfa
 813 04d3 00       		.byte	0
 814 04d4 09       		.uleb128 0x9
 815 04d5 04       		.byte	0x4
 816 04d6 DA040000 		.4byte	0x4da
 817 04da 10       		.uleb128 0x10
 818 04db DF040000 		.4byte	0x4df
 819 04df 04       		.uleb128 0x4
 820 04e0 01       		.byte	0x1
 821 04e1 08       		.byte	0x8
 822 04e2 FF030000 		.4byte	.LASF58
 823 04e6 09       		.uleb128 0x9
 824 04e7 04       		.byte	0x4
 825 04e8 94040000 		.4byte	0x494
 826 04ec 0D       		.uleb128 0xd
 827 04ed 74000000 		.4byte	0x74
 828 04f1 11       		.uleb128 0x11
 829 04f2 50       		.byte	0x50
 830 04f3 09       		.byte	0x9
 831 04f4 0A02     		.2byte	0x20a
 832 04f6 25060000 		.4byte	0x625
 833 04fa 0C       		.uleb128 0xc
 834 04fb 535200   		.ascii	"SR\000"
 835 04fe 09       		.byte	0x9
 836 04ff 0C02     		.2byte	0x20c
 837 0501 46040000 		.4byte	0x446
 838 0505 02       		.byte	0x2
 839 0506 23       		.byte	0x23
 840 0507 00       		.uleb128 0
 841 0508 0C       		.uleb128 0xc
 842 0509 43523100 		.ascii	"CR1\000"
 843 050d 09       		.byte	0x9
 844 050e 0D02     		.2byte	0x20d
 845 0510 46040000 		.4byte	0x446
 846 0514 02       		.byte	0x2
 847 0515 23       		.byte	0x23
 848 0516 04       		.uleb128 0x4
 849 0517 0C       		.uleb128 0xc
 850 0518 43523200 		.ascii	"CR2\000"
 851 051c 09       		.byte	0x9
ARM GAS  /var/folders/ng/s8655sgx1ys_4lf9jzm2w6n00000gn/T//ccHqLm4u.s 			page 16


 852 051d 0E02     		.2byte	0x20e
 853 051f 46040000 		.4byte	0x446
 854 0523 02       		.byte	0x2
 855 0524 23       		.byte	0x23
 856 0525 08       		.uleb128 0x8
 857 0526 12       		.uleb128 0x12
 858 0527 CB020000 		.4byte	.LASF59
 859 052b 09       		.byte	0x9
 860 052c 0F02     		.2byte	0x20f
 861 052e 46040000 		.4byte	0x446
 862 0532 02       		.byte	0x2
 863 0533 23       		.byte	0x23
 864 0534 0C       		.uleb128 0xc
 865 0535 12       		.uleb128 0x12
 866 0536 D1020000 		.4byte	.LASF60
 867 053a 09       		.byte	0x9
 868 053b 1002     		.2byte	0x210
 869 053d 46040000 		.4byte	0x446
 870 0541 02       		.byte	0x2
 871 0542 23       		.byte	0x23
 872 0543 10       		.uleb128 0x10
 873 0544 12       		.uleb128 0x12
 874 0545 72020000 		.4byte	.LASF61
 875 0549 09       		.byte	0x9
 876 054a 1102     		.2byte	0x211
 877 054c 46040000 		.4byte	0x446
 878 0550 02       		.byte	0x2
 879 0551 23       		.byte	0x23
 880 0552 14       		.uleb128 0x14
 881 0553 12       		.uleb128 0x12
 882 0554 78020000 		.4byte	.LASF62
 883 0558 09       		.byte	0x9
 884 0559 1202     		.2byte	0x212
 885 055b 46040000 		.4byte	0x446
 886 055f 02       		.byte	0x2
 887 0560 23       		.byte	0x23
 888 0561 18       		.uleb128 0x18
 889 0562 12       		.uleb128 0x12
 890 0563 7E020000 		.4byte	.LASF63
 891 0567 09       		.byte	0x9
 892 0568 1302     		.2byte	0x213
 893 056a 46040000 		.4byte	0x446
 894 056e 02       		.byte	0x2
 895 056f 23       		.byte	0x23
 896 0570 1C       		.uleb128 0x1c
 897 0571 12       		.uleb128 0x12
 898 0572 9A030000 		.4byte	.LASF64
 899 0576 09       		.byte	0x9
 900 0577 1402     		.2byte	0x214
 901 0579 46040000 		.4byte	0x446
 902 057d 02       		.byte	0x2
 903 057e 23       		.byte	0x23
 904 057f 20       		.uleb128 0x20
 905 0580 0C       		.uleb128 0xc
 906 0581 48545200 		.ascii	"HTR\000"
 907 0585 09       		.byte	0x9
 908 0586 1502     		.2byte	0x215
ARM GAS  /var/folders/ng/s8655sgx1ys_4lf9jzm2w6n00000gn/T//ccHqLm4u.s 			page 17


 909 0588 46040000 		.4byte	0x446
 910 058c 02       		.byte	0x2
 911 058d 23       		.byte	0x23
 912 058e 24       		.uleb128 0x24
 913 058f 0C       		.uleb128 0xc
 914 0590 4C545200 		.ascii	"LTR\000"
 915 0594 09       		.byte	0x9
 916 0595 1602     		.2byte	0x216
 917 0597 46040000 		.4byte	0x446
 918 059b 02       		.byte	0x2
 919 059c 23       		.byte	0x23
 920 059d 28       		.uleb128 0x28
 921 059e 12       		.uleb128 0x12
 922 059f D7020000 		.4byte	.LASF65
 923 05a3 09       		.byte	0x9
 924 05a4 1702     		.2byte	0x217
 925 05a6 46040000 		.4byte	0x446
 926 05aa 02       		.byte	0x2
 927 05ab 23       		.byte	0x23
 928 05ac 2C       		.uleb128 0x2c
 929 05ad 12       		.uleb128 0x12
 930 05ae DC020000 		.4byte	.LASF66
 931 05b2 09       		.byte	0x9
 932 05b3 1802     		.2byte	0x218
 933 05b5 46040000 		.4byte	0x446
 934 05b9 02       		.byte	0x2
 935 05ba 23       		.byte	0x23
 936 05bb 30       		.uleb128 0x30
 937 05bc 12       		.uleb128 0x12
 938 05bd E1020000 		.4byte	.LASF67
 939 05c1 09       		.byte	0x9
 940 05c2 1902     		.2byte	0x219
 941 05c4 46040000 		.4byte	0x446
 942 05c8 02       		.byte	0x2
 943 05c9 23       		.byte	0x23
 944 05ca 34       		.uleb128 0x34
 945 05cb 12       		.uleb128 0x12
 946 05cc 4F000000 		.4byte	.LASF68
 947 05d0 09       		.byte	0x9
 948 05d1 1A02     		.2byte	0x21a
 949 05d3 46040000 		.4byte	0x446
 950 05d7 02       		.byte	0x2
 951 05d8 23       		.byte	0x23
 952 05d9 38       		.uleb128 0x38
 953 05da 12       		.uleb128 0x12
 954 05db D3040000 		.4byte	.LASF69
 955 05df 09       		.byte	0x9
 956 05e0 1B02     		.2byte	0x21b
 957 05e2 46040000 		.4byte	0x446
 958 05e6 02       		.byte	0x2
 959 05e7 23       		.byte	0x23
 960 05e8 3C       		.uleb128 0x3c
 961 05e9 12       		.uleb128 0x12
 962 05ea D8040000 		.4byte	.LASF70
 963 05ee 09       		.byte	0x9
 964 05ef 1C02     		.2byte	0x21c
 965 05f1 46040000 		.4byte	0x446
ARM GAS  /var/folders/ng/s8655sgx1ys_4lf9jzm2w6n00000gn/T//ccHqLm4u.s 			page 18


 966 05f5 02       		.byte	0x2
 967 05f6 23       		.byte	0x23
 968 05f7 40       		.uleb128 0x40
 969 05f8 12       		.uleb128 0x12
 970 05f9 DD040000 		.4byte	.LASF71
 971 05fd 09       		.byte	0x9
 972 05fe 1D02     		.2byte	0x21d
 973 0600 46040000 		.4byte	0x446
 974 0604 02       		.byte	0x2
 975 0605 23       		.byte	0x23
 976 0606 44       		.uleb128 0x44
 977 0607 12       		.uleb128 0x12
 978 0608 BD020000 		.4byte	.LASF72
 979 060c 09       		.byte	0x9
 980 060d 1E02     		.2byte	0x21e
 981 060f 46040000 		.4byte	0x446
 982 0613 02       		.byte	0x2
 983 0614 23       		.byte	0x23
 984 0615 48       		.uleb128 0x48
 985 0616 0C       		.uleb128 0xc
 986 0617 445200   		.ascii	"DR\000"
 987 061a 09       		.byte	0x9
 988 061b 1F02     		.2byte	0x21f
 989 061d 46040000 		.4byte	0x446
 990 0621 02       		.byte	0x2
 991 0622 23       		.byte	0x23
 992 0623 4C       		.uleb128 0x4c
 993 0624 00       		.byte	0
 994 0625 13       		.uleb128 0x13
 995 0626 95020000 		.4byte	.LASF73
 996 062a 09       		.byte	0x9
 997 062b 2002     		.2byte	0x220
 998 062d F1040000 		.4byte	0x4f1
 999 0631 11       		.uleb128 0x11
 1000 0632 18       		.byte	0x18
 1001 0633 09       		.byte	0x9
 1002 0634 B102     		.2byte	0x2b1
 1003 0636 94060000 		.4byte	0x694
 1004 063a 0C       		.uleb128 0xc
 1005 063b 435200   		.ascii	"CR\000"
 1006 063e 09       		.byte	0x9
 1007 063f B302     		.2byte	0x2b3
 1008 0641 46040000 		.4byte	0x446
 1009 0645 02       		.byte	0x2
 1010 0646 23       		.byte	0x23
 1011 0647 00       		.uleb128 0
 1012 0648 12       		.uleb128 0x12
 1013 0649 39040000 		.4byte	.LASF74
 1014 064d 09       		.byte	0x9
 1015 064e B402     		.2byte	0x2b4
 1016 0650 46040000 		.4byte	0x446
 1017 0654 02       		.byte	0x2
 1018 0655 23       		.byte	0x23
 1019 0656 04       		.uleb128 0x4
 1020 0657 0C       		.uleb128 0xc
 1021 0658 50415200 		.ascii	"PAR\000"
 1022 065c 09       		.byte	0x9
ARM GAS  /var/folders/ng/s8655sgx1ys_4lf9jzm2w6n00000gn/T//ccHqLm4u.s 			page 19


 1023 065d B502     		.2byte	0x2b5
 1024 065f 46040000 		.4byte	0x446
 1025 0663 02       		.byte	0x2
 1026 0664 23       		.byte	0x23
 1027 0665 08       		.uleb128 0x8
 1028 0666 12       		.uleb128 0x12
 1029 0667 00000000 		.4byte	.LASF75
 1030 066b 09       		.byte	0x9
 1031 066c B602     		.2byte	0x2b6
 1032 066e 46040000 		.4byte	0x446
 1033 0672 02       		.byte	0x2
 1034 0673 23       		.byte	0x23
 1035 0674 0C       		.uleb128 0xc
 1036 0675 12       		.uleb128 0x12
 1037 0676 87040000 		.4byte	.LASF76
 1038 067a 09       		.byte	0x9
 1039 067b B702     		.2byte	0x2b7
 1040 067d 46040000 		.4byte	0x446
 1041 0681 02       		.byte	0x2
 1042 0682 23       		.byte	0x23
 1043 0683 10       		.uleb128 0x10
 1044 0684 0C       		.uleb128 0xc
 1045 0685 46435200 		.ascii	"FCR\000"
 1046 0689 09       		.byte	0x9
 1047 068a B802     		.2byte	0x2b8
 1048 068c 46040000 		.4byte	0x446
 1049 0690 02       		.byte	0x2
 1050 0691 23       		.byte	0x23
 1051 0692 14       		.uleb128 0x14
 1052 0693 00       		.byte	0
 1053 0694 13       		.uleb128 0x13
 1054 0695 3E040000 		.4byte	.LASF77
 1055 0699 09       		.byte	0x9
 1056 069a B902     		.2byte	0x2b9
 1057 069c 31060000 		.4byte	0x631
 1058 06a0 08       		.uleb128 0x8
 1059 06a1 0C       		.byte	0xc
 1060 06a2 0A       		.byte	0xa
 1061 06a3 DA       		.byte	0xda
 1062 06a4 EF060000 		.4byte	0x6ef
 1063 06a8 06       		.uleb128 0x6
 1064 06a9 20000000 		.4byte	.LASF78
 1065 06ad 0A       		.byte	0xa
 1066 06ae DB       		.byte	0xdb
 1067 06af EF060000 		.4byte	0x6ef
 1068 06b3 02       		.byte	0x2
 1069 06b4 23       		.byte	0x23
 1070 06b5 00       		.uleb128 0
 1071 06b6 06       		.uleb128 0x6
 1072 06b7 BB030000 		.4byte	.LASF79
 1073 06bb 0A       		.byte	0xa
 1074 06bc DC       		.byte	0xdc
 1075 06bd F5060000 		.4byte	0x6f5
 1076 06c1 02       		.byte	0x2
 1077 06c2 23       		.byte	0x23
 1078 06c3 04       		.uleb128 0x4
 1079 06c4 06       		.uleb128 0x6
ARM GAS  /var/folders/ng/s8655sgx1ys_4lf9jzm2w6n00000gn/T//ccHqLm4u.s 			page 20


 1080 06c5 DB010000 		.4byte	.LASF80
 1081 06c9 0A       		.byte	0xa
 1082 06ca DD       		.byte	0xdd
 1083 06cb 49000000 		.4byte	0x49
 1084 06cf 02       		.byte	0x2
 1085 06d0 23       		.byte	0x23
 1086 06d1 08       		.uleb128 0x8
 1087 06d2 06       		.uleb128 0x6
 1088 06d3 97010000 		.4byte	.LASF81
 1089 06d7 0A       		.byte	0xa
 1090 06d8 DF       		.byte	0xdf
 1091 06d9 49000000 		.4byte	0x49
 1092 06dd 02       		.byte	0x2
 1093 06de 23       		.byte	0x23
 1094 06df 09       		.uleb128 0x9
 1095 06e0 06       		.uleb128 0x6
 1096 06e1 34000000 		.4byte	.LASF82
 1097 06e5 0A       		.byte	0xa
 1098 06e6 E0       		.byte	0xe0
 1099 06e7 49000000 		.4byte	0x49
 1100 06eb 02       		.byte	0x2
 1101 06ec 23       		.byte	0x23
 1102 06ed 0A       		.uleb128 0xa
 1103 06ee 00       		.byte	0
 1104 06ef 09       		.uleb128 0x9
 1105 06f0 04       		.byte	0x4
 1106 06f1 94060000 		.4byte	0x694
 1107 06f5 09       		.uleb128 0x9
 1108 06f6 04       		.byte	0x4
 1109 06f7 46040000 		.4byte	0x446
 1110 06fb 03       		.uleb128 0x3
 1111 06fc 14030000 		.4byte	.LASF83
 1112 0700 0A       		.byte	0xa
 1113 0701 E1       		.byte	0xe1
 1114 0702 A0060000 		.4byte	0x6a0
 1115 0706 14       		.uleb128 0x14
 1116 0707 01       		.byte	0x1
 1117 0708 0B       		.byte	0xb
 1118 0709 55       		.byte	0x55
 1119 070a 33070000 		.4byte	0x733
 1120 070e 15       		.uleb128 0x15
 1121 070f 38010000 		.4byte	.LASF84
 1122 0713 00       		.sleb128 0
 1123 0714 15       		.uleb128 0x15
 1124 0715 A1020000 		.4byte	.LASF85
 1125 0719 01       		.sleb128 1
 1126 071a 15       		.uleb128 0x15
 1127 071b 14020000 		.4byte	.LASF86
 1128 071f 02       		.sleb128 2
 1129 0720 15       		.uleb128 0x15
 1130 0721 B9010000 		.4byte	.LASF87
 1131 0725 03       		.sleb128 3
 1132 0726 15       		.uleb128 0x15
 1133 0727 10040000 		.4byte	.LASF88
 1134 072b 04       		.sleb128 4
 1135 072c 15       		.uleb128 0x15
 1136 072d 8C040000 		.4byte	.LASF89
ARM GAS  /var/folders/ng/s8655sgx1ys_4lf9jzm2w6n00000gn/T//ccHqLm4u.s 			page 21


 1137 0731 05       		.sleb128 5
 1138 0732 00       		.byte	0
 1139 0733 03       		.uleb128 0x3
 1140 0734 15000000 		.4byte	.LASF90
 1141 0738 0B       		.byte	0xb
 1142 0739 5C       		.byte	0x5c
 1143 073a 06070000 		.4byte	0x706
 1144 073e 13       		.uleb128 0x13
 1145 073f 6E010000 		.4byte	.LASF91
 1146 0743 0C       		.byte	0xc
 1147 0744 2701     		.2byte	0x127
 1148 0746 62000000 		.4byte	0x62
 1149 074a 13       		.uleb128 0x13
 1150 074b F8040000 		.4byte	.LASF92
 1151 074f 0C       		.byte	0xc
 1152 0750 2C01     		.2byte	0x12c
 1153 0752 62000000 		.4byte	0x62
 1154 0756 16       		.uleb128 0x16
 1155 0757 01       		.byte	0x1
 1156 0758 0C       		.byte	0xc
 1157 0759 3301     		.2byte	0x133
 1158 075b 6C070000 		.4byte	0x76c
 1159 075f 15       		.uleb128 0x15
 1160 0760 F8000000 		.4byte	.LASF93
 1161 0764 00       		.sleb128 0
 1162 0765 15       		.uleb128 0x15
 1163 0766 A8010000 		.4byte	.LASF94
 1164 076a 01       		.sleb128 1
 1165 076b 00       		.byte	0
 1166 076c 13       		.uleb128 0x13
 1167 076d 85000000 		.4byte	.LASF95
 1168 0771 0C       		.byte	0xc
 1169 0772 3601     		.2byte	0x136
 1170 0774 56070000 		.4byte	0x756
 1171 0778 13       		.uleb128 0x13
 1172 0779 D1010000 		.4byte	.LASF96
 1173 077d 0C       		.byte	0xc
 1174 077e 3B01     		.2byte	0x13b
 1175 0780 84070000 		.4byte	0x784
 1176 0784 0B       		.uleb128 0xb
 1177 0785 D1010000 		.4byte	.LASF96
 1178 0789 24       		.byte	0x24
 1179 078a 0C       		.byte	0xc
 1180 078b 9F01     		.2byte	0x19f
 1181 078d 19080000 		.4byte	0x819
 1182 0791 12       		.uleb128 0x12
 1183 0792 E0000000 		.4byte	.LASF97
 1184 0796 0C       		.byte	0xc
 1185 0797 A301     		.2byte	0x1a3
 1186 0799 33070000 		.4byte	0x733
 1187 079d 02       		.byte	0x2
 1188 079e 23       		.byte	0x23
 1189 079f 00       		.uleb128 0
 1190 07a0 12       		.uleb128 0x12
 1191 07a1 04040000 		.4byte	.LASF98
 1192 07a5 0C       		.byte	0xc
 1193 07a6 A701     		.2byte	0x1a7
ARM GAS  /var/folders/ng/s8655sgx1ys_4lf9jzm2w6n00000gn/T//ccHqLm4u.s 			page 22


 1194 07a8 50090000 		.4byte	0x950
 1195 07ac 02       		.byte	0x2
 1196 07ad 23       		.byte	0x23
 1197 07ae 04       		.uleb128 0x4
 1198 07af 12       		.uleb128 0x12
 1199 07b0 84020000 		.4byte	.LASF99
 1200 07b4 0C       		.byte	0xc
 1201 07b5 AB01     		.2byte	0x1ab
 1202 07b7 47080000 		.4byte	0x847
 1203 07bb 02       		.byte	0x2
 1204 07bc 23       		.byte	0x23
 1205 07bd 08       		.uleb128 0x8
 1206 07be 12       		.uleb128 0x12
 1207 07bf 1E020000 		.4byte	.LASF100
 1208 07c3 0C       		.byte	0xc
 1209 07c4 AF01     		.2byte	0x1af
 1210 07c6 30000000 		.4byte	0x30
 1211 07ca 02       		.byte	0x2
 1212 07cb 23       		.byte	0x23
 1213 07cc 0C       		.uleb128 0xc
 1214 07cd 12       		.uleb128 0x12
 1215 07ce 6D020000 		.4byte	.LASF101
 1216 07d2 0C       		.byte	0xc
 1217 07d3 B301     		.2byte	0x1b3
 1218 07d5 5B090000 		.4byte	0x95b
 1219 07d9 02       		.byte	0x2
 1220 07da 23       		.byte	0x23
 1221 07db 10       		.uleb128 0x10
 1222 07dc 12       		.uleb128 0x12
 1223 07dd 2F030000 		.4byte	.LASF102
 1224 07e1 0C       		.byte	0xc
 1225 07e2 B801     		.2byte	0x1b8
 1226 07e4 65020000 		.4byte	0x265
 1227 07e8 02       		.byte	0x2
 1228 07e9 23       		.byte	0x23
 1229 07ea 14       		.uleb128 0x14
 1230 07eb 0C       		.uleb128 0xc
 1231 07ec 61646300 		.ascii	"adc\000"
 1232 07f0 0C       		.byte	0xc
 1233 07f1 CB01     		.2byte	0x1cb
 1234 07f3 66090000 		.4byte	0x966
 1235 07f7 02       		.byte	0x2
 1236 07f8 23       		.byte	0x23
 1237 07f9 18       		.uleb128 0x18
 1238 07fa 12       		.uleb128 0x12
 1239 07fb 90000000 		.4byte	.LASF103
 1240 07ff 0C       		.byte	0xc
 1241 0800 CF01     		.2byte	0x1cf
 1242 0802 6C090000 		.4byte	0x96c
 1243 0806 02       		.byte	0x2
 1244 0807 23       		.byte	0x23
 1245 0808 1C       		.uleb128 0x1c
 1246 0809 12       		.uleb128 0x12
 1247 080a E2040000 		.4byte	.LASF104
 1248 080e 0C       		.byte	0xc
 1249 080f D301     		.2byte	0x1d3
 1250 0811 86000000 		.4byte	0x86
ARM GAS  /var/folders/ng/s8655sgx1ys_4lf9jzm2w6n00000gn/T//ccHqLm4u.s 			page 23


 1251 0815 02       		.byte	0x2
 1252 0816 23       		.byte	0x23
 1253 0817 20       		.uleb128 0x20
 1254 0818 00       		.byte	0
 1255 0819 13       		.uleb128 0x13
 1256 081a 57010000 		.4byte	.LASF105
 1257 081e 0C       		.byte	0xc
 1258 081f 4501     		.2byte	0x145
 1259 0821 25080000 		.4byte	0x825
 1260 0825 09       		.uleb128 0x9
 1261 0826 04       		.byte	0x4
 1262 0827 2B080000 		.4byte	0x82b
 1263 082b 17       		.uleb128 0x17
 1264 082c 01       		.byte	0x1
 1265 082d 41080000 		.4byte	0x841
 1266 0831 18       		.uleb128 0x18
 1267 0832 41080000 		.4byte	0x841
 1268 0836 18       		.uleb128 0x18
 1269 0837 47080000 		.4byte	0x847
 1270 083b 18       		.uleb128 0x18
 1271 083c 30000000 		.4byte	0x30
 1272 0840 00       		.byte	0
 1273 0841 09       		.uleb128 0x9
 1274 0842 04       		.byte	0x4
 1275 0843 78070000 		.4byte	0x778
 1276 0847 09       		.uleb128 0x9
 1277 0848 04       		.byte	0x4
 1278 0849 3E070000 		.4byte	0x73e
 1279 084d 13       		.uleb128 0x13
 1280 084e 13010000 		.4byte	.LASF106
 1281 0852 0C       		.byte	0xc
 1282 0853 4E01     		.2byte	0x14e
 1283 0855 59080000 		.4byte	0x859
 1284 0859 09       		.uleb128 0x9
 1285 085a 04       		.byte	0x4
 1286 085b 5F080000 		.4byte	0x85f
 1287 085f 17       		.uleb128 0x17
 1288 0860 01       		.byte	0x1
 1289 0861 70080000 		.4byte	0x870
 1290 0865 18       		.uleb128 0x18
 1291 0866 41080000 		.4byte	0x841
 1292 086a 18       		.uleb128 0x18
 1293 086b 6C070000 		.4byte	0x76c
 1294 086f 00       		.byte	0
 1295 0870 11       		.uleb128 0x11
 1296 0871 28       		.byte	0x28
 1297 0872 0C       		.byte	0xc
 1298 0873 5801     		.2byte	0x158
 1299 0875 1F090000 		.4byte	0x91f
 1300 0879 12       		.uleb128 0x12
 1301 087a E6000000 		.4byte	.LASF107
 1302 087e 0C       		.byte	0xc
 1303 087f 5C01     		.2byte	0x15c
 1304 0881 A6000000 		.4byte	0xa6
 1305 0885 02       		.byte	0x2
 1306 0886 23       		.byte	0x23
 1307 0887 00       		.uleb128 0
ARM GAS  /var/folders/ng/s8655sgx1ys_4lf9jzm2w6n00000gn/T//ccHqLm4u.s 			page 24


 1308 0888 12       		.uleb128 0x12
 1309 0889 32020000 		.4byte	.LASF108
 1310 088d 0C       		.byte	0xc
 1311 088e 6001     		.2byte	0x160
 1312 0890 4A070000 		.4byte	0x74a
 1313 0894 02       		.byte	0x2
 1314 0895 23       		.byte	0x23
 1315 0896 02       		.uleb128 0x2
 1316 0897 12       		.uleb128 0x12
 1317 0898 50010000 		.4byte	.LASF109
 1318 089c 0C       		.byte	0xc
 1319 089d 6401     		.2byte	0x164
 1320 089f 19080000 		.4byte	0x819
 1321 08a3 02       		.byte	0x2
 1322 08a4 23       		.byte	0x23
 1323 08a5 04       		.uleb128 0x4
 1324 08a6 12       		.uleb128 0x12
 1325 08a7 7B030000 		.4byte	.LASF110
 1326 08ab 0C       		.byte	0xc
 1327 08ac 6801     		.2byte	0x168
 1328 08ae 4D080000 		.4byte	0x84d
 1329 08b2 02       		.byte	0x2
 1330 08b3 23       		.byte	0x23
 1331 08b4 08       		.uleb128 0x8
 1332 08b5 0C       		.uleb128 0xc
 1333 08b6 63723100 		.ascii	"cr1\000"
 1334 08ba 0C       		.byte	0xc
 1335 08bb 6F01     		.2byte	0x16f
 1336 08bd 86000000 		.4byte	0x86
 1337 08c1 02       		.byte	0x2
 1338 08c2 23       		.byte	0x23
 1339 08c3 0C       		.uleb128 0xc
 1340 08c4 0C       		.uleb128 0xc
 1341 08c5 63723200 		.ascii	"cr2\000"
 1342 08c9 0C       		.byte	0xc
 1343 08ca 7601     		.2byte	0x176
 1344 08cc 86000000 		.4byte	0x86
 1345 08d0 02       		.byte	0x2
 1346 08d1 23       		.byte	0x23
 1347 08d2 10       		.uleb128 0x10
 1348 08d3 12       		.uleb128 0x12
 1349 08d4 A6040000 		.4byte	.LASF111
 1350 08d8 0C       		.byte	0xc
 1351 08d9 7C01     		.2byte	0x17c
 1352 08db 86000000 		.4byte	0x86
 1353 08df 02       		.byte	0x2
 1354 08e0 23       		.byte	0x23
 1355 08e1 14       		.uleb128 0x14
 1356 08e2 12       		.uleb128 0x12
 1357 08e3 AC040000 		.4byte	.LASF112
 1358 08e7 0C       		.byte	0xc
 1359 08e8 8201     		.2byte	0x182
 1360 08ea 86000000 		.4byte	0x86
 1361 08ee 02       		.byte	0x2
 1362 08ef 23       		.byte	0x23
 1363 08f0 18       		.uleb128 0x18
 1364 08f1 12       		.uleb128 0x12
ARM GAS  /var/folders/ng/s8655sgx1ys_4lf9jzm2w6n00000gn/T//ccHqLm4u.s 			page 25


 1365 08f2 0B040000 		.4byte	.LASF113
 1366 08f6 0C       		.byte	0xc
 1367 08f7 8701     		.2byte	0x187
 1368 08f9 86000000 		.4byte	0x86
 1369 08fd 02       		.byte	0x2
 1370 08fe 23       		.byte	0x23
 1371 08ff 1C       		.uleb128 0x1c
 1372 0900 12       		.uleb128 0x12
 1373 0901 00030000 		.4byte	.LASF114
 1374 0905 0C       		.byte	0xc
 1375 0906 8C01     		.2byte	0x18c
 1376 0908 86000000 		.4byte	0x86
 1377 090c 02       		.byte	0x2
 1378 090d 23       		.byte	0x23
 1379 090e 20       		.uleb128 0x20
 1380 090f 12       		.uleb128 0x12
 1381 0910 43010000 		.4byte	.LASF115
 1382 0914 0C       		.byte	0xc
 1383 0915 9101     		.2byte	0x191
 1384 0917 86000000 		.4byte	0x86
 1385 091b 02       		.byte	0x2
 1386 091c 23       		.byte	0x23
 1387 091d 24       		.uleb128 0x24
 1388 091e 00       		.byte	0
 1389 091f 13       		.uleb128 0x13
 1390 0920 C0040000 		.4byte	.LASF116
 1391 0924 0C       		.byte	0xc
 1392 0925 9201     		.2byte	0x192
 1393 0927 70080000 		.4byte	0x870
 1394 092b 11       		.uleb128 0x11
 1395 092c 04       		.byte	0x4
 1396 092d 0C       		.byte	0xc
 1397 092e 9801     		.2byte	0x198
 1398 0930 44090000 		.4byte	0x944
 1399 0934 12       		.uleb128 0x12
 1400 0935 C0030000 		.4byte	.LASF117
 1401 0939 0C       		.byte	0xc
 1402 093a 9901     		.2byte	0x199
 1403 093c 86000000 		.4byte	0x86
 1404 0940 02       		.byte	0x2
 1405 0941 23       		.byte	0x23
 1406 0942 00       		.uleb128 0
 1407 0943 00       		.byte	0
 1408 0944 13       		.uleb128 0x13
 1409 0945 D9030000 		.4byte	.LASF118
 1410 0949 0C       		.byte	0xc
 1411 094a 9A01     		.2byte	0x19a
 1412 094c 2B090000 		.4byte	0x92b
 1413 0950 09       		.uleb128 0x9
 1414 0951 04       		.byte	0x4
 1415 0952 56090000 		.4byte	0x956
 1416 0956 10       		.uleb128 0x10
 1417 0957 44090000 		.4byte	0x944
 1418 095b 09       		.uleb128 0x9
 1419 095c 04       		.byte	0x4
 1420 095d 61090000 		.4byte	0x961
 1421 0961 10       		.uleb128 0x10
ARM GAS  /var/folders/ng/s8655sgx1ys_4lf9jzm2w6n00000gn/T//ccHqLm4u.s 			page 26


 1422 0962 1F090000 		.4byte	0x91f
 1423 0966 09       		.uleb128 0x9
 1424 0967 04       		.byte	0x4
 1425 0968 25060000 		.4byte	0x625
 1426 096c 09       		.uleb128 0x9
 1427 096d 04       		.byte	0x4
 1428 096e 72090000 		.4byte	0x972
 1429 0972 10       		.uleb128 0x10
 1430 0973 FB060000 		.4byte	0x6fb
 1431 0977 14       		.uleb128 0x14
 1432 0978 01       		.byte	0x1
 1433 0979 0D       		.byte	0xd
 1434 097a 5D       		.byte	0x5d
 1435 097b 8C090000 		.4byte	0x98c
 1436 097f 15       		.uleb128 0x15
 1437 0980 A7030000 		.4byte	.LASF119
 1438 0984 0A       		.sleb128 10
 1439 0985 15       		.uleb128 0x15
 1440 0986 58040000 		.4byte	.LASF120
 1441 098a 0B       		.sleb128 11
 1442 098b 00       		.byte	0
 1443 098c 03       		.uleb128 0x3
 1444 098d CF030000 		.4byte	.LASF121
 1445 0991 0D       		.byte	0xd
 1446 0992 60       		.byte	0x60
 1447 0993 77090000 		.4byte	0x977
 1448 0997 19       		.uleb128 0x19
 1449 0998 01       		.byte	0x1
 1450 0999 5C030000 		.4byte	.LASF130
 1451 099d 01       		.byte	0x1
 1452 099e 53       		.byte	0x53
 1453 099f 01       		.byte	0x1
 1454 09a0 00000000 		.4byte	.LFB119
 1455 09a4 2E000000 		.4byte	.LFE119
 1456 09a8 00000000 		.4byte	.LLST0
 1457 09ac 01       		.byte	0x1
 1458 09ad F4090000 		.4byte	0x9f4
 1459 09b1 1A       		.uleb128 0x1a
 1460 09b2 12000000 		.4byte	.LVL0
 1461 09b6 8D0A0000 		.4byte	0xa8d
 1462 09ba CA090000 		.4byte	0x9ca
 1463 09be 1B       		.uleb128 0x1b
 1464 09bf 01       		.byte	0x1
 1465 09c0 51       		.byte	0x51
 1466 09c1 01       		.byte	0x1
 1467 09c2 30       		.byte	0x30
 1468 09c3 1B       		.uleb128 0x1b
 1469 09c4 01       		.byte	0x1
 1470 09c5 50       		.byte	0x50
 1471 09c6 02       		.byte	0x2
 1472 09c7 74       		.byte	0x74
 1473 09c8 00       		.sleb128 0
 1474 09c9 00       		.byte	0
 1475 09ca 1C       		.uleb128 0x1c
 1476 09cb 2E000000 		.4byte	.LVL1
 1477 09cf 01       		.byte	0x1
 1478 09d0 A70A0000 		.4byte	0xaa7
ARM GAS  /var/folders/ng/s8655sgx1ys_4lf9jzm2w6n00000gn/T//ccHqLm4u.s 			page 27


 1479 09d4 1B       		.uleb128 0x1b
 1480 09d5 01       		.byte	0x1
 1481 09d6 53       		.byte	0x53
 1482 09d7 02       		.byte	0x2
 1483 09d8 08       		.byte	0x8
 1484 09d9 64       		.byte	0x64
 1485 09da 1B       		.uleb128 0x1b
 1486 09db 01       		.byte	0x1
 1487 09dc 52       		.byte	0x52
 1488 09dd 05       		.byte	0x5
 1489 09de 03       		.byte	0x3
 1490 09df 00000000 		.4byte	.LANCHOR1
 1491 09e3 1B       		.uleb128 0x1b
 1492 09e4 01       		.byte	0x1
 1493 09e5 51       		.byte	0x51
 1494 09e6 05       		.byte	0x5
 1495 09e7 03       		.byte	0x3
 1496 09e8 00000000 		.4byte	.LANCHOR0
 1497 09ec 1B       		.uleb128 0x1b
 1498 09ed 01       		.byte	0x1
 1499 09ee 50       		.byte	0x50
 1500 09ef 02       		.byte	0x2
 1501 09f0 74       		.byte	0x74
 1502 09f1 00       		.sleb128 0
 1503 09f2 00       		.byte	0
 1504 09f3 00       		.byte	0
 1505 09f4 1D       		.uleb128 0x1d
 1506 09f5 01       		.byte	0x1
 1507 09f6 AA020000 		.4byte	.LASF131
 1508 09fa 01       		.byte	0x1
 1509 09fb 61       		.byte	0x61
 1510 09fc 01       		.byte	0x1
 1511 09fd 62000000 		.4byte	0x62
 1512 0a01 00000000 		.4byte	.LFB120
 1513 0a05 3C000000 		.4byte	.LFE120
 1514 0a09 20000000 		.4byte	.LLST1
 1515 0a0d 01       		.byte	0x1
 1516 0a0e 3E0A0000 		.4byte	0xa3e
 1517 0a12 1E       		.uleb128 0x1e
 1518 0a13 70696E00 		.ascii	"pin\000"
 1519 0a17 01       		.byte	0x1
 1520 0a18 61       		.byte	0x61
 1521 0a19 8C090000 		.4byte	0x98c
 1522 0a1d 40000000 		.4byte	.LLST2
 1523 0a21 1F       		.uleb128 0x1f
 1524 0a22 6900     		.ascii	"i\000"
 1525 0a24 01       		.byte	0x1
 1526 0a25 63       		.byte	0x63
 1527 0a26 29000000 		.4byte	0x29
 1528 0a2a 61000000 		.4byte	.LLST3
 1529 0a2e 20       		.uleb128 0x20
 1530 0a2f 61020000 		.4byte	.LASF122
 1531 0a33 01       		.byte	0x1
 1532 0a34 63       		.byte	0x63
 1533 0a35 29000000 		.4byte	0x29
 1534 0a39 75000000 		.4byte	.LLST4
 1535 0a3d 00       		.byte	0
ARM GAS  /var/folders/ng/s8655sgx1ys_4lf9jzm2w6n00000gn/T//ccHqLm4u.s 			page 28


 1536 0a3e 21       		.uleb128 0x21
 1537 0a3f 3E070000 		.4byte	0x73e
 1538 0a43 4F0A0000 		.4byte	0xa4f
 1539 0a47 22       		.uleb128 0x22
 1540 0a48 4B040000 		.4byte	0x44b
 1541 0a4c AF04     		.2byte	0x4af
 1542 0a4e 00       		.byte	0
 1543 0a4f 23       		.uleb128 0x23
 1544 0a50 05000000 		.4byte	.LASF123
 1545 0a54 01       		.byte	0x1
 1546 0a55 2C       		.byte	0x2c
 1547 0a56 3E0A0000 		.4byte	0xa3e
 1548 0a5a 05       		.byte	0x5
 1549 0a5b 03       		.byte	0x3
 1550 0a5c 00000000 		.4byte	_samples
 1551 0a60 23       		.uleb128 0x23
 1552 0a61 0B010000 		.4byte	.LASF124
 1553 0a65 01       		.byte	0x1
 1554 0a66 33       		.byte	0x33
 1555 0a67 61090000 		.4byte	0x961
 1556 0a6b 05       		.byte	0x5
 1557 0a6c 03       		.byte	0x3
 1558 0a6d 00000000 		.4byte	_config
 1559 0a71 24       		.uleb128 0x24
 1560 0a72 3B000000 		.4byte	.LASF125
 1561 0a76 0E       		.byte	0xe
 1562 0a77 9806     		.2byte	0x698
 1563 0a79 EC040000 		.4byte	0x4ec
 1564 0a7d 01       		.byte	0x1
 1565 0a7e 01       		.byte	0x1
 1566 0a7f 24       		.uleb128 0x24
 1567 0a80 B2040000 		.4byte	.LASF126
 1568 0a84 0C       		.byte	0xc
 1569 0a85 1802     		.2byte	0x218
 1570 0a87 78070000 		.4byte	0x778
 1571 0a8b 01       		.byte	0x1
 1572 0a8c 01       		.byte	0x1
 1573 0a8d 25       		.uleb128 0x25
 1574 0a8e 01       		.byte	0x1
 1575 0a8f 96040000 		.4byte	.LASF132
 1576 0a93 0B       		.byte	0xb
 1577 0a94 1E01     		.2byte	0x11e
 1578 0a96 01       		.byte	0x1
 1579 0a97 01       		.byte	0x1
 1580 0a98 A70A0000 		.4byte	0xaa7
 1581 0a9c 18       		.uleb128 0x18
 1582 0a9d 41080000 		.4byte	0x841
 1583 0aa1 18       		.uleb128 0x18
 1584 0aa2 50090000 		.4byte	0x950
 1585 0aa6 00       		.byte	0
 1586 0aa7 26       		.uleb128 0x26
 1587 0aa8 01       		.byte	0x1
 1588 0aa9 62040000 		.4byte	.LASF133
 1589 0aad 0B       		.byte	0xb
 1590 0aae 2001     		.2byte	0x120
 1591 0ab0 01       		.byte	0x1
 1592 0ab1 01       		.byte	0x1
ARM GAS  /var/folders/ng/s8655sgx1ys_4lf9jzm2w6n00000gn/T//ccHqLm4u.s 			page 29


 1593 0ab2 18       		.uleb128 0x18
 1594 0ab3 41080000 		.4byte	0x841
 1595 0ab7 18       		.uleb128 0x18
 1596 0ab8 5B090000 		.4byte	0x95b
 1597 0abc 18       		.uleb128 0x18
 1598 0abd 47080000 		.4byte	0x847
 1599 0ac1 18       		.uleb128 0x18
 1600 0ac2 30000000 		.4byte	0x30
 1601 0ac6 00       		.byte	0
 1602 0ac7 00       		.byte	0
 1603              		.section	.debug_abbrev,"",%progbits
 1604              	.Ldebug_abbrev0:
 1605 0000 01       		.uleb128 0x1
 1606 0001 11       		.uleb128 0x11
 1607 0002 01       		.byte	0x1
 1608 0003 25       		.uleb128 0x25
 1609 0004 0E       		.uleb128 0xe
 1610 0005 13       		.uleb128 0x13
 1611 0006 0B       		.uleb128 0xb
 1612 0007 03       		.uleb128 0x3
 1613 0008 0E       		.uleb128 0xe
 1614 0009 1B       		.uleb128 0x1b
 1615 000a 0E       		.uleb128 0xe
 1616 000b 55       		.uleb128 0x55
 1617 000c 06       		.uleb128 0x6
 1618 000d 11       		.uleb128 0x11
 1619 000e 01       		.uleb128 0x1
 1620 000f 52       		.uleb128 0x52
 1621 0010 01       		.uleb128 0x1
 1622 0011 10       		.uleb128 0x10
 1623 0012 06       		.uleb128 0x6
 1624 0013 00       		.byte	0
 1625 0014 00       		.byte	0
 1626 0015 02       		.uleb128 0x2
 1627 0016 24       		.uleb128 0x24
 1628 0017 00       		.byte	0
 1629 0018 0B       		.uleb128 0xb
 1630 0019 0B       		.uleb128 0xb
 1631 001a 3E       		.uleb128 0x3e
 1632 001b 0B       		.uleb128 0xb
 1633 001c 03       		.uleb128 0x3
 1634 001d 08       		.uleb128 0x8
 1635 001e 00       		.byte	0
 1636 001f 00       		.byte	0
 1637 0020 03       		.uleb128 0x3
 1638 0021 16       		.uleb128 0x16
 1639 0022 00       		.byte	0
 1640 0023 03       		.uleb128 0x3
 1641 0024 0E       		.uleb128 0xe
 1642 0025 3A       		.uleb128 0x3a
 1643 0026 0B       		.uleb128 0xb
 1644 0027 3B       		.uleb128 0x3b
 1645 0028 0B       		.uleb128 0xb
 1646 0029 49       		.uleb128 0x49
 1647 002a 13       		.uleb128 0x13
 1648 002b 00       		.byte	0
 1649 002c 00       		.byte	0
ARM GAS  /var/folders/ng/s8655sgx1ys_4lf9jzm2w6n00000gn/T//ccHqLm4u.s 			page 30


 1650 002d 04       		.uleb128 0x4
 1651 002e 24       		.uleb128 0x24
 1652 002f 00       		.byte	0
 1653 0030 0B       		.uleb128 0xb
 1654 0031 0B       		.uleb128 0xb
 1655 0032 3E       		.uleb128 0x3e
 1656 0033 0B       		.uleb128 0xb
 1657 0034 03       		.uleb128 0x3
 1658 0035 0E       		.uleb128 0xe
 1659 0036 00       		.byte	0
 1660 0037 00       		.byte	0
 1661 0038 05       		.uleb128 0x5
 1662 0039 13       		.uleb128 0x13
 1663 003a 01       		.byte	0x1
 1664 003b 03       		.uleb128 0x3
 1665 003c 0E       		.uleb128 0xe
 1666 003d 0B       		.uleb128 0xb
 1667 003e 0B       		.uleb128 0xb
 1668 003f 3A       		.uleb128 0x3a
 1669 0040 0B       		.uleb128 0xb
 1670 0041 3B       		.uleb128 0x3b
 1671 0042 0B       		.uleb128 0xb
 1672 0043 01       		.uleb128 0x1
 1673 0044 13       		.uleb128 0x13
 1674 0045 00       		.byte	0
 1675 0046 00       		.byte	0
 1676 0047 06       		.uleb128 0x6
 1677 0048 0D       		.uleb128 0xd
 1678 0049 00       		.byte	0
 1679 004a 03       		.uleb128 0x3
 1680 004b 0E       		.uleb128 0xe
 1681 004c 3A       		.uleb128 0x3a
 1682 004d 0B       		.uleb128 0xb
 1683 004e 3B       		.uleb128 0x3b
 1684 004f 0B       		.uleb128 0xb
 1685 0050 49       		.uleb128 0x49
 1686 0051 13       		.uleb128 0x13
 1687 0052 38       		.uleb128 0x38
 1688 0053 0A       		.uleb128 0xa
 1689 0054 00       		.byte	0
 1690 0055 00       		.byte	0
 1691 0056 07       		.uleb128 0x7
 1692 0057 0D       		.uleb128 0xd
 1693 0058 00       		.byte	0
 1694 0059 03       		.uleb128 0x3
 1695 005a 08       		.uleb128 0x8
 1696 005b 3A       		.uleb128 0x3a
 1697 005c 0B       		.uleb128 0xb
 1698 005d 3B       		.uleb128 0x3b
 1699 005e 0B       		.uleb128 0xb
 1700 005f 49       		.uleb128 0x49
 1701 0060 13       		.uleb128 0x13
 1702 0061 38       		.uleb128 0x38
 1703 0062 0A       		.uleb128 0xa
 1704 0063 00       		.byte	0
 1705 0064 00       		.byte	0
 1706 0065 08       		.uleb128 0x8
ARM GAS  /var/folders/ng/s8655sgx1ys_4lf9jzm2w6n00000gn/T//ccHqLm4u.s 			page 31


 1707 0066 13       		.uleb128 0x13
 1708 0067 01       		.byte	0x1
 1709 0068 0B       		.uleb128 0xb
 1710 0069 0B       		.uleb128 0xb
 1711 006a 3A       		.uleb128 0x3a
 1712 006b 0B       		.uleb128 0xb
 1713 006c 3B       		.uleb128 0x3b
 1714 006d 0B       		.uleb128 0xb
 1715 006e 01       		.uleb128 0x1
 1716 006f 13       		.uleb128 0x13
 1717 0070 00       		.byte	0
 1718 0071 00       		.byte	0
 1719 0072 09       		.uleb128 0x9
 1720 0073 0F       		.uleb128 0xf
 1721 0074 00       		.byte	0
 1722 0075 0B       		.uleb128 0xb
 1723 0076 0B       		.uleb128 0xb
 1724 0077 49       		.uleb128 0x49
 1725 0078 13       		.uleb128 0x13
 1726 0079 00       		.byte	0
 1727 007a 00       		.byte	0
 1728 007b 0A       		.uleb128 0xa
 1729 007c 0F       		.uleb128 0xf
 1730 007d 00       		.byte	0
 1731 007e 0B       		.uleb128 0xb
 1732 007f 0B       		.uleb128 0xb
 1733 0080 00       		.byte	0
 1734 0081 00       		.byte	0
 1735 0082 0B       		.uleb128 0xb
 1736 0083 13       		.uleb128 0x13
 1737 0084 01       		.byte	0x1
 1738 0085 03       		.uleb128 0x3
 1739 0086 0E       		.uleb128 0xe
 1740 0087 0B       		.uleb128 0xb
 1741 0088 0B       		.uleb128 0xb
 1742 0089 3A       		.uleb128 0x3a
 1743 008a 0B       		.uleb128 0xb
 1744 008b 3B       		.uleb128 0x3b
 1745 008c 05       		.uleb128 0x5
 1746 008d 01       		.uleb128 0x1
 1747 008e 13       		.uleb128 0x13
 1748 008f 00       		.byte	0
 1749 0090 00       		.byte	0
 1750 0091 0C       		.uleb128 0xc
 1751 0092 0D       		.uleb128 0xd
 1752 0093 00       		.byte	0
 1753 0094 03       		.uleb128 0x3
 1754 0095 08       		.uleb128 0x8
 1755 0096 3A       		.uleb128 0x3a
 1756 0097 0B       		.uleb128 0xb
 1757 0098 3B       		.uleb128 0x3b
 1758 0099 05       		.uleb128 0x5
 1759 009a 49       		.uleb128 0x49
 1760 009b 13       		.uleb128 0x13
 1761 009c 38       		.uleb128 0x38
 1762 009d 0A       		.uleb128 0xa
 1763 009e 00       		.byte	0
ARM GAS  /var/folders/ng/s8655sgx1ys_4lf9jzm2w6n00000gn/T//ccHqLm4u.s 			page 32


 1764 009f 00       		.byte	0
 1765 00a0 0D       		.uleb128 0xd
 1766 00a1 35       		.uleb128 0x35
 1767 00a2 00       		.byte	0
 1768 00a3 49       		.uleb128 0x49
 1769 00a4 13       		.uleb128 0x13
 1770 00a5 00       		.byte	0
 1771 00a6 00       		.byte	0
 1772 00a7 0E       		.uleb128 0xe
 1773 00a8 17       		.uleb128 0x17
 1774 00a9 01       		.byte	0x1
 1775 00aa 0B       		.uleb128 0xb
 1776 00ab 0B       		.uleb128 0xb
 1777 00ac 3A       		.uleb128 0x3a
 1778 00ad 0B       		.uleb128 0xb
 1779 00ae 3B       		.uleb128 0x3b
 1780 00af 0B       		.uleb128 0xb
 1781 00b0 01       		.uleb128 0x1
 1782 00b1 13       		.uleb128 0x13
 1783 00b2 00       		.byte	0
 1784 00b3 00       		.byte	0
 1785 00b4 0F       		.uleb128 0xf
 1786 00b5 0D       		.uleb128 0xd
 1787 00b6 00       		.byte	0
 1788 00b7 03       		.uleb128 0x3
 1789 00b8 0E       		.uleb128 0xe
 1790 00b9 3A       		.uleb128 0x3a
 1791 00ba 0B       		.uleb128 0xb
 1792 00bb 3B       		.uleb128 0x3b
 1793 00bc 0B       		.uleb128 0xb
 1794 00bd 49       		.uleb128 0x49
 1795 00be 13       		.uleb128 0x13
 1796 00bf 00       		.byte	0
 1797 00c0 00       		.byte	0
 1798 00c1 10       		.uleb128 0x10
 1799 00c2 26       		.uleb128 0x26
 1800 00c3 00       		.byte	0
 1801 00c4 49       		.uleb128 0x49
 1802 00c5 13       		.uleb128 0x13
 1803 00c6 00       		.byte	0
 1804 00c7 00       		.byte	0
 1805 00c8 11       		.uleb128 0x11
 1806 00c9 13       		.uleb128 0x13
 1807 00ca 01       		.byte	0x1
 1808 00cb 0B       		.uleb128 0xb
 1809 00cc 0B       		.uleb128 0xb
 1810 00cd 3A       		.uleb128 0x3a
 1811 00ce 0B       		.uleb128 0xb
 1812 00cf 3B       		.uleb128 0x3b
 1813 00d0 05       		.uleb128 0x5
 1814 00d1 01       		.uleb128 0x1
 1815 00d2 13       		.uleb128 0x13
 1816 00d3 00       		.byte	0
 1817 00d4 00       		.byte	0
 1818 00d5 12       		.uleb128 0x12
 1819 00d6 0D       		.uleb128 0xd
 1820 00d7 00       		.byte	0
ARM GAS  /var/folders/ng/s8655sgx1ys_4lf9jzm2w6n00000gn/T//ccHqLm4u.s 			page 33


 1821 00d8 03       		.uleb128 0x3
 1822 00d9 0E       		.uleb128 0xe
 1823 00da 3A       		.uleb128 0x3a
 1824 00db 0B       		.uleb128 0xb
 1825 00dc 3B       		.uleb128 0x3b
 1826 00dd 05       		.uleb128 0x5
 1827 00de 49       		.uleb128 0x49
 1828 00df 13       		.uleb128 0x13
 1829 00e0 38       		.uleb128 0x38
 1830 00e1 0A       		.uleb128 0xa
 1831 00e2 00       		.byte	0
 1832 00e3 00       		.byte	0
 1833 00e4 13       		.uleb128 0x13
 1834 00e5 16       		.uleb128 0x16
 1835 00e6 00       		.byte	0
 1836 00e7 03       		.uleb128 0x3
 1837 00e8 0E       		.uleb128 0xe
 1838 00e9 3A       		.uleb128 0x3a
 1839 00ea 0B       		.uleb128 0xb
 1840 00eb 3B       		.uleb128 0x3b
 1841 00ec 05       		.uleb128 0x5
 1842 00ed 49       		.uleb128 0x49
 1843 00ee 13       		.uleb128 0x13
 1844 00ef 00       		.byte	0
 1845 00f0 00       		.byte	0
 1846 00f1 14       		.uleb128 0x14
 1847 00f2 04       		.uleb128 0x4
 1848 00f3 01       		.byte	0x1
 1849 00f4 0B       		.uleb128 0xb
 1850 00f5 0B       		.uleb128 0xb
 1851 00f6 3A       		.uleb128 0x3a
 1852 00f7 0B       		.uleb128 0xb
 1853 00f8 3B       		.uleb128 0x3b
 1854 00f9 0B       		.uleb128 0xb
 1855 00fa 01       		.uleb128 0x1
 1856 00fb 13       		.uleb128 0x13
 1857 00fc 00       		.byte	0
 1858 00fd 00       		.byte	0
 1859 00fe 15       		.uleb128 0x15
 1860 00ff 28       		.uleb128 0x28
 1861 0100 00       		.byte	0
 1862 0101 03       		.uleb128 0x3
 1863 0102 0E       		.uleb128 0xe
 1864 0103 1C       		.uleb128 0x1c
 1865 0104 0D       		.uleb128 0xd
 1866 0105 00       		.byte	0
 1867 0106 00       		.byte	0
 1868 0107 16       		.uleb128 0x16
 1869 0108 04       		.uleb128 0x4
 1870 0109 01       		.byte	0x1
 1871 010a 0B       		.uleb128 0xb
 1872 010b 0B       		.uleb128 0xb
 1873 010c 3A       		.uleb128 0x3a
 1874 010d 0B       		.uleb128 0xb
 1875 010e 3B       		.uleb128 0x3b
 1876 010f 05       		.uleb128 0x5
 1877 0110 01       		.uleb128 0x1
ARM GAS  /var/folders/ng/s8655sgx1ys_4lf9jzm2w6n00000gn/T//ccHqLm4u.s 			page 34


 1878 0111 13       		.uleb128 0x13
 1879 0112 00       		.byte	0
 1880 0113 00       		.byte	0
 1881 0114 17       		.uleb128 0x17
 1882 0115 15       		.uleb128 0x15
 1883 0116 01       		.byte	0x1
 1884 0117 27       		.uleb128 0x27
 1885 0118 0C       		.uleb128 0xc
 1886 0119 01       		.uleb128 0x1
 1887 011a 13       		.uleb128 0x13
 1888 011b 00       		.byte	0
 1889 011c 00       		.byte	0
 1890 011d 18       		.uleb128 0x18
 1891 011e 05       		.uleb128 0x5
 1892 011f 00       		.byte	0
 1893 0120 49       		.uleb128 0x49
 1894 0121 13       		.uleb128 0x13
 1895 0122 00       		.byte	0
 1896 0123 00       		.byte	0
 1897 0124 19       		.uleb128 0x19
 1898 0125 2E       		.uleb128 0x2e
 1899 0126 01       		.byte	0x1
 1900 0127 3F       		.uleb128 0x3f
 1901 0128 0C       		.uleb128 0xc
 1902 0129 03       		.uleb128 0x3
 1903 012a 0E       		.uleb128 0xe
 1904 012b 3A       		.uleb128 0x3a
 1905 012c 0B       		.uleb128 0xb
 1906 012d 3B       		.uleb128 0x3b
 1907 012e 0B       		.uleb128 0xb
 1908 012f 27       		.uleb128 0x27
 1909 0130 0C       		.uleb128 0xc
 1910 0131 11       		.uleb128 0x11
 1911 0132 01       		.uleb128 0x1
 1912 0133 12       		.uleb128 0x12
 1913 0134 01       		.uleb128 0x1
 1914 0135 40       		.uleb128 0x40
 1915 0136 06       		.uleb128 0x6
 1916 0137 9742     		.uleb128 0x2117
 1917 0139 0C       		.uleb128 0xc
 1918 013a 01       		.uleb128 0x1
 1919 013b 13       		.uleb128 0x13
 1920 013c 00       		.byte	0
 1921 013d 00       		.byte	0
 1922 013e 1A       		.uleb128 0x1a
 1923 013f 898201   		.uleb128 0x4109
 1924 0142 01       		.byte	0x1
 1925 0143 11       		.uleb128 0x11
 1926 0144 01       		.uleb128 0x1
 1927 0145 31       		.uleb128 0x31
 1928 0146 13       		.uleb128 0x13
 1929 0147 01       		.uleb128 0x1
 1930 0148 13       		.uleb128 0x13
 1931 0149 00       		.byte	0
 1932 014a 00       		.byte	0
 1933 014b 1B       		.uleb128 0x1b
 1934 014c 8A8201   		.uleb128 0x410a
ARM GAS  /var/folders/ng/s8655sgx1ys_4lf9jzm2w6n00000gn/T//ccHqLm4u.s 			page 35


 1935 014f 00       		.byte	0
 1936 0150 02       		.uleb128 0x2
 1937 0151 0A       		.uleb128 0xa
 1938 0152 9142     		.uleb128 0x2111
 1939 0154 0A       		.uleb128 0xa
 1940 0155 00       		.byte	0
 1941 0156 00       		.byte	0
 1942 0157 1C       		.uleb128 0x1c
 1943 0158 898201   		.uleb128 0x4109
 1944 015b 01       		.byte	0x1
 1945 015c 11       		.uleb128 0x11
 1946 015d 01       		.uleb128 0x1
 1947 015e 9542     		.uleb128 0x2115
 1948 0160 0C       		.uleb128 0xc
 1949 0161 31       		.uleb128 0x31
 1950 0162 13       		.uleb128 0x13
 1951 0163 00       		.byte	0
 1952 0164 00       		.byte	0
 1953 0165 1D       		.uleb128 0x1d
 1954 0166 2E       		.uleb128 0x2e
 1955 0167 01       		.byte	0x1
 1956 0168 3F       		.uleb128 0x3f
 1957 0169 0C       		.uleb128 0xc
 1958 016a 03       		.uleb128 0x3
 1959 016b 0E       		.uleb128 0xe
 1960 016c 3A       		.uleb128 0x3a
 1961 016d 0B       		.uleb128 0xb
 1962 016e 3B       		.uleb128 0x3b
 1963 016f 0B       		.uleb128 0xb
 1964 0170 27       		.uleb128 0x27
 1965 0171 0C       		.uleb128 0xc
 1966 0172 49       		.uleb128 0x49
 1967 0173 13       		.uleb128 0x13
 1968 0174 11       		.uleb128 0x11
 1969 0175 01       		.uleb128 0x1
 1970 0176 12       		.uleb128 0x12
 1971 0177 01       		.uleb128 0x1
 1972 0178 40       		.uleb128 0x40
 1973 0179 06       		.uleb128 0x6
 1974 017a 9742     		.uleb128 0x2117
 1975 017c 0C       		.uleb128 0xc
 1976 017d 01       		.uleb128 0x1
 1977 017e 13       		.uleb128 0x13
 1978 017f 00       		.byte	0
 1979 0180 00       		.byte	0
 1980 0181 1E       		.uleb128 0x1e
 1981 0182 05       		.uleb128 0x5
 1982 0183 00       		.byte	0
 1983 0184 03       		.uleb128 0x3
 1984 0185 08       		.uleb128 0x8
 1985 0186 3A       		.uleb128 0x3a
 1986 0187 0B       		.uleb128 0xb
 1987 0188 3B       		.uleb128 0x3b
 1988 0189 0B       		.uleb128 0xb
 1989 018a 49       		.uleb128 0x49
 1990 018b 13       		.uleb128 0x13
 1991 018c 02       		.uleb128 0x2
ARM GAS  /var/folders/ng/s8655sgx1ys_4lf9jzm2w6n00000gn/T//ccHqLm4u.s 			page 36


 1992 018d 06       		.uleb128 0x6
 1993 018e 00       		.byte	0
 1994 018f 00       		.byte	0
 1995 0190 1F       		.uleb128 0x1f
 1996 0191 34       		.uleb128 0x34
 1997 0192 00       		.byte	0
 1998 0193 03       		.uleb128 0x3
 1999 0194 08       		.uleb128 0x8
 2000 0195 3A       		.uleb128 0x3a
 2001 0196 0B       		.uleb128 0xb
 2002 0197 3B       		.uleb128 0x3b
 2003 0198 0B       		.uleb128 0xb
 2004 0199 49       		.uleb128 0x49
 2005 019a 13       		.uleb128 0x13
 2006 019b 02       		.uleb128 0x2
 2007 019c 06       		.uleb128 0x6
 2008 019d 00       		.byte	0
 2009 019e 00       		.byte	0
 2010 019f 20       		.uleb128 0x20
 2011 01a0 34       		.uleb128 0x34
 2012 01a1 00       		.byte	0
 2013 01a2 03       		.uleb128 0x3
 2014 01a3 0E       		.uleb128 0xe
 2015 01a4 3A       		.uleb128 0x3a
 2016 01a5 0B       		.uleb128 0xb
 2017 01a6 3B       		.uleb128 0x3b
 2018 01a7 0B       		.uleb128 0xb
 2019 01a8 49       		.uleb128 0x49
 2020 01a9 13       		.uleb128 0x13
 2021 01aa 02       		.uleb128 0x2
 2022 01ab 06       		.uleb128 0x6
 2023 01ac 00       		.byte	0
 2024 01ad 00       		.byte	0
 2025 01ae 21       		.uleb128 0x21
 2026 01af 01       		.uleb128 0x1
 2027 01b0 01       		.byte	0x1
 2028 01b1 49       		.uleb128 0x49
 2029 01b2 13       		.uleb128 0x13
 2030 01b3 01       		.uleb128 0x1
 2031 01b4 13       		.uleb128 0x13
 2032 01b5 00       		.byte	0
 2033 01b6 00       		.byte	0
 2034 01b7 22       		.uleb128 0x22
 2035 01b8 21       		.uleb128 0x21
 2036 01b9 00       		.byte	0
 2037 01ba 49       		.uleb128 0x49
 2038 01bb 13       		.uleb128 0x13
 2039 01bc 2F       		.uleb128 0x2f
 2040 01bd 05       		.uleb128 0x5
 2041 01be 00       		.byte	0
 2042 01bf 00       		.byte	0
 2043 01c0 23       		.uleb128 0x23
 2044 01c1 34       		.uleb128 0x34
 2045 01c2 00       		.byte	0
 2046 01c3 03       		.uleb128 0x3
 2047 01c4 0E       		.uleb128 0xe
 2048 01c5 3A       		.uleb128 0x3a
ARM GAS  /var/folders/ng/s8655sgx1ys_4lf9jzm2w6n00000gn/T//ccHqLm4u.s 			page 37


 2049 01c6 0B       		.uleb128 0xb
 2050 01c7 3B       		.uleb128 0x3b
 2051 01c8 0B       		.uleb128 0xb
 2052 01c9 49       		.uleb128 0x49
 2053 01ca 13       		.uleb128 0x13
 2054 01cb 02       		.uleb128 0x2
 2055 01cc 0A       		.uleb128 0xa
 2056 01cd 00       		.byte	0
 2057 01ce 00       		.byte	0
 2058 01cf 24       		.uleb128 0x24
 2059 01d0 34       		.uleb128 0x34
 2060 01d1 00       		.byte	0
 2061 01d2 03       		.uleb128 0x3
 2062 01d3 0E       		.uleb128 0xe
 2063 01d4 3A       		.uleb128 0x3a
 2064 01d5 0B       		.uleb128 0xb
 2065 01d6 3B       		.uleb128 0x3b
 2066 01d7 05       		.uleb128 0x5
 2067 01d8 49       		.uleb128 0x49
 2068 01d9 13       		.uleb128 0x13
 2069 01da 3F       		.uleb128 0x3f
 2070 01db 0C       		.uleb128 0xc
 2071 01dc 3C       		.uleb128 0x3c
 2072 01dd 0C       		.uleb128 0xc
 2073 01de 00       		.byte	0
 2074 01df 00       		.byte	0
 2075 01e0 25       		.uleb128 0x25
 2076 01e1 2E       		.uleb128 0x2e
 2077 01e2 01       		.byte	0x1
 2078 01e3 3F       		.uleb128 0x3f
 2079 01e4 0C       		.uleb128 0xc
 2080 01e5 03       		.uleb128 0x3
 2081 01e6 0E       		.uleb128 0xe
 2082 01e7 3A       		.uleb128 0x3a
 2083 01e8 0B       		.uleb128 0xb
 2084 01e9 3B       		.uleb128 0x3b
 2085 01ea 05       		.uleb128 0x5
 2086 01eb 27       		.uleb128 0x27
 2087 01ec 0C       		.uleb128 0xc
 2088 01ed 3C       		.uleb128 0x3c
 2089 01ee 0C       		.uleb128 0xc
 2090 01ef 01       		.uleb128 0x1
 2091 01f0 13       		.uleb128 0x13
 2092 01f1 00       		.byte	0
 2093 01f2 00       		.byte	0
 2094 01f3 26       		.uleb128 0x26
 2095 01f4 2E       		.uleb128 0x2e
 2096 01f5 01       		.byte	0x1
 2097 01f6 3F       		.uleb128 0x3f
 2098 01f7 0C       		.uleb128 0xc
 2099 01f8 03       		.uleb128 0x3
 2100 01f9 0E       		.uleb128 0xe
 2101 01fa 3A       		.uleb128 0x3a
 2102 01fb 0B       		.uleb128 0xb
 2103 01fc 3B       		.uleb128 0x3b
 2104 01fd 05       		.uleb128 0x5
 2105 01fe 27       		.uleb128 0x27
ARM GAS  /var/folders/ng/s8655sgx1ys_4lf9jzm2w6n00000gn/T//ccHqLm4u.s 			page 38


 2106 01ff 0C       		.uleb128 0xc
 2107 0200 3C       		.uleb128 0x3c
 2108 0201 0C       		.uleb128 0xc
 2109 0202 00       		.byte	0
 2110 0203 00       		.byte	0
 2111 0204 00       		.byte	0
 2112              		.section	.debug_loc,"",%progbits
 2113              	.Ldebug_loc0:
 2114              	.LLST0:
 2115 0000 00000000 		.4byte	.LFB119
 2116 0004 02000000 		.4byte	.LCFI0
 2117 0008 0200     		.2byte	0x2
 2118 000a 7D       		.byte	0x7d
 2119 000b 00       		.sleb128 0
 2120 000c 02000000 		.4byte	.LCFI0
 2121 0010 2E000000 		.4byte	.LFE119
 2122 0014 0200     		.2byte	0x2
 2123 0016 7D       		.byte	0x7d
 2124 0017 08       		.sleb128 8
 2125 0018 00000000 		.4byte	0
 2126 001c 00000000 		.4byte	0
 2127              	.LLST1:
 2128 0020 00000000 		.4byte	.LFB120
 2129 0024 02000000 		.4byte	.LCFI1
 2130 0028 0200     		.2byte	0x2
 2131 002a 7D       		.byte	0x7d
 2132 002b 00       		.sleb128 0
 2133 002c 02000000 		.4byte	.LCFI1
 2134 0030 3C000000 		.4byte	.LFE120
 2135 0034 0200     		.2byte	0x2
 2136 0036 7D       		.byte	0x7d
 2137 0037 04       		.sleb128 4
 2138 0038 00000000 		.4byte	0
 2139 003c 00000000 		.4byte	0
 2140              	.LLST2:
 2141 0040 00000000 		.4byte	.LVL2
 2142 0044 0A000000 		.4byte	.LVL3
 2143 0048 0100     		.2byte	0x1
 2144 004a 50       		.byte	0x50
 2145 004b 0A000000 		.4byte	.LVL3
 2146 004f 3C000000 		.4byte	.LFE120
 2147 0053 0400     		.2byte	0x4
 2148 0055 F3       		.byte	0xf3
 2149 0056 01       		.uleb128 0x1
 2150 0057 50       		.byte	0x50
 2151 0058 9F       		.byte	0x9f
 2152 0059 00000000 		.4byte	0
 2153 005d 00000000 		.4byte	0
 2154              	.LLST3:
 2155 0061 00000000 		.4byte	.LVL2
 2156 0065 0C000000 		.4byte	.LVL4
 2157 0069 0200     		.2byte	0x2
 2158 006b 30       		.byte	0x30
 2159 006c 9F       		.byte	0x9f
 2160 006d 00000000 		.4byte	0
 2161 0071 00000000 		.4byte	0
 2162              	.LLST4:
ARM GAS  /var/folders/ng/s8655sgx1ys_4lf9jzm2w6n00000gn/T//ccHqLm4u.s 			page 39


 2163 0075 00000000 		.4byte	.LVL2
 2164 0079 0C000000 		.4byte	.LVL4
 2165 007d 0200     		.2byte	0x2
 2166 007f 30       		.byte	0x30
 2167 0080 9F       		.byte	0x9f
 2168 0081 1E000000 		.4byte	.LVL5
 2169 0085 32000000 		.4byte	.LVL6
 2170 0089 0100     		.2byte	0x1
 2171 008b 52       		.byte	0x52
 2172 008c 00000000 		.4byte	0
 2173 0090 00000000 		.4byte	0
 2174              		.section	.debug_aranges,"",%progbits
 2175 0000 24000000 		.4byte	0x24
 2176 0004 0200     		.2byte	0x2
 2177 0006 00000000 		.4byte	.Ldebug_info0
 2178 000a 04       		.byte	0x4
 2179 000b 00       		.byte	0
 2180 000c 0000     		.2byte	0
 2181 000e 0000     		.2byte	0
 2182 0010 00000000 		.4byte	.LFB119
 2183 0014 2E000000 		.4byte	.LFE119-.LFB119
 2184 0018 00000000 		.4byte	.LFB120
 2185 001c 3C000000 		.4byte	.LFE120-.LFB120
 2186 0020 00000000 		.4byte	0
 2187 0024 00000000 		.4byte	0
 2188              		.section	.debug_ranges,"",%progbits
 2189              	.Ldebug_ranges0:
 2190 0000 00000000 		.4byte	.LFB119
 2191 0004 2E000000 		.4byte	.LFE119
 2192 0008 00000000 		.4byte	.LFB120
 2193 000c 3C000000 		.4byte	.LFE120
 2194 0010 00000000 		.4byte	0
 2195 0014 00000000 		.4byte	0
 2196              		.section	.debug_line,"",%progbits
 2197              	.Ldebug_line0:
 2198 0000 A6020000 		.section	.debug_str,"MS",%progbits,1
 2198      02006402 
 2198      00000201 
 2198      FB0E0D00 
 2198      01010101 
 2199              	.LASF75:
 2200 0000 4D304152 		.ascii	"M0AR\000"
 2200      00
 2201              	.LASF123:
 2202 0005 5F73616D 		.ascii	"_samples\000"
 2202      706C6573 
 2202      00
 2203              	.LASF54:
 2204 000e 7264796D 		.ascii	"rdymsg\000"
 2204      736700
 2205              	.LASF90:
 2206 0015 61646373 		.ascii	"adcstate_t\000"
 2206      74617465 
 2206      5F7400
 2207              	.LASF78:
 2208 0020 73747265 		.ascii	"stream\000"
 2208      616D00
ARM GAS  /var/folders/ng/s8655sgx1ys_4lf9jzm2w6n00000gn/T//ccHqLm4u.s 			page 40


 2209              	.LASF44:
 2210 0027 54687265 		.ascii	"ThreadsQueue\000"
 2210      61647351 
 2210      75657565 
 2210      00
 2211              	.LASF82:
 2212 0034 76656374 		.ascii	"vector\000"
 2212      6F7200
 2213              	.LASF125:
 2214 003b 49544D5F 		.ascii	"ITM_RxBuffer\000"
 2214      52784275 
 2214      66666572 
 2214      00
 2215              	.LASF27:
 2216 0048 705F7072 		.ascii	"p_prio\000"
 2216      696F00
 2217              	.LASF68:
 2218 004f 4A535152 		.ascii	"JSQR\000"
 2218      00
 2219              	.LASF12:
 2220 0054 6C6F6E67 		.ascii	"long long int\000"
 2220      206C6F6E 
 2220      6720696E 
 2220      7400
 2221              	.LASF1:
 2222 0062 7369676E 		.ascii	"signed char\000"
 2222      65642063 
 2222      68617200 
 2223              	.LASF43:
 2224 006e 705F6D70 		.ascii	"p_mpool\000"
 2224      6F6F6C00 
 2225              	.LASF14:
 2226 0076 626F6F6C 		.ascii	"bool_t\000"
 2226      5F7400
 2227              	.LASF51:
 2228 007d 6D5F7175 		.ascii	"m_queue\000"
 2228      65756500 
 2229              	.LASF95:
 2230 0085 61646365 		.ascii	"adcerror_t\000"
 2230      72726F72 
 2230      5F7400
 2231              	.LASF103:
 2232 0090 646D6173 		.ascii	"dmastp\000"
 2232      747000
 2233              	.LASF127:
 2234 0097 474E5520 		.ascii	"GNU C 4.7.4 20130913 (release) [ARM/embedded-4_7-br"
 2234      4320342E 
 2234      372E3420 
 2234      32303133 
 2234      30393133 
 2235 00ca 616E6368 		.ascii	"anch revision 202601]\000"
 2235      20726576 
 2235      6973696F 
 2235      6E203230 
 2235      32363031 
 2236              	.LASF97:
 2237 00e0 73746174 		.ascii	"state\000"
ARM GAS  /var/folders/ng/s8655sgx1ys_4lf9jzm2w6n00000gn/T//ccHqLm4u.s 			page 41


 2237      6500
 2238              	.LASF107:
 2239 00e6 63697263 		.ascii	"circular\000"
 2239      756C6172 
 2239      00
 2240              	.LASF9:
 2241 00ef 6C6F6E67 		.ascii	"long int\000"
 2241      20696E74 
 2241      00
 2242              	.LASF93:
 2243 00f8 4144435F 		.ascii	"ADC_ERR_DMAFAILURE\000"
 2243      4552525F 
 2243      444D4146 
 2243      41494C55 
 2243      524500
 2244              	.LASF124:
 2245 010b 5F636F6E 		.ascii	"_config\000"
 2245      66696700 
 2246              	.LASF106:
 2247 0113 61646365 		.ascii	"adcerrorcallback_t\000"
 2247      72726F72 
 2247      63616C6C 
 2247      6261636B 
 2247      5F7400
 2248              	.LASF17:
 2249 0126 74737461 		.ascii	"tstate_t\000"
 2249      74655F74 
 2249      00
 2250              	.LASF6:
 2251 012f 75696E74 		.ascii	"uint16_t\000"
 2251      31365F74 
 2251      00
 2252              	.LASF84:
 2253 0138 4144435F 		.ascii	"ADC_UNINIT\000"
 2253      554E494E 
 2253      495400
 2254              	.LASF115:
 2255 0143 73717233 		.ascii	"sqr3\000"
 2255      00
 2256              	.LASF29:
 2257 0148 705F6E65 		.ascii	"p_newer\000"
 2257      77657200 
 2258              	.LASF109:
 2259 0150 656E645F 		.ascii	"end_cb\000"
 2259      636200
 2260              	.LASF105:
 2261 0157 61646363 		.ascii	"adccallback_t\000"
 2261      616C6C62 
 2261      61636B5F 
 2261      7400
 2262              	.LASF55:
 2263 0165 65786974 		.ascii	"exitcode\000"
 2263      636F6465 
 2263      00
 2264              	.LASF91:
 2265 016e 61646373 		.ascii	"adcsample_t\000"
 2265      616D706C 
ARM GAS  /var/folders/ng/s8655sgx1ys_4lf9jzm2w6n00000gn/T//ccHqLm4u.s 			page 42


 2265      655F7400 
 2266              	.LASF129:
 2267 017a 2F557365 		.ascii	"/Users/jseng/aithon/DemoMode\000"
 2267      72732F6A 
 2267      73656E67 
 2267      2F616974 
 2267      686F6E2F 
 2268              	.LASF81:
 2269 0197 73656C66 		.ascii	"selfindex\000"
 2269      696E6465 
 2269      7800
 2270              	.LASF2:
 2271 01a1 73697A65 		.ascii	"size_t\000"
 2271      5F7400
 2272              	.LASF94:
 2273 01a8 4144435F 		.ascii	"ADC_ERR_OVERFLOW\000"
 2273      4552525F 
 2273      4F564552 
 2273      464C4F57 
 2273      00
 2274              	.LASF87:
 2275 01b9 4144435F 		.ascii	"ADC_ACTIVE\000"
 2275      41435449 
 2275      564500
 2276              	.LASF0:
 2277 01c4 756E7369 		.ascii	"unsigned int\000"
 2277      676E6564 
 2277      20696E74 
 2277      00
 2278              	.LASF96:
 2279 01d1 41444344 		.ascii	"ADCDriver\000"
 2279      72697665 
 2279      7200
 2280              	.LASF80:
 2281 01db 69736869 		.ascii	"ishift\000"
 2281      667400
 2282              	.LASF13:
 2283 01e2 6C6F6E67 		.ascii	"long long unsigned int\000"
 2283      206C6F6E 
 2283      6720756E 
 2283      7369676E 
 2283      65642069 
 2284              	.LASF48:
 2285 01f9 636F6E74 		.ascii	"context\000"
 2285      65787400 
 2286              	.LASF7:
 2287 0201 73686F72 		.ascii	"short unsigned int\000"
 2287      7420756E 
 2287      7369676E 
 2287      65642069 
 2287      6E7400
 2288              	.LASF86:
 2289 0214 4144435F 		.ascii	"ADC_READY\000"
 2289      52454144 
 2289      5900
 2290              	.LASF100:
 2291 021e 64657074 		.ascii	"depth\000"
ARM GAS  /var/folders/ng/s8655sgx1ys_4lf9jzm2w6n00000gn/T//ccHqLm4u.s 			page 43


 2291      6800
 2292              	.LASF21:
 2293 0224 6D73675F 		.ascii	"msg_t\000"
 2293      7400
 2294              	.LASF16:
 2295 022a 746D6F64 		.ascii	"tmode_t\000"
 2295      655F7400 
 2296              	.LASF108:
 2297 0232 6E756D5F 		.ascii	"num_channels\000"
 2297      6368616E 
 2297      6E656C73 
 2297      00
 2298              	.LASF45:
 2299 023f 54687265 		.ascii	"ThreadsList\000"
 2299      6164734C 
 2299      69737400 
 2300              	.LASF22:
 2301 024b 6576656E 		.ascii	"eventmask_t\000"
 2301      746D6173 
 2301      6B5F7400 
 2302              	.LASF5:
 2303 0257 73686F72 		.ascii	"short int\000"
 2303      7420696E 
 2303      7400
 2304              	.LASF122:
 2305 0261 746F7461 		.ascii	"total\000"
 2305      6C00
 2306              	.LASF50:
 2307 0267 4D757465 		.ascii	"Mutex\000"
 2307      7800
 2308              	.LASF101:
 2309 026d 67727070 		.ascii	"grpp\000"
 2309      00
 2310              	.LASF61:
 2311 0272 4A4F4652 		.ascii	"JOFR1\000"
 2311      3100
 2312              	.LASF62:
 2313 0278 4A4F4652 		.ascii	"JOFR2\000"
 2313      3200
 2314              	.LASF63:
 2315 027e 4A4F4652 		.ascii	"JOFR3\000"
 2315      3300
 2316              	.LASF99:
 2317 0284 73616D70 		.ascii	"samples\000"
 2317      6C657300 
 2318              	.LASF49:
 2319 028c 73697A65 		.ascii	"sizetype\000"
 2319      74797065 
 2319      00
 2320              	.LASF73:
 2321 0295 4144435F 		.ascii	"ADC_TypeDef\000"
 2321      54797065 
 2321      44656600 
 2322              	.LASF85:
 2323 02a1 4144435F 		.ascii	"ADC_STOP\000"
 2323      53544F50 
 2323      00
ARM GAS  /var/folders/ng/s8655sgx1ys_4lf9jzm2w6n00000gn/T//ccHqLm4u.s 			page 44


 2324              	.LASF131:
 2325 02aa 616E616C 		.ascii	"analog_get\000"
 2325      6F675F67 
 2325      657400
 2326              	.LASF30:
 2327 02b5 705F6F6C 		.ascii	"p_older\000"
 2327      64657200 
 2328              	.LASF72:
 2329 02bd 4A445234 		.ascii	"JDR4\000"
 2329      00
 2330              	.LASF46:
 2331 02c2 72656761 		.ascii	"regarm_t\000"
 2331      726D5F74 
 2331      00
 2332              	.LASF59:
 2333 02cb 534D5052 		.ascii	"SMPR1\000"
 2333      3100
 2334              	.LASF60:
 2335 02d1 534D5052 		.ascii	"SMPR2\000"
 2335      3200
 2336              	.LASF65:
 2337 02d7 53515231 		.ascii	"SQR1\000"
 2337      00
 2338              	.LASF66:
 2339 02dc 53515232 		.ascii	"SQR2\000"
 2339      00
 2340              	.LASF67:
 2341 02e1 53515233 		.ascii	"SQR3\000"
 2341      00
 2342              	.LASF128:
 2343 02e6 2E2E2F41 		.ascii	"../AithonLibrary/analog.c\000"
 2343      6974686F 
 2343      6E4C6962 
 2343      72617279 
 2343      2F616E61 
 2344              	.LASF114:
 2345 0300 73717232 		.ascii	"sqr2\000"
 2345      00
 2346              	.LASF18:
 2347 0305 74726566 		.ascii	"trefs_t\000"
 2347      735F7400 
 2348              	.LASF26:
 2349 030d 705F7072 		.ascii	"p_prev\000"
 2349      657600
 2350              	.LASF83:
 2351 0314 73746D33 		.ascii	"stm32_dma_stream_t\000"
 2351      325F646D 
 2351      615F7374 
 2351      7265616D 
 2351      5F7400
 2352              	.LASF20:
 2353 0327 74707269 		.ascii	"tprio_t\000"
 2353      6F5F7400 
 2354              	.LASF102:
 2355 032f 74687265 		.ascii	"thread\000"
 2355      616400
 2356              	.LASF15:
ARM GAS  /var/folders/ng/s8655sgx1ys_4lf9jzm2w6n00000gn/T//ccHqLm4u.s 			page 45


 2357 0336 5F426F6F 		.ascii	"_Bool\000"
 2357      6C00
 2358              	.LASF8:
 2359 033c 696E7433 		.ascii	"int32_t\000"
 2359      325F7400 
 2360              	.LASF4:
 2361 0344 756E7369 		.ascii	"unsigned char\000"
 2361      676E6564 
 2361      20636861 
 2361      7200
 2362              	.LASF41:
 2363 0352 705F6D74 		.ascii	"p_mtxlist\000"
 2363      786C6973 
 2363      7400
 2364              	.LASF130:
 2365 035c 5F616E61 		.ascii	"_analog_init\000"
 2365      6C6F675F 
 2365      696E6974 
 2365      00
 2366              	.LASF32:
 2367 0369 705F7374 		.ascii	"p_state\000"
 2367      61746500 
 2368              	.LASF35:
 2369 0371 705F7072 		.ascii	"p_preempt\000"
 2369      65656D70 
 2369      7400
 2370              	.LASF110:
 2371 037b 6572726F 		.ascii	"error_cb\000"
 2371      725F6362 
 2371      00
 2372              	.LASF57:
 2373 0384 65776D61 		.ascii	"ewmask\000"
 2373      736B00
 2374              	.LASF25:
 2375 038b 705F6E65 		.ascii	"p_next\000"
 2375      787400
 2376              	.LASF33:
 2377 0392 705F666C 		.ascii	"p_flags\000"
 2377      61677300 
 2378              	.LASF64:
 2379 039a 4A4F4652 		.ascii	"JOFR4\000"
 2379      3400
 2380              	.LASF24:
 2381 03a0 54687265 		.ascii	"Thread\000"
 2381      616400
 2382              	.LASF119:
 2383 03a7 4D41494E 		.ascii	"MAIN_PWR\000"
 2383      5F505752 
 2383      00
 2384              	.LASF40:
 2385 03b0 705F6570 		.ascii	"p_epending\000"
 2385      656E6469 
 2385      6E6700
 2386              	.LASF79:
 2387 03bb 69666372 		.ascii	"ifcr\000"
 2387      00
 2388              	.LASF117:
ARM GAS  /var/folders/ng/s8655sgx1ys_4lf9jzm2w6n00000gn/T//ccHqLm4u.s 			page 46


 2389 03c0 64756D6D 		.ascii	"dummy\000"
 2389      7900
 2390              	.LASF10:
 2391 03c6 75696E74 		.ascii	"uint32_t\000"
 2391      33325F74 
 2391      00
 2392              	.LASF121:
 2393 03cf 416E616C 		.ascii	"AnalogPin\000"
 2393      6F675069 
 2393      6E00
 2394              	.LASF118:
 2395 03d9 41444343 		.ascii	"ADCConfig\000"
 2395      6F6E6669 
 2395      6700
 2396              	.LASF19:
 2397 03e3 74736C69 		.ascii	"tslices_t\000"
 2397      6365735F 
 2397      7400
 2398              	.LASF11:
 2399 03ed 6C6F6E67 		.ascii	"long unsigned int\000"
 2399      20756E73 
 2399      69676E65 
 2399      6420696E 
 2399      7400
 2400              	.LASF58:
 2401 03ff 63686172 		.ascii	"char\000"
 2401      00
 2402              	.LASF98:
 2403 0404 636F6E66 		.ascii	"config\000"
 2403      696700
 2404              	.LASF113:
 2405 040b 73717231 		.ascii	"sqr1\000"
 2405      00
 2406              	.LASF88:
 2407 0410 4144435F 		.ascii	"ADC_COMPLETE\000"
 2407      434F4D50 
 2407      4C455445 
 2407      00
 2408              	.LASF53:
 2409 041d 6D5F6E65 		.ascii	"m_next\000"
 2409      787400
 2410              	.LASF23:
 2411 0424 73797374 		.ascii	"systime_t\000"
 2411      696D655F 
 2411      7400
 2412              	.LASF42:
 2413 042e 705F7265 		.ascii	"p_realprio\000"
 2413      616C7072 
 2413      696F00
 2414              	.LASF74:
 2415 0439 4E445452 		.ascii	"NDTR\000"
 2415      00
 2416              	.LASF77:
 2417 043e 444D415F 		.ascii	"DMA_Stream_TypeDef\000"
 2417      53747265 
 2417      616D5F54 
 2417      79706544 
ARM GAS  /var/folders/ng/s8655sgx1ys_4lf9jzm2w6n00000gn/T//ccHqLm4u.s 			page 47


 2417      656600
 2418              	.LASF36:
 2419 0451 705F7469 		.ascii	"p_time\000"
 2419      6D6500
 2420              	.LASF120:
 2421 0458 53455256 		.ascii	"SERVO_PWR\000"
 2421      4F5F5057 
 2421      5200
 2422              	.LASF133:
 2423 0462 61646353 		.ascii	"adcStartConversion\000"
 2423      74617274 
 2423      436F6E76 
 2423      65727369 
 2423      6F6E00
 2424              	.LASF47:
 2425 0475 696E7463 		.ascii	"intctx\000"
 2425      747800
 2426              	.LASF38:
 2427 047c 705F6D73 		.ascii	"p_msgqueue\000"
 2427      67717565 
 2427      756500
 2428              	.LASF76:
 2429 0487 4D314152 		.ascii	"M1AR\000"
 2429      00
 2430              	.LASF89:
 2431 048c 4144435F 		.ascii	"ADC_ERROR\000"
 2431      4552524F 
 2431      5200
 2432              	.LASF132:
 2433 0496 61646353 		.ascii	"adcStart\000"
 2433      74617274 
 2433      00
 2434              	.LASF34:
 2435 049f 705F7265 		.ascii	"p_refs\000"
 2435      667300
 2436              	.LASF111:
 2437 04a6 736D7072 		.ascii	"smpr1\000"
 2437      3100
 2438              	.LASF112:
 2439 04ac 736D7072 		.ascii	"smpr2\000"
 2439      3200
 2440              	.LASF126:
 2441 04b2 41444344 		.ascii	"ADCD1\000"
 2441      3100
 2442              	.LASF3:
 2443 04b8 75696E74 		.ascii	"uint8_t\000"
 2443      385F7400 
 2444              	.LASF116:
 2445 04c0 41444343 		.ascii	"ADCConversionGroup\000"
 2445      6F6E7665 
 2445      7273696F 
 2445      6E47726F 
 2445      757000
 2446              	.LASF69:
 2447 04d3 4A445231 		.ascii	"JDR1\000"
 2447      00
 2448              	.LASF70:
ARM GAS  /var/folders/ng/s8655sgx1ys_4lf9jzm2w6n00000gn/T//ccHqLm4u.s 			page 48


 2449 04d8 4A445232 		.ascii	"JDR2\000"
 2449      00
 2450              	.LASF71:
 2451 04dd 4A445233 		.ascii	"JDR3\000"
 2451      00
 2452              	.LASF104:
 2453 04e2 646D616D 		.ascii	"dmamode\000"
 2453      6F646500 
 2454              	.LASF56:
 2455 04ea 77746F62 		.ascii	"wtobjp\000"
 2455      6A7000
 2456              	.LASF31:
 2457 04f1 705F6E61 		.ascii	"p_name\000"
 2457      6D6500
 2458              	.LASF92:
 2459 04f8 6164635F 		.ascii	"adc_channels_num_t\000"
 2459      6368616E 
 2459      6E656C73 
 2459      5F6E756D 
 2459      5F7400
 2460              	.LASF39:
 2461 050b 705F6D73 		.ascii	"p_msg\000"
 2461      6700
 2462              	.LASF52:
 2463 0511 6D5F6F77 		.ascii	"m_owner\000"
 2463      6E657200 
 2464              	.LASF28:
 2465 0519 705F6374 		.ascii	"p_ctx\000"
 2465      7800
 2466              	.LASF37:
 2467 051f 705F7761 		.ascii	"p_waiting\000"
 2467      6974696E 
 2467      6700
 2468              		.ident	"GCC: (GNU Tools for ARM Embedded Processors) 4.7.4 20130913 (release) [ARM/embedded-4_7-br
ARM GAS  /var/folders/ng/s8655sgx1ys_4lf9jzm2w6n00000gn/T//ccHqLm4u.s 			page 49


DEFINED SYMBOLS
                            *ABS*:0000000000000000 analog.c
/var/folders/ng/s8655sgx1ys_4lf9jzm2w6n00000gn/T//ccHqLm4u.s:20     .text._analog_init:0000000000000000 $t
/var/folders/ng/s8655sgx1ys_4lf9jzm2w6n00000gn/T//ccHqLm4u.s:26     .text._analog_init:0000000000000000 _analog_init
/var/folders/ng/s8655sgx1ys_4lf9jzm2w6n00000gn/T//ccHqLm4u.s:128    .rodata._config:0000000000000000 .LANCHOR0
/var/folders/ng/s8655sgx1ys_4lf9jzm2w6n00000gn/T//ccHqLm4u.s:121    .bss._samples:0000000000000000 .LANCHOR1
/var/folders/ng/s8655sgx1ys_4lf9jzm2w6n00000gn/T//ccHqLm4u.s:61     .text.analog_get:0000000000000000 $t
/var/folders/ng/s8655sgx1ys_4lf9jzm2w6n00000gn/T//ccHqLm4u.s:67     .text.analog_get:0000000000000000 analog_get
/var/folders/ng/s8655sgx1ys_4lf9jzm2w6n00000gn/T//ccHqLm4u.s:115    .text.analog_get:0000000000000038 $d
/var/folders/ng/s8655sgx1ys_4lf9jzm2w6n00000gn/T//ccHqLm4u.s:120    .bss._samples:0000000000000000 $d
/var/folders/ng/s8655sgx1ys_4lf9jzm2w6n00000gn/T//ccHqLm4u.s:124    .bss._samples:0000000000000000 _samples
/var/folders/ng/s8655sgx1ys_4lf9jzm2w6n00000gn/T//ccHqLm4u.s:127    .rodata._config:0000000000000000 $d
/var/folders/ng/s8655sgx1ys_4lf9jzm2w6n00000gn/T//ccHqLm4u.s:131    .rodata._config:0000000000000000 _config
                     .debug_frame:0000000000000010 $d
/var/folders/ng/s8655sgx1ys_4lf9jzm2w6n00000gn/T//ccHqLm4u.s:119    .text.analog_get:000000000000003c $t

UNDEFINED SYMBOLS
ADCD1
adcStart
adcStartConversion
