ARM GAS  /var/folders/ng/s8655sgx1ys_4lf9jzm2w6n00000gn/T//ccYf1qdY.s 			page 1


   1              		.syntax unified
   2              		.cpu cortex-m4
   3              		.eabi_attribute 27, 3
   4              		.fpu fpv4-sp-d16
   5              		.eabi_attribute 20, 1
   6              		.eabi_attribute 21, 1
   7              		.eabi_attribute 23, 3
   8              		.eabi_attribute 24, 1
   9              		.eabi_attribute 25, 1
  10              		.eabi_attribute 26, 1
  11              		.eabi_attribute 30, 2
  12              		.eabi_attribute 34, 1
  13              		.eabi_attribute 18, 4
  14              		.thumb
  15              		.file	"chcore.c"
  16              		.text
  17              	.Ltext0:
  18              		.cfi_sections	.debug_frame
  19              		.section	.text.port_halt,"ax",%progbits
  20              		.align	2
  21              		.p2align 4,,15
  22              		.weak	port_halt
  23              		.thumb
  24              		.thumb_func
  25              		.type	port_halt, %function
  26              	port_halt:
  27              	.LFB7:
  28              		.file 1 "../AithonLibrary/ChibiOS/os/ports/GCC/ARMCMx/chcore.c"
  29              		.loc 1 46 0
  30              		.cfi_startproc
  31              		@ args = 0, pretend = 0, frame = 0
  32              		@ frame_needed = 0, uses_anonymous_args = 0
  33              		@ link register save eliminated.
  34              		.loc 1 48 0
  35              	@ 48 "../AithonLibrary/ChibiOS/os/ports/GCC/ARMCMx/chcore.c" 1
  36 0000 72B6     		cpsid   i
  37              	@ 0 "" 2
  38              		.thumb
  39              	.L2:
  40 0002 FEE7     		b	.L2
  41              		.cfi_endproc
  42              	.LFE7:
  43              		.size	port_halt, .-port_halt
  44 0004 AFF30080 		.text
  44      AFF30080 
  44      AFF30080 
  45              	.Letext0:
  46              		.section	.debug_info,"",%progbits
  47              	.Ldebug_info0:
  48 0000 96000000 		.4byte	0x96
  49 0004 0200     		.2byte	0x2
  50 0006 00000000 		.4byte	.Ldebug_abbrev0
  51 000a 04       		.byte	0x4
  52 000b 01       		.uleb128 0x1
  53 000c EC000000 		.4byte	.LASF12
  54 0010 01       		.byte	0x1
  55 0011 57000000 		.4byte	.LASF13
ARM GAS  /var/folders/ng/s8655sgx1ys_4lf9jzm2w6n00000gn/T//ccYf1qdY.s 			page 2


  56 0015 CF000000 		.4byte	.LASF14
  57 0019 00000000 		.4byte	.Ldebug_ranges0+0
  58 001d 00000000 		.4byte	0
  59 0021 00000000 		.4byte	0
  60 0025 00000000 		.4byte	.Ldebug_line0
  61 0029 02       		.uleb128 0x2
  62 002a 04       		.byte	0x4
  63 002b 05       		.byte	0x5
  64 002c 696E7400 		.ascii	"int\000"
  65 0030 03       		.uleb128 0x3
  66 0031 04       		.byte	0x4
  67 0032 07       		.byte	0x7
  68 0033 0E000000 		.4byte	.LASF0
  69 0037 03       		.uleb128 0x3
  70 0038 01       		.byte	0x1
  71 0039 06       		.byte	0x6
  72 003a B9000000 		.4byte	.LASF1
  73 003e 03       		.uleb128 0x3
  74 003f 01       		.byte	0x1
  75 0040 08       		.byte	0x8
  76 0041 44000000 		.4byte	.LASF2
  77 0045 03       		.uleb128 0x3
  78 0046 02       		.byte	0x2
  79 0047 05       		.byte	0x5
  80 0048 96000000 		.4byte	.LASF3
  81 004c 03       		.uleb128 0x3
  82 004d 02       		.byte	0x2
  83 004e 07       		.byte	0x7
  84 004f A6000000 		.4byte	.LASF4
  85 0053 03       		.uleb128 0x3
  86 0054 04       		.byte	0x4
  87 0055 05       		.byte	0x5
  88 0056 8D000000 		.4byte	.LASF5
  89 005a 03       		.uleb128 0x3
  90 005b 04       		.byte	0x4
  91 005c 07       		.byte	0x7
  92 005d 1B000000 		.4byte	.LASF6
  93 0061 03       		.uleb128 0x3
  94 0062 08       		.byte	0x8
  95 0063 05       		.byte	0x5
  96 0064 00000000 		.4byte	.LASF7
  97 0068 03       		.uleb128 0x3
  98 0069 08       		.byte	0x8
  99 006a 07       		.byte	0x7
 100 006b 2D000000 		.4byte	.LASF8
 101 006f 03       		.uleb128 0x3
 102 0070 01       		.byte	0x1
 103 0071 02       		.byte	0x2
 104 0072 A0000000 		.4byte	.LASF9
 105 0076 03       		.uleb128 0x3
 106 0077 04       		.byte	0x4
 107 0078 07       		.byte	0x7
 108 0079 35010000 		.4byte	.LASF10
 109 007d 03       		.uleb128 0x3
 110 007e 01       		.byte	0x1
 111 007f 08       		.byte	0x8
 112 0080 52000000 		.4byte	.LASF11
ARM GAS  /var/folders/ng/s8655sgx1ys_4lf9jzm2w6n00000gn/T//ccYf1qdY.s 			page 3


 113 0084 04       		.uleb128 0x4
 114 0085 01       		.byte	0x1
 115 0086 C5000000 		.4byte	.LASF15
 116 008a 01       		.byte	0x1
 117 008b 2E       		.byte	0x2e
 118 008c 01       		.byte	0x1
 119 008d 00000000 		.4byte	.LFB7
 120 0091 04000000 		.4byte	.LFE7
 121 0095 02       		.byte	0x2
 122 0096 7D       		.byte	0x7d
 123 0097 00       		.sleb128 0
 124 0098 01       		.byte	0x1
 125 0099 00       		.byte	0
 126              		.section	.debug_abbrev,"",%progbits
 127              	.Ldebug_abbrev0:
 128 0000 01       		.uleb128 0x1
 129 0001 11       		.uleb128 0x11
 130 0002 01       		.byte	0x1
 131 0003 25       		.uleb128 0x25
 132 0004 0E       		.uleb128 0xe
 133 0005 13       		.uleb128 0x13
 134 0006 0B       		.uleb128 0xb
 135 0007 03       		.uleb128 0x3
 136 0008 0E       		.uleb128 0xe
 137 0009 1B       		.uleb128 0x1b
 138 000a 0E       		.uleb128 0xe
 139 000b 55       		.uleb128 0x55
 140 000c 06       		.uleb128 0x6
 141 000d 11       		.uleb128 0x11
 142 000e 01       		.uleb128 0x1
 143 000f 52       		.uleb128 0x52
 144 0010 01       		.uleb128 0x1
 145 0011 10       		.uleb128 0x10
 146 0012 06       		.uleb128 0x6
 147 0013 00       		.byte	0
 148 0014 00       		.byte	0
 149 0015 02       		.uleb128 0x2
 150 0016 24       		.uleb128 0x24
 151 0017 00       		.byte	0
 152 0018 0B       		.uleb128 0xb
 153 0019 0B       		.uleb128 0xb
 154 001a 3E       		.uleb128 0x3e
 155 001b 0B       		.uleb128 0xb
 156 001c 03       		.uleb128 0x3
 157 001d 08       		.uleb128 0x8
 158 001e 00       		.byte	0
 159 001f 00       		.byte	0
 160 0020 03       		.uleb128 0x3
 161 0021 24       		.uleb128 0x24
 162 0022 00       		.byte	0
 163 0023 0B       		.uleb128 0xb
 164 0024 0B       		.uleb128 0xb
 165 0025 3E       		.uleb128 0x3e
 166 0026 0B       		.uleb128 0xb
 167 0027 03       		.uleb128 0x3
 168 0028 0E       		.uleb128 0xe
 169 0029 00       		.byte	0
ARM GAS  /var/folders/ng/s8655sgx1ys_4lf9jzm2w6n00000gn/T//ccYf1qdY.s 			page 4


 170 002a 00       		.byte	0
 171 002b 04       		.uleb128 0x4
 172 002c 2E       		.uleb128 0x2e
 173 002d 00       		.byte	0
 174 002e 3F       		.uleb128 0x3f
 175 002f 0C       		.uleb128 0xc
 176 0030 03       		.uleb128 0x3
 177 0031 0E       		.uleb128 0xe
 178 0032 3A       		.uleb128 0x3a
 179 0033 0B       		.uleb128 0xb
 180 0034 3B       		.uleb128 0x3b
 181 0035 0B       		.uleb128 0xb
 182 0036 27       		.uleb128 0x27
 183 0037 0C       		.uleb128 0xc
 184 0038 11       		.uleb128 0x11
 185 0039 01       		.uleb128 0x1
 186 003a 12       		.uleb128 0x12
 187 003b 01       		.uleb128 0x1
 188 003c 40       		.uleb128 0x40
 189 003d 0A       		.uleb128 0xa
 190 003e 9742     		.uleb128 0x2117
 191 0040 0C       		.uleb128 0xc
 192 0041 00       		.byte	0
 193 0042 00       		.byte	0
 194 0043 00       		.byte	0
 195              		.section	.debug_aranges,"",%progbits
 196 0000 1C000000 		.4byte	0x1c
 197 0004 0200     		.2byte	0x2
 198 0006 00000000 		.4byte	.Ldebug_info0
 199 000a 04       		.byte	0x4
 200 000b 00       		.byte	0
 201 000c 0000     		.2byte	0
 202 000e 0000     		.2byte	0
 203 0010 00000000 		.4byte	.LFB7
 204 0014 04000000 		.4byte	.LFE7-.LFB7
 205 0018 00000000 		.4byte	0
 206 001c 00000000 		.4byte	0
 207              		.section	.debug_ranges,"",%progbits
 208              	.Ldebug_ranges0:
 209 0000 00000000 		.4byte	.LFB7
 210 0004 04000000 		.4byte	.LFE7
 211 0008 00000000 		.4byte	0
 212 000c 00000000 		.4byte	0
 213              		.section	.debug_line,"",%progbits
 214              	.Ldebug_line0:
 215 0000 62000000 		.section	.debug_str,"MS",%progbits,1
 215      02004C00 
 215      00000201 
 215      FB0E0D00 
 215      01010101 
 216              	.LASF7:
 217 0000 6C6F6E67 		.ascii	"long long int\000"
 217      206C6F6E 
 217      6720696E 
 217      7400
 218              	.LASF0:
 219 000e 756E7369 		.ascii	"unsigned int\000"
ARM GAS  /var/folders/ng/s8655sgx1ys_4lf9jzm2w6n00000gn/T//ccYf1qdY.s 			page 5


 219      676E6564 
 219      20696E74 
 219      00
 220              	.LASF6:
 221 001b 6C6F6E67 		.ascii	"long unsigned int\000"
 221      20756E73 
 221      69676E65 
 221      6420696E 
 221      7400
 222              	.LASF8:
 223 002d 6C6F6E67 		.ascii	"long long unsigned int\000"
 223      206C6F6E 
 223      6720756E 
 223      7369676E 
 223      65642069 
 224              	.LASF2:
 225 0044 756E7369 		.ascii	"unsigned char\000"
 225      676E6564 
 225      20636861 
 225      7200
 226              	.LASF11:
 227 0052 63686172 		.ascii	"char\000"
 227      00
 228              	.LASF13:
 229 0057 2E2E2F41 		.ascii	"../AithonLibrary/ChibiOS/os/ports/GCC/ARMCMx/chcore"
 229      6974686F 
 229      6E4C6962 
 229      72617279 
 229      2F436869 
 230 008a 2E6300   		.ascii	".c\000"
 231              	.LASF5:
 232 008d 6C6F6E67 		.ascii	"long int\000"
 232      20696E74 
 232      00
 233              	.LASF3:
 234 0096 73686F72 		.ascii	"short int\000"
 234      7420696E 
 234      7400
 235              	.LASF9:
 236 00a0 5F426F6F 		.ascii	"_Bool\000"
 236      6C00
 237              	.LASF4:
 238 00a6 73686F72 		.ascii	"short unsigned int\000"
 238      7420756E 
 238      7369676E 
 238      65642069 
 238      6E7400
 239              	.LASF1:
 240 00b9 7369676E 		.ascii	"signed char\000"
 240      65642063 
 240      68617200 
 241              	.LASF15:
 242 00c5 706F7274 		.ascii	"port_halt\000"
 242      5F68616C 
 242      7400
 243              	.LASF14:
 244 00cf 2F557365 		.ascii	"/Users/jseng/aithon/DemoMode\000"
ARM GAS  /var/folders/ng/s8655sgx1ys_4lf9jzm2w6n00000gn/T//ccYf1qdY.s 			page 6


 244      72732F6A 
 244      73656E67 
 244      2F616974 
 244      686F6E2F 
 245              	.LASF12:
 246 00ec 474E5520 		.ascii	"GNU C 4.7.4 20130913 (release) [ARM/embedded-4_7-br"
 246      4320342E 
 246      372E3420 
 246      32303133 
 246      30393133 
 247 011f 616E6368 		.ascii	"anch revision 202601]\000"
 247      20726576 
 247      6973696F 
 247      6E203230 
 247      32363031 
 248              	.LASF10:
 249 0135 73697A65 		.ascii	"sizetype\000"
 249      74797065 
 249      00
 250              		.ident	"GCC: (GNU Tools for ARM Embedded Processors) 4.7.4 20130913 (release) [ARM/embedded-4_7-br
ARM GAS  /var/folders/ng/s8655sgx1ys_4lf9jzm2w6n00000gn/T//ccYf1qdY.s 			page 7


DEFINED SYMBOLS
                            *ABS*:0000000000000000 chcore.c
/var/folders/ng/s8655sgx1ys_4lf9jzm2w6n00000gn/T//ccYf1qdY.s:20     .text.port_halt:0000000000000000 $t
/var/folders/ng/s8655sgx1ys_4lf9jzm2w6n00000gn/T//ccYf1qdY.s:26     .text.port_halt:0000000000000000 port_halt
                     .debug_frame:0000000000000010 $d

NO UNDEFINED SYMBOLS
