ARM GAS  /var/folders/ng/s8655sgx1ys_4lf9jzm2w6n00000gn/T//cce1ZZui.s 			page 1


   1              		.syntax unified
   2              		.cpu cortex-m4
   3              		.eabi_attribute 27, 3
   4              		.fpu fpv4-sp-d16
   5              		.eabi_attribute 20, 1
   6              		.eabi_attribute 21, 1
   7              		.eabi_attribute 23, 3
   8              		.eabi_attribute 24, 1
   9              		.eabi_attribute 25, 1
  10              		.eabi_attribute 26, 1
  11              		.eabi_attribute 30, 2
  12              		.eabi_attribute 34, 1
  13              		.eabi_attribute 18, 4
  14              		.thumb
  15              		.file	"chvt.c"
  16              		.text
  17              	.Ltext0:
  18              		.cfi_sections	.debug_frame
  19              		.section	.text._vt_init,"ax",%progbits
  20              		.align	2
  21              		.p2align 4,,15
  22              		.global	_vt_init
  23              		.thumb
  24              		.thumb_func
  25              		.type	_vt_init, %function
  26              	_vt_init:
  27              	.LFB7:
  28              		.file 1 "../AithonLibrary/ChibiOS/os/kernel/src/chvt.c"
  29              		.loc 1 50 0
  30              		.cfi_startproc
  31              		@ args = 0, pretend = 0, frame = 0
  32              		@ frame_needed = 0, uses_anonymous_args = 0
  33              		@ link register save eliminated.
  34              		.loc 1 52 0
  35 0000 40F20003 		movw	r3, #:lower16:.LANCHOR0
  36 0004 C0F20003 		movt	r3, #:upper16:.LANCHOR0
  37              		.loc 1 53 0
  38 0008 4FF0FF32 		mov	r2, #-1
  39              		.loc 1 54 0
  40 000c 0020     		movs	r0, #0
  41              		.loc 1 52 0
  42 000e 5B60     		str	r3, [r3, #4]
  43 0010 1B60     		str	r3, [r3, #0]
  44              		.loc 1 53 0
  45 0012 9A60     		str	r2, [r3, #8]
  46              		.loc 1 54 0
  47 0014 D860     		str	r0, [r3, #12]
  48 0016 7047     		bx	lr
  49              		.cfi_endproc
  50              	.LFE7:
  51              		.size	_vt_init, .-_vt_init
  52 0018 AFF30080 		.section	.text.chVTSetI,"ax",%progbits
  52      AFF30080 
  53              		.align	2
  54              		.p2align 4,,15
  55              		.global	chVTSetI
  56              		.thumb
ARM GAS  /var/folders/ng/s8655sgx1ys_4lf9jzm2w6n00000gn/T//cce1ZZui.s 			page 2


  57              		.thumb_func
  58              		.type	chVTSetI, %function
  59              	chVTSetI:
  60              	.LFB8:
  61              		.loc 1 76 0
  62              		.cfi_startproc
  63              		@ args = 0, pretend = 0, frame = 0
  64              		@ frame_needed = 0, uses_anonymous_args = 0
  65              		@ link register save eliminated.
  66              	.LVL0:
  67 0000 70B4     		push	{r4, r5, r6}
  68              	.LCFI0:
  69              		.cfi_def_cfa_offset 12
  70              		.cfi_offset 4, -12
  71              		.cfi_offset 5, -8
  72              		.cfi_offset 6, -4
  73              		.loc 1 85 0
  74 0002 0C4E     		ldr	r6, .L9
  75              		.loc 1 83 0
  76 0004 0361     		str	r3, [r0, #16]
  77              		.loc 1 85 0
  78 0006 3468     		ldr	r4, [r6, #0]
  79              	.LVL1:
  80              		.loc 1 84 0
  81 0008 C260     		str	r2, [r0, #12]
  82              		.loc 1 86 0
  83 000a A568     		ldr	r5, [r4, #8]
  84 000c A942     		cmp	r1, r5
  85 000e 04D9     		bls	.L3
  86              	.L6:
  87              		.loc 1 88 0
  88 0010 2468     		ldr	r4, [r4, #0]
  89              	.LVL2:
  90              		.loc 1 87 0
  91 0012 491B     		subs	r1, r1, r5
  92              	.LVL3:
  93              		.loc 1 86 0
  94 0014 A568     		ldr	r5, [r4, #8]
  95 0016 8D42     		cmp	r5, r1
  96 0018 FAD3     		bcc	.L6
  97              	.L3:
  98              		.loc 1 91 0
  99 001a 6368     		ldr	r3, [r4, #4]
 100              	.LVL4:
 101 001c 0460     		str	r4, [r0, #0]
 102              		.loc 1 94 0
 103 001e B442     		cmp	r4, r6
 104              		.loc 1 91 0
 105 0020 4360     		str	r3, [r0, #4]
 106              		.loc 1 92 0
 107 0022 1860     		str	r0, [r3, #0]
 108 0024 6060     		str	r0, [r4, #4]
 109              		.loc 1 93 0
 110 0026 8160     		str	r1, [r0, #8]
 111              		.loc 1 94 0
 112 0028 02D0     		beq	.L2
 113              		.loc 1 95 0
ARM GAS  /var/folders/ng/s8655sgx1ys_4lf9jzm2w6n00000gn/T//cce1ZZui.s 			page 3


 114 002a A068     		ldr	r0, [r4, #8]
 115              	.LVL5:
 116 002c 411A     		subs	r1, r0, r1
 117              	.LVL6:
 118 002e A160     		str	r1, [r4, #8]
 119              	.L2:
 120              		.loc 1 96 0
 121 0030 70BC     		pop	{r4, r5, r6}
 122 0032 7047     		bx	lr
 123              	.L10:
 124              		.align	2
 125              	.L9:
 126 0034 00000000 		.word	.LANCHOR0
 127              		.cfi_endproc
 128              	.LFE8:
 129              		.size	chVTSetI, .-chVTSetI
 130 0038 AFF30080 		.section	.text.chVTResetI,"ax",%progbits
 130      AFF30080 
 131              		.align	2
 132              		.p2align 4,,15
 133              		.global	chVTResetI
 134              		.thumb
 135              		.thumb_func
 136              		.type	chVTResetI, %function
 137              	chVTResetI:
 138              	.LFB9:
 139              		.loc 1 106 0
 140              		.cfi_startproc
 141              		@ args = 0, pretend = 0, frame = 0
 142              		@ frame_needed = 0, uses_anonymous_args = 0
 143              		@ link register save eliminated.
 144              	.LVL7:
 145              		.loc 1 114 0
 146 0000 0368     		ldr	r3, [r0, #0]
 147 0002 074A     		ldr	r2, .L13
 148 0004 9342     		cmp	r3, r2
 149 0006 03D0     		beq	.L12
 150              		.loc 1 115 0
 151 0008 9968     		ldr	r1, [r3, #8]
 152 000a 8268     		ldr	r2, [r0, #8]
 153 000c 8918     		adds	r1, r1, r2
 154 000e 9960     		str	r1, [r3, #8]
 155              	.L12:
 156              		.loc 1 116 0
 157 0010 4268     		ldr	r2, [r0, #4]
 158 0012 1360     		str	r3, [r2, #0]
 159              		.loc 1 117 0
 160 0014 0368     		ldr	r3, [r0, #0]
 161              		.loc 1 118 0
 162 0016 0021     		movs	r1, #0
 163              		.loc 1 117 0
 164 0018 5A60     		str	r2, [r3, #4]
 165              		.loc 1 118 0
 166 001a C160     		str	r1, [r0, #12]
 167 001c 7047     		bx	lr
 168              	.L14:
 169 001e 00BF     		.align	2
ARM GAS  /var/folders/ng/s8655sgx1ys_4lf9jzm2w6n00000gn/T//cce1ZZui.s 			page 4


 170              	.L13:
 171 0020 00000000 		.word	.LANCHOR0
 172              		.cfi_endproc
 173              	.LFE9:
 174              		.size	chVTResetI, .-chVTResetI
 175              		.global	vtlist
 176 0024 AFF30080 		.section	.bss.vtlist,"aw",%nobits
 176      AFF30080 
 176      AFF30080 
 177              		.align	2
 178              		.set	.LANCHOR0,. + 0
 179              		.type	vtlist, %object
 180              		.size	vtlist, 16
 181              	vtlist:
 182 0000 00000000 		.space	16
 182      00000000 
 182      00000000 
 182      00000000 
 183              		.text
 184              	.Letext0:
 185              		.file 2 "/Users/jseng/gccarm/bin/../lib/gcc/arm-none-eabi/4.7.4/../../../../arm-none-eabi/include/
 186              		.file 3 "../AithonLibrary/ChibiOS/os/ports/GCC/ARMCMx/chtypes.h"
 187              		.file 4 "../AithonLibrary/ChibiOS/os/kernel/include/chvt.h"
 188              		.section	.debug_info,"",%progbits
 189              	.Ldebug_info0:
 190 0000 1B020000 		.4byte	0x21b
 191 0004 0200     		.2byte	0x2
 192 0006 00000000 		.4byte	.Ldebug_abbrev0
 193 000a 04       		.byte	0x4
 194 000b 01       		.uleb128 0x1
 195 000c 7C000000 		.4byte	.LASF27
 196 0010 01       		.byte	0x1
 197 0011 00000000 		.4byte	.LASF28
 198 0015 5B010000 		.4byte	.LASF29
 199 0019 00000000 		.4byte	.Ldebug_ranges0+0
 200 001d 00000000 		.4byte	0
 201 0021 00000000 		.4byte	0
 202 0025 00000000 		.4byte	.Ldebug_line0
 203 0029 02       		.uleb128 0x2
 204 002a 04       		.byte	0x4
 205 002b 05       		.byte	0x5
 206 002c 696E7400 		.ascii	"int\000"
 207 0030 03       		.uleb128 0x3
 208 0031 04       		.byte	0x4
 209 0032 07       		.byte	0x7
 210 0033 E6000000 		.4byte	.LASF0
 211 0037 03       		.uleb128 0x3
 212 0038 01       		.byte	0x1
 213 0039 06       		.byte	0x6
 214 003a 92010000 		.4byte	.LASF1
 215 003e 03       		.uleb128 0x3
 216 003f 01       		.byte	0x1
 217 0040 08       		.byte	0x8
 218 0041 C5000000 		.4byte	.LASF2
 219 0045 03       		.uleb128 0x3
 220 0046 02       		.byte	0x2
 221 0047 05       		.byte	0x5
ARM GAS  /var/folders/ng/s8655sgx1ys_4lf9jzm2w6n00000gn/T//cce1ZZui.s 			page 5


 222 0048 DC000000 		.4byte	.LASF3
 223 004c 03       		.uleb128 0x3
 224 004d 02       		.byte	0x2
 225 004e 07       		.byte	0x7
 226 004f 5C000000 		.4byte	.LASF4
 227 0053 03       		.uleb128 0x3
 228 0054 04       		.byte	0x4
 229 0055 05       		.byte	0x5
 230 0056 89010000 		.4byte	.LASF5
 231 005a 04       		.uleb128 0x4
 232 005b 80010000 		.4byte	.LASF10
 233 005f 02       		.byte	0x2
 234 0060 50       		.byte	0x50
 235 0061 65000000 		.4byte	0x65
 236 0065 03       		.uleb128 0x3
 237 0066 04       		.byte	0x4
 238 0067 07       		.byte	0x7
 239 0068 4A000000 		.4byte	.LASF6
 240 006c 03       		.uleb128 0x3
 241 006d 08       		.byte	0x8
 242 006e 05       		.byte	0x5
 243 006f 32010000 		.4byte	.LASF7
 244 0073 03       		.uleb128 0x3
 245 0074 08       		.byte	0x8
 246 0075 07       		.byte	0x7
 247 0076 F3000000 		.4byte	.LASF8
 248 007a 03       		.uleb128 0x3
 249 007b 01       		.byte	0x1
 250 007c 02       		.byte	0x2
 251 007d B8010000 		.4byte	.LASF9
 252 0081 04       		.uleb128 0x4
 253 0082 37000000 		.4byte	.LASF11
 254 0086 03       		.byte	0x3
 255 0087 35       		.byte	0x35
 256 0088 5A000000 		.4byte	0x5a
 257 008c 05       		.uleb128 0x5
 258 008d 04       		.byte	0x4
 259 008e 03       		.uleb128 0x3
 260 008f 04       		.byte	0x4
 261 0090 07       		.byte	0x7
 262 0091 1E010000 		.4byte	.LASF12
 263 0095 04       		.uleb128 0x4
 264 0096 41000000 		.4byte	.LASF13
 265 009a 04       		.byte	0x4
 266 009b 58       		.byte	0x58
 267 009c A0000000 		.4byte	0xa0
 268 00a0 06       		.uleb128 0x6
 269 00a1 04       		.byte	0x4
 270 00a2 A6000000 		.4byte	0xa6
 271 00a6 07       		.uleb128 0x7
 272 00a7 01       		.byte	0x1
 273 00a8 B2000000 		.4byte	0xb2
 274 00ac 08       		.uleb128 0x8
 275 00ad 8C000000 		.4byte	0x8c
 276 00b1 00       		.byte	0
 277 00b2 04       		.uleb128 0x4
 278 00b3 6F000000 		.4byte	.LASF14
ARM GAS  /var/folders/ng/s8655sgx1ys_4lf9jzm2w6n00000gn/T//cce1ZZui.s 			page 6


 279 00b7 04       		.byte	0x4
 280 00b8 5D       		.byte	0x5d
 281 00b9 BD000000 		.4byte	0xbd
 282 00bd 09       		.uleb128 0x9
 283 00be 6F000000 		.4byte	.LASF14
 284 00c2 14       		.byte	0x14
 285 00c3 04       		.byte	0x4
 286 00c4 64       		.byte	0x64
 287 00c5 10010000 		.4byte	0x110
 288 00c9 0A       		.uleb128 0xa
 289 00ca A5010000 		.4byte	.LASF15
 290 00ce 04       		.byte	0x4
 291 00cf 65       		.byte	0x65
 292 00d0 10010000 		.4byte	0x110
 293 00d4 02       		.byte	0x2
 294 00d5 23       		.byte	0x23
 295 00d6 00       		.uleb128 0
 296 00d7 0A       		.uleb128 0xa
 297 00d8 78010000 		.4byte	.LASF16
 298 00dc 04       		.byte	0x4
 299 00dd 67       		.byte	0x67
 300 00de 10010000 		.4byte	0x110
 301 00e2 02       		.byte	0x2
 302 00e3 23       		.byte	0x23
 303 00e4 04       		.uleb128 0x4
 304 00e5 0A       		.uleb128 0xa
 305 00e6 16010000 		.4byte	.LASF17
 306 00ea 04       		.byte	0x4
 307 00eb 69       		.byte	0x69
 308 00ec 81000000 		.4byte	0x81
 309 00f0 02       		.byte	0x2
 310 00f1 23       		.byte	0x23
 311 00f2 08       		.uleb128 0x8
 312 00f3 0A       		.uleb128 0xa
 313 00f4 40010000 		.4byte	.LASF18
 314 00f8 04       		.byte	0x4
 315 00f9 6A       		.byte	0x6a
 316 00fa 95000000 		.4byte	0x95
 317 00fe 02       		.byte	0x2
 318 00ff 23       		.byte	0x23
 319 0100 0C       		.uleb128 0xc
 320 0101 0A       		.uleb128 0xa
 321 0102 54010000 		.4byte	.LASF19
 322 0106 04       		.byte	0x4
 323 0107 6C       		.byte	0x6c
 324 0108 8C000000 		.4byte	0x8c
 325 010c 02       		.byte	0x2
 326 010d 23       		.byte	0x23
 327 010e 10       		.uleb128 0x10
 328 010f 00       		.byte	0
 329 0110 06       		.uleb128 0x6
 330 0111 04       		.byte	0x4
 331 0112 B2000000 		.4byte	0xb2
 332 0116 0B       		.uleb128 0xb
 333 0117 10       		.byte	0x10
 334 0118 04       		.byte	0x4
 335 0119 76       		.byte	0x76
ARM GAS  /var/folders/ng/s8655sgx1ys_4lf9jzm2w6n00000gn/T//cce1ZZui.s 			page 7


 336 011a 57010000 		.4byte	0x157
 337 011e 0A       		.uleb128 0xa
 338 011f A5010000 		.4byte	.LASF15
 339 0123 04       		.byte	0x4
 340 0124 77       		.byte	0x77
 341 0125 10010000 		.4byte	0x110
 342 0129 02       		.byte	0x2
 343 012a 23       		.byte	0x23
 344 012b 00       		.uleb128 0
 345 012c 0A       		.uleb128 0xa
 346 012d 78010000 		.4byte	.LASF16
 347 0131 04       		.byte	0x4
 348 0132 79       		.byte	0x79
 349 0133 10010000 		.4byte	0x110
 350 0137 02       		.byte	0x2
 351 0138 23       		.byte	0x23
 352 0139 04       		.uleb128 0x4
 353 013a 0A       		.uleb128 0xa
 354 013b 16010000 		.4byte	.LASF17
 355 013f 04       		.byte	0x4
 356 0140 7B       		.byte	0x7b
 357 0141 81000000 		.4byte	0x81
 358 0145 02       		.byte	0x2
 359 0146 23       		.byte	0x23
 360 0147 08       		.uleb128 0x8
 361 0148 0A       		.uleb128 0xa
 362 0149 27010000 		.4byte	.LASF20
 363 014d 04       		.byte	0x4
 364 014e 7C       		.byte	0x7c
 365 014f 57010000 		.4byte	0x157
 366 0153 02       		.byte	0x2
 367 0154 23       		.byte	0x23
 368 0155 0C       		.uleb128 0xc
 369 0156 00       		.byte	0
 370 0157 0C       		.uleb128 0xc
 371 0158 81000000 		.4byte	0x81
 372 015c 04       		.uleb128 0x4
 373 015d 9E010000 		.4byte	.LASF21
 374 0161 04       		.byte	0x4
 375 0162 7D       		.byte	0x7d
 376 0163 16010000 		.4byte	0x116
 377 0167 03       		.uleb128 0x3
 378 0168 01       		.byte	0x1
 379 0169 08       		.byte	0x8
 380 016a 4F010000 		.4byte	.LASF22
 381 016e 0D       		.uleb128 0xd
 382 016f 01       		.byte	0x1
 383 0170 D3000000 		.4byte	.LASF30
 384 0174 01       		.byte	0x1
 385 0175 32       		.byte	0x32
 386 0176 01       		.byte	0x1
 387 0177 00000000 		.4byte	.LFB7
 388 017b 18000000 		.4byte	.LFE7
 389 017f 02       		.byte	0x2
 390 0180 7D       		.byte	0x7d
 391 0181 00       		.sleb128 0
 392 0182 01       		.byte	0x1
ARM GAS  /var/folders/ng/s8655sgx1ys_4lf9jzm2w6n00000gn/T//cce1ZZui.s 			page 8


 393 0183 0E       		.uleb128 0xe
 394 0184 01       		.byte	0x1
 395 0185 2E000000 		.4byte	.LASF25
 396 0189 01       		.byte	0x1
 397 018a 4C       		.byte	0x4c
 398 018b 01       		.byte	0x1
 399 018c 00000000 		.4byte	.LFB8
 400 0190 38000000 		.4byte	.LFE8
 401 0194 00000000 		.4byte	.LLST0
 402 0198 01       		.byte	0x1
 403 0199 E5010000 		.4byte	0x1e5
 404 019d 0F       		.uleb128 0xf
 405 019e 76747000 		.ascii	"vtp\000"
 406 01a2 01       		.byte	0x1
 407 01a3 4C       		.byte	0x4c
 408 01a4 10010000 		.4byte	0x110
 409 01a8 20000000 		.4byte	.LLST1
 410 01ac 10       		.uleb128 0x10
 411 01ad 11010000 		.4byte	.LASF23
 412 01b1 01       		.byte	0x1
 413 01b2 4C       		.byte	0x4c
 414 01b3 81000000 		.4byte	0x81
 415 01b7 3F000000 		.4byte	.LLST2
 416 01bb 11       		.uleb128 0x11
 417 01bc 48010000 		.4byte	.LASF24
 418 01c0 01       		.byte	0x1
 419 01c1 4C       		.byte	0x4c
 420 01c2 95000000 		.4byte	0x95
 421 01c6 01       		.byte	0x1
 422 01c7 52       		.byte	0x52
 423 01c8 0F       		.uleb128 0xf
 424 01c9 70617200 		.ascii	"par\000"
 425 01cd 01       		.byte	0x1
 426 01ce 4C       		.byte	0x4c
 427 01cf 8C000000 		.4byte	0x8c
 428 01d3 6C000000 		.4byte	.LLST3
 429 01d7 12       		.uleb128 0x12
 430 01d8 7000     		.ascii	"p\000"
 431 01da 01       		.byte	0x1
 432 01db 4D       		.byte	0x4d
 433 01dc 10010000 		.4byte	0x110
 434 01e0 9A000000 		.4byte	.LLST4
 435 01e4 00       		.byte	0
 436 01e5 13       		.uleb128 0x13
 437 01e6 01       		.byte	0x1
 438 01e7 AD010000 		.4byte	.LASF26
 439 01eb 01       		.byte	0x1
 440 01ec 6A       		.byte	0x6a
 441 01ed 01       		.byte	0x1
 442 01ee 00000000 		.4byte	.LFB9
 443 01f2 24000000 		.4byte	.LFE9
 444 01f6 02       		.byte	0x2
 445 01f7 7D       		.byte	0x7d
 446 01f8 00       		.sleb128 0
 447 01f9 01       		.byte	0x1
 448 01fa 0C020000 		.4byte	0x20c
 449 01fe 14       		.uleb128 0x14
ARM GAS  /var/folders/ng/s8655sgx1ys_4lf9jzm2w6n00000gn/T//cce1ZZui.s 			page 9


 450 01ff 76747000 		.ascii	"vtp\000"
 451 0203 01       		.byte	0x1
 452 0204 6A       		.byte	0x6a
 453 0205 10010000 		.4byte	0x110
 454 0209 01       		.byte	0x1
 455 020a 50       		.byte	0x50
 456 020b 00       		.byte	0
 457 020c 15       		.uleb128 0x15
 458 020d 0A010000 		.4byte	.LASF31
 459 0211 01       		.byte	0x1
 460 0212 2A       		.byte	0x2a
 461 0213 5C010000 		.4byte	0x15c
 462 0217 01       		.byte	0x1
 463 0218 05       		.byte	0x5
 464 0219 03       		.byte	0x3
 465 021a 00000000 		.4byte	vtlist
 466 021e 00       		.byte	0
 467              		.section	.debug_abbrev,"",%progbits
 468              	.Ldebug_abbrev0:
 469 0000 01       		.uleb128 0x1
 470 0001 11       		.uleb128 0x11
 471 0002 01       		.byte	0x1
 472 0003 25       		.uleb128 0x25
 473 0004 0E       		.uleb128 0xe
 474 0005 13       		.uleb128 0x13
 475 0006 0B       		.uleb128 0xb
 476 0007 03       		.uleb128 0x3
 477 0008 0E       		.uleb128 0xe
 478 0009 1B       		.uleb128 0x1b
 479 000a 0E       		.uleb128 0xe
 480 000b 55       		.uleb128 0x55
 481 000c 06       		.uleb128 0x6
 482 000d 11       		.uleb128 0x11
 483 000e 01       		.uleb128 0x1
 484 000f 52       		.uleb128 0x52
 485 0010 01       		.uleb128 0x1
 486 0011 10       		.uleb128 0x10
 487 0012 06       		.uleb128 0x6
 488 0013 00       		.byte	0
 489 0014 00       		.byte	0
 490 0015 02       		.uleb128 0x2
 491 0016 24       		.uleb128 0x24
 492 0017 00       		.byte	0
 493 0018 0B       		.uleb128 0xb
 494 0019 0B       		.uleb128 0xb
 495 001a 3E       		.uleb128 0x3e
 496 001b 0B       		.uleb128 0xb
 497 001c 03       		.uleb128 0x3
 498 001d 08       		.uleb128 0x8
 499 001e 00       		.byte	0
 500 001f 00       		.byte	0
 501 0020 03       		.uleb128 0x3
 502 0021 24       		.uleb128 0x24
 503 0022 00       		.byte	0
 504 0023 0B       		.uleb128 0xb
 505 0024 0B       		.uleb128 0xb
 506 0025 3E       		.uleb128 0x3e
ARM GAS  /var/folders/ng/s8655sgx1ys_4lf9jzm2w6n00000gn/T//cce1ZZui.s 			page 10


 507 0026 0B       		.uleb128 0xb
 508 0027 03       		.uleb128 0x3
 509 0028 0E       		.uleb128 0xe
 510 0029 00       		.byte	0
 511 002a 00       		.byte	0
 512 002b 04       		.uleb128 0x4
 513 002c 16       		.uleb128 0x16
 514 002d 00       		.byte	0
 515 002e 03       		.uleb128 0x3
 516 002f 0E       		.uleb128 0xe
 517 0030 3A       		.uleb128 0x3a
 518 0031 0B       		.uleb128 0xb
 519 0032 3B       		.uleb128 0x3b
 520 0033 0B       		.uleb128 0xb
 521 0034 49       		.uleb128 0x49
 522 0035 13       		.uleb128 0x13
 523 0036 00       		.byte	0
 524 0037 00       		.byte	0
 525 0038 05       		.uleb128 0x5
 526 0039 0F       		.uleb128 0xf
 527 003a 00       		.byte	0
 528 003b 0B       		.uleb128 0xb
 529 003c 0B       		.uleb128 0xb
 530 003d 00       		.byte	0
 531 003e 00       		.byte	0
 532 003f 06       		.uleb128 0x6
 533 0040 0F       		.uleb128 0xf
 534 0041 00       		.byte	0
 535 0042 0B       		.uleb128 0xb
 536 0043 0B       		.uleb128 0xb
 537 0044 49       		.uleb128 0x49
 538 0045 13       		.uleb128 0x13
 539 0046 00       		.byte	0
 540 0047 00       		.byte	0
 541 0048 07       		.uleb128 0x7
 542 0049 15       		.uleb128 0x15
 543 004a 01       		.byte	0x1
 544 004b 27       		.uleb128 0x27
 545 004c 0C       		.uleb128 0xc
 546 004d 01       		.uleb128 0x1
 547 004e 13       		.uleb128 0x13
 548 004f 00       		.byte	0
 549 0050 00       		.byte	0
 550 0051 08       		.uleb128 0x8
 551 0052 05       		.uleb128 0x5
 552 0053 00       		.byte	0
 553 0054 49       		.uleb128 0x49
 554 0055 13       		.uleb128 0x13
 555 0056 00       		.byte	0
 556 0057 00       		.byte	0
 557 0058 09       		.uleb128 0x9
 558 0059 13       		.uleb128 0x13
 559 005a 01       		.byte	0x1
 560 005b 03       		.uleb128 0x3
 561 005c 0E       		.uleb128 0xe
 562 005d 0B       		.uleb128 0xb
 563 005e 0B       		.uleb128 0xb
ARM GAS  /var/folders/ng/s8655sgx1ys_4lf9jzm2w6n00000gn/T//cce1ZZui.s 			page 11


 564 005f 3A       		.uleb128 0x3a
 565 0060 0B       		.uleb128 0xb
 566 0061 3B       		.uleb128 0x3b
 567 0062 0B       		.uleb128 0xb
 568 0063 01       		.uleb128 0x1
 569 0064 13       		.uleb128 0x13
 570 0065 00       		.byte	0
 571 0066 00       		.byte	0
 572 0067 0A       		.uleb128 0xa
 573 0068 0D       		.uleb128 0xd
 574 0069 00       		.byte	0
 575 006a 03       		.uleb128 0x3
 576 006b 0E       		.uleb128 0xe
 577 006c 3A       		.uleb128 0x3a
 578 006d 0B       		.uleb128 0xb
 579 006e 3B       		.uleb128 0x3b
 580 006f 0B       		.uleb128 0xb
 581 0070 49       		.uleb128 0x49
 582 0071 13       		.uleb128 0x13
 583 0072 38       		.uleb128 0x38
 584 0073 0A       		.uleb128 0xa
 585 0074 00       		.byte	0
 586 0075 00       		.byte	0
 587 0076 0B       		.uleb128 0xb
 588 0077 13       		.uleb128 0x13
 589 0078 01       		.byte	0x1
 590 0079 0B       		.uleb128 0xb
 591 007a 0B       		.uleb128 0xb
 592 007b 3A       		.uleb128 0x3a
 593 007c 0B       		.uleb128 0xb
 594 007d 3B       		.uleb128 0x3b
 595 007e 0B       		.uleb128 0xb
 596 007f 01       		.uleb128 0x1
 597 0080 13       		.uleb128 0x13
 598 0081 00       		.byte	0
 599 0082 00       		.byte	0
 600 0083 0C       		.uleb128 0xc
 601 0084 35       		.uleb128 0x35
 602 0085 00       		.byte	0
 603 0086 49       		.uleb128 0x49
 604 0087 13       		.uleb128 0x13
 605 0088 00       		.byte	0
 606 0089 00       		.byte	0
 607 008a 0D       		.uleb128 0xd
 608 008b 2E       		.uleb128 0x2e
 609 008c 00       		.byte	0
 610 008d 3F       		.uleb128 0x3f
 611 008e 0C       		.uleb128 0xc
 612 008f 03       		.uleb128 0x3
 613 0090 0E       		.uleb128 0xe
 614 0091 3A       		.uleb128 0x3a
 615 0092 0B       		.uleb128 0xb
 616 0093 3B       		.uleb128 0x3b
 617 0094 0B       		.uleb128 0xb
 618 0095 27       		.uleb128 0x27
 619 0096 0C       		.uleb128 0xc
 620 0097 11       		.uleb128 0x11
ARM GAS  /var/folders/ng/s8655sgx1ys_4lf9jzm2w6n00000gn/T//cce1ZZui.s 			page 12


 621 0098 01       		.uleb128 0x1
 622 0099 12       		.uleb128 0x12
 623 009a 01       		.uleb128 0x1
 624 009b 40       		.uleb128 0x40
 625 009c 0A       		.uleb128 0xa
 626 009d 9742     		.uleb128 0x2117
 627 009f 0C       		.uleb128 0xc
 628 00a0 00       		.byte	0
 629 00a1 00       		.byte	0
 630 00a2 0E       		.uleb128 0xe
 631 00a3 2E       		.uleb128 0x2e
 632 00a4 01       		.byte	0x1
 633 00a5 3F       		.uleb128 0x3f
 634 00a6 0C       		.uleb128 0xc
 635 00a7 03       		.uleb128 0x3
 636 00a8 0E       		.uleb128 0xe
 637 00a9 3A       		.uleb128 0x3a
 638 00aa 0B       		.uleb128 0xb
 639 00ab 3B       		.uleb128 0x3b
 640 00ac 0B       		.uleb128 0xb
 641 00ad 27       		.uleb128 0x27
 642 00ae 0C       		.uleb128 0xc
 643 00af 11       		.uleb128 0x11
 644 00b0 01       		.uleb128 0x1
 645 00b1 12       		.uleb128 0x12
 646 00b2 01       		.uleb128 0x1
 647 00b3 40       		.uleb128 0x40
 648 00b4 06       		.uleb128 0x6
 649 00b5 9742     		.uleb128 0x2117
 650 00b7 0C       		.uleb128 0xc
 651 00b8 01       		.uleb128 0x1
 652 00b9 13       		.uleb128 0x13
 653 00ba 00       		.byte	0
 654 00bb 00       		.byte	0
 655 00bc 0F       		.uleb128 0xf
 656 00bd 05       		.uleb128 0x5
 657 00be 00       		.byte	0
 658 00bf 03       		.uleb128 0x3
 659 00c0 08       		.uleb128 0x8
 660 00c1 3A       		.uleb128 0x3a
 661 00c2 0B       		.uleb128 0xb
 662 00c3 3B       		.uleb128 0x3b
 663 00c4 0B       		.uleb128 0xb
 664 00c5 49       		.uleb128 0x49
 665 00c6 13       		.uleb128 0x13
 666 00c7 02       		.uleb128 0x2
 667 00c8 06       		.uleb128 0x6
 668 00c9 00       		.byte	0
 669 00ca 00       		.byte	0
 670 00cb 10       		.uleb128 0x10
 671 00cc 05       		.uleb128 0x5
 672 00cd 00       		.byte	0
 673 00ce 03       		.uleb128 0x3
 674 00cf 0E       		.uleb128 0xe
 675 00d0 3A       		.uleb128 0x3a
 676 00d1 0B       		.uleb128 0xb
 677 00d2 3B       		.uleb128 0x3b
ARM GAS  /var/folders/ng/s8655sgx1ys_4lf9jzm2w6n00000gn/T//cce1ZZui.s 			page 13


 678 00d3 0B       		.uleb128 0xb
 679 00d4 49       		.uleb128 0x49
 680 00d5 13       		.uleb128 0x13
 681 00d6 02       		.uleb128 0x2
 682 00d7 06       		.uleb128 0x6
 683 00d8 00       		.byte	0
 684 00d9 00       		.byte	0
 685 00da 11       		.uleb128 0x11
 686 00db 05       		.uleb128 0x5
 687 00dc 00       		.byte	0
 688 00dd 03       		.uleb128 0x3
 689 00de 0E       		.uleb128 0xe
 690 00df 3A       		.uleb128 0x3a
 691 00e0 0B       		.uleb128 0xb
 692 00e1 3B       		.uleb128 0x3b
 693 00e2 0B       		.uleb128 0xb
 694 00e3 49       		.uleb128 0x49
 695 00e4 13       		.uleb128 0x13
 696 00e5 02       		.uleb128 0x2
 697 00e6 0A       		.uleb128 0xa
 698 00e7 00       		.byte	0
 699 00e8 00       		.byte	0
 700 00e9 12       		.uleb128 0x12
 701 00ea 34       		.uleb128 0x34
 702 00eb 00       		.byte	0
 703 00ec 03       		.uleb128 0x3
 704 00ed 08       		.uleb128 0x8
 705 00ee 3A       		.uleb128 0x3a
 706 00ef 0B       		.uleb128 0xb
 707 00f0 3B       		.uleb128 0x3b
 708 00f1 0B       		.uleb128 0xb
 709 00f2 49       		.uleb128 0x49
 710 00f3 13       		.uleb128 0x13
 711 00f4 02       		.uleb128 0x2
 712 00f5 06       		.uleb128 0x6
 713 00f6 00       		.byte	0
 714 00f7 00       		.byte	0
 715 00f8 13       		.uleb128 0x13
 716 00f9 2E       		.uleb128 0x2e
 717 00fa 01       		.byte	0x1
 718 00fb 3F       		.uleb128 0x3f
 719 00fc 0C       		.uleb128 0xc
 720 00fd 03       		.uleb128 0x3
 721 00fe 0E       		.uleb128 0xe
 722 00ff 3A       		.uleb128 0x3a
 723 0100 0B       		.uleb128 0xb
 724 0101 3B       		.uleb128 0x3b
 725 0102 0B       		.uleb128 0xb
 726 0103 27       		.uleb128 0x27
 727 0104 0C       		.uleb128 0xc
 728 0105 11       		.uleb128 0x11
 729 0106 01       		.uleb128 0x1
 730 0107 12       		.uleb128 0x12
 731 0108 01       		.uleb128 0x1
 732 0109 40       		.uleb128 0x40
 733 010a 0A       		.uleb128 0xa
 734 010b 9742     		.uleb128 0x2117
ARM GAS  /var/folders/ng/s8655sgx1ys_4lf9jzm2w6n00000gn/T//cce1ZZui.s 			page 14


 735 010d 0C       		.uleb128 0xc
 736 010e 01       		.uleb128 0x1
 737 010f 13       		.uleb128 0x13
 738 0110 00       		.byte	0
 739 0111 00       		.byte	0
 740 0112 14       		.uleb128 0x14
 741 0113 05       		.uleb128 0x5
 742 0114 00       		.byte	0
 743 0115 03       		.uleb128 0x3
 744 0116 08       		.uleb128 0x8
 745 0117 3A       		.uleb128 0x3a
 746 0118 0B       		.uleb128 0xb
 747 0119 3B       		.uleb128 0x3b
 748 011a 0B       		.uleb128 0xb
 749 011b 49       		.uleb128 0x49
 750 011c 13       		.uleb128 0x13
 751 011d 02       		.uleb128 0x2
 752 011e 0A       		.uleb128 0xa
 753 011f 00       		.byte	0
 754 0120 00       		.byte	0
 755 0121 15       		.uleb128 0x15
 756 0122 34       		.uleb128 0x34
 757 0123 00       		.byte	0
 758 0124 03       		.uleb128 0x3
 759 0125 0E       		.uleb128 0xe
 760 0126 3A       		.uleb128 0x3a
 761 0127 0B       		.uleb128 0xb
 762 0128 3B       		.uleb128 0x3b
 763 0129 0B       		.uleb128 0xb
 764 012a 49       		.uleb128 0x49
 765 012b 13       		.uleb128 0x13
 766 012c 3F       		.uleb128 0x3f
 767 012d 0C       		.uleb128 0xc
 768 012e 02       		.uleb128 0x2
 769 012f 0A       		.uleb128 0xa
 770 0130 00       		.byte	0
 771 0131 00       		.byte	0
 772 0132 00       		.byte	0
 773              		.section	.debug_loc,"",%progbits
 774              	.Ldebug_loc0:
 775              	.LLST0:
 776 0000 00000000 		.4byte	.LFB8
 777 0004 02000000 		.4byte	.LCFI0
 778 0008 0200     		.2byte	0x2
 779 000a 7D       		.byte	0x7d
 780 000b 00       		.sleb128 0
 781 000c 02000000 		.4byte	.LCFI0
 782 0010 38000000 		.4byte	.LFE8
 783 0014 0200     		.2byte	0x2
 784 0016 7D       		.byte	0x7d
 785 0017 0C       		.sleb128 12
 786 0018 00000000 		.4byte	0
 787 001c 00000000 		.4byte	0
 788              	.LLST1:
 789 0020 00000000 		.4byte	.LVL0
 790 0024 2C000000 		.4byte	.LVL5
 791 0028 0100     		.2byte	0x1
ARM GAS  /var/folders/ng/s8655sgx1ys_4lf9jzm2w6n00000gn/T//cce1ZZui.s 			page 15


 792 002a 50       		.byte	0x50
 793 002b 2C000000 		.4byte	.LVL5
 794 002f 38000000 		.4byte	.LFE8
 795 0033 0200     		.2byte	0x2
 796 0035 74       		.byte	0x74
 797 0036 04       		.sleb128 4
 798 0037 00000000 		.4byte	0
 799 003b 00000000 		.4byte	0
 800              	.LLST2:
 801 003f 00000000 		.4byte	.LVL0
 802 0043 14000000 		.4byte	.LVL3
 803 0047 0100     		.2byte	0x1
 804 0049 51       		.byte	0x51
 805 004a 14000000 		.4byte	.LVL3
 806 004e 2E000000 		.4byte	.LVL6
 807 0052 0100     		.2byte	0x1
 808 0054 51       		.byte	0x51
 809 0055 2E000000 		.4byte	.LVL6
 810 0059 38000000 		.4byte	.LFE8
 811 005d 0500     		.2byte	0x5
 812 005f 74       		.byte	0x74
 813 0060 04       		.sleb128 4
 814 0061 06       		.byte	0x6
 815 0062 23       		.byte	0x23
 816 0063 08       		.uleb128 0x8
 817 0064 00000000 		.4byte	0
 818 0068 00000000 		.4byte	0
 819              	.LLST3:
 820 006c 00000000 		.4byte	.LVL0
 821 0070 1C000000 		.4byte	.LVL4
 822 0074 0100     		.2byte	0x1
 823 0076 53       		.byte	0x53
 824 0077 1C000000 		.4byte	.LVL4
 825 007b 2C000000 		.4byte	.LVL5
 826 007f 0200     		.2byte	0x2
 827 0081 70       		.byte	0x70
 828 0082 10       		.sleb128 16
 829 0083 2C000000 		.4byte	.LVL5
 830 0087 38000000 		.4byte	.LFE8
 831 008b 0500     		.2byte	0x5
 832 008d 74       		.byte	0x74
 833 008e 04       		.sleb128 4
 834 008f 06       		.byte	0x6
 835 0090 23       		.byte	0x23
 836 0091 10       		.uleb128 0x10
 837 0092 00000000 		.4byte	0
 838 0096 00000000 		.4byte	0
 839              	.LLST4:
 840 009a 08000000 		.4byte	.LVL1
 841 009e 12000000 		.4byte	.LVL2
 842 00a2 0100     		.2byte	0x1
 843 00a4 54       		.byte	0x54
 844 00a5 14000000 		.4byte	.LVL3
 845 00a9 38000000 		.4byte	.LFE8
 846 00ad 0100     		.2byte	0x1
 847 00af 54       		.byte	0x54
 848 00b0 00000000 		.4byte	0
ARM GAS  /var/folders/ng/s8655sgx1ys_4lf9jzm2w6n00000gn/T//cce1ZZui.s 			page 16


 849 00b4 00000000 		.4byte	0
 850              		.section	.debug_aranges,"",%progbits
 851 0000 2C000000 		.4byte	0x2c
 852 0004 0200     		.2byte	0x2
 853 0006 00000000 		.4byte	.Ldebug_info0
 854 000a 04       		.byte	0x4
 855 000b 00       		.byte	0
 856 000c 0000     		.2byte	0
 857 000e 0000     		.2byte	0
 858 0010 00000000 		.4byte	.LFB7
 859 0014 18000000 		.4byte	.LFE7-.LFB7
 860 0018 00000000 		.4byte	.LFB8
 861 001c 38000000 		.4byte	.LFE8-.LFB8
 862 0020 00000000 		.4byte	.LFB9
 863 0024 24000000 		.4byte	.LFE9-.LFB9
 864 0028 00000000 		.4byte	0
 865 002c 00000000 		.4byte	0
 866              		.section	.debug_ranges,"",%progbits
 867              	.Ldebug_ranges0:
 868 0000 00000000 		.4byte	.LFB7
 869 0004 18000000 		.4byte	.LFE7
 870 0008 00000000 		.4byte	.LFB8
 871 000c 38000000 		.4byte	.LFE8
 872 0010 00000000 		.4byte	.LFB9
 873 0014 24000000 		.4byte	.LFE9
 874 0018 00000000 		.4byte	0
 875 001c 00000000 		.4byte	0
 876              		.section	.debug_line,"",%progbits
 877              	.Ldebug_line0:
 878 0000 6C010000 		.section	.debug_str,"MS",%progbits,1
 878      02001801 
 878      00000201 
 878      FB0E0D00 
 878      01010101 
 879              	.LASF28:
 880 0000 2E2E2F41 		.ascii	"../AithonLibrary/ChibiOS/os/kernel/src/chvt.c\000"
 880      6974686F 
 880      6E4C6962 
 880      72617279 
 880      2F436869 
 881              	.LASF25:
 882 002e 63685654 		.ascii	"chVTSetI\000"
 882      53657449 
 882      00
 883              	.LASF11:
 884 0037 73797374 		.ascii	"systime_t\000"
 884      696D655F 
 884      7400
 885              	.LASF13:
 886 0041 76746675 		.ascii	"vtfunc_t\000"
 886      6E635F74 
 886      00
 887              	.LASF6:
 888 004a 6C6F6E67 		.ascii	"long unsigned int\000"
 888      20756E73 
 888      69676E65 
 888      6420696E 
ARM GAS  /var/folders/ng/s8655sgx1ys_4lf9jzm2w6n00000gn/T//cce1ZZui.s 			page 17


 888      7400
 889              	.LASF4:
 890 005c 73686F72 		.ascii	"short unsigned int\000"
 890      7420756E 
 890      7369676E 
 890      65642069 
 890      6E7400
 891              	.LASF14:
 892 006f 56697274 		.ascii	"VirtualTimer\000"
 892      75616C54 
 892      696D6572 
 892      00
 893              	.LASF27:
 894 007c 474E5520 		.ascii	"GNU C 4.7.4 20130913 (release) [ARM/embedded-4_7-br"
 894      4320342E 
 894      372E3420 
 894      32303133 
 894      30393133 
 895 00af 616E6368 		.ascii	"anch revision 202601]\000"
 895      20726576 
 895      6973696F 
 895      6E203230 
 895      32363031 
 896              	.LASF2:
 897 00c5 756E7369 		.ascii	"unsigned char\000"
 897      676E6564 
 897      20636861 
 897      7200
 898              	.LASF30:
 899 00d3 5F76745F 		.ascii	"_vt_init\000"
 899      696E6974 
 899      00
 900              	.LASF3:
 901 00dc 73686F72 		.ascii	"short int\000"
 901      7420696E 
 901      7400
 902              	.LASF0:
 903 00e6 756E7369 		.ascii	"unsigned int\000"
 903      676E6564 
 903      20696E74 
 903      00
 904              	.LASF8:
 905 00f3 6C6F6E67 		.ascii	"long long unsigned int\000"
 905      206C6F6E 
 905      6720756E 
 905      7369676E 
 905      65642069 
 906              	.LASF31:
 907 010a 76746C69 		.ascii	"vtlist\000"
 907      737400
 908              	.LASF23:
 909 0111 74696D65 		.ascii	"time\000"
 909      00
 910              	.LASF17:
 911 0116 76745F74 		.ascii	"vt_time\000"
 911      696D6500 
 912              	.LASF12:
ARM GAS  /var/folders/ng/s8655sgx1ys_4lf9jzm2w6n00000gn/T//cce1ZZui.s 			page 18


 913 011e 73697A65 		.ascii	"sizetype\000"
 913      74797065 
 913      00
 914              	.LASF20:
 915 0127 76745F73 		.ascii	"vt_systime\000"
 915      79737469 
 915      6D6500
 916              	.LASF7:
 917 0132 6C6F6E67 		.ascii	"long long int\000"
 917      206C6F6E 
 917      6720696E 
 917      7400
 918              	.LASF18:
 919 0140 76745F66 		.ascii	"vt_func\000"
 919      756E6300 
 920              	.LASF24:
 921 0148 76746675 		.ascii	"vtfunc\000"
 921      6E6300
 922              	.LASF22:
 923 014f 63686172 		.ascii	"char\000"
 923      00
 924              	.LASF19:
 925 0154 76745F70 		.ascii	"vt_par\000"
 925      617200
 926              	.LASF29:
 927 015b 2F557365 		.ascii	"/Users/jseng/aithon/DemoMode\000"
 927      72732F6A 
 927      73656E67 
 927      2F616974 
 927      686F6E2F 
 928              	.LASF16:
 929 0178 76745F70 		.ascii	"vt_prev\000"
 929      72657600 
 930              	.LASF10:
 931 0180 75696E74 		.ascii	"uint32_t\000"
 931      33325F74 
 931      00
 932              	.LASF5:
 933 0189 6C6F6E67 		.ascii	"long int\000"
 933      20696E74 
 933      00
 934              	.LASF1:
 935 0192 7369676E 		.ascii	"signed char\000"
 935      65642063 
 935      68617200 
 936              	.LASF21:
 937 019e 56544C69 		.ascii	"VTList\000"
 937      737400
 938              	.LASF15:
 939 01a5 76745F6E 		.ascii	"vt_next\000"
 939      65787400 
 940              	.LASF26:
 941 01ad 63685654 		.ascii	"chVTResetI\000"
 941      52657365 
 941      744900
 942              	.LASF9:
 943 01b8 5F426F6F 		.ascii	"_Bool\000"
ARM GAS  /var/folders/ng/s8655sgx1ys_4lf9jzm2w6n00000gn/T//cce1ZZui.s 			page 19


 943      6C00
 944              		.ident	"GCC: (GNU Tools for ARM Embedded Processors) 4.7.4 20130913 (release) [ARM/embedded-4_7-br
ARM GAS  /var/folders/ng/s8655sgx1ys_4lf9jzm2w6n00000gn/T//cce1ZZui.s 			page 20


DEFINED SYMBOLS
                            *ABS*:0000000000000000 chvt.c
/var/folders/ng/s8655sgx1ys_4lf9jzm2w6n00000gn/T//cce1ZZui.s:20     .text._vt_init:0000000000000000 $t
/var/folders/ng/s8655sgx1ys_4lf9jzm2w6n00000gn/T//cce1ZZui.s:26     .text._vt_init:0000000000000000 _vt_init
/var/folders/ng/s8655sgx1ys_4lf9jzm2w6n00000gn/T//cce1ZZui.s:178    .bss.vtlist:0000000000000000 .LANCHOR0
/var/folders/ng/s8655sgx1ys_4lf9jzm2w6n00000gn/T//cce1ZZui.s:53     .text.chVTSetI:0000000000000000 $t
/var/folders/ng/s8655sgx1ys_4lf9jzm2w6n00000gn/T//cce1ZZui.s:59     .text.chVTSetI:0000000000000000 chVTSetI
/var/folders/ng/s8655sgx1ys_4lf9jzm2w6n00000gn/T//cce1ZZui.s:126    .text.chVTSetI:0000000000000034 $d
/var/folders/ng/s8655sgx1ys_4lf9jzm2w6n00000gn/T//cce1ZZui.s:131    .text.chVTResetI:0000000000000000 $t
/var/folders/ng/s8655sgx1ys_4lf9jzm2w6n00000gn/T//cce1ZZui.s:137    .text.chVTResetI:0000000000000000 chVTResetI
/var/folders/ng/s8655sgx1ys_4lf9jzm2w6n00000gn/T//cce1ZZui.s:171    .text.chVTResetI:0000000000000020 $d
/var/folders/ng/s8655sgx1ys_4lf9jzm2w6n00000gn/T//cce1ZZui.s:181    .bss.vtlist:0000000000000000 vtlist
/var/folders/ng/s8655sgx1ys_4lf9jzm2w6n00000gn/T//cce1ZZui.s:177    .bss.vtlist:0000000000000000 $d
                     .debug_frame:0000000000000010 $d
/var/folders/ng/s8655sgx1ys_4lf9jzm2w6n00000gn/T//cce1ZZui.s:130    .text.chVTSetI:0000000000000038 $t
/var/folders/ng/s8655sgx1ys_4lf9jzm2w6n00000gn/T//cce1ZZui.s:176    .text.chVTResetI:0000000000000024 $t

NO UNDEFINED SYMBOLS
