ARM GAS  /var/folders/ng/s8655sgx1ys_4lf9jzm2w6n00000gn/T//ccSWNafm.s 			page 1


   1              		.syntax unified
   2              		.cpu cortex-m4
   3              		.eabi_attribute 27, 3
   4              		.fpu fpv4-sp-d16
   5              		.eabi_attribute 20, 1
   6              		.eabi_attribute 21, 1
   7              		.eabi_attribute 23, 3
   8              		.eabi_attribute 24, 1
   9              		.eabi_attribute 25, 1
  10              		.eabi_attribute 26, 1
  11              		.eabi_attribute 30, 2
  12              		.eabi_attribute 34, 1
  13              		.eabi_attribute 18, 4
  14              		.thumb
  15              		.file	"digital.c"
  16              		.text
  17              	.Ltext0:
  18              		.cfi_sections	.debug_frame
  19              		.section	.text.digital_mode,"ax",%progbits
  20              		.align	2
  21              		.p2align 4,,15
  22              		.global	digital_mode
  23              		.thumb
  24              		.thumb_func
  25              		.type	digital_mode, %function
  26              	digital_mode:
  27              	.LFB119:
  28              		.file 1 "../AithonLibrary/digital.c"
  29              		.loc 1 62 0
  30              		.cfi_startproc
  31              		@ args = 0, pretend = 0, frame = 0
  32              		@ frame_needed = 0, uses_anonymous_args = 0
  33              		@ link register save eliminated.
  34              	.LVL0:
  35              		.loc 1 63 0
  36 0000 40F20003 		movw	r3, #:lower16:.LANCHOR1
  37 0004 C0F20003 		movt	r3, #:upper16:.LANCHOR1
  38 0008 40F20002 		movw	r2, #:lower16:.LANCHOR0
  39 000c C0F20002 		movt	r2, #:upper16:.LANCHOR0
  40 0010 53F82030 		ldr	r3, [r3, r0, lsl #2]
  41 0014 52F82000 		ldr	r0, [r2, r0, lsl #2]
  42              	.LVL1:
  43              		.loc 1 62 0
  44 0018 0A46     		mov	r2, r1
  45              		.loc 1 63 0
  46 001a 0121     		movs	r1, #1
  47              	.LVL2:
  48 001c 01FA03F1 		lsl	r1, r1, r3
  49              		.loc 1 64 0
  50              		.loc 1 63 0
  51 0020 FFF7FEBF 		b	_pal_lld_setgroupmode
  52              	.LVL3:
  53              		.cfi_endproc
  54              	.LFE119:
  55              		.size	digital_mode, .-digital_mode
  56 0024 AFF30080 		.section	.text.digital_get,"ax",%progbits
  56      AFF30080 
ARM GAS  /var/folders/ng/s8655sgx1ys_4lf9jzm2w6n00000gn/T//ccSWNafm.s 			page 2


  56      AFF30080 
  57              		.align	2
  58              		.p2align 4,,15
  59              		.global	digital_get
  60              		.thumb
  61              		.thumb_func
  62              		.type	digital_get, %function
  63              	digital_get:
  64              	.LFB120:
  65              		.loc 1 77 0
  66              		.cfi_startproc
  67              		@ args = 0, pretend = 0, frame = 0
  68              		@ frame_needed = 0, uses_anonymous_args = 0
  69              		@ link register save eliminated.
  70              	.LVL4:
  71              		.loc 1 78 0
  72 0000 40F20003 		movw	r3, #:lower16:.LANCHOR0
  73 0004 C0F20003 		movt	r3, #:upper16:.LANCHOR0
  74 0008 40F20002 		movw	r2, #:lower16:.LANCHOR1
  75 000c 53F82010 		ldr	r1, [r3, r0, lsl #2]
  76 0010 C0F20002 		movt	r2, #:upper16:.LANCHOR1
  77 0014 0969     		ldr	r1, [r1, #16]
  78 0016 52F82000 		ldr	r0, [r2, r0, lsl #2]
  79              	.LVL5:
  80 001a 21FA00F3 		lsr	r3, r1, r0
  81              		.loc 1 79 0
  82 001e 03F00100 		and	r0, r3, #1
  83 0022 7047     		bx	lr
  84              		.cfi_endproc
  85              	.LFE120:
  86              		.size	digital_get, .-digital_get
  87 0024 AFF30080 		.section	.text.digital_set,"ax",%progbits
  87      AFF30080 
  87      AFF30080 
  88              		.align	2
  89              		.p2align 4,,15
  90              		.global	digital_set
  91              		.thumb
  92              		.thumb_func
  93              		.type	digital_set, %function
  94              	digital_set:
  95              	.LFB121:
  96              		.loc 1 91 0
  97              		.cfi_startproc
  98              		@ args = 0, pretend = 0, frame = 0
  99              		@ frame_needed = 0, uses_anonymous_args = 0
 100              		@ link register save eliminated.
 101              	.LVL6:
 102              		.loc 1 92 0
 103 0000 40F20003 		movw	r3, #:lower16:.LANCHOR1
 104 0004 C0F20003 		movt	r3, #:upper16:.LANCHOR1
 105 0008 40F20002 		movw	r2, #:lower16:.LANCHOR0
 106 000c 53F82030 		ldr	r3, [r3, r0, lsl #2]
 107 0010 01F00101 		and	r1, r1, #1
 108              	.LVL7:
 109 0014 C0F20002 		movt	r2, #:upper16:.LANCHOR0
 110              		.loc 1 91 0
ARM GAS  /var/folders/ng/s8655sgx1ys_4lf9jzm2w6n00000gn/T//ccSWNafm.s 			page 3


 111 0018 30B4     		push	{r4, r5}
 112              	.LCFI0:
 113              		.cfi_def_cfa_offset 8
 114              		.cfi_offset 4, -8
 115              		.cfi_offset 5, -4
 116              		.loc 1 92 0
 117 001a 81F00105 		eor	r5, r1, #1
 118 001e 03F11004 		add	r4, r3, #16
 119 0022 52F82020 		ldr	r2, [r2, r0, lsl #2]
 120 0026 01FA03F1 		lsl	r1, r1, r3
 121 002a 05FA04F0 		lsl	r0, r5, r4
 122              	.LVL8:
 123 002e 40EA0103 		orr	r3, r0, r1
 124 0032 9361     		str	r3, [r2, #24]
 125              		.loc 1 93 0
 126 0034 30BC     		pop	{r4, r5}
 127 0036 7047     		bx	lr
 128              		.cfi_endproc
 129              	.LFE121:
 130              		.size	digital_set, .-digital_set
 131 0038 AFF30080 		.section	.text.digital_toggle,"ax",%progbits
 131      AFF30080 
 132              		.align	2
 133              		.p2align 4,,15
 134              		.global	digital_toggle
 135              		.thumb
 136              		.thumb_func
 137              		.type	digital_toggle, %function
 138              	digital_toggle:
 139              	.LFB122:
 140              		.loc 1 104 0
 141              		.cfi_startproc
 142              		@ args = 0, pretend = 0, frame = 0
 143              		@ frame_needed = 0, uses_anonymous_args = 0
 144              		@ link register save eliminated.
 145              	.LVL9:
 146              		.loc 1 105 0
 147 0000 40F20003 		movw	r3, #:lower16:.LANCHOR0
 148 0004 C0F20003 		movt	r3, #:upper16:.LANCHOR0
 149 0008 40F20002 		movw	r2, #:lower16:.LANCHOR1
 150 000c C0F20002 		movt	r2, #:upper16:.LANCHOR1
 151 0010 53F82030 		ldr	r3, [r3, r0, lsl #2]
 152 0014 52F82020 		ldr	r2, [r2, r0, lsl #2]
 153 0018 5969     		ldr	r1, [r3, #20]
 154 001a 0120     		movs	r0, #1
 155              	.LVL10:
 156 001c 00FA02F2 		lsl	r2, r0, r2
 157 0020 4A40     		eors	r2, r2, r1
 158 0022 5A61     		str	r2, [r3, #20]
 159 0024 7047     		bx	lr
 160              		.cfi_endproc
 161              	.LFE122:
 162              		.size	digital_toggle, .-digital_toggle
 163              		.global	_pads
 164              		.global	_ports
 165 0026 00BFAFF3 		.section	.data._pads,"aw",%progbits
 165      0080AFF3 
ARM GAS  /var/folders/ng/s8655sgx1ys_4lf9jzm2w6n00000gn/T//ccSWNafm.s 			page 4


 165      0080
 166              		.align	2
 167              		.set	.LANCHOR1,. + 0
 168              		.type	_pads, %object
 169              		.size	_pads, 68
 170              	_pads:
 171 0000 0F000000 		.word	15
 172 0004 0E000000 		.word	14
 173 0008 0D000000 		.word	13
 174 000c 06000000 		.word	6
 175 0010 05000000 		.word	5
 176 0014 04000000 		.word	4
 177 0018 03000000 		.word	3
 178 001c 02000000 		.word	2
 179 0020 01000000 		.word	1
 180 0024 00000000 		.word	0
 181 0028 05000000 		.word	5
 182 002c 04000000 		.word	4
 183 0030 03000000 		.word	3
 184 0034 07000000 		.word	7
 185 0038 03000000 		.word	3
 186 003c 0D000000 		.word	13
 187 0040 0E000000 		.word	14
 188              		.section	.data._ports,"aw",%progbits
 189              		.align	2
 190              		.set	.LANCHOR0,. + 0
 191              		.type	_ports, %object
 192              		.size	_ports, 68
 193              	_ports:
 194 0000 00080240 		.word	1073874944
 195 0004 00080240 		.word	1073874944
 196 0008 00080240 		.word	1073874944
 197 000c 00100240 		.word	1073876992
 198 0010 00100240 		.word	1073876992
 199 0014 00100240 		.word	1073876992
 200 0018 00100240 		.word	1073876992
 201 001c 00100240 		.word	1073876992
 202 0020 00100240 		.word	1073876992
 203 0024 00100240 		.word	1073876992
 204 0028 00040240 		.word	1073873920
 205 002c 00040240 		.word	1073873920
 206 0030 00040240 		.word	1073873920
 207 0034 000C0240 		.word	1073875968
 208 0038 000C0240 		.word	1073875968
 209 003c 00100240 		.word	1073876992
 210 0040 00100240 		.word	1073876992
 211              		.text
 212              	.Letext0:
 213              		.file 2 "/Users/jseng/gccarm/bin/../lib/gcc/arm-none-eabi/4.7.4/../../../../arm-none-eabi/include/
 214              		.file 3 "../AithonLibrary/ChibiOS/os/hal/platforms/STM32/GPIOv2/pal_lld.h"
 215              		.file 4 "../AithonLibrary/Aithon.h"
 216              		.file 5 "../AithonLibrary/ChibiOS/os/ports/common/ARMCMx/CMSIS/include/core_cm4.h"
 217              		.section	.debug_info,"",%progbits
 218              	.Ldebug_info0:
 219 0000 29030000 		.4byte	0x329
 220 0004 0200     		.2byte	0x2
 221 0006 00000000 		.4byte	.Ldebug_abbrev0
ARM GAS  /var/folders/ng/s8655sgx1ys_4lf9jzm2w6n00000gn/T//ccSWNafm.s 			page 5


 222 000a 04       		.byte	0x4
 223 000b 01       		.uleb128 0x1
 224 000c E3000000 		.4byte	.LASF42
 225 0010 01       		.byte	0x1
 226 0011 6E010000 		.4byte	.LASF43
 227 0015 D7010000 		.4byte	.LASF44
 228 0019 00000000 		.4byte	.Ldebug_ranges0+0
 229 001d 00000000 		.4byte	0
 230 0021 00000000 		.4byte	0
 231 0025 00000000 		.4byte	.Ldebug_line0
 232 0029 02       		.uleb128 0x2
 233 002a 04       		.byte	0x4
 234 002b 05       		.byte	0x5
 235 002c 696E7400 		.ascii	"int\000"
 236 0030 03       		.uleb128 0x3
 237 0031 04       		.byte	0x4
 238 0032 07       		.byte	0x7
 239 0033 38000000 		.4byte	.LASF0
 240 0037 03       		.uleb128 0x3
 241 0038 01       		.byte	0x1
 242 0039 06       		.byte	0x6
 243 003a 27020000 		.4byte	.LASF1
 244 003e 03       		.uleb128 0x3
 245 003f 01       		.byte	0x1
 246 0040 08       		.byte	0x8
 247 0041 85000000 		.4byte	.LASF2
 248 0045 03       		.uleb128 0x3
 249 0046 02       		.byte	0x2
 250 0047 05       		.byte	0x5
 251 0048 04020000 		.4byte	.LASF3
 252 004c 04       		.uleb128 0x4
 253 004d FB010000 		.4byte	.LASF5
 254 0051 02       		.byte	0x2
 255 0052 36       		.byte	0x36
 256 0053 57000000 		.4byte	0x57
 257 0057 03       		.uleb128 0x3
 258 0058 02       		.byte	0x2
 259 0059 07       		.byte	0x7
 260 005a 25000000 		.4byte	.LASF4
 261 005e 04       		.uleb128 0x4
 262 005f 94010000 		.4byte	.LASF6
 263 0063 02       		.byte	0x2
 264 0064 4F       		.byte	0x4f
 265 0065 69000000 		.4byte	0x69
 266 0069 03       		.uleb128 0x3
 267 006a 04       		.byte	0x4
 268 006b 05       		.byte	0x5
 269 006c 17020000 		.4byte	.LASF7
 270 0070 04       		.uleb128 0x4
 271 0071 0E020000 		.4byte	.LASF8
 272 0075 02       		.byte	0x2
 273 0076 50       		.byte	0x50
 274 0077 7B000000 		.4byte	0x7b
 275 007b 03       		.uleb128 0x3
 276 007c 04       		.byte	0x4
 277 007d 07       		.byte	0x7
 278 007e 98000000 		.4byte	.LASF9
ARM GAS  /var/folders/ng/s8655sgx1ys_4lf9jzm2w6n00000gn/T//ccSWNafm.s 			page 6


 279 0082 03       		.uleb128 0x3
 280 0083 08       		.byte	0x8
 281 0084 05       		.byte	0x5
 282 0085 BC010000 		.4byte	.LASF10
 283 0089 03       		.uleb128 0x3
 284 008a 08       		.byte	0x8
 285 008b 07       		.byte	0x7
 286 008c 6E000000 		.4byte	.LASF11
 287 0090 03       		.uleb128 0x3
 288 0091 01       		.byte	0x1
 289 0092 02       		.byte	0x2
 290 0093 33020000 		.4byte	.LASF12
 291 0097 05       		.uleb128 0x5
 292 0098 70000000 		.4byte	0x70
 293 009c 03       		.uleb128 0x3
 294 009d 04       		.byte	0x4
 295 009e 07       		.byte	0x7
 296 009f 9C010000 		.4byte	.LASF13
 297 00a3 03       		.uleb128 0x3
 298 00a4 01       		.byte	0x1
 299 00a5 08       		.byte	0x8
 300 00a6 64010000 		.4byte	.LASF14
 301 00aa 05       		.uleb128 0x5
 302 00ab 5E000000 		.4byte	0x5e
 303 00af 06       		.uleb128 0x6
 304 00b0 04       		.byte	0x4
 305 00b1 03       		.byte	0x3
 306 00b2 96       		.byte	0x96
 307 00b3 D4000000 		.4byte	0xd4
 308 00b7 07       		.uleb128 0x7
 309 00b8 73657400 		.ascii	"set\000"
 310 00bc 03       		.byte	0x3
 311 00bd 97       		.byte	0x97
 312 00be 4C000000 		.4byte	0x4c
 313 00c2 02       		.byte	0x2
 314 00c3 23       		.byte	0x23
 315 00c4 00       		.uleb128 0
 316 00c5 08       		.uleb128 0x8
 317 00c6 08000000 		.4byte	.LASF15
 318 00ca 03       		.byte	0x3
 319 00cb 98       		.byte	0x98
 320 00cc 4C000000 		.4byte	0x4c
 321 00d0 02       		.byte	0x2
 322 00d1 23       		.byte	0x23
 323 00d2 02       		.uleb128 0x2
 324 00d3 00       		.byte	0
 325 00d4 09       		.uleb128 0x9
 326 00d5 04       		.byte	0x4
 327 00d6 03       		.byte	0x3
 328 00d7 94       		.byte	0x94
 329 00d8 EF000000 		.4byte	0xef
 330 00dc 0A       		.uleb128 0xa
 331 00dd 5700     		.ascii	"W\000"
 332 00df 03       		.byte	0x3
 333 00e0 95       		.byte	0x95
 334 00e1 70000000 		.4byte	0x70
 335 00e5 0A       		.uleb128 0xa
ARM GAS  /var/folders/ng/s8655sgx1ys_4lf9jzm2w6n00000gn/T//ccSWNafm.s 			page 7


 336 00e6 4800     		.ascii	"H\000"
 337 00e8 03       		.byte	0x3
 338 00e9 99       		.byte	0x99
 339 00ea AF000000 		.4byte	0xaf
 340 00ee 00       		.byte	0
 341 00ef 06       		.uleb128 0x6
 342 00f0 28       		.byte	0x28
 343 00f1 03       		.byte	0x3
 344 00f2 8C       		.byte	0x8c
 345 00f3 84010000 		.4byte	0x184
 346 00f7 08       		.uleb128 0x8
 347 00f8 0E000000 		.4byte	.LASF16
 348 00fc 03       		.byte	0x3
 349 00fd 8E       		.byte	0x8e
 350 00fe 97000000 		.4byte	0x97
 351 0102 02       		.byte	0x2
 352 0103 23       		.byte	0x23
 353 0104 00       		.uleb128 0
 354 0105 08       		.uleb128 0x8
 355 0106 5E000000 		.4byte	.LASF17
 356 010a 03       		.byte	0x3
 357 010b 8F       		.byte	0x8f
 358 010c 97000000 		.4byte	0x97
 359 0110 02       		.byte	0x2
 360 0111 23       		.byte	0x23
 361 0112 04       		.uleb128 0x4
 362 0113 08       		.uleb128 0x8
 363 0114 00000000 		.4byte	.LASF18
 364 0118 03       		.byte	0x3
 365 0119 90       		.byte	0x90
 366 011a 97000000 		.4byte	0x97
 367 011e 02       		.byte	0x2
 368 011f 23       		.byte	0x23
 369 0120 08       		.uleb128 0x8
 370 0121 08       		.uleb128 0x8
 371 0122 A5010000 		.4byte	.LASF19
 372 0126 03       		.byte	0x3
 373 0127 91       		.byte	0x91
 374 0128 97000000 		.4byte	0x97
 375 012c 02       		.byte	0x2
 376 012d 23       		.byte	0x23
 377 012e 0C       		.uleb128 0xc
 378 012f 07       		.uleb128 0x7
 379 0130 49445200 		.ascii	"IDR\000"
 380 0134 03       		.byte	0x3
 381 0135 92       		.byte	0x92
 382 0136 97000000 		.4byte	0x97
 383 013a 02       		.byte	0x2
 384 013b 23       		.byte	0x23
 385 013c 10       		.uleb128 0x10
 386 013d 07       		.uleb128 0x7
 387 013e 4F445200 		.ascii	"ODR\000"
 388 0142 03       		.byte	0x3
 389 0143 93       		.byte	0x93
 390 0144 97000000 		.4byte	0x97
 391 0148 02       		.byte	0x2
 392 0149 23       		.byte	0x23
ARM GAS  /var/folders/ng/s8655sgx1ys_4lf9jzm2w6n00000gn/T//ccSWNafm.s 			page 8


 393 014a 14       		.uleb128 0x14
 394 014b 08       		.uleb128 0x8
 395 014c 20000000 		.4byte	.LASF20
 396 0150 03       		.byte	0x3
 397 0151 9A       		.byte	0x9a
 398 0152 84010000 		.4byte	0x184
 399 0156 02       		.byte	0x2
 400 0157 23       		.byte	0x23
 401 0158 18       		.uleb128 0x18
 402 0159 08       		.uleb128 0x8
 403 015a 46020000 		.4byte	.LASF21
 404 015e 03       		.byte	0x3
 405 015f 9B       		.byte	0x9b
 406 0160 97000000 		.4byte	0x97
 407 0164 02       		.byte	0x2
 408 0165 23       		.byte	0x23
 409 0166 1C       		.uleb128 0x1c
 410 0167 08       		.uleb128 0x8
 411 0168 B9000000 		.4byte	.LASF22
 412 016c 03       		.byte	0x3
 413 016d 9C       		.byte	0x9c
 414 016e 97000000 		.4byte	0x97
 415 0172 02       		.byte	0x2
 416 0173 23       		.byte	0x23
 417 0174 20       		.uleb128 0x20
 418 0175 08       		.uleb128 0x8
 419 0176 93000000 		.4byte	.LASF23
 420 017a 03       		.byte	0x3
 421 017b 9D       		.byte	0x9d
 422 017c 97000000 		.4byte	0x97
 423 0180 02       		.byte	0x2
 424 0181 23       		.byte	0x23
 425 0182 24       		.uleb128 0x24
 426 0183 00       		.byte	0
 427 0184 05       		.uleb128 0x5
 428 0185 D4000000 		.4byte	0xd4
 429 0189 04       		.uleb128 0x4
 430 018a 57010000 		.4byte	.LASF24
 431 018e 03       		.byte	0x3
 432 018f 9E       		.byte	0x9e
 433 0190 EF000000 		.4byte	0xef
 434 0194 04       		.uleb128 0x4
 435 0195 45000000 		.4byte	.LASF25
 436 0199 03       		.byte	0x3
 437 019a F0       		.byte	0xf0
 438 019b 70000000 		.4byte	0x70
 439 019f 04       		.uleb128 0x4
 440 01a0 65000000 		.4byte	.LASF26
 441 01a4 03       		.byte	0x3
 442 01a5 F5       		.byte	0xf5
 443 01a6 70000000 		.4byte	0x70
 444 01aa 04       		.uleb128 0x4
 445 01ab 89010000 		.4byte	.LASF27
 446 01af 03       		.byte	0x3
 447 01b0 FD       		.byte	0xfd
 448 01b1 B5010000 		.4byte	0x1b5
 449 01b5 0B       		.uleb128 0xb
ARM GAS  /var/folders/ng/s8655sgx1ys_4lf9jzm2w6n00000gn/T//ccSWNafm.s 			page 9


 450 01b6 04       		.byte	0x4
 451 01b7 89010000 		.4byte	0x189
 452 01bb 0C       		.uleb128 0xc
 453 01bc 01       		.byte	0x1
 454 01bd 04       		.byte	0x4
 455 01be 4C       		.byte	0x4c
 456 01bf E3010000 		.4byte	0x1e3
 457 01c3 0D       		.uleb128 0xd
 458 01c4 2C010000 		.4byte	.LASF28
 459 01c8 00       		.sleb128 0
 460 01c9 0D       		.uleb128 0xd
 461 01ca CA010000 		.4byte	.LASF29
 462 01ce 20       		.sleb128 32
 463 01cf 0D       		.uleb128 0xd
 464 01d0 AA000000 		.4byte	.LASF30
 465 01d4 C000     		.sleb128 64
 466 01d6 0D       		.uleb128 0xd
 467 01d7 20020000 		.4byte	.LASF31
 468 01db 01       		.sleb128 1
 469 01dc 0D       		.uleb128 0xd
 470 01dd AB010000 		.4byte	.LASF32
 471 01e1 05       		.sleb128 5
 472 01e2 00       		.byte	0
 473 01e3 04       		.uleb128 0x4
 474 01e4 BE000000 		.4byte	.LASF33
 475 01e8 04       		.byte	0x4
 476 01e9 52       		.byte	0x52
 477 01ea BB010000 		.4byte	0x1bb
 478 01ee 0E       		.uleb128 0xe
 479 01ef 01       		.byte	0x1
 480 01f0 39020000 		.4byte	.LASF35
 481 01f4 01       		.byte	0x1
 482 01f5 3D       		.byte	0x3d
 483 01f6 01       		.byte	0x1
 484 01f7 00000000 		.4byte	.LFB119
 485 01fb 24000000 		.4byte	.LFE119
 486 01ff 02       		.byte	0x2
 487 0200 7D       		.byte	0x7d
 488 0201 00       		.sleb128 0
 489 0202 01       		.byte	0x1
 490 0203 30020000 		.4byte	0x230
 491 0207 0F       		.uleb128 0xf
 492 0208 70696E00 		.ascii	"pin\000"
 493 020c 01       		.byte	0x1
 494 020d 3D       		.byte	0x3d
 495 020e 29000000 		.4byte	0x29
 496 0212 00000000 		.4byte	.LLST0
 497 0216 10       		.uleb128 0x10
 498 0217 69010000 		.4byte	.LASF34
 499 021b 01       		.byte	0x1
 500 021c 3D       		.byte	0x3d
 501 021d E3010000 		.4byte	0x1e3
 502 0221 21000000 		.4byte	.LLST1
 503 0225 11       		.uleb128 0x11
 504 0226 24000000 		.4byte	.LVL3
 505 022a 01       		.byte	0x1
 506 022b 11030000 		.4byte	0x311
ARM GAS  /var/folders/ng/s8655sgx1ys_4lf9jzm2w6n00000gn/T//ccSWNafm.s 			page 10


 507 022f 00       		.byte	0
 508 0230 12       		.uleb128 0x12
 509 0231 01       		.byte	0x1
 510 0232 52000000 		.4byte	.LASF45
 511 0236 01       		.byte	0x1
 512 0237 4C       		.byte	0x4c
 513 0238 01       		.byte	0x1
 514 0239 29000000 		.4byte	0x29
 515 023d 00000000 		.4byte	.LFB120
 516 0241 24000000 		.4byte	.LFE120
 517 0245 02       		.byte	0x2
 518 0246 7D       		.byte	0x7d
 519 0247 00       		.sleb128 0
 520 0248 01       		.byte	0x1
 521 0249 5D020000 		.4byte	0x25d
 522 024d 0F       		.uleb128 0xf
 523 024e 70696E00 		.ascii	"pin\000"
 524 0252 01       		.byte	0x1
 525 0253 4C       		.byte	0x4c
 526 0254 29000000 		.4byte	0x29
 527 0258 42000000 		.4byte	.LLST2
 528 025c 00       		.byte	0
 529 025d 13       		.uleb128 0x13
 530 025e 01       		.byte	0x1
 531 025f D7000000 		.4byte	.LASF36
 532 0263 01       		.byte	0x1
 533 0264 5A       		.byte	0x5a
 534 0265 01       		.byte	0x1
 535 0266 00000000 		.4byte	.LFB121
 536 026a 38000000 		.4byte	.LFE121
 537 026e 63000000 		.4byte	.LLST3
 538 0272 01       		.byte	0x1
 539 0273 96020000 		.4byte	0x296
 540 0277 0F       		.uleb128 0xf
 541 0278 70696E00 		.ascii	"pin\000"
 542 027c 01       		.byte	0x1
 543 027d 5A       		.byte	0x5a
 544 027e 29000000 		.4byte	0x29
 545 0282 83000000 		.4byte	.LLST4
 546 0286 10       		.uleb128 0x10
 547 0287 14000000 		.4byte	.LASF37
 548 028b 01       		.byte	0x1
 549 028c 5A       		.byte	0x5a
 550 028d 29000000 		.4byte	0x29
 551 0291 A4000000 		.4byte	.LLST5
 552 0295 00       		.byte	0
 553 0296 0E       		.uleb128 0xe
 554 0297 01       		.byte	0x1
 555 0298 48010000 		.4byte	.LASF38
 556 029c 01       		.byte	0x1
 557 029d 67       		.byte	0x67
 558 029e 01       		.byte	0x1
 559 029f 00000000 		.4byte	.LFB122
 560 02a3 26000000 		.4byte	.LFE122
 561 02a7 02       		.byte	0x2
 562 02a8 7D       		.byte	0x7d
 563 02a9 00       		.sleb128 0
ARM GAS  /var/folders/ng/s8655sgx1ys_4lf9jzm2w6n00000gn/T//ccSWNafm.s 			page 11


 564 02aa 01       		.byte	0x1
 565 02ab BF020000 		.4byte	0x2bf
 566 02af 0F       		.uleb128 0xf
 567 02b0 70696E00 		.ascii	"pin\000"
 568 02b4 01       		.byte	0x1
 569 02b5 67       		.byte	0x67
 570 02b6 29000000 		.4byte	0x29
 571 02ba C5000000 		.4byte	.LLST6
 572 02be 00       		.byte	0
 573 02bf 14       		.uleb128 0x14
 574 02c0 CA000000 		.4byte	.LASF39
 575 02c4 05       		.byte	0x5
 576 02c5 9806     		.2byte	0x698
 577 02c7 AA000000 		.4byte	0xaa
 578 02cb 01       		.byte	0x1
 579 02cc 01       		.byte	0x1
 580 02cd 15       		.uleb128 0x15
 581 02ce B5010000 		.4byte	0x1b5
 582 02d2 DD020000 		.4byte	0x2dd
 583 02d6 16       		.uleb128 0x16
 584 02d7 9C000000 		.4byte	0x9c
 585 02db 10       		.byte	0x10
 586 02dc 00       		.byte	0
 587 02dd 17       		.uleb128 0x17
 588 02de F4010000 		.4byte	.LASF40
 589 02e2 01       		.byte	0x1
 590 02e3 0D       		.byte	0xd
 591 02e4 CD020000 		.4byte	0x2cd
 592 02e8 01       		.byte	0x1
 593 02e9 05       		.byte	0x5
 594 02ea 03       		.byte	0x3
 595 02eb 00000000 		.4byte	_ports
 596 02ef 15       		.uleb128 0x15
 597 02f0 29000000 		.4byte	0x29
 598 02f4 FF020000 		.4byte	0x2ff
 599 02f8 16       		.uleb128 0x16
 600 02f9 9C000000 		.4byte	0x9c
 601 02fd 10       		.byte	0x10
 602 02fe 00       		.byte	0
 603 02ff 17       		.uleb128 0x17
 604 0300 1A000000 		.4byte	.LASF41
 605 0304 01       		.byte	0x1
 606 0305 21       		.byte	0x21
 607 0306 EF020000 		.4byte	0x2ef
 608 030a 01       		.byte	0x1
 609 030b 05       		.byte	0x5
 610 030c 03       		.byte	0x3
 611 030d 00000000 		.4byte	_pads
 612 0311 18       		.uleb128 0x18
 613 0312 01       		.byte	0x1
 614 0313 32010000 		.4byte	.LASF46
 615 0317 03       		.byte	0x3
 616 0318 C201     		.2byte	0x1c2
 617 031a 01       		.byte	0x1
 618 031b 01       		.byte	0x1
 619 031c 19       		.uleb128 0x19
 620 031d AA010000 		.4byte	0x1aa
ARM GAS  /var/folders/ng/s8655sgx1ys_4lf9jzm2w6n00000gn/T//ccSWNafm.s 			page 12


 621 0321 19       		.uleb128 0x19
 622 0322 94010000 		.4byte	0x194
 623 0326 19       		.uleb128 0x19
 624 0327 9F010000 		.4byte	0x19f
 625 032b 00       		.byte	0
 626 032c 00       		.byte	0
 627              		.section	.debug_abbrev,"",%progbits
 628              	.Ldebug_abbrev0:
 629 0000 01       		.uleb128 0x1
 630 0001 11       		.uleb128 0x11
 631 0002 01       		.byte	0x1
 632 0003 25       		.uleb128 0x25
 633 0004 0E       		.uleb128 0xe
 634 0005 13       		.uleb128 0x13
 635 0006 0B       		.uleb128 0xb
 636 0007 03       		.uleb128 0x3
 637 0008 0E       		.uleb128 0xe
 638 0009 1B       		.uleb128 0x1b
 639 000a 0E       		.uleb128 0xe
 640 000b 55       		.uleb128 0x55
 641 000c 06       		.uleb128 0x6
 642 000d 11       		.uleb128 0x11
 643 000e 01       		.uleb128 0x1
 644 000f 52       		.uleb128 0x52
 645 0010 01       		.uleb128 0x1
 646 0011 10       		.uleb128 0x10
 647 0012 06       		.uleb128 0x6
 648 0013 00       		.byte	0
 649 0014 00       		.byte	0
 650 0015 02       		.uleb128 0x2
 651 0016 24       		.uleb128 0x24
 652 0017 00       		.byte	0
 653 0018 0B       		.uleb128 0xb
 654 0019 0B       		.uleb128 0xb
 655 001a 3E       		.uleb128 0x3e
 656 001b 0B       		.uleb128 0xb
 657 001c 03       		.uleb128 0x3
 658 001d 08       		.uleb128 0x8
 659 001e 00       		.byte	0
 660 001f 00       		.byte	0
 661 0020 03       		.uleb128 0x3
 662 0021 24       		.uleb128 0x24
 663 0022 00       		.byte	0
 664 0023 0B       		.uleb128 0xb
 665 0024 0B       		.uleb128 0xb
 666 0025 3E       		.uleb128 0x3e
 667 0026 0B       		.uleb128 0xb
 668 0027 03       		.uleb128 0x3
 669 0028 0E       		.uleb128 0xe
 670 0029 00       		.byte	0
 671 002a 00       		.byte	0
 672 002b 04       		.uleb128 0x4
 673 002c 16       		.uleb128 0x16
 674 002d 00       		.byte	0
 675 002e 03       		.uleb128 0x3
 676 002f 0E       		.uleb128 0xe
 677 0030 3A       		.uleb128 0x3a
ARM GAS  /var/folders/ng/s8655sgx1ys_4lf9jzm2w6n00000gn/T//ccSWNafm.s 			page 13


 678 0031 0B       		.uleb128 0xb
 679 0032 3B       		.uleb128 0x3b
 680 0033 0B       		.uleb128 0xb
 681 0034 49       		.uleb128 0x49
 682 0035 13       		.uleb128 0x13
 683 0036 00       		.byte	0
 684 0037 00       		.byte	0
 685 0038 05       		.uleb128 0x5
 686 0039 35       		.uleb128 0x35
 687 003a 00       		.byte	0
 688 003b 49       		.uleb128 0x49
 689 003c 13       		.uleb128 0x13
 690 003d 00       		.byte	0
 691 003e 00       		.byte	0
 692 003f 06       		.uleb128 0x6
 693 0040 13       		.uleb128 0x13
 694 0041 01       		.byte	0x1
 695 0042 0B       		.uleb128 0xb
 696 0043 0B       		.uleb128 0xb
 697 0044 3A       		.uleb128 0x3a
 698 0045 0B       		.uleb128 0xb
 699 0046 3B       		.uleb128 0x3b
 700 0047 0B       		.uleb128 0xb
 701 0048 01       		.uleb128 0x1
 702 0049 13       		.uleb128 0x13
 703 004a 00       		.byte	0
 704 004b 00       		.byte	0
 705 004c 07       		.uleb128 0x7
 706 004d 0D       		.uleb128 0xd
 707 004e 00       		.byte	0
 708 004f 03       		.uleb128 0x3
 709 0050 08       		.uleb128 0x8
 710 0051 3A       		.uleb128 0x3a
 711 0052 0B       		.uleb128 0xb
 712 0053 3B       		.uleb128 0x3b
 713 0054 0B       		.uleb128 0xb
 714 0055 49       		.uleb128 0x49
 715 0056 13       		.uleb128 0x13
 716 0057 38       		.uleb128 0x38
 717 0058 0A       		.uleb128 0xa
 718 0059 00       		.byte	0
 719 005a 00       		.byte	0
 720 005b 08       		.uleb128 0x8
 721 005c 0D       		.uleb128 0xd
 722 005d 00       		.byte	0
 723 005e 03       		.uleb128 0x3
 724 005f 0E       		.uleb128 0xe
 725 0060 3A       		.uleb128 0x3a
 726 0061 0B       		.uleb128 0xb
 727 0062 3B       		.uleb128 0x3b
 728 0063 0B       		.uleb128 0xb
 729 0064 49       		.uleb128 0x49
 730 0065 13       		.uleb128 0x13
 731 0066 38       		.uleb128 0x38
 732 0067 0A       		.uleb128 0xa
 733 0068 00       		.byte	0
 734 0069 00       		.byte	0
ARM GAS  /var/folders/ng/s8655sgx1ys_4lf9jzm2w6n00000gn/T//ccSWNafm.s 			page 14


 735 006a 09       		.uleb128 0x9
 736 006b 17       		.uleb128 0x17
 737 006c 01       		.byte	0x1
 738 006d 0B       		.uleb128 0xb
 739 006e 0B       		.uleb128 0xb
 740 006f 3A       		.uleb128 0x3a
 741 0070 0B       		.uleb128 0xb
 742 0071 3B       		.uleb128 0x3b
 743 0072 0B       		.uleb128 0xb
 744 0073 01       		.uleb128 0x1
 745 0074 13       		.uleb128 0x13
 746 0075 00       		.byte	0
 747 0076 00       		.byte	0
 748 0077 0A       		.uleb128 0xa
 749 0078 0D       		.uleb128 0xd
 750 0079 00       		.byte	0
 751 007a 03       		.uleb128 0x3
 752 007b 08       		.uleb128 0x8
 753 007c 3A       		.uleb128 0x3a
 754 007d 0B       		.uleb128 0xb
 755 007e 3B       		.uleb128 0x3b
 756 007f 0B       		.uleb128 0xb
 757 0080 49       		.uleb128 0x49
 758 0081 13       		.uleb128 0x13
 759 0082 00       		.byte	0
 760 0083 00       		.byte	0
 761 0084 0B       		.uleb128 0xb
 762 0085 0F       		.uleb128 0xf
 763 0086 00       		.byte	0
 764 0087 0B       		.uleb128 0xb
 765 0088 0B       		.uleb128 0xb
 766 0089 49       		.uleb128 0x49
 767 008a 13       		.uleb128 0x13
 768 008b 00       		.byte	0
 769 008c 00       		.byte	0
 770 008d 0C       		.uleb128 0xc
 771 008e 04       		.uleb128 0x4
 772 008f 01       		.byte	0x1
 773 0090 0B       		.uleb128 0xb
 774 0091 0B       		.uleb128 0xb
 775 0092 3A       		.uleb128 0x3a
 776 0093 0B       		.uleb128 0xb
 777 0094 3B       		.uleb128 0x3b
 778 0095 0B       		.uleb128 0xb
 779 0096 01       		.uleb128 0x1
 780 0097 13       		.uleb128 0x13
 781 0098 00       		.byte	0
 782 0099 00       		.byte	0
 783 009a 0D       		.uleb128 0xd
 784 009b 28       		.uleb128 0x28
 785 009c 00       		.byte	0
 786 009d 03       		.uleb128 0x3
 787 009e 0E       		.uleb128 0xe
 788 009f 1C       		.uleb128 0x1c
 789 00a0 0D       		.uleb128 0xd
 790 00a1 00       		.byte	0
 791 00a2 00       		.byte	0
ARM GAS  /var/folders/ng/s8655sgx1ys_4lf9jzm2w6n00000gn/T//ccSWNafm.s 			page 15


 792 00a3 0E       		.uleb128 0xe
 793 00a4 2E       		.uleb128 0x2e
 794 00a5 01       		.byte	0x1
 795 00a6 3F       		.uleb128 0x3f
 796 00a7 0C       		.uleb128 0xc
 797 00a8 03       		.uleb128 0x3
 798 00a9 0E       		.uleb128 0xe
 799 00aa 3A       		.uleb128 0x3a
 800 00ab 0B       		.uleb128 0xb
 801 00ac 3B       		.uleb128 0x3b
 802 00ad 0B       		.uleb128 0xb
 803 00ae 27       		.uleb128 0x27
 804 00af 0C       		.uleb128 0xc
 805 00b0 11       		.uleb128 0x11
 806 00b1 01       		.uleb128 0x1
 807 00b2 12       		.uleb128 0x12
 808 00b3 01       		.uleb128 0x1
 809 00b4 40       		.uleb128 0x40
 810 00b5 0A       		.uleb128 0xa
 811 00b6 9742     		.uleb128 0x2117
 812 00b8 0C       		.uleb128 0xc
 813 00b9 01       		.uleb128 0x1
 814 00ba 13       		.uleb128 0x13
 815 00bb 00       		.byte	0
 816 00bc 00       		.byte	0
 817 00bd 0F       		.uleb128 0xf
 818 00be 05       		.uleb128 0x5
 819 00bf 00       		.byte	0
 820 00c0 03       		.uleb128 0x3
 821 00c1 08       		.uleb128 0x8
 822 00c2 3A       		.uleb128 0x3a
 823 00c3 0B       		.uleb128 0xb
 824 00c4 3B       		.uleb128 0x3b
 825 00c5 0B       		.uleb128 0xb
 826 00c6 49       		.uleb128 0x49
 827 00c7 13       		.uleb128 0x13
 828 00c8 02       		.uleb128 0x2
 829 00c9 06       		.uleb128 0x6
 830 00ca 00       		.byte	0
 831 00cb 00       		.byte	0
 832 00cc 10       		.uleb128 0x10
 833 00cd 05       		.uleb128 0x5
 834 00ce 00       		.byte	0
 835 00cf 03       		.uleb128 0x3
 836 00d0 0E       		.uleb128 0xe
 837 00d1 3A       		.uleb128 0x3a
 838 00d2 0B       		.uleb128 0xb
 839 00d3 3B       		.uleb128 0x3b
 840 00d4 0B       		.uleb128 0xb
 841 00d5 49       		.uleb128 0x49
 842 00d6 13       		.uleb128 0x13
 843 00d7 02       		.uleb128 0x2
 844 00d8 06       		.uleb128 0x6
 845 00d9 00       		.byte	0
 846 00da 00       		.byte	0
 847 00db 11       		.uleb128 0x11
 848 00dc 898201   		.uleb128 0x4109
ARM GAS  /var/folders/ng/s8655sgx1ys_4lf9jzm2w6n00000gn/T//ccSWNafm.s 			page 16


 849 00df 00       		.byte	0
 850 00e0 11       		.uleb128 0x11
 851 00e1 01       		.uleb128 0x1
 852 00e2 9542     		.uleb128 0x2115
 853 00e4 0C       		.uleb128 0xc
 854 00e5 31       		.uleb128 0x31
 855 00e6 13       		.uleb128 0x13
 856 00e7 00       		.byte	0
 857 00e8 00       		.byte	0
 858 00e9 12       		.uleb128 0x12
 859 00ea 2E       		.uleb128 0x2e
 860 00eb 01       		.byte	0x1
 861 00ec 3F       		.uleb128 0x3f
 862 00ed 0C       		.uleb128 0xc
 863 00ee 03       		.uleb128 0x3
 864 00ef 0E       		.uleb128 0xe
 865 00f0 3A       		.uleb128 0x3a
 866 00f1 0B       		.uleb128 0xb
 867 00f2 3B       		.uleb128 0x3b
 868 00f3 0B       		.uleb128 0xb
 869 00f4 27       		.uleb128 0x27
 870 00f5 0C       		.uleb128 0xc
 871 00f6 49       		.uleb128 0x49
 872 00f7 13       		.uleb128 0x13
 873 00f8 11       		.uleb128 0x11
 874 00f9 01       		.uleb128 0x1
 875 00fa 12       		.uleb128 0x12
 876 00fb 01       		.uleb128 0x1
 877 00fc 40       		.uleb128 0x40
 878 00fd 0A       		.uleb128 0xa
 879 00fe 9742     		.uleb128 0x2117
 880 0100 0C       		.uleb128 0xc
 881 0101 01       		.uleb128 0x1
 882 0102 13       		.uleb128 0x13
 883 0103 00       		.byte	0
 884 0104 00       		.byte	0
 885 0105 13       		.uleb128 0x13
 886 0106 2E       		.uleb128 0x2e
 887 0107 01       		.byte	0x1
 888 0108 3F       		.uleb128 0x3f
 889 0109 0C       		.uleb128 0xc
 890 010a 03       		.uleb128 0x3
 891 010b 0E       		.uleb128 0xe
 892 010c 3A       		.uleb128 0x3a
 893 010d 0B       		.uleb128 0xb
 894 010e 3B       		.uleb128 0x3b
 895 010f 0B       		.uleb128 0xb
 896 0110 27       		.uleb128 0x27
 897 0111 0C       		.uleb128 0xc
 898 0112 11       		.uleb128 0x11
 899 0113 01       		.uleb128 0x1
 900 0114 12       		.uleb128 0x12
 901 0115 01       		.uleb128 0x1
 902 0116 40       		.uleb128 0x40
 903 0117 06       		.uleb128 0x6
 904 0118 9742     		.uleb128 0x2117
 905 011a 0C       		.uleb128 0xc
ARM GAS  /var/folders/ng/s8655sgx1ys_4lf9jzm2w6n00000gn/T//ccSWNafm.s 			page 17


 906 011b 01       		.uleb128 0x1
 907 011c 13       		.uleb128 0x13
 908 011d 00       		.byte	0
 909 011e 00       		.byte	0
 910 011f 14       		.uleb128 0x14
 911 0120 34       		.uleb128 0x34
 912 0121 00       		.byte	0
 913 0122 03       		.uleb128 0x3
 914 0123 0E       		.uleb128 0xe
 915 0124 3A       		.uleb128 0x3a
 916 0125 0B       		.uleb128 0xb
 917 0126 3B       		.uleb128 0x3b
 918 0127 05       		.uleb128 0x5
 919 0128 49       		.uleb128 0x49
 920 0129 13       		.uleb128 0x13
 921 012a 3F       		.uleb128 0x3f
 922 012b 0C       		.uleb128 0xc
 923 012c 3C       		.uleb128 0x3c
 924 012d 0C       		.uleb128 0xc
 925 012e 00       		.byte	0
 926 012f 00       		.byte	0
 927 0130 15       		.uleb128 0x15
 928 0131 01       		.uleb128 0x1
 929 0132 01       		.byte	0x1
 930 0133 49       		.uleb128 0x49
 931 0134 13       		.uleb128 0x13
 932 0135 01       		.uleb128 0x1
 933 0136 13       		.uleb128 0x13
 934 0137 00       		.byte	0
 935 0138 00       		.byte	0
 936 0139 16       		.uleb128 0x16
 937 013a 21       		.uleb128 0x21
 938 013b 00       		.byte	0
 939 013c 49       		.uleb128 0x49
 940 013d 13       		.uleb128 0x13
 941 013e 2F       		.uleb128 0x2f
 942 013f 0B       		.uleb128 0xb
 943 0140 00       		.byte	0
 944 0141 00       		.byte	0
 945 0142 17       		.uleb128 0x17
 946 0143 34       		.uleb128 0x34
 947 0144 00       		.byte	0
 948 0145 03       		.uleb128 0x3
 949 0146 0E       		.uleb128 0xe
 950 0147 3A       		.uleb128 0x3a
 951 0148 0B       		.uleb128 0xb
 952 0149 3B       		.uleb128 0x3b
 953 014a 0B       		.uleb128 0xb
 954 014b 49       		.uleb128 0x49
 955 014c 13       		.uleb128 0x13
 956 014d 3F       		.uleb128 0x3f
 957 014e 0C       		.uleb128 0xc
 958 014f 02       		.uleb128 0x2
 959 0150 0A       		.uleb128 0xa
 960 0151 00       		.byte	0
 961 0152 00       		.byte	0
 962 0153 18       		.uleb128 0x18
ARM GAS  /var/folders/ng/s8655sgx1ys_4lf9jzm2w6n00000gn/T//ccSWNafm.s 			page 18


 963 0154 2E       		.uleb128 0x2e
 964 0155 01       		.byte	0x1
 965 0156 3F       		.uleb128 0x3f
 966 0157 0C       		.uleb128 0xc
 967 0158 03       		.uleb128 0x3
 968 0159 0E       		.uleb128 0xe
 969 015a 3A       		.uleb128 0x3a
 970 015b 0B       		.uleb128 0xb
 971 015c 3B       		.uleb128 0x3b
 972 015d 05       		.uleb128 0x5
 973 015e 27       		.uleb128 0x27
 974 015f 0C       		.uleb128 0xc
 975 0160 3C       		.uleb128 0x3c
 976 0161 0C       		.uleb128 0xc
 977 0162 00       		.byte	0
 978 0163 00       		.byte	0
 979 0164 19       		.uleb128 0x19
 980 0165 05       		.uleb128 0x5
 981 0166 00       		.byte	0
 982 0167 49       		.uleb128 0x49
 983 0168 13       		.uleb128 0x13
 984 0169 00       		.byte	0
 985 016a 00       		.byte	0
 986 016b 00       		.byte	0
 987              		.section	.debug_loc,"",%progbits
 988              	.Ldebug_loc0:
 989              	.LLST0:
 990 0000 00000000 		.4byte	.LVL0
 991 0004 18000000 		.4byte	.LVL1
 992 0008 0100     		.2byte	0x1
 993 000a 50       		.byte	0x50
 994 000b 18000000 		.4byte	.LVL1
 995 000f 24000000 		.4byte	.LFE119
 996 0013 0400     		.2byte	0x4
 997 0015 F3       		.byte	0xf3
 998 0016 01       		.uleb128 0x1
 999 0017 50       		.byte	0x50
 1000 0018 9F       		.byte	0x9f
 1001 0019 00000000 		.4byte	0
 1002 001d 00000000 		.4byte	0
 1003              	.LLST1:
 1004 0021 00000000 		.4byte	.LVL0
 1005 0025 1C000000 		.4byte	.LVL2
 1006 0029 0100     		.2byte	0x1
 1007 002b 51       		.byte	0x51
 1008 002c 1C000000 		.4byte	.LVL2
 1009 0030 24000000 		.4byte	.LFE119
 1010 0034 0400     		.2byte	0x4
 1011 0036 F3       		.byte	0xf3
 1012 0037 01       		.uleb128 0x1
 1013 0038 51       		.byte	0x51
 1014 0039 9F       		.byte	0x9f
 1015 003a 00000000 		.4byte	0
 1016 003e 00000000 		.4byte	0
 1017              	.LLST2:
 1018 0042 00000000 		.4byte	.LVL4
 1019 0046 1A000000 		.4byte	.LVL5
ARM GAS  /var/folders/ng/s8655sgx1ys_4lf9jzm2w6n00000gn/T//ccSWNafm.s 			page 19


 1020 004a 0100     		.2byte	0x1
 1021 004c 50       		.byte	0x50
 1022 004d 1A000000 		.4byte	.LVL5
 1023 0051 24000000 		.4byte	.LFE120
 1024 0055 0400     		.2byte	0x4
 1025 0057 F3       		.byte	0xf3
 1026 0058 01       		.uleb128 0x1
 1027 0059 50       		.byte	0x50
 1028 005a 9F       		.byte	0x9f
 1029 005b 00000000 		.4byte	0
 1030 005f 00000000 		.4byte	0
 1031              	.LLST3:
 1032 0063 00000000 		.4byte	.LFB121
 1033 0067 1A000000 		.4byte	.LCFI0
 1034 006b 0200     		.2byte	0x2
 1035 006d 7D       		.byte	0x7d
 1036 006e 00       		.sleb128 0
 1037 006f 1A000000 		.4byte	.LCFI0
 1038 0073 38000000 		.4byte	.LFE121
 1039 0077 0200     		.2byte	0x2
 1040 0079 7D       		.byte	0x7d
 1041 007a 08       		.sleb128 8
 1042 007b 00000000 		.4byte	0
 1043 007f 00000000 		.4byte	0
 1044              	.LLST4:
 1045 0083 00000000 		.4byte	.LVL6
 1046 0087 2E000000 		.4byte	.LVL8
 1047 008b 0100     		.2byte	0x1
 1048 008d 50       		.byte	0x50
 1049 008e 2E000000 		.4byte	.LVL8
 1050 0092 38000000 		.4byte	.LFE121
 1051 0096 0400     		.2byte	0x4
 1052 0098 F3       		.byte	0xf3
 1053 0099 01       		.uleb128 0x1
 1054 009a 50       		.byte	0x50
 1055 009b 9F       		.byte	0x9f
 1056 009c 00000000 		.4byte	0
 1057 00a0 00000000 		.4byte	0
 1058              	.LLST5:
 1059 00a4 00000000 		.4byte	.LVL6
 1060 00a8 14000000 		.4byte	.LVL7
 1061 00ac 0100     		.2byte	0x1
 1062 00ae 51       		.byte	0x51
 1063 00af 14000000 		.4byte	.LVL7
 1064 00b3 38000000 		.4byte	.LFE121
 1065 00b7 0400     		.2byte	0x4
 1066 00b9 F3       		.byte	0xf3
 1067 00ba 01       		.uleb128 0x1
 1068 00bb 51       		.byte	0x51
 1069 00bc 9F       		.byte	0x9f
 1070 00bd 00000000 		.4byte	0
 1071 00c1 00000000 		.4byte	0
 1072              	.LLST6:
 1073 00c5 00000000 		.4byte	.LVL9
 1074 00c9 1C000000 		.4byte	.LVL10
 1075 00cd 0100     		.2byte	0x1
 1076 00cf 50       		.byte	0x50
ARM GAS  /var/folders/ng/s8655sgx1ys_4lf9jzm2w6n00000gn/T//ccSWNafm.s 			page 20


 1077 00d0 1C000000 		.4byte	.LVL10
 1078 00d4 26000000 		.4byte	.LFE122
 1079 00d8 0400     		.2byte	0x4
 1080 00da F3       		.byte	0xf3
 1081 00db 01       		.uleb128 0x1
 1082 00dc 50       		.byte	0x50
 1083 00dd 9F       		.byte	0x9f
 1084 00de 00000000 		.4byte	0
 1085 00e2 00000000 		.4byte	0
 1086              		.section	.debug_aranges,"",%progbits
 1087 0000 34000000 		.4byte	0x34
 1088 0004 0200     		.2byte	0x2
 1089 0006 00000000 		.4byte	.Ldebug_info0
 1090 000a 04       		.byte	0x4
 1091 000b 00       		.byte	0
 1092 000c 0000     		.2byte	0
 1093 000e 0000     		.2byte	0
 1094 0010 00000000 		.4byte	.LFB119
 1095 0014 24000000 		.4byte	.LFE119-.LFB119
 1096 0018 00000000 		.4byte	.LFB120
 1097 001c 24000000 		.4byte	.LFE120-.LFB120
 1098 0020 00000000 		.4byte	.LFB121
 1099 0024 38000000 		.4byte	.LFE121-.LFB121
 1100 0028 00000000 		.4byte	.LFB122
 1101 002c 26000000 		.4byte	.LFE122-.LFB122
 1102 0030 00000000 		.4byte	0
 1103 0034 00000000 		.4byte	0
 1104              		.section	.debug_ranges,"",%progbits
 1105              	.Ldebug_ranges0:
 1106 0000 00000000 		.4byte	.LFB119
 1107 0004 24000000 		.4byte	.LFE119
 1108 0008 00000000 		.4byte	.LFB120
 1109 000c 24000000 		.4byte	.LFE120
 1110 0010 00000000 		.4byte	.LFB121
 1111 0014 38000000 		.4byte	.LFE121
 1112 0018 00000000 		.4byte	.LFB122
 1113 001c 26000000 		.4byte	.LFE122
 1114 0020 00000000 		.4byte	0
 1115 0024 00000000 		.4byte	0
 1116              		.section	.debug_line,"",%progbits
 1117              	.Ldebug_line0:
 1118 0000 83010000 		.section	.debug_str,"MS",%progbits,1
 1118      02003201 
 1118      00000201 
 1118      FB0E0D00 
 1118      01010101 
 1119              	.LASF18:
 1120 0000 4F535045 		.ascii	"OSPEEDR\000"
 1120      45445200 
 1121              	.LASF15:
 1122 0008 636C6561 		.ascii	"clear\000"
 1122      7200
 1123              	.LASF16:
 1124 000e 4D4F4445 		.ascii	"MODER\000"
 1124      5200
 1125              	.LASF37:
 1126 0014 76616C75 		.ascii	"value\000"
ARM GAS  /var/folders/ng/s8655sgx1ys_4lf9jzm2w6n00000gn/T//ccSWNafm.s 			page 21


 1126      6500
 1127              	.LASF41:
 1128 001a 5F706164 		.ascii	"_pads\000"
 1128      7300
 1129              	.LASF20:
 1130 0020 42535252 		.ascii	"BSRR\000"
 1130      00
 1131              	.LASF4:
 1132 0025 73686F72 		.ascii	"short unsigned int\000"
 1132      7420756E 
 1132      7369676E 
 1132      65642069 
 1132      6E7400
 1133              	.LASF0:
 1134 0038 756E7369 		.ascii	"unsigned int\000"
 1134      676E6564 
 1134      20696E74 
 1134      00
 1135              	.LASF25:
 1136 0045 696F706F 		.ascii	"ioportmask_t\000"
 1136      72746D61 
 1136      736B5F74 
 1136      00
 1137              	.LASF45:
 1138 0052 64696769 		.ascii	"digital_get\000"
 1138      74616C5F 
 1138      67657400 
 1139              	.LASF17:
 1140 005e 4F545950 		.ascii	"OTYPER\000"
 1140      455200
 1141              	.LASF26:
 1142 0065 696F6D6F 		.ascii	"iomode_t\000"
 1142      64655F74 
 1142      00
 1143              	.LASF11:
 1144 006e 6C6F6E67 		.ascii	"long long unsigned int\000"
 1144      206C6F6E 
 1144      6720756E 
 1144      7369676E 
 1144      65642069 
 1145              	.LASF2:
 1146 0085 756E7369 		.ascii	"unsigned char\000"
 1146      676E6564 
 1146      20636861 
 1146      7200
 1147              	.LASF23:
 1148 0093 41465248 		.ascii	"AFRH\000"
 1148      00
 1149              	.LASF9:
 1150 0098 6C6F6E67 		.ascii	"long unsigned int\000"
 1150      20756E73 
 1150      69676E65 
 1150      6420696E 
 1150      7400
 1151              	.LASF30:
 1152 00aa 494E5055 		.ascii	"INPUT_PULLDOWN\000"
 1152      545F5055 
ARM GAS  /var/folders/ng/s8655sgx1ys_4lf9jzm2w6n00000gn/T//ccSWNafm.s 			page 22


 1152      4C4C444F 
 1152      574E00
 1153              	.LASF22:
 1154 00b9 4146524C 		.ascii	"AFRL\000"
 1154      00
 1155              	.LASF33:
 1156 00be 44696769 		.ascii	"DigitalMode\000"
 1156      74616C4D 
 1156      6F646500 
 1157              	.LASF39:
 1158 00ca 49544D5F 		.ascii	"ITM_RxBuffer\000"
 1158      52784275 
 1158      66666572 
 1158      00
 1159              	.LASF36:
 1160 00d7 64696769 		.ascii	"digital_set\000"
 1160      74616C5F 
 1160      73657400 
 1161              	.LASF42:
 1162 00e3 474E5520 		.ascii	"GNU C 4.7.4 20130913 (release) [ARM/embedded-4_7-br"
 1162      4320342E 
 1162      372E3420 
 1162      32303133 
 1162      30393133 
 1163 0116 616E6368 		.ascii	"anch revision 202601]\000"
 1163      20726576 
 1163      6973696F 
 1163      6E203230 
 1163      32363031 
 1164              	.LASF28:
 1165 012c 494E5055 		.ascii	"INPUT\000"
 1165      5400
 1166              	.LASF46:
 1167 0132 5F70616C 		.ascii	"_pal_lld_setgroupmode\000"
 1167      5F6C6C64 
 1167      5F736574 
 1167      67726F75 
 1167      706D6F64 
 1168              	.LASF38:
 1169 0148 64696769 		.ascii	"digital_toggle\000"
 1169      74616C5F 
 1169      746F6767 
 1169      6C6500
 1170              	.LASF24:
 1171 0157 4750494F 		.ascii	"GPIO_TypeDef\000"
 1171      5F547970 
 1171      65446566 
 1171      00
 1172              	.LASF14:
 1173 0164 63686172 		.ascii	"char\000"
 1173      00
 1174              	.LASF34:
 1175 0169 6D6F6465 		.ascii	"mode\000"
 1175      00
 1176              	.LASF43:
 1177 016e 2E2E2F41 		.ascii	"../AithonLibrary/digital.c\000"
 1177      6974686F 
ARM GAS  /var/folders/ng/s8655sgx1ys_4lf9jzm2w6n00000gn/T//ccSWNafm.s 			page 23


 1177      6E4C6962 
 1177      72617279 
 1177      2F646967 
 1178              	.LASF27:
 1179 0189 696F706F 		.ascii	"ioportid_t\000"
 1179      72746964 
 1179      5F7400
 1180              	.LASF6:
 1181 0194 696E7433 		.ascii	"int32_t\000"
 1181      325F7400 
 1182              	.LASF13:
 1183 019c 73697A65 		.ascii	"sizetype\000"
 1183      74797065 
 1183      00
 1184              	.LASF19:
 1185 01a5 50555044 		.ascii	"PUPDR\000"
 1185      5200
 1186              	.LASF32:
 1187 01ab 4F555450 		.ascii	"OUTPUT_OPENDRAIN\000"
 1187      55545F4F 
 1187      50454E44 
 1187      5241494E 
 1187      00
 1188              	.LASF10:
 1189 01bc 6C6F6E67 		.ascii	"long long int\000"
 1189      206C6F6E 
 1189      6720696E 
 1189      7400
 1190              	.LASF29:
 1191 01ca 494E5055 		.ascii	"INPUT_PULLUP\000"
 1191      545F5055 
 1191      4C4C5550 
 1191      00
 1192              	.LASF44:
 1193 01d7 2F557365 		.ascii	"/Users/jseng/aithon/DemoMode\000"
 1193      72732F6A 
 1193      73656E67 
 1193      2F616974 
 1193      686F6E2F 
 1194              	.LASF40:
 1195 01f4 5F706F72 		.ascii	"_ports\000"
 1195      747300
 1196              	.LASF5:
 1197 01fb 75696E74 		.ascii	"uint16_t\000"
 1197      31365F74 
 1197      00
 1198              	.LASF3:
 1199 0204 73686F72 		.ascii	"short int\000"
 1199      7420696E 
 1199      7400
 1200              	.LASF8:
 1201 020e 75696E74 		.ascii	"uint32_t\000"
 1201      33325F74 
 1201      00
 1202              	.LASF7:
 1203 0217 6C6F6E67 		.ascii	"long int\000"
 1203      20696E74 
ARM GAS  /var/folders/ng/s8655sgx1ys_4lf9jzm2w6n00000gn/T//ccSWNafm.s 			page 24


 1203      00
 1204              	.LASF31:
 1205 0220 4F555450 		.ascii	"OUTPUT\000"
 1205      555400
 1206              	.LASF1:
 1207 0227 7369676E 		.ascii	"signed char\000"
 1207      65642063 
 1207      68617200 
 1208              	.LASF12:
 1209 0233 5F426F6F 		.ascii	"_Bool\000"
 1209      6C00
 1210              	.LASF35:
 1211 0239 64696769 		.ascii	"digital_mode\000"
 1211      74616C5F 
 1211      6D6F6465 
 1211      00
 1212              	.LASF21:
 1213 0246 4C434B52 		.ascii	"LCKR\000"
 1213      00
 1214              		.ident	"GCC: (GNU Tools for ARM Embedded Processors) 4.7.4 20130913 (release) [ARM/embedded-4_7-br
ARM GAS  /var/folders/ng/s8655sgx1ys_4lf9jzm2w6n00000gn/T//ccSWNafm.s 			page 25


DEFINED SYMBOLS
                            *ABS*:0000000000000000 digital.c
/var/folders/ng/s8655sgx1ys_4lf9jzm2w6n00000gn/T//ccSWNafm.s:20     .text.digital_mode:0000000000000000 $t
/var/folders/ng/s8655sgx1ys_4lf9jzm2w6n00000gn/T//ccSWNafm.s:26     .text.digital_mode:0000000000000000 digital_mode
/var/folders/ng/s8655sgx1ys_4lf9jzm2w6n00000gn/T//ccSWNafm.s:167    .data._pads:0000000000000000 .LANCHOR1
/var/folders/ng/s8655sgx1ys_4lf9jzm2w6n00000gn/T//ccSWNafm.s:190    .data._ports:0000000000000000 .LANCHOR0
/var/folders/ng/s8655sgx1ys_4lf9jzm2w6n00000gn/T//ccSWNafm.s:57     .text.digital_get:0000000000000000 $t
/var/folders/ng/s8655sgx1ys_4lf9jzm2w6n00000gn/T//ccSWNafm.s:63     .text.digital_get:0000000000000000 digital_get
/var/folders/ng/s8655sgx1ys_4lf9jzm2w6n00000gn/T//ccSWNafm.s:88     .text.digital_set:0000000000000000 $t
/var/folders/ng/s8655sgx1ys_4lf9jzm2w6n00000gn/T//ccSWNafm.s:94     .text.digital_set:0000000000000000 digital_set
/var/folders/ng/s8655sgx1ys_4lf9jzm2w6n00000gn/T//ccSWNafm.s:132    .text.digital_toggle:0000000000000000 $t
/var/folders/ng/s8655sgx1ys_4lf9jzm2w6n00000gn/T//ccSWNafm.s:138    .text.digital_toggle:0000000000000000 digital_toggle
/var/folders/ng/s8655sgx1ys_4lf9jzm2w6n00000gn/T//ccSWNafm.s:170    .data._pads:0000000000000000 _pads
/var/folders/ng/s8655sgx1ys_4lf9jzm2w6n00000gn/T//ccSWNafm.s:193    .data._ports:0000000000000000 _ports
/var/folders/ng/s8655sgx1ys_4lf9jzm2w6n00000gn/T//ccSWNafm.s:166    .data._pads:0000000000000000 $d
/var/folders/ng/s8655sgx1ys_4lf9jzm2w6n00000gn/T//ccSWNafm.s:189    .data._ports:0000000000000000 $d
                     .debug_frame:0000000000000010 $d

UNDEFINED SYMBOLS
_pal_lld_setgroupmode
