ARM GAS  /var/folders/ng/s8655sgx1ys_4lf9jzm2w6n00000gn/T//ccwziM2t.s 			page 1


   1              		.syntax unified
   2              		.cpu cortex-m4
   3              		.eabi_attribute 27, 3
   4              		.fpu fpv4-sp-d16
   5              		.eabi_attribute 20, 1
   6              		.eabi_attribute 21, 1
   7              		.eabi_attribute 23, 3
   8              		.eabi_attribute 24, 1
   9              		.eabi_attribute 25, 1
  10              		.eabi_attribute 26, 1
  11              		.eabi_attribute 30, 2
  12              		.eabi_attribute 34, 1
  13              		.eabi_attribute 18, 4
  14              		.thumb
  15              		.file	"hal.c"
  16              		.text
  17              	.Ltext0:
  18              		.cfi_sections	.debug_frame
  19              		.section	.text.halInit,"ax",%progbits
  20              		.align	2
  21              		.p2align 4,,15
  22              		.global	halInit
  23              		.thumb
  24              		.thumb_func
  25              		.type	halInit, %function
  26              	halInit:
  27              	.LFB118:
  28              		.file 1 "../AithonLibrary/ChibiOS/os/hal/src/hal.c"
  29              		.loc 1 68 0
  30              		.cfi_startproc
  31              		@ args = 0, pretend = 0, frame = 0
  32              		@ frame_needed = 0, uses_anonymous_args = 0
  33 0000 08B5     		push	{r3, lr}
  34              	.LCFI0:
  35              		.cfi_def_cfa_offset 8
  36              		.cfi_offset 3, -8
  37              		.cfi_offset 14, -4
  38              		.loc 1 70 0
  39 0002 FFF7FEFF 		bl	hal_lld_init
  40              	.LVL0:
  41              		.loc 1 73 0
  42 0006 FFF7FEFF 		bl	tmInit
  43              	.LVL1:
  44              		.loc 1 76 0
  45 000a 40F20000 		movw	r0, #:lower16:pal_default_config
  46 000e C0F20000 		movt	r0, #:upper16:pal_default_config
  47 0012 FFF7FEFF 		bl	_pal_lld_init
  48              	.LVL2:
  49              		.loc 1 79 0
  50 0016 FFF7FEFF 		bl	adcInit
  51              	.LVL3:
  52              		.loc 1 94 0
  53 001a FFF7FEFF 		bl	i2cInit
  54              	.LVL4:
  55              		.loc 1 103 0
  56 001e FFF7FEFF 		bl	pwmInit
  57              	.LVL5:
ARM GAS  /var/folders/ng/s8655sgx1ys_4lf9jzm2w6n00000gn/T//ccwziM2t.s 			page 2


  58              		.loc 1 106 0
  59 0022 FFF7FEFF 		bl	sdInit
  60              	.LVL6:
  61              		.loc 1 112 0
  62 0026 FFF7FEFF 		bl	spiInit
  63              	.LVL7:
  64              		.loc 1 118 0
  65 002a FFF7FEFF 		bl	usbInit
  66              	.LVL8:
  67              		.loc 1 121 0
  68 002e FFF7FEFF 		bl	mmcInit
  69              	.LVL9:
  70              		.loc 1 124 0
  71 0032 FFF7FEFF 		bl	sduInit
  72              	.LVL10:
  73              		.loc 1 131 0
  74 0036 BDE80840 		pop	{r3, lr}
  75              		.loc 1 130 0
  76 003a FFF7FEBF 		b	boardInit
  77              	.LVL11:
  78              		.cfi_endproc
  79              	.LFE118:
  80              		.size	halInit, .-halInit
  81 003e 00BF     		.section	.text.halIsCounterWithin,"ax",%progbits
  82              		.align	2
  83              		.p2align 4,,15
  84              		.global	halIsCounterWithin
  85              		.thumb
  86              		.thumb_func
  87              		.type	halIsCounterWithin, %function
  88              	halIsCounterWithin:
  89              	.LFB119:
  90              		.loc 1 177 0
  91              		.cfi_startproc
  92              		@ args = 0, pretend = 0, frame = 0
  93              		@ frame_needed = 0, uses_anonymous_args = 0
  94              		@ link register save eliminated.
  95              	.LVL12:
  96              		.loc 1 178 0
  97 0000 4FF48053 		mov	r3, #4096
  98 0004 CEF20003 		movt	r3, 57344
  99              		.loc 1 180 0
 100 0008 8142     		cmp	r1, r0
 101              		.loc 1 178 0
 102 000a 5A68     		ldr	r2, [r3, #4]
 103              	.LVL13:
 104              		.loc 1 180 0
 105 000c 06D9     		bls	.L3
 106              		.loc 1 180 0 is_stmt 0 discriminator 1
 107 000e 8242     		cmp	r2, r0
 108 0010 08D3     		bcc	.L7
 109              	.L9:
 110              		.loc 1 181 0 is_stmt 1 discriminator 2
 111 0012 8A42     		cmp	r2, r1
 112 0014 2CBF     		ite	cs
 113 0016 0020     		movcs	r0, #0
 114              	.LVL14:
ARM GAS  /var/folders/ng/s8655sgx1ys_4lf9jzm2w6n00000gn/T//ccwziM2t.s 			page 3


 115 0018 0120     		movcc	r0, #1
 116 001a 7047     		bx	lr
 117              	.LVL15:
 118              	.L3:
 119              		.loc 1 181 0 is_stmt 0
 120 001c 8242     		cmp	r2, r0
 121 001e F8D3     		bcc	.L9
 122 0020 0120     		movs	r0, #1
 123              	.LVL16:
 124              		.loc 1 182 0 is_stmt 1
 125 0022 7047     		bx	lr
 126              	.LVL17:
 127              	.L7:
 128              		.loc 1 180 0
 129 0024 0020     		movs	r0, #0
 130              	.LVL18:
 131 0026 7047     		bx	lr
 132              		.cfi_endproc
 133              	.LFE119:
 134              		.size	halIsCounterWithin, .-halIsCounterWithin
 135 0028 AFF30080 		.section	.text.halPolledDelay,"ax",%progbits
 135      AFF30080 
 136              		.align	2
 137              		.p2align 4,,15
 138              		.global	halPolledDelay
 139              		.thumb
 140              		.thumb_func
 141              		.type	halPolledDelay, %function
 142              	halPolledDelay:
 143              	.LFB120:
 144              		.loc 1 196 0
 145              		.cfi_startproc
 146              		@ args = 0, pretend = 0, frame = 0
 147              		@ frame_needed = 0, uses_anonymous_args = 0
 148              		@ link register save eliminated.
 149              	.LVL19:
 150              		.loc 1 197 0
 151 0000 4FF48053 		mov	r3, #4096
 152 0004 CEF20003 		movt	r3, 57344
 153              	.LBB4:
 154              	.LBB5:
 155              		.loc 1 178 0
 156 0008 1946     		mov	r1, r3
 157              	.LBE5:
 158              	.LBE4:
 159              		.loc 1 197 0
 160 000a 5A68     		ldr	r2, [r3, #4]
 161              	.LVL20:
 162              		.loc 1 198 0
 163 000c 8018     		adds	r0, r0, r2
 164              	.LVL21:
 165              	.L21:
 166              	.LBB7:
 167              	.LBB6:
 168              		.loc 1 180 0 discriminator 1
 169 000e 8242     		cmp	r2, r0
 170              		.loc 1 178 0 discriminator 1
ARM GAS  /var/folders/ng/s8655sgx1ys_4lf9jzm2w6n00000gn/T//ccwziM2t.s 			page 4


 171 0010 4B68     		ldr	r3, [r1, #4]
 172              	.LVL22:
 173              		.loc 1 180 0 discriminator 1
 174 0012 02D2     		bcs	.L12
 175              		.loc 1 180 0 is_stmt 0
 176 0014 9A42     		cmp	r2, r3
 177 0016 02D9     		bls	.L22
 178 0018 7047     		bx	lr
 179              	.L12:
 180              		.loc 1 181 0 is_stmt 1
 181 001a 9A42     		cmp	r2, r3
 182 001c F7D9     		bls	.L21
 183              	.L22:
 184 001e 9842     		cmp	r0, r3
 185 0020 94BF     		ite	ls
 186 0022 0023     		movls	r3, #0
 187              	.LVL23:
 188 0024 0123     		movhi	r3, #1
 189              	.LBE6:
 190              	.LBE7:
 191              		.loc 1 199 0
 192 0026 002B     		cmp	r3, #0
 193 0028 F1D1     		bne	.L21
 194 002a 7047     		bx	lr
 195              		.cfi_endproc
 196              	.LFE120:
 197              		.size	halPolledDelay, .-halPolledDelay
 198 002c AFF30080 		.text
 199              	.Letext0:
 200              		.file 2 "/Users/jseng/gccarm/bin/../lib/gcc/arm-none-eabi/4.7.4/../../../../arm-none-eabi/include/
 201              		.file 3 "../AithonLibrary/ChibiOS/os/ports/GCC/ARMCMx/chtypes.h"
 202              		.file 4 "../AithonLibrary/ChibiOS/os/ports/common/ARMCMx/nvic.h"
 203              		.file 5 "../AithonLibrary/ChibiOS/os/hal/platforms/STM32F4xx/hal_lld.h"
 204              		.file 6 "../AithonLibrary/ChibiOS/os/hal/platforms/STM32/GPIOv2/pal_lld.h"
 205              		.file 7 "../AithonLibrary/ChibiOS/os/ports/common/ARMCMx/CMSIS/include/core_cm4.h"
 206              		.file 8 "../AithonLibrary/ChibiOS/os/hal/include/tm.h"
 207              		.file 9 "../AithonLibrary/ChibiOS/os/hal/include/adc.h"
 208              		.file 10 "../AithonLibrary/ChibiOS/os/hal/include/i2c.h"
 209              		.file 11 "../AithonLibrary/ChibiOS/os/hal/include/pwm.h"
 210              		.file 12 "../AithonLibrary/ChibiOS/os/hal/include/serial.h"
 211              		.file 13 "../AithonLibrary/ChibiOS/os/hal/include/spi.h"
 212              		.file 14 "../AithonLibrary/ChibiOS/os/hal/include/usb.h"
 213              		.file 15 "../AithonLibrary/ChibiOS/os/hal/include/mmc_spi.h"
 214              		.file 16 "../AithonLibrary/ChibiOS/os/hal/include/serial_usb.h"
 215              		.file 17 "../AithonLibrary/Board_v01/board.h"
 216              		.section	.debug_info,"",%progbits
 217              	.Ldebug_info0:
 218 0000 66040000 		.4byte	0x466
 219 0004 0200     		.2byte	0x2
 220 0006 00000000 		.4byte	.Ldebug_abbrev0
 221 000a 04       		.byte	0x4
 222 000b 01       		.uleb128 0x1
 223 000c 74010000 		.4byte	.LASF60
 224 0010 01       		.byte	0x1
 225 0011 6D000000 		.4byte	.LASF61
 226 0015 9E000000 		.4byte	.LASF62
 227 0019 30000000 		.4byte	.Ldebug_ranges0+0x30
ARM GAS  /var/folders/ng/s8655sgx1ys_4lf9jzm2w6n00000gn/T//ccwziM2t.s 			page 5


 228 001d 00000000 		.4byte	0
 229 0021 00000000 		.4byte	0
 230 0025 00000000 		.4byte	.Ldebug_line0
 231 0029 02       		.uleb128 0x2
 232 002a 04       		.byte	0x4
 233 002b 05       		.byte	0x5
 234 002c 696E7400 		.ascii	"int\000"
 235 0030 03       		.uleb128 0x3
 236 0031 04       		.byte	0x4
 237 0032 07       		.byte	0x7
 238 0033 A5020000 		.4byte	.LASF0
 239 0037 03       		.uleb128 0x3
 240 0038 01       		.byte	0x1
 241 0039 06       		.byte	0x6
 242 003a 41010000 		.4byte	.LASF1
 243 003e 03       		.uleb128 0x3
 244 003f 01       		.byte	0x1
 245 0040 08       		.byte	0x8
 246 0041 2E010000 		.4byte	.LASF2
 247 0045 03       		.uleb128 0x3
 248 0046 02       		.byte	0x2
 249 0047 05       		.byte	0x5
 250 0048 2F000000 		.4byte	.LASF3
 251 004c 03       		.uleb128 0x3
 252 004d 02       		.byte	0x2
 253 004e 07       		.byte	0x7
 254 004f E3010000 		.4byte	.LASF4
 255 0053 04       		.uleb128 0x4
 256 0054 FB010000 		.4byte	.LASF6
 257 0058 02       		.byte	0x2
 258 0059 4F       		.byte	0x4f
 259 005a 5E000000 		.4byte	0x5e
 260 005e 03       		.uleb128 0x3
 261 005f 04       		.byte	0x4
 262 0060 05       		.byte	0x5
 263 0061 EF000000 		.4byte	.LASF5
 264 0065 04       		.uleb128 0x4
 265 0066 64010000 		.4byte	.LASF7
 266 006a 02       		.byte	0x2
 267 006b 50       		.byte	0x50
 268 006c 70000000 		.4byte	0x70
 269 0070 03       		.uleb128 0x3
 270 0071 04       		.byte	0x4
 271 0072 07       		.byte	0x7
 272 0073 37020000 		.4byte	.LASF8
 273 0077 03       		.uleb128 0x3
 274 0078 08       		.byte	0x8
 275 0079 05       		.byte	0x5
 276 007a CA000000 		.4byte	.LASF9
 277 007e 03       		.uleb128 0x3
 278 007f 08       		.byte	0x8
 279 0080 07       		.byte	0x7
 280 0081 4D010000 		.4byte	.LASF10
 281 0085 04       		.uleb128 0x4
 282 0086 03020000 		.4byte	.LASF11
 283 008a 03       		.byte	0x3
 284 008b 2B       		.byte	0x2b
ARM GAS  /var/folders/ng/s8655sgx1ys_4lf9jzm2w6n00000gn/T//ccwziM2t.s 			page 6


 285 008c 90000000 		.4byte	0x90
 286 0090 03       		.uleb128 0x3
 287 0091 01       		.byte	0x1
 288 0092 02       		.byte	0x2
 289 0093 1B020000 		.4byte	.LASF12
 290 0097 04       		.uleb128 0x4
 291 0098 BB000000 		.4byte	.LASF13
 292 009c 04       		.byte	0x4
 293 009d 3A       		.byte	0x3a
 294 009e A2000000 		.4byte	0xa2
 295 00a2 05       		.uleb128 0x5
 296 00a3 65000000 		.4byte	0x65
 297 00a7 03       		.uleb128 0x3
 298 00a8 04       		.byte	0x4
 299 00a9 07       		.byte	0x7
 300 00aa 39000000 		.4byte	.LASF14
 301 00ae 06       		.uleb128 0x6
 302 00af 20       		.byte	0x20
 303 00b0 04       		.byte	0x4
 304 00b1 0601     		.2byte	0x106
 305 00b3 30010000 		.4byte	0x130
 306 00b7 07       		.uleb128 0x7
 307 00b8 3C010000 		.4byte	.LASF15
 308 00bc 04       		.byte	0x4
 309 00bd 0701     		.2byte	0x107
 310 00bf 97000000 		.4byte	0x97
 311 00c3 02       		.byte	0x2
 312 00c4 23       		.byte	0x23
 313 00c5 00       		.uleb128 0
 314 00c6 07       		.uleb128 0x7
 315 00c7 E0000000 		.4byte	.LASF16
 316 00cb 04       		.byte	0x4
 317 00cc 0801     		.2byte	0x108
 318 00ce 97000000 		.4byte	0x97
 319 00d2 02       		.byte	0x2
 320 00d3 23       		.byte	0x23
 321 00d4 04       		.uleb128 0x4
 322 00d5 07       		.uleb128 0x7
 323 00d6 30020000 		.4byte	.LASF17
 324 00da 04       		.byte	0x4
 325 00db 0901     		.2byte	0x109
 326 00dd 97000000 		.4byte	0x97
 327 00e1 02       		.byte	0x2
 328 00e2 23       		.byte	0x23
 329 00e3 08       		.uleb128 0x8
 330 00e4 07       		.uleb128 0x7
 331 00e5 CD020000 		.4byte	.LASF18
 332 00e9 04       		.byte	0x4
 333 00ea 0A01     		.2byte	0x10a
 334 00ec 97000000 		.4byte	0x97
 335 00f0 02       		.byte	0x2
 336 00f1 23       		.byte	0x23
 337 00f2 0C       		.uleb128 0xc
 338 00f3 07       		.uleb128 0x7
 339 00f4 5B020000 		.4byte	.LASF19
 340 00f8 04       		.byte	0x4
 341 00f9 0B01     		.2byte	0x10b
ARM GAS  /var/folders/ng/s8655sgx1ys_4lf9jzm2w6n00000gn/T//ccwziM2t.s 			page 7


 342 00fb 97000000 		.4byte	0x97
 343 00ff 02       		.byte	0x2
 344 0100 23       		.byte	0x23
 345 0101 10       		.uleb128 0x10
 346 0102 07       		.uleb128 0x7
 347 0103 72020000 		.4byte	.LASF20
 348 0107 04       		.byte	0x4
 349 0108 0C01     		.2byte	0x10c
 350 010a 97000000 		.4byte	0x97
 351 010e 02       		.byte	0x2
 352 010f 23       		.byte	0x23
 353 0110 14       		.uleb128 0x14
 354 0111 07       		.uleb128 0x7
 355 0112 55000000 		.4byte	.LASF21
 356 0116 04       		.byte	0x4
 357 0117 0D01     		.2byte	0x10d
 358 0119 97000000 		.4byte	0x97
 359 011d 02       		.byte	0x2
 360 011e 23       		.byte	0x23
 361 011f 18       		.uleb128 0x18
 362 0120 07       		.uleb128 0x7
 363 0121 42000000 		.4byte	.LASF22
 364 0125 04       		.byte	0x4
 365 0126 0E01     		.2byte	0x10e
 366 0128 97000000 		.4byte	0x97
 367 012c 02       		.byte	0x2
 368 012d 23       		.byte	0x23
 369 012e 1C       		.uleb128 0x1c
 370 012f 00       		.byte	0
 371 0130 08       		.uleb128 0x8
 372 0131 21020000 		.4byte	.LASF23
 373 0135 04       		.byte	0x4
 374 0136 0F01     		.2byte	0x10f
 375 0138 AE000000 		.4byte	0xae
 376 013c 03       		.uleb128 0x3
 377 013d 01       		.byte	0x1
 378 013e 08       		.byte	0x8
 379 013f F6010000 		.4byte	.LASF24
 380 0143 05       		.uleb128 0x5
 381 0144 53000000 		.4byte	0x53
 382 0148 08       		.uleb128 0x8
 383 0149 50020000 		.4byte	.LASF25
 384 014d 05       		.byte	0x5
 385 014e A406     		.2byte	0x6a4
 386 0150 65000000 		.4byte	0x65
 387 0154 09       		.uleb128 0x9
 388 0155 1C       		.byte	0x1c
 389 0156 06       		.byte	0x6
 390 0157 A3       		.byte	0xa3
 391 0158 BF010000 		.4byte	0x1bf
 392 015c 0A       		.uleb128 0xa
 393 015d 8B020000 		.4byte	.LASF26
 394 0161 06       		.byte	0x6
 395 0162 A5       		.byte	0xa5
 396 0163 65000000 		.4byte	0x65
 397 0167 02       		.byte	0x2
 398 0168 23       		.byte	0x23
ARM GAS  /var/folders/ng/s8655sgx1ys_4lf9jzm2w6n00000gn/T//ccwziM2t.s 			page 8


 399 0169 00       		.uleb128 0
 400 016a 0A       		.uleb128 0xa
 401 016b 6D010000 		.4byte	.LASF27
 402 016f 06       		.byte	0x6
 403 0170 A7       		.byte	0xa7
 404 0171 65000000 		.4byte	0x65
 405 0175 02       		.byte	0x2
 406 0176 23       		.byte	0x23
 407 0177 04       		.uleb128 0x4
 408 0178 0A       		.uleb128 0xa
 409 0179 E7000000 		.4byte	.LASF28
 410 017d 06       		.byte	0x6
 411 017e A9       		.byte	0xa9
 412 017f 65000000 		.4byte	0x65
 413 0183 02       		.byte	0x2
 414 0184 23       		.byte	0x23
 415 0185 08       		.uleb128 0x8
 416 0186 0A       		.uleb128 0xa
 417 0187 6C020000 		.4byte	.LASF29
 418 018b 06       		.byte	0x6
 419 018c AB       		.byte	0xab
 420 018d 65000000 		.4byte	0x65
 421 0191 02       		.byte	0x2
 422 0192 23       		.byte	0x23
 423 0193 0C       		.uleb128 0xc
 424 0194 0B       		.uleb128 0xb
 425 0195 6F647200 		.ascii	"odr\000"
 426 0199 06       		.byte	0x6
 427 019a AD       		.byte	0xad
 428 019b 65000000 		.4byte	0x65
 429 019f 02       		.byte	0x2
 430 01a0 23       		.byte	0x23
 431 01a1 10       		.uleb128 0x10
 432 01a2 0A       		.uleb128 0xa
 433 01a3 86020000 		.4byte	.LASF30
 434 01a7 06       		.byte	0x6
 435 01a8 AF       		.byte	0xaf
 436 01a9 65000000 		.4byte	0x65
 437 01ad 02       		.byte	0x2
 438 01ae 23       		.byte	0x23
 439 01af 14       		.uleb128 0x14
 440 01b0 0A       		.uleb128 0xa
 441 01b1 79020000 		.4byte	.LASF31
 442 01b5 06       		.byte	0x6
 443 01b6 B1       		.byte	0xb1
 444 01b7 65000000 		.4byte	0x65
 445 01bb 02       		.byte	0x2
 446 01bc 23       		.byte	0x23
 447 01bd 18       		.uleb128 0x18
 448 01be 00       		.byte	0
 449 01bf 04       		.uleb128 0x4
 450 01c0 BD010000 		.4byte	.LASF32
 451 01c4 06       		.byte	0x6
 452 01c5 B2       		.byte	0xb2
 453 01c6 54010000 		.4byte	0x154
 454 01ca 09       		.uleb128 0x9
 455 01cb FC       		.byte	0xfc
ARM GAS  /var/folders/ng/s8655sgx1ys_4lf9jzm2w6n00000gn/T//ccwziM2t.s 			page 9


 456 01cc 06       		.byte	0x6
 457 01cd BB       		.byte	0xbb
 458 01ce 55020000 		.4byte	0x255
 459 01d2 0A       		.uleb128 0xa
 460 01d3 C3000000 		.4byte	.LASF33
 461 01d7 06       		.byte	0x6
 462 01d8 BE       		.byte	0xbe
 463 01d9 BF010000 		.4byte	0x1bf
 464 01dd 02       		.byte	0x2
 465 01de 23       		.byte	0x23
 466 01df 00       		.uleb128 0
 467 01e0 0A       		.uleb128 0xa
 468 01e1 14020000 		.4byte	.LASF34
 469 01e5 06       		.byte	0x6
 470 01e6 C2       		.byte	0xc2
 471 01e7 BF010000 		.4byte	0x1bf
 472 01eb 02       		.byte	0x2
 473 01ec 23       		.byte	0x23
 474 01ed 1C       		.uleb128 0x1c
 475 01ee 0A       		.uleb128 0xa
 476 01ef 27010000 		.4byte	.LASF35
 477 01f3 06       		.byte	0x6
 478 01f4 C6       		.byte	0xc6
 479 01f5 BF010000 		.4byte	0x1bf
 480 01f9 02       		.byte	0x2
 481 01fa 23       		.byte	0x23
 482 01fb 38       		.uleb128 0x38
 483 01fc 0A       		.uleb128 0xa
 484 01fd 00010000 		.4byte	.LASF36
 485 0201 06       		.byte	0x6
 486 0202 CA       		.byte	0xca
 487 0203 BF010000 		.4byte	0x1bf
 488 0207 02       		.byte	0x2
 489 0208 23       		.byte	0x23
 490 0209 54       		.uleb128 0x54
 491 020a 0A       		.uleb128 0xa
 492 020b 29020000 		.4byte	.LASF37
 493 020f 06       		.byte	0x6
 494 0210 CE       		.byte	0xce
 495 0211 BF010000 		.4byte	0x1bf
 496 0215 02       		.byte	0x2
 497 0216 23       		.byte	0x23
 498 0217 70       		.uleb128 0x70
 499 0218 0A       		.uleb128 0xa
 500 0219 47000000 		.4byte	.LASF38
 501 021d 06       		.byte	0x6
 502 021e D2       		.byte	0xd2
 503 021f BF010000 		.4byte	0x1bf
 504 0223 03       		.byte	0x3
 505 0224 23       		.byte	0x23
 506 0225 8C01     		.uleb128 0x8c
 507 0227 0A       		.uleb128 0xa
 508 0228 20010000 		.4byte	.LASF39
 509 022c 06       		.byte	0x6
 510 022d D6       		.byte	0xd6
 511 022e BF010000 		.4byte	0x1bf
 512 0232 03       		.byte	0x3
ARM GAS  /var/folders/ng/s8655sgx1ys_4lf9jzm2w6n00000gn/T//ccwziM2t.s 			page 10


 513 0233 23       		.byte	0x23
 514 0234 A801     		.uleb128 0xa8
 515 0236 0A       		.uleb128 0xa
 516 0237 49020000 		.4byte	.LASF40
 517 023b 06       		.byte	0x6
 518 023c DA       		.byte	0xda
 519 023d BF010000 		.4byte	0x1bf
 520 0241 03       		.byte	0x3
 521 0242 23       		.byte	0x23
 522 0243 C401     		.uleb128 0xc4
 523 0245 0A       		.uleb128 0xa
 524 0246 4E000000 		.4byte	.LASF41
 525 024a 06       		.byte	0x6
 526 024b DE       		.byte	0xde
 527 024c BF010000 		.4byte	0x1bf
 528 0250 03       		.byte	0x3
 529 0251 23       		.byte	0x23
 530 0252 E001     		.uleb128 0xe0
 531 0254 00       		.byte	0
 532 0255 04       		.uleb128 0x4
 533 0256 0A020000 		.4byte	.LASF42
 534 025a 06       		.byte	0x6
 535 025b E0       		.byte	0xe0
 536 025c CA010000 		.4byte	0x1ca
 537 0260 0C       		.uleb128 0xc
 538 0261 01       		.byte	0x1
 539 0262 BA020000 		.4byte	.LASF63
 540 0266 01       		.byte	0x1
 541 0267 B1       		.byte	0xb1
 542 0268 01       		.byte	0x1
 543 0269 85000000 		.4byte	0x85
 544 026d 01       		.byte	0x1
 545 026e 94020000 		.4byte	0x294
 546 0272 0D       		.uleb128 0xd
 547 0273 DD010000 		.4byte	.LASF43
 548 0277 01       		.byte	0x1
 549 0278 B1       		.byte	0xb1
 550 0279 48010000 		.4byte	0x148
 551 027d 0E       		.uleb128 0xe
 552 027e 656E6400 		.ascii	"end\000"
 553 0282 01       		.byte	0x1
 554 0283 B1       		.byte	0xb1
 555 0284 48010000 		.4byte	0x148
 556 0288 0F       		.uleb128 0xf
 557 0289 6E6F7700 		.ascii	"now\000"
 558 028d 01       		.byte	0x1
 559 028e B2       		.byte	0xb2
 560 028f 48010000 		.4byte	0x148
 561 0293 00       		.byte	0
 562 0294 10       		.uleb128 0x10
 563 0295 01       		.byte	0x1
 564 0296 D8000000 		.4byte	.LASF44
 565 029a 01       		.byte	0x1
 566 029b 44       		.byte	0x44
 567 029c 01       		.byte	0x1
 568 029d 00000000 		.4byte	.LFB118
 569 02a1 3E000000 		.4byte	.LFE118
ARM GAS  /var/folders/ng/s8655sgx1ys_4lf9jzm2w6n00000gn/T//ccwziM2t.s 			page 11


 570 02a5 00000000 		.4byte	.LLST0
 571 02a9 01       		.byte	0x1
 572 02aa 1C030000 		.4byte	0x31c
 573 02ae 11       		.uleb128 0x11
 574 02af 06000000 		.4byte	.LVL0
 575 02b3 DA030000 		.4byte	0x3da
 576 02b7 11       		.uleb128 0x11
 577 02b8 0A000000 		.4byte	.LVL1
 578 02bc E5030000 		.4byte	0x3e5
 579 02c0 11       		.uleb128 0x11
 580 02c1 16000000 		.4byte	.LVL2
 581 02c5 EF030000 		.4byte	0x3ef
 582 02c9 11       		.uleb128 0x11
 583 02ca 1A000000 		.4byte	.LVL3
 584 02ce 0A040000 		.4byte	0x40a
 585 02d2 11       		.uleb128 0x11
 586 02d3 1E000000 		.4byte	.LVL4
 587 02d7 15040000 		.4byte	0x415
 588 02db 11       		.uleb128 0x11
 589 02dc 22000000 		.4byte	.LVL5
 590 02e0 1F040000 		.4byte	0x41f
 591 02e4 11       		.uleb128 0x11
 592 02e5 26000000 		.4byte	.LVL6
 593 02e9 29040000 		.4byte	0x429
 594 02ed 11       		.uleb128 0x11
 595 02ee 2A000000 		.4byte	.LVL7
 596 02f2 34040000 		.4byte	0x434
 597 02f6 11       		.uleb128 0x11
 598 02f7 2E000000 		.4byte	.LVL8
 599 02fb 3F040000 		.4byte	0x43f
 600 02ff 11       		.uleb128 0x11
 601 0300 32000000 		.4byte	.LVL9
 602 0304 4A040000 		.4byte	0x44a
 603 0308 11       		.uleb128 0x11
 604 0309 36000000 		.4byte	.LVL10
 605 030d 54040000 		.4byte	0x454
 606 0311 12       		.uleb128 0x12
 607 0312 3E000000 		.4byte	.LVL11
 608 0316 01       		.byte	0x1
 609 0317 5E040000 		.4byte	0x45e
 610 031b 00       		.byte	0
 611 031c 13       		.uleb128 0x13
 612 031d 60020000 		.4byte	0x260
 613 0321 00000000 		.4byte	.LFB119
 614 0325 28000000 		.4byte	.LFE119
 615 0329 02       		.byte	0x2
 616 032a 7D       		.byte	0x7d
 617 032b 00       		.sleb128 0
 618 032c 01       		.byte	0x1
 619 032d 49030000 		.4byte	0x349
 620 0331 14       		.uleb128 0x14
 621 0332 72020000 		.4byte	0x272
 622 0336 20000000 		.4byte	.LLST1
 623 033a 15       		.uleb128 0x15
 624 033b 7D020000 		.4byte	0x27d
 625 033f 01       		.byte	0x1
 626 0340 51       		.byte	0x51
ARM GAS  /var/folders/ng/s8655sgx1ys_4lf9jzm2w6n00000gn/T//ccwziM2t.s 			page 12


 627 0341 16       		.uleb128 0x16
 628 0342 88020000 		.4byte	0x288
 629 0346 01       		.byte	0x1
 630 0347 52       		.byte	0x52
 631 0348 00       		.byte	0
 632 0349 17       		.uleb128 0x17
 633 034a 01       		.byte	0x1
 634 034b 07010000 		.4byte	.LASF45
 635 034f 01       		.byte	0x1
 636 0350 C4       		.byte	0xc4
 637 0351 01       		.byte	0x1
 638 0352 00000000 		.4byte	.LFB120
 639 0356 2C000000 		.4byte	.LFE120
 640 035a 02       		.byte	0x2
 641 035b 7D       		.byte	0x7d
 642 035c 00       		.sleb128 0
 643 035d 01       		.byte	0x1
 644 035e B9030000 		.4byte	0x3b9
 645 0362 18       		.uleb128 0x18
 646 0363 00000000 		.4byte	.LASF64
 647 0367 01       		.byte	0x1
 648 0368 C4       		.byte	0xc4
 649 0369 48010000 		.4byte	0x148
 650 036d 73000000 		.4byte	.LLST2
 651 0371 19       		.uleb128 0x19
 652 0372 DD010000 		.4byte	.LASF43
 653 0376 01       		.byte	0x1
 654 0377 C5       		.byte	0xc5
 655 0378 48010000 		.4byte	0x148
 656 037c 01       		.byte	0x1
 657 037d 52       		.byte	0x52
 658 037e 19       		.uleb128 0x19
 659 037f D4020000 		.4byte	.LASF46
 660 0383 01       		.byte	0x1
 661 0384 C6       		.byte	0xc6
 662 0385 48010000 		.4byte	0x148
 663 0389 01       		.byte	0x1
 664 038a 50       		.byte	0x50
 665 038b 1A       		.uleb128 0x1a
 666 038c 60020000 		.4byte	0x260
 667 0390 08000000 		.4byte	.LBB4
 668 0394 00000000 		.4byte	.Ldebug_ranges0+0
 669 0398 01       		.byte	0x1
 670 0399 C7       		.byte	0xc7
 671 039a 15       		.uleb128 0x15
 672 039b 7D020000 		.4byte	0x27d
 673 039f 01       		.byte	0x1
 674 03a0 50       		.byte	0x50
 675 03a1 15       		.uleb128 0x15
 676 03a2 72020000 		.4byte	0x272
 677 03a6 01       		.byte	0x1
 678 03a7 52       		.byte	0x52
 679 03a8 1B       		.uleb128 0x1b
 680 03a9 18000000 		.4byte	.Ldebug_ranges0+0x18
 681 03ad 1C       		.uleb128 0x1c
 682 03ae 88020000 		.4byte	0x288
 683 03b2 94000000 		.4byte	.LLST3
ARM GAS  /var/folders/ng/s8655sgx1ys_4lf9jzm2w6n00000gn/T//ccwziM2t.s 			page 13


 684 03b6 00       		.byte	0
 685 03b7 00       		.byte	0
 686 03b8 00       		.byte	0
 687 03b9 1D       		.uleb128 0x1d
 688 03ba 91020000 		.4byte	.LASF47
 689 03be 07       		.byte	0x7
 690 03bf 9806     		.2byte	0x698
 691 03c1 43010000 		.4byte	0x143
 692 03c5 01       		.byte	0x1
 693 03c6 01       		.byte	0x1
 694 03c7 1D       		.uleb128 0x1d
 695 03c8 1C000000 		.4byte	.LASF48
 696 03cc 06       		.byte	0x6
 697 03cd BC01     		.2byte	0x1bc
 698 03cf D5030000 		.4byte	0x3d5
 699 03d3 01       		.byte	0x1
 700 03d4 01       		.byte	0x1
 701 03d5 1E       		.uleb128 0x1e
 702 03d6 55020000 		.4byte	0x255
 703 03da 1F       		.uleb128 0x1f
 704 03db 01       		.byte	0x1
 705 03dc D0010000 		.4byte	.LASF49
 706 03e0 05       		.byte	0x5
 707 03e1 CD06     		.2byte	0x6cd
 708 03e3 01       		.byte	0x1
 709 03e4 01       		.byte	0x1
 710 03e5 20       		.uleb128 0x20
 711 03e6 01       		.byte	0x1
 712 03e7 9E020000 		.4byte	.LASF50
 713 03eb 08       		.byte	0x8
 714 03ec 73       		.byte	0x73
 715 03ed 01       		.byte	0x1
 716 03ee 01       		.byte	0x1
 717 03ef 21       		.uleb128 0x21
 718 03f0 01       		.byte	0x1
 719 03f1 0E000000 		.4byte	.LASF65
 720 03f5 06       		.byte	0x6
 721 03f6 C101     		.2byte	0x1c1
 722 03f8 01       		.byte	0x1
 723 03f9 01       		.byte	0x1
 724 03fa 04040000 		.4byte	0x404
 725 03fe 22       		.uleb128 0x22
 726 03ff 04040000 		.4byte	0x404
 727 0403 00       		.byte	0
 728 0404 23       		.uleb128 0x23
 729 0405 04       		.byte	0x4
 730 0406 D5030000 		.4byte	0x3d5
 731 040a 1F       		.uleb128 0x1f
 732 040b 01       		.byte	0x1
 733 040c 7E020000 		.4byte	.LASF51
 734 0410 09       		.byte	0x9
 735 0411 1C01     		.2byte	0x11c
 736 0413 01       		.byte	0x1
 737 0414 01       		.byte	0x1
 738 0415 20       		.uleb128 0x20
 739 0416 01       		.byte	0x1
 740 0417 06000000 		.4byte	.LASF52
ARM GAS  /var/folders/ng/s8655sgx1ys_4lf9jzm2w6n00000gn/T//ccwziM2t.s 			page 14


 741 041b 0A       		.byte	0xa
 742 041c 7F       		.byte	0x7f
 743 041d 01       		.byte	0x1
 744 041e 01       		.byte	0x1
 745 041f 20       		.uleb128 0x20
 746 0420 01       		.byte	0x1
 747 0421 F8000000 		.4byte	.LASF53
 748 0425 0B       		.byte	0xb
 749 0426 F2       		.byte	0xf2
 750 0427 01       		.byte	0x1
 751 0428 01       		.byte	0x1
 752 0429 1F       		.uleb128 0x1f
 753 042a 01       		.byte	0x1
 754 042b 97000000 		.4byte	.LASF54
 755 042f 0C       		.byte	0xc
 756 0430 3501     		.2byte	0x135
 757 0432 01       		.byte	0x1
 758 0433 01       		.byte	0x1
 759 0434 1F       		.uleb128 0x1f
 760 0435 01       		.byte	0x1
 761 0436 65000000 		.4byte	.LASF55
 762 043a 0D       		.byte	0xd
 763 043b 2E01     		.2byte	0x12e
 764 043d 01       		.byte	0x1
 765 043e 01       		.byte	0x1
 766 043f 1F       		.uleb128 0x1f
 767 0440 01       		.byte	0x1
 768 0441 5D000000 		.4byte	.LASF56
 769 0445 0E       		.byte	0xe
 770 0446 2302     		.2byte	0x223
 771 0448 01       		.byte	0x1
 772 0449 01       		.byte	0x1
 773 044a 20       		.uleb128 0x20
 774 044b 01       		.byte	0x1
 775 044c 64020000 		.4byte	.LASF57
 776 0450 0F       		.byte	0xf
 777 0451 B5       		.byte	0xb5
 778 0452 01       		.byte	0x1
 779 0453 01       		.byte	0x1
 780 0454 20       		.uleb128 0x20
 781 0455 01       		.byte	0x1
 782 0456 B2020000 		.4byte	.LASF58
 783 045a 10       		.byte	0x10
 784 045b E0       		.byte	0xe0
 785 045c 01       		.byte	0x1
 786 045d 01       		.byte	0x1
 787 045e 1F       		.uleb128 0x1f
 788 045f 01       		.byte	0x1
 789 0460 16010000 		.4byte	.LASF59
 790 0464 11       		.byte	0x11
 791 0465 9301     		.2byte	0x193
 792 0467 01       		.byte	0x1
 793 0468 01       		.byte	0x1
 794 0469 00       		.byte	0
 795              		.section	.debug_abbrev,"",%progbits
 796              	.Ldebug_abbrev0:
 797 0000 01       		.uleb128 0x1
ARM GAS  /var/folders/ng/s8655sgx1ys_4lf9jzm2w6n00000gn/T//ccwziM2t.s 			page 15


 798 0001 11       		.uleb128 0x11
 799 0002 01       		.byte	0x1
 800 0003 25       		.uleb128 0x25
 801 0004 0E       		.uleb128 0xe
 802 0005 13       		.uleb128 0x13
 803 0006 0B       		.uleb128 0xb
 804 0007 03       		.uleb128 0x3
 805 0008 0E       		.uleb128 0xe
 806 0009 1B       		.uleb128 0x1b
 807 000a 0E       		.uleb128 0xe
 808 000b 55       		.uleb128 0x55
 809 000c 06       		.uleb128 0x6
 810 000d 11       		.uleb128 0x11
 811 000e 01       		.uleb128 0x1
 812 000f 52       		.uleb128 0x52
 813 0010 01       		.uleb128 0x1
 814 0011 10       		.uleb128 0x10
 815 0012 06       		.uleb128 0x6
 816 0013 00       		.byte	0
 817 0014 00       		.byte	0
 818 0015 02       		.uleb128 0x2
 819 0016 24       		.uleb128 0x24
 820 0017 00       		.byte	0
 821 0018 0B       		.uleb128 0xb
 822 0019 0B       		.uleb128 0xb
 823 001a 3E       		.uleb128 0x3e
 824 001b 0B       		.uleb128 0xb
 825 001c 03       		.uleb128 0x3
 826 001d 08       		.uleb128 0x8
 827 001e 00       		.byte	0
 828 001f 00       		.byte	0
 829 0020 03       		.uleb128 0x3
 830 0021 24       		.uleb128 0x24
 831 0022 00       		.byte	0
 832 0023 0B       		.uleb128 0xb
 833 0024 0B       		.uleb128 0xb
 834 0025 3E       		.uleb128 0x3e
 835 0026 0B       		.uleb128 0xb
 836 0027 03       		.uleb128 0x3
 837 0028 0E       		.uleb128 0xe
 838 0029 00       		.byte	0
 839 002a 00       		.byte	0
 840 002b 04       		.uleb128 0x4
 841 002c 16       		.uleb128 0x16
 842 002d 00       		.byte	0
 843 002e 03       		.uleb128 0x3
 844 002f 0E       		.uleb128 0xe
 845 0030 3A       		.uleb128 0x3a
 846 0031 0B       		.uleb128 0xb
 847 0032 3B       		.uleb128 0x3b
 848 0033 0B       		.uleb128 0xb
 849 0034 49       		.uleb128 0x49
 850 0035 13       		.uleb128 0x13
 851 0036 00       		.byte	0
 852 0037 00       		.byte	0
 853 0038 05       		.uleb128 0x5
 854 0039 35       		.uleb128 0x35
ARM GAS  /var/folders/ng/s8655sgx1ys_4lf9jzm2w6n00000gn/T//ccwziM2t.s 			page 16


 855 003a 00       		.byte	0
 856 003b 49       		.uleb128 0x49
 857 003c 13       		.uleb128 0x13
 858 003d 00       		.byte	0
 859 003e 00       		.byte	0
 860 003f 06       		.uleb128 0x6
 861 0040 13       		.uleb128 0x13
 862 0041 01       		.byte	0x1
 863 0042 0B       		.uleb128 0xb
 864 0043 0B       		.uleb128 0xb
 865 0044 3A       		.uleb128 0x3a
 866 0045 0B       		.uleb128 0xb
 867 0046 3B       		.uleb128 0x3b
 868 0047 05       		.uleb128 0x5
 869 0048 01       		.uleb128 0x1
 870 0049 13       		.uleb128 0x13
 871 004a 00       		.byte	0
 872 004b 00       		.byte	0
 873 004c 07       		.uleb128 0x7
 874 004d 0D       		.uleb128 0xd
 875 004e 00       		.byte	0
 876 004f 03       		.uleb128 0x3
 877 0050 0E       		.uleb128 0xe
 878 0051 3A       		.uleb128 0x3a
 879 0052 0B       		.uleb128 0xb
 880 0053 3B       		.uleb128 0x3b
 881 0054 05       		.uleb128 0x5
 882 0055 49       		.uleb128 0x49
 883 0056 13       		.uleb128 0x13
 884 0057 38       		.uleb128 0x38
 885 0058 0A       		.uleb128 0xa
 886 0059 00       		.byte	0
 887 005a 00       		.byte	0
 888 005b 08       		.uleb128 0x8
 889 005c 16       		.uleb128 0x16
 890 005d 00       		.byte	0
 891 005e 03       		.uleb128 0x3
 892 005f 0E       		.uleb128 0xe
 893 0060 3A       		.uleb128 0x3a
 894 0061 0B       		.uleb128 0xb
 895 0062 3B       		.uleb128 0x3b
 896 0063 05       		.uleb128 0x5
 897 0064 49       		.uleb128 0x49
 898 0065 13       		.uleb128 0x13
 899 0066 00       		.byte	0
 900 0067 00       		.byte	0
 901 0068 09       		.uleb128 0x9
 902 0069 13       		.uleb128 0x13
 903 006a 01       		.byte	0x1
 904 006b 0B       		.uleb128 0xb
 905 006c 0B       		.uleb128 0xb
 906 006d 3A       		.uleb128 0x3a
 907 006e 0B       		.uleb128 0xb
 908 006f 3B       		.uleb128 0x3b
 909 0070 0B       		.uleb128 0xb
 910 0071 01       		.uleb128 0x1
 911 0072 13       		.uleb128 0x13
ARM GAS  /var/folders/ng/s8655sgx1ys_4lf9jzm2w6n00000gn/T//ccwziM2t.s 			page 17


 912 0073 00       		.byte	0
 913 0074 00       		.byte	0
 914 0075 0A       		.uleb128 0xa
 915 0076 0D       		.uleb128 0xd
 916 0077 00       		.byte	0
 917 0078 03       		.uleb128 0x3
 918 0079 0E       		.uleb128 0xe
 919 007a 3A       		.uleb128 0x3a
 920 007b 0B       		.uleb128 0xb
 921 007c 3B       		.uleb128 0x3b
 922 007d 0B       		.uleb128 0xb
 923 007e 49       		.uleb128 0x49
 924 007f 13       		.uleb128 0x13
 925 0080 38       		.uleb128 0x38
 926 0081 0A       		.uleb128 0xa
 927 0082 00       		.byte	0
 928 0083 00       		.byte	0
 929 0084 0B       		.uleb128 0xb
 930 0085 0D       		.uleb128 0xd
 931 0086 00       		.byte	0
 932 0087 03       		.uleb128 0x3
 933 0088 08       		.uleb128 0x8
 934 0089 3A       		.uleb128 0x3a
 935 008a 0B       		.uleb128 0xb
 936 008b 3B       		.uleb128 0x3b
 937 008c 0B       		.uleb128 0xb
 938 008d 49       		.uleb128 0x49
 939 008e 13       		.uleb128 0x13
 940 008f 38       		.uleb128 0x38
 941 0090 0A       		.uleb128 0xa
 942 0091 00       		.byte	0
 943 0092 00       		.byte	0
 944 0093 0C       		.uleb128 0xc
 945 0094 2E       		.uleb128 0x2e
 946 0095 01       		.byte	0x1
 947 0096 3F       		.uleb128 0x3f
 948 0097 0C       		.uleb128 0xc
 949 0098 03       		.uleb128 0x3
 950 0099 0E       		.uleb128 0xe
 951 009a 3A       		.uleb128 0x3a
 952 009b 0B       		.uleb128 0xb
 953 009c 3B       		.uleb128 0x3b
 954 009d 0B       		.uleb128 0xb
 955 009e 27       		.uleb128 0x27
 956 009f 0C       		.uleb128 0xc
 957 00a0 49       		.uleb128 0x49
 958 00a1 13       		.uleb128 0x13
 959 00a2 20       		.uleb128 0x20
 960 00a3 0B       		.uleb128 0xb
 961 00a4 01       		.uleb128 0x1
 962 00a5 13       		.uleb128 0x13
 963 00a6 00       		.byte	0
 964 00a7 00       		.byte	0
 965 00a8 0D       		.uleb128 0xd
 966 00a9 05       		.uleb128 0x5
 967 00aa 00       		.byte	0
 968 00ab 03       		.uleb128 0x3
ARM GAS  /var/folders/ng/s8655sgx1ys_4lf9jzm2w6n00000gn/T//ccwziM2t.s 			page 18


 969 00ac 0E       		.uleb128 0xe
 970 00ad 3A       		.uleb128 0x3a
 971 00ae 0B       		.uleb128 0xb
 972 00af 3B       		.uleb128 0x3b
 973 00b0 0B       		.uleb128 0xb
 974 00b1 49       		.uleb128 0x49
 975 00b2 13       		.uleb128 0x13
 976 00b3 00       		.byte	0
 977 00b4 00       		.byte	0
 978 00b5 0E       		.uleb128 0xe
 979 00b6 05       		.uleb128 0x5
 980 00b7 00       		.byte	0
 981 00b8 03       		.uleb128 0x3
 982 00b9 08       		.uleb128 0x8
 983 00ba 3A       		.uleb128 0x3a
 984 00bb 0B       		.uleb128 0xb
 985 00bc 3B       		.uleb128 0x3b
 986 00bd 0B       		.uleb128 0xb
 987 00be 49       		.uleb128 0x49
 988 00bf 13       		.uleb128 0x13
 989 00c0 00       		.byte	0
 990 00c1 00       		.byte	0
 991 00c2 0F       		.uleb128 0xf
 992 00c3 34       		.uleb128 0x34
 993 00c4 00       		.byte	0
 994 00c5 03       		.uleb128 0x3
 995 00c6 08       		.uleb128 0x8
 996 00c7 3A       		.uleb128 0x3a
 997 00c8 0B       		.uleb128 0xb
 998 00c9 3B       		.uleb128 0x3b
 999 00ca 0B       		.uleb128 0xb
 1000 00cb 49       		.uleb128 0x49
 1001 00cc 13       		.uleb128 0x13
 1002 00cd 00       		.byte	0
 1003 00ce 00       		.byte	0
 1004 00cf 10       		.uleb128 0x10
 1005 00d0 2E       		.uleb128 0x2e
 1006 00d1 01       		.byte	0x1
 1007 00d2 3F       		.uleb128 0x3f
 1008 00d3 0C       		.uleb128 0xc
 1009 00d4 03       		.uleb128 0x3
 1010 00d5 0E       		.uleb128 0xe
 1011 00d6 3A       		.uleb128 0x3a
 1012 00d7 0B       		.uleb128 0xb
 1013 00d8 3B       		.uleb128 0x3b
 1014 00d9 0B       		.uleb128 0xb
 1015 00da 27       		.uleb128 0x27
 1016 00db 0C       		.uleb128 0xc
 1017 00dc 11       		.uleb128 0x11
 1018 00dd 01       		.uleb128 0x1
 1019 00de 12       		.uleb128 0x12
 1020 00df 01       		.uleb128 0x1
 1021 00e0 40       		.uleb128 0x40
 1022 00e1 06       		.uleb128 0x6
 1023 00e2 9742     		.uleb128 0x2117
 1024 00e4 0C       		.uleb128 0xc
 1025 00e5 01       		.uleb128 0x1
ARM GAS  /var/folders/ng/s8655sgx1ys_4lf9jzm2w6n00000gn/T//ccwziM2t.s 			page 19


 1026 00e6 13       		.uleb128 0x13
 1027 00e7 00       		.byte	0
 1028 00e8 00       		.byte	0
 1029 00e9 11       		.uleb128 0x11
 1030 00ea 898201   		.uleb128 0x4109
 1031 00ed 00       		.byte	0
 1032 00ee 11       		.uleb128 0x11
 1033 00ef 01       		.uleb128 0x1
 1034 00f0 31       		.uleb128 0x31
 1035 00f1 13       		.uleb128 0x13
 1036 00f2 00       		.byte	0
 1037 00f3 00       		.byte	0
 1038 00f4 12       		.uleb128 0x12
 1039 00f5 898201   		.uleb128 0x4109
 1040 00f8 00       		.byte	0
 1041 00f9 11       		.uleb128 0x11
 1042 00fa 01       		.uleb128 0x1
 1043 00fb 9542     		.uleb128 0x2115
 1044 00fd 0C       		.uleb128 0xc
 1045 00fe 31       		.uleb128 0x31
 1046 00ff 13       		.uleb128 0x13
 1047 0100 00       		.byte	0
 1048 0101 00       		.byte	0
 1049 0102 13       		.uleb128 0x13
 1050 0103 2E       		.uleb128 0x2e
 1051 0104 01       		.byte	0x1
 1052 0105 31       		.uleb128 0x31
 1053 0106 13       		.uleb128 0x13
 1054 0107 11       		.uleb128 0x11
 1055 0108 01       		.uleb128 0x1
 1056 0109 12       		.uleb128 0x12
 1057 010a 01       		.uleb128 0x1
 1058 010b 40       		.uleb128 0x40
 1059 010c 0A       		.uleb128 0xa
 1060 010d 9742     		.uleb128 0x2117
 1061 010f 0C       		.uleb128 0xc
 1062 0110 01       		.uleb128 0x1
 1063 0111 13       		.uleb128 0x13
 1064 0112 00       		.byte	0
 1065 0113 00       		.byte	0
 1066 0114 14       		.uleb128 0x14
 1067 0115 05       		.uleb128 0x5
 1068 0116 00       		.byte	0
 1069 0117 31       		.uleb128 0x31
 1070 0118 13       		.uleb128 0x13
 1071 0119 02       		.uleb128 0x2
 1072 011a 06       		.uleb128 0x6
 1073 011b 00       		.byte	0
 1074 011c 00       		.byte	0
 1075 011d 15       		.uleb128 0x15
 1076 011e 05       		.uleb128 0x5
 1077 011f 00       		.byte	0
 1078 0120 31       		.uleb128 0x31
 1079 0121 13       		.uleb128 0x13
 1080 0122 02       		.uleb128 0x2
 1081 0123 0A       		.uleb128 0xa
 1082 0124 00       		.byte	0
ARM GAS  /var/folders/ng/s8655sgx1ys_4lf9jzm2w6n00000gn/T//ccwziM2t.s 			page 20


 1083 0125 00       		.byte	0
 1084 0126 16       		.uleb128 0x16
 1085 0127 34       		.uleb128 0x34
 1086 0128 00       		.byte	0
 1087 0129 31       		.uleb128 0x31
 1088 012a 13       		.uleb128 0x13
 1089 012b 02       		.uleb128 0x2
 1090 012c 0A       		.uleb128 0xa
 1091 012d 00       		.byte	0
 1092 012e 00       		.byte	0
 1093 012f 17       		.uleb128 0x17
 1094 0130 2E       		.uleb128 0x2e
 1095 0131 01       		.byte	0x1
 1096 0132 3F       		.uleb128 0x3f
 1097 0133 0C       		.uleb128 0xc
 1098 0134 03       		.uleb128 0x3
 1099 0135 0E       		.uleb128 0xe
 1100 0136 3A       		.uleb128 0x3a
 1101 0137 0B       		.uleb128 0xb
 1102 0138 3B       		.uleb128 0x3b
 1103 0139 0B       		.uleb128 0xb
 1104 013a 27       		.uleb128 0x27
 1105 013b 0C       		.uleb128 0xc
 1106 013c 11       		.uleb128 0x11
 1107 013d 01       		.uleb128 0x1
 1108 013e 12       		.uleb128 0x12
 1109 013f 01       		.uleb128 0x1
 1110 0140 40       		.uleb128 0x40
 1111 0141 0A       		.uleb128 0xa
 1112 0142 9742     		.uleb128 0x2117
 1113 0144 0C       		.uleb128 0xc
 1114 0145 01       		.uleb128 0x1
 1115 0146 13       		.uleb128 0x13
 1116 0147 00       		.byte	0
 1117 0148 00       		.byte	0
 1118 0149 18       		.uleb128 0x18
 1119 014a 05       		.uleb128 0x5
 1120 014b 00       		.byte	0
 1121 014c 03       		.uleb128 0x3
 1122 014d 0E       		.uleb128 0xe
 1123 014e 3A       		.uleb128 0x3a
 1124 014f 0B       		.uleb128 0xb
 1125 0150 3B       		.uleb128 0x3b
 1126 0151 0B       		.uleb128 0xb
 1127 0152 49       		.uleb128 0x49
 1128 0153 13       		.uleb128 0x13
 1129 0154 02       		.uleb128 0x2
 1130 0155 06       		.uleb128 0x6
 1131 0156 00       		.byte	0
 1132 0157 00       		.byte	0
 1133 0158 19       		.uleb128 0x19
 1134 0159 34       		.uleb128 0x34
 1135 015a 00       		.byte	0
 1136 015b 03       		.uleb128 0x3
 1137 015c 0E       		.uleb128 0xe
 1138 015d 3A       		.uleb128 0x3a
 1139 015e 0B       		.uleb128 0xb
ARM GAS  /var/folders/ng/s8655sgx1ys_4lf9jzm2w6n00000gn/T//ccwziM2t.s 			page 21


 1140 015f 3B       		.uleb128 0x3b
 1141 0160 0B       		.uleb128 0xb
 1142 0161 49       		.uleb128 0x49
 1143 0162 13       		.uleb128 0x13
 1144 0163 02       		.uleb128 0x2
 1145 0164 0A       		.uleb128 0xa
 1146 0165 00       		.byte	0
 1147 0166 00       		.byte	0
 1148 0167 1A       		.uleb128 0x1a
 1149 0168 1D       		.uleb128 0x1d
 1150 0169 01       		.byte	0x1
 1151 016a 31       		.uleb128 0x31
 1152 016b 13       		.uleb128 0x13
 1153 016c 52       		.uleb128 0x52
 1154 016d 01       		.uleb128 0x1
 1155 016e 55       		.uleb128 0x55
 1156 016f 06       		.uleb128 0x6
 1157 0170 58       		.uleb128 0x58
 1158 0171 0B       		.uleb128 0xb
 1159 0172 59       		.uleb128 0x59
 1160 0173 0B       		.uleb128 0xb
 1161 0174 00       		.byte	0
 1162 0175 00       		.byte	0
 1163 0176 1B       		.uleb128 0x1b
 1164 0177 0B       		.uleb128 0xb
 1165 0178 01       		.byte	0x1
 1166 0179 55       		.uleb128 0x55
 1167 017a 06       		.uleb128 0x6
 1168 017b 00       		.byte	0
 1169 017c 00       		.byte	0
 1170 017d 1C       		.uleb128 0x1c
 1171 017e 34       		.uleb128 0x34
 1172 017f 00       		.byte	0
 1173 0180 31       		.uleb128 0x31
 1174 0181 13       		.uleb128 0x13
 1175 0182 02       		.uleb128 0x2
 1176 0183 06       		.uleb128 0x6
 1177 0184 00       		.byte	0
 1178 0185 00       		.byte	0
 1179 0186 1D       		.uleb128 0x1d
 1180 0187 34       		.uleb128 0x34
 1181 0188 00       		.byte	0
 1182 0189 03       		.uleb128 0x3
 1183 018a 0E       		.uleb128 0xe
 1184 018b 3A       		.uleb128 0x3a
 1185 018c 0B       		.uleb128 0xb
 1186 018d 3B       		.uleb128 0x3b
 1187 018e 05       		.uleb128 0x5
 1188 018f 49       		.uleb128 0x49
 1189 0190 13       		.uleb128 0x13
 1190 0191 3F       		.uleb128 0x3f
 1191 0192 0C       		.uleb128 0xc
 1192 0193 3C       		.uleb128 0x3c
 1193 0194 0C       		.uleb128 0xc
 1194 0195 00       		.byte	0
 1195 0196 00       		.byte	0
 1196 0197 1E       		.uleb128 0x1e
ARM GAS  /var/folders/ng/s8655sgx1ys_4lf9jzm2w6n00000gn/T//ccwziM2t.s 			page 22


 1197 0198 26       		.uleb128 0x26
 1198 0199 00       		.byte	0
 1199 019a 49       		.uleb128 0x49
 1200 019b 13       		.uleb128 0x13
 1201 019c 00       		.byte	0
 1202 019d 00       		.byte	0
 1203 019e 1F       		.uleb128 0x1f
 1204 019f 2E       		.uleb128 0x2e
 1205 01a0 00       		.byte	0
 1206 01a1 3F       		.uleb128 0x3f
 1207 01a2 0C       		.uleb128 0xc
 1208 01a3 03       		.uleb128 0x3
 1209 01a4 0E       		.uleb128 0xe
 1210 01a5 3A       		.uleb128 0x3a
 1211 01a6 0B       		.uleb128 0xb
 1212 01a7 3B       		.uleb128 0x3b
 1213 01a8 05       		.uleb128 0x5
 1214 01a9 27       		.uleb128 0x27
 1215 01aa 0C       		.uleb128 0xc
 1216 01ab 3C       		.uleb128 0x3c
 1217 01ac 0C       		.uleb128 0xc
 1218 01ad 00       		.byte	0
 1219 01ae 00       		.byte	0
 1220 01af 20       		.uleb128 0x20
 1221 01b0 2E       		.uleb128 0x2e
 1222 01b1 00       		.byte	0
 1223 01b2 3F       		.uleb128 0x3f
 1224 01b3 0C       		.uleb128 0xc
 1225 01b4 03       		.uleb128 0x3
 1226 01b5 0E       		.uleb128 0xe
 1227 01b6 3A       		.uleb128 0x3a
 1228 01b7 0B       		.uleb128 0xb
 1229 01b8 3B       		.uleb128 0x3b
 1230 01b9 0B       		.uleb128 0xb
 1231 01ba 27       		.uleb128 0x27
 1232 01bb 0C       		.uleb128 0xc
 1233 01bc 3C       		.uleb128 0x3c
 1234 01bd 0C       		.uleb128 0xc
 1235 01be 00       		.byte	0
 1236 01bf 00       		.byte	0
 1237 01c0 21       		.uleb128 0x21
 1238 01c1 2E       		.uleb128 0x2e
 1239 01c2 01       		.byte	0x1
 1240 01c3 3F       		.uleb128 0x3f
 1241 01c4 0C       		.uleb128 0xc
 1242 01c5 03       		.uleb128 0x3
 1243 01c6 0E       		.uleb128 0xe
 1244 01c7 3A       		.uleb128 0x3a
 1245 01c8 0B       		.uleb128 0xb
 1246 01c9 3B       		.uleb128 0x3b
 1247 01ca 05       		.uleb128 0x5
 1248 01cb 27       		.uleb128 0x27
 1249 01cc 0C       		.uleb128 0xc
 1250 01cd 3C       		.uleb128 0x3c
 1251 01ce 0C       		.uleb128 0xc
 1252 01cf 01       		.uleb128 0x1
 1253 01d0 13       		.uleb128 0x13
ARM GAS  /var/folders/ng/s8655sgx1ys_4lf9jzm2w6n00000gn/T//ccwziM2t.s 			page 23


 1254 01d1 00       		.byte	0
 1255 01d2 00       		.byte	0
 1256 01d3 22       		.uleb128 0x22
 1257 01d4 05       		.uleb128 0x5
 1258 01d5 00       		.byte	0
 1259 01d6 49       		.uleb128 0x49
 1260 01d7 13       		.uleb128 0x13
 1261 01d8 00       		.byte	0
 1262 01d9 00       		.byte	0
 1263 01da 23       		.uleb128 0x23
 1264 01db 0F       		.uleb128 0xf
 1265 01dc 00       		.byte	0
 1266 01dd 0B       		.uleb128 0xb
 1267 01de 0B       		.uleb128 0xb
 1268 01df 49       		.uleb128 0x49
 1269 01e0 13       		.uleb128 0x13
 1270 01e1 00       		.byte	0
 1271 01e2 00       		.byte	0
 1272 01e3 00       		.byte	0
 1273              		.section	.debug_loc,"",%progbits
 1274              	.Ldebug_loc0:
 1275              	.LLST0:
 1276 0000 00000000 		.4byte	.LFB118
 1277 0004 02000000 		.4byte	.LCFI0
 1278 0008 0200     		.2byte	0x2
 1279 000a 7D       		.byte	0x7d
 1280 000b 00       		.sleb128 0
 1281 000c 02000000 		.4byte	.LCFI0
 1282 0010 3E000000 		.4byte	.LFE118
 1283 0014 0200     		.2byte	0x2
 1284 0016 7D       		.byte	0x7d
 1285 0017 08       		.sleb128 8
 1286 0018 00000000 		.4byte	0
 1287 001c 00000000 		.4byte	0
 1288              	.LLST1:
 1289 0020 00000000 		.4byte	.LVL12
 1290 0024 18000000 		.4byte	.LVL14
 1291 0028 0100     		.2byte	0x1
 1292 002a 50       		.byte	0x50
 1293 002b 18000000 		.4byte	.LVL14
 1294 002f 1C000000 		.4byte	.LVL15
 1295 0033 0400     		.2byte	0x4
 1296 0035 F3       		.byte	0xf3
 1297 0036 01       		.uleb128 0x1
 1298 0037 50       		.byte	0x50
 1299 0038 9F       		.byte	0x9f
 1300 0039 1C000000 		.4byte	.LVL15
 1301 003d 22000000 		.4byte	.LVL16
 1302 0041 0100     		.2byte	0x1
 1303 0043 50       		.byte	0x50
 1304 0044 22000000 		.4byte	.LVL16
 1305 0048 24000000 		.4byte	.LVL17
 1306 004c 0400     		.2byte	0x4
 1307 004e F3       		.byte	0xf3
 1308 004f 01       		.uleb128 0x1
 1309 0050 50       		.byte	0x50
 1310 0051 9F       		.byte	0x9f
ARM GAS  /var/folders/ng/s8655sgx1ys_4lf9jzm2w6n00000gn/T//ccwziM2t.s 			page 24


 1311 0052 24000000 		.4byte	.LVL17
 1312 0056 26000000 		.4byte	.LVL18
 1313 005a 0100     		.2byte	0x1
 1314 005c 50       		.byte	0x50
 1315 005d 26000000 		.4byte	.LVL18
 1316 0061 28000000 		.4byte	.LFE119
 1317 0065 0400     		.2byte	0x4
 1318 0067 F3       		.byte	0xf3
 1319 0068 01       		.uleb128 0x1
 1320 0069 50       		.byte	0x50
 1321 006a 9F       		.byte	0x9f
 1322 006b 00000000 		.4byte	0
 1323 006f 00000000 		.4byte	0
 1324              	.LLST2:
 1325 0073 00000000 		.4byte	.LVL19
 1326 0077 0E000000 		.4byte	.LVL21
 1327 007b 0100     		.2byte	0x1
 1328 007d 50       		.byte	0x50
 1329 007e 0E000000 		.4byte	.LVL21
 1330 0082 2C000000 		.4byte	.LFE120
 1331 0086 0400     		.2byte	0x4
 1332 0088 F3       		.byte	0xf3
 1333 0089 01       		.uleb128 0x1
 1334 008a 50       		.byte	0x50
 1335 008b 9F       		.byte	0x9f
 1336 008c 00000000 		.4byte	0
 1337 0090 00000000 		.4byte	0
 1338              	.LLST3:
 1339 0094 12000000 		.4byte	.LVL22
 1340 0098 24000000 		.4byte	.LVL23
 1341 009c 0100     		.2byte	0x1
 1342 009e 53       		.byte	0x53
 1343 009f 00000000 		.4byte	0
 1344 00a3 00000000 		.4byte	0
 1345              		.section	.debug_aranges,"",%progbits
 1346 0000 2C000000 		.4byte	0x2c
 1347 0004 0200     		.2byte	0x2
 1348 0006 00000000 		.4byte	.Ldebug_info0
 1349 000a 04       		.byte	0x4
 1350 000b 00       		.byte	0
 1351 000c 0000     		.2byte	0
 1352 000e 0000     		.2byte	0
 1353 0010 00000000 		.4byte	.LFB118
 1354 0014 3E000000 		.4byte	.LFE118-.LFB118
 1355 0018 00000000 		.4byte	.LFB119
 1356 001c 28000000 		.4byte	.LFE119-.LFB119
 1357 0020 00000000 		.4byte	.LFB120
 1358 0024 2C000000 		.4byte	.LFE120-.LFB120
 1359 0028 00000000 		.4byte	0
 1360 002c 00000000 		.4byte	0
 1361              		.section	.debug_ranges,"",%progbits
 1362              	.Ldebug_ranges0:
 1363 0000 08000000 		.4byte	.LBB4
 1364 0004 0A000000 		.4byte	.LBE4
 1365 0008 0E000000 		.4byte	.LBB7
 1366 000c 26000000 		.4byte	.LBE7
 1367 0010 00000000 		.4byte	0
ARM GAS  /var/folders/ng/s8655sgx1ys_4lf9jzm2w6n00000gn/T//ccwziM2t.s 			page 25


 1368 0014 00000000 		.4byte	0
 1369 0018 08000000 		.4byte	.LBB5
 1370 001c 0A000000 		.4byte	.LBE5
 1371 0020 0E000000 		.4byte	.LBB6
 1372 0024 26000000 		.4byte	.LBE6
 1373 0028 00000000 		.4byte	0
 1374 002c 00000000 		.4byte	0
 1375 0030 00000000 		.4byte	.LFB118
 1376 0034 3E000000 		.4byte	.LFE118
 1377 0038 00000000 		.4byte	.LFB119
 1378 003c 28000000 		.4byte	.LFE119
 1379 0040 00000000 		.4byte	.LFB120
 1380 0044 2C000000 		.4byte	.LFE120
 1381 0048 00000000 		.4byte	0
 1382 004c 00000000 		.4byte	0
 1383              		.section	.debug_line,"",%progbits
 1384              	.Ldebug_line0:
 1385 0000 12030000 		.section	.debug_str,"MS",%progbits,1
 1385      02009602 
 1385      00000201 
 1385      FB0E0D00 
 1385      01010101 
 1386              	.LASF64:
 1387 0000 7469636B 		.ascii	"ticks\000"
 1387      7300
 1388              	.LASF52:
 1389 0006 69326349 		.ascii	"i2cInit\000"
 1389      6E697400 
 1390              	.LASF65:
 1391 000e 5F70616C 		.ascii	"_pal_lld_init\000"
 1391      5F6C6C64 
 1391      5F696E69 
 1391      7400
 1392              	.LASF48:
 1393 001c 70616C5F 		.ascii	"pal_default_config\000"
 1393      64656661 
 1393      756C745F 
 1393      636F6E66 
 1393      696700
 1394              	.LASF3:
 1395 002f 73686F72 		.ascii	"short int\000"
 1395      7420696E 
 1395      7400
 1396              	.LASF14:
 1397 0039 73697A65 		.ascii	"sizetype\000"
 1397      74797065 
 1397      00
 1398              	.LASF22:
 1399 0042 50435352 		.ascii	"PCSR\000"
 1399      00
 1400              	.LASF38:
 1401 0047 50464461 		.ascii	"PFData\000"
 1401      746100
 1402              	.LASF41:
 1403 004e 50494461 		.ascii	"PIData\000"
 1403      746100
 1404              	.LASF21:
ARM GAS  /var/folders/ng/s8655sgx1ys_4lf9jzm2w6n00000gn/T//ccwziM2t.s 			page 26


 1405 0055 464F4C44 		.ascii	"FOLDCNT\000"
 1405      434E5400 
 1406              	.LASF56:
 1407 005d 75736249 		.ascii	"usbInit\000"
 1407      6E697400 
 1408              	.LASF55:
 1409 0065 73706949 		.ascii	"spiInit\000"
 1409      6E697400 
 1410              	.LASF61:
 1411 006d 2E2E2F41 		.ascii	"../AithonLibrary/ChibiOS/os/hal/src/hal.c\000"
 1411      6974686F 
 1411      6E4C6962 
 1411      72617279 
 1411      2F436869 
 1412              	.LASF54:
 1413 0097 7364496E 		.ascii	"sdInit\000"
 1413      697400
 1414              	.LASF62:
 1415 009e 2F557365 		.ascii	"/Users/jseng/aithon/DemoMode\000"
 1415      72732F6A 
 1415      73656E67 
 1415      2F616974 
 1415      686F6E2F 
 1416              	.LASF13:
 1417 00bb 494F5245 		.ascii	"IOREG32\000"
 1417      47333200 
 1418              	.LASF33:
 1419 00c3 50414461 		.ascii	"PAData\000"
 1419      746100
 1420              	.LASF9:
 1421 00ca 6C6F6E67 		.ascii	"long long int\000"
 1421      206C6F6E 
 1421      6720696E 
 1421      7400
 1422              	.LASF44:
 1423 00d8 68616C49 		.ascii	"halInit\000"
 1423      6E697400 
 1424              	.LASF16:
 1425 00e0 43594343 		.ascii	"CYCCNT\000"
 1425      4E5400
 1426              	.LASF28:
 1427 00e7 6F737065 		.ascii	"ospeedr\000"
 1427      65647200 
 1428              	.LASF5:
 1429 00ef 6C6F6E67 		.ascii	"long int\000"
 1429      20696E74 
 1429      00
 1430              	.LASF53:
 1431 00f8 70776D49 		.ascii	"pwmInit\000"
 1431      6E697400 
 1432              	.LASF36:
 1433 0100 50444461 		.ascii	"PDData\000"
 1433      746100
 1434              	.LASF45:
 1435 0107 68616C50 		.ascii	"halPolledDelay\000"
 1435      6F6C6C65 
 1435      6444656C 
ARM GAS  /var/folders/ng/s8655sgx1ys_4lf9jzm2w6n00000gn/T//ccwziM2t.s 			page 27


 1435      617900
 1436              	.LASF59:
 1437 0116 626F6172 		.ascii	"boardInit\000"
 1437      64496E69 
 1437      7400
 1438              	.LASF39:
 1439 0120 50474461 		.ascii	"PGData\000"
 1439      746100
 1440              	.LASF35:
 1441 0127 50434461 		.ascii	"PCData\000"
 1441      746100
 1442              	.LASF2:
 1443 012e 756E7369 		.ascii	"unsigned char\000"
 1443      676E6564 
 1443      20636861 
 1443      7200
 1444              	.LASF15:
 1445 013c 4354524C 		.ascii	"CTRL\000"
 1445      00
 1446              	.LASF1:
 1447 0141 7369676E 		.ascii	"signed char\000"
 1447      65642063 
 1447      68617200 
 1448              	.LASF10:
 1449 014d 6C6F6E67 		.ascii	"long long unsigned int\000"
 1449      206C6F6E 
 1449      6720756E 
 1449      7369676E 
 1449      65642069 
 1450              	.LASF7:
 1451 0164 75696E74 		.ascii	"uint32_t\000"
 1451      33325F74 
 1451      00
 1452              	.LASF27:
 1453 016d 6F747970 		.ascii	"otyper\000"
 1453      657200
 1454              	.LASF60:
 1455 0174 474E5520 		.ascii	"GNU C 4.7.4 20130913 (release) [ARM/embedded-4_7-br"
 1455      4320342E 
 1455      372E3420 
 1455      32303133 
 1455      30393133 
 1456 01a7 616E6368 		.ascii	"anch revision 202601]\000"
 1456      20726576 
 1456      6973696F 
 1456      6E203230 
 1456      32363031 
 1457              	.LASF32:
 1458 01bd 73746D33 		.ascii	"stm32_gpio_setup_t\000"
 1458      325F6770 
 1458      696F5F73 
 1458      65747570 
 1458      5F7400
 1459              	.LASF49:
 1460 01d0 68616C5F 		.ascii	"hal_lld_init\000"
 1460      6C6C645F 
 1460      696E6974 
ARM GAS  /var/folders/ng/s8655sgx1ys_4lf9jzm2w6n00000gn/T//ccwziM2t.s 			page 28


 1460      00
 1461              	.LASF43:
 1462 01dd 73746172 		.ascii	"start\000"
 1462      7400
 1463              	.LASF4:
 1464 01e3 73686F72 		.ascii	"short unsigned int\000"
 1464      7420756E 
 1464      7369676E 
 1464      65642069 
 1464      6E7400
 1465              	.LASF24:
 1466 01f6 63686172 		.ascii	"char\000"
 1466      00
 1467              	.LASF6:
 1468 01fb 696E7433 		.ascii	"int32_t\000"
 1468      325F7400 
 1469              	.LASF11:
 1470 0203 626F6F6C 		.ascii	"bool_t\000"
 1470      5F7400
 1471              	.LASF42:
 1472 020a 50414C43 		.ascii	"PALConfig\000"
 1472      6F6E6669 
 1472      6700
 1473              	.LASF34:
 1474 0214 50424461 		.ascii	"PBData\000"
 1474      746100
 1475              	.LASF12:
 1476 021b 5F426F6F 		.ascii	"_Bool\000"
 1476      6C00
 1477              	.LASF23:
 1478 0221 434D785F 		.ascii	"CMx_DWT\000"
 1478      44575400 
 1479              	.LASF37:
 1480 0229 50454461 		.ascii	"PEData\000"
 1480      746100
 1481              	.LASF17:
 1482 0230 43504943 		.ascii	"CPICNT\000"
 1482      4E5400
 1483              	.LASF8:
 1484 0237 6C6F6E67 		.ascii	"long unsigned int\000"
 1484      20756E73 
 1484      69676E65 
 1484      6420696E 
 1484      7400
 1485              	.LASF40:
 1486 0249 50484461 		.ascii	"PHData\000"
 1486      746100
 1487              	.LASF25:
 1488 0250 68616C72 		.ascii	"halrtcnt_t\000"
 1488      74636E74 
 1488      5F7400
 1489              	.LASF19:
 1490 025b 534C4545 		.ascii	"SLEEPCNT\000"
 1490      50434E54 
 1490      00
 1491              	.LASF57:
 1492 0264 6D6D6349 		.ascii	"mmcInit\000"
ARM GAS  /var/folders/ng/s8655sgx1ys_4lf9jzm2w6n00000gn/T//ccwziM2t.s 			page 29


 1492      6E697400 
 1493              	.LASF29:
 1494 026c 70757064 		.ascii	"pupdr\000"
 1494      7200
 1495              	.LASF20:
 1496 0272 4C535543 		.ascii	"LSUCNT\000"
 1496      4E5400
 1497              	.LASF31:
 1498 0279 61667268 		.ascii	"afrh\000"
 1498      00
 1499              	.LASF51:
 1500 027e 61646349 		.ascii	"adcInit\000"
 1500      6E697400 
 1501              	.LASF30:
 1502 0286 6166726C 		.ascii	"afrl\000"
 1502      00
 1503              	.LASF26:
 1504 028b 6D6F6465 		.ascii	"moder\000"
 1504      7200
 1505              	.LASF47:
 1506 0291 49544D5F 		.ascii	"ITM_RxBuffer\000"
 1506      52784275 
 1506      66666572 
 1506      00
 1507              	.LASF50:
 1508 029e 746D496E 		.ascii	"tmInit\000"
 1508      697400
 1509              	.LASF0:
 1510 02a5 756E7369 		.ascii	"unsigned int\000"
 1510      676E6564 
 1510      20696E74 
 1510      00
 1511              	.LASF58:
 1512 02b2 73647549 		.ascii	"sduInit\000"
 1512      6E697400 
 1513              	.LASF63:
 1514 02ba 68616C49 		.ascii	"halIsCounterWithin\000"
 1514      73436F75 
 1514      6E746572 
 1514      57697468 
 1514      696E00
 1515              	.LASF18:
 1516 02cd 45584343 		.ascii	"EXCCNT\000"
 1516      4E5400
 1517              	.LASF46:
 1518 02d4 74696D65 		.ascii	"timeout\000"
 1518      6F757400 
 1519              		.ident	"GCC: (GNU Tools for ARM Embedded Processors) 4.7.4 20130913 (release) [ARM/embedded-4_7-br
ARM GAS  /var/folders/ng/s8655sgx1ys_4lf9jzm2w6n00000gn/T//ccwziM2t.s 			page 30


DEFINED SYMBOLS
                            *ABS*:0000000000000000 hal.c
/var/folders/ng/s8655sgx1ys_4lf9jzm2w6n00000gn/T//ccwziM2t.s:20     .text.halInit:0000000000000000 $t
/var/folders/ng/s8655sgx1ys_4lf9jzm2w6n00000gn/T//ccwziM2t.s:26     .text.halInit:0000000000000000 halInit
/var/folders/ng/s8655sgx1ys_4lf9jzm2w6n00000gn/T//ccwziM2t.s:82     .text.halIsCounterWithin:0000000000000000 $t
/var/folders/ng/s8655sgx1ys_4lf9jzm2w6n00000gn/T//ccwziM2t.s:88     .text.halIsCounterWithin:0000000000000000 halIsCounterWithin
/var/folders/ng/s8655sgx1ys_4lf9jzm2w6n00000gn/T//ccwziM2t.s:136    .text.halPolledDelay:0000000000000000 $t
/var/folders/ng/s8655sgx1ys_4lf9jzm2w6n00000gn/T//ccwziM2t.s:142    .text.halPolledDelay:0000000000000000 halPolledDelay
                     .debug_frame:0000000000000010 $d

UNDEFINED SYMBOLS
hal_lld_init
tmInit
pal_default_config
_pal_lld_init
adcInit
i2cInit
pwmInit
sdInit
spiInit
usbInit
mmcInit
sduInit
boardInit
