ARM GAS  /var/folders/ng/s8655sgx1ys_4lf9jzm2w6n00000gn/T//cc0QMJ4I.s 			page 1


   1              		.syntax unified
   2              		.cpu cortex-m4
   3              		.eabi_attribute 27, 3
   4              		.fpu fpv4-sp-d16
   5              		.eabi_attribute 20, 1
   6              		.eabi_attribute 21, 1
   7              		.eabi_attribute 23, 3
   8              		.eabi_attribute 24, 1
   9              		.eabi_attribute 25, 1
  10              		.eabi_attribute 26, 1
  11              		.eabi_attribute 30, 2
  12              		.eabi_attribute 34, 1
  13              		.eabi_attribute 18, 4
  14              		.thumb
  15              		.file	"mac_lld.c"
  16              		.text
  17              	.Ltext0:
  18              		.cfi_sections	.debug_frame
  19              	.Letext0:
  20              		.file 1 "/Users/jseng/gccarm/bin/../lib/gcc/arm-none-eabi/4.7.4/../../../../arm-none-eabi/include/
  21              		.file 2 "../AithonLibrary/ChibiOS/os/ports/common/ARMCMx/CMSIS/include/core_cm4.h"
  22              		.section	.debug_info,"",%progbits
  23              	.Ldebug_info0:
  24 0000 93000000 		.4byte	0x93
  25 0004 0200     		.2byte	0x2
  26 0006 00000000 		.4byte	.Ldebug_abbrev0
  27 000a 04       		.byte	0x4
  28 000b 01       		.uleb128 0x1
  29 000c F3000000 		.4byte	.LASF12
  30 0010 01       		.byte	0x1
  31 0011 2E000000 		.4byte	.LASF13
  32 0015 D6000000 		.4byte	.LASF14
  33 0019 00000000 		.4byte	.Ldebug_line0
  34 001d 02       		.uleb128 0x2
  35 001e 01       		.byte	0x1
  36 001f 06       		.byte	0x6
  37 0020 CA000000 		.4byte	.LASF0
  38 0024 02       		.uleb128 0x2
  39 0025 01       		.byte	0x1
  40 0026 08       		.byte	0x8
  41 0027 91000000 		.4byte	.LASF1
  42 002b 02       		.uleb128 0x2
  43 002c 02       		.byte	0x2
  44 002d 05       		.byte	0x5
  45 002e AD000000 		.4byte	.LASF2
  46 0032 02       		.uleb128 0x2
  47 0033 02       		.byte	0x2
  48 0034 07       		.byte	0x7
  49 0035 0E000000 		.4byte	.LASF3
  50 0039 03       		.uleb128 0x3
  51 003a 04       		.byte	0x4
  52 003b 05       		.byte	0x5
  53 003c 696E7400 		.ascii	"int\000"
  54 0040 02       		.uleb128 0x2
  55 0041 04       		.byte	0x4
  56 0042 07       		.byte	0x7
  57 0043 21000000 		.4byte	.LASF4
ARM GAS  /var/folders/ng/s8655sgx1ys_4lf9jzm2w6n00000gn/T//cc0QMJ4I.s 			page 2


  58 0047 02       		.uleb128 0x2
  59 0048 08       		.byte	0x8
  60 0049 05       		.byte	0x5
  61 004a 00000000 		.4byte	.LASF5
  62 004e 02       		.uleb128 0x2
  63 004f 08       		.byte	0x8
  64 0050 07       		.byte	0x7
  65 0051 7A000000 		.4byte	.LASF6
  66 0055 02       		.uleb128 0x2
  67 0056 04       		.byte	0x4
  68 0057 05       		.byte	0x5
  69 0058 A4000000 		.4byte	.LASF7
  70 005c 02       		.uleb128 0x2
  71 005d 04       		.byte	0x4
  72 005e 07       		.byte	0x7
  73 005f 44010000 		.4byte	.LASF8
  74 0063 02       		.uleb128 0x2
  75 0064 04       		.byte	0x4
  76 0065 07       		.byte	0x7
  77 0066 68000000 		.4byte	.LASF9
  78 006a 02       		.uleb128 0x2
  79 006b 01       		.byte	0x1
  80 006c 08       		.byte	0x8
  81 006d 9F000000 		.4byte	.LASF10
  82 0071 04       		.uleb128 0x4
  83 0072 3C010000 		.4byte	.LASF15
  84 0076 01       		.byte	0x1
  85 0077 4F       		.byte	0x4f
  86 0078 55000000 		.4byte	0x55
  87 007c 02       		.uleb128 0x2
  88 007d 01       		.byte	0x1
  89 007e 02       		.byte	0x2
  90 007f B7000000 		.4byte	.LASF11
  91 0083 05       		.uleb128 0x5
  92 0084 71000000 		.4byte	0x71
  93 0088 06       		.uleb128 0x6
  94 0089 BD000000 		.4byte	.LASF16
  95 008d 02       		.byte	0x2
  96 008e 9806     		.2byte	0x698
  97 0090 83000000 		.4byte	0x83
  98 0094 01       		.byte	0x1
  99 0095 01       		.byte	0x1
 100 0096 00       		.byte	0
 101              		.section	.debug_abbrev,"",%progbits
 102              	.Ldebug_abbrev0:
 103 0000 01       		.uleb128 0x1
 104 0001 11       		.uleb128 0x11
 105 0002 01       		.byte	0x1
 106 0003 25       		.uleb128 0x25
 107 0004 0E       		.uleb128 0xe
 108 0005 13       		.uleb128 0x13
 109 0006 0B       		.uleb128 0xb
 110 0007 03       		.uleb128 0x3
 111 0008 0E       		.uleb128 0xe
 112 0009 1B       		.uleb128 0x1b
 113 000a 0E       		.uleb128 0xe
 114 000b 10       		.uleb128 0x10
ARM GAS  /var/folders/ng/s8655sgx1ys_4lf9jzm2w6n00000gn/T//cc0QMJ4I.s 			page 3


 115 000c 06       		.uleb128 0x6
 116 000d 00       		.byte	0
 117 000e 00       		.byte	0
 118 000f 02       		.uleb128 0x2
 119 0010 24       		.uleb128 0x24
 120 0011 00       		.byte	0
 121 0012 0B       		.uleb128 0xb
 122 0013 0B       		.uleb128 0xb
 123 0014 3E       		.uleb128 0x3e
 124 0015 0B       		.uleb128 0xb
 125 0016 03       		.uleb128 0x3
 126 0017 0E       		.uleb128 0xe
 127 0018 00       		.byte	0
 128 0019 00       		.byte	0
 129 001a 03       		.uleb128 0x3
 130 001b 24       		.uleb128 0x24
 131 001c 00       		.byte	0
 132 001d 0B       		.uleb128 0xb
 133 001e 0B       		.uleb128 0xb
 134 001f 3E       		.uleb128 0x3e
 135 0020 0B       		.uleb128 0xb
 136 0021 03       		.uleb128 0x3
 137 0022 08       		.uleb128 0x8
 138 0023 00       		.byte	0
 139 0024 00       		.byte	0
 140 0025 04       		.uleb128 0x4
 141 0026 16       		.uleb128 0x16
 142 0027 00       		.byte	0
 143 0028 03       		.uleb128 0x3
 144 0029 0E       		.uleb128 0xe
 145 002a 3A       		.uleb128 0x3a
 146 002b 0B       		.uleb128 0xb
 147 002c 3B       		.uleb128 0x3b
 148 002d 0B       		.uleb128 0xb
 149 002e 49       		.uleb128 0x49
 150 002f 13       		.uleb128 0x13
 151 0030 00       		.byte	0
 152 0031 00       		.byte	0
 153 0032 05       		.uleb128 0x5
 154 0033 35       		.uleb128 0x35
 155 0034 00       		.byte	0
 156 0035 49       		.uleb128 0x49
 157 0036 13       		.uleb128 0x13
 158 0037 00       		.byte	0
 159 0038 00       		.byte	0
 160 0039 06       		.uleb128 0x6
 161 003a 34       		.uleb128 0x34
 162 003b 00       		.byte	0
 163 003c 03       		.uleb128 0x3
 164 003d 0E       		.uleb128 0xe
 165 003e 3A       		.uleb128 0x3a
 166 003f 0B       		.uleb128 0xb
 167 0040 3B       		.uleb128 0x3b
 168 0041 05       		.uleb128 0x5
 169 0042 49       		.uleb128 0x49
 170 0043 13       		.uleb128 0x13
 171 0044 3F       		.uleb128 0x3f
ARM GAS  /var/folders/ng/s8655sgx1ys_4lf9jzm2w6n00000gn/T//cc0QMJ4I.s 			page 4


 172 0045 0C       		.uleb128 0xc
 173 0046 3C       		.uleb128 0x3c
 174 0047 0C       		.uleb128 0xc
 175 0048 00       		.byte	0
 176 0049 00       		.byte	0
 177 004a 00       		.byte	0
 178              		.section	.debug_aranges,"",%progbits
 179 0000 14000000 		.4byte	0x14
 180 0004 0200     		.2byte	0x2
 181 0006 00000000 		.4byte	.Ldebug_info0
 182 000a 04       		.byte	0x4
 183 000b 00       		.byte	0
 184 000c 0000     		.2byte	0
 185 000e 0000     		.2byte	0
 186 0010 00000000 		.4byte	0
 187 0014 00000000 		.4byte	0
 188              		.section	.debug_line,"",%progbits
 189              	.Ldebug_line0:
 190 0000 CA000000 		.section	.debug_str,"MS",%progbits,1
 190      0200C400 
 190      00000201 
 190      FB0E0D00 
 190      01010101 
 191              	.LASF5:
 192 0000 6C6F6E67 		.ascii	"long long int\000"
 192      206C6F6E 
 192      6720696E 
 192      7400
 193              	.LASF3:
 194 000e 73686F72 		.ascii	"short unsigned int\000"
 194      7420756E 
 194      7369676E 
 194      65642069 
 194      6E7400
 195              	.LASF4:
 196 0021 756E7369 		.ascii	"unsigned int\000"
 196      676E6564 
 196      20696E74 
 196      00
 197              	.LASF13:
 198 002e 2E2E2F41 		.ascii	"../AithonLibrary/ChibiOS/os/hal/platforms/STM32/mac"
 198      6974686F 
 198      6E4C6962 
 198      72617279 
 198      2F436869 
 199 0061 5F6C6C64 		.ascii	"_lld.c\000"
 199      2E6300
 200              	.LASF9:
 201 0068 6C6F6E67 		.ascii	"long unsigned int\000"
 201      20756E73 
 201      69676E65 
 201      6420696E 
 201      7400
 202              	.LASF6:
 203 007a 6C6F6E67 		.ascii	"long long unsigned int\000"
 203      206C6F6E 
 203      6720756E 
ARM GAS  /var/folders/ng/s8655sgx1ys_4lf9jzm2w6n00000gn/T//cc0QMJ4I.s 			page 5


 203      7369676E 
 203      65642069 
 204              	.LASF1:
 205 0091 756E7369 		.ascii	"unsigned char\000"
 205      676E6564 
 205      20636861 
 205      7200
 206              	.LASF10:
 207 009f 63686172 		.ascii	"char\000"
 207      00
 208              	.LASF7:
 209 00a4 6C6F6E67 		.ascii	"long int\000"
 209      20696E74 
 209      00
 210              	.LASF2:
 211 00ad 73686F72 		.ascii	"short int\000"
 211      7420696E 
 211      7400
 212              	.LASF11:
 213 00b7 5F426F6F 		.ascii	"_Bool\000"
 213      6C00
 214              	.LASF16:
 215 00bd 49544D5F 		.ascii	"ITM_RxBuffer\000"
 215      52784275 
 215      66666572 
 215      00
 216              	.LASF0:
 217 00ca 7369676E 		.ascii	"signed char\000"
 217      65642063 
 217      68617200 
 218              	.LASF14:
 219 00d6 2F557365 		.ascii	"/Users/jseng/aithon/DemoMode\000"
 219      72732F6A 
 219      73656E67 
 219      2F616974 
 219      686F6E2F 
 220              	.LASF12:
 221 00f3 474E5520 		.ascii	"GNU C 4.7.4 20130913 (release) [ARM/embedded-4_7-br"
 221      4320342E 
 221      372E3420 
 221      32303133 
 221      30393133 
 222 0126 616E6368 		.ascii	"anch revision 202601]\000"
 222      20726576 
 222      6973696F 
 222      6E203230 
 222      32363031 
 223              	.LASF15:
 224 013c 696E7433 		.ascii	"int32_t\000"
 224      325F7400 
 225              	.LASF8:
 226 0144 73697A65 		.ascii	"sizetype\000"
 226      74797065 
 226      00
 227              		.ident	"GCC: (GNU Tools for ARM Embedded Processors) 4.7.4 20130913 (release) [ARM/embedded-4_7-br
ARM GAS  /var/folders/ng/s8655sgx1ys_4lf9jzm2w6n00000gn/T//cc0QMJ4I.s 			page 6


DEFINED SYMBOLS
                            *ABS*:0000000000000000 mac_lld.c

NO UNDEFINED SYMBOLS
