ARM GAS  /var/folders/ng/s8655sgx1ys_4lf9jzm2w6n00000gn/T//ccW57U5d.s 			page 1


   1              		.syntax unified
   2              		.cpu cortex-m4
   3              		.eabi_attribute 27, 3
   4              		.fpu fpv4-sp-d16
   5              		.eabi_attribute 20, 1
   6              		.eabi_attribute 21, 1
   7              		.eabi_attribute 23, 3
   8              		.eabi_attribute 24, 1
   9              		.eabi_attribute 25, 1
  10              		.eabi_attribute 26, 1
  11              		.eabi_attribute 30, 2
  12              		.eabi_attribute 34, 1
  13              		.eabi_attribute 18, 4
  14              		.thumb
  15              		.file	"pal_lld.c"
  16              		.text
  17              	.Ltext0:
  18              		.cfi_sections	.debug_frame
  19              		.section	.text._pal_lld_init,"ax",%progbits
  20              		.align	2
  21              		.p2align 4,,15
  22              		.global	_pal_lld_init
  23              		.thumb
  24              		.thumb_func
  25              		.type	_pal_lld_init, %function
  26              	_pal_lld_init:
  27              	.LFB119:
  28              		.file 1 "../AithonLibrary/ChibiOS/os/hal/platforms/STM32/GPIOv2/pal_lld.c"
  29              		.loc 1 113 0
  30              		.cfi_startproc
  31              		@ args = 0, pretend = 0, frame = 0
  32              		@ frame_needed = 0, uses_anonymous_args = 0
  33              		@ link register save eliminated.
  34              	.LVL0:
  35              		.loc 1 126 0
  36 0000 4FF46053 		mov	r3, #14336
  37 0004 C4F20203 		movt	r3, 16386
  38 0008 1A6B     		ldr	r2, [r3, #48]
  39 000a 6FEA5221 		mvn	r1, r2, lsr #9
  40 000e 6FEA4122 		mvn	r2, r1, lsl #9
  41 0012 1A63     		str	r2, [r3, #48]
  42              		.loc 1 127 0
  43 0014 196D     		ldr	r1, [r3, #80]
  44 0016 6FEA5122 		mvn	r2, r1, lsr #9
  45 001a 6FEA4221 		mvn	r1, r2, lsl #9
  46 001e 1965     		str	r1, [r3, #80]
  47              	.LVL1:
  48              	.LBB20:
  49              	.LBB21:
  50              		.loc 1 88 0
  51 0020 0023     		movs	r3, #0
  52 0022 4168     		ldr	r1, [r0, #4]
  53 0024 C4F20203 		movt	r3, 16386
  54              	.LBE21:
  55              	.LBE20:
  56              	.LBB23:
  57              	.LBB24:
ARM GAS  /var/folders/ng/s8655sgx1ys_4lf9jzm2w6n00000gn/T//ccW57U5d.s 			page 2


  58 0028 4FF48062 		mov	r2, #1024
  59              	.LBE24:
  60              	.LBE23:
  61              	.LBB27:
  62              	.LBB22:
  63 002c 5960     		str	r1, [r3, #4]
  64              		.loc 1 89 0
  65 002e 8168     		ldr	r1, [r0, #8]
  66 0030 9960     		str	r1, [r3, #8]
  67              		.loc 1 90 0
  68 0032 C168     		ldr	r1, [r0, #12]
  69 0034 D960     		str	r1, [r3, #12]
  70              		.loc 1 91 0
  71 0036 0169     		ldr	r1, [r0, #16]
  72 0038 5961     		str	r1, [r3, #20]
  73              		.loc 1 92 0
  74 003a 4169     		ldr	r1, [r0, #20]
  75 003c 1962     		str	r1, [r3, #32]
  76              		.loc 1 93 0
  77 003e 8169     		ldr	r1, [r0, #24]
  78 0040 5962     		str	r1, [r3, #36]
  79              		.loc 1 94 0
  80 0042 0168     		ldr	r1, [r0, #0]
  81 0044 1960     		str	r1, [r3, #0]
  82              	.LVL2:
  83              	.LBE22:
  84              	.LBE27:
  85              	.LBB28:
  86              	.LBB25:
  87              		.loc 1 88 0
  88 0046 016A     		ldr	r1, [r0, #32]
  89 0048 C4F20202 		movt	r2, 16386
  90              	.LBE25:
  91              	.LBE28:
  92              	.LBB29:
  93              	.LBB30:
  94 004c 4FF40063 		mov	r3, #2048
  95              	.LBE30:
  96              	.LBE29:
  97              	.LBB33:
  98              	.LBB26:
  99 0050 5160     		str	r1, [r2, #4]
 100              		.loc 1 89 0
 101 0052 416A     		ldr	r1, [r0, #36]
 102 0054 9160     		str	r1, [r2, #8]
 103              		.loc 1 90 0
 104 0056 816A     		ldr	r1, [r0, #40]
 105 0058 D160     		str	r1, [r2, #12]
 106              		.loc 1 91 0
 107 005a C16A     		ldr	r1, [r0, #44]
 108 005c 5161     		str	r1, [r2, #20]
 109              		.loc 1 92 0
 110 005e 016B     		ldr	r1, [r0, #48]
 111 0060 1162     		str	r1, [r2, #32]
 112              		.loc 1 93 0
 113 0062 416B     		ldr	r1, [r0, #52]
 114 0064 5162     		str	r1, [r2, #36]
ARM GAS  /var/folders/ng/s8655sgx1ys_4lf9jzm2w6n00000gn/T//ccW57U5d.s 			page 3


 115              		.loc 1 94 0
 116 0066 C169     		ldr	r1, [r0, #28]
 117 0068 1160     		str	r1, [r2, #0]
 118              	.LVL3:
 119              	.LBE26:
 120              	.LBE33:
 121              	.LBB34:
 122              	.LBB31:
 123              		.loc 1 88 0
 124 006a C4F20203 		movt	r3, 16386
 125 006e C26B     		ldr	r2, [r0, #60]
 126 0070 5A60     		str	r2, [r3, #4]
 127              		.loc 1 89 0
 128 0072 016C     		ldr	r1, [r0, #64]
 129 0074 9960     		str	r1, [r3, #8]
 130              		.loc 1 90 0
 131 0076 426C     		ldr	r2, [r0, #68]
 132 0078 DA60     		str	r2, [r3, #12]
 133              		.loc 1 91 0
 134 007a 816C     		ldr	r1, [r0, #72]
 135 007c 5961     		str	r1, [r3, #20]
 136              		.loc 1 92 0
 137 007e C26C     		ldr	r2, [r0, #76]
 138 0080 1A62     		str	r2, [r3, #32]
 139              		.loc 1 93 0
 140 0082 016D     		ldr	r1, [r0, #80]
 141 0084 5962     		str	r1, [r3, #36]
 142              		.loc 1 94 0
 143 0086 816B     		ldr	r1, [r0, #56]
 144              	.LBE31:
 145              	.LBE34:
 146              	.LBB35:
 147              	.LBB36:
 148              		.loc 1 88 0
 149 0088 4FF44062 		mov	r2, #3072
 150              	.LBE36:
 151              	.LBE35:
 152              	.LBB39:
 153              	.LBB32:
 154              		.loc 1 94 0
 155 008c 1960     		str	r1, [r3, #0]
 156              	.LVL4:
 157              	.LBE32:
 158              	.LBE39:
 159              	.LBB40:
 160              	.LBB37:
 161              		.loc 1 88 0
 162 008e 816D     		ldr	r1, [r0, #88]
 163 0090 C4F20202 		movt	r2, 16386
 164              	.LBE37:
 165              	.LBE40:
 166              	.LBB41:
 167              	.LBB42:
 168 0094 4FF48053 		mov	r3, #4096
 169              	.LBE42:
 170              	.LBE41:
 171              	.LBB45:
ARM GAS  /var/folders/ng/s8655sgx1ys_4lf9jzm2w6n00000gn/T//ccW57U5d.s 			page 4


 172              	.LBB38:
 173 0098 5160     		str	r1, [r2, #4]
 174              		.loc 1 89 0
 175 009a C16D     		ldr	r1, [r0, #92]
 176 009c 9160     		str	r1, [r2, #8]
 177              		.loc 1 90 0
 178 009e 016E     		ldr	r1, [r0, #96]
 179 00a0 D160     		str	r1, [r2, #12]
 180              		.loc 1 91 0
 181 00a2 416E     		ldr	r1, [r0, #100]
 182 00a4 5161     		str	r1, [r2, #20]
 183              		.loc 1 92 0
 184 00a6 816E     		ldr	r1, [r0, #104]
 185 00a8 1162     		str	r1, [r2, #32]
 186              		.loc 1 93 0
 187 00aa C16E     		ldr	r1, [r0, #108]
 188 00ac 5162     		str	r1, [r2, #36]
 189              		.loc 1 94 0
 190 00ae 416D     		ldr	r1, [r0, #84]
 191 00b0 1160     		str	r1, [r2, #0]
 192              	.LVL5:
 193              	.LBE38:
 194              	.LBE45:
 195              	.LBB46:
 196              	.LBB43:
 197              		.loc 1 88 0
 198 00b2 C4F20203 		movt	r3, 16386
 199 00b6 426F     		ldr	r2, [r0, #116]
 200 00b8 5A60     		str	r2, [r3, #4]
 201              		.loc 1 89 0
 202 00ba 816F     		ldr	r1, [r0, #120]
 203 00bc 9960     		str	r1, [r3, #8]
 204              		.loc 1 90 0
 205 00be C26F     		ldr	r2, [r0, #124]
 206 00c0 DA60     		str	r2, [r3, #12]
 207              		.loc 1 91 0
 208 00c2 D0F88010 		ldr	r1, [r0, #128]
 209 00c6 5961     		str	r1, [r3, #20]
 210              		.loc 1 92 0
 211 00c8 D0F88420 		ldr	r2, [r0, #132]
 212 00cc 1A62     		str	r2, [r3, #32]
 213              		.loc 1 93 0
 214 00ce D0F88810 		ldr	r1, [r0, #136]
 215 00d2 5962     		str	r1, [r3, #36]
 216              		.loc 1 94 0
 217 00d4 016F     		ldr	r1, [r0, #112]
 218              	.LBE43:
 219              	.LBE46:
 220              	.LBB47:
 221              	.LBB48:
 222              		.loc 1 88 0
 223 00d6 4FF4A052 		mov	r2, #5120
 224              	.LBE48:
 225              	.LBE47:
 226              	.LBB51:
 227              	.LBB44:
 228              		.loc 1 94 0
ARM GAS  /var/folders/ng/s8655sgx1ys_4lf9jzm2w6n00000gn/T//ccW57U5d.s 			page 5


 229 00da 1960     		str	r1, [r3, #0]
 230              	.LVL6:
 231              	.LBE44:
 232              	.LBE51:
 233              	.LBB52:
 234              	.LBB49:
 235              		.loc 1 88 0
 236 00dc D0F89010 		ldr	r1, [r0, #144]
 237 00e0 C4F20202 		movt	r2, 16386
 238              	.LBE49:
 239              	.LBE52:
 240              	.LBB53:
 241              	.LBB54:
 242 00e4 4FF4C053 		mov	r3, #6144
 243              	.LBE54:
 244              	.LBE53:
 245              	.LBB58:
 246              	.LBB50:
 247 00e8 5160     		str	r1, [r2, #4]
 248              		.loc 1 89 0
 249 00ea D0F89410 		ldr	r1, [r0, #148]
 250 00ee 9160     		str	r1, [r2, #8]
 251              		.loc 1 90 0
 252 00f0 D0F89810 		ldr	r1, [r0, #152]
 253 00f4 D160     		str	r1, [r2, #12]
 254              		.loc 1 91 0
 255 00f6 D0F89C10 		ldr	r1, [r0, #156]
 256 00fa 5161     		str	r1, [r2, #20]
 257              		.loc 1 92 0
 258 00fc D0F8A010 		ldr	r1, [r0, #160]
 259 0100 1162     		str	r1, [r2, #32]
 260              		.loc 1 93 0
 261 0102 D0F8A410 		ldr	r1, [r0, #164]
 262 0106 5162     		str	r1, [r2, #36]
 263              		.loc 1 94 0
 264 0108 D0F88C10 		ldr	r1, [r0, #140]
 265 010c 1160     		str	r1, [r2, #0]
 266              	.LVL7:
 267              	.LBE50:
 268              	.LBE58:
 269              	.LBB59:
 270              	.LBB55:
 271              		.loc 1 88 0
 272 010e D0F8AC10 		ldr	r1, [r0, #172]
 273 0112 C4F20203 		movt	r3, 16386
 274              	.LBE55:
 275              	.LBE59:
 276              	.LBB60:
 277              	.LBB61:
 278 0116 4FF4E052 		mov	r2, #7168
 279              	.LBE61:
 280              	.LBE60:
 281              	.LBB65:
 282              	.LBB56:
 283 011a 5960     		str	r1, [r3, #4]
 284              		.loc 1 89 0
 285 011c D0F8B010 		ldr	r1, [r0, #176]
ARM GAS  /var/folders/ng/s8655sgx1ys_4lf9jzm2w6n00000gn/T//ccW57U5d.s 			page 6


 286 0120 9960     		str	r1, [r3, #8]
 287              		.loc 1 90 0
 288 0122 D0F8B410 		ldr	r1, [r0, #180]
 289 0126 D960     		str	r1, [r3, #12]
 290              		.loc 1 91 0
 291 0128 D0F8B810 		ldr	r1, [r0, #184]
 292 012c 5961     		str	r1, [r3, #20]
 293              		.loc 1 92 0
 294 012e D0F8BC10 		ldr	r1, [r0, #188]
 295 0132 1962     		str	r1, [r3, #32]
 296              		.loc 1 93 0
 297 0134 D0F8C010 		ldr	r1, [r0, #192]
 298 0138 5962     		str	r1, [r3, #36]
 299              		.loc 1 94 0
 300 013a D0F8A810 		ldr	r1, [r0, #168]
 301              	.LBE56:
 302              	.LBE65:
 303              	.LBB66:
 304              	.LBB62:
 305              		.loc 1 88 0
 306 013e C4F20202 		movt	r2, 16386
 307              	.LBE62:
 308              	.LBE66:
 309              	.LBB67:
 310              	.LBB57:
 311              		.loc 1 94 0
 312 0142 1960     		str	r1, [r3, #0]
 313              	.LVL8:
 314              	.LBE57:
 315              	.LBE67:
 316              	.LBB68:
 317              	.LBB63:
 318              		.loc 1 88 0
 319 0144 D0F8C830 		ldr	r3, [r0, #200]
 320 0148 5360     		str	r3, [r2, #4]
 321              		.loc 1 89 0
 322 014a D0F8CC10 		ldr	r1, [r0, #204]
 323 014e 9160     		str	r1, [r2, #8]
 324              		.loc 1 90 0
 325 0150 D0F8D030 		ldr	r3, [r0, #208]
 326 0154 D360     		str	r3, [r2, #12]
 327              		.loc 1 91 0
 328 0156 D0F8D410 		ldr	r1, [r0, #212]
 329 015a 5161     		str	r1, [r2, #20]
 330              		.loc 1 92 0
 331 015c D0F8D830 		ldr	r3, [r0, #216]
 332 0160 1362     		str	r3, [r2, #32]
 333              		.loc 1 93 0
 334 0162 D0F8DC10 		ldr	r1, [r0, #220]
 335 0166 5162     		str	r1, [r2, #36]
 336              		.loc 1 94 0
 337 0168 D0F8C410 		ldr	r1, [r0, #196]
 338              	.LBE63:
 339              	.LBE68:
 340              	.LBB69:
 341              	.LBB70:
 342              		.loc 1 88 0
ARM GAS  /var/folders/ng/s8655sgx1ys_4lf9jzm2w6n00000gn/T//ccW57U5d.s 			page 7


 343 016c 4FF40053 		mov	r3, #8192
 344              	.LBE70:
 345              	.LBE69:
 346              	.LBB72:
 347              	.LBB64:
 348              		.loc 1 94 0
 349 0170 1160     		str	r1, [r2, #0]
 350              	.LVL9:
 351              	.LBE64:
 352              	.LBE72:
 353              	.LBB73:
 354              	.LBB71:
 355              		.loc 1 88 0
 356 0172 D0F8E420 		ldr	r2, [r0, #228]
 357 0176 C4F20203 		movt	r3, 16386
 358 017a 5A60     		str	r2, [r3, #4]
 359              		.loc 1 89 0
 360 017c D0F8E810 		ldr	r1, [r0, #232]
 361 0180 9960     		str	r1, [r3, #8]
 362              		.loc 1 90 0
 363 0182 D0F8EC20 		ldr	r2, [r0, #236]
 364 0186 DA60     		str	r2, [r3, #12]
 365              		.loc 1 91 0
 366 0188 D0F8F010 		ldr	r1, [r0, #240]
 367 018c 5961     		str	r1, [r3, #20]
 368              		.loc 1 92 0
 369 018e D0F8F420 		ldr	r2, [r0, #244]
 370 0192 1A62     		str	r2, [r3, #32]
 371              		.loc 1 93 0
 372 0194 D0F8F810 		ldr	r1, [r0, #248]
 373 0198 5962     		str	r1, [r3, #36]
 374              		.loc 1 94 0
 375 019a D0F8E000 		ldr	r0, [r0, #224]
 376              	.LVL10:
 377 019e 1860     		str	r0, [r3, #0]
 378 01a0 7047     		bx	lr
 379              	.LBE71:
 380              	.LBE73:
 381              		.cfi_endproc
 382              	.LFE119:
 383              		.size	_pal_lld_init, .-_pal_lld_init
 384 01a2 00BFAFF3 		.section	.text._pal_lld_setgroupmode,"ax",%progbits
 384      0080AFF3 
 384      0080AFF3 
 384      0080
 385              		.align	2
 386              		.p2align 4,,15
 387              		.global	_pal_lld_setgroupmode
 388              		.thumb
 389              		.thumb_func
 390              		.type	_pal_lld_setgroupmode, %function
 391              	_pal_lld_setgroupmode:
 392              	.LFB120:
 393              		.loc 1 178 0
 394              		.cfi_startproc
 395              		@ args = 0, pretend = 0, frame = 0
 396              		@ frame_needed = 0, uses_anonymous_args = 0
ARM GAS  /var/folders/ng/s8655sgx1ys_4lf9jzm2w6n00000gn/T//ccW57U5d.s 			page 8


 397              		@ link register save eliminated.
 398              	.LVL11:
 399 0000 2DE9F00F 		push	{r4, r5, r6, r7, r8, r9, sl, fp}
 400              	.LCFI0:
 401              		.cfi_def_cfa_offset 32
 402              		.cfi_offset 4, -32
 403              		.cfi_offset 5, -28
 404              		.cfi_offset 6, -24
 405              		.cfi_offset 7, -20
 406              		.cfi_offset 8, -16
 407              		.cfi_offset 9, -12
 408              		.cfi_offset 10, -8
 409              		.cfi_offset 11, -4
 410              		.loc 1 185 0
 411 0004 0023     		movs	r3, #0
 412              		.loc 1 180 0
 413 0006 02F00307 		and	r7, r2, #3
 414              	.LVL12:
 415              		.loc 1 181 0
 416 000a C2F38006 		ubfx	r6, r2, #2, #1
 417              	.LVL13:
 418              		.loc 1 182 0
 419 000e C2F3C105 		ubfx	r5, r2, #3, #2
 420              	.LVL14:
 421              		.loc 1 183 0
 422 0012 C2F34114 		ubfx	r4, r2, #5, #2
 423              	.LVL15:
 424              	.LBB74:
 425              		.loc 1 191 0
 426 0016 4FF00F09 		mov	r9, #15
 427              	.LBE74:
 428              		.loc 1 184 0
 429 001a C2F3C312 		ubfx	r2, r2, #7, #4
 430              	.LVL16:
 431              	.LBB75:
 432              		.loc 1 196 0
 433 001e 4FF0010A 		mov	sl, #1
 434 0022 38E0     		b	.L7
 435              	.LVL17:
 436              	.L12:
 437              		.loc 1 193 0
 438 0024 D0F820B0 		ldr	fp, [r0, #32]
 439 0028 2BEA0C0C 		bic	ip, fp, ip
 440              	.LVL18:
 441 002c 4CEA0808 		orr	r8, ip, r8
 442              	.LVL19:
 443 0030 C0F82080 		str	r8, [r0, #32]
 444              	.L5:
 445              	.LVL20:
 446              		.loc 1 197 0
 447 0034 D0F804B0 		ldr	fp, [r0, #4]
 448              		.loc 1 196 0
 449 0038 0AFA03FC 		lsl	ip, sl, r3
 450              		.loc 1 197 0
 451 003c 2BEA0C08 		bic	r8, fp, ip
 452 0040 48EA060B 		orr	fp, r8, r6
 453 0044 C0F804B0 		str	fp, [r0, #4]
ARM GAS  /var/folders/ng/s8655sgx1ys_4lf9jzm2w6n00000gn/T//ccW57U5d.s 			page 9


 454              	.LVL21:
 455              		.loc 1 176 0
 456 0048 4FEA430C 		lsl	ip, r3, #1
 457              		.loc 1 198 0
 458 004c 4FF0030B 		mov	fp, #3
 459              		.loc 1 199 0
 460 0050 D0F80880 		ldr	r8, [r0, #8]
 461              		.loc 1 198 0
 462 0054 0BFA0CFC 		lsl	ip, fp, ip
 463              	.LVL22:
 464              		.loc 1 199 0
 465 0058 6FEA0C0C 		mvn	ip, ip
 466              	.LVL23:
 467 005c 0CEA0808 		and	r8, ip, r8
 468 0060 48EA0508 		orr	r8, r8, r5
 469 0064 C0F80880 		str	r8, [r0, #8]
 470              		.loc 1 200 0
 471 0068 D0F80C80 		ldr	r8, [r0, #12]
 472 006c 0CEA0808 		and	r8, ip, r8
 473 0070 48EA0408 		orr	r8, r8, r4
 474 0074 C0F80C80 		str	r8, [r0, #12]
 475              		.loc 1 201 0
 476 0078 D0F80080 		ldr	r8, [r0, #0]
 477 007c 0CEA080C 		and	ip, ip, r8
 478              	.LVL24:
 479 0080 4CEA070C 		orr	ip, ip, r7
 480 0084 C0F800C0 		str	ip, [r0, #0]
 481              	.LVL25:
 482              	.L3:
 483              	.LBE75:
 484              		.loc 1 204 0
 485 0088 4908     		lsrs	r1, r1, #1
 486              	.LVL26:
 487 008a 1AD0     		beq	.L2
 488              		.loc 1 206 0
 489 008c 7600     		lsls	r6, r6, #1
 490              	.LVL27:
 491              		.loc 1 207 0
 492 008e AD00     		lsls	r5, r5, #2
 493              	.LVL28:
 494              		.loc 1 208 0
 495 0090 A400     		lsls	r4, r4, #2
 496              	.LVL29:
 497              		.loc 1 209 0
 498 0092 BF00     		lsls	r7, r7, #2
 499              	.LVL30:
 500              		.loc 1 210 0
 501 0094 0133     		adds	r3, r3, #1
 502              	.LVL31:
 503              	.L7:
 504              	.LBB76:
 505              		.loc 1 190 0
 506 0096 03F0070C 		and	ip, r3, #7
 507 009a 4FEA8C0C 		lsl	ip, ip, #2
 508              	.LBE76:
 509              		.loc 1 187 0
 510 009e 11F0010F 		tst	r1, #1
ARM GAS  /var/folders/ng/s8655sgx1ys_4lf9jzm2w6n00000gn/T//ccW57U5d.s 			page 10


 511              	.LBB77:
 512              		.loc 1 190 0
 513 00a2 02FA0CF8 		lsl	r8, r2, ip
 514              	.LVL32:
 515              		.loc 1 191 0
 516 00a6 09FA0CFC 		lsl	ip, r9, ip
 517              	.LVL33:
 518              	.LBE77:
 519              		.loc 1 187 0
 520 00aa EDD0     		beq	.L3
 521              	.LBB78:
 522              		.loc 1 192 0
 523 00ac 072B     		cmp	r3, #7
 524 00ae B9D9     		bls	.L12
 525              		.loc 1 195 0
 526 00b0 D0F824B0 		ldr	fp, [r0, #36]
 527 00b4 2BEA0C0C 		bic	ip, fp, ip
 528              	.LVL34:
 529 00b8 4CEA0808 		orr	r8, ip, r8
 530              	.LVL35:
 531 00bc C0F82480 		str	r8, [r0, #36]
 532 00c0 B8E7     		b	.L5
 533              	.L2:
 534              	.LBE78:
 535              		.loc 1 212 0
 536 00c2 BDE8F00F 		pop	{r4, r5, r6, r7, r8, r9, sl, fp}
 537 00c6 7047     		bx	lr
 538              		.cfi_endproc
 539              	.LFE120:
 540              		.size	_pal_lld_setgroupmode, .-_pal_lld_setgroupmode
 541 00c8 AFF30080 		.text
 541      AFF30080 
 542              	.Letext0:
 543              		.file 2 "/Users/jseng/gccarm/bin/../lib/gcc/arm-none-eabi/4.7.4/../../../../arm-none-eabi/include/
 544              		.file 3 "../AithonLibrary/ChibiOS/os/hal/platforms/STM32F4xx/stm32f4xx.h"
 545              		.file 4 "../AithonLibrary/ChibiOS/os/hal/platforms/STM32/GPIOv2/pal_lld.h"
 546              		.file 5 "../AithonLibrary/ChibiOS/os/ports/common/ARMCMx/CMSIS/include/core_cm4.h"
 547              		.section	.debug_info,"",%progbits
 548              	.Ldebug_info0:
 549 0000 65070000 		.4byte	0x765
 550 0004 0200     		.2byte	0x2
 551 0006 00000000 		.4byte	.Ldebug_abbrev0
 552 000a 04       		.byte	0x4
 553 000b 01       		.uleb128 0x1
 554 000c F5010000 		.4byte	.LASF84
 555 0010 01       		.byte	0x1
 556 0011 21010000 		.4byte	.LASF85
 557 0015 55020000 		.4byte	.LASF86
 558 0019 50010000 		.4byte	.Ldebug_ranges0+0x150
 559 001d 00000000 		.4byte	0
 560 0021 00000000 		.4byte	0
 561 0025 00000000 		.4byte	.Ldebug_line0
 562 0029 02       		.uleb128 0x2
 563 002a 04       		.byte	0x4
 564 002b 05       		.byte	0x5
 565 002c 696E7400 		.ascii	"int\000"
 566 0030 03       		.uleb128 0x3
ARM GAS  /var/folders/ng/s8655sgx1ys_4lf9jzm2w6n00000gn/T//ccW57U5d.s 			page 11


 567 0031 04       		.byte	0x4
 568 0032 07       		.byte	0x7
 569 0033 7F030000 		.4byte	.LASF0
 570 0037 03       		.uleb128 0x3
 571 0038 01       		.byte	0x1
 572 0039 06       		.byte	0x6
 573 003a B9010000 		.4byte	.LASF1
 574 003e 03       		.uleb128 0x3
 575 003f 01       		.byte	0x1
 576 0040 08       		.byte	0x8
 577 0041 A3010000 		.4byte	.LASF2
 578 0045 03       		.uleb128 0x3
 579 0046 02       		.byte	0x2
 580 0047 05       		.byte	0x5
 581 0048 68000000 		.4byte	.LASF3
 582 004c 04       		.uleb128 0x4
 583 004d 99020000 		.4byte	.LASF5
 584 0051 02       		.byte	0x2
 585 0052 36       		.byte	0x36
 586 0053 57000000 		.4byte	0x57
 587 0057 03       		.uleb128 0x3
 588 0058 02       		.byte	0x2
 589 0059 07       		.byte	0x7
 590 005a 77020000 		.4byte	.LASF4
 591 005e 04       		.uleb128 0x4
 592 005f A2020000 		.4byte	.LASF6
 593 0063 02       		.byte	0x2
 594 0064 4F       		.byte	0x4f
 595 0065 69000000 		.4byte	0x69
 596 0069 03       		.uleb128 0x3
 597 006a 04       		.byte	0x4
 598 006b 05       		.byte	0x5
 599 006c 18010000 		.4byte	.LASF7
 600 0070 04       		.uleb128 0x4
 601 0071 DC010000 		.4byte	.LASF8
 602 0075 02       		.byte	0x2
 603 0076 50       		.byte	0x50
 604 0077 7B000000 		.4byte	0x7b
 605 007b 03       		.uleb128 0x3
 606 007c 04       		.byte	0x4
 607 007d 07       		.byte	0x7
 608 007e 3E020000 		.4byte	.LASF9
 609 0082 03       		.uleb128 0x3
 610 0083 08       		.byte	0x8
 611 0084 05       		.byte	0x5
 612 0085 FC000000 		.4byte	.LASF10
 613 0089 03       		.uleb128 0x3
 614 008a 08       		.byte	0x8
 615 008b 07       		.byte	0x7
 616 008c C5010000 		.4byte	.LASF11
 617 0090 03       		.uleb128 0x3
 618 0091 01       		.byte	0x1
 619 0092 02       		.byte	0x2
 620 0093 B4020000 		.4byte	.LASF12
 621 0097 05       		.uleb128 0x5
 622 0098 70000000 		.4byte	0x70
 623 009c 03       		.uleb128 0x3
ARM GAS  /var/folders/ng/s8655sgx1ys_4lf9jzm2w6n00000gn/T//ccW57U5d.s 			page 12


 624 009d 04       		.byte	0x4
 625 009e 07       		.byte	0x7
 626 009f 7B000000 		.4byte	.LASF13
 627 00a3 03       		.uleb128 0x3
 628 00a4 01       		.byte	0x1
 629 00a5 08       		.byte	0x8
 630 00a6 94020000 		.4byte	.LASF14
 631 00aa 06       		.uleb128 0x6
 632 00ab 70000000 		.4byte	0x70
 633 00af BA000000 		.4byte	0xba
 634 00b3 07       		.uleb128 0x7
 635 00b4 9C000000 		.4byte	0x9c
 636 00b8 01       		.byte	0x1
 637 00b9 00       		.byte	0
 638 00ba 05       		.uleb128 0x5
 639 00bb 5E000000 		.4byte	0x5e
 640 00bf 08       		.uleb128 0x8
 641 00c0 90       		.byte	0x90
 642 00c1 03       		.byte	0x3
 643 00c2 5804     		.2byte	0x458
 644 00c4 AC020000 		.4byte	0x2ac
 645 00c8 09       		.uleb128 0x9
 646 00c9 435200   		.ascii	"CR\000"
 647 00cc 03       		.byte	0x3
 648 00cd 5A04     		.2byte	0x45a
 649 00cf 97000000 		.4byte	0x97
 650 00d3 02       		.byte	0x2
 651 00d4 23       		.byte	0x23
 652 00d5 00       		.uleb128 0
 653 00d6 0A       		.uleb128 0xa
 654 00d7 27000000 		.4byte	.LASF15
 655 00db 03       		.byte	0x3
 656 00dc 5B04     		.2byte	0x45b
 657 00de 97000000 		.4byte	0x97
 658 00e2 02       		.byte	0x2
 659 00e3 23       		.byte	0x23
 660 00e4 04       		.uleb128 0x4
 661 00e5 0A       		.uleb128 0xa
 662 00e6 8C030000 		.4byte	.LASF16
 663 00ea 03       		.byte	0x3
 664 00eb 5C04     		.2byte	0x45c
 665 00ed 97000000 		.4byte	0x97
 666 00f1 02       		.byte	0x2
 667 00f2 23       		.byte	0x23
 668 00f3 08       		.uleb128 0x8
 669 00f4 09       		.uleb128 0x9
 670 00f5 43495200 		.ascii	"CIR\000"
 671 00f9 03       		.byte	0x3
 672 00fa 5D04     		.2byte	0x45d
 673 00fc 97000000 		.4byte	0x97
 674 0100 02       		.byte	0x2
 675 0101 23       		.byte	0x23
 676 0102 0C       		.uleb128 0xc
 677 0103 0A       		.uleb128 0xa
 678 0104 45030000 		.4byte	.LASF17
 679 0108 03       		.byte	0x3
 680 0109 5E04     		.2byte	0x45e
ARM GAS  /var/folders/ng/s8655sgx1ys_4lf9jzm2w6n00000gn/T//ccW57U5d.s 			page 13


 681 010b 97000000 		.4byte	0x97
 682 010f 02       		.byte	0x2
 683 0110 23       		.byte	0x23
 684 0111 10       		.uleb128 0x10
 685 0112 0A       		.uleb128 0xa
 686 0113 EC010000 		.4byte	.LASF18
 687 0117 03       		.byte	0x3
 688 0118 5F04     		.2byte	0x45f
 689 011a 97000000 		.4byte	0x97
 690 011e 02       		.byte	0x2
 691 011f 23       		.byte	0x23
 692 0120 14       		.uleb128 0x14
 693 0121 0A       		.uleb128 0xa
 694 0122 5B030000 		.4byte	.LASF19
 695 0126 03       		.byte	0x3
 696 0127 6004     		.2byte	0x460
 697 0129 97000000 		.4byte	0x97
 698 012d 02       		.byte	0x2
 699 012e 23       		.byte	0x23
 700 012f 18       		.uleb128 0x18
 701 0130 0A       		.uleb128 0xa
 702 0131 D5020000 		.4byte	.LASF20
 703 0135 03       		.byte	0x3
 704 0136 6104     		.2byte	0x461
 705 0138 70000000 		.4byte	0x70
 706 013c 02       		.byte	0x2
 707 013d 23       		.byte	0x23
 708 013e 1C       		.uleb128 0x1c
 709 013f 0A       		.uleb128 0xa
 710 0140 2F000000 		.4byte	.LASF21
 711 0144 03       		.byte	0x3
 712 0145 6204     		.2byte	0x462
 713 0147 97000000 		.4byte	0x97
 714 014b 02       		.byte	0x2
 715 014c 23       		.byte	0x23
 716 014d 20       		.uleb128 0x20
 717 014e 0A       		.uleb128 0xa
 718 014f 7B010000 		.4byte	.LASF22
 719 0153 03       		.byte	0x3
 720 0154 6304     		.2byte	0x463
 721 0156 97000000 		.4byte	0x97
 722 015a 02       		.byte	0x2
 723 015b 23       		.byte	0x23
 724 015c 24       		.uleb128 0x24
 725 015d 0A       		.uleb128 0xa
 726 015e DF020000 		.4byte	.LASF23
 727 0162 03       		.byte	0x3
 728 0163 6404     		.2byte	0x464
 729 0165 AA000000 		.4byte	0xaa
 730 0169 02       		.byte	0x2
 731 016a 23       		.byte	0x23
 732 016b 28       		.uleb128 0x28
 733 016c 0A       		.uleb128 0xa
 734 016d 22030000 		.4byte	.LASF24
 735 0171 03       		.byte	0x3
 736 0172 6504     		.2byte	0x465
 737 0174 97000000 		.4byte	0x97
ARM GAS  /var/folders/ng/s8655sgx1ys_4lf9jzm2w6n00000gn/T//ccW57U5d.s 			page 14


 738 0178 02       		.byte	0x2
 739 0179 23       		.byte	0x23
 740 017a 30       		.uleb128 0x30
 741 017b 0A       		.uleb128 0xa
 742 017c 38000000 		.4byte	.LASF25
 743 0180 03       		.byte	0x3
 744 0181 6604     		.2byte	0x466
 745 0183 97000000 		.4byte	0x97
 746 0187 02       		.byte	0x2
 747 0188 23       		.byte	0x23
 748 0189 34       		.uleb128 0x34
 749 018a 0A       		.uleb128 0xa
 750 018b EC000000 		.4byte	.LASF26
 751 018f 03       		.byte	0x3
 752 0190 6704     		.2byte	0x467
 753 0192 97000000 		.4byte	0x97
 754 0196 02       		.byte	0x2
 755 0197 23       		.byte	0x23
 756 0198 38       		.uleb128 0x38
 757 0199 0A       		.uleb128 0xa
 758 019a E9020000 		.4byte	.LASF27
 759 019e 03       		.byte	0x3
 760 019f 6804     		.2byte	0x468
 761 01a1 70000000 		.4byte	0x70
 762 01a5 02       		.byte	0x2
 763 01a6 23       		.byte	0x23
 764 01a7 3C       		.uleb128 0x3c
 765 01a8 0A       		.uleb128 0xa
 766 01a9 C8000000 		.4byte	.LASF28
 767 01ad 03       		.byte	0x3
 768 01ae 6904     		.2byte	0x469
 769 01b0 97000000 		.4byte	0x97
 770 01b4 02       		.byte	0x2
 771 01b5 23       		.byte	0x23
 772 01b6 40       		.uleb128 0x40
 773 01b7 0A       		.uleb128 0xa
 774 01b8 B1010000 		.4byte	.LASF29
 775 01bc 03       		.byte	0x3
 776 01bd 6A04     		.2byte	0x46a
 777 01bf 97000000 		.4byte	0x97
 778 01c3 02       		.byte	0x2
 779 01c4 23       		.byte	0x23
 780 01c5 44       		.uleb128 0x44
 781 01c6 0A       		.uleb128 0xa
 782 01c7 F3020000 		.4byte	.LASF30
 783 01cb 03       		.byte	0x3
 784 01cc 6B04     		.2byte	0x46b
 785 01ce AA000000 		.4byte	0xaa
 786 01d2 02       		.byte	0x2
 787 01d3 23       		.byte	0x23
 788 01d4 48       		.uleb128 0x48
 789 01d5 0A       		.uleb128 0xa
 790 01d6 00000000 		.4byte	.LASF31
 791 01da 03       		.byte	0x3
 792 01db 6C04     		.2byte	0x46c
 793 01dd 97000000 		.4byte	0x97
 794 01e1 02       		.byte	0x2
ARM GAS  /var/folders/ng/s8655sgx1ys_4lf9jzm2w6n00000gn/T//ccW57U5d.s 			page 15


 795 01e2 23       		.byte	0x23
 796 01e3 50       		.uleb128 0x50
 797 01e4 0A       		.uleb128 0xa
 798 01e5 BF020000 		.4byte	.LASF32
 799 01e9 03       		.byte	0x3
 800 01ea 6D04     		.2byte	0x46d
 801 01ec 97000000 		.4byte	0x97
 802 01f0 02       		.byte	0x2
 803 01f1 23       		.byte	0x23
 804 01f2 54       		.uleb128 0x54
 805 01f3 0A       		.uleb128 0xa
 806 01f4 AE000000 		.4byte	.LASF33
 807 01f8 03       		.byte	0x3
 808 01f9 6E04     		.2byte	0x46e
 809 01fb 97000000 		.4byte	0x97
 810 01ff 02       		.byte	0x2
 811 0200 23       		.byte	0x23
 812 0201 58       		.uleb128 0x58
 813 0202 0A       		.uleb128 0xa
 814 0203 FD020000 		.4byte	.LASF34
 815 0207 03       		.byte	0x3
 816 0208 6F04     		.2byte	0x46f
 817 020a 70000000 		.4byte	0x70
 818 020e 02       		.byte	0x2
 819 020f 23       		.byte	0x23
 820 0210 5C       		.uleb128 0x5c
 821 0211 0A       		.uleb128 0xa
 822 0212 8A020000 		.4byte	.LASF35
 823 0216 03       		.byte	0x3
 824 0217 7004     		.2byte	0x470
 825 0219 97000000 		.4byte	0x97
 826 021d 02       		.byte	0x2
 827 021e 23       		.byte	0x23
 828 021f 60       		.uleb128 0x60
 829 0220 0A       		.uleb128 0xa
 830 0221 A1030000 		.4byte	.LASF36
 831 0225 03       		.byte	0x3
 832 0226 7104     		.2byte	0x471
 833 0228 97000000 		.4byte	0x97
 834 022c 02       		.byte	0x2
 835 022d 23       		.byte	0x23
 836 022e 64       		.uleb128 0x64
 837 022f 0A       		.uleb128 0xa
 838 0230 07030000 		.4byte	.LASF37
 839 0234 03       		.byte	0x3
 840 0235 7204     		.2byte	0x472
 841 0237 AA000000 		.4byte	0xaa
 842 023b 02       		.byte	0x2
 843 023c 23       		.byte	0x23
 844 023d 68       		.uleb128 0x68
 845 023e 0A       		.uleb128 0xa
 846 023f 84000000 		.4byte	.LASF38
 847 0243 03       		.byte	0x3
 848 0244 7304     		.2byte	0x473
 849 0246 97000000 		.4byte	0x97
 850 024a 02       		.byte	0x2
 851 024b 23       		.byte	0x23
ARM GAS  /var/folders/ng/s8655sgx1ys_4lf9jzm2w6n00000gn/T//ccW57U5d.s 			page 16


 852 024c 70       		.uleb128 0x70
 853 024d 09       		.uleb128 0x9
 854 024e 43535200 		.ascii	"CSR\000"
 855 0252 03       		.byte	0x3
 856 0253 7404     		.2byte	0x474
 857 0255 97000000 		.4byte	0x97
 858 0259 02       		.byte	0x2
 859 025a 23       		.byte	0x23
 860 025b 74       		.uleb128 0x74
 861 025c 0A       		.uleb128 0xa
 862 025d 11030000 		.4byte	.LASF39
 863 0261 03       		.byte	0x3
 864 0262 7504     		.2byte	0x475
 865 0264 AA000000 		.4byte	0xaa
 866 0268 02       		.byte	0x2
 867 0269 23       		.byte	0x23
 868 026a 78       		.uleb128 0x78
 869 026b 0A       		.uleb128 0xa
 870 026c A1000000 		.4byte	.LASF40
 871 0270 03       		.byte	0x3
 872 0271 7604     		.2byte	0x476
 873 0273 97000000 		.4byte	0x97
 874 0277 03       		.byte	0x3
 875 0278 23       		.byte	0x23
 876 0279 8001     		.uleb128 0x80
 877 027b 0A       		.uleb128 0xa
 878 027c 90000000 		.4byte	.LASF41
 879 0280 03       		.byte	0x3
 880 0281 7704     		.2byte	0x477
 881 0283 97000000 		.4byte	0x97
 882 0287 03       		.byte	0x3
 883 0288 23       		.byte	0x23
 884 0289 8401     		.uleb128 0x84
 885 028b 0A       		.uleb128 0xa
 886 028c 91030000 		.4byte	.LASF42
 887 0290 03       		.byte	0x3
 888 0291 7804     		.2byte	0x478
 889 0293 97000000 		.4byte	0x97
 890 0297 03       		.byte	0x3
 891 0298 23       		.byte	0x23
 892 0299 8801     		.uleb128 0x88
 893 029b 0A       		.uleb128 0xa
 894 029c E4000000 		.4byte	.LASF43
 895 02a0 03       		.byte	0x3
 896 02a1 7904     		.2byte	0x479
 897 02a3 97000000 		.4byte	0x97
 898 02a7 03       		.byte	0x3
 899 02a8 23       		.byte	0x23
 900 02a9 8C01     		.uleb128 0x8c
 901 02ab 00       		.byte	0
 902 02ac 0B       		.uleb128 0xb
 903 02ad 69010000 		.4byte	.LASF44
 904 02b1 03       		.byte	0x3
 905 02b2 7B04     		.2byte	0x47b
 906 02b4 BF000000 		.4byte	0xbf
 907 02b8 0C       		.uleb128 0xc
 908 02b9 04       		.byte	0x4
ARM GAS  /var/folders/ng/s8655sgx1ys_4lf9jzm2w6n00000gn/T//ccW57U5d.s 			page 17


 909 02ba 04       		.byte	0x4
 910 02bb 96       		.byte	0x96
 911 02bc DD020000 		.4byte	0x2dd
 912 02c0 0D       		.uleb128 0xd
 913 02c1 73657400 		.ascii	"set\000"
 914 02c5 04       		.byte	0x4
 915 02c6 97       		.byte	0x97
 916 02c7 4C000000 		.4byte	0x4c
 917 02cb 02       		.byte	0x2
 918 02cc 23       		.byte	0x23
 919 02cd 00       		.uleb128 0
 920 02ce 0E       		.uleb128 0xe
 921 02cf 84010000 		.4byte	.LASF45
 922 02d3 04       		.byte	0x4
 923 02d4 98       		.byte	0x98
 924 02d5 4C000000 		.4byte	0x4c
 925 02d9 02       		.byte	0x2
 926 02da 23       		.byte	0x23
 927 02db 02       		.uleb128 0x2
 928 02dc 00       		.byte	0
 929 02dd 0F       		.uleb128 0xf
 930 02de 04       		.byte	0x4
 931 02df 04       		.byte	0x4
 932 02e0 94       		.byte	0x94
 933 02e1 F8020000 		.4byte	0x2f8
 934 02e5 10       		.uleb128 0x10
 935 02e6 5700     		.ascii	"W\000"
 936 02e8 04       		.byte	0x4
 937 02e9 95       		.byte	0x95
 938 02ea 70000000 		.4byte	0x70
 939 02ee 10       		.uleb128 0x10
 940 02ef 4800     		.ascii	"H\000"
 941 02f1 04       		.byte	0x4
 942 02f2 99       		.byte	0x99
 943 02f3 B8020000 		.4byte	0x2b8
 944 02f7 00       		.byte	0
 945 02f8 0C       		.uleb128 0xc
 946 02f9 28       		.byte	0x28
 947 02fa 04       		.byte	0x4
 948 02fb 8C       		.byte	0x8c
 949 02fc 8D030000 		.4byte	0x38d
 950 0300 0E       		.uleb128 0xe
 951 0301 75010000 		.4byte	.LASF46
 952 0305 04       		.byte	0x4
 953 0306 8E       		.byte	0x8e
 954 0307 97000000 		.4byte	0x97
 955 030b 02       		.byte	0x2
 956 030c 23       		.byte	0x23
 957 030d 00       		.uleb128 0
 958 030e 0E       		.uleb128 0xe
 959 030f DD000000 		.4byte	.LASF47
 960 0313 04       		.byte	0x4
 961 0314 8F       		.byte	0x8f
 962 0315 97000000 		.4byte	0x97
 963 0319 02       		.byte	0x2
 964 031a 23       		.byte	0x23
 965 031b 04       		.uleb128 0x4
ARM GAS  /var/folders/ng/s8655sgx1ys_4lf9jzm2w6n00000gn/T//ccW57U5d.s 			page 18


 966 031c 0E       		.uleb128 0xe
 967 031d F4000000 		.4byte	.LASF48
 968 0321 04       		.byte	0x4
 969 0322 90       		.byte	0x90
 970 0323 97000000 		.4byte	0x97
 971 0327 02       		.byte	0x2
 972 0328 23       		.byte	0x23
 973 0329 08       		.uleb128 0x8
 974 032a 0E       		.uleb128 0xe
 975 032b 0A010000 		.4byte	.LASF49
 976 032f 04       		.byte	0x4
 977 0330 91       		.byte	0x91
 978 0331 97000000 		.4byte	0x97
 979 0335 02       		.byte	0x2
 980 0336 23       		.byte	0x23
 981 0337 0C       		.uleb128 0xc
 982 0338 0D       		.uleb128 0xd
 983 0339 49445200 		.ascii	"IDR\000"
 984 033d 04       		.byte	0x4
 985 033e 92       		.byte	0x92
 986 033f 97000000 		.4byte	0x97
 987 0343 02       		.byte	0x2
 988 0344 23       		.byte	0x23
 989 0345 10       		.uleb128 0x10
 990 0346 0D       		.uleb128 0xd
 991 0347 4F445200 		.ascii	"ODR\000"
 992 034b 04       		.byte	0x4
 993 034c 93       		.byte	0x93
 994 034d 97000000 		.4byte	0x97
 995 0351 02       		.byte	0x2
 996 0352 23       		.byte	0x23
 997 0353 14       		.uleb128 0x14
 998 0354 0E       		.uleb128 0xe
 999 0355 AB030000 		.4byte	.LASF50
 1000 0359 04       		.byte	0x4
 1001 035a 9A       		.byte	0x9a
 1002 035b 8D030000 		.4byte	0x38d
 1003 035f 02       		.byte	0x2
 1004 0360 23       		.byte	0x23
 1005 0361 18       		.uleb128 0x18
 1006 0362 0E       		.uleb128 0xe
 1007 0363 9C030000 		.4byte	.LASF51
 1008 0367 04       		.byte	0x4
 1009 0368 9B       		.byte	0x9b
 1010 0369 97000000 		.4byte	0x97
 1011 036d 02       		.byte	0x2
 1012 036e 23       		.byte	0x23
 1013 036f 1C       		.uleb128 0x1c
 1014 0370 0E       		.uleb128 0xe
 1015 0371 72020000 		.4byte	.LASF52
 1016 0375 04       		.byte	0x4
 1017 0376 9C       		.byte	0x9c
 1018 0377 97000000 		.4byte	0x97
 1019 037b 02       		.byte	0x2
 1020 037c 23       		.byte	0x23
 1021 037d 20       		.uleb128 0x20
 1022 037e 0E       		.uleb128 0xe
ARM GAS  /var/folders/ng/s8655sgx1ys_4lf9jzm2w6n00000gn/T//ccW57U5d.s 			page 19


 1023 037f 50020000 		.4byte	.LASF53
 1024 0383 04       		.byte	0x4
 1025 0384 9D       		.byte	0x9d
 1026 0385 97000000 		.4byte	0x97
 1027 0389 02       		.byte	0x2
 1028 038a 23       		.byte	0x23
 1029 038b 24       		.uleb128 0x24
 1030 038c 00       		.byte	0
 1031 038d 05       		.uleb128 0x5
 1032 038e DD020000 		.4byte	0x2dd
 1033 0392 04       		.uleb128 0x4
 1034 0393 4E030000 		.4byte	.LASF54
 1035 0397 04       		.byte	0x4
 1036 0398 9E       		.byte	0x9e
 1037 0399 F8020000 		.4byte	0x2f8
 1038 039d 0C       		.uleb128 0xc
 1039 039e 1C       		.byte	0x1c
 1040 039f 04       		.byte	0x4
 1041 03a0 A3       		.byte	0xa3
 1042 03a1 08040000 		.4byte	0x408
 1043 03a5 0E       		.uleb128 0xe
 1044 03a6 3F030000 		.4byte	.LASF55
 1045 03aa 04       		.byte	0x4
 1046 03ab A5       		.byte	0xa5
 1047 03ac 70000000 		.4byte	0x70
 1048 03b0 02       		.byte	0x2
 1049 03b1 23       		.byte	0x23
 1050 03b2 00       		.uleb128 0
 1051 03b3 0E       		.uleb128 0xe
 1052 03b4 E5010000 		.4byte	.LASF56
 1053 03b8 04       		.byte	0x4
 1054 03b9 A7       		.byte	0xa7
 1055 03ba 70000000 		.4byte	0x70
 1056 03be 02       		.byte	0x2
 1057 03bf 23       		.byte	0x23
 1058 03c0 04       		.uleb128 0x4
 1059 03c1 0E       		.uleb128 0xe
 1060 03c2 10010000 		.4byte	.LASF57
 1061 03c6 04       		.byte	0x4
 1062 03c7 A9       		.byte	0xa9
 1063 03c8 70000000 		.4byte	0x70
 1064 03cc 02       		.byte	0x2
 1065 03cd 23       		.byte	0x23
 1066 03ce 08       		.uleb128 0x8
 1067 03cf 0E       		.uleb128 0xe
 1068 03d0 2F030000 		.4byte	.LASF58
 1069 03d4 04       		.byte	0x4
 1070 03d5 AB       		.byte	0xab
 1071 03d6 70000000 		.4byte	0x70
 1072 03da 02       		.byte	0x2
 1073 03db 23       		.byte	0x23
 1074 03dc 0C       		.uleb128 0xc
 1075 03dd 0D       		.uleb128 0xd
 1076 03de 6F647200 		.ascii	"odr\000"
 1077 03e2 04       		.byte	0x4
 1078 03e3 AD       		.byte	0xad
 1079 03e4 70000000 		.4byte	0x70
ARM GAS  /var/folders/ng/s8655sgx1ys_4lf9jzm2w6n00000gn/T//ccW57U5d.s 			page 20


 1080 03e8 02       		.byte	0x2
 1081 03e9 23       		.byte	0x23
 1082 03ea 10       		.uleb128 0x10
 1083 03eb 0E       		.uleb128 0xe
 1084 03ec 3A030000 		.4byte	.LASF59
 1085 03f0 04       		.byte	0x4
 1086 03f1 AF       		.byte	0xaf
 1087 03f2 70000000 		.4byte	0x70
 1088 03f6 02       		.byte	0x2
 1089 03f7 23       		.byte	0x23
 1090 03f8 14       		.uleb128 0x14
 1091 03f9 0E       		.uleb128 0xe
 1092 03fa 35030000 		.4byte	.LASF60
 1093 03fe 04       		.byte	0x4
 1094 03ff B1       		.byte	0xb1
 1095 0400 70000000 		.4byte	0x70
 1096 0404 02       		.byte	0x2
 1097 0405 23       		.byte	0x23
 1098 0406 18       		.uleb128 0x18
 1099 0407 00       		.byte	0
 1100 0408 04       		.uleb128 0x4
 1101 0409 40000000 		.4byte	.LASF61
 1102 040d 04       		.byte	0x4
 1103 040e B2       		.byte	0xb2
 1104 040f 9D030000 		.4byte	0x39d
 1105 0413 0C       		.uleb128 0xc
 1106 0414 FC       		.byte	0xfc
 1107 0415 04       		.byte	0x4
 1108 0416 BB       		.byte	0xbb
 1109 0417 9E040000 		.4byte	0x49e
 1110 041b 0E       		.uleb128 0xe
 1111 041c 91010000 		.4byte	.LASF62
 1112 0420 04       		.byte	0x4
 1113 0421 BE       		.byte	0xbe
 1114 0422 08040000 		.4byte	0x408
 1115 0426 02       		.byte	0x2
 1116 0427 23       		.byte	0x23
 1117 0428 00       		.uleb128 0
 1118 0429 0E       		.uleb128 0xe
 1119 042a A7000000 		.4byte	.LASF63
 1120 042e 04       		.byte	0x4
 1121 042f C2       		.byte	0xc2
 1122 0430 08040000 		.4byte	0x408
 1123 0434 02       		.byte	0x2
 1124 0435 23       		.byte	0x23
 1125 0436 1C       		.uleb128 0x1c
 1126 0437 0E       		.uleb128 0xe
 1127 0438 0A000000 		.4byte	.LASF64
 1128 043c 04       		.byte	0x4
 1129 043d C6       		.byte	0xc6
 1130 043e 08040000 		.4byte	0x408
 1131 0442 02       		.byte	0x2
 1132 0443 23       		.byte	0x23
 1133 0444 38       		.uleb128 0x38
 1134 0445 0E       		.uleb128 0xe
 1135 0446 62010000 		.4byte	.LASF65
 1136 044a 04       		.byte	0x4
ARM GAS  /var/folders/ng/s8655sgx1ys_4lf9jzm2w6n00000gn/T//ccW57U5d.s 			page 21


 1137 044b CA       		.byte	0xca
 1138 044c 08040000 		.4byte	0x408
 1139 0450 02       		.byte	0x2
 1140 0451 23       		.byte	0x23
 1141 0452 54       		.uleb128 0x54
 1142 0453 0E       		.uleb128 0xe
 1143 0454 CE020000 		.4byte	.LASF66
 1144 0458 04       		.byte	0x4
 1145 0459 CE       		.byte	0xce
 1146 045a 08040000 		.4byte	0x408
 1147 045e 02       		.byte	0x2
 1148 045f 23       		.byte	0x23
 1149 0460 70       		.uleb128 0x70
 1150 0461 0E       		.uleb128 0xe
 1151 0462 53000000 		.4byte	.LASF67
 1152 0466 04       		.byte	0x4
 1153 0467 D2       		.byte	0xd2
 1154 0468 08040000 		.4byte	0x408
 1155 046c 03       		.byte	0x3
 1156 046d 23       		.byte	0x23
 1157 046e 8C01     		.uleb128 0x8c
 1158 0470 0E       		.uleb128 0xe
 1159 0471 8A010000 		.4byte	.LASF68
 1160 0475 04       		.byte	0x4
 1161 0476 D6       		.byte	0xd6
 1162 0477 08040000 		.4byte	0x408
 1163 047b 03       		.byte	0x3
 1164 047c 23       		.byte	0x23
 1165 047d A801     		.uleb128 0xa8
 1166 047f 0E       		.uleb128 0xe
 1167 0480 1B030000 		.4byte	.LASF69
 1168 0484 04       		.byte	0x4
 1169 0485 DA       		.byte	0xda
 1170 0486 08040000 		.4byte	0x408
 1171 048a 03       		.byte	0x3
 1172 048b 23       		.byte	0x23
 1173 048c C401     		.uleb128 0xc4
 1174 048e 0E       		.uleb128 0xe
 1175 048f 89000000 		.4byte	.LASF70
 1176 0493 04       		.byte	0x4
 1177 0494 DE       		.byte	0xde
 1178 0495 08040000 		.4byte	0x408
 1179 0499 03       		.byte	0x3
 1180 049a 23       		.byte	0x23
 1181 049b E001     		.uleb128 0xe0
 1182 049d 00       		.byte	0
 1183 049e 04       		.uleb128 0x4
 1184 049f AA020000 		.4byte	.LASF71
 1185 04a3 04       		.byte	0x4
 1186 04a4 E0       		.byte	0xe0
 1187 04a5 13040000 		.4byte	0x413
 1188 04a9 04       		.uleb128 0x4
 1189 04aa D0000000 		.4byte	.LASF72
 1190 04ae 04       		.byte	0x4
 1191 04af F0       		.byte	0xf0
 1192 04b0 70000000 		.4byte	0x70
 1193 04b4 04       		.uleb128 0x4
ARM GAS  /var/folders/ng/s8655sgx1ys_4lf9jzm2w6n00000gn/T//ccW57U5d.s 			page 22


 1194 04b5 BF000000 		.4byte	.LASF73
 1195 04b9 04       		.byte	0x4
 1196 04ba F5       		.byte	0xf5
 1197 04bb 70000000 		.4byte	0x70
 1198 04bf 04       		.uleb128 0x4
 1199 04c0 98010000 		.4byte	.LASF74
 1200 04c4 04       		.byte	0x4
 1201 04c5 FD       		.byte	0xfd
 1202 04c6 CA040000 		.4byte	0x4ca
 1203 04ca 11       		.uleb128 0x11
 1204 04cb 04       		.byte	0x4
 1205 04cc 92030000 		.4byte	0x392
 1206 04d0 12       		.uleb128 0x12
 1207 04d1 72000000 		.4byte	.LASF87
 1208 04d5 01       		.byte	0x1
 1209 04d6 56       		.byte	0x56
 1210 04d7 01       		.byte	0x1
 1211 04d8 01       		.byte	0x1
 1212 04d9 F4040000 		.4byte	0x4f4
 1213 04dd 13       		.uleb128 0x13
 1214 04de 9B000000 		.4byte	.LASF75
 1215 04e2 01       		.byte	0x1
 1216 04e3 56       		.byte	0x56
 1217 04e4 CA040000 		.4byte	0x4ca
 1218 04e8 13       		.uleb128 0x13
 1219 04e9 B8000000 		.4byte	.LASF76
 1220 04ed 01       		.byte	0x1
 1221 04ee 56       		.byte	0x56
 1222 04ef F4040000 		.4byte	0x4f4
 1223 04f3 00       		.byte	0
 1224 04f4 11       		.uleb128 0x11
 1225 04f5 04       		.byte	0x4
 1226 04f6 FA040000 		.4byte	0x4fa
 1227 04fa 14       		.uleb128 0x14
 1228 04fb 08040000 		.4byte	0x408
 1229 04ff 15       		.uleb128 0x15
 1230 0500 01       		.byte	0x1
 1231 0501 5A000000 		.4byte	.LASF77
 1232 0505 01       		.byte	0x1
 1233 0506 71       		.byte	0x71
 1234 0507 01       		.byte	0x1
 1235 0508 00000000 		.4byte	.LFB119
 1236 050c A2010000 		.4byte	.LFE119
 1237 0510 02       		.byte	0x2
 1238 0511 7D       		.byte	0x7d
 1239 0512 00       		.sleb128 0
 1240 0513 01       		.byte	0x1
 1241 0514 7A060000 		.4byte	0x67a
 1242 0518 16       		.uleb128 0x16
 1243 0519 B8000000 		.4byte	.LASF76
 1244 051d 01       		.byte	0x1
 1245 051e 71       		.byte	0x71
 1246 051f 7A060000 		.4byte	0x67a
 1247 0523 00000000 		.4byte	.LLST0
 1248 0527 17       		.uleb128 0x17
 1249 0528 D0040000 		.4byte	0x4d0
 1250 052c 20000000 		.4byte	.LBB20
ARM GAS  /var/folders/ng/s8655sgx1ys_4lf9jzm2w6n00000gn/T//ccW57U5d.s 			page 23


 1251 0530 00000000 		.4byte	.Ldebug_ranges0+0
 1252 0534 01       		.byte	0x1
 1253 0535 86       		.byte	0x86
 1254 0536 4D050000 		.4byte	0x54d
 1255 053a 18       		.uleb128 0x18
 1256 053b E8040000 		.4byte	0x4e8
 1257 053f 21000000 		.4byte	.LLST1
 1258 0543 19       		.uleb128 0x19
 1259 0544 DD040000 		.4byte	0x4dd
 1260 0548 00000240 		.4byte	0x40020000
 1261 054c 00       		.byte	0
 1262 054d 17       		.uleb128 0x17
 1263 054e D0040000 		.4byte	0x4d0
 1264 0552 28000000 		.4byte	.LBB23
 1265 0556 18000000 		.4byte	.Ldebug_ranges0+0x18
 1266 055a 01       		.byte	0x1
 1267 055b 89       		.byte	0x89
 1268 055c 73050000 		.4byte	0x573
 1269 0560 18       		.uleb128 0x18
 1270 0561 E8040000 		.4byte	0x4e8
 1271 0565 42000000 		.4byte	.LLST2
 1272 0569 19       		.uleb128 0x19
 1273 056a DD040000 		.4byte	0x4dd
 1274 056e 00040240 		.4byte	0x40020400
 1275 0572 00       		.byte	0
 1276 0573 17       		.uleb128 0x17
 1277 0574 D0040000 		.4byte	0x4d0
 1278 0578 4C000000 		.4byte	.LBB29
 1279 057c 38000000 		.4byte	.Ldebug_ranges0+0x38
 1280 0580 01       		.byte	0x1
 1281 0581 8C       		.byte	0x8c
 1282 0582 99050000 		.4byte	0x599
 1283 0586 18       		.uleb128 0x18
 1284 0587 E8040000 		.4byte	0x4e8
 1285 058b 67000000 		.4byte	.LLST3
 1286 058f 19       		.uleb128 0x19
 1287 0590 DD040000 		.4byte	0x4dd
 1288 0594 00080240 		.4byte	0x40020800
 1289 0598 00       		.byte	0
 1290 0599 17       		.uleb128 0x17
 1291 059a D0040000 		.4byte	0x4d0
 1292 059e 88000000 		.4byte	.LBB35
 1293 05a2 58000000 		.4byte	.Ldebug_ranges0+0x58
 1294 05a6 01       		.byte	0x1
 1295 05a7 8F       		.byte	0x8f
 1296 05a8 BF050000 		.4byte	0x5bf
 1297 05ac 18       		.uleb128 0x18
 1298 05ad E8040000 		.4byte	0x4e8
 1299 05b1 8C000000 		.4byte	.LLST4
 1300 05b5 19       		.uleb128 0x19
 1301 05b6 DD040000 		.4byte	0x4dd
 1302 05ba 000C0240 		.4byte	0x40020c00
 1303 05be 00       		.byte	0
 1304 05bf 17       		.uleb128 0x17
 1305 05c0 D0040000 		.4byte	0x4d0
 1306 05c4 94000000 		.4byte	.LBB41
 1307 05c8 78000000 		.4byte	.Ldebug_ranges0+0x78
ARM GAS  /var/folders/ng/s8655sgx1ys_4lf9jzm2w6n00000gn/T//ccW57U5d.s 			page 24


 1308 05cc 01       		.byte	0x1
 1309 05cd 92       		.byte	0x92
 1310 05ce E5050000 		.4byte	0x5e5
 1311 05d2 18       		.uleb128 0x18
 1312 05d3 E8040000 		.4byte	0x4e8
 1313 05d7 B2000000 		.4byte	.LLST5
 1314 05db 19       		.uleb128 0x19
 1315 05dc DD040000 		.4byte	0x4dd
 1316 05e0 00100240 		.4byte	0x40021000
 1317 05e4 00       		.byte	0
 1318 05e5 17       		.uleb128 0x17
 1319 05e6 D0040000 		.4byte	0x4d0
 1320 05ea D6000000 		.4byte	.LBB47
 1321 05ee 98000000 		.4byte	.Ldebug_ranges0+0x98
 1322 05f2 01       		.byte	0x1
 1323 05f3 95       		.byte	0x95
 1324 05f4 0B060000 		.4byte	0x60b
 1325 05f8 18       		.uleb128 0x18
 1326 05f9 E8040000 		.4byte	0x4e8
 1327 05fd D8000000 		.4byte	.LLST6
 1328 0601 19       		.uleb128 0x19
 1329 0602 DD040000 		.4byte	0x4dd
 1330 0606 00140240 		.4byte	0x40021400
 1331 060a 00       		.byte	0
 1332 060b 17       		.uleb128 0x17
 1333 060c D0040000 		.4byte	0x4d0
 1334 0610 E4000000 		.4byte	.LBB53
 1335 0614 B8000000 		.4byte	.Ldebug_ranges0+0xb8
 1336 0618 01       		.byte	0x1
 1337 0619 98       		.byte	0x98
 1338 061a 31060000 		.4byte	0x631
 1339 061e 18       		.uleb128 0x18
 1340 061f E8040000 		.4byte	0x4e8
 1341 0623 FF000000 		.4byte	.LLST7
 1342 0627 19       		.uleb128 0x19
 1343 0628 DD040000 		.4byte	0x4dd
 1344 062c 00180240 		.4byte	0x40021800
 1345 0630 00       		.byte	0
 1346 0631 17       		.uleb128 0x17
 1347 0632 D0040000 		.4byte	0x4d0
 1348 0636 16010000 		.4byte	.LBB60
 1349 063a E0000000 		.4byte	.Ldebug_ranges0+0xe0
 1350 063e 01       		.byte	0x1
 1351 063f 9B       		.byte	0x9b
 1352 0640 57060000 		.4byte	0x657
 1353 0644 18       		.uleb128 0x18
 1354 0645 E8040000 		.4byte	0x4e8
 1355 0649 26010000 		.4byte	.LLST8
 1356 064d 19       		.uleb128 0x19
 1357 064e DD040000 		.4byte	0x4dd
 1358 0652 001C0240 		.4byte	0x40021c00
 1359 0656 00       		.byte	0
 1360 0657 1A       		.uleb128 0x1a
 1361 0658 D0040000 		.4byte	0x4d0
 1362 065c 6C010000 		.4byte	.LBB69
 1363 0660 08010000 		.4byte	.Ldebug_ranges0+0x108
 1364 0664 01       		.byte	0x1
ARM GAS  /var/folders/ng/s8655sgx1ys_4lf9jzm2w6n00000gn/T//ccW57U5d.s 			page 25


 1365 0665 9E       		.byte	0x9e
 1366 0666 18       		.uleb128 0x18
 1367 0667 E8040000 		.4byte	0x4e8
 1368 066b 4D010000 		.4byte	.LLST9
 1369 066f 19       		.uleb128 0x19
 1370 0670 DD040000 		.4byte	0x4dd
 1371 0674 00200240 		.4byte	0x40022000
 1372 0678 00       		.byte	0
 1373 0679 00       		.byte	0
 1374 067a 11       		.uleb128 0x11
 1375 067b 04       		.byte	0x4
 1376 067c 80060000 		.4byte	0x680
 1377 0680 14       		.uleb128 0x14
 1378 0681 9E040000 		.4byte	0x49e
 1379 0685 1B       		.uleb128 0x1b
 1380 0686 01       		.byte	0x1
 1381 0687 11000000 		.4byte	.LASF78
 1382 068b 01       		.byte	0x1
 1383 068c B0       		.byte	0xb0
 1384 068d 01       		.byte	0x1
 1385 068e 00000000 		.4byte	.LFB120
 1386 0692 C8000000 		.4byte	.LFE120
 1387 0696 74010000 		.4byte	.LLST10
 1388 069a 01       		.byte	0x1
 1389 069b 5A070000 		.4byte	0x75a
 1390 069f 1C       		.uleb128 0x1c
 1391 06a0 C9020000 		.4byte	.LASF79
 1392 06a4 01       		.byte	0x1
 1393 06a5 B0       		.byte	0xb0
 1394 06a6 BF040000 		.4byte	0x4bf
 1395 06aa 01       		.byte	0x1
 1396 06ab 50       		.byte	0x50
 1397 06ac 16       		.uleb128 0x16
 1398 06ad 2A030000 		.4byte	.LASF80
 1399 06b1 01       		.byte	0x1
 1400 06b2 B1       		.byte	0xb1
 1401 06b3 A9040000 		.4byte	0x4a9
 1402 06b7 94010000 		.4byte	.LLST11
 1403 06bb 16       		.uleb128 0x16
 1404 06bc BA020000 		.4byte	.LASF81
 1405 06c0 01       		.byte	0x1
 1406 06c1 B2       		.byte	0xb2
 1407 06c2 B4040000 		.4byte	0x4b4
 1408 06c6 C1010000 		.4byte	.LLST12
 1409 06ca 1D       		.uleb128 0x1d
 1410 06cb 3F030000 		.4byte	.LASF55
 1411 06cf 01       		.byte	0x1
 1412 06d0 B4       		.byte	0xb4
 1413 06d1 70000000 		.4byte	0x70
 1414 06d5 01       		.byte	0x1
 1415 06d6 57       		.byte	0x57
 1416 06d7 1D       		.uleb128 0x1d
 1417 06d8 E5010000 		.4byte	.LASF56
 1418 06dc 01       		.byte	0x1
 1419 06dd B5       		.byte	0xb5
 1420 06de 70000000 		.4byte	0x70
 1421 06e2 01       		.byte	0x1
ARM GAS  /var/folders/ng/s8655sgx1ys_4lf9jzm2w6n00000gn/T//ccW57U5d.s 			page 26


 1422 06e3 56       		.byte	0x56
 1423 06e4 1D       		.uleb128 0x1d
 1424 06e5 10010000 		.4byte	.LASF57
 1425 06e9 01       		.byte	0x1
 1426 06ea B6       		.byte	0xb6
 1427 06eb 70000000 		.4byte	0x70
 1428 06ef 01       		.byte	0x1
 1429 06f0 55       		.byte	0x55
 1430 06f1 1D       		.uleb128 0x1d
 1431 06f2 2F030000 		.4byte	.LASF58
 1432 06f6 01       		.byte	0x1
 1433 06f7 B7       		.byte	0xb7
 1434 06f8 70000000 		.4byte	0x70
 1435 06fc 01       		.byte	0x1
 1436 06fd 54       		.byte	0x54
 1437 06fe 1D       		.uleb128 0x1d
 1438 06ff 64030000 		.4byte	.LASF82
 1439 0703 01       		.byte	0x1
 1440 0704 B8       		.byte	0xb8
 1441 0705 70000000 		.4byte	0x70
 1442 0709 01       		.byte	0x1
 1443 070a 52       		.byte	0x52
 1444 070b 1E       		.uleb128 0x1e
 1445 070c 62697400 		.ascii	"bit\000"
 1446 0710 01       		.byte	0x1
 1447 0711 B9       		.byte	0xb9
 1448 0712 70000000 		.4byte	0x70
 1449 0716 E2010000 		.4byte	.LLST13
 1450 071a 1F       		.uleb128 0x1f
 1451 071b 20010000 		.4byte	.Ldebug_ranges0+0x120
 1452 071f 20       		.uleb128 0x20
 1453 0720 76030000 		.4byte	.LASF83
 1454 0724 01       		.byte	0x1
 1455 0725 BC       		.byte	0xbc
 1456 0726 70000000 		.4byte	0x70
 1457 072a 01020000 		.4byte	.LLST14
 1458 072e 1E       		.uleb128 0x1e
 1459 072f 6D3100   		.ascii	"m1\000"
 1460 0732 01       		.byte	0x1
 1461 0733 BC       		.byte	0xbc
 1462 0734 70000000 		.4byte	0x70
 1463 0738 47020000 		.4byte	.LLST15
 1464 073c 1E       		.uleb128 0x1e
 1465 073d 6D3200   		.ascii	"m2\000"
 1466 0740 01       		.byte	0x1
 1467 0741 BC       		.byte	0xbc
 1468 0742 70000000 		.4byte	0x70
 1469 0746 5E020000 		.4byte	.LLST16
 1470 074a 1E       		.uleb128 0x1e
 1471 074b 6D3400   		.ascii	"m4\000"
 1472 074e 01       		.byte	0x1
 1473 074f BC       		.byte	0xbc
 1474 0750 70000000 		.4byte	0x70
 1475 0754 A1020000 		.4byte	.LLST17
 1476 0758 00       		.byte	0
 1477 0759 00       		.byte	0
 1478 075a 21       		.uleb128 0x21
ARM GAS  /var/folders/ng/s8655sgx1ys_4lf9jzm2w6n00000gn/T//ccW57U5d.s 			page 27


 1479 075b 69030000 		.4byte	.LASF88
 1480 075f 05       		.byte	0x5
 1481 0760 9806     		.2byte	0x698
 1482 0762 BA000000 		.4byte	0xba
 1483 0766 01       		.byte	0x1
 1484 0767 01       		.byte	0x1
 1485 0768 00       		.byte	0
 1486              		.section	.debug_abbrev,"",%progbits
 1487              	.Ldebug_abbrev0:
 1488 0000 01       		.uleb128 0x1
 1489 0001 11       		.uleb128 0x11
 1490 0002 01       		.byte	0x1
 1491 0003 25       		.uleb128 0x25
 1492 0004 0E       		.uleb128 0xe
 1493 0005 13       		.uleb128 0x13
 1494 0006 0B       		.uleb128 0xb
 1495 0007 03       		.uleb128 0x3
 1496 0008 0E       		.uleb128 0xe
 1497 0009 1B       		.uleb128 0x1b
 1498 000a 0E       		.uleb128 0xe
 1499 000b 55       		.uleb128 0x55
 1500 000c 06       		.uleb128 0x6
 1501 000d 11       		.uleb128 0x11
 1502 000e 01       		.uleb128 0x1
 1503 000f 52       		.uleb128 0x52
 1504 0010 01       		.uleb128 0x1
 1505 0011 10       		.uleb128 0x10
 1506 0012 06       		.uleb128 0x6
 1507 0013 00       		.byte	0
 1508 0014 00       		.byte	0
 1509 0015 02       		.uleb128 0x2
 1510 0016 24       		.uleb128 0x24
 1511 0017 00       		.byte	0
 1512 0018 0B       		.uleb128 0xb
 1513 0019 0B       		.uleb128 0xb
 1514 001a 3E       		.uleb128 0x3e
 1515 001b 0B       		.uleb128 0xb
 1516 001c 03       		.uleb128 0x3
 1517 001d 08       		.uleb128 0x8
 1518 001e 00       		.byte	0
 1519 001f 00       		.byte	0
 1520 0020 03       		.uleb128 0x3
 1521 0021 24       		.uleb128 0x24
 1522 0022 00       		.byte	0
 1523 0023 0B       		.uleb128 0xb
 1524 0024 0B       		.uleb128 0xb
 1525 0025 3E       		.uleb128 0x3e
 1526 0026 0B       		.uleb128 0xb
 1527 0027 03       		.uleb128 0x3
 1528 0028 0E       		.uleb128 0xe
 1529 0029 00       		.byte	0
 1530 002a 00       		.byte	0
 1531 002b 04       		.uleb128 0x4
 1532 002c 16       		.uleb128 0x16
 1533 002d 00       		.byte	0
 1534 002e 03       		.uleb128 0x3
 1535 002f 0E       		.uleb128 0xe
ARM GAS  /var/folders/ng/s8655sgx1ys_4lf9jzm2w6n00000gn/T//ccW57U5d.s 			page 28


 1536 0030 3A       		.uleb128 0x3a
 1537 0031 0B       		.uleb128 0xb
 1538 0032 3B       		.uleb128 0x3b
 1539 0033 0B       		.uleb128 0xb
 1540 0034 49       		.uleb128 0x49
 1541 0035 13       		.uleb128 0x13
 1542 0036 00       		.byte	0
 1543 0037 00       		.byte	0
 1544 0038 05       		.uleb128 0x5
 1545 0039 35       		.uleb128 0x35
 1546 003a 00       		.byte	0
 1547 003b 49       		.uleb128 0x49
 1548 003c 13       		.uleb128 0x13
 1549 003d 00       		.byte	0
 1550 003e 00       		.byte	0
 1551 003f 06       		.uleb128 0x6
 1552 0040 01       		.uleb128 0x1
 1553 0041 01       		.byte	0x1
 1554 0042 49       		.uleb128 0x49
 1555 0043 13       		.uleb128 0x13
 1556 0044 01       		.uleb128 0x1
 1557 0045 13       		.uleb128 0x13
 1558 0046 00       		.byte	0
 1559 0047 00       		.byte	0
 1560 0048 07       		.uleb128 0x7
 1561 0049 21       		.uleb128 0x21
 1562 004a 00       		.byte	0
 1563 004b 49       		.uleb128 0x49
 1564 004c 13       		.uleb128 0x13
 1565 004d 2F       		.uleb128 0x2f
 1566 004e 0B       		.uleb128 0xb
 1567 004f 00       		.byte	0
 1568 0050 00       		.byte	0
 1569 0051 08       		.uleb128 0x8
 1570 0052 13       		.uleb128 0x13
 1571 0053 01       		.byte	0x1
 1572 0054 0B       		.uleb128 0xb
 1573 0055 0B       		.uleb128 0xb
 1574 0056 3A       		.uleb128 0x3a
 1575 0057 0B       		.uleb128 0xb
 1576 0058 3B       		.uleb128 0x3b
 1577 0059 05       		.uleb128 0x5
 1578 005a 01       		.uleb128 0x1
 1579 005b 13       		.uleb128 0x13
 1580 005c 00       		.byte	0
 1581 005d 00       		.byte	0
 1582 005e 09       		.uleb128 0x9
 1583 005f 0D       		.uleb128 0xd
 1584 0060 00       		.byte	0
 1585 0061 03       		.uleb128 0x3
 1586 0062 08       		.uleb128 0x8
 1587 0063 3A       		.uleb128 0x3a
 1588 0064 0B       		.uleb128 0xb
 1589 0065 3B       		.uleb128 0x3b
 1590 0066 05       		.uleb128 0x5
 1591 0067 49       		.uleb128 0x49
 1592 0068 13       		.uleb128 0x13
ARM GAS  /var/folders/ng/s8655sgx1ys_4lf9jzm2w6n00000gn/T//ccW57U5d.s 			page 29


 1593 0069 38       		.uleb128 0x38
 1594 006a 0A       		.uleb128 0xa
 1595 006b 00       		.byte	0
 1596 006c 00       		.byte	0
 1597 006d 0A       		.uleb128 0xa
 1598 006e 0D       		.uleb128 0xd
 1599 006f 00       		.byte	0
 1600 0070 03       		.uleb128 0x3
 1601 0071 0E       		.uleb128 0xe
 1602 0072 3A       		.uleb128 0x3a
 1603 0073 0B       		.uleb128 0xb
 1604 0074 3B       		.uleb128 0x3b
 1605 0075 05       		.uleb128 0x5
 1606 0076 49       		.uleb128 0x49
 1607 0077 13       		.uleb128 0x13
 1608 0078 38       		.uleb128 0x38
 1609 0079 0A       		.uleb128 0xa
 1610 007a 00       		.byte	0
 1611 007b 00       		.byte	0
 1612 007c 0B       		.uleb128 0xb
 1613 007d 16       		.uleb128 0x16
 1614 007e 00       		.byte	0
 1615 007f 03       		.uleb128 0x3
 1616 0080 0E       		.uleb128 0xe
 1617 0081 3A       		.uleb128 0x3a
 1618 0082 0B       		.uleb128 0xb
 1619 0083 3B       		.uleb128 0x3b
 1620 0084 05       		.uleb128 0x5
 1621 0085 49       		.uleb128 0x49
 1622 0086 13       		.uleb128 0x13
 1623 0087 00       		.byte	0
 1624 0088 00       		.byte	0
 1625 0089 0C       		.uleb128 0xc
 1626 008a 13       		.uleb128 0x13
 1627 008b 01       		.byte	0x1
 1628 008c 0B       		.uleb128 0xb
 1629 008d 0B       		.uleb128 0xb
 1630 008e 3A       		.uleb128 0x3a
 1631 008f 0B       		.uleb128 0xb
 1632 0090 3B       		.uleb128 0x3b
 1633 0091 0B       		.uleb128 0xb
 1634 0092 01       		.uleb128 0x1
 1635 0093 13       		.uleb128 0x13
 1636 0094 00       		.byte	0
 1637 0095 00       		.byte	0
 1638 0096 0D       		.uleb128 0xd
 1639 0097 0D       		.uleb128 0xd
 1640 0098 00       		.byte	0
 1641 0099 03       		.uleb128 0x3
 1642 009a 08       		.uleb128 0x8
 1643 009b 3A       		.uleb128 0x3a
 1644 009c 0B       		.uleb128 0xb
 1645 009d 3B       		.uleb128 0x3b
 1646 009e 0B       		.uleb128 0xb
 1647 009f 49       		.uleb128 0x49
 1648 00a0 13       		.uleb128 0x13
 1649 00a1 38       		.uleb128 0x38
ARM GAS  /var/folders/ng/s8655sgx1ys_4lf9jzm2w6n00000gn/T//ccW57U5d.s 			page 30


 1650 00a2 0A       		.uleb128 0xa
 1651 00a3 00       		.byte	0
 1652 00a4 00       		.byte	0
 1653 00a5 0E       		.uleb128 0xe
 1654 00a6 0D       		.uleb128 0xd
 1655 00a7 00       		.byte	0
 1656 00a8 03       		.uleb128 0x3
 1657 00a9 0E       		.uleb128 0xe
 1658 00aa 3A       		.uleb128 0x3a
 1659 00ab 0B       		.uleb128 0xb
 1660 00ac 3B       		.uleb128 0x3b
 1661 00ad 0B       		.uleb128 0xb
 1662 00ae 49       		.uleb128 0x49
 1663 00af 13       		.uleb128 0x13
 1664 00b0 38       		.uleb128 0x38
 1665 00b1 0A       		.uleb128 0xa
 1666 00b2 00       		.byte	0
 1667 00b3 00       		.byte	0
 1668 00b4 0F       		.uleb128 0xf
 1669 00b5 17       		.uleb128 0x17
 1670 00b6 01       		.byte	0x1
 1671 00b7 0B       		.uleb128 0xb
 1672 00b8 0B       		.uleb128 0xb
 1673 00b9 3A       		.uleb128 0x3a
 1674 00ba 0B       		.uleb128 0xb
 1675 00bb 3B       		.uleb128 0x3b
 1676 00bc 0B       		.uleb128 0xb
 1677 00bd 01       		.uleb128 0x1
 1678 00be 13       		.uleb128 0x13
 1679 00bf 00       		.byte	0
 1680 00c0 00       		.byte	0
 1681 00c1 10       		.uleb128 0x10
 1682 00c2 0D       		.uleb128 0xd
 1683 00c3 00       		.byte	0
 1684 00c4 03       		.uleb128 0x3
 1685 00c5 08       		.uleb128 0x8
 1686 00c6 3A       		.uleb128 0x3a
 1687 00c7 0B       		.uleb128 0xb
 1688 00c8 3B       		.uleb128 0x3b
 1689 00c9 0B       		.uleb128 0xb
 1690 00ca 49       		.uleb128 0x49
 1691 00cb 13       		.uleb128 0x13
 1692 00cc 00       		.byte	0
 1693 00cd 00       		.byte	0
 1694 00ce 11       		.uleb128 0x11
 1695 00cf 0F       		.uleb128 0xf
 1696 00d0 00       		.byte	0
 1697 00d1 0B       		.uleb128 0xb
 1698 00d2 0B       		.uleb128 0xb
 1699 00d3 49       		.uleb128 0x49
 1700 00d4 13       		.uleb128 0x13
 1701 00d5 00       		.byte	0
 1702 00d6 00       		.byte	0
 1703 00d7 12       		.uleb128 0x12
 1704 00d8 2E       		.uleb128 0x2e
 1705 00d9 01       		.byte	0x1
 1706 00da 03       		.uleb128 0x3
ARM GAS  /var/folders/ng/s8655sgx1ys_4lf9jzm2w6n00000gn/T//ccW57U5d.s 			page 31


 1707 00db 0E       		.uleb128 0xe
 1708 00dc 3A       		.uleb128 0x3a
 1709 00dd 0B       		.uleb128 0xb
 1710 00de 3B       		.uleb128 0x3b
 1711 00df 0B       		.uleb128 0xb
 1712 00e0 27       		.uleb128 0x27
 1713 00e1 0C       		.uleb128 0xc
 1714 00e2 20       		.uleb128 0x20
 1715 00e3 0B       		.uleb128 0xb
 1716 00e4 01       		.uleb128 0x1
 1717 00e5 13       		.uleb128 0x13
 1718 00e6 00       		.byte	0
 1719 00e7 00       		.byte	0
 1720 00e8 13       		.uleb128 0x13
 1721 00e9 05       		.uleb128 0x5
 1722 00ea 00       		.byte	0
 1723 00eb 03       		.uleb128 0x3
 1724 00ec 0E       		.uleb128 0xe
 1725 00ed 3A       		.uleb128 0x3a
 1726 00ee 0B       		.uleb128 0xb
 1727 00ef 3B       		.uleb128 0x3b
 1728 00f0 0B       		.uleb128 0xb
 1729 00f1 49       		.uleb128 0x49
 1730 00f2 13       		.uleb128 0x13
 1731 00f3 00       		.byte	0
 1732 00f4 00       		.byte	0
 1733 00f5 14       		.uleb128 0x14
 1734 00f6 26       		.uleb128 0x26
 1735 00f7 00       		.byte	0
 1736 00f8 49       		.uleb128 0x49
 1737 00f9 13       		.uleb128 0x13
 1738 00fa 00       		.byte	0
 1739 00fb 00       		.byte	0
 1740 00fc 15       		.uleb128 0x15
 1741 00fd 2E       		.uleb128 0x2e
 1742 00fe 01       		.byte	0x1
 1743 00ff 3F       		.uleb128 0x3f
 1744 0100 0C       		.uleb128 0xc
 1745 0101 03       		.uleb128 0x3
 1746 0102 0E       		.uleb128 0xe
 1747 0103 3A       		.uleb128 0x3a
 1748 0104 0B       		.uleb128 0xb
 1749 0105 3B       		.uleb128 0x3b
 1750 0106 0B       		.uleb128 0xb
 1751 0107 27       		.uleb128 0x27
 1752 0108 0C       		.uleb128 0xc
 1753 0109 11       		.uleb128 0x11
 1754 010a 01       		.uleb128 0x1
 1755 010b 12       		.uleb128 0x12
 1756 010c 01       		.uleb128 0x1
 1757 010d 40       		.uleb128 0x40
 1758 010e 0A       		.uleb128 0xa
 1759 010f 9742     		.uleb128 0x2117
 1760 0111 0C       		.uleb128 0xc
 1761 0112 01       		.uleb128 0x1
 1762 0113 13       		.uleb128 0x13
 1763 0114 00       		.byte	0
ARM GAS  /var/folders/ng/s8655sgx1ys_4lf9jzm2w6n00000gn/T//ccW57U5d.s 			page 32


 1764 0115 00       		.byte	0
 1765 0116 16       		.uleb128 0x16
 1766 0117 05       		.uleb128 0x5
 1767 0118 00       		.byte	0
 1768 0119 03       		.uleb128 0x3
 1769 011a 0E       		.uleb128 0xe
 1770 011b 3A       		.uleb128 0x3a
 1771 011c 0B       		.uleb128 0xb
 1772 011d 3B       		.uleb128 0x3b
 1773 011e 0B       		.uleb128 0xb
 1774 011f 49       		.uleb128 0x49
 1775 0120 13       		.uleb128 0x13
 1776 0121 02       		.uleb128 0x2
 1777 0122 06       		.uleb128 0x6
 1778 0123 00       		.byte	0
 1779 0124 00       		.byte	0
 1780 0125 17       		.uleb128 0x17
 1781 0126 1D       		.uleb128 0x1d
 1782 0127 01       		.byte	0x1
 1783 0128 31       		.uleb128 0x31
 1784 0129 13       		.uleb128 0x13
 1785 012a 52       		.uleb128 0x52
 1786 012b 01       		.uleb128 0x1
 1787 012c 55       		.uleb128 0x55
 1788 012d 06       		.uleb128 0x6
 1789 012e 58       		.uleb128 0x58
 1790 012f 0B       		.uleb128 0xb
 1791 0130 59       		.uleb128 0x59
 1792 0131 0B       		.uleb128 0xb
 1793 0132 01       		.uleb128 0x1
 1794 0133 13       		.uleb128 0x13
 1795 0134 00       		.byte	0
 1796 0135 00       		.byte	0
 1797 0136 18       		.uleb128 0x18
 1798 0137 05       		.uleb128 0x5
 1799 0138 00       		.byte	0
 1800 0139 31       		.uleb128 0x31
 1801 013a 13       		.uleb128 0x13
 1802 013b 02       		.uleb128 0x2
 1803 013c 06       		.uleb128 0x6
 1804 013d 00       		.byte	0
 1805 013e 00       		.byte	0
 1806 013f 19       		.uleb128 0x19
 1807 0140 05       		.uleb128 0x5
 1808 0141 00       		.byte	0
 1809 0142 31       		.uleb128 0x31
 1810 0143 13       		.uleb128 0x13
 1811 0144 1C       		.uleb128 0x1c
 1812 0145 06       		.uleb128 0x6
 1813 0146 00       		.byte	0
 1814 0147 00       		.byte	0
 1815 0148 1A       		.uleb128 0x1a
 1816 0149 1D       		.uleb128 0x1d
 1817 014a 01       		.byte	0x1
 1818 014b 31       		.uleb128 0x31
 1819 014c 13       		.uleb128 0x13
 1820 014d 52       		.uleb128 0x52
ARM GAS  /var/folders/ng/s8655sgx1ys_4lf9jzm2w6n00000gn/T//ccW57U5d.s 			page 33


 1821 014e 01       		.uleb128 0x1
 1822 014f 55       		.uleb128 0x55
 1823 0150 06       		.uleb128 0x6
 1824 0151 58       		.uleb128 0x58
 1825 0152 0B       		.uleb128 0xb
 1826 0153 59       		.uleb128 0x59
 1827 0154 0B       		.uleb128 0xb
 1828 0155 00       		.byte	0
 1829 0156 00       		.byte	0
 1830 0157 1B       		.uleb128 0x1b
 1831 0158 2E       		.uleb128 0x2e
 1832 0159 01       		.byte	0x1
 1833 015a 3F       		.uleb128 0x3f
 1834 015b 0C       		.uleb128 0xc
 1835 015c 03       		.uleb128 0x3
 1836 015d 0E       		.uleb128 0xe
 1837 015e 3A       		.uleb128 0x3a
 1838 015f 0B       		.uleb128 0xb
 1839 0160 3B       		.uleb128 0x3b
 1840 0161 0B       		.uleb128 0xb
 1841 0162 27       		.uleb128 0x27
 1842 0163 0C       		.uleb128 0xc
 1843 0164 11       		.uleb128 0x11
 1844 0165 01       		.uleb128 0x1
 1845 0166 12       		.uleb128 0x12
 1846 0167 01       		.uleb128 0x1
 1847 0168 40       		.uleb128 0x40
 1848 0169 06       		.uleb128 0x6
 1849 016a 9742     		.uleb128 0x2117
 1850 016c 0C       		.uleb128 0xc
 1851 016d 01       		.uleb128 0x1
 1852 016e 13       		.uleb128 0x13
 1853 016f 00       		.byte	0
 1854 0170 00       		.byte	0
 1855 0171 1C       		.uleb128 0x1c
 1856 0172 05       		.uleb128 0x5
 1857 0173 00       		.byte	0
 1858 0174 03       		.uleb128 0x3
 1859 0175 0E       		.uleb128 0xe
 1860 0176 3A       		.uleb128 0x3a
 1861 0177 0B       		.uleb128 0xb
 1862 0178 3B       		.uleb128 0x3b
 1863 0179 0B       		.uleb128 0xb
 1864 017a 49       		.uleb128 0x49
 1865 017b 13       		.uleb128 0x13
 1866 017c 02       		.uleb128 0x2
 1867 017d 0A       		.uleb128 0xa
 1868 017e 00       		.byte	0
 1869 017f 00       		.byte	0
 1870 0180 1D       		.uleb128 0x1d
 1871 0181 34       		.uleb128 0x34
 1872 0182 00       		.byte	0
 1873 0183 03       		.uleb128 0x3
 1874 0184 0E       		.uleb128 0xe
 1875 0185 3A       		.uleb128 0x3a
 1876 0186 0B       		.uleb128 0xb
 1877 0187 3B       		.uleb128 0x3b
ARM GAS  /var/folders/ng/s8655sgx1ys_4lf9jzm2w6n00000gn/T//ccW57U5d.s 			page 34


 1878 0188 0B       		.uleb128 0xb
 1879 0189 49       		.uleb128 0x49
 1880 018a 13       		.uleb128 0x13
 1881 018b 02       		.uleb128 0x2
 1882 018c 0A       		.uleb128 0xa
 1883 018d 00       		.byte	0
 1884 018e 00       		.byte	0
 1885 018f 1E       		.uleb128 0x1e
 1886 0190 34       		.uleb128 0x34
 1887 0191 00       		.byte	0
 1888 0192 03       		.uleb128 0x3
 1889 0193 08       		.uleb128 0x8
 1890 0194 3A       		.uleb128 0x3a
 1891 0195 0B       		.uleb128 0xb
 1892 0196 3B       		.uleb128 0x3b
 1893 0197 0B       		.uleb128 0xb
 1894 0198 49       		.uleb128 0x49
 1895 0199 13       		.uleb128 0x13
 1896 019a 02       		.uleb128 0x2
 1897 019b 06       		.uleb128 0x6
 1898 019c 00       		.byte	0
 1899 019d 00       		.byte	0
 1900 019e 1F       		.uleb128 0x1f
 1901 019f 0B       		.uleb128 0xb
 1902 01a0 01       		.byte	0x1
 1903 01a1 55       		.uleb128 0x55
 1904 01a2 06       		.uleb128 0x6
 1905 01a3 00       		.byte	0
 1906 01a4 00       		.byte	0
 1907 01a5 20       		.uleb128 0x20
 1908 01a6 34       		.uleb128 0x34
 1909 01a7 00       		.byte	0
 1910 01a8 03       		.uleb128 0x3
 1911 01a9 0E       		.uleb128 0xe
 1912 01aa 3A       		.uleb128 0x3a
 1913 01ab 0B       		.uleb128 0xb
 1914 01ac 3B       		.uleb128 0x3b
 1915 01ad 0B       		.uleb128 0xb
 1916 01ae 49       		.uleb128 0x49
 1917 01af 13       		.uleb128 0x13
 1918 01b0 02       		.uleb128 0x2
 1919 01b1 06       		.uleb128 0x6
 1920 01b2 00       		.byte	0
 1921 01b3 00       		.byte	0
 1922 01b4 21       		.uleb128 0x21
 1923 01b5 34       		.uleb128 0x34
 1924 01b6 00       		.byte	0
 1925 01b7 03       		.uleb128 0x3
 1926 01b8 0E       		.uleb128 0xe
 1927 01b9 3A       		.uleb128 0x3a
 1928 01ba 0B       		.uleb128 0xb
 1929 01bb 3B       		.uleb128 0x3b
 1930 01bc 05       		.uleb128 0x5
 1931 01bd 49       		.uleb128 0x49
 1932 01be 13       		.uleb128 0x13
 1933 01bf 3F       		.uleb128 0x3f
 1934 01c0 0C       		.uleb128 0xc
ARM GAS  /var/folders/ng/s8655sgx1ys_4lf9jzm2w6n00000gn/T//ccW57U5d.s 			page 35


 1935 01c1 3C       		.uleb128 0x3c
 1936 01c2 0C       		.uleb128 0xc
 1937 01c3 00       		.byte	0
 1938 01c4 00       		.byte	0
 1939 01c5 00       		.byte	0
 1940              		.section	.debug_loc,"",%progbits
 1941              	.Ldebug_loc0:
 1942              	.LLST0:
 1943 0000 00000000 		.4byte	.LVL0
 1944 0004 9E010000 		.4byte	.LVL10
 1945 0008 0100     		.2byte	0x1
 1946 000a 50       		.byte	0x50
 1947 000b 9E010000 		.4byte	.LVL10
 1948 000f A2010000 		.4byte	.LFE119
 1949 0013 0400     		.2byte	0x4
 1950 0015 F3       		.byte	0xf3
 1951 0016 01       		.uleb128 0x1
 1952 0017 50       		.byte	0x50
 1953 0018 9F       		.byte	0x9f
 1954 0019 00000000 		.4byte	0
 1955 001d 00000000 		.4byte	0
 1956              	.LLST1:
 1957 0021 20000000 		.4byte	.LVL1
 1958 0025 9E010000 		.4byte	.LVL10
 1959 0029 0100     		.2byte	0x1
 1960 002b 50       		.byte	0x50
 1961 002c 9E010000 		.4byte	.LVL10
 1962 0030 A2010000 		.4byte	.LFE119
 1963 0034 0400     		.2byte	0x4
 1964 0036 F3       		.byte	0xf3
 1965 0037 01       		.uleb128 0x1
 1966 0038 50       		.byte	0x50
 1967 0039 9F       		.byte	0x9f
 1968 003a 00000000 		.4byte	0
 1969 003e 00000000 		.4byte	0
 1970              	.LLST2:
 1971 0042 46000000 		.4byte	.LVL2
 1972 0046 9E010000 		.4byte	.LVL10
 1973 004a 0300     		.2byte	0x3
 1974 004c 70       		.byte	0x70
 1975 004d 1C       		.sleb128 28
 1976 004e 9F       		.byte	0x9f
 1977 004f 9E010000 		.4byte	.LVL10
 1978 0053 A2010000 		.4byte	.LFE119
 1979 0057 0600     		.2byte	0x6
 1980 0059 F3       		.byte	0xf3
 1981 005a 01       		.uleb128 0x1
 1982 005b 50       		.byte	0x50
 1983 005c 23       		.byte	0x23
 1984 005d 1C       		.uleb128 0x1c
 1985 005e 9F       		.byte	0x9f
 1986 005f 00000000 		.4byte	0
 1987 0063 00000000 		.4byte	0
 1988              	.LLST3:
 1989 0067 6A000000 		.4byte	.LVL3
 1990 006b 9E010000 		.4byte	.LVL10
 1991 006f 0300     		.2byte	0x3
ARM GAS  /var/folders/ng/s8655sgx1ys_4lf9jzm2w6n00000gn/T//ccW57U5d.s 			page 36


 1992 0071 70       		.byte	0x70
 1993 0072 38       		.sleb128 56
 1994 0073 9F       		.byte	0x9f
 1995 0074 9E010000 		.4byte	.LVL10
 1996 0078 A2010000 		.4byte	.LFE119
 1997 007c 0600     		.2byte	0x6
 1998 007e F3       		.byte	0xf3
 1999 007f 01       		.uleb128 0x1
 2000 0080 50       		.byte	0x50
 2001 0081 23       		.byte	0x23
 2002 0082 38       		.uleb128 0x38
 2003 0083 9F       		.byte	0x9f
 2004 0084 00000000 		.4byte	0
 2005 0088 00000000 		.4byte	0
 2006              	.LLST4:
 2007 008c 8E000000 		.4byte	.LVL4
 2008 0090 9E010000 		.4byte	.LVL10
 2009 0094 0400     		.2byte	0x4
 2010 0096 70       		.byte	0x70
 2011 0097 D400     		.sleb128 84
 2012 0099 9F       		.byte	0x9f
 2013 009a 9E010000 		.4byte	.LVL10
 2014 009e A2010000 		.4byte	.LFE119
 2015 00a2 0600     		.2byte	0x6
 2016 00a4 F3       		.byte	0xf3
 2017 00a5 01       		.uleb128 0x1
 2018 00a6 50       		.byte	0x50
 2019 00a7 23       		.byte	0x23
 2020 00a8 54       		.uleb128 0x54
 2021 00a9 9F       		.byte	0x9f
 2022 00aa 00000000 		.4byte	0
 2023 00ae 00000000 		.4byte	0
 2024              	.LLST5:
 2025 00b2 B2000000 		.4byte	.LVL5
 2026 00b6 9E010000 		.4byte	.LVL10
 2027 00ba 0400     		.2byte	0x4
 2028 00bc 70       		.byte	0x70
 2029 00bd F000     		.sleb128 112
 2030 00bf 9F       		.byte	0x9f
 2031 00c0 9E010000 		.4byte	.LVL10
 2032 00c4 A2010000 		.4byte	.LFE119
 2033 00c8 0600     		.2byte	0x6
 2034 00ca F3       		.byte	0xf3
 2035 00cb 01       		.uleb128 0x1
 2036 00cc 50       		.byte	0x50
 2037 00cd 23       		.byte	0x23
 2038 00ce 70       		.uleb128 0x70
 2039 00cf 9F       		.byte	0x9f
 2040 00d0 00000000 		.4byte	0
 2041 00d4 00000000 		.4byte	0
 2042              	.LLST6:
 2043 00d8 DC000000 		.4byte	.LVL6
 2044 00dc 9E010000 		.4byte	.LVL10
 2045 00e0 0400     		.2byte	0x4
 2046 00e2 70       		.byte	0x70
 2047 00e3 8C01     		.sleb128 140
 2048 00e5 9F       		.byte	0x9f
ARM GAS  /var/folders/ng/s8655sgx1ys_4lf9jzm2w6n00000gn/T//ccW57U5d.s 			page 37


 2049 00e6 9E010000 		.4byte	.LVL10
 2050 00ea A2010000 		.4byte	.LFE119
 2051 00ee 0700     		.2byte	0x7
 2052 00f0 F3       		.byte	0xf3
 2053 00f1 01       		.uleb128 0x1
 2054 00f2 50       		.byte	0x50
 2055 00f3 23       		.byte	0x23
 2056 00f4 8C01     		.uleb128 0x8c
 2057 00f6 9F       		.byte	0x9f
 2058 00f7 00000000 		.4byte	0
 2059 00fb 00000000 		.4byte	0
 2060              	.LLST7:
 2061 00ff 0E010000 		.4byte	.LVL7
 2062 0103 9E010000 		.4byte	.LVL10
 2063 0107 0400     		.2byte	0x4
 2064 0109 70       		.byte	0x70
 2065 010a A801     		.sleb128 168
 2066 010c 9F       		.byte	0x9f
 2067 010d 9E010000 		.4byte	.LVL10
 2068 0111 A2010000 		.4byte	.LFE119
 2069 0115 0700     		.2byte	0x7
 2070 0117 F3       		.byte	0xf3
 2071 0118 01       		.uleb128 0x1
 2072 0119 50       		.byte	0x50
 2073 011a 23       		.byte	0x23
 2074 011b A801     		.uleb128 0xa8
 2075 011d 9F       		.byte	0x9f
 2076 011e 00000000 		.4byte	0
 2077 0122 00000000 		.4byte	0
 2078              	.LLST8:
 2079 0126 44010000 		.4byte	.LVL8
 2080 012a 9E010000 		.4byte	.LVL10
 2081 012e 0400     		.2byte	0x4
 2082 0130 70       		.byte	0x70
 2083 0131 C401     		.sleb128 196
 2084 0133 9F       		.byte	0x9f
 2085 0134 9E010000 		.4byte	.LVL10
 2086 0138 A2010000 		.4byte	.LFE119
 2087 013c 0700     		.2byte	0x7
 2088 013e F3       		.byte	0xf3
 2089 013f 01       		.uleb128 0x1
 2090 0140 50       		.byte	0x50
 2091 0141 23       		.byte	0x23
 2092 0142 C401     		.uleb128 0xc4
 2093 0144 9F       		.byte	0x9f
 2094 0145 00000000 		.4byte	0
 2095 0149 00000000 		.4byte	0
 2096              	.LLST9:
 2097 014d 72010000 		.4byte	.LVL9
 2098 0151 9E010000 		.4byte	.LVL10
 2099 0155 0400     		.2byte	0x4
 2100 0157 70       		.byte	0x70
 2101 0158 E001     		.sleb128 224
 2102 015a 9F       		.byte	0x9f
 2103 015b 9E010000 		.4byte	.LVL10
 2104 015f A2010000 		.4byte	.LFE119
 2105 0163 0700     		.2byte	0x7
ARM GAS  /var/folders/ng/s8655sgx1ys_4lf9jzm2w6n00000gn/T//ccW57U5d.s 			page 38


 2106 0165 F3       		.byte	0xf3
 2107 0166 01       		.uleb128 0x1
 2108 0167 50       		.byte	0x50
 2109 0168 23       		.byte	0x23
 2110 0169 E001     		.uleb128 0xe0
 2111 016b 9F       		.byte	0x9f
 2112 016c 00000000 		.4byte	0
 2113 0170 00000000 		.4byte	0
 2114              	.LLST10:
 2115 0174 00000000 		.4byte	.LFB120
 2116 0178 04000000 		.4byte	.LCFI0
 2117 017c 0200     		.2byte	0x2
 2118 017e 7D       		.byte	0x7d
 2119 017f 00       		.sleb128 0
 2120 0180 04000000 		.4byte	.LCFI0
 2121 0184 C8000000 		.4byte	.LFE120
 2122 0188 0200     		.2byte	0x2
 2123 018a 7D       		.byte	0x7d
 2124 018b 20       		.sleb128 32
 2125 018c 00000000 		.4byte	0
 2126 0190 00000000 		.4byte	0
 2127              	.LLST11:
 2128 0194 00000000 		.4byte	.LVL11
 2129 0198 88000000 		.4byte	.LVL25
 2130 019c 0100     		.2byte	0x1
 2131 019e 51       		.byte	0x51
 2132 019f 88000000 		.4byte	.LVL25
 2133 01a3 8A000000 		.4byte	.LVL26
 2134 01a7 0500     		.2byte	0x5
 2135 01a9 71       		.byte	0x71
 2136 01aa 00       		.sleb128 0
 2137 01ab 31       		.byte	0x31
 2138 01ac 25       		.byte	0x25
 2139 01ad 9F       		.byte	0x9f
 2140 01ae 8A000000 		.4byte	.LVL26
 2141 01b2 C8000000 		.4byte	.LFE120
 2142 01b6 0100     		.2byte	0x1
 2143 01b8 51       		.byte	0x51
 2144 01b9 00000000 		.4byte	0
 2145 01bd 00000000 		.4byte	0
 2146              	.LLST12:
 2147 01c1 00000000 		.4byte	.LVL11
 2148 01c5 1E000000 		.4byte	.LVL16
 2149 01c9 0100     		.2byte	0x1
 2150 01cb 52       		.byte	0x52
 2151 01cc 1E000000 		.4byte	.LVL16
 2152 01d0 C8000000 		.4byte	.LFE120
 2153 01d4 0400     		.2byte	0x4
 2154 01d6 F3       		.byte	0xf3
 2155 01d7 01       		.uleb128 0x1
 2156 01d8 52       		.byte	0x52
 2157 01d9 9F       		.byte	0x9f
 2158 01da 00000000 		.4byte	0
 2159 01de 00000000 		.4byte	0
 2160              	.LLST13:
 2161 01e2 1E000000 		.4byte	.LVL16
 2162 01e6 24000000 		.4byte	.LVL17
ARM GAS  /var/folders/ng/s8655sgx1ys_4lf9jzm2w6n00000gn/T//ccW57U5d.s 			page 39


 2163 01ea 0200     		.2byte	0x2
 2164 01ec 30       		.byte	0x30
 2165 01ed 9F       		.byte	0x9f
 2166 01ee 24000000 		.4byte	.LVL17
 2167 01f2 C8000000 		.4byte	.LFE120
 2168 01f6 0100     		.2byte	0x1
 2169 01f8 53       		.byte	0x53
 2170 01f9 00000000 		.4byte	0
 2171 01fd 00000000 		.4byte	0
 2172              	.LLST14:
 2173 0201 24000000 		.4byte	.LVL17
 2174 0205 30000000 		.4byte	.LVL19
 2175 0209 0100     		.2byte	0x1
 2176 020b 58       		.byte	0x58
 2177 020c 30000000 		.4byte	.LVL19
 2178 0210 96000000 		.4byte	.LVL31
 2179 0214 0A00     		.2byte	0xa
 2180 0216 72       		.byte	0x72
 2181 0217 00       		.sleb128 0
 2182 0218 73       		.byte	0x73
 2183 0219 00       		.sleb128 0
 2184 021a 37       		.byte	0x37
 2185 021b 1A       		.byte	0x1a
 2186 021c 32       		.byte	0x32
 2187 021d 24       		.byte	0x24
 2188 021e 24       		.byte	0x24
 2189 021f 9F       		.byte	0x9f
 2190 0220 A6000000 		.4byte	.LVL32
 2191 0224 BC000000 		.4byte	.LVL35
 2192 0228 0100     		.2byte	0x1
 2193 022a 58       		.byte	0x58
 2194 022b BC000000 		.4byte	.LVL35
 2195 022f C8000000 		.4byte	.LFE120
 2196 0233 0A00     		.2byte	0xa
 2197 0235 72       		.byte	0x72
 2198 0236 00       		.sleb128 0
 2199 0237 73       		.byte	0x73
 2200 0238 00       		.sleb128 0
 2201 0239 37       		.byte	0x37
 2202 023a 1A       		.byte	0x1a
 2203 023b 32       		.byte	0x32
 2204 023c 24       		.byte	0x24
 2205 023d 24       		.byte	0x24
 2206 023e 9F       		.byte	0x9f
 2207 023f 00000000 		.4byte	0
 2208 0243 00000000 		.4byte	0
 2209              	.LLST15:
 2210 0247 34000000 		.4byte	.LVL20
 2211 024b 88000000 		.4byte	.LVL25
 2212 024f 0500     		.2byte	0x5
 2213 0251 31       		.byte	0x31
 2214 0252 73       		.byte	0x73
 2215 0253 00       		.sleb128 0
 2216 0254 24       		.byte	0x24
 2217 0255 9F       		.byte	0x9f
 2218 0256 00000000 		.4byte	0
 2219 025a 00000000 		.4byte	0
ARM GAS  /var/folders/ng/s8655sgx1ys_4lf9jzm2w6n00000gn/T//ccW57U5d.s 			page 40


 2220              	.LLST16:
 2221 025e 48000000 		.4byte	.LVL21
 2222 0262 58000000 		.4byte	.LVL22
 2223 0266 0700     		.2byte	0x7
 2224 0268 33       		.byte	0x33
 2225 0269 73       		.byte	0x73
 2226 026a 00       		.sleb128 0
 2227 026b 31       		.byte	0x31
 2228 026c 24       		.byte	0x24
 2229 026d 24       		.byte	0x24
 2230 026e 9F       		.byte	0x9f
 2231 026f 58000000 		.4byte	.LVL22
 2232 0273 5C000000 		.4byte	.LVL23
 2233 0277 0100     		.2byte	0x1
 2234 0279 5C       		.byte	0x5c
 2235 027a 5C000000 		.4byte	.LVL23
 2236 027e 80000000 		.4byte	.LVL24
 2237 0282 0400     		.2byte	0x4
 2238 0284 7C       		.byte	0x7c
 2239 0285 00       		.sleb128 0
 2240 0286 20       		.byte	0x20
 2241 0287 9F       		.byte	0x9f
 2242 0288 80000000 		.4byte	.LVL24
 2243 028c 88000000 		.4byte	.LVL25
 2244 0290 0700     		.2byte	0x7
 2245 0292 33       		.byte	0x33
 2246 0293 73       		.byte	0x73
 2247 0294 00       		.sleb128 0
 2248 0295 31       		.byte	0x31
 2249 0296 24       		.byte	0x24
 2250 0297 24       		.byte	0x24
 2251 0298 9F       		.byte	0x9f
 2252 0299 00000000 		.4byte	0
 2253 029d 00000000 		.4byte	0
 2254              	.LLST17:
 2255 02a1 24000000 		.4byte	.LVL17
 2256 02a5 2C000000 		.4byte	.LVL18
 2257 02a9 0100     		.2byte	0x1
 2258 02ab 5C       		.byte	0x5c
 2259 02ac 2C000000 		.4byte	.LVL18
 2260 02b0 96000000 		.4byte	.LVL31
 2261 02b4 0A00     		.2byte	0xa
 2262 02b6 79       		.byte	0x79
 2263 02b7 00       		.sleb128 0
 2264 02b8 73       		.byte	0x73
 2265 02b9 00       		.sleb128 0
 2266 02ba 37       		.byte	0x37
 2267 02bb 1A       		.byte	0x1a
 2268 02bc 32       		.byte	0x32
 2269 02bd 24       		.byte	0x24
 2270 02be 24       		.byte	0x24
 2271 02bf 9F       		.byte	0x9f
 2272 02c0 AA000000 		.4byte	.LVL33
 2273 02c4 B8000000 		.4byte	.LVL34
 2274 02c8 0100     		.2byte	0x1
 2275 02ca 5C       		.byte	0x5c
 2276 02cb B8000000 		.4byte	.LVL34
ARM GAS  /var/folders/ng/s8655sgx1ys_4lf9jzm2w6n00000gn/T//ccW57U5d.s 			page 41


 2277 02cf C8000000 		.4byte	.LFE120
 2278 02d3 0A00     		.2byte	0xa
 2279 02d5 79       		.byte	0x79
 2280 02d6 00       		.sleb128 0
 2281 02d7 73       		.byte	0x73
 2282 02d8 00       		.sleb128 0
 2283 02d9 37       		.byte	0x37
 2284 02da 1A       		.byte	0x1a
 2285 02db 32       		.byte	0x32
 2286 02dc 24       		.byte	0x24
 2287 02dd 24       		.byte	0x24
 2288 02de 9F       		.byte	0x9f
 2289 02df 00000000 		.4byte	0
 2290 02e3 00000000 		.4byte	0
 2291              		.section	.debug_aranges,"",%progbits
 2292 0000 24000000 		.4byte	0x24
 2293 0004 0200     		.2byte	0x2
 2294 0006 00000000 		.4byte	.Ldebug_info0
 2295 000a 04       		.byte	0x4
 2296 000b 00       		.byte	0
 2297 000c 0000     		.2byte	0
 2298 000e 0000     		.2byte	0
 2299 0010 00000000 		.4byte	.LFB119
 2300 0014 A2010000 		.4byte	.LFE119-.LFB119
 2301 0018 00000000 		.4byte	.LFB120
 2302 001c C8000000 		.4byte	.LFE120-.LFB120
 2303 0020 00000000 		.4byte	0
 2304 0024 00000000 		.4byte	0
 2305              		.section	.debug_ranges,"",%progbits
 2306              	.Ldebug_ranges0:
 2307 0000 20000000 		.4byte	.LBB20
 2308 0004 28000000 		.4byte	.LBE20
 2309 0008 2C000000 		.4byte	.LBB27
 2310 000c 46000000 		.4byte	.LBE27
 2311 0010 00000000 		.4byte	0
 2312 0014 00000000 		.4byte	0
 2313 0018 28000000 		.4byte	.LBB23
 2314 001c 2C000000 		.4byte	.LBE23
 2315 0020 46000000 		.4byte	.LBB28
 2316 0024 4C000000 		.4byte	.LBE28
 2317 0028 50000000 		.4byte	.LBB33
 2318 002c 6A000000 		.4byte	.LBE33
 2319 0030 00000000 		.4byte	0
 2320 0034 00000000 		.4byte	0
 2321 0038 4C000000 		.4byte	.LBB29
 2322 003c 50000000 		.4byte	.LBE29
 2323 0040 6A000000 		.4byte	.LBB34
 2324 0044 88000000 		.4byte	.LBE34
 2325 0048 8C000000 		.4byte	.LBB39
 2326 004c 8E000000 		.4byte	.LBE39
 2327 0050 00000000 		.4byte	0
 2328 0054 00000000 		.4byte	0
 2329 0058 88000000 		.4byte	.LBB35
 2330 005c 8C000000 		.4byte	.LBE35
 2331 0060 8E000000 		.4byte	.LBB40
 2332 0064 94000000 		.4byte	.LBE40
 2333 0068 98000000 		.4byte	.LBB45
ARM GAS  /var/folders/ng/s8655sgx1ys_4lf9jzm2w6n00000gn/T//ccW57U5d.s 			page 42


 2334 006c B2000000 		.4byte	.LBE45
 2335 0070 00000000 		.4byte	0
 2336 0074 00000000 		.4byte	0
 2337 0078 94000000 		.4byte	.LBB41
 2338 007c 98000000 		.4byte	.LBE41
 2339 0080 B2000000 		.4byte	.LBB46
 2340 0084 D6000000 		.4byte	.LBE46
 2341 0088 DA000000 		.4byte	.LBB51
 2342 008c DC000000 		.4byte	.LBE51
 2343 0090 00000000 		.4byte	0
 2344 0094 00000000 		.4byte	0
 2345 0098 D6000000 		.4byte	.LBB47
 2346 009c DA000000 		.4byte	.LBE47
 2347 00a0 DC000000 		.4byte	.LBB52
 2348 00a4 E4000000 		.4byte	.LBE52
 2349 00a8 E8000000 		.4byte	.LBB58
 2350 00ac 0E010000 		.4byte	.LBE58
 2351 00b0 00000000 		.4byte	0
 2352 00b4 00000000 		.4byte	0
 2353 00b8 E4000000 		.4byte	.LBB53
 2354 00bc E8000000 		.4byte	.LBE53
 2355 00c0 0E010000 		.4byte	.LBB59
 2356 00c4 16010000 		.4byte	.LBE59
 2357 00c8 1A010000 		.4byte	.LBB65
 2358 00cc 3E010000 		.4byte	.LBE65
 2359 00d0 42010000 		.4byte	.LBB67
 2360 00d4 44010000 		.4byte	.LBE67
 2361 00d8 00000000 		.4byte	0
 2362 00dc 00000000 		.4byte	0
 2363 00e0 16010000 		.4byte	.LBB60
 2364 00e4 1A010000 		.4byte	.LBE60
 2365 00e8 3E010000 		.4byte	.LBB66
 2366 00ec 42010000 		.4byte	.LBE66
 2367 00f0 44010000 		.4byte	.LBB68
 2368 00f4 6C010000 		.4byte	.LBE68
 2369 00f8 70010000 		.4byte	.LBB72
 2370 00fc 72010000 		.4byte	.LBE72
 2371 0100 00000000 		.4byte	0
 2372 0104 00000000 		.4byte	0
 2373 0108 6C010000 		.4byte	.LBB69
 2374 010c 70010000 		.4byte	.LBE69
 2375 0110 72010000 		.4byte	.LBB73
 2376 0114 A2010000 		.4byte	.LBE73
 2377 0118 00000000 		.4byte	0
 2378 011c 00000000 		.4byte	0
 2379 0120 16000000 		.4byte	.LBB74
 2380 0124 1A000000 		.4byte	.LBE74
 2381 0128 1E000000 		.4byte	.LBB75
 2382 012c 88000000 		.4byte	.LBE75
 2383 0130 96000000 		.4byte	.LBB76
 2384 0134 9E000000 		.4byte	.LBE76
 2385 0138 A2000000 		.4byte	.LBB77
 2386 013c AA000000 		.4byte	.LBE77
 2387 0140 AC000000 		.4byte	.LBB78
 2388 0144 C2000000 		.4byte	.LBE78
 2389 0148 00000000 		.4byte	0
 2390 014c 00000000 		.4byte	0
ARM GAS  /var/folders/ng/s8655sgx1ys_4lf9jzm2w6n00000gn/T//ccW57U5d.s 			page 43


 2391 0150 00000000 		.4byte	.LFB119
 2392 0154 A2010000 		.4byte	.LFE119
 2393 0158 00000000 		.4byte	.LFB120
 2394 015c C8000000 		.4byte	.LFE120
 2395 0160 00000000 		.4byte	0
 2396 0164 00000000 		.4byte	0
 2397              		.section	.debug_line,"",%progbits
 2398              	.Ldebug_line0:
 2399 0000 10020000 		.section	.debug_str,"MS",%progbits,1
 2399      02005801 
 2399      00000201 
 2399      FB0E0D00 
 2399      01010101 
 2400              	.LASF31:
 2401 0000 41484231 		.ascii	"AHB1LPENR\000"
 2401      4C50454E 
 2401      5200
 2402              	.LASF64:
 2403 000a 50434461 		.ascii	"PCData\000"
 2403      746100
 2404              	.LASF78:
 2405 0011 5F70616C 		.ascii	"_pal_lld_setgroupmode\000"
 2405      5F6C6C64 
 2405      5F736574 
 2405      67726F75 
 2405      706D6F64 
 2406              	.LASF15:
 2407 0027 504C4C43 		.ascii	"PLLCFGR\000"
 2407      46475200 
 2408              	.LASF21:
 2409 002f 41504231 		.ascii	"APB1RSTR\000"
 2409      52535452 
 2409      00
 2410              	.LASF25:
 2411 0038 41484232 		.ascii	"AHB2ENR\000"
 2411      454E5200 
 2412              	.LASF61:
 2413 0040 73746D33 		.ascii	"stm32_gpio_setup_t\000"
 2413      325F6770 
 2413      696F5F73 
 2413      65747570 
 2413      5F7400
 2414              	.LASF67:
 2415 0053 50464461 		.ascii	"PFData\000"
 2415      746100
 2416              	.LASF77:
 2417 005a 5F70616C 		.ascii	"_pal_lld_init\000"
 2417      5F6C6C64 
 2417      5F696E69 
 2417      7400
 2418              	.LASF3:
 2419 0068 73686F72 		.ascii	"short int\000"
 2419      7420696E 
 2419      7400
 2420              	.LASF87:
 2421 0072 696E6974 		.ascii	"initgpio\000"
 2421      6770696F 
ARM GAS  /var/folders/ng/s8655sgx1ys_4lf9jzm2w6n00000gn/T//ccW57U5d.s 			page 44


 2421      00
 2422              	.LASF13:
 2423 007b 73697A65 		.ascii	"sizetype\000"
 2423      74797065 
 2423      00
 2424              	.LASF38:
 2425 0084 42444352 		.ascii	"BDCR\000"
 2425      00
 2426              	.LASF70:
 2427 0089 50494461 		.ascii	"PIData\000"
 2427      746100
 2428              	.LASF41:
 2429 0090 504C4C49 		.ascii	"PLLI2SCFGR\000"
 2429      32534346 
 2429      475200
 2430              	.LASF75:
 2431 009b 6770696F 		.ascii	"gpiop\000"
 2431      7000
 2432              	.LASF40:
 2433 00a1 53534347 		.ascii	"SSCGR\000"
 2433      5200
 2434              	.LASF63:
 2435 00a7 50424461 		.ascii	"PBData\000"
 2435      746100
 2436              	.LASF33:
 2437 00ae 41484233 		.ascii	"AHB3LPENR\000"
 2437      4C50454E 
 2437      5200
 2438              	.LASF76:
 2439 00b8 636F6E66 		.ascii	"config\000"
 2439      696700
 2440              	.LASF73:
 2441 00bf 696F6D6F 		.ascii	"iomode_t\000"
 2441      64655F74 
 2441      00
 2442              	.LASF28:
 2443 00c8 41504231 		.ascii	"APB1ENR\000"
 2443      454E5200 
 2444              	.LASF72:
 2445 00d0 696F706F 		.ascii	"ioportmask_t\000"
 2445      72746D61 
 2445      736B5F74 
 2445      00
 2446              	.LASF47:
 2447 00dd 4F545950 		.ascii	"OTYPER\000"
 2447      455200
 2448              	.LASF43:
 2449 00e4 44434B43 		.ascii	"DCKCFGR\000"
 2449      46475200 
 2450              	.LASF26:
 2451 00ec 41484233 		.ascii	"AHB3ENR\000"
 2451      454E5200 
 2452              	.LASF48:
 2453 00f4 4F535045 		.ascii	"OSPEEDR\000"
 2453      45445200 
 2454              	.LASF10:
 2455 00fc 6C6F6E67 		.ascii	"long long int\000"
ARM GAS  /var/folders/ng/s8655sgx1ys_4lf9jzm2w6n00000gn/T//ccW57U5d.s 			page 45


 2455      206C6F6E 
 2455      6720696E 
 2455      7400
 2456              	.LASF49:
 2457 010a 50555044 		.ascii	"PUPDR\000"
 2457      5200
 2458              	.LASF57:
 2459 0110 6F737065 		.ascii	"ospeedr\000"
 2459      65647200 
 2460              	.LASF7:
 2461 0118 6C6F6E67 		.ascii	"long int\000"
 2461      20696E74 
 2461      00
 2462              	.LASF85:
 2463 0121 2E2E2F41 		.ascii	"../AithonLibrary/ChibiOS/os/hal/platforms/STM32/GPI"
 2463      6974686F 
 2463      6E4C6962 
 2463      72617279 
 2463      2F436869 
 2464 0154 4F76322F 		.ascii	"Ov2/pal_lld.c\000"
 2464      70616C5F 
 2464      6C6C642E 
 2464      6300
 2465              	.LASF65:
 2466 0162 50444461 		.ascii	"PDData\000"
 2466      746100
 2467              	.LASF44:
 2468 0169 5243435F 		.ascii	"RCC_TypeDef\000"
 2468      54797065 
 2468      44656600 
 2469              	.LASF46:
 2470 0175 4D4F4445 		.ascii	"MODER\000"
 2470      5200
 2471              	.LASF22:
 2472 017b 41504232 		.ascii	"APB2RSTR\000"
 2472      52535452 
 2472      00
 2473              	.LASF45:
 2474 0184 636C6561 		.ascii	"clear\000"
 2474      7200
 2475              	.LASF68:
 2476 018a 50474461 		.ascii	"PGData\000"
 2476      746100
 2477              	.LASF62:
 2478 0191 50414461 		.ascii	"PAData\000"
 2478      746100
 2479              	.LASF74:
 2480 0198 696F706F 		.ascii	"ioportid_t\000"
 2480      72746964 
 2480      5F7400
 2481              	.LASF2:
 2482 01a3 756E7369 		.ascii	"unsigned char\000"
 2482      676E6564 
 2482      20636861 
 2482      7200
 2483              	.LASF29:
 2484 01b1 41504232 		.ascii	"APB2ENR\000"
ARM GAS  /var/folders/ng/s8655sgx1ys_4lf9jzm2w6n00000gn/T//ccW57U5d.s 			page 46


 2484      454E5200 
 2485              	.LASF1:
 2486 01b9 7369676E 		.ascii	"signed char\000"
 2486      65642063 
 2486      68617200 
 2487              	.LASF11:
 2488 01c5 6C6F6E67 		.ascii	"long long unsigned int\000"
 2488      206C6F6E 
 2488      6720756E 
 2488      7369676E 
 2488      65642069 
 2489              	.LASF8:
 2490 01dc 75696E74 		.ascii	"uint32_t\000"
 2490      33325F74 
 2490      00
 2491              	.LASF56:
 2492 01e5 6F747970 		.ascii	"otyper\000"
 2492      657200
 2493              	.LASF18:
 2494 01ec 41484232 		.ascii	"AHB2RSTR\000"
 2494      52535452 
 2494      00
 2495              	.LASF84:
 2496 01f5 474E5520 		.ascii	"GNU C 4.7.4 20130913 (release) [ARM/embedded-4_7-br"
 2496      4320342E 
 2496      372E3420 
 2496      32303133 
 2496      30393133 
 2497 0228 616E6368 		.ascii	"anch revision 202601]\000"
 2497      20726576 
 2497      6973696F 
 2497      6E203230 
 2497      32363031 
 2498              	.LASF9:
 2499 023e 6C6F6E67 		.ascii	"long unsigned int\000"
 2499      20756E73 
 2499      69676E65 
 2499      6420696E 
 2499      7400
 2500              	.LASF53:
 2501 0250 41465248 		.ascii	"AFRH\000"
 2501      00
 2502              	.LASF86:
 2503 0255 2F557365 		.ascii	"/Users/jseng/aithon/DemoMode\000"
 2503      72732F6A 
 2503      73656E67 
 2503      2F616974 
 2503      686F6E2F 
 2504              	.LASF52:
 2505 0272 4146524C 		.ascii	"AFRL\000"
 2505      00
 2506              	.LASF4:
 2507 0277 73686F72 		.ascii	"short unsigned int\000"
 2507      7420756E 
 2507      7369676E 
 2507      65642069 
 2507      6E7400
ARM GAS  /var/folders/ng/s8655sgx1ys_4lf9jzm2w6n00000gn/T//ccW57U5d.s 			page 47


 2508              	.LASF35:
 2509 028a 41504231 		.ascii	"APB1LPENR\000"
 2509      4C50454E 
 2509      5200
 2510              	.LASF14:
 2511 0294 63686172 		.ascii	"char\000"
 2511      00
 2512              	.LASF5:
 2513 0299 75696E74 		.ascii	"uint16_t\000"
 2513      31365F74 
 2513      00
 2514              	.LASF6:
 2515 02a2 696E7433 		.ascii	"int32_t\000"
 2515      325F7400 
 2516              	.LASF71:
 2517 02aa 50414C43 		.ascii	"PALConfig\000"
 2517      6F6E6669 
 2517      6700
 2518              	.LASF12:
 2519 02b4 5F426F6F 		.ascii	"_Bool\000"
 2519      6C00
 2520              	.LASF81:
 2521 02ba 6D6F6465 		.ascii	"mode\000"
 2521      00
 2522              	.LASF32:
 2523 02bf 41484232 		.ascii	"AHB2LPENR\000"
 2523      4C50454E 
 2523      5200
 2524              	.LASF79:
 2525 02c9 706F7274 		.ascii	"port\000"
 2525      00
 2526              	.LASF66:
 2527 02ce 50454461 		.ascii	"PEData\000"
 2527      746100
 2528              	.LASF20:
 2529 02d5 52455345 		.ascii	"RESERVED0\000"
 2529      52564544 
 2529      3000
 2530              	.LASF23:
 2531 02df 52455345 		.ascii	"RESERVED1\000"
 2531      52564544 
 2531      3100
 2532              	.LASF27:
 2533 02e9 52455345 		.ascii	"RESERVED2\000"
 2533      52564544 
 2533      3200
 2534              	.LASF30:
 2535 02f3 52455345 		.ascii	"RESERVED3\000"
 2535      52564544 
 2535      3300
 2536              	.LASF34:
 2537 02fd 52455345 		.ascii	"RESERVED4\000"
 2537      52564544 
 2537      3400
 2538              	.LASF37:
 2539 0307 52455345 		.ascii	"RESERVED5\000"
 2539      52564544 
ARM GAS  /var/folders/ng/s8655sgx1ys_4lf9jzm2w6n00000gn/T//ccW57U5d.s 			page 48


 2539      3500
 2540              	.LASF39:
 2541 0311 52455345 		.ascii	"RESERVED6\000"
 2541      52564544 
 2541      3600
 2542              	.LASF69:
 2543 031b 50484461 		.ascii	"PHData\000"
 2543      746100
 2544              	.LASF24:
 2545 0322 41484231 		.ascii	"AHB1ENR\000"
 2545      454E5200 
 2546              	.LASF80:
 2547 032a 6D61736B 		.ascii	"mask\000"
 2547      00
 2548              	.LASF58:
 2549 032f 70757064 		.ascii	"pupdr\000"
 2549      7200
 2550              	.LASF60:
 2551 0335 61667268 		.ascii	"afrh\000"
 2551      00
 2552              	.LASF59:
 2553 033a 6166726C 		.ascii	"afrl\000"
 2553      00
 2554              	.LASF55:
 2555 033f 6D6F6465 		.ascii	"moder\000"
 2555      7200
 2556              	.LASF17:
 2557 0345 41484231 		.ascii	"AHB1RSTR\000"
 2557      52535452 
 2557      00
 2558              	.LASF54:
 2559 034e 4750494F 		.ascii	"GPIO_TypeDef\000"
 2559      5F547970 
 2559      65446566 
 2559      00
 2560              	.LASF19:
 2561 035b 41484233 		.ascii	"AHB3RSTR\000"
 2561      52535452 
 2561      00
 2562              	.LASF82:
 2563 0364 616C7472 		.ascii	"altr\000"
 2563      00
 2564              	.LASF88:
 2565 0369 49544D5F 		.ascii	"ITM_RxBuffer\000"
 2565      52784275 
 2565      66666572 
 2565      00
 2566              	.LASF83:
 2567 0376 616C7472 		.ascii	"altrmask\000"
 2567      6D61736B 
 2567      00
 2568              	.LASF0:
 2569 037f 756E7369 		.ascii	"unsigned int\000"
 2569      676E6564 
 2569      20696E74 
 2569      00
 2570              	.LASF16:
ARM GAS  /var/folders/ng/s8655sgx1ys_4lf9jzm2w6n00000gn/T//ccW57U5d.s 			page 49


 2571 038c 43464752 		.ascii	"CFGR\000"
 2571      00
 2572              	.LASF42:
 2573 0391 504C4C53 		.ascii	"PLLSAICFGR\000"
 2573      41494346 
 2573      475200
 2574              	.LASF51:
 2575 039c 4C434B52 		.ascii	"LCKR\000"
 2575      00
 2576              	.LASF36:
 2577 03a1 41504232 		.ascii	"APB2LPENR\000"
 2577      4C50454E 
 2577      5200
 2578              	.LASF50:
 2579 03ab 42535252 		.ascii	"BSRR\000"
 2579      00
 2580              		.ident	"GCC: (GNU Tools for ARM Embedded Processors) 4.7.4 20130913 (release) [ARM/embedded-4_7-br
ARM GAS  /var/folders/ng/s8655sgx1ys_4lf9jzm2w6n00000gn/T//ccW57U5d.s 			page 50


DEFINED SYMBOLS
                            *ABS*:0000000000000000 pal_lld.c
/var/folders/ng/s8655sgx1ys_4lf9jzm2w6n00000gn/T//ccW57U5d.s:20     .text._pal_lld_init:0000000000000000 $t
/var/folders/ng/s8655sgx1ys_4lf9jzm2w6n00000gn/T//ccW57U5d.s:26     .text._pal_lld_init:0000000000000000 _pal_lld_init
/var/folders/ng/s8655sgx1ys_4lf9jzm2w6n00000gn/T//ccW57U5d.s:385    .text._pal_lld_setgroupmode:0000000000000000 $t
/var/folders/ng/s8655sgx1ys_4lf9jzm2w6n00000gn/T//ccW57U5d.s:391    .text._pal_lld_setgroupmode:0000000000000000 _pal_lld_setgroupmode
                     .debug_frame:0000000000000010 $d

NO UNDEFINED SYMBOLS
