ARM GAS  /var/folders/ng/s8655sgx1ys_4lf9jzm2w6n00000gn/T//ccwFcfO6.s 			page 1


   1              		.syntax unified
   2              		.cpu cortex-m4
   3              		.eabi_attribute 27, 3
   4              		.fpu fpv4-sp-d16
   5              		.eabi_attribute 20, 1
   6              		.eabi_attribute 21, 1
   7              		.eabi_attribute 23, 3
   8              		.eabi_attribute 24, 1
   9              		.eabi_attribute 25, 1
  10              		.eabi_attribute 26, 1
  11              		.eabi_attribute 30, 2
  12              		.eabi_attribute 34, 1
  13              		.eabi_attribute 18, 4
  14              		.thumb
  15              		.file	"pwm.c"
  16              		.text
  17              	.Ltext0:
  18              		.cfi_sections	.debug_frame
  19              		.section	.text.pwmInit,"ax",%progbits
  20              		.align	2
  21              		.p2align 4,,15
  22              		.global	pwmInit
  23              		.thumb
  24              		.thumb_func
  25              		.type	pwmInit, %function
  26              	pwmInit:
  27              	.LFB118:
  28              		.file 1 "../AithonLibrary/ChibiOS/os/hal/src/pwm.c"
  29              		.loc 1 68 0
  30              		.cfi_startproc
  31              		@ args = 0, pretend = 0, frame = 0
  32              		@ frame_needed = 0, uses_anonymous_args = 0
  33              		@ link register save eliminated.
  34              		.loc 1 71 0
  35              		.loc 1 70 0
  36 0000 FFF7FEBF 		b	pwm_lld_init
  37              	.LVL0:
  38              		.cfi_endproc
  39              	.LFE118:
  40              		.size	pwmInit, .-pwmInit
  41 0004 AFF30080 		.section	.text.pwmObjectInit,"ax",%progbits
  41      AFF30080 
  41      AFF30080 
  42              		.align	2
  43              		.p2align 4,,15
  44              		.global	pwmObjectInit
  45              		.thumb
  46              		.thumb_func
  47              		.type	pwmObjectInit, %function
  48              	pwmObjectInit:
  49              	.LFB119:
  50              		.loc 1 80 0
  51              		.cfi_startproc
  52              		@ args = 0, pretend = 0, frame = 0
  53              		@ frame_needed = 0, uses_anonymous_args = 0
  54              		@ link register save eliminated.
  55              	.LVL1:
ARM GAS  /var/folders/ng/s8655sgx1ys_4lf9jzm2w6n00000gn/T//ccwFcfO6.s 			page 2


  56              		.loc 1 82 0
  57 0000 0123     		movs	r3, #1
  58              		.loc 1 83 0
  59 0002 0021     		movs	r1, #0
  60              		.loc 1 82 0
  61 0004 0370     		strb	r3, [r0, #0]
  62              		.loc 1 83 0
  63 0006 4160     		str	r1, [r0, #4]
  64 0008 7047     		bx	lr
  65              		.cfi_endproc
  66              	.LFE119:
  67              		.size	pwmObjectInit, .-pwmObjectInit
  68 000a 00BFAFF3 		.section	.text.pwmStart,"ax",%progbits
  68      0080
  69              		.align	2
  70              		.p2align 4,,15
  71              		.global	pwmStart
  72              		.thumb
  73              		.thumb_func
  74              		.type	pwmStart, %function
  75              	pwmStart:
  76              	.LFB120:
  77              		.loc 1 99 0
  78              		.cfi_startproc
  79              		@ args = 0, pretend = 0, frame = 0
  80              		@ frame_needed = 0, uses_anonymous_args = 0
  81              	.LVL2:
  82 0000 10B5     		push	{r4, lr}
  83              	.LCFI0:
  84              		.cfi_def_cfa_offset 8
  85              		.cfi_offset 4, -8
  86              		.cfi_offset 14, -4
  87              	.LBB2:
  88              		.loc 1 103 0
  89 0002 2023     		movs	r3, #32
  90              	.LVL3:
  91              	.LBE2:
  92              		.loc 1 99 0
  93 0004 0446     		mov	r4, r0
  94              	.LBB3:
  95              		.loc 1 103 0
  96              	@ 103 "../AithonLibrary/ChibiOS/os/hal/src/pwm.c" 1
  97 0006 83F31188 		msr     BASEPRI, r3
  98              	@ 0 "" 2
  99              	.LVL4:
 100              		.thumb
 101              	.LBE3:
 102              		.loc 1 107 0
 103 000a 8B88     		ldrh	r3, [r1, #4]
 104              	.LVL5:
 105              		.loc 1 106 0
 106 000c 4160     		str	r1, [r0, #4]
 107              		.loc 1 107 0
 108 000e 0381     		strh	r3, [r0, #8]	@ movhi
 109              		.loc 1 108 0
 110 0010 FFF7FEFF 		bl	pwm_lld_start
 111              	.LVL6:
ARM GAS  /var/folders/ng/s8655sgx1ys_4lf9jzm2w6n00000gn/T//ccwFcfO6.s 			page 3


 112              		.loc 1 109 0
 113 0014 0220     		movs	r0, #2
 114 0016 2070     		strb	r0, [r4, #0]
 115              	.LBB4:
 116              		.loc 1 110 0
 117 0018 0023     		movs	r3, #0
 118              	.LVL7:
 119              	@ 110 "../AithonLibrary/ChibiOS/os/hal/src/pwm.c" 1
 120 001a 83F31188 		msr     BASEPRI, r3
 121              	@ 0 "" 2
 122              	.LVL8:
 123              		.thumb
 124 001e 10BD     		pop	{r4, pc}
 125              	.LBE4:
 126              		.cfi_endproc
 127              	.LFE120:
 128              		.size	pwmStart, .-pwmStart
 129              		.section	.text.pwmStop,"ax",%progbits
 130              		.align	2
 131              		.p2align 4,,15
 132              		.global	pwmStop
 133              		.thumb
 134              		.thumb_func
 135              		.type	pwmStop, %function
 136              	pwmStop:
 137              	.LFB121:
 138              		.loc 1 120 0
 139              		.cfi_startproc
 140              		@ args = 0, pretend = 0, frame = 0
 141              		@ frame_needed = 0, uses_anonymous_args = 0
 142              	.LVL9:
 143 0000 10B5     		push	{r4, lr}
 144              	.LCFI1:
 145              		.cfi_def_cfa_offset 8
 146              		.cfi_offset 4, -8
 147              		.cfi_offset 14, -4
 148              	.LBB5:
 149              		.loc 1 124 0
 150 0002 2023     		movs	r3, #32
 151              	.LVL10:
 152              	.LBE5:
 153              		.loc 1 120 0
 154 0004 0446     		mov	r4, r0
 155              	.LBB6:
 156              		.loc 1 124 0
 157              	@ 124 "../AithonLibrary/ChibiOS/os/hal/src/pwm.c" 1
 158 0006 83F31188 		msr     BASEPRI, r3
 159              	@ 0 "" 2
 160              	.LVL11:
 161              		.thumb
 162              	.LBE6:
 163              		.loc 1 127 0
 164 000a FFF7FEFF 		bl	pwm_lld_stop
 165              	.LVL12:
 166              		.loc 1 128 0
 167 000e 0123     		movs	r3, #1
 168 0010 2370     		strb	r3, [r4, #0]
ARM GAS  /var/folders/ng/s8655sgx1ys_4lf9jzm2w6n00000gn/T//ccwFcfO6.s 			page 4


 169              	.LBB7:
 170              		.loc 1 129 0
 171 0012 0023     		movs	r3, #0
 172              	.LVL13:
 173              	@ 129 "../AithonLibrary/ChibiOS/os/hal/src/pwm.c" 1
 174 0014 83F31188 		msr     BASEPRI, r3
 175              	@ 0 "" 2
 176              	.LVL14:
 177              		.thumb
 178 0018 10BD     		pop	{r4, pc}
 179              	.LBE7:
 180              		.cfi_endproc
 181              	.LFE121:
 182              		.size	pwmStop, .-pwmStop
 183 001a 00BFAFF3 		.section	.text.pwmChangePeriod,"ax",%progbits
 183      0080
 184              		.align	2
 185              		.p2align 4,,15
 186              		.global	pwmChangePeriod
 187              		.thumb
 188              		.thumb_func
 189              		.type	pwmChangePeriod, %function
 190              	pwmChangePeriod:
 191              	.LFB122:
 192              		.loc 1 147 0
 193              		.cfi_startproc
 194              		@ args = 0, pretend = 0, frame = 0
 195              		@ frame_needed = 0, uses_anonymous_args = 0
 196              		@ link register save eliminated.
 197              	.LVL15:
 198              	.LBB8:
 199              		.loc 1 151 0
 200 0000 2023     		movs	r3, #32
 201              	.LVL16:
 202              	@ 151 "../AithonLibrary/ChibiOS/os/hal/src/pwm.c" 1
 203 0002 83F31188 		msr     BASEPRI, r3
 204              	@ 0 "" 2
 205              	.LVL17:
 206              		.thumb
 207              	.LBE8:
 208              		.loc 1 154 0
 209 0006 0369     		ldr	r3, [r0, #16]
 210              	.LVL18:
 211 0008 0181     		strh	r1, [r0, #8]	@ movhi
 212 000a 0139     		subs	r1, r1, #1
 213              	.LVL19:
 214 000c 88B2     		uxth	r0, r1
 215              	.LVL20:
 216 000e D862     		str	r0, [r3, #44]
 217              	.LBB9:
 218              		.loc 1 155 0
 219 0010 0023     		movs	r3, #0
 220              	.LVL21:
 221              	@ 155 "../AithonLibrary/ChibiOS/os/hal/src/pwm.c" 1
 222 0012 83F31188 		msr     BASEPRI, r3
 223              	@ 0 "" 2
 224              	.LVL22:
ARM GAS  /var/folders/ng/s8655sgx1ys_4lf9jzm2w6n00000gn/T//ccwFcfO6.s 			page 5


 225              		.thumb
 226 0016 7047     		bx	lr
 227              	.LBE9:
 228              		.cfi_endproc
 229              	.LFE122:
 230              		.size	pwmChangePeriod, .-pwmChangePeriod
 231 0018 AFF30080 		.section	.text.pwmEnableChannel,"ax",%progbits
 231      AFF30080 
 232              		.align	2
 233              		.p2align 4,,15
 234              		.global	pwmEnableChannel
 235              		.thumb
 236              		.thumb_func
 237              		.type	pwmEnableChannel, %function
 238              	pwmEnableChannel:
 239              	.LFB123:
 240              		.loc 1 174 0
 241              		.cfi_startproc
 242              		@ args = 0, pretend = 0, frame = 0
 243              		@ frame_needed = 0, uses_anonymous_args = 0
 244              	.LVL23:
 245 0000 08B5     		push	{r3, lr}
 246              	.LCFI2:
 247              		.cfi_def_cfa_offset 8
 248              		.cfi_offset 3, -8
 249              		.cfi_offset 14, -4
 250              	.LBB10:
 251              		.loc 1 179 0
 252 0002 2023     		movs	r3, #32
 253              	.LVL24:
 254              	@ 179 "../AithonLibrary/ChibiOS/os/hal/src/pwm.c" 1
 255 0004 83F31188 		msr     BASEPRI, r3
 256              	@ 0 "" 2
 257              	.LVL25:
 258              		.thumb
 259              	.LBE10:
 260              		.loc 1 182 0
 261 0008 FFF7FEFF 		bl	pwm_lld_enable_channel
 262              	.LVL26:
 263              	.LBB11:
 264              		.loc 1 183 0
 265 000c 0023     		movs	r3, #0
 266              	.LVL27:
 267              	@ 183 "../AithonLibrary/ChibiOS/os/hal/src/pwm.c" 1
 268 000e 83F31188 		msr     BASEPRI, r3
 269              	@ 0 "" 2
 270              	.LVL28:
 271              		.thumb
 272 0012 08BD     		pop	{r3, pc}
 273              	.LBE11:
 274              		.cfi_endproc
 275              	.LFE123:
 276              		.size	pwmEnableChannel, .-pwmEnableChannel
 277 0014 AFF30080 		.section	.text.pwmDisableChannel,"ax",%progbits
 277      AFF30080 
 277      AFF30080 
 278              		.align	2
ARM GAS  /var/folders/ng/s8655sgx1ys_4lf9jzm2w6n00000gn/T//ccwFcfO6.s 			page 6


 279              		.p2align 4,,15
 280              		.global	pwmDisableChannel
 281              		.thumb
 282              		.thumb_func
 283              		.type	pwmDisableChannel, %function
 284              	pwmDisableChannel:
 285              	.LFB124:
 286              		.loc 1 200 0
 287              		.cfi_startproc
 288              		@ args = 0, pretend = 0, frame = 0
 289              		@ frame_needed = 0, uses_anonymous_args = 0
 290              	.LVL29:
 291 0000 08B5     		push	{r3, lr}
 292              	.LCFI3:
 293              		.cfi_def_cfa_offset 8
 294              		.cfi_offset 3, -8
 295              		.cfi_offset 14, -4
 296              	.LBB12:
 297              		.loc 1 205 0
 298 0002 2023     		movs	r3, #32
 299              	.LVL30:
 300              	@ 205 "../AithonLibrary/ChibiOS/os/hal/src/pwm.c" 1
 301 0004 83F31188 		msr     BASEPRI, r3
 302              	@ 0 "" 2
 303              	.LVL31:
 304              		.thumb
 305              	.LBE12:
 306              		.loc 1 208 0
 307 0008 FFF7FEFF 		bl	pwm_lld_disable_channel
 308              	.LVL32:
 309              	.LBB13:
 310              		.loc 1 209 0
 311 000c 0023     		movs	r3, #0
 312              	.LVL33:
 313              	@ 209 "../AithonLibrary/ChibiOS/os/hal/src/pwm.c" 1
 314 000e 83F31188 		msr     BASEPRI, r3
 315              	@ 0 "" 2
 316              	.LVL34:
 317              		.thumb
 318 0012 08BD     		pop	{r3, pc}
 319              	.LBE13:
 320              		.cfi_endproc
 321              	.LFE124:
 322              		.size	pwmDisableChannel, .-pwmDisableChannel
 323 0014 AFF30080 		.text
 323      AFF30080 
 323      AFF30080 
 324              	.Letext0:
 325              		.file 2 "/Users/jseng/gccarm/bin/../lib/gcc/arm-none-eabi/4.7.4/../../../../arm-none-eabi/include/
 326              		.file 3 "../AithonLibrary/ChibiOS/os/hal/include/pwm.h"
 327              		.file 4 "../AithonLibrary/ChibiOS/os/hal/platforms/STM32/TIMv1/pwm_lld.h"
 328              		.file 5 "../AithonLibrary/ChibiOS/os/hal/platforms/STM32/TIMv1/stm32_tim.h"
 329              		.file 6 "../AithonLibrary/ChibiOS/os/ports/common/ARMCMx/CMSIS/include/core_cm4.h"
 330              		.section	.debug_info,"",%progbits
 331              	.Ldebug_info0:
 332 0000 F7060000 		.4byte	0x6f7
 333 0004 0200     		.2byte	0x2
ARM GAS  /var/folders/ng/s8655sgx1ys_4lf9jzm2w6n00000gn/T//ccwFcfO6.s 			page 7


 334 0006 00000000 		.4byte	.Ldebug_abbrev0
 335 000a 04       		.byte	0x4
 336 000b 01       		.uleb128 0x1
 337 000c A5010000 		.4byte	.LASF61
 338 0010 01       		.byte	0x1
 339 0011 EE010000 		.4byte	.LASF62
 340 0015 99000000 		.4byte	.LASF63
 341 0019 30000000 		.4byte	.Ldebug_ranges0+0x30
 342 001d 00000000 		.4byte	0
 343 0021 00000000 		.4byte	0
 344 0025 00000000 		.4byte	.Ldebug_line0
 345 0029 02       		.uleb128 0x2
 346 002a 04       		.byte	0x4
 347 002b 05       		.byte	0x5
 348 002c 696E7400 		.ascii	"int\000"
 349 0030 03       		.uleb128 0x3
 350 0031 04       		.byte	0x4
 351 0032 07       		.byte	0x7
 352 0033 98010000 		.4byte	.LASF0
 353 0037 03       		.uleb128 0x3
 354 0038 01       		.byte	0x1
 355 0039 06       		.byte	0x6
 356 003a 6C010000 		.4byte	.LASF1
 357 003e 04       		.uleb128 0x4
 358 003f 80000000 		.4byte	.LASF4
 359 0043 02       		.byte	0x2
 360 0044 2A       		.byte	0x2a
 361 0045 49000000 		.4byte	0x49
 362 0049 03       		.uleb128 0x3
 363 004a 01       		.byte	0x1
 364 004b 08       		.byte	0x8
 365 004c 18010000 		.4byte	.LASF2
 366 0050 03       		.uleb128 0x3
 367 0051 02       		.byte	0x2
 368 0052 05       		.byte	0x5
 369 0053 1C000000 		.4byte	.LASF3
 370 0057 04       		.uleb128 0x4
 371 0058 47020000 		.4byte	.LASF5
 372 005c 02       		.byte	0x2
 373 005d 36       		.byte	0x36
 374 005e 62000000 		.4byte	0x62
 375 0062 03       		.uleb128 0x3
 376 0063 02       		.byte	0x2
 377 0064 07       		.byte	0x7
 378 0065 22020000 		.4byte	.LASF6
 379 0069 04       		.uleb128 0x4
 380 006a 66020000 		.4byte	.LASF7
 381 006e 02       		.byte	0x2
 382 006f 4F       		.byte	0x4f
 383 0070 74000000 		.4byte	0x74
 384 0074 03       		.uleb128 0x3
 385 0075 04       		.byte	0x4
 386 0076 05       		.byte	0x5
 387 0077 D8000000 		.4byte	.LASF8
 388 007b 04       		.uleb128 0x4
 389 007c 8F010000 		.4byte	.LASF9
 390 0080 02       		.byte	0x2
ARM GAS  /var/folders/ng/s8655sgx1ys_4lf9jzm2w6n00000gn/T//ccwFcfO6.s 			page 8


 391 0081 50       		.byte	0x50
 392 0082 86000000 		.4byte	0x86
 393 0086 03       		.uleb128 0x3
 394 0087 04       		.byte	0x4
 395 0088 07       		.byte	0x7
 396 0089 8C020000 		.4byte	.LASF10
 397 008d 03       		.uleb128 0x3
 398 008e 08       		.byte	0x8
 399 008f 05       		.byte	0x5
 400 0090 CA000000 		.4byte	.LASF11
 401 0094 03       		.uleb128 0x3
 402 0095 08       		.byte	0x8
 403 0096 07       		.byte	0x7
 404 0097 78010000 		.4byte	.LASF12
 405 009b 03       		.uleb128 0x3
 406 009c 01       		.byte	0x1
 407 009d 02       		.byte	0x2
 408 009e 6E020000 		.4byte	.LASF13
 409 00a2 05       		.uleb128 0x5
 410 00a3 7B000000 		.4byte	0x7b
 411 00a7 03       		.uleb128 0x3
 412 00a8 04       		.byte	0x4
 413 00a9 07       		.byte	0x7
 414 00aa 2F000000 		.4byte	.LASF14
 415 00ae 03       		.uleb128 0x3
 416 00af 01       		.byte	0x1
 417 00b0 08       		.byte	0x8
 418 00b1 42020000 		.4byte	.LASF15
 419 00b5 06       		.uleb128 0x6
 420 00b6 7B000000 		.4byte	0x7b
 421 00ba C5000000 		.4byte	0xc5
 422 00be 07       		.uleb128 0x7
 423 00bf A7000000 		.4byte	0xa7
 424 00c3 03       		.byte	0x3
 425 00c4 00       		.byte	0
 426 00c5 05       		.uleb128 0x5
 427 00c6 69000000 		.4byte	0x69
 428 00ca 08       		.uleb128 0x8
 429 00cb 01       		.byte	0x1
 430 00cc 03       		.byte	0x3
 431 00cd 55       		.byte	0x55
 432 00ce E5000000 		.4byte	0xe5
 433 00d2 09       		.uleb128 0x9
 434 00d3 2B010000 		.4byte	.LASF16
 435 00d7 00       		.sleb128 0
 436 00d8 09       		.uleb128 0x9
 437 00d9 AE020000 		.4byte	.LASF17
 438 00dd 01       		.sleb128 1
 439 00de 09       		.uleb128 0x9
 440 00df A4020000 		.4byte	.LASF18
 441 00e3 02       		.sleb128 2
 442 00e4 00       		.byte	0
 443 00e5 04       		.uleb128 0x4
 444 00e6 FB020000 		.4byte	.LASF19
 445 00ea 03       		.byte	0x3
 446 00eb 59       		.byte	0x59
 447 00ec CA000000 		.4byte	0xca
ARM GAS  /var/folders/ng/s8655sgx1ys_4lf9jzm2w6n00000gn/T//ccwFcfO6.s 			page 9


 448 00f0 04       		.uleb128 0x4
 449 00f1 5C020000 		.4byte	.LASF20
 450 00f5 03       		.byte	0x3
 451 00f6 5E       		.byte	0x5e
 452 00f7 FB000000 		.4byte	0xfb
 453 00fb 0A       		.uleb128 0xa
 454 00fc 5C020000 		.4byte	.LASF20
 455 0100 14       		.byte	0x14
 456 0101 04       		.byte	0x4
 457 0102 6F01     		.2byte	0x16f
 458 0104 54010000 		.4byte	0x154
 459 0108 0B       		.uleb128 0xb
 460 0109 0A000000 		.4byte	.LASF21
 461 010d 04       		.byte	0x4
 462 010e 7301     		.2byte	0x173
 463 0110 E5000000 		.4byte	0xe5
 464 0114 02       		.byte	0x2
 465 0115 23       		.byte	0x23
 466 0116 00       		.uleb128 0
 467 0117 0B       		.uleb128 0xb
 468 0118 6B000000 		.4byte	.LASF22
 469 011c 04       		.byte	0x4
 470 011d 7701     		.2byte	0x177
 471 011f B2030000 		.4byte	0x3b2
 472 0123 02       		.byte	0x2
 473 0124 23       		.byte	0x23
 474 0125 04       		.uleb128 0x4
 475 0126 0B       		.uleb128 0xb
 476 0127 F3000000 		.4byte	.LASF23
 477 012b 04       		.byte	0x4
 478 012c 7B01     		.2byte	0x17b
 479 012e E3020000 		.4byte	0x2e3
 480 0132 02       		.byte	0x2
 481 0133 23       		.byte	0x23
 482 0134 08       		.uleb128 0x8
 483 0135 0B       		.uleb128 0xb
 484 0136 9E020000 		.4byte	.LASF24
 485 013a 04       		.byte	0x4
 486 013b 8301     		.2byte	0x183
 487 013d 7B000000 		.4byte	0x7b
 488 0141 02       		.byte	0x2
 489 0142 23       		.byte	0x23
 490 0143 0C       		.uleb128 0xc
 491 0144 0C       		.uleb128 0xc
 492 0145 74696D00 		.ascii	"tim\000"
 493 0149 04       		.byte	0x4
 494 014a 8701     		.2byte	0x187
 495 014c BD030000 		.4byte	0x3bd
 496 0150 02       		.byte	0x2
 497 0151 23       		.byte	0x23
 498 0152 10       		.uleb128 0x10
 499 0153 00       		.byte	0
 500 0154 04       		.uleb128 0x4
 501 0155 06030000 		.4byte	.LASF25
 502 0159 03       		.byte	0x3
 503 015a 65       		.byte	0x65
 504 015b 5F010000 		.4byte	0x15f
ARM GAS  /var/folders/ng/s8655sgx1ys_4lf9jzm2w6n00000gn/T//ccwFcfO6.s 			page 10


 505 015f 0D       		.uleb128 0xd
 506 0160 04       		.byte	0x4
 507 0161 65010000 		.4byte	0x165
 508 0165 0E       		.uleb128 0xe
 509 0166 01       		.byte	0x1
 510 0167 71010000 		.4byte	0x171
 511 016b 0F       		.uleb128 0xf
 512 016c 71010000 		.4byte	0x171
 513 0170 00       		.byte	0
 514 0171 0D       		.uleb128 0xd
 515 0172 04       		.byte	0x4
 516 0173 F0000000 		.4byte	0xf0
 517 0177 10       		.uleb128 0x10
 518 0178 60       		.byte	0x60
 519 0179 05       		.byte	0x5
 520 017a 9E01     		.2byte	0x19e
 521 017c BA020000 		.4byte	0x2ba
 522 0180 0C       		.uleb128 0xc
 523 0181 43523100 		.ascii	"CR1\000"
 524 0185 05       		.byte	0x5
 525 0186 9F01     		.2byte	0x19f
 526 0188 A2000000 		.4byte	0xa2
 527 018c 02       		.byte	0x2
 528 018d 23       		.byte	0x23
 529 018e 00       		.uleb128 0
 530 018f 0C       		.uleb128 0xc
 531 0190 43523200 		.ascii	"CR2\000"
 532 0194 05       		.byte	0x5
 533 0195 A001     		.2byte	0x1a0
 534 0197 A2000000 		.4byte	0xa2
 535 019b 02       		.byte	0x2
 536 019c 23       		.byte	0x23
 537 019d 04       		.uleb128 0x4
 538 019e 0B       		.uleb128 0xb
 539 019f 26010000 		.4byte	.LASF26
 540 01a3 05       		.byte	0x5
 541 01a4 A101     		.2byte	0x1a1
 542 01a6 A2000000 		.4byte	0xa2
 543 01aa 02       		.byte	0x2
 544 01ab 23       		.byte	0x23
 545 01ac 08       		.uleb128 0x8
 546 01ad 0B       		.uleb128 0xb
 547 01ae 1D020000 		.4byte	.LASF27
 548 01b2 05       		.byte	0x5
 549 01b3 A201     		.2byte	0x1a2
 550 01b5 A2000000 		.4byte	0xa2
 551 01b9 02       		.byte	0x2
 552 01ba 23       		.byte	0x23
 553 01bb 0C       		.uleb128 0xc
 554 01bc 0C       		.uleb128 0xc
 555 01bd 535200   		.ascii	"SR\000"
 556 01c0 05       		.byte	0x5
 557 01c1 A301     		.2byte	0x1a3
 558 01c3 A2000000 		.4byte	0xa2
 559 01c7 02       		.byte	0x2
 560 01c8 23       		.byte	0x23
 561 01c9 10       		.uleb128 0x10
ARM GAS  /var/folders/ng/s8655sgx1ys_4lf9jzm2w6n00000gn/T//ccwFcfO6.s 			page 11


 562 01ca 0C       		.uleb128 0xc
 563 01cb 45475200 		.ascii	"EGR\000"
 564 01cf 05       		.byte	0x5
 565 01d0 A401     		.2byte	0x1a4
 566 01d2 A2000000 		.4byte	0xa2
 567 01d6 02       		.byte	0x2
 568 01d7 23       		.byte	0x23
 569 01d8 14       		.uleb128 0x14
 570 01d9 0B       		.uleb128 0xb
 571 01da FA000000 		.4byte	.LASF28
 572 01de 05       		.byte	0x5
 573 01df A501     		.2byte	0x1a5
 574 01e1 A2000000 		.4byte	0xa2
 575 01e5 02       		.byte	0x2
 576 01e6 23       		.byte	0x23
 577 01e7 18       		.uleb128 0x18
 578 01e8 0B       		.uleb128 0xb
 579 01e9 10000000 		.4byte	.LASF29
 580 01ed 05       		.byte	0x5
 581 01ee A601     		.2byte	0x1a6
 582 01f0 A2000000 		.4byte	0xa2
 583 01f4 02       		.byte	0x2
 584 01f5 23       		.byte	0x23
 585 01f6 1C       		.uleb128 0x1c
 586 01f7 0B       		.uleb128 0xb
 587 01f8 00000000 		.4byte	.LASF30
 588 01fc 05       		.byte	0x5
 589 01fd A701     		.2byte	0x1a7
 590 01ff A2000000 		.4byte	0xa2
 591 0203 02       		.byte	0x2
 592 0204 23       		.byte	0x23
 593 0205 20       		.uleb128 0x20
 594 0206 0C       		.uleb128 0xc
 595 0207 434E5400 		.ascii	"CNT\000"
 596 020b 05       		.byte	0x5
 597 020c A801     		.2byte	0x1a8
 598 020e A2000000 		.4byte	0xa2
 599 0212 02       		.byte	0x2
 600 0213 23       		.byte	0x23
 601 0214 24       		.uleb128 0x24
 602 0215 0C       		.uleb128 0xc
 603 0216 50534300 		.ascii	"PSC\000"
 604 021a 05       		.byte	0x5
 605 021b A901     		.2byte	0x1a9
 606 021d A2000000 		.4byte	0xa2
 607 0221 02       		.byte	0x2
 608 0222 23       		.byte	0x23
 609 0223 28       		.uleb128 0x28
 610 0224 0C       		.uleb128 0xc
 611 0225 41525200 		.ascii	"ARR\000"
 612 0229 05       		.byte	0x5
 613 022a AA01     		.2byte	0x1aa
 614 022c A2000000 		.4byte	0xa2
 615 0230 02       		.byte	0x2
 616 0231 23       		.byte	0x23
 617 0232 2C       		.uleb128 0x2c
 618 0233 0C       		.uleb128 0xc
ARM GAS  /var/folders/ng/s8655sgx1ys_4lf9jzm2w6n00000gn/T//ccwFcfO6.s 			page 12


 619 0234 52435200 		.ascii	"RCR\000"
 620 0238 05       		.byte	0x5
 621 0239 AB01     		.2byte	0x1ab
 622 023b A2000000 		.4byte	0xa2
 623 023f 02       		.byte	0x2
 624 0240 23       		.byte	0x23
 625 0241 30       		.uleb128 0x30
 626 0242 0C       		.uleb128 0xc
 627 0243 43435200 		.ascii	"CCR\000"
 628 0247 05       		.byte	0x5
 629 0248 AC01     		.2byte	0x1ac
 630 024a BA020000 		.4byte	0x2ba
 631 024e 02       		.byte	0x2
 632 024f 23       		.byte	0x23
 633 0250 34       		.uleb128 0x34
 634 0251 0B       		.uleb128 0xb
 635 0252 18020000 		.4byte	.LASF31
 636 0256 05       		.byte	0x5
 637 0257 AD01     		.2byte	0x1ad
 638 0259 A2000000 		.4byte	0xa2
 639 025d 02       		.byte	0x2
 640 025e 23       		.byte	0x23
 641 025f 44       		.uleb128 0x44
 642 0260 0C       		.uleb128 0xc
 643 0261 44435200 		.ascii	"DCR\000"
 644 0265 05       		.byte	0x5
 645 0266 AE01     		.2byte	0x1ae
 646 0268 A2000000 		.4byte	0xa2
 647 026c 02       		.byte	0x2
 648 026d 23       		.byte	0x23
 649 026e 48       		.uleb128 0x48
 650 026f 0B       		.uleb128 0xb
 651 0270 05000000 		.4byte	.LASF32
 652 0274 05       		.byte	0x5
 653 0275 AF01     		.2byte	0x1af
 654 0277 A2000000 		.4byte	0xa2
 655 027b 02       		.byte	0x2
 656 027c 23       		.byte	0x23
 657 027d 4C       		.uleb128 0x4c
 658 027e 0C       		.uleb128 0xc
 659 027f 4F5200   		.ascii	"OR\000"
 660 0282 05       		.byte	0x5
 661 0283 B001     		.2byte	0x1b0
 662 0285 A2000000 		.4byte	0xa2
 663 0289 02       		.byte	0x2
 664 028a 23       		.byte	0x23
 665 028b 50       		.uleb128 0x50
 666 028c 0B       		.uleb128 0xb
 667 028d 16000000 		.4byte	.LASF33
 668 0291 05       		.byte	0x5
 669 0292 B101     		.2byte	0x1b1
 670 0294 A2000000 		.4byte	0xa2
 671 0298 02       		.byte	0x2
 672 0299 23       		.byte	0x23
 673 029a 54       		.uleb128 0x54
 674 029b 0B       		.uleb128 0xb
 675 029c E9000000 		.4byte	.LASF34
ARM GAS  /var/folders/ng/s8655sgx1ys_4lf9jzm2w6n00000gn/T//ccwFcfO6.s 			page 13


 676 02a0 05       		.byte	0x5
 677 02a1 B201     		.2byte	0x1b2
 678 02a3 A2000000 		.4byte	0xa2
 679 02a7 02       		.byte	0x2
 680 02a8 23       		.byte	0x23
 681 02a9 58       		.uleb128 0x58
 682 02aa 0B       		.uleb128 0xb
 683 02ab EE000000 		.4byte	.LASF35
 684 02af 05       		.byte	0x5
 685 02b0 B301     		.2byte	0x1b3
 686 02b2 A2000000 		.4byte	0xa2
 687 02b6 02       		.byte	0x2
 688 02b7 23       		.byte	0x23
 689 02b8 5C       		.uleb128 0x5c
 690 02b9 00       		.byte	0
 691 02ba 05       		.uleb128 0x5
 692 02bb B5000000 		.4byte	0xb5
 693 02bf 11       		.uleb128 0x11
 694 02c0 50020000 		.4byte	.LASF36
 695 02c4 05       		.byte	0x5
 696 02c5 B401     		.2byte	0x1b4
 697 02c7 77010000 		.4byte	0x177
 698 02cb 11       		.uleb128 0x11
 699 02cc DF020000 		.4byte	.LASF37
 700 02d0 04       		.byte	0x4
 701 02d1 2001     		.2byte	0x120
 702 02d3 7B000000 		.4byte	0x7b
 703 02d7 11       		.uleb128 0x11
 704 02d8 50000000 		.4byte	.LASF38
 705 02dc 04       		.byte	0x4
 706 02dd 2501     		.2byte	0x125
 707 02df 3E000000 		.4byte	0x3e
 708 02e3 11       		.uleb128 0x11
 709 02e4 26000000 		.4byte	.LASF39
 710 02e8 04       		.byte	0x4
 711 02e9 2A01     		.2byte	0x12a
 712 02eb 57000000 		.4byte	0x57
 713 02ef 10       		.uleb128 0x10
 714 02f0 08       		.byte	0x8
 715 02f1 04       		.byte	0x4
 716 02f2 2F01     		.2byte	0x12f
 717 02f4 17030000 		.4byte	0x317
 718 02f8 0B       		.uleb128 0xb
 719 02f9 5D000000 		.4byte	.LASF40
 720 02fd 04       		.byte	0x4
 721 02fe 3301     		.2byte	0x133
 722 0300 CB020000 		.4byte	0x2cb
 723 0304 02       		.byte	0x2
 724 0305 23       		.byte	0x23
 725 0306 00       		.uleb128 0
 726 0307 0B       		.uleb128 0xb
 727 0308 14030000 		.4byte	.LASF41
 728 030c 04       		.byte	0x4
 729 030d 3901     		.2byte	0x139
 730 030f 54010000 		.4byte	0x154
 731 0313 02       		.byte	0x2
 732 0314 23       		.byte	0x23
ARM GAS  /var/folders/ng/s8655sgx1ys_4lf9jzm2w6n00000gn/T//ccwFcfO6.s 			page 14


 733 0315 04       		.uleb128 0x4
 734 0316 00       		.byte	0
 735 0317 11       		.uleb128 0x11
 736 0318 CE020000 		.4byte	.LASF42
 737 031c 04       		.byte	0x4
 738 031d 3B01     		.2byte	0x13b
 739 031f EF020000 		.4byte	0x2ef
 740 0323 10       		.uleb128 0x10
 741 0324 38       		.byte	0x38
 742 0325 04       		.byte	0x4
 743 0326 4001     		.2byte	0x140
 744 0328 96030000 		.4byte	0x396
 745 032c 0B       		.uleb128 0xb
 746 032d C4020000 		.4byte	.LASF43
 747 0331 04       		.byte	0x4
 748 0332 4601     		.2byte	0x146
 749 0334 7B000000 		.4byte	0x7b
 750 0338 02       		.byte	0x2
 751 0339 23       		.byte	0x23
 752 033a 00       		.uleb128 0
 753 033b 0B       		.uleb128 0xb
 754 033c F3000000 		.4byte	.LASF23
 755 0340 04       		.byte	0x4
 756 0341 4C01     		.2byte	0x14c
 757 0343 E3020000 		.4byte	0x2e3
 758 0347 02       		.byte	0x2
 759 0348 23       		.byte	0x23
 760 0349 04       		.uleb128 0x4
 761 034a 0B       		.uleb128 0xb
 762 034b 14030000 		.4byte	.LASF41
 763 034f 04       		.byte	0x4
 764 0350 5201     		.2byte	0x152
 765 0352 54010000 		.4byte	0x154
 766 0356 02       		.byte	0x2
 767 0357 23       		.byte	0x23
 768 0358 08       		.uleb128 0x8
 769 0359 0B       		.uleb128 0xb
 770 035a 62000000 		.4byte	.LASF44
 771 035e 04       		.byte	0x4
 772 035f 5601     		.2byte	0x156
 773 0361 96030000 		.4byte	0x396
 774 0365 02       		.byte	0x2
 775 0366 23       		.byte	0x23
 776 0367 0C       		.uleb128 0xc
 777 0368 0C       		.uleb128 0xc
 778 0369 63723200 		.ascii	"cr2\000"
 779 036d 04       		.byte	0x4
 780 036e 5C01     		.2byte	0x15c
 781 0370 7B000000 		.4byte	0x7b
 782 0374 02       		.byte	0x2
 783 0375 23       		.byte	0x23
 784 0376 2C       		.uleb128 0x2c
 785 0377 0B       		.uleb128 0xb
 786 0378 E9020000 		.4byte	.LASF45
 787 037c 04       		.byte	0x4
 788 037d 6201     		.2byte	0x162
 789 037f 7B000000 		.4byte	0x7b
ARM GAS  /var/folders/ng/s8655sgx1ys_4lf9jzm2w6n00000gn/T//ccwFcfO6.s 			page 15


 790 0383 02       		.byte	0x2
 791 0384 23       		.byte	0x23
 792 0385 30       		.uleb128 0x30
 793 0386 0B       		.uleb128 0xb
 794 0387 B7020000 		.4byte	.LASF46
 795 038b 04       		.byte	0x4
 796 038c 6901     		.2byte	0x169
 797 038e 7B000000 		.4byte	0x7b
 798 0392 02       		.byte	0x2
 799 0393 23       		.byte	0x23
 800 0394 34       		.uleb128 0x34
 801 0395 00       		.byte	0
 802 0396 06       		.uleb128 0x6
 803 0397 17030000 		.4byte	0x317
 804 039b A6030000 		.4byte	0x3a6
 805 039f 07       		.uleb128 0x7
 806 03a0 A7000000 		.4byte	0xa7
 807 03a4 03       		.byte	0x3
 808 03a5 00       		.byte	0
 809 03a6 11       		.uleb128 0x11
 810 03a7 0E010000 		.4byte	.LASF47
 811 03ab 04       		.byte	0x4
 812 03ac 6A01     		.2byte	0x16a
 813 03ae 23030000 		.4byte	0x323
 814 03b2 0D       		.uleb128 0xd
 815 03b3 04       		.byte	0x4
 816 03b4 B8030000 		.4byte	0x3b8
 817 03b8 12       		.uleb128 0x12
 818 03b9 A6030000 		.4byte	0x3a6
 819 03bd 0D       		.uleb128 0xd
 820 03be 04       		.byte	0x4
 821 03bf BF020000 		.4byte	0x2bf
 822 03c3 13       		.uleb128 0x13
 823 03c4 01       		.byte	0x1
 824 03c5 E1000000 		.4byte	.LASF48
 825 03c9 01       		.byte	0x1
 826 03ca 44       		.byte	0x44
 827 03cb 01       		.byte	0x1
 828 03cc 00000000 		.4byte	.LFB118
 829 03d0 04000000 		.4byte	.LFE118
 830 03d4 02       		.byte	0x2
 831 03d5 7D       		.byte	0x7d
 832 03d6 00       		.sleb128 0
 833 03d7 01       		.byte	0x1
 834 03d8 E7030000 		.4byte	0x3e7
 835 03dc 14       		.uleb128 0x14
 836 03dd 04000000 		.4byte	.LVL0
 837 03e1 01       		.byte	0x1
 838 03e2 90060000 		.4byte	0x690
 839 03e6 00       		.byte	0
 840 03e7 13       		.uleb128 0x13
 841 03e8 01       		.byte	0x1
 842 03e9 72000000 		.4byte	.LASF49
 843 03ed 01       		.byte	0x1
 844 03ee 50       		.byte	0x50
 845 03ef 01       		.byte	0x1
 846 03f0 00000000 		.4byte	.LFB119
ARM GAS  /var/folders/ng/s8655sgx1ys_4lf9jzm2w6n00000gn/T//ccwFcfO6.s 			page 16


 847 03f4 0A000000 		.4byte	.LFE119
 848 03f8 02       		.byte	0x2
 849 03f9 7D       		.byte	0x7d
 850 03fa 00       		.sleb128 0
 851 03fb 01       		.byte	0x1
 852 03fc 0E040000 		.4byte	0x40e
 853 0400 15       		.uleb128 0x15
 854 0401 BC000000 		.4byte	.LASF51
 855 0405 01       		.byte	0x1
 856 0406 50       		.byte	0x50
 857 0407 71010000 		.4byte	0x171
 858 040b 01       		.byte	0x1
 859 040c 50       		.byte	0x50
 860 040d 00       		.byte	0
 861 040e 16       		.uleb128 0x16
 862 040f 01       		.byte	0x1
 863 0410 C1000000 		.4byte	.LASF50
 864 0414 01       		.byte	0x1
 865 0415 63       		.byte	0x63
 866 0416 01       		.byte	0x1
 867 0417 00000000 		.4byte	.LFB120
 868 041b 20000000 		.4byte	.LFE120
 869 041f 00000000 		.4byte	.LLST0
 870 0423 01       		.byte	0x1
 871 0424 8D040000 		.4byte	0x48d
 872 0428 17       		.uleb128 0x17
 873 0429 BC000000 		.4byte	.LASF51
 874 042d 01       		.byte	0x1
 875 042e 63       		.byte	0x63
 876 042f 71010000 		.4byte	0x171
 877 0433 20000000 		.4byte	.LLST1
 878 0437 17       		.uleb128 0x17
 879 0438 6B000000 		.4byte	.LASF22
 880 043c 01       		.byte	0x1
 881 043d 63       		.byte	0x63
 882 043e B2030000 		.4byte	0x3b2
 883 0442 3E000000 		.4byte	.LLST2
 884 0446 18       		.uleb128 0x18
 885 0447 00000000 		.4byte	.Ldebug_ranges0+0
 886 044b 5F040000 		.4byte	0x45f
 887 044f 19       		.uleb128 0x19
 888 0450 746D7000 		.ascii	"tmp\000"
 889 0454 01       		.byte	0x1
 890 0455 67       		.byte	0x67
 891 0456 7B000000 		.4byte	0x7b
 892 045a 5F000000 		.4byte	.LLST3
 893 045e 00       		.byte	0
 894 045f 1A       		.uleb128 0x1a
 895 0460 18000000 		.4byte	.LBB4
 896 0464 20000000 		.4byte	.LBE4
 897 0468 7C040000 		.4byte	0x47c
 898 046c 19       		.uleb128 0x19
 899 046d 746D7000 		.ascii	"tmp\000"
 900 0471 01       		.byte	0x1
 901 0472 6E       		.byte	0x6e
 902 0473 7B000000 		.4byte	0x7b
 903 0477 72000000 		.4byte	.LLST4
ARM GAS  /var/folders/ng/s8655sgx1ys_4lf9jzm2w6n00000gn/T//ccwFcfO6.s 			page 17


 904 047b 00       		.byte	0
 905 047c 1B       		.uleb128 0x1b
 906 047d 14000000 		.4byte	.LVL6
 907 0481 9B060000 		.4byte	0x69b
 908 0485 1C       		.uleb128 0x1c
 909 0486 01       		.byte	0x1
 910 0487 50       		.byte	0x50
 911 0488 02       		.byte	0x2
 912 0489 74       		.byte	0x74
 913 048a 00       		.sleb128 0
 914 048b 00       		.byte	0
 915 048c 00       		.byte	0
 916 048d 16       		.uleb128 0x16
 917 048e 01       		.byte	0x1
 918 048f BC020000 		.4byte	.LASF52
 919 0493 01       		.byte	0x1
 920 0494 78       		.byte	0x78
 921 0495 01       		.byte	0x1
 922 0496 00000000 		.4byte	.LFB121
 923 049a 1A000000 		.4byte	.LFE121
 924 049e 85000000 		.4byte	.LLST5
 925 04a2 01       		.byte	0x1
 926 04a3 FD040000 		.4byte	0x4fd
 927 04a7 17       		.uleb128 0x17
 928 04a8 BC000000 		.4byte	.LASF51
 929 04ac 01       		.byte	0x1
 930 04ad 78       		.byte	0x78
 931 04ae 71010000 		.4byte	0x171
 932 04b2 A5000000 		.4byte	.LLST6
 933 04b6 18       		.uleb128 0x18
 934 04b7 18000000 		.4byte	.Ldebug_ranges0+0x18
 935 04bb CF040000 		.4byte	0x4cf
 936 04bf 19       		.uleb128 0x19
 937 04c0 746D7000 		.ascii	"tmp\000"
 938 04c4 01       		.byte	0x1
 939 04c5 7C       		.byte	0x7c
 940 04c6 7B000000 		.4byte	0x7b
 941 04ca C3000000 		.4byte	.LLST7
 942 04ce 00       		.byte	0
 943 04cf 1A       		.uleb128 0x1a
 944 04d0 12000000 		.4byte	.LBB7
 945 04d4 1A000000 		.4byte	.LBE7
 946 04d8 EC040000 		.4byte	0x4ec
 947 04dc 19       		.uleb128 0x19
 948 04dd 746D7000 		.ascii	"tmp\000"
 949 04e1 01       		.byte	0x1
 950 04e2 81       		.byte	0x81
 951 04e3 7B000000 		.4byte	0x7b
 952 04e7 D6000000 		.4byte	.LLST8
 953 04eb 00       		.byte	0
 954 04ec 1B       		.uleb128 0x1b
 955 04ed 0E000000 		.4byte	.LVL12
 956 04f1 B0060000 		.4byte	0x6b0
 957 04f5 1C       		.uleb128 0x1c
 958 04f6 01       		.byte	0x1
 959 04f7 50       		.byte	0x50
 960 04f8 02       		.byte	0x2
ARM GAS  /var/folders/ng/s8655sgx1ys_4lf9jzm2w6n00000gn/T//ccwFcfO6.s 			page 18


 961 04f9 74       		.byte	0x74
 962 04fa 00       		.sleb128 0
 963 04fb 00       		.byte	0
 964 04fc 00       		.byte	0
 965 04fd 13       		.uleb128 0x13
 966 04fe 01       		.byte	0x1
 967 04ff 7C020000 		.4byte	.LASF53
 968 0503 01       		.byte	0x1
 969 0504 93       		.byte	0x93
 970 0505 01       		.byte	0x1
 971 0506 00000000 		.4byte	.LFB122
 972 050a 18000000 		.4byte	.LFE122
 973 050e 02       		.byte	0x2
 974 050f 7D       		.byte	0x7d
 975 0510 00       		.sleb128 0
 976 0511 01       		.byte	0x1
 977 0512 6B050000 		.4byte	0x56b
 978 0516 17       		.uleb128 0x17
 979 0517 BC000000 		.4byte	.LASF51
 980 051b 01       		.byte	0x1
 981 051c 93       		.byte	0x93
 982 051d 71010000 		.4byte	0x171
 983 0521 E9000000 		.4byte	.LLST9
 984 0525 17       		.uleb128 0x17
 985 0526 F3000000 		.4byte	.LASF23
 986 052a 01       		.byte	0x1
 987 052b 93       		.byte	0x93
 988 052c E3020000 		.4byte	0x2e3
 989 0530 0A010000 		.4byte	.LLST10
 990 0534 1A       		.uleb128 0x1a
 991 0535 00000000 		.4byte	.LBB8
 992 0539 06000000 		.4byte	.LBE8
 993 053d 51050000 		.4byte	0x551
 994 0541 19       		.uleb128 0x19
 995 0542 746D7000 		.ascii	"tmp\000"
 996 0546 01       		.byte	0x1
 997 0547 97       		.byte	0x97
 998 0548 7B000000 		.4byte	0x7b
 999 054c 38010000 		.4byte	.LLST11
 1000 0550 00       		.byte	0
 1001 0551 1D       		.uleb128 0x1d
 1002 0552 10000000 		.4byte	.LBB9
 1003 0556 18000000 		.4byte	.LBE9
 1004 055a 19       		.uleb128 0x19
 1005 055b 746D7000 		.ascii	"tmp\000"
 1006 055f 01       		.byte	0x1
 1007 0560 9B       		.byte	0x9b
 1008 0561 7B000000 		.4byte	0x7b
 1009 0565 4B010000 		.4byte	.LLST12
 1010 0569 00       		.byte	0
 1011 056a 00       		.byte	0
 1012 056b 16       		.uleb128 0x16
 1013 056c 01       		.byte	0x1
 1014 056d 88000000 		.4byte	.LASF54
 1015 0571 01       		.byte	0x1
 1016 0572 AC       		.byte	0xac
 1017 0573 01       		.byte	0x1
ARM GAS  /var/folders/ng/s8655sgx1ys_4lf9jzm2w6n00000gn/T//ccwFcfO6.s 			page 19


 1018 0574 00000000 		.4byte	.LFB123
 1019 0578 14000000 		.4byte	.LFE123
 1020 057c 5E010000 		.4byte	.LLST13
 1021 0580 01       		.byte	0x1
 1022 0581 FE050000 		.4byte	0x5fe
 1023 0585 17       		.uleb128 0x17
 1024 0586 BC000000 		.4byte	.LASF51
 1025 058a 01       		.byte	0x1
 1026 058b AC       		.byte	0xac
 1027 058c 71010000 		.4byte	0x171
 1028 0590 7E010000 		.4byte	.LLST14
 1029 0594 17       		.uleb128 0x17
 1030 0595 74020000 		.4byte	.LASF55
 1031 0599 01       		.byte	0x1
 1032 059a AD       		.byte	0xad
 1033 059b D7020000 		.4byte	0x2d7
 1034 059f 9F010000 		.4byte	.LLST15
 1035 05a3 17       		.uleb128 0x17
 1036 05a4 B6000000 		.4byte	.LASF56
 1037 05a8 01       		.byte	0x1
 1038 05a9 AE       		.byte	0xae
 1039 05aa E3020000 		.4byte	0x2e3
 1040 05ae C0010000 		.4byte	.LLST16
 1041 05b2 1A       		.uleb128 0x1a
 1042 05b3 02000000 		.4byte	.LBB10
 1043 05b7 08000000 		.4byte	.LBE10
 1044 05bb CF050000 		.4byte	0x5cf
 1045 05bf 19       		.uleb128 0x19
 1046 05c0 746D7000 		.ascii	"tmp\000"
 1047 05c4 01       		.byte	0x1
 1048 05c5 B3       		.byte	0xb3
 1049 05c6 7B000000 		.4byte	0x7b
 1050 05ca E1010000 		.4byte	.LLST17
 1051 05ce 00       		.byte	0
 1052 05cf 1A       		.uleb128 0x1a
 1053 05d0 0C000000 		.4byte	.LBB11
 1054 05d4 14000000 		.4byte	.LBE11
 1055 05d8 EC050000 		.4byte	0x5ec
 1056 05dc 19       		.uleb128 0x19
 1057 05dd 746D7000 		.ascii	"tmp\000"
 1058 05e1 01       		.byte	0x1
 1059 05e2 B7       		.byte	0xb7
 1060 05e3 7B000000 		.4byte	0x7b
 1061 05e7 F4010000 		.4byte	.LLST18
 1062 05eb 00       		.byte	0
 1063 05ec 1B       		.uleb128 0x1b
 1064 05ed 0C000000 		.4byte	.LVL26
 1065 05f1 C5060000 		.4byte	0x6c5
 1066 05f5 1C       		.uleb128 0x1c
 1067 05f6 01       		.byte	0x1
 1068 05f7 50       		.byte	0x50
 1069 05f8 03       		.byte	0x3
 1070 05f9 F3       		.byte	0xf3
 1071 05fa 01       		.uleb128 0x1
 1072 05fb 50       		.byte	0x50
 1073 05fc 00       		.byte	0
 1074 05fd 00       		.byte	0
ARM GAS  /var/folders/ng/s8655sgx1ys_4lf9jzm2w6n00000gn/T//ccwFcfO6.s 			page 20


 1075 05fe 16       		.uleb128 0x16
 1076 05ff 01       		.byte	0x1
 1077 0600 5A010000 		.4byte	.LASF57
 1078 0604 01       		.byte	0x1
 1079 0605 C8       		.byte	0xc8
 1080 0606 01       		.byte	0x1
 1081 0607 00000000 		.4byte	.LFB124
 1082 060b 14000000 		.4byte	.LFE124
 1083 060f 07020000 		.4byte	.LLST19
 1084 0613 01       		.byte	0x1
 1085 0614 82060000 		.4byte	0x682
 1086 0618 17       		.uleb128 0x17
 1087 0619 BC000000 		.4byte	.LASF51
 1088 061d 01       		.byte	0x1
 1089 061e C8       		.byte	0xc8
 1090 061f 71010000 		.4byte	0x171
 1091 0623 27020000 		.4byte	.LLST20
 1092 0627 17       		.uleb128 0x17
 1093 0628 74020000 		.4byte	.LASF55
 1094 062c 01       		.byte	0x1
 1095 062d C8       		.byte	0xc8
 1096 062e D7020000 		.4byte	0x2d7
 1097 0632 48020000 		.4byte	.LLST21
 1098 0636 1A       		.uleb128 0x1a
 1099 0637 02000000 		.4byte	.LBB12
 1100 063b 08000000 		.4byte	.LBE12
 1101 063f 53060000 		.4byte	0x653
 1102 0643 19       		.uleb128 0x19
 1103 0644 746D7000 		.ascii	"tmp\000"
 1104 0648 01       		.byte	0x1
 1105 0649 CD       		.byte	0xcd
 1106 064a 7B000000 		.4byte	0x7b
 1107 064e 69020000 		.4byte	.LLST22
 1108 0652 00       		.byte	0
 1109 0653 1A       		.uleb128 0x1a
 1110 0654 0C000000 		.4byte	.LBB13
 1111 0658 14000000 		.4byte	.LBE13
 1112 065c 70060000 		.4byte	0x670
 1113 0660 19       		.uleb128 0x19
 1114 0661 746D7000 		.ascii	"tmp\000"
 1115 0665 01       		.byte	0x1
 1116 0666 D1       		.byte	0xd1
 1117 0667 7B000000 		.4byte	0x7b
 1118 066b 7C020000 		.4byte	.LLST23
 1119 066f 00       		.byte	0
 1120 0670 1B       		.uleb128 0x1b
 1121 0671 0C000000 		.4byte	.LVL32
 1122 0675 E4060000 		.4byte	0x6e4
 1123 0679 1C       		.uleb128 0x1c
 1124 067a 01       		.byte	0x1
 1125 067b 50       		.byte	0x50
 1126 067c 03       		.byte	0x3
 1127 067d F3       		.byte	0xf3
 1128 067e 01       		.uleb128 0x1
 1129 067f 50       		.byte	0x50
 1130 0680 00       		.byte	0
 1131 0681 00       		.byte	0
ARM GAS  /var/folders/ng/s8655sgx1ys_4lf9jzm2w6n00000gn/T//ccwFcfO6.s 			page 21


 1132 0682 1E       		.uleb128 0x1e
 1133 0683 EE020000 		.4byte	.LASF64
 1134 0687 06       		.byte	0x6
 1135 0688 9806     		.2byte	0x698
 1136 068a C5000000 		.4byte	0xc5
 1137 068e 01       		.byte	0x1
 1138 068f 01       		.byte	0x1
 1139 0690 1F       		.uleb128 0x1f
 1140 0691 01       		.byte	0x1
 1141 0692 35020000 		.4byte	.LASF65
 1142 0696 04       		.byte	0x4
 1143 0697 D101     		.2byte	0x1d1
 1144 0699 01       		.byte	0x1
 1145 069a 01       		.byte	0x1
 1146 069b 20       		.uleb128 0x20
 1147 069c 01       		.byte	0x1
 1148 069d 00010000 		.4byte	.LASF58
 1149 06a1 04       		.byte	0x4
 1150 06a2 D201     		.2byte	0x1d2
 1151 06a4 01       		.byte	0x1
 1152 06a5 01       		.byte	0x1
 1153 06a6 B0060000 		.4byte	0x6b0
 1154 06aa 0F       		.uleb128 0xf
 1155 06ab 71010000 		.4byte	0x171
 1156 06af 00       		.byte	0
 1157 06b0 20       		.uleb128 0x20
 1158 06b1 01       		.byte	0x1
 1159 06b2 36010000 		.4byte	.LASF59
 1160 06b6 04       		.byte	0x4
 1161 06b7 D301     		.2byte	0x1d3
 1162 06b9 01       		.byte	0x1
 1163 06ba 01       		.byte	0x1
 1164 06bb C5060000 		.4byte	0x6c5
 1165 06bf 0F       		.uleb128 0xf
 1166 06c0 71010000 		.4byte	0x171
 1167 06c4 00       		.byte	0
 1168 06c5 20       		.uleb128 0x20
 1169 06c6 01       		.byte	0x1
 1170 06c7 43010000 		.4byte	.LASF60
 1171 06cb 04       		.byte	0x4
 1172 06cc D401     		.2byte	0x1d4
 1173 06ce 01       		.byte	0x1
 1174 06cf 01       		.byte	0x1
 1175 06d0 E4060000 		.4byte	0x6e4
 1176 06d4 0F       		.uleb128 0xf
 1177 06d5 71010000 		.4byte	0x171
 1178 06d9 0F       		.uleb128 0xf
 1179 06da D7020000 		.4byte	0x2d7
 1180 06de 0F       		.uleb128 0xf
 1181 06df E3020000 		.4byte	0x2e3
 1182 06e3 00       		.byte	0
 1183 06e4 21       		.uleb128 0x21
 1184 06e5 01       		.byte	0x1
 1185 06e6 38000000 		.4byte	.LASF66
 1186 06ea 04       		.byte	0x4
 1187 06eb D701     		.2byte	0x1d7
 1188 06ed 01       		.byte	0x1
ARM GAS  /var/folders/ng/s8655sgx1ys_4lf9jzm2w6n00000gn/T//ccwFcfO6.s 			page 22


 1189 06ee 01       		.byte	0x1
 1190 06ef 0F       		.uleb128 0xf
 1191 06f0 71010000 		.4byte	0x171
 1192 06f4 0F       		.uleb128 0xf
 1193 06f5 D7020000 		.4byte	0x2d7
 1194 06f9 00       		.byte	0
 1195 06fa 00       		.byte	0
 1196              		.section	.debug_abbrev,"",%progbits
 1197              	.Ldebug_abbrev0:
 1198 0000 01       		.uleb128 0x1
 1199 0001 11       		.uleb128 0x11
 1200 0002 01       		.byte	0x1
 1201 0003 25       		.uleb128 0x25
 1202 0004 0E       		.uleb128 0xe
 1203 0005 13       		.uleb128 0x13
 1204 0006 0B       		.uleb128 0xb
 1205 0007 03       		.uleb128 0x3
 1206 0008 0E       		.uleb128 0xe
 1207 0009 1B       		.uleb128 0x1b
 1208 000a 0E       		.uleb128 0xe
 1209 000b 55       		.uleb128 0x55
 1210 000c 06       		.uleb128 0x6
 1211 000d 11       		.uleb128 0x11
 1212 000e 01       		.uleb128 0x1
 1213 000f 52       		.uleb128 0x52
 1214 0010 01       		.uleb128 0x1
 1215 0011 10       		.uleb128 0x10
 1216 0012 06       		.uleb128 0x6
 1217 0013 00       		.byte	0
 1218 0014 00       		.byte	0
 1219 0015 02       		.uleb128 0x2
 1220 0016 24       		.uleb128 0x24
 1221 0017 00       		.byte	0
 1222 0018 0B       		.uleb128 0xb
 1223 0019 0B       		.uleb128 0xb
 1224 001a 3E       		.uleb128 0x3e
 1225 001b 0B       		.uleb128 0xb
 1226 001c 03       		.uleb128 0x3
 1227 001d 08       		.uleb128 0x8
 1228 001e 00       		.byte	0
 1229 001f 00       		.byte	0
 1230 0020 03       		.uleb128 0x3
 1231 0021 24       		.uleb128 0x24
 1232 0022 00       		.byte	0
 1233 0023 0B       		.uleb128 0xb
 1234 0024 0B       		.uleb128 0xb
 1235 0025 3E       		.uleb128 0x3e
 1236 0026 0B       		.uleb128 0xb
 1237 0027 03       		.uleb128 0x3
 1238 0028 0E       		.uleb128 0xe
 1239 0029 00       		.byte	0
 1240 002a 00       		.byte	0
 1241 002b 04       		.uleb128 0x4
 1242 002c 16       		.uleb128 0x16
 1243 002d 00       		.byte	0
 1244 002e 03       		.uleb128 0x3
 1245 002f 0E       		.uleb128 0xe
ARM GAS  /var/folders/ng/s8655sgx1ys_4lf9jzm2w6n00000gn/T//ccwFcfO6.s 			page 23


 1246 0030 3A       		.uleb128 0x3a
 1247 0031 0B       		.uleb128 0xb
 1248 0032 3B       		.uleb128 0x3b
 1249 0033 0B       		.uleb128 0xb
 1250 0034 49       		.uleb128 0x49
 1251 0035 13       		.uleb128 0x13
 1252 0036 00       		.byte	0
 1253 0037 00       		.byte	0
 1254 0038 05       		.uleb128 0x5
 1255 0039 35       		.uleb128 0x35
 1256 003a 00       		.byte	0
 1257 003b 49       		.uleb128 0x49
 1258 003c 13       		.uleb128 0x13
 1259 003d 00       		.byte	0
 1260 003e 00       		.byte	0
 1261 003f 06       		.uleb128 0x6
 1262 0040 01       		.uleb128 0x1
 1263 0041 01       		.byte	0x1
 1264 0042 49       		.uleb128 0x49
 1265 0043 13       		.uleb128 0x13
 1266 0044 01       		.uleb128 0x1
 1267 0045 13       		.uleb128 0x13
 1268 0046 00       		.byte	0
 1269 0047 00       		.byte	0
 1270 0048 07       		.uleb128 0x7
 1271 0049 21       		.uleb128 0x21
 1272 004a 00       		.byte	0
 1273 004b 49       		.uleb128 0x49
 1274 004c 13       		.uleb128 0x13
 1275 004d 2F       		.uleb128 0x2f
 1276 004e 0B       		.uleb128 0xb
 1277 004f 00       		.byte	0
 1278 0050 00       		.byte	0
 1279 0051 08       		.uleb128 0x8
 1280 0052 04       		.uleb128 0x4
 1281 0053 01       		.byte	0x1
 1282 0054 0B       		.uleb128 0xb
 1283 0055 0B       		.uleb128 0xb
 1284 0056 3A       		.uleb128 0x3a
 1285 0057 0B       		.uleb128 0xb
 1286 0058 3B       		.uleb128 0x3b
 1287 0059 0B       		.uleb128 0xb
 1288 005a 01       		.uleb128 0x1
 1289 005b 13       		.uleb128 0x13
 1290 005c 00       		.byte	0
 1291 005d 00       		.byte	0
 1292 005e 09       		.uleb128 0x9
 1293 005f 28       		.uleb128 0x28
 1294 0060 00       		.byte	0
 1295 0061 03       		.uleb128 0x3
 1296 0062 0E       		.uleb128 0xe
 1297 0063 1C       		.uleb128 0x1c
 1298 0064 0D       		.uleb128 0xd
 1299 0065 00       		.byte	0
 1300 0066 00       		.byte	0
 1301 0067 0A       		.uleb128 0xa
 1302 0068 13       		.uleb128 0x13
ARM GAS  /var/folders/ng/s8655sgx1ys_4lf9jzm2w6n00000gn/T//ccwFcfO6.s 			page 24


 1303 0069 01       		.byte	0x1
 1304 006a 03       		.uleb128 0x3
 1305 006b 0E       		.uleb128 0xe
 1306 006c 0B       		.uleb128 0xb
 1307 006d 0B       		.uleb128 0xb
 1308 006e 3A       		.uleb128 0x3a
 1309 006f 0B       		.uleb128 0xb
 1310 0070 3B       		.uleb128 0x3b
 1311 0071 05       		.uleb128 0x5
 1312 0072 01       		.uleb128 0x1
 1313 0073 13       		.uleb128 0x13
 1314 0074 00       		.byte	0
 1315 0075 00       		.byte	0
 1316 0076 0B       		.uleb128 0xb
 1317 0077 0D       		.uleb128 0xd
 1318 0078 00       		.byte	0
 1319 0079 03       		.uleb128 0x3
 1320 007a 0E       		.uleb128 0xe
 1321 007b 3A       		.uleb128 0x3a
 1322 007c 0B       		.uleb128 0xb
 1323 007d 3B       		.uleb128 0x3b
 1324 007e 05       		.uleb128 0x5
 1325 007f 49       		.uleb128 0x49
 1326 0080 13       		.uleb128 0x13
 1327 0081 38       		.uleb128 0x38
 1328 0082 0A       		.uleb128 0xa
 1329 0083 00       		.byte	0
 1330 0084 00       		.byte	0
 1331 0085 0C       		.uleb128 0xc
 1332 0086 0D       		.uleb128 0xd
 1333 0087 00       		.byte	0
 1334 0088 03       		.uleb128 0x3
 1335 0089 08       		.uleb128 0x8
 1336 008a 3A       		.uleb128 0x3a
 1337 008b 0B       		.uleb128 0xb
 1338 008c 3B       		.uleb128 0x3b
 1339 008d 05       		.uleb128 0x5
 1340 008e 49       		.uleb128 0x49
 1341 008f 13       		.uleb128 0x13
 1342 0090 38       		.uleb128 0x38
 1343 0091 0A       		.uleb128 0xa
 1344 0092 00       		.byte	0
 1345 0093 00       		.byte	0
 1346 0094 0D       		.uleb128 0xd
 1347 0095 0F       		.uleb128 0xf
 1348 0096 00       		.byte	0
 1349 0097 0B       		.uleb128 0xb
 1350 0098 0B       		.uleb128 0xb
 1351 0099 49       		.uleb128 0x49
 1352 009a 13       		.uleb128 0x13
 1353 009b 00       		.byte	0
 1354 009c 00       		.byte	0
 1355 009d 0E       		.uleb128 0xe
 1356 009e 15       		.uleb128 0x15
 1357 009f 01       		.byte	0x1
 1358 00a0 27       		.uleb128 0x27
 1359 00a1 0C       		.uleb128 0xc
ARM GAS  /var/folders/ng/s8655sgx1ys_4lf9jzm2w6n00000gn/T//ccwFcfO6.s 			page 25


 1360 00a2 01       		.uleb128 0x1
 1361 00a3 13       		.uleb128 0x13
 1362 00a4 00       		.byte	0
 1363 00a5 00       		.byte	0
 1364 00a6 0F       		.uleb128 0xf
 1365 00a7 05       		.uleb128 0x5
 1366 00a8 00       		.byte	0
 1367 00a9 49       		.uleb128 0x49
 1368 00aa 13       		.uleb128 0x13
 1369 00ab 00       		.byte	0
 1370 00ac 00       		.byte	0
 1371 00ad 10       		.uleb128 0x10
 1372 00ae 13       		.uleb128 0x13
 1373 00af 01       		.byte	0x1
 1374 00b0 0B       		.uleb128 0xb
 1375 00b1 0B       		.uleb128 0xb
 1376 00b2 3A       		.uleb128 0x3a
 1377 00b3 0B       		.uleb128 0xb
 1378 00b4 3B       		.uleb128 0x3b
 1379 00b5 05       		.uleb128 0x5
 1380 00b6 01       		.uleb128 0x1
 1381 00b7 13       		.uleb128 0x13
 1382 00b8 00       		.byte	0
 1383 00b9 00       		.byte	0
 1384 00ba 11       		.uleb128 0x11
 1385 00bb 16       		.uleb128 0x16
 1386 00bc 00       		.byte	0
 1387 00bd 03       		.uleb128 0x3
 1388 00be 0E       		.uleb128 0xe
 1389 00bf 3A       		.uleb128 0x3a
 1390 00c0 0B       		.uleb128 0xb
 1391 00c1 3B       		.uleb128 0x3b
 1392 00c2 05       		.uleb128 0x5
 1393 00c3 49       		.uleb128 0x49
 1394 00c4 13       		.uleb128 0x13
 1395 00c5 00       		.byte	0
 1396 00c6 00       		.byte	0
 1397 00c7 12       		.uleb128 0x12
 1398 00c8 26       		.uleb128 0x26
 1399 00c9 00       		.byte	0
 1400 00ca 49       		.uleb128 0x49
 1401 00cb 13       		.uleb128 0x13
 1402 00cc 00       		.byte	0
 1403 00cd 00       		.byte	0
 1404 00ce 13       		.uleb128 0x13
 1405 00cf 2E       		.uleb128 0x2e
 1406 00d0 01       		.byte	0x1
 1407 00d1 3F       		.uleb128 0x3f
 1408 00d2 0C       		.uleb128 0xc
 1409 00d3 03       		.uleb128 0x3
 1410 00d4 0E       		.uleb128 0xe
 1411 00d5 3A       		.uleb128 0x3a
 1412 00d6 0B       		.uleb128 0xb
 1413 00d7 3B       		.uleb128 0x3b
 1414 00d8 0B       		.uleb128 0xb
 1415 00d9 27       		.uleb128 0x27
 1416 00da 0C       		.uleb128 0xc
ARM GAS  /var/folders/ng/s8655sgx1ys_4lf9jzm2w6n00000gn/T//ccwFcfO6.s 			page 26


 1417 00db 11       		.uleb128 0x11
 1418 00dc 01       		.uleb128 0x1
 1419 00dd 12       		.uleb128 0x12
 1420 00de 01       		.uleb128 0x1
 1421 00df 40       		.uleb128 0x40
 1422 00e0 0A       		.uleb128 0xa
 1423 00e1 9742     		.uleb128 0x2117
 1424 00e3 0C       		.uleb128 0xc
 1425 00e4 01       		.uleb128 0x1
 1426 00e5 13       		.uleb128 0x13
 1427 00e6 00       		.byte	0
 1428 00e7 00       		.byte	0
 1429 00e8 14       		.uleb128 0x14
 1430 00e9 898201   		.uleb128 0x4109
 1431 00ec 00       		.byte	0
 1432 00ed 11       		.uleb128 0x11
 1433 00ee 01       		.uleb128 0x1
 1434 00ef 9542     		.uleb128 0x2115
 1435 00f1 0C       		.uleb128 0xc
 1436 00f2 31       		.uleb128 0x31
 1437 00f3 13       		.uleb128 0x13
 1438 00f4 00       		.byte	0
 1439 00f5 00       		.byte	0
 1440 00f6 15       		.uleb128 0x15
 1441 00f7 05       		.uleb128 0x5
 1442 00f8 00       		.byte	0
 1443 00f9 03       		.uleb128 0x3
 1444 00fa 0E       		.uleb128 0xe
 1445 00fb 3A       		.uleb128 0x3a
 1446 00fc 0B       		.uleb128 0xb
 1447 00fd 3B       		.uleb128 0x3b
 1448 00fe 0B       		.uleb128 0xb
 1449 00ff 49       		.uleb128 0x49
 1450 0100 13       		.uleb128 0x13
 1451 0101 02       		.uleb128 0x2
 1452 0102 0A       		.uleb128 0xa
 1453 0103 00       		.byte	0
 1454 0104 00       		.byte	0
 1455 0105 16       		.uleb128 0x16
 1456 0106 2E       		.uleb128 0x2e
 1457 0107 01       		.byte	0x1
 1458 0108 3F       		.uleb128 0x3f
 1459 0109 0C       		.uleb128 0xc
 1460 010a 03       		.uleb128 0x3
 1461 010b 0E       		.uleb128 0xe
 1462 010c 3A       		.uleb128 0x3a
 1463 010d 0B       		.uleb128 0xb
 1464 010e 3B       		.uleb128 0x3b
 1465 010f 0B       		.uleb128 0xb
 1466 0110 27       		.uleb128 0x27
 1467 0111 0C       		.uleb128 0xc
 1468 0112 11       		.uleb128 0x11
 1469 0113 01       		.uleb128 0x1
 1470 0114 12       		.uleb128 0x12
 1471 0115 01       		.uleb128 0x1
 1472 0116 40       		.uleb128 0x40
 1473 0117 06       		.uleb128 0x6
ARM GAS  /var/folders/ng/s8655sgx1ys_4lf9jzm2w6n00000gn/T//ccwFcfO6.s 			page 27


 1474 0118 9742     		.uleb128 0x2117
 1475 011a 0C       		.uleb128 0xc
 1476 011b 01       		.uleb128 0x1
 1477 011c 13       		.uleb128 0x13
 1478 011d 00       		.byte	0
 1479 011e 00       		.byte	0
 1480 011f 17       		.uleb128 0x17
 1481 0120 05       		.uleb128 0x5
 1482 0121 00       		.byte	0
 1483 0122 03       		.uleb128 0x3
 1484 0123 0E       		.uleb128 0xe
 1485 0124 3A       		.uleb128 0x3a
 1486 0125 0B       		.uleb128 0xb
 1487 0126 3B       		.uleb128 0x3b
 1488 0127 0B       		.uleb128 0xb
 1489 0128 49       		.uleb128 0x49
 1490 0129 13       		.uleb128 0x13
 1491 012a 02       		.uleb128 0x2
 1492 012b 06       		.uleb128 0x6
 1493 012c 00       		.byte	0
 1494 012d 00       		.byte	0
 1495 012e 18       		.uleb128 0x18
 1496 012f 0B       		.uleb128 0xb
 1497 0130 01       		.byte	0x1
 1498 0131 55       		.uleb128 0x55
 1499 0132 06       		.uleb128 0x6
 1500 0133 01       		.uleb128 0x1
 1501 0134 13       		.uleb128 0x13
 1502 0135 00       		.byte	0
 1503 0136 00       		.byte	0
 1504 0137 19       		.uleb128 0x19
 1505 0138 34       		.uleb128 0x34
 1506 0139 00       		.byte	0
 1507 013a 03       		.uleb128 0x3
 1508 013b 08       		.uleb128 0x8
 1509 013c 3A       		.uleb128 0x3a
 1510 013d 0B       		.uleb128 0xb
 1511 013e 3B       		.uleb128 0x3b
 1512 013f 0B       		.uleb128 0xb
 1513 0140 49       		.uleb128 0x49
 1514 0141 13       		.uleb128 0x13
 1515 0142 02       		.uleb128 0x2
 1516 0143 06       		.uleb128 0x6
 1517 0144 00       		.byte	0
 1518 0145 00       		.byte	0
 1519 0146 1A       		.uleb128 0x1a
 1520 0147 0B       		.uleb128 0xb
 1521 0148 01       		.byte	0x1
 1522 0149 11       		.uleb128 0x11
 1523 014a 01       		.uleb128 0x1
 1524 014b 12       		.uleb128 0x12
 1525 014c 01       		.uleb128 0x1
 1526 014d 01       		.uleb128 0x1
 1527 014e 13       		.uleb128 0x13
 1528 014f 00       		.byte	0
 1529 0150 00       		.byte	0
 1530 0151 1B       		.uleb128 0x1b
ARM GAS  /var/folders/ng/s8655sgx1ys_4lf9jzm2w6n00000gn/T//ccwFcfO6.s 			page 28


 1531 0152 898201   		.uleb128 0x4109
 1532 0155 01       		.byte	0x1
 1533 0156 11       		.uleb128 0x11
 1534 0157 01       		.uleb128 0x1
 1535 0158 31       		.uleb128 0x31
 1536 0159 13       		.uleb128 0x13
 1537 015a 00       		.byte	0
 1538 015b 00       		.byte	0
 1539 015c 1C       		.uleb128 0x1c
 1540 015d 8A8201   		.uleb128 0x410a
 1541 0160 00       		.byte	0
 1542 0161 02       		.uleb128 0x2
 1543 0162 0A       		.uleb128 0xa
 1544 0163 9142     		.uleb128 0x2111
 1545 0165 0A       		.uleb128 0xa
 1546 0166 00       		.byte	0
 1547 0167 00       		.byte	0
 1548 0168 1D       		.uleb128 0x1d
 1549 0169 0B       		.uleb128 0xb
 1550 016a 01       		.byte	0x1
 1551 016b 11       		.uleb128 0x11
 1552 016c 01       		.uleb128 0x1
 1553 016d 12       		.uleb128 0x12
 1554 016e 01       		.uleb128 0x1
 1555 016f 00       		.byte	0
 1556 0170 00       		.byte	0
 1557 0171 1E       		.uleb128 0x1e
 1558 0172 34       		.uleb128 0x34
 1559 0173 00       		.byte	0
 1560 0174 03       		.uleb128 0x3
 1561 0175 0E       		.uleb128 0xe
 1562 0176 3A       		.uleb128 0x3a
 1563 0177 0B       		.uleb128 0xb
 1564 0178 3B       		.uleb128 0x3b
 1565 0179 05       		.uleb128 0x5
 1566 017a 49       		.uleb128 0x49
 1567 017b 13       		.uleb128 0x13
 1568 017c 3F       		.uleb128 0x3f
 1569 017d 0C       		.uleb128 0xc
 1570 017e 3C       		.uleb128 0x3c
 1571 017f 0C       		.uleb128 0xc
 1572 0180 00       		.byte	0
 1573 0181 00       		.byte	0
 1574 0182 1F       		.uleb128 0x1f
 1575 0183 2E       		.uleb128 0x2e
 1576 0184 00       		.byte	0
 1577 0185 3F       		.uleb128 0x3f
 1578 0186 0C       		.uleb128 0xc
 1579 0187 03       		.uleb128 0x3
 1580 0188 0E       		.uleb128 0xe
 1581 0189 3A       		.uleb128 0x3a
 1582 018a 0B       		.uleb128 0xb
 1583 018b 3B       		.uleb128 0x3b
 1584 018c 05       		.uleb128 0x5
 1585 018d 27       		.uleb128 0x27
 1586 018e 0C       		.uleb128 0xc
 1587 018f 3C       		.uleb128 0x3c
ARM GAS  /var/folders/ng/s8655sgx1ys_4lf9jzm2w6n00000gn/T//ccwFcfO6.s 			page 29


 1588 0190 0C       		.uleb128 0xc
 1589 0191 00       		.byte	0
 1590 0192 00       		.byte	0
 1591 0193 20       		.uleb128 0x20
 1592 0194 2E       		.uleb128 0x2e
 1593 0195 01       		.byte	0x1
 1594 0196 3F       		.uleb128 0x3f
 1595 0197 0C       		.uleb128 0xc
 1596 0198 03       		.uleb128 0x3
 1597 0199 0E       		.uleb128 0xe
 1598 019a 3A       		.uleb128 0x3a
 1599 019b 0B       		.uleb128 0xb
 1600 019c 3B       		.uleb128 0x3b
 1601 019d 05       		.uleb128 0x5
 1602 019e 27       		.uleb128 0x27
 1603 019f 0C       		.uleb128 0xc
 1604 01a0 3C       		.uleb128 0x3c
 1605 01a1 0C       		.uleb128 0xc
 1606 01a2 01       		.uleb128 0x1
 1607 01a3 13       		.uleb128 0x13
 1608 01a4 00       		.byte	0
 1609 01a5 00       		.byte	0
 1610 01a6 21       		.uleb128 0x21
 1611 01a7 2E       		.uleb128 0x2e
 1612 01a8 01       		.byte	0x1
 1613 01a9 3F       		.uleb128 0x3f
 1614 01aa 0C       		.uleb128 0xc
 1615 01ab 03       		.uleb128 0x3
 1616 01ac 0E       		.uleb128 0xe
 1617 01ad 3A       		.uleb128 0x3a
 1618 01ae 0B       		.uleb128 0xb
 1619 01af 3B       		.uleb128 0x3b
 1620 01b0 05       		.uleb128 0x5
 1621 01b1 27       		.uleb128 0x27
 1622 01b2 0C       		.uleb128 0xc
 1623 01b3 3C       		.uleb128 0x3c
 1624 01b4 0C       		.uleb128 0xc
 1625 01b5 00       		.byte	0
 1626 01b6 00       		.byte	0
 1627 01b7 00       		.byte	0
 1628              		.section	.debug_loc,"",%progbits
 1629              	.Ldebug_loc0:
 1630              	.LLST0:
 1631 0000 00000000 		.4byte	.LFB120
 1632 0004 02000000 		.4byte	.LCFI0
 1633 0008 0200     		.2byte	0x2
 1634 000a 7D       		.byte	0x7d
 1635 000b 00       		.sleb128 0
 1636 000c 02000000 		.4byte	.LCFI0
 1637 0010 20000000 		.4byte	.LFE120
 1638 0014 0200     		.2byte	0x2
 1639 0016 7D       		.byte	0x7d
 1640 0017 08       		.sleb128 8
 1641 0018 00000000 		.4byte	0
 1642 001c 00000000 		.4byte	0
 1643              	.LLST1:
 1644 0020 00000000 		.4byte	.LVL2
ARM GAS  /var/folders/ng/s8655sgx1ys_4lf9jzm2w6n00000gn/T//ccwFcfO6.s 			page 30


 1645 0024 13000000 		.4byte	.LVL6-1
 1646 0028 0100     		.2byte	0x1
 1647 002a 50       		.byte	0x50
 1648 002b 13000000 		.4byte	.LVL6-1
 1649 002f 20000000 		.4byte	.LFE120
 1650 0033 0100     		.2byte	0x1
 1651 0035 54       		.byte	0x54
 1652 0036 00000000 		.4byte	0
 1653 003a 00000000 		.4byte	0
 1654              	.LLST2:
 1655 003e 00000000 		.4byte	.LVL2
 1656 0042 13000000 		.4byte	.LVL6-1
 1657 0046 0100     		.2byte	0x1
 1658 0048 51       		.byte	0x51
 1659 0049 13000000 		.4byte	.LVL6-1
 1660 004d 20000000 		.4byte	.LFE120
 1661 0051 0400     		.2byte	0x4
 1662 0053 F3       		.byte	0xf3
 1663 0054 01       		.uleb128 0x1
 1664 0055 51       		.byte	0x51
 1665 0056 9F       		.byte	0x9f
 1666 0057 00000000 		.4byte	0
 1667 005b 00000000 		.4byte	0
 1668              	.LLST3:
 1669 005f 0A000000 		.4byte	.LVL4
 1670 0063 0C000000 		.4byte	.LVL5
 1671 0067 0100     		.2byte	0x1
 1672 0069 53       		.byte	0x53
 1673 006a 00000000 		.4byte	0
 1674 006e 00000000 		.4byte	0
 1675              	.LLST4:
 1676 0072 1E000000 		.4byte	.LVL8
 1677 0076 20000000 		.4byte	.LFE120
 1678 007a 0100     		.2byte	0x1
 1679 007c 53       		.byte	0x53
 1680 007d 00000000 		.4byte	0
 1681 0081 00000000 		.4byte	0
 1682              	.LLST5:
 1683 0085 00000000 		.4byte	.LFB121
 1684 0089 02000000 		.4byte	.LCFI1
 1685 008d 0200     		.2byte	0x2
 1686 008f 7D       		.byte	0x7d
 1687 0090 00       		.sleb128 0
 1688 0091 02000000 		.4byte	.LCFI1
 1689 0095 1A000000 		.4byte	.LFE121
 1690 0099 0200     		.2byte	0x2
 1691 009b 7D       		.byte	0x7d
 1692 009c 08       		.sleb128 8
 1693 009d 00000000 		.4byte	0
 1694 00a1 00000000 		.4byte	0
 1695              	.LLST6:
 1696 00a5 00000000 		.4byte	.LVL9
 1697 00a9 0D000000 		.4byte	.LVL12-1
 1698 00ad 0100     		.2byte	0x1
 1699 00af 50       		.byte	0x50
 1700 00b0 0D000000 		.4byte	.LVL12-1
 1701 00b4 1A000000 		.4byte	.LFE121
ARM GAS  /var/folders/ng/s8655sgx1ys_4lf9jzm2w6n00000gn/T//ccwFcfO6.s 			page 31


 1702 00b8 0100     		.2byte	0x1
 1703 00ba 54       		.byte	0x54
 1704 00bb 00000000 		.4byte	0
 1705 00bf 00000000 		.4byte	0
 1706              	.LLST7:
 1707 00c3 0A000000 		.4byte	.LVL11
 1708 00c7 0D000000 		.4byte	.LVL12-1
 1709 00cb 0100     		.2byte	0x1
 1710 00cd 53       		.byte	0x53
 1711 00ce 00000000 		.4byte	0
 1712 00d2 00000000 		.4byte	0
 1713              	.LLST8:
 1714 00d6 18000000 		.4byte	.LVL14
 1715 00da 1A000000 		.4byte	.LFE121
 1716 00de 0100     		.2byte	0x1
 1717 00e0 53       		.byte	0x53
 1718 00e1 00000000 		.4byte	0
 1719 00e5 00000000 		.4byte	0
 1720              	.LLST9:
 1721 00e9 00000000 		.4byte	.LVL15
 1722 00ed 0E000000 		.4byte	.LVL20
 1723 00f1 0100     		.2byte	0x1
 1724 00f3 50       		.byte	0x50
 1725 00f4 0E000000 		.4byte	.LVL20
 1726 00f8 18000000 		.4byte	.LFE122
 1727 00fc 0400     		.2byte	0x4
 1728 00fe F3       		.byte	0xf3
 1729 00ff 01       		.uleb128 0x1
 1730 0100 50       		.byte	0x50
 1731 0101 9F       		.byte	0x9f
 1732 0102 00000000 		.4byte	0
 1733 0106 00000000 		.4byte	0
 1734              	.LLST10:
 1735 010a 00000000 		.4byte	.LVL15
 1736 010e 0C000000 		.4byte	.LVL19
 1737 0112 0100     		.2byte	0x1
 1738 0114 51       		.byte	0x51
 1739 0115 0C000000 		.4byte	.LVL19
 1740 0119 0E000000 		.4byte	.LVL20
 1741 011d 0200     		.2byte	0x2
 1742 011f 70       		.byte	0x70
 1743 0120 08       		.sleb128 8
 1744 0121 0E000000 		.4byte	.LVL20
 1745 0125 18000000 		.4byte	.LFE122
 1746 0129 0500     		.2byte	0x5
 1747 012b F3       		.byte	0xf3
 1748 012c 01       		.uleb128 0x1
 1749 012d 50       		.byte	0x50
 1750 012e 23       		.byte	0x23
 1751 012f 08       		.uleb128 0x8
 1752 0130 00000000 		.4byte	0
 1753 0134 00000000 		.4byte	0
 1754              	.LLST11:
 1755 0138 06000000 		.4byte	.LVL17
 1756 013c 08000000 		.4byte	.LVL18
 1757 0140 0100     		.2byte	0x1
 1758 0142 53       		.byte	0x53
ARM GAS  /var/folders/ng/s8655sgx1ys_4lf9jzm2w6n00000gn/T//ccwFcfO6.s 			page 32


 1759 0143 00000000 		.4byte	0
 1760 0147 00000000 		.4byte	0
 1761              	.LLST12:
 1762 014b 16000000 		.4byte	.LVL22
 1763 014f 18000000 		.4byte	.LFE122
 1764 0153 0100     		.2byte	0x1
 1765 0155 53       		.byte	0x53
 1766 0156 00000000 		.4byte	0
 1767 015a 00000000 		.4byte	0
 1768              	.LLST13:
 1769 015e 00000000 		.4byte	.LFB123
 1770 0162 02000000 		.4byte	.LCFI2
 1771 0166 0200     		.2byte	0x2
 1772 0168 7D       		.byte	0x7d
 1773 0169 00       		.sleb128 0
 1774 016a 02000000 		.4byte	.LCFI2
 1775 016e 14000000 		.4byte	.LFE123
 1776 0172 0200     		.2byte	0x2
 1777 0174 7D       		.byte	0x7d
 1778 0175 08       		.sleb128 8
 1779 0176 00000000 		.4byte	0
 1780 017a 00000000 		.4byte	0
 1781              	.LLST14:
 1782 017e 00000000 		.4byte	.LVL23
 1783 0182 0B000000 		.4byte	.LVL26-1
 1784 0186 0100     		.2byte	0x1
 1785 0188 50       		.byte	0x50
 1786 0189 0B000000 		.4byte	.LVL26-1
 1787 018d 14000000 		.4byte	.LFE123
 1788 0191 0400     		.2byte	0x4
 1789 0193 F3       		.byte	0xf3
 1790 0194 01       		.uleb128 0x1
 1791 0195 50       		.byte	0x50
 1792 0196 9F       		.byte	0x9f
 1793 0197 00000000 		.4byte	0
 1794 019b 00000000 		.4byte	0
 1795              	.LLST15:
 1796 019f 00000000 		.4byte	.LVL23
 1797 01a3 0B000000 		.4byte	.LVL26-1
 1798 01a7 0100     		.2byte	0x1
 1799 01a9 51       		.byte	0x51
 1800 01aa 0B000000 		.4byte	.LVL26-1
 1801 01ae 14000000 		.4byte	.LFE123
 1802 01b2 0400     		.2byte	0x4
 1803 01b4 F3       		.byte	0xf3
 1804 01b5 01       		.uleb128 0x1
 1805 01b6 51       		.byte	0x51
 1806 01b7 9F       		.byte	0x9f
 1807 01b8 00000000 		.4byte	0
 1808 01bc 00000000 		.4byte	0
 1809              	.LLST16:
 1810 01c0 00000000 		.4byte	.LVL23
 1811 01c4 0B000000 		.4byte	.LVL26-1
 1812 01c8 0100     		.2byte	0x1
 1813 01ca 52       		.byte	0x52
 1814 01cb 0B000000 		.4byte	.LVL26-1
 1815 01cf 14000000 		.4byte	.LFE123
ARM GAS  /var/folders/ng/s8655sgx1ys_4lf9jzm2w6n00000gn/T//ccwFcfO6.s 			page 33


 1816 01d3 0400     		.2byte	0x4
 1817 01d5 F3       		.byte	0xf3
 1818 01d6 01       		.uleb128 0x1
 1819 01d7 52       		.byte	0x52
 1820 01d8 9F       		.byte	0x9f
 1821 01d9 00000000 		.4byte	0
 1822 01dd 00000000 		.4byte	0
 1823              	.LLST17:
 1824 01e1 08000000 		.4byte	.LVL25
 1825 01e5 0B000000 		.4byte	.LVL26-1
 1826 01e9 0100     		.2byte	0x1
 1827 01eb 53       		.byte	0x53
 1828 01ec 00000000 		.4byte	0
 1829 01f0 00000000 		.4byte	0
 1830              	.LLST18:
 1831 01f4 12000000 		.4byte	.LVL28
 1832 01f8 14000000 		.4byte	.LFE123
 1833 01fc 0100     		.2byte	0x1
 1834 01fe 53       		.byte	0x53
 1835 01ff 00000000 		.4byte	0
 1836 0203 00000000 		.4byte	0
 1837              	.LLST19:
 1838 0207 00000000 		.4byte	.LFB124
 1839 020b 02000000 		.4byte	.LCFI3
 1840 020f 0200     		.2byte	0x2
 1841 0211 7D       		.byte	0x7d
 1842 0212 00       		.sleb128 0
 1843 0213 02000000 		.4byte	.LCFI3
 1844 0217 14000000 		.4byte	.LFE124
 1845 021b 0200     		.2byte	0x2
 1846 021d 7D       		.byte	0x7d
 1847 021e 08       		.sleb128 8
 1848 021f 00000000 		.4byte	0
 1849 0223 00000000 		.4byte	0
 1850              	.LLST20:
 1851 0227 00000000 		.4byte	.LVL29
 1852 022b 0B000000 		.4byte	.LVL32-1
 1853 022f 0100     		.2byte	0x1
 1854 0231 50       		.byte	0x50
 1855 0232 0B000000 		.4byte	.LVL32-1
 1856 0236 14000000 		.4byte	.LFE124
 1857 023a 0400     		.2byte	0x4
 1858 023c F3       		.byte	0xf3
 1859 023d 01       		.uleb128 0x1
 1860 023e 50       		.byte	0x50
 1861 023f 9F       		.byte	0x9f
 1862 0240 00000000 		.4byte	0
 1863 0244 00000000 		.4byte	0
 1864              	.LLST21:
 1865 0248 00000000 		.4byte	.LVL29
 1866 024c 0B000000 		.4byte	.LVL32-1
 1867 0250 0100     		.2byte	0x1
 1868 0252 51       		.byte	0x51
 1869 0253 0B000000 		.4byte	.LVL32-1
 1870 0257 14000000 		.4byte	.LFE124
 1871 025b 0400     		.2byte	0x4
 1872 025d F3       		.byte	0xf3
ARM GAS  /var/folders/ng/s8655sgx1ys_4lf9jzm2w6n00000gn/T//ccwFcfO6.s 			page 34


 1873 025e 01       		.uleb128 0x1
 1874 025f 51       		.byte	0x51
 1875 0260 9F       		.byte	0x9f
 1876 0261 00000000 		.4byte	0
 1877 0265 00000000 		.4byte	0
 1878              	.LLST22:
 1879 0269 08000000 		.4byte	.LVL31
 1880 026d 0B000000 		.4byte	.LVL32-1
 1881 0271 0100     		.2byte	0x1
 1882 0273 53       		.byte	0x53
 1883 0274 00000000 		.4byte	0
 1884 0278 00000000 		.4byte	0
 1885              	.LLST23:
 1886 027c 12000000 		.4byte	.LVL34
 1887 0280 14000000 		.4byte	.LFE124
 1888 0284 0100     		.2byte	0x1
 1889 0286 53       		.byte	0x53
 1890 0287 00000000 		.4byte	0
 1891 028b 00000000 		.4byte	0
 1892              		.section	.debug_aranges,"",%progbits
 1893 0000 4C000000 		.4byte	0x4c
 1894 0004 0200     		.2byte	0x2
 1895 0006 00000000 		.4byte	.Ldebug_info0
 1896 000a 04       		.byte	0x4
 1897 000b 00       		.byte	0
 1898 000c 0000     		.2byte	0
 1899 000e 0000     		.2byte	0
 1900 0010 00000000 		.4byte	.LFB118
 1901 0014 04000000 		.4byte	.LFE118-.LFB118
 1902 0018 00000000 		.4byte	.LFB119
 1903 001c 0A000000 		.4byte	.LFE119-.LFB119
 1904 0020 00000000 		.4byte	.LFB120
 1905 0024 20000000 		.4byte	.LFE120-.LFB120
 1906 0028 00000000 		.4byte	.LFB121
 1907 002c 1A000000 		.4byte	.LFE121-.LFB121
 1908 0030 00000000 		.4byte	.LFB122
 1909 0034 18000000 		.4byte	.LFE122-.LFB122
 1910 0038 00000000 		.4byte	.LFB123
 1911 003c 14000000 		.4byte	.LFE123-.LFB123
 1912 0040 00000000 		.4byte	.LFB124
 1913 0044 14000000 		.4byte	.LFE124-.LFB124
 1914 0048 00000000 		.4byte	0
 1915 004c 00000000 		.4byte	0
 1916              		.section	.debug_ranges,"",%progbits
 1917              	.Ldebug_ranges0:
 1918 0000 02000000 		.4byte	.LBB2
 1919 0004 04000000 		.4byte	.LBE2
 1920 0008 06000000 		.4byte	.LBB3
 1921 000c 0A000000 		.4byte	.LBE3
 1922 0010 00000000 		.4byte	0
 1923 0014 00000000 		.4byte	0
 1924 0018 02000000 		.4byte	.LBB5
 1925 001c 04000000 		.4byte	.LBE5
 1926 0020 06000000 		.4byte	.LBB6
 1927 0024 0A000000 		.4byte	.LBE6
 1928 0028 00000000 		.4byte	0
 1929 002c 00000000 		.4byte	0
ARM GAS  /var/folders/ng/s8655sgx1ys_4lf9jzm2w6n00000gn/T//ccwFcfO6.s 			page 35


 1930 0030 00000000 		.4byte	.LFB118
 1931 0034 04000000 		.4byte	.LFE118
 1932 0038 00000000 		.4byte	.LFB119
 1933 003c 0A000000 		.4byte	.LFE119
 1934 0040 00000000 		.4byte	.LFB120
 1935 0044 20000000 		.4byte	.LFE120
 1936 0048 00000000 		.4byte	.LFB121
 1937 004c 1A000000 		.4byte	.LFE121
 1938 0050 00000000 		.4byte	.LFB122
 1939 0054 18000000 		.4byte	.LFE122
 1940 0058 00000000 		.4byte	.LFB123
 1941 005c 14000000 		.4byte	.LFE123
 1942 0060 00000000 		.4byte	.LFB124
 1943 0064 14000000 		.4byte	.LFE124
 1944 0068 00000000 		.4byte	0
 1945 006c 00000000 		.4byte	0
 1946              		.section	.debug_line,"",%progbits
 1947              	.Ldebug_line0:
 1948 0000 08020000 		.section	.debug_str,"MS",%progbits,1
 1948      02007401 
 1948      00000201 
 1948      FB0E0D00 
 1948      01010101 
 1949              	.LASF30:
 1950 0000 43434552 		.ascii	"CCER\000"
 1950      00
 1951              	.LASF32:
 1952 0005 444D4152 		.ascii	"DMAR\000"
 1952      00
 1953              	.LASF21:
 1954 000a 73746174 		.ascii	"state\000"
 1954      6500
 1955              	.LASF29:
 1956 0010 43434D52 		.ascii	"CCMR2\000"
 1956      3200
 1957              	.LASF33:
 1958 0016 43434D52 		.ascii	"CCMR3\000"
 1958      3300
 1959              	.LASF3:
 1960 001c 73686F72 		.ascii	"short int\000"
 1960      7420696E 
 1960      7400
 1961              	.LASF39:
 1962 0026 70776D63 		.ascii	"pwmcnt_t\000"
 1962      6E745F74 
 1962      00
 1963              	.LASF14:
 1964 002f 73697A65 		.ascii	"sizetype\000"
 1964      74797065 
 1964      00
 1965              	.LASF66:
 1966 0038 70776D5F 		.ascii	"pwm_lld_disable_channel\000"
 1966      6C6C645F 
 1966      64697361 
 1966      626C655F 
 1966      6368616E 
 1967              	.LASF38:
ARM GAS  /var/folders/ng/s8655sgx1ys_4lf9jzm2w6n00000gn/T//ccwFcfO6.s 			page 36


 1968 0050 70776D63 		.ascii	"pwmchannel_t\000"
 1968      68616E6E 
 1968      656C5F74 
 1968      00
 1969              	.LASF40:
 1970 005d 6D6F6465 		.ascii	"mode\000"
 1970      00
 1971              	.LASF44:
 1972 0062 6368616E 		.ascii	"channels\000"
 1972      6E656C73 
 1972      00
 1973              	.LASF22:
 1974 006b 636F6E66 		.ascii	"config\000"
 1974      696700
 1975              	.LASF49:
 1976 0072 70776D4F 		.ascii	"pwmObjectInit\000"
 1976      626A6563 
 1976      74496E69 
 1976      7400
 1977              	.LASF4:
 1978 0080 75696E74 		.ascii	"uint8_t\000"
 1978      385F7400 
 1979              	.LASF54:
 1980 0088 70776D45 		.ascii	"pwmEnableChannel\000"
 1980      6E61626C 
 1980      65436861 
 1980      6E6E656C 
 1980      00
 1981              	.LASF63:
 1982 0099 2F557365 		.ascii	"/Users/jseng/aithon/DemoMode\000"
 1982      72732F6A 
 1982      73656E67 
 1982      2F616974 
 1982      686F6E2F 
 1983              	.LASF56:
 1984 00b6 77696474 		.ascii	"width\000"
 1984      6800
 1985              	.LASF51:
 1986 00bc 70776D70 		.ascii	"pwmp\000"
 1986      00
 1987              	.LASF50:
 1988 00c1 70776D53 		.ascii	"pwmStart\000"
 1988      74617274 
 1988      00
 1989              	.LASF11:
 1990 00ca 6C6F6E67 		.ascii	"long long int\000"
 1990      206C6F6E 
 1990      6720696E 
 1990      7400
 1991              	.LASF8:
 1992 00d8 6C6F6E67 		.ascii	"long int\000"
 1992      20696E74 
 1992      00
 1993              	.LASF48:
 1994 00e1 70776D49 		.ascii	"pwmInit\000"
 1994      6E697400 
 1995              	.LASF34:
ARM GAS  /var/folders/ng/s8655sgx1ys_4lf9jzm2w6n00000gn/T//ccwFcfO6.s 			page 37


 1996 00e9 43435235 		.ascii	"CCR5\000"
 1996      00
 1997              	.LASF35:
 1998 00ee 43435236 		.ascii	"CCR6\000"
 1998      00
 1999              	.LASF23:
 2000 00f3 70657269 		.ascii	"period\000"
 2000      6F6400
 2001              	.LASF28:
 2002 00fa 43434D52 		.ascii	"CCMR1\000"
 2002      3100
 2003              	.LASF58:
 2004 0100 70776D5F 		.ascii	"pwm_lld_start\000"
 2004      6C6C645F 
 2004      73746172 
 2004      7400
 2005              	.LASF47:
 2006 010e 50574D43 		.ascii	"PWMConfig\000"
 2006      6F6E6669 
 2006      6700
 2007              	.LASF2:
 2008 0118 756E7369 		.ascii	"unsigned char\000"
 2008      676E6564 
 2008      20636861 
 2008      7200
 2009              	.LASF26:
 2010 0126 534D4352 		.ascii	"SMCR\000"
 2010      00
 2011              	.LASF16:
 2012 012b 50574D5F 		.ascii	"PWM_UNINIT\000"
 2012      554E494E 
 2012      495400
 2013              	.LASF59:
 2014 0136 70776D5F 		.ascii	"pwm_lld_stop\000"
 2014      6C6C645F 
 2014      73746F70 
 2014      00
 2015              	.LASF60:
 2016 0143 70776D5F 		.ascii	"pwm_lld_enable_channel\000"
 2016      6C6C645F 
 2016      656E6162 
 2016      6C655F63 
 2016      68616E6E 
 2017              	.LASF57:
 2018 015a 70776D44 		.ascii	"pwmDisableChannel\000"
 2018      69736162 
 2018      6C654368 
 2018      616E6E65 
 2018      6C00
 2019              	.LASF1:
 2020 016c 7369676E 		.ascii	"signed char\000"
 2020      65642063 
 2020      68617200 
 2021              	.LASF12:
 2022 0178 6C6F6E67 		.ascii	"long long unsigned int\000"
 2022      206C6F6E 
 2022      6720756E 
ARM GAS  /var/folders/ng/s8655sgx1ys_4lf9jzm2w6n00000gn/T//ccwFcfO6.s 			page 38


 2022      7369676E 
 2022      65642069 
 2023              	.LASF9:
 2024 018f 75696E74 		.ascii	"uint32_t\000"
 2024      33325F74 
 2024      00
 2025              	.LASF0:
 2026 0198 756E7369 		.ascii	"unsigned int\000"
 2026      676E6564 
 2026      20696E74 
 2026      00
 2027              	.LASF61:
 2028 01a5 474E5520 		.ascii	"GNU C 4.7.4 20130913 (release) [ARM/embedded-4_7-br"
 2028      4320342E 
 2028      372E3420 
 2028      32303133 
 2028      30393133 
 2029 01d8 616E6368 		.ascii	"anch revision 202601]\000"
 2029      20726576 
 2029      6973696F 
 2029      6E203230 
 2029      32363031 
 2030              	.LASF62:
 2031 01ee 2E2E2F41 		.ascii	"../AithonLibrary/ChibiOS/os/hal/src/pwm.c\000"
 2031      6974686F 
 2031      6E4C6962 
 2031      72617279 
 2031      2F436869 
 2032              	.LASF31:
 2033 0218 42445452 		.ascii	"BDTR\000"
 2033      00
 2034              	.LASF27:
 2035 021d 44494552 		.ascii	"DIER\000"
 2035      00
 2036              	.LASF6:
 2037 0222 73686F72 		.ascii	"short unsigned int\000"
 2037      7420756E 
 2037      7369676E 
 2037      65642069 
 2037      6E7400
 2038              	.LASF65:
 2039 0235 70776D5F 		.ascii	"pwm_lld_init\000"
 2039      6C6C645F 
 2039      696E6974 
 2039      00
 2040              	.LASF15:
 2041 0242 63686172 		.ascii	"char\000"
 2041      00
 2042              	.LASF5:
 2043 0247 75696E74 		.ascii	"uint16_t\000"
 2043      31365F74 
 2043      00
 2044              	.LASF36:
 2045 0250 73746D33 		.ascii	"stm32_tim_t\000"
 2045      325F7469 
 2045      6D5F7400 
 2046              	.LASF20:
ARM GAS  /var/folders/ng/s8655sgx1ys_4lf9jzm2w6n00000gn/T//ccwFcfO6.s 			page 39


 2047 025c 50574D44 		.ascii	"PWMDriver\000"
 2047      72697665 
 2047      7200
 2048              	.LASF7:
 2049 0266 696E7433 		.ascii	"int32_t\000"
 2049      325F7400 
 2050              	.LASF13:
 2051 026e 5F426F6F 		.ascii	"_Bool\000"
 2051      6C00
 2052              	.LASF55:
 2053 0274 6368616E 		.ascii	"channel\000"
 2053      6E656C00 
 2054              	.LASF53:
 2055 027c 70776D43 		.ascii	"pwmChangePeriod\000"
 2055      68616E67 
 2055      65506572 
 2055      696F6400 
 2056              	.LASF10:
 2057 028c 6C6F6E67 		.ascii	"long unsigned int\000"
 2057      20756E73 
 2057      69676E65 
 2057      6420696E 
 2057      7400
 2058              	.LASF24:
 2059 029e 636C6F63 		.ascii	"clock\000"
 2059      6B00
 2060              	.LASF18:
 2061 02a4 50574D5F 		.ascii	"PWM_READY\000"
 2061      52454144 
 2061      5900
 2062              	.LASF17:
 2063 02ae 50574D5F 		.ascii	"PWM_STOP\000"
 2063      53544F50 
 2063      00
 2064              	.LASF46:
 2065 02b7 64696572 		.ascii	"dier\000"
 2065      00
 2066              	.LASF52:
 2067 02bc 70776D53 		.ascii	"pwmStop\000"
 2067      746F7000 
 2068              	.LASF43:
 2069 02c4 66726571 		.ascii	"frequency\000"
 2069      75656E63 
 2069      7900
 2070              	.LASF42:
 2071 02ce 50574D43 		.ascii	"PWMChannelConfig\000"
 2071      68616E6E 
 2071      656C436F 
 2071      6E666967 
 2071      00
 2072              	.LASF37:
 2073 02df 70776D6D 		.ascii	"pwmmode_t\000"
 2073      6F64655F 
 2073      7400
 2074              	.LASF45:
 2075 02e9 62647472 		.ascii	"bdtr\000"
 2075      00
ARM GAS  /var/folders/ng/s8655sgx1ys_4lf9jzm2w6n00000gn/T//ccwFcfO6.s 			page 40


 2076              	.LASF64:
 2077 02ee 49544D5F 		.ascii	"ITM_RxBuffer\000"
 2077      52784275 
 2077      66666572 
 2077      00
 2078              	.LASF19:
 2079 02fb 70776D73 		.ascii	"pwmstate_t\000"
 2079      74617465 
 2079      5F7400
 2080              	.LASF25:
 2081 0306 70776D63 		.ascii	"pwmcallback_t\000"
 2081      616C6C62 
 2081      61636B5F 
 2081      7400
 2082              	.LASF41:
 2083 0314 63616C6C 		.ascii	"callback\000"
 2083      6261636B 
 2083      00
 2084              		.ident	"GCC: (GNU Tools for ARM Embedded Processors) 4.7.4 20130913 (release) [ARM/embedded-4_7-br
ARM GAS  /var/folders/ng/s8655sgx1ys_4lf9jzm2w6n00000gn/T//ccwFcfO6.s 			page 41


DEFINED SYMBOLS
                            *ABS*:0000000000000000 pwm.c
/var/folders/ng/s8655sgx1ys_4lf9jzm2w6n00000gn/T//ccwFcfO6.s:20     .text.pwmInit:0000000000000000 $t
/var/folders/ng/s8655sgx1ys_4lf9jzm2w6n00000gn/T//ccwFcfO6.s:26     .text.pwmInit:0000000000000000 pwmInit
/var/folders/ng/s8655sgx1ys_4lf9jzm2w6n00000gn/T//ccwFcfO6.s:42     .text.pwmObjectInit:0000000000000000 $t
/var/folders/ng/s8655sgx1ys_4lf9jzm2w6n00000gn/T//ccwFcfO6.s:48     .text.pwmObjectInit:0000000000000000 pwmObjectInit
/var/folders/ng/s8655sgx1ys_4lf9jzm2w6n00000gn/T//ccwFcfO6.s:69     .text.pwmStart:0000000000000000 $t
/var/folders/ng/s8655sgx1ys_4lf9jzm2w6n00000gn/T//ccwFcfO6.s:75     .text.pwmStart:0000000000000000 pwmStart
/var/folders/ng/s8655sgx1ys_4lf9jzm2w6n00000gn/T//ccwFcfO6.s:130    .text.pwmStop:0000000000000000 $t
/var/folders/ng/s8655sgx1ys_4lf9jzm2w6n00000gn/T//ccwFcfO6.s:136    .text.pwmStop:0000000000000000 pwmStop
/var/folders/ng/s8655sgx1ys_4lf9jzm2w6n00000gn/T//ccwFcfO6.s:184    .text.pwmChangePeriod:0000000000000000 $t
/var/folders/ng/s8655sgx1ys_4lf9jzm2w6n00000gn/T//ccwFcfO6.s:190    .text.pwmChangePeriod:0000000000000000 pwmChangePeriod
/var/folders/ng/s8655sgx1ys_4lf9jzm2w6n00000gn/T//ccwFcfO6.s:232    .text.pwmEnableChannel:0000000000000000 $t
/var/folders/ng/s8655sgx1ys_4lf9jzm2w6n00000gn/T//ccwFcfO6.s:238    .text.pwmEnableChannel:0000000000000000 pwmEnableChannel
/var/folders/ng/s8655sgx1ys_4lf9jzm2w6n00000gn/T//ccwFcfO6.s:278    .text.pwmDisableChannel:0000000000000000 $t
/var/folders/ng/s8655sgx1ys_4lf9jzm2w6n00000gn/T//ccwFcfO6.s:284    .text.pwmDisableChannel:0000000000000000 pwmDisableChannel
                     .debug_frame:0000000000000010 $d

UNDEFINED SYMBOLS
pwm_lld_init
pwm_lld_start
pwm_lld_stop
pwm_lld_enable_channel
pwm_lld_disable_channel
