ARM GAS  /tmp/ccjfon2u.s 			page 1


   1              		.syntax unified
   2              		.cpu cortex-m4
   3              		.eabi_attribute 27, 3
   4              		.fpu fpv4-sp-d16
   5              		.eabi_attribute 20, 1
   6              		.eabi_attribute 21, 1
   7              		.eabi_attribute 23, 3
   8              		.eabi_attribute 24, 1
   9              		.eabi_attribute 25, 1
  10              		.eabi_attribute 26, 1
  11              		.eabi_attribute 30, 2
  12              		.eabi_attribute 34, 1
  13              		.eabi_attribute 18, 4
  14              		.thumb
  15              		.file	"analog.c"
  16              		.text
  17              	.Ltext0:
  18              		.cfi_sections	.debug_frame
  19              		.section	.text._analog_init,"ax",%progbits
  20              		.align	2
  21              		.p2align 4,,15
  22              		.global	_analog_init
  23              		.thumb
  24              		.thumb_func
  25              		.type	_analog_init, %function
  26              	_analog_init:
  27              	.LFB119:
  28              		.file 1 "../AithonLibrary/analog.c"
  29              		.loc 1 84 0
  30              		.cfi_startproc
  31              		@ args = 0, pretend = 0, frame = 0
  32              		@ frame_needed = 0, uses_anonymous_args = 0
  33 0000 10B5     		push	{r4, lr}
  34              		.cfi_def_cfa_offset 8
  35              		.cfi_offset 4, -8
  36              		.cfi_offset 14, -4
  37              		.loc 1 85 0
  38 0002 064C     		ldr	r4, .L2
  39 0004 0021     		movs	r1, #0
  40 0006 2046     		mov	r0, r4
  41 0008 FFF7FEFF 		bl	adcStart
  42              	.LVL0:
  43              		.loc 1 86 0
  44 000c 2046     		mov	r0, r4
  45 000e 0449     		ldr	r1, .L2+4
  46 0010 044A     		ldr	r2, .L2+8
  47 0012 6423     		movs	r3, #100
  48              		.loc 1 87 0
  49 0014 BDE81040 		pop	{r4, lr}
  50              		.loc 1 86 0
  51 0018 FFF7FEBF 		b	adcStartConversion
  52              	.LVL1:
  53              	.L3:
  54              		.align	2
  55              	.L2:
  56 001c 00000000 		.word	ADCD1
  57 0020 00000000 		.word	.LANCHOR0
ARM GAS  /tmp/ccjfon2u.s 			page 2


  58 0024 00000000 		.word	.LANCHOR1
  59              		.cfi_endproc
  60              	.LFE119:
  61              		.size	_analog_init, .-_analog_init
  62 0028 AFF30080 		.section	.text.analog_get,"ax",%progbits
  62      AFF30080 
  63              		.align	2
  64              		.p2align 4,,15
  65              		.global	analog_get
  66              		.thumb
  67              		.thumb_func
  68              		.type	analog_get, %function
  69              	analog_get:
  70              	.LFB120:
  71              		.loc 1 98 0
  72              		.cfi_startproc
  73              		@ args = 0, pretend = 0, frame = 0
  74              		@ frame_needed = 0, uses_anonymous_args = 0
  75              		@ link register save eliminated.
  76              	.LVL2:
  77 0000 094A     		ldr	r2, .L9
  78              		.loc 1 98 0
  79 0002 0023     		movs	r3, #0
  80 0004 02EB4000 		add	r0, r2, r0, lsl #1
  81              	.LVL3:
  82              		.loc 1 99 0
  83 0008 1A46     		mov	r2, r3
  84              	.LVL4:
  85              	.L6:
  86              		.loc 1 102 0 discriminator 2
  87 000a C15A     		ldrh	r1, [r0, r3]
  88 000c 1833     		adds	r3, r3, #24
  89              		.loc 1 100 0 discriminator 2
  90 000e B3F5166F 		cmp	r3, #2400
  91              		.loc 1 102 0 discriminator 2
  92 0012 0A44     		add	r2, r2, r1
  93              	.LVL5:
  94              		.loc 1 100 0 discriminator 2
  95 0014 F9D1     		bne	.L6
  96              		.loc 1 104 0
  97 0016 0549     		ldr	r1, .L9+4
  98 0018 D317     		asrs	r3, r2, #31
  99 001a 81FB0202 		smull	r0, r2, r1, r2
 100              	.LVL6:
 101 001e C3EB6210 		rsb	r0, r3, r2, asr #5
 102              		.loc 1 105 0
 103 0022 80B2     		uxth	r0, r0
 104 0024 7047     		bx	lr
 105              	.L10:
 106 0026 00BF     		.align	2
 107              	.L9:
 108 0028 00000000 		.word	.LANCHOR1
 109 002c 1F85EB51 		.word	1374389535
 110              		.cfi_endproc
 111              	.LFE120:
 112              		.size	analog_get, .-analog_get
 113              		.section	.bss._samples,"aw",%nobits
ARM GAS  /tmp/ccjfon2u.s 			page 3


 114              		.align	2
 115              		.set	.LANCHOR1,. + 0
 116              		.type	_samples, %object
 117              		.size	_samples, 2400
 118              	_samples:
 119 0000 00000000 		.space	2400
 119      00000000 
 119      00000000 
 119      00000000 
 119      00000000 
 120              		.section	.rodata._config,"a",%progbits
 121              		.align	2
 122              		.set	.LANCHOR0,. + 0
 123              		.type	_config, %object
 124              		.size	_config, 40
 125              	_config:
 126 0000 01       		.byte	1
 127 0001 00       		.space	1
 128 0002 0C00     		.short	12
 129 0004 00000000 		.word	0
 130 0008 00000000 		.word	0
 131 000c 00000000 		.word	0
 132 0010 00000040 		.word	1073741824
 133 0014 DBB60100 		.word	112347
 134 0018 DB06001B 		.word	452986587
 135 001c 0000B000 		.word	11534336
 136 0020 4BB98712 		.word	310884683
 137 0024 4304D018 		.word	416285763
 138              		.text
 139              	.Letext0:
 140              		.file 2 "/usr/lib/gcc/arm-none-eabi/4.8.3/include/stddef.h"
 141              		.file 3 "/usr/arm-none-eabi/include/stdint.h"
 142              		.file 4 "../AithonLibrary/ChibiOS/os/ports/GCC/ARMCMx/chtypes.h"
 143              		.file 5 "../AithonLibrary/ChibiOS/os/kernel/include/chlists.h"
 144              		.file 6 "../AithonLibrary/ChibiOS/os/kernel/include/chthreads.h"
 145              		.file 7 "../AithonLibrary/ChibiOS/os/ports/GCC/ARMCMx/chcore_v7m.h"
 146              		.file 8 "../AithonLibrary/ChibiOS/os/kernel/include/chmtx.h"
 147              		.file 9 "../AithonLibrary/ChibiOS/os/hal/platforms/STM32F4xx/stm32f4xx.h"
 148              		.file 10 "../AithonLibrary/ChibiOS/os/hal/platforms/STM32F4xx/stm32_dma.h"
 149              		.file 11 "../AithonLibrary/ChibiOS/os/hal/include/adc.h"
 150              		.file 12 "../AithonLibrary/ChibiOS/os/hal/platforms/STM32F4xx/adc_lld.h"
 151              		.file 13 "../AithonLibrary/Aithon.h"
 152              		.file 14 "../AithonLibrary/ChibiOS/os/ports/common/ARMCMx/CMSIS/include/core_cm4.h"
 153              		.section	.debug_info,"",%progbits
 154              	.Ldebug_info0:
 155 0000 D3090000 		.4byte	0x9d3
 156 0004 0400     		.2byte	0x4
 157 0006 00000000 		.4byte	.Ldebug_abbrev0
 158 000a 04       		.byte	0x4
 159 000b 01       		.uleb128 0x1
 160 000c 70010000 		.4byte	.LASF127
 161 0010 01       		.byte	0x1
 162 0011 A0030000 		.4byte	.LASF128
 163 0015 BA030000 		.4byte	.LASF129
 164 0019 00000000 		.4byte	.Ldebug_ranges0+0
 165 001d 00000000 		.4byte	0
 166 0021 00000000 		.4byte	.Ldebug_line0
ARM GAS  /tmp/ccjfon2u.s 			page 4


 167 0025 02       		.uleb128 0x2
 168 0026 04       		.byte	0x4
 169 0027 05       		.byte	0x5
 170 0028 696E7400 		.ascii	"int\000"
 171 002c 03       		.uleb128 0x3
 172 002d 40010000 		.4byte	.LASF2
 173 0031 02       		.byte	0x2
 174 0032 D4       		.byte	0xd4
 175 0033 37000000 		.4byte	0x37
 176 0037 04       		.uleb128 0x4
 177 0038 04       		.byte	0x4
 178 0039 07       		.byte	0x7
 179 003a 63010000 		.4byte	.LASF0
 180 003e 04       		.uleb128 0x4
 181 003f 01       		.byte	0x1
 182 0040 06       		.byte	0x6
 183 0041 67000000 		.4byte	.LASF1
 184 0045 03       		.uleb128 0x3
 185 0046 90050000 		.4byte	.LASF3
 186 004a 03       		.byte	0x3
 187 004b 2A       		.byte	0x2a
 188 004c 50000000 		.4byte	0x50
 189 0050 04       		.uleb128 0x4
 190 0051 01       		.byte	0x1
 191 0052 08       		.byte	0x8
 192 0053 1C040000 		.4byte	.LASF4
 193 0057 04       		.uleb128 0x4
 194 0058 02       		.byte	0x2
 195 0059 05       		.byte	0x5
 196 005a 11030000 		.4byte	.LASF5
 197 005e 03       		.uleb128 0x3
 198 005f EB000000 		.4byte	.LASF6
 199 0063 03       		.byte	0x3
 200 0064 36       		.byte	0x36
 201 0065 69000000 		.4byte	0x69
 202 0069 04       		.uleb128 0x4
 203 006a 02       		.byte	0x2
 204 006b 07       		.byte	0x7
 205 006c BB020000 		.4byte	.LASF7
 206 0070 03       		.uleb128 0x3
 207 0071 14040000 		.4byte	.LASF8
 208 0075 03       		.byte	0x3
 209 0076 4F       		.byte	0x4f
 210 0077 7B000000 		.4byte	0x7b
 211 007b 04       		.uleb128 0x4
 212 007c 04       		.byte	0x4
 213 007d 05       		.byte	0x5
 214 007e AB000000 		.4byte	.LASF9
 215 0082 03       		.uleb128 0x3
 216 0083 9E040000 		.4byte	.LASF10
 217 0087 03       		.byte	0x3
 218 0088 50       		.byte	0x50
 219 0089 8D000000 		.4byte	0x8d
 220 008d 04       		.uleb128 0x4
 221 008e 04       		.byte	0x4
 222 008f 07       		.byte	0x7
 223 0090 C5040000 		.4byte	.LASF11
ARM GAS  /tmp/ccjfon2u.s 			page 5


 224 0094 04       		.uleb128 0x4
 225 0095 08       		.byte	0x8
 226 0096 05       		.byte	0x5
 227 0097 59000000 		.4byte	.LASF12
 228 009b 04       		.uleb128 0x4
 229 009c 08       		.byte	0x8
 230 009d 07       		.byte	0x7
 231 009e 9C020000 		.4byte	.LASF13
 232 00a2 03       		.uleb128 0x3
 233 00a3 7B000000 		.4byte	.LASF14
 234 00a7 04       		.byte	0x4
 235 00a8 2B       		.byte	0x2b
 236 00a9 AD000000 		.4byte	0xad
 237 00ad 04       		.uleb128 0x4
 238 00ae 01       		.byte	0x1
 239 00af 02       		.byte	0x2
 240 00b0 0E040000 		.4byte	.LASF15
 241 00b4 03       		.uleb128 0x3
 242 00b5 E4020000 		.4byte	.LASF16
 243 00b9 04       		.byte	0x4
 244 00ba 2C       		.byte	0x2c
 245 00bb 45000000 		.4byte	0x45
 246 00bf 03       		.uleb128 0x3
 247 00c0 E2000000 		.4byte	.LASF17
 248 00c4 04       		.byte	0x4
 249 00c5 2D       		.byte	0x2d
 250 00c6 45000000 		.4byte	0x45
 251 00ca 03       		.uleb128 0x3
 252 00cb DD030000 		.4byte	.LASF18
 253 00cf 04       		.byte	0x4
 254 00d0 2E       		.byte	0x2e
 255 00d1 45000000 		.4byte	0x45
 256 00d5 03       		.uleb128 0x3
 257 00d6 BB040000 		.4byte	.LASF19
 258 00da 04       		.byte	0x4
 259 00db 2F       		.byte	0x2f
 260 00dc 45000000 		.4byte	0x45
 261 00e0 03       		.uleb128 0x3
 262 00e1 FF030000 		.4byte	.LASF20
 263 00e5 04       		.byte	0x4
 264 00e6 30       		.byte	0x30
 265 00e7 82000000 		.4byte	0x82
 266 00eb 03       		.uleb128 0x3
 267 00ec DE020000 		.4byte	.LASF21
 268 00f0 04       		.byte	0x4
 269 00f1 31       		.byte	0x31
 270 00f2 70000000 		.4byte	0x70
 271 00f6 03       		.uleb128 0x3
 272 00f7 05030000 		.4byte	.LASF22
 273 00fb 04       		.byte	0x4
 274 00fc 33       		.byte	0x33
 275 00fd 82000000 		.4byte	0x82
 276 0101 03       		.uleb128 0x3
 277 0102 FC040000 		.4byte	.LASF23
 278 0106 04       		.byte	0x4
 279 0107 35       		.byte	0x35
 280 0108 82000000 		.4byte	0x82
ARM GAS  /tmp/ccjfon2u.s 			page 6


 281 010c 03       		.uleb128 0x3
 282 010d 78040000 		.4byte	.LASF24
 283 0111 05       		.byte	0x5
 284 0112 2A       		.byte	0x2a
 285 0113 17010000 		.4byte	0x117
 286 0117 05       		.uleb128 0x5
 287 0118 78040000 		.4byte	.LASF24
 288 011c 48       		.byte	0x48
 289 011d 06       		.byte	0x6
 290 011e 5E       		.byte	0x5e
 291 011f 14020000 		.4byte	0x214
 292 0123 06       		.uleb128 0x6
 293 0124 63040000 		.4byte	.LASF25
 294 0128 06       		.byte	0x6
 295 0129 5F       		.byte	0x5f
 296 012a 35020000 		.4byte	0x235
 297 012e 00       		.byte	0
 298 012f 06       		.uleb128 0x6
 299 0130 E5030000 		.4byte	.LASF26
 300 0134 06       		.byte	0x6
 301 0135 61       		.byte	0x61
 302 0136 35020000 		.4byte	0x235
 303 013a 04       		.byte	0x4
 304 013b 06       		.uleb128 0x6
 305 013c 4D000000 		.4byte	.LASF27
 306 0140 06       		.byte	0x6
 307 0141 63       		.byte	0x63
 308 0142 E0000000 		.4byte	0xe0
 309 0146 08       		.byte	0x8
 310 0147 06       		.uleb128 0x6
 311 0148 F1050000 		.4byte	.LASF28
 312 014c 06       		.byte	0x6
 313 014d 64       		.byte	0x64
 314 014e BF030000 		.4byte	0x3bf
 315 0152 0C       		.byte	0xc
 316 0153 06       		.uleb128 0x6
 317 0154 04010000 		.4byte	.LASF29
 318 0158 06       		.byte	0x6
 319 0159 66       		.byte	0x66
 320 015a 35020000 		.4byte	0x235
 321 015e 10       		.byte	0x10
 322 015f 06       		.uleb128 0x6
 323 0160 6F030000 		.4byte	.LASF30
 324 0164 06       		.byte	0x6
 325 0165 67       		.byte	0x67
 326 0166 35020000 		.4byte	0x235
 327 016a 14       		.byte	0x14
 328 016b 06       		.uleb128 0x6
 329 016c C9050000 		.4byte	.LASF31
 330 0170 06       		.byte	0x6
 331 0171 6E       		.byte	0x6e
 332 0172 68040000 		.4byte	0x468
 333 0176 18       		.byte	0x18
 334 0177 06       		.uleb128 0x6
 335 0178 41040000 		.4byte	.LASF32
 336 017c 06       		.byte	0x6
 337 017d 79       		.byte	0x79
ARM GAS  /tmp/ccjfon2u.s 			page 7


 338 017e BF000000 		.4byte	0xbf
 339 0182 1C       		.byte	0x1c
 340 0183 06       		.uleb128 0x6
 341 0184 6A040000 		.4byte	.LASF33
 342 0188 06       		.byte	0x6
 343 0189 7D       		.byte	0x7d
 344 018a B4000000 		.4byte	0xb4
 345 018e 1D       		.byte	0x1d
 346 018f 06       		.uleb128 0x6
 347 0190 77050000 		.4byte	.LASF34
 348 0194 06       		.byte	0x6
 349 0195 82       		.byte	0x82
 350 0196 CA000000 		.4byte	0xca
 351 019a 1E       		.byte	0x1e
 352 019b 06       		.uleb128 0x6
 353 019c 49040000 		.4byte	.LASF35
 354 01a0 06       		.byte	0x6
 355 01a1 88       		.byte	0x88
 356 01a2 D5000000 		.4byte	0xd5
 357 01a6 1F       		.byte	0x1f
 358 01a7 06       		.uleb128 0x6
 359 01a8 29050000 		.4byte	.LASF36
 360 01ac 06       		.byte	0x6
 361 01ad 8F       		.byte	0x8f
 362 01ae EC030000 		.4byte	0x3ec
 363 01b2 20       		.byte	0x20
 364 01b3 07       		.uleb128 0x7
 365 01b4 705F7500 		.ascii	"p_u\000"
 366 01b8 06       		.byte	0x6
 367 01b9 B4       		.byte	0xb4
 368 01ba 33040000 		.4byte	0x433
 369 01be 24       		.byte	0x24
 370 01bf 06       		.uleb128 0x6
 371 01c0 F7050000 		.4byte	.LASF37
 372 01c4 06       		.byte	0x6
 373 01c5 B9       		.byte	0xb9
 374 01c6 5B020000 		.4byte	0x25b
 375 01ca 28       		.byte	0x28
 376 01cb 06       		.uleb128 0x6
 377 01cc 54050000 		.4byte	.LASF38
 378 01d0 06       		.byte	0x6
 379 01d1 BF       		.byte	0xbf
 380 01d2 3B020000 		.4byte	0x23b
 381 01d6 2C       		.byte	0x2c
 382 01d7 06       		.uleb128 0x6
 383 01d8 E3050000 		.4byte	.LASF39
 384 01dc 06       		.byte	0x6
 385 01dd C3       		.byte	0xc3
 386 01de EB000000 		.4byte	0xeb
 387 01e2 34       		.byte	0x34
 388 01e3 06       		.uleb128 0x6
 389 01e4 88040000 		.4byte	.LASF40
 390 01e8 06       		.byte	0x6
 391 01e9 C9       		.byte	0xc9
 392 01ea F6000000 		.4byte	0xf6
 393 01ee 38       		.byte	0x38
 394 01ef 06       		.uleb128 0x6
ARM GAS  /tmp/ccjfon2u.s 			page 8


 395 01f0 2A040000 		.4byte	.LASF41
 396 01f4 06       		.byte	0x6
 397 01f5 D0       		.byte	0xd0
 398 01f6 7A040000 		.4byte	0x47a
 399 01fa 3C       		.byte	0x3c
 400 01fb 06       		.uleb128 0x6
 401 01fc 06050000 		.4byte	.LASF42
 402 0200 06       		.byte	0x6
 403 0201 D4       		.byte	0xd4
 404 0202 E0000000 		.4byte	0xe0
 405 0206 40       		.byte	0x40
 406 0207 06       		.uleb128 0x6
 407 0208 73000000 		.4byte	.LASF43
 408 020c 06       		.byte	0x6
 409 020d DA       		.byte	0xda
 410 020e 71020000 		.4byte	0x271
 411 0212 44       		.byte	0x44
 412 0213 00       		.byte	0
 413 0214 08       		.uleb128 0x8
 414 0215 08       		.byte	0x8
 415 0216 05       		.byte	0x5
 416 0217 61       		.byte	0x61
 417 0218 35020000 		.4byte	0x235
 418 021c 06       		.uleb128 0x6
 419 021d 63040000 		.4byte	.LASF25
 420 0221 05       		.byte	0x5
 421 0222 62       		.byte	0x62
 422 0223 35020000 		.4byte	0x235
 423 0227 00       		.byte	0
 424 0228 06       		.uleb128 0x6
 425 0229 E5030000 		.4byte	.LASF26
 426 022d 05       		.byte	0x5
 427 022e 64       		.byte	0x64
 428 022f 35020000 		.4byte	0x235
 429 0233 04       		.byte	0x4
 430 0234 00       		.byte	0
 431 0235 09       		.uleb128 0x9
 432 0236 04       		.byte	0x4
 433 0237 0C010000 		.4byte	0x10c
 434 023b 03       		.uleb128 0x3
 435 023c 2C000000 		.4byte	.LASF44
 436 0240 05       		.byte	0x5
 437 0241 66       		.byte	0x66
 438 0242 14020000 		.4byte	0x214
 439 0246 08       		.uleb128 0x8
 440 0247 04       		.byte	0x4
 441 0248 05       		.byte	0x5
 442 0249 6B       		.byte	0x6b
 443 024a 5B020000 		.4byte	0x25b
 444 024e 06       		.uleb128 0x6
 445 024f 63040000 		.4byte	.LASF25
 446 0253 05       		.byte	0x5
 447 0254 6D       		.byte	0x6d
 448 0255 35020000 		.4byte	0x235
 449 0259 00       		.byte	0
 450 025a 00       		.byte	0
 451 025b 03       		.uleb128 0x3
ARM GAS  /tmp/ccjfon2u.s 			page 9


 452 025c F9020000 		.4byte	.LASF45
 453 0260 05       		.byte	0x5
 454 0261 70       		.byte	0x70
 455 0262 46020000 		.4byte	0x246
 456 0266 03       		.uleb128 0x3
 457 0267 7C030000 		.4byte	.LASF46
 458 026b 07       		.byte	0x7
 459 026c E5       		.byte	0xe5
 460 026d 71020000 		.4byte	0x271
 461 0271 0A       		.uleb128 0xa
 462 0272 04       		.byte	0x4
 463 0273 0B       		.uleb128 0xb
 464 0274 4D050000 		.4byte	.LASF47
 465 0278 64       		.byte	0x64
 466 0279 07       		.byte	0x7
 467 027a 0C01     		.2byte	0x10c
 468 027c BF030000 		.4byte	0x3bf
 469 0280 0C       		.uleb128 0xc
 470 0281 73313600 		.ascii	"s16\000"
 471 0285 07       		.byte	0x7
 472 0286 0E01     		.2byte	0x10e
 473 0288 66020000 		.4byte	0x266
 474 028c 00       		.byte	0
 475 028d 0C       		.uleb128 0xc
 476 028e 73313700 		.ascii	"s17\000"
 477 0292 07       		.byte	0x7
 478 0293 0F01     		.2byte	0x10f
 479 0295 66020000 		.4byte	0x266
 480 0299 04       		.byte	0x4
 481 029a 0C       		.uleb128 0xc
 482 029b 73313800 		.ascii	"s18\000"
 483 029f 07       		.byte	0x7
 484 02a0 1001     		.2byte	0x110
 485 02a2 66020000 		.4byte	0x266
 486 02a6 08       		.byte	0x8
 487 02a7 0C       		.uleb128 0xc
 488 02a8 73313900 		.ascii	"s19\000"
 489 02ac 07       		.byte	0x7
 490 02ad 1101     		.2byte	0x111
 491 02af 66020000 		.4byte	0x266
 492 02b3 0C       		.byte	0xc
 493 02b4 0C       		.uleb128 0xc
 494 02b5 73323000 		.ascii	"s20\000"
 495 02b9 07       		.byte	0x7
 496 02ba 1201     		.2byte	0x112
 497 02bc 66020000 		.4byte	0x266
 498 02c0 10       		.byte	0x10
 499 02c1 0C       		.uleb128 0xc
 500 02c2 73323100 		.ascii	"s21\000"
 501 02c6 07       		.byte	0x7
 502 02c7 1301     		.2byte	0x113
 503 02c9 66020000 		.4byte	0x266
 504 02cd 14       		.byte	0x14
 505 02ce 0C       		.uleb128 0xc
 506 02cf 73323200 		.ascii	"s22\000"
 507 02d3 07       		.byte	0x7
 508 02d4 1401     		.2byte	0x114
ARM GAS  /tmp/ccjfon2u.s 			page 10


 509 02d6 66020000 		.4byte	0x266
 510 02da 18       		.byte	0x18
 511 02db 0C       		.uleb128 0xc
 512 02dc 73323300 		.ascii	"s23\000"
 513 02e0 07       		.byte	0x7
 514 02e1 1501     		.2byte	0x115
 515 02e3 66020000 		.4byte	0x266
 516 02e7 1C       		.byte	0x1c
 517 02e8 0C       		.uleb128 0xc
 518 02e9 73323400 		.ascii	"s24\000"
 519 02ed 07       		.byte	0x7
 520 02ee 1601     		.2byte	0x116
 521 02f0 66020000 		.4byte	0x266
 522 02f4 20       		.byte	0x20
 523 02f5 0C       		.uleb128 0xc
 524 02f6 73323500 		.ascii	"s25\000"
 525 02fa 07       		.byte	0x7
 526 02fb 1701     		.2byte	0x117
 527 02fd 66020000 		.4byte	0x266
 528 0301 24       		.byte	0x24
 529 0302 0C       		.uleb128 0xc
 530 0303 73323600 		.ascii	"s26\000"
 531 0307 07       		.byte	0x7
 532 0308 1801     		.2byte	0x118
 533 030a 66020000 		.4byte	0x266
 534 030e 28       		.byte	0x28
 535 030f 0C       		.uleb128 0xc
 536 0310 73323700 		.ascii	"s27\000"
 537 0314 07       		.byte	0x7
 538 0315 1901     		.2byte	0x119
 539 0317 66020000 		.4byte	0x266
 540 031b 2C       		.byte	0x2c
 541 031c 0C       		.uleb128 0xc
 542 031d 73323800 		.ascii	"s28\000"
 543 0321 07       		.byte	0x7
 544 0322 1A01     		.2byte	0x11a
 545 0324 66020000 		.4byte	0x266
 546 0328 30       		.byte	0x30
 547 0329 0C       		.uleb128 0xc
 548 032a 73323900 		.ascii	"s29\000"
 549 032e 07       		.byte	0x7
 550 032f 1B01     		.2byte	0x11b
 551 0331 66020000 		.4byte	0x266
 552 0335 34       		.byte	0x34
 553 0336 0C       		.uleb128 0xc
 554 0337 73333000 		.ascii	"s30\000"
 555 033b 07       		.byte	0x7
 556 033c 1C01     		.2byte	0x11c
 557 033e 66020000 		.4byte	0x266
 558 0342 38       		.byte	0x38
 559 0343 0C       		.uleb128 0xc
 560 0344 73333100 		.ascii	"s31\000"
 561 0348 07       		.byte	0x7
 562 0349 1D01     		.2byte	0x11d
 563 034b 66020000 		.4byte	0x266
 564 034f 3C       		.byte	0x3c
 565 0350 0C       		.uleb128 0xc
ARM GAS  /tmp/ccjfon2u.s 			page 11


 566 0351 723400   		.ascii	"r4\000"
 567 0354 07       		.byte	0x7
 568 0355 1F01     		.2byte	0x11f
 569 0357 66020000 		.4byte	0x266
 570 035b 40       		.byte	0x40
 571 035c 0C       		.uleb128 0xc
 572 035d 723500   		.ascii	"r5\000"
 573 0360 07       		.byte	0x7
 574 0361 2001     		.2byte	0x120
 575 0363 66020000 		.4byte	0x266
 576 0367 44       		.byte	0x44
 577 0368 0C       		.uleb128 0xc
 578 0369 723600   		.ascii	"r6\000"
 579 036c 07       		.byte	0x7
 580 036d 2101     		.2byte	0x121
 581 036f 66020000 		.4byte	0x266
 582 0373 48       		.byte	0x48
 583 0374 0C       		.uleb128 0xc
 584 0375 723700   		.ascii	"r7\000"
 585 0378 07       		.byte	0x7
 586 0379 2201     		.2byte	0x122
 587 037b 66020000 		.4byte	0x266
 588 037f 4C       		.byte	0x4c
 589 0380 0C       		.uleb128 0xc
 590 0381 723800   		.ascii	"r8\000"
 591 0384 07       		.byte	0x7
 592 0385 2301     		.2byte	0x123
 593 0387 66020000 		.4byte	0x266
 594 038b 50       		.byte	0x50
 595 038c 0C       		.uleb128 0xc
 596 038d 723900   		.ascii	"r9\000"
 597 0390 07       		.byte	0x7
 598 0391 2401     		.2byte	0x124
 599 0393 66020000 		.4byte	0x266
 600 0397 54       		.byte	0x54
 601 0398 0C       		.uleb128 0xc
 602 0399 72313000 		.ascii	"r10\000"
 603 039d 07       		.byte	0x7
 604 039e 2501     		.2byte	0x125
 605 03a0 66020000 		.4byte	0x266
 606 03a4 58       		.byte	0x58
 607 03a5 0C       		.uleb128 0xc
 608 03a6 72313100 		.ascii	"r11\000"
 609 03aa 07       		.byte	0x7
 610 03ab 2601     		.2byte	0x126
 611 03ad 66020000 		.4byte	0x266
 612 03b1 5C       		.byte	0x5c
 613 03b2 0C       		.uleb128 0xc
 614 03b3 6C7200   		.ascii	"lr\000"
 615 03b6 07       		.byte	0x7
 616 03b7 2701     		.2byte	0x127
 617 03b9 66020000 		.4byte	0x266
 618 03bd 60       		.byte	0x60
 619 03be 00       		.byte	0
 620 03bf 0B       		.uleb128 0xb
 621 03c0 B3020000 		.4byte	.LASF48
 622 03c4 04       		.byte	0x4
ARM GAS  /tmp/ccjfon2u.s 			page 12


 623 03c5 07       		.byte	0x7
 624 03c6 3101     		.2byte	0x131
 625 03c8 DA030000 		.4byte	0x3da
 626 03cc 0C       		.uleb128 0xc
 627 03cd 72313300 		.ascii	"r13\000"
 628 03d1 07       		.byte	0x7
 629 03d2 3201     		.2byte	0x132
 630 03d4 DA030000 		.4byte	0x3da
 631 03d8 00       		.byte	0
 632 03d9 00       		.byte	0
 633 03da 09       		.uleb128 0x9
 634 03db 04       		.byte	0x4
 635 03dc 73020000 		.4byte	0x273
 636 03e0 0D       		.uleb128 0xd
 637 03e1 82000000 		.4byte	0x82
 638 03e5 04       		.uleb128 0x4
 639 03e6 04       		.byte	0x4
 640 03e7 07       		.byte	0x7
 641 03e8 46030000 		.4byte	.LASF49
 642 03ec 0D       		.uleb128 0xd
 643 03ed 01010000 		.4byte	0x101
 644 03f1 05       		.uleb128 0x5
 645 03f2 21030000 		.4byte	.LASF50
 646 03f6 10       		.byte	0x10
 647 03f7 08       		.byte	0x8
 648 03f8 2C       		.byte	0x2c
 649 03f9 22040000 		.4byte	0x422
 650 03fd 06       		.uleb128 0x6
 651 03fe 82000000 		.4byte	.LASF51
 652 0402 08       		.byte	0x8
 653 0403 2D       		.byte	0x2d
 654 0404 3B020000 		.4byte	0x23b
 655 0408 00       		.byte	0
 656 0409 06       		.uleb128 0x6
 657 040a E9050000 		.4byte	.LASF52
 658 040e 08       		.byte	0x8
 659 040f 2F       		.byte	0x2f
 660 0410 35020000 		.4byte	0x235
 661 0414 08       		.byte	0x8
 662 0415 06       		.uleb128 0x6
 663 0416 F5040000 		.4byte	.LASF53
 664 041a 08       		.byte	0x8
 665 041b 31       		.byte	0x31
 666 041c 22040000 		.4byte	0x422
 667 0420 0C       		.byte	0xc
 668 0421 00       		.byte	0
 669 0422 09       		.uleb128 0x9
 670 0423 04       		.byte	0x4
 671 0424 F1030000 		.4byte	0x3f1
 672 0428 03       		.uleb128 0x3
 673 0429 21030000 		.4byte	.LASF50
 674 042d 08       		.byte	0x8
 675 042e 33       		.byte	0x33
 676 042f F1030000 		.4byte	0x3f1
 677 0433 0E       		.uleb128 0xe
 678 0434 04       		.byte	0x4
 679 0435 06       		.byte	0x6
ARM GAS  /tmp/ccjfon2u.s 			page 13


 680 0436 96       		.byte	0x96
 681 0437 68040000 		.4byte	0x468
 682 043b 0F       		.uleb128 0xf
 683 043c 0E000000 		.4byte	.LASF54
 684 0440 06       		.byte	0x6
 685 0441 9D       		.byte	0x9d
 686 0442 EB000000 		.4byte	0xeb
 687 0446 0F       		.uleb128 0xf
 688 0447 21010000 		.4byte	.LASF55
 689 044b 06       		.byte	0x6
 690 044c A4       		.byte	0xa4
 691 044d EB000000 		.4byte	0xeb
 692 0451 0F       		.uleb128 0xf
 693 0452 C2050000 		.4byte	.LASF56
 694 0456 06       		.byte	0x6
 695 0457 AB       		.byte	0xab
 696 0458 71020000 		.4byte	0x271
 697 045c 0F       		.uleb128 0xf
 698 045d 5C040000 		.4byte	.LASF57
 699 0461 06       		.byte	0x6
 700 0462 B2       		.byte	0xb2
 701 0463 F6000000 		.4byte	0xf6
 702 0467 00       		.byte	0
 703 0468 09       		.uleb128 0x9
 704 0469 04       		.byte	0x4
 705 046a 6E040000 		.4byte	0x46e
 706 046e 10       		.uleb128 0x10
 707 046f 73040000 		.4byte	0x473
 708 0473 04       		.uleb128 0x4
 709 0474 01       		.byte	0x1
 710 0475 08       		.byte	0x8
 711 0476 D7040000 		.4byte	.LASF58
 712 047a 09       		.uleb128 0x9
 713 047b 04       		.byte	0x4
 714 047c 28040000 		.4byte	0x428
 715 0480 0D       		.uleb128 0xd
 716 0481 70000000 		.4byte	0x70
 717 0485 11       		.uleb128 0x11
 718 0486 50       		.byte	0x50
 719 0487 09       		.byte	0x9
 720 0488 0A02     		.2byte	0x20a
 721 048a 91050000 		.4byte	0x591
 722 048e 0C       		.uleb128 0xc
 723 048f 535200   		.ascii	"SR\000"
 724 0492 09       		.byte	0x9
 725 0493 0C02     		.2byte	0x20c
 726 0495 E0030000 		.4byte	0x3e0
 727 0499 00       		.byte	0
 728 049a 0C       		.uleb128 0xc
 729 049b 43523100 		.ascii	"CR1\000"
 730 049f 09       		.byte	0x9
 731 04a0 0D02     		.2byte	0x20d
 732 04a2 E0030000 		.4byte	0x3e0
 733 04a6 04       		.byte	0x4
 734 04a7 0C       		.uleb128 0xc
 735 04a8 43523200 		.ascii	"CR2\000"
 736 04ac 09       		.byte	0x9
ARM GAS  /tmp/ccjfon2u.s 			page 14


 737 04ad 0E02     		.2byte	0x20e
 738 04af E0030000 		.4byte	0x3e0
 739 04b3 08       		.byte	0x8
 740 04b4 12       		.uleb128 0x12
 741 04b5 85030000 		.4byte	.LASF59
 742 04b9 09       		.byte	0x9
 743 04ba 0F02     		.2byte	0x20f
 744 04bc E0030000 		.4byte	0x3e0
 745 04c0 0C       		.byte	0xc
 746 04c1 12       		.uleb128 0x12
 747 04c2 8B030000 		.4byte	.LASF60
 748 04c6 09       		.byte	0x9
 749 04c7 1002     		.2byte	0x210
 750 04c9 E0030000 		.4byte	0x3e0
 751 04cd 10       		.byte	0x10
 752 04ce 12       		.uleb128 0x12
 753 04cf 2C030000 		.4byte	.LASF61
 754 04d3 09       		.byte	0x9
 755 04d4 1102     		.2byte	0x211
 756 04d6 E0030000 		.4byte	0x3e0
 757 04da 14       		.byte	0x14
 758 04db 12       		.uleb128 0x12
 759 04dc 32030000 		.4byte	.LASF62
 760 04e0 09       		.byte	0x9
 761 04e1 1202     		.2byte	0x212
 762 04e3 E0030000 		.4byte	0x3e0
 763 04e7 18       		.byte	0x18
 764 04e8 12       		.uleb128 0x12
 765 04e9 38030000 		.4byte	.LASF63
 766 04ed 09       		.byte	0x9
 767 04ee 1302     		.2byte	0x213
 768 04f0 E0030000 		.4byte	0x3e0
 769 04f4 1C       		.byte	0x1c
 770 04f5 12       		.uleb128 0x12
 771 04f6 72040000 		.4byte	.LASF64
 772 04fa 09       		.byte	0x9
 773 04fb 1402     		.2byte	0x214
 774 04fd E0030000 		.4byte	0x3e0
 775 0501 20       		.byte	0x20
 776 0502 0C       		.uleb128 0xc
 777 0503 48545200 		.ascii	"HTR\000"
 778 0507 09       		.byte	0x9
 779 0508 1502     		.2byte	0x215
 780 050a E0030000 		.4byte	0x3e0
 781 050e 24       		.byte	0x24
 782 050f 0C       		.uleb128 0xc
 783 0510 4C545200 		.ascii	"LTR\000"
 784 0514 09       		.byte	0x9
 785 0515 1602     		.2byte	0x216
 786 0517 E0030000 		.4byte	0x3e0
 787 051b 28       		.byte	0x28
 788 051c 12       		.uleb128 0x12
 789 051d 91030000 		.4byte	.LASF65
 790 0521 09       		.byte	0x9
 791 0522 1702     		.2byte	0x217
 792 0524 E0030000 		.4byte	0x3e0
 793 0528 2C       		.byte	0x2c
ARM GAS  /tmp/ccjfon2u.s 			page 15


 794 0529 12       		.uleb128 0x12
 795 052a 96030000 		.4byte	.LASF66
 796 052e 09       		.byte	0x9
 797 052f 1802     		.2byte	0x218
 798 0531 E0030000 		.4byte	0x3e0
 799 0535 30       		.byte	0x30
 800 0536 12       		.uleb128 0x12
 801 0537 9B030000 		.4byte	.LASF67
 802 053b 09       		.byte	0x9
 803 053c 1902     		.2byte	0x219
 804 053e E0030000 		.4byte	0x3e0
 805 0542 34       		.byte	0x34
 806 0543 12       		.uleb128 0x12
 807 0544 54000000 		.4byte	.LASF68
 808 0548 09       		.byte	0x9
 809 0549 1A02     		.2byte	0x21a
 810 054b E0030000 		.4byte	0x3e0
 811 054f 38       		.byte	0x38
 812 0550 12       		.uleb128 0x12
 813 0551 AB050000 		.4byte	.LASF69
 814 0555 09       		.byte	0x9
 815 0556 1B02     		.2byte	0x21b
 816 0558 E0030000 		.4byte	0x3e0
 817 055c 3C       		.byte	0x3c
 818 055d 12       		.uleb128 0x12
 819 055e B0050000 		.4byte	.LASF70
 820 0562 09       		.byte	0x9
 821 0563 1C02     		.2byte	0x21c
 822 0565 E0030000 		.4byte	0x3e0
 823 0569 40       		.byte	0x40
 824 056a 12       		.uleb128 0x12
 825 056b B5050000 		.4byte	.LASF71
 826 056f 09       		.byte	0x9
 827 0570 1D02     		.2byte	0x21d
 828 0572 E0030000 		.4byte	0x3e0
 829 0576 44       		.byte	0x44
 830 0577 12       		.uleb128 0x12
 831 0578 77030000 		.4byte	.LASF72
 832 057c 09       		.byte	0x9
 833 057d 1E02     		.2byte	0x21e
 834 057f E0030000 		.4byte	0x3e0
 835 0583 48       		.byte	0x48
 836 0584 0C       		.uleb128 0xc
 837 0585 445200   		.ascii	"DR\000"
 838 0588 09       		.byte	0x9
 839 0589 1F02     		.2byte	0x21f
 840 058b E0030000 		.4byte	0x3e0
 841 058f 4C       		.byte	0x4c
 842 0590 00       		.byte	0
 843 0591 13       		.uleb128 0x13
 844 0592 4F030000 		.4byte	.LASF73
 845 0596 09       		.byte	0x9
 846 0597 2002     		.2byte	0x220
 847 0599 85040000 		.4byte	0x485
 848 059d 11       		.uleb128 0x11
 849 059e 18       		.byte	0x18
 850 059f 09       		.byte	0x9
ARM GAS  /tmp/ccjfon2u.s 			page 16


 851 05a0 B102     		.2byte	0x2b1
 852 05a2 F4050000 		.4byte	0x5f4
 853 05a6 0C       		.uleb128 0xc
 854 05a7 435200   		.ascii	"CR\000"
 855 05aa 09       		.byte	0x9
 856 05ab B302     		.2byte	0x2b3
 857 05ad E0030000 		.4byte	0x3e0
 858 05b1 00       		.byte	0
 859 05b2 12       		.uleb128 0x12
 860 05b3 11050000 		.4byte	.LASF74
 861 05b7 09       		.byte	0x9
 862 05b8 B402     		.2byte	0x2b4
 863 05ba E0030000 		.4byte	0x3e0
 864 05be 04       		.byte	0x4
 865 05bf 0C       		.uleb128 0xc
 866 05c0 50415200 		.ascii	"PAR\000"
 867 05c4 09       		.byte	0x9
 868 05c5 B502     		.2byte	0x2b5
 869 05c7 E0030000 		.4byte	0x3e0
 870 05cb 08       		.byte	0x8
 871 05cc 12       		.uleb128 0x12
 872 05cd 00000000 		.4byte	.LASF75
 873 05d1 09       		.byte	0x9
 874 05d2 B602     		.2byte	0x2b6
 875 05d4 E0030000 		.4byte	0x3e0
 876 05d8 0C       		.byte	0xc
 877 05d9 12       		.uleb128 0x12
 878 05da 5F050000 		.4byte	.LASF76
 879 05de 09       		.byte	0x9
 880 05df B702     		.2byte	0x2b7
 881 05e1 E0030000 		.4byte	0x3e0
 882 05e5 10       		.byte	0x10
 883 05e6 0C       		.uleb128 0xc
 884 05e7 46435200 		.ascii	"FCR\000"
 885 05eb 09       		.byte	0x9
 886 05ec B802     		.2byte	0x2b8
 887 05ee E0030000 		.4byte	0x3e0
 888 05f2 14       		.byte	0x14
 889 05f3 00       		.byte	0
 890 05f4 13       		.uleb128 0x13
 891 05f5 16050000 		.4byte	.LASF77
 892 05f9 09       		.byte	0x9
 893 05fa B902     		.2byte	0x2b9
 894 05fc 9D050000 		.4byte	0x59d
 895 0600 08       		.uleb128 0x8
 896 0601 0C       		.byte	0xc
 897 0602 0A       		.byte	0xa
 898 0603 DA       		.byte	0xda
 899 0604 45060000 		.4byte	0x645
 900 0608 06       		.uleb128 0x6
 901 0609 25000000 		.4byte	.LASF78
 902 060d 0A       		.byte	0xa
 903 060e DB       		.byte	0xdb
 904 060f 45060000 		.4byte	0x645
 905 0613 00       		.byte	0
 906 0614 06       		.uleb128 0x6
 907 0615 93040000 		.4byte	.LASF79
ARM GAS  /tmp/ccjfon2u.s 			page 17


 908 0619 0A       		.byte	0xa
 909 061a DC       		.byte	0xdc
 910 061b 4B060000 		.4byte	0x64b
 911 061f 04       		.byte	0x4
 912 0620 06       		.uleb128 0x6
 913 0621 95020000 		.4byte	.LASF80
 914 0625 0A       		.byte	0xa
 915 0626 DD       		.byte	0xdd
 916 0627 45000000 		.4byte	0x45
 917 062b 08       		.byte	0x8
 918 062c 06       		.uleb128 0x6
 919 062d 36010000 		.4byte	.LASF81
 920 0631 0A       		.byte	0xa
 921 0632 DF       		.byte	0xdf
 922 0633 45000000 		.4byte	0x45
 923 0637 09       		.byte	0x9
 924 0638 06       		.uleb128 0x6
 925 0639 39000000 		.4byte	.LASF82
 926 063d 0A       		.byte	0xa
 927 063e E0       		.byte	0xe0
 928 063f 45000000 		.4byte	0x45
 929 0643 0A       		.byte	0xa
 930 0644 00       		.byte	0
 931 0645 09       		.uleb128 0x9
 932 0646 04       		.byte	0x4
 933 0647 F4050000 		.4byte	0x5f4
 934 064b 09       		.uleb128 0x9
 935 064c 04       		.byte	0x4
 936 064d E0030000 		.4byte	0x3e0
 937 0651 03       		.uleb128 0x3
 938 0652 EC030000 		.4byte	.LASF83
 939 0656 0A       		.byte	0xa
 940 0657 E1       		.byte	0xe1
 941 0658 00060000 		.4byte	0x600
 942 065c 14       		.uleb128 0x14
 943 065d 01       		.byte	0x1
 944 065e 0B       		.byte	0xb
 945 065f 55       		.byte	0x55
 946 0660 89060000 		.4byte	0x689
 947 0664 15       		.uleb128 0x15
 948 0665 F4000000 		.4byte	.LASF84
 949 0669 00       		.sleb128 0
 950 066a 15       		.uleb128 0x15
 951 066b 5B030000 		.4byte	.LASF85
 952 066f 01       		.sleb128 1
 953 0670 15       		.uleb128 0x15
 954 0671 CE020000 		.4byte	.LASF86
 955 0675 02       		.sleb128 2
 956 0676 15       		.uleb128 0x15
 957 0677 58010000 		.4byte	.LASF87
 958 067b 03       		.sleb128 3
 959 067c 15       		.uleb128 0x15
 960 067d E8040000 		.4byte	.LASF88
 961 0681 04       		.sleb128 4
 962 0682 15       		.uleb128 0x15
 963 0683 64050000 		.4byte	.LASF89
 964 0687 05       		.sleb128 5
ARM GAS  /tmp/ccjfon2u.s 			page 18


 965 0688 00       		.byte	0
 966 0689 03       		.uleb128 0x3
 967 068a 1A000000 		.4byte	.LASF90
 968 068e 0B       		.byte	0xb
 969 068f 5C       		.byte	0x5c
 970 0690 5C060000 		.4byte	0x65c
 971 0694 13       		.uleb128 0x13
 972 0695 2A010000 		.4byte	.LASF91
 973 0699 0C       		.byte	0xc
 974 069a 2701     		.2byte	0x127
 975 069c 5E000000 		.4byte	0x5e
 976 06a0 13       		.uleb128 0x13
 977 06a1 D0050000 		.4byte	.LASF92
 978 06a5 0C       		.byte	0xc
 979 06a6 2C01     		.2byte	0x12c
 980 06a8 5E000000 		.4byte	0x5e
 981 06ac 16       		.uleb128 0x16
 982 06ad 01       		.byte	0x1
 983 06ae 0C       		.byte	0xc
 984 06af 3301     		.2byte	0x133
 985 06b1 C2060000 		.4byte	0x6c2
 986 06b5 15       		.uleb128 0x15
 987 06b6 B4000000 		.4byte	.LASF93
 988 06ba 00       		.sleb128 0
 989 06bb 15       		.uleb128 0x15
 990 06bc 47010000 		.4byte	.LASF94
 991 06c0 01       		.sleb128 1
 992 06c1 00       		.byte	0
 993 06c2 13       		.uleb128 0x13
 994 06c3 8A000000 		.4byte	.LASF95
 995 06c7 0C       		.byte	0xc
 996 06c8 3601     		.2byte	0x136
 997 06ca AC060000 		.4byte	0x6ac
 998 06ce 13       		.uleb128 0x13
 999 06cf 8B020000 		.4byte	.LASF96
 1000 06d3 0C       		.byte	0xc
 1001 06d4 3B01     		.2byte	0x13b
 1002 06d6 DA060000 		.4byte	0x6da
 1003 06da 0B       		.uleb128 0xb
 1004 06db 8B020000 		.4byte	.LASF96
 1005 06df 24       		.byte	0x24
 1006 06e0 0C       		.byte	0xc
 1007 06e1 9F01     		.2byte	0x19f
 1008 06e3 5D070000 		.4byte	0x75d
 1009 06e7 12       		.uleb128 0x12
 1010 06e8 9C000000 		.4byte	.LASF97
 1011 06ec 0C       		.byte	0xc
 1012 06ed A301     		.2byte	0x1a3
 1013 06ef 89060000 		.4byte	0x689
 1014 06f3 00       		.byte	0
 1015 06f4 12       		.uleb128 0x12
 1016 06f5 DC040000 		.4byte	.LASF98
 1017 06f9 0C       		.byte	0xc
 1018 06fa A701     		.2byte	0x1a7
 1019 06fc 7A080000 		.4byte	0x87a
 1020 0700 04       		.byte	0x4
 1021 0701 12       		.uleb128 0x12
ARM GAS  /tmp/ccjfon2u.s 			page 19


 1022 0702 3E030000 		.4byte	.LASF99
 1023 0706 0C       		.byte	0xc
 1024 0707 AB01     		.2byte	0x1ab
 1025 0709 8A070000 		.4byte	0x78a
 1026 070d 08       		.byte	0x8
 1027 070e 12       		.uleb128 0x12
 1028 070f D8020000 		.4byte	.LASF100
 1029 0713 0C       		.byte	0xc
 1030 0714 AF01     		.2byte	0x1af
 1031 0716 2C000000 		.4byte	0x2c
 1032 071a 0C       		.byte	0xc
 1033 071b 12       		.uleb128 0x12
 1034 071c 27030000 		.4byte	.LASF101
 1035 0720 0C       		.byte	0xc
 1036 0721 B301     		.2byte	0x1b3
 1037 0723 85080000 		.4byte	0x885
 1038 0727 10       		.byte	0x10
 1039 0728 12       		.uleb128 0x12
 1040 0729 07040000 		.4byte	.LASF102
 1041 072d 0C       		.byte	0xc
 1042 072e B801     		.2byte	0x1b8
 1043 0730 35020000 		.4byte	0x235
 1044 0734 14       		.byte	0x14
 1045 0735 0C       		.uleb128 0xc
 1046 0736 61646300 		.ascii	"adc\000"
 1047 073a 0C       		.byte	0xc
 1048 073b CB01     		.2byte	0x1cb
 1049 073d 90080000 		.4byte	0x890
 1050 0741 18       		.byte	0x18
 1051 0742 12       		.uleb128 0x12
 1052 0743 95000000 		.4byte	.LASF103
 1053 0747 0C       		.byte	0xc
 1054 0748 CF01     		.2byte	0x1cf
 1055 074a 96080000 		.4byte	0x896
 1056 074e 1C       		.byte	0x1c
 1057 074f 12       		.uleb128 0x12
 1058 0750 BA050000 		.4byte	.LASF104
 1059 0754 0C       		.byte	0xc
 1060 0755 D301     		.2byte	0x1d3
 1061 0757 82000000 		.4byte	0x82
 1062 075b 20       		.byte	0x20
 1063 075c 00       		.byte	0
 1064 075d 13       		.uleb128 0x13
 1065 075e 13010000 		.4byte	.LASF105
 1066 0762 0C       		.byte	0xc
 1067 0763 4501     		.2byte	0x145
 1068 0765 69070000 		.4byte	0x769
 1069 0769 09       		.uleb128 0x9
 1070 076a 04       		.byte	0x4
 1071 076b 6F070000 		.4byte	0x76f
 1072 076f 17       		.uleb128 0x17
 1073 0770 84070000 		.4byte	0x784
 1074 0774 18       		.uleb128 0x18
 1075 0775 84070000 		.4byte	0x784
 1076 0779 18       		.uleb128 0x18
 1077 077a 8A070000 		.4byte	0x78a
 1078 077e 18       		.uleb128 0x18
ARM GAS  /tmp/ccjfon2u.s 			page 20


 1079 077f 2C000000 		.4byte	0x2c
 1080 0783 00       		.byte	0
 1081 0784 09       		.uleb128 0x9
 1082 0785 04       		.byte	0x4
 1083 0786 CE060000 		.4byte	0x6ce
 1084 078a 09       		.uleb128 0x9
 1085 078b 04       		.byte	0x4
 1086 078c 94060000 		.4byte	0x694
 1087 0790 13       		.uleb128 0x13
 1088 0791 CF000000 		.4byte	.LASF106
 1089 0795 0C       		.byte	0xc
 1090 0796 4E01     		.2byte	0x14e
 1091 0798 9C070000 		.4byte	0x79c
 1092 079c 09       		.uleb128 0x9
 1093 079d 04       		.byte	0x4
 1094 079e A2070000 		.4byte	0x7a2
 1095 07a2 17       		.uleb128 0x17
 1096 07a3 B2070000 		.4byte	0x7b2
 1097 07a7 18       		.uleb128 0x18
 1098 07a8 84070000 		.4byte	0x784
 1099 07ac 18       		.uleb128 0x18
 1100 07ad C2060000 		.4byte	0x6c2
 1101 07b1 00       		.byte	0
 1102 07b2 11       		.uleb128 0x11
 1103 07b3 28       		.byte	0x28
 1104 07b4 0C       		.byte	0xc
 1105 07b5 5801     		.2byte	0x158
 1106 07b7 4B080000 		.4byte	0x84b
 1107 07bb 12       		.uleb128 0x12
 1108 07bc A2000000 		.4byte	.LASF107
 1109 07c0 0C       		.byte	0xc
 1110 07c1 5C01     		.2byte	0x15c
 1111 07c3 A2000000 		.4byte	0xa2
 1112 07c7 00       		.byte	0
 1113 07c8 12       		.uleb128 0x12
 1114 07c9 EC020000 		.4byte	.LASF108
 1115 07cd 0C       		.byte	0xc
 1116 07ce 6001     		.2byte	0x160
 1117 07d0 A0060000 		.4byte	0x6a0
 1118 07d4 02       		.byte	0x2
 1119 07d5 12       		.uleb128 0x12
 1120 07d6 0C010000 		.4byte	.LASF109
 1121 07da 0C       		.byte	0xc
 1122 07db 6401     		.2byte	0x164
 1123 07dd 5D070000 		.4byte	0x75d
 1124 07e1 04       		.byte	0x4
 1125 07e2 12       		.uleb128 0x12
 1126 07e3 53040000 		.4byte	.LASF110
 1127 07e7 0C       		.byte	0xc
 1128 07e8 6801     		.2byte	0x168
 1129 07ea 90070000 		.4byte	0x790
 1130 07ee 08       		.byte	0x8
 1131 07ef 0C       		.uleb128 0xc
 1132 07f0 63723100 		.ascii	"cr1\000"
 1133 07f4 0C       		.byte	0xc
 1134 07f5 6F01     		.2byte	0x16f
 1135 07f7 82000000 		.4byte	0x82
ARM GAS  /tmp/ccjfon2u.s 			page 21


 1136 07fb 0C       		.byte	0xc
 1137 07fc 0C       		.uleb128 0xc
 1138 07fd 63723200 		.ascii	"cr2\000"
 1139 0801 0C       		.byte	0xc
 1140 0802 7601     		.2byte	0x176
 1141 0804 82000000 		.4byte	0x82
 1142 0808 10       		.byte	0x10
 1143 0809 12       		.uleb128 0x12
 1144 080a 7E050000 		.4byte	.LASF111
 1145 080e 0C       		.byte	0xc
 1146 080f 7C01     		.2byte	0x17c
 1147 0811 82000000 		.4byte	0x82
 1148 0815 14       		.byte	0x14
 1149 0816 12       		.uleb128 0x12
 1150 0817 84050000 		.4byte	.LASF112
 1151 081b 0C       		.byte	0xc
 1152 081c 8201     		.2byte	0x182
 1153 081e 82000000 		.4byte	0x82
 1154 0822 18       		.byte	0x18
 1155 0823 12       		.uleb128 0x12
 1156 0824 E3040000 		.4byte	.LASF113
 1157 0828 0C       		.byte	0xc
 1158 0829 8701     		.2byte	0x187
 1159 082b 82000000 		.4byte	0x82
 1160 082f 1C       		.byte	0x1c
 1161 0830 12       		.uleb128 0x12
 1162 0831 15000000 		.4byte	.LASF114
 1163 0835 0C       		.byte	0xc
 1164 0836 8C01     		.2byte	0x18c
 1165 0838 82000000 		.4byte	0x82
 1166 083c 20       		.byte	0x20
 1167 083d 12       		.uleb128 0x12
 1168 083e FF000000 		.4byte	.LASF115
 1169 0842 0C       		.byte	0xc
 1170 0843 9101     		.2byte	0x191
 1171 0845 82000000 		.4byte	0x82
 1172 0849 24       		.byte	0x24
 1173 084a 00       		.byte	0
 1174 084b 13       		.uleb128 0x13
 1175 084c 98050000 		.4byte	.LASF116
 1176 0850 0C       		.byte	0xc
 1177 0851 9201     		.2byte	0x192
 1178 0853 B2070000 		.4byte	0x7b2
 1179 0857 11       		.uleb128 0x11
 1180 0858 04       		.byte	0x4
 1181 0859 0C       		.byte	0xc
 1182 085a 9801     		.2byte	0x198
 1183 085c 6E080000 		.4byte	0x86e
 1184 0860 12       		.uleb128 0x12
 1185 0861 98040000 		.4byte	.LASF117
 1186 0865 0C       		.byte	0xc
 1187 0866 9901     		.2byte	0x199
 1188 0868 82000000 		.4byte	0x82
 1189 086c 00       		.byte	0
 1190 086d 00       		.byte	0
 1191 086e 13       		.uleb128 0x13
 1192 086f B1040000 		.4byte	.LASF118
ARM GAS  /tmp/ccjfon2u.s 			page 22


 1193 0873 0C       		.byte	0xc
 1194 0874 9A01     		.2byte	0x19a
 1195 0876 57080000 		.4byte	0x857
 1196 087a 09       		.uleb128 0x9
 1197 087b 04       		.byte	0x4
 1198 087c 80080000 		.4byte	0x880
 1199 0880 10       		.uleb128 0x10
 1200 0881 6E080000 		.4byte	0x86e
 1201 0885 09       		.uleb128 0x9
 1202 0886 04       		.byte	0x4
 1203 0887 8B080000 		.4byte	0x88b
 1204 088b 10       		.uleb128 0x10
 1205 088c 4B080000 		.4byte	0x84b
 1206 0890 09       		.uleb128 0x9
 1207 0891 04       		.byte	0x4
 1208 0892 91050000 		.4byte	0x591
 1209 0896 09       		.uleb128 0x9
 1210 0897 04       		.byte	0x4
 1211 0898 9C080000 		.4byte	0x89c
 1212 089c 10       		.uleb128 0x10
 1213 089d 51060000 		.4byte	0x651
 1214 08a1 14       		.uleb128 0x14
 1215 08a2 01       		.byte	0x1
 1216 08a3 0D       		.byte	0xd
 1217 08a4 57       		.byte	0x57
 1218 08a5 B6080000 		.4byte	0x8b6
 1219 08a9 15       		.uleb128 0x15
 1220 08aa 7F040000 		.4byte	.LASF119
 1221 08ae 0A       		.sleb128 10
 1222 08af 15       		.uleb128 0x15
 1223 08b0 30050000 		.4byte	.LASF120
 1224 08b4 0B       		.sleb128 11
 1225 08b5 00       		.byte	0
 1226 08b6 03       		.uleb128 0x3
 1227 08b7 A7040000 		.4byte	.LASF121
 1228 08bb 0D       		.byte	0xd
 1229 08bc 5A       		.byte	0x5a
 1230 08bd A1080000 		.4byte	0x8a1
 1231 08c1 19       		.uleb128 0x19
 1232 08c2 34040000 		.4byte	.LASF130
 1233 08c6 01       		.byte	0x1
 1234 08c7 53       		.byte	0x53
 1235 08c8 00000000 		.4byte	.LFB119
 1236 08cc 28000000 		.4byte	.LFE119-.LFB119
 1237 08d0 01       		.uleb128 0x1
 1238 08d1 9C       		.byte	0x9c
 1239 08d2 12090000 		.4byte	0x912
 1240 08d6 1A       		.uleb128 0x1a
 1241 08d7 0C000000 		.4byte	.LVL0
 1242 08db A2090000 		.4byte	0x9a2
 1243 08df EF080000 		.4byte	0x8ef
 1244 08e3 1B       		.uleb128 0x1b
 1245 08e4 01       		.uleb128 0x1
 1246 08e5 51       		.byte	0x51
 1247 08e6 01       		.uleb128 0x1
 1248 08e7 30       		.byte	0x30
 1249 08e8 1B       		.uleb128 0x1b
ARM GAS  /tmp/ccjfon2u.s 			page 23


 1250 08e9 01       		.uleb128 0x1
 1251 08ea 50       		.byte	0x50
 1252 08eb 02       		.uleb128 0x2
 1253 08ec 74       		.byte	0x74
 1254 08ed 00       		.sleb128 0
 1255 08ee 00       		.byte	0
 1256 08ef 1C       		.uleb128 0x1c
 1257 08f0 1C000000 		.4byte	.LVL1
 1258 08f4 B9090000 		.4byte	0x9b9
 1259 08f8 1B       		.uleb128 0x1b
 1260 08f9 01       		.uleb128 0x1
 1261 08fa 53       		.byte	0x53
 1262 08fb 02       		.uleb128 0x2
 1263 08fc 08       		.byte	0x8
 1264 08fd 64       		.byte	0x64
 1265 08fe 1B       		.uleb128 0x1b
 1266 08ff 01       		.uleb128 0x1
 1267 0900 52       		.byte	0x52
 1268 0901 05       		.uleb128 0x5
 1269 0902 03       		.byte	0x3
 1270 0903 00000000 		.4byte	.LANCHOR1
 1271 0907 1B       		.uleb128 0x1b
 1272 0908 01       		.uleb128 0x1
 1273 0909 51       		.byte	0x51
 1274 090a 05       		.uleb128 0x5
 1275 090b 03       		.byte	0x3
 1276 090c 00000000 		.4byte	.LANCHOR0
 1277 0910 00       		.byte	0
 1278 0911 00       		.byte	0
 1279 0912 1D       		.uleb128 0x1d
 1280 0913 64030000 		.4byte	.LASF131
 1281 0917 01       		.byte	0x1
 1282 0918 61       		.byte	0x61
 1283 0919 5E000000 		.4byte	0x5e
 1284 091d 00000000 		.4byte	.LFB120
 1285 0921 30000000 		.4byte	.LFE120-.LFB120
 1286 0925 01       		.uleb128 0x1
 1287 0926 9C       		.byte	0x9c
 1288 0927 57090000 		.4byte	0x957
 1289 092b 1E       		.uleb128 0x1e
 1290 092c 70696E00 		.ascii	"pin\000"
 1291 0930 01       		.byte	0x1
 1292 0931 61       		.byte	0x61
 1293 0932 B6080000 		.4byte	0x8b6
 1294 0936 00000000 		.4byte	.LLST0
 1295 093a 1F       		.uleb128 0x1f
 1296 093b 6900     		.ascii	"i\000"
 1297 093d 01       		.byte	0x1
 1298 093e 63       		.byte	0x63
 1299 093f 25000000 		.4byte	0x25
 1300 0943 21000000 		.4byte	.LLST1
 1301 0947 20       		.uleb128 0x20
 1302 0948 1B030000 		.4byte	.LASF122
 1303 094c 01       		.byte	0x1
 1304 094d 63       		.byte	0x63
 1305 094e 25000000 		.4byte	0x25
 1306 0952 35000000 		.4byte	.LLST2
ARM GAS  /tmp/ccjfon2u.s 			page 24


 1307 0956 00       		.byte	0
 1308 0957 21       		.uleb128 0x21
 1309 0958 94060000 		.4byte	0x694
 1310 095c 68090000 		.4byte	0x968
 1311 0960 22       		.uleb128 0x22
 1312 0961 E5030000 		.4byte	0x3e5
 1313 0965 AF04     		.2byte	0x4af
 1314 0967 00       		.byte	0
 1315 0968 23       		.uleb128 0x23
 1316 0969 05000000 		.4byte	.LASF123
 1317 096d 01       		.byte	0x1
 1318 096e 2C       		.byte	0x2c
 1319 096f 57090000 		.4byte	0x957
 1320 0973 05       		.uleb128 0x5
 1321 0974 03       		.byte	0x3
 1322 0975 00000000 		.4byte	_samples
 1323 0979 23       		.uleb128 0x23
 1324 097a C7000000 		.4byte	.LASF124
 1325 097e 01       		.byte	0x1
 1326 097f 33       		.byte	0x33
 1327 0980 8B080000 		.4byte	0x88b
 1328 0984 05       		.uleb128 0x5
 1329 0985 03       		.byte	0x3
 1330 0986 00000000 		.4byte	_config
 1331 098a 24       		.uleb128 0x24
 1332 098b 40000000 		.4byte	.LASF125
 1333 098f 0E       		.byte	0xe
 1334 0990 9806     		.2byte	0x698
 1335 0992 80040000 		.4byte	0x480
 1336 0996 24       		.uleb128 0x24
 1337 0997 8A050000 		.4byte	.LASF126
 1338 099b 0C       		.byte	0xc
 1339 099c 1802     		.2byte	0x218
 1340 099e CE060000 		.4byte	0x6ce
 1341 09a2 25       		.uleb128 0x25
 1342 09a3 6E050000 		.4byte	.LASF132
 1343 09a7 0B       		.byte	0xb
 1344 09a8 1E01     		.2byte	0x11e
 1345 09aa B9090000 		.4byte	0x9b9
 1346 09ae 18       		.uleb128 0x18
 1347 09af 84070000 		.4byte	0x784
 1348 09b3 18       		.uleb128 0x18
 1349 09b4 7A080000 		.4byte	0x87a
 1350 09b8 00       		.byte	0
 1351 09b9 26       		.uleb128 0x26
 1352 09ba 3A050000 		.4byte	.LASF133
 1353 09be 0B       		.byte	0xb
 1354 09bf 2001     		.2byte	0x120
 1355 09c1 18       		.uleb128 0x18
 1356 09c2 84070000 		.4byte	0x784
 1357 09c6 18       		.uleb128 0x18
 1358 09c7 85080000 		.4byte	0x885
 1359 09cb 18       		.uleb128 0x18
 1360 09cc 8A070000 		.4byte	0x78a
 1361 09d0 18       		.uleb128 0x18
 1362 09d1 2C000000 		.4byte	0x2c
 1363 09d5 00       		.byte	0
ARM GAS  /tmp/ccjfon2u.s 			page 25


 1364 09d6 00       		.byte	0
 1365              		.section	.debug_abbrev,"",%progbits
 1366              	.Ldebug_abbrev0:
 1367 0000 01       		.uleb128 0x1
 1368 0001 11       		.uleb128 0x11
 1369 0002 01       		.byte	0x1
 1370 0003 25       		.uleb128 0x25
 1371 0004 0E       		.uleb128 0xe
 1372 0005 13       		.uleb128 0x13
 1373 0006 0B       		.uleb128 0xb
 1374 0007 03       		.uleb128 0x3
 1375 0008 0E       		.uleb128 0xe
 1376 0009 1B       		.uleb128 0x1b
 1377 000a 0E       		.uleb128 0xe
 1378 000b 55       		.uleb128 0x55
 1379 000c 17       		.uleb128 0x17
 1380 000d 11       		.uleb128 0x11
 1381 000e 01       		.uleb128 0x1
 1382 000f 10       		.uleb128 0x10
 1383 0010 17       		.uleb128 0x17
 1384 0011 00       		.byte	0
 1385 0012 00       		.byte	0
 1386 0013 02       		.uleb128 0x2
 1387 0014 24       		.uleb128 0x24
 1388 0015 00       		.byte	0
 1389 0016 0B       		.uleb128 0xb
 1390 0017 0B       		.uleb128 0xb
 1391 0018 3E       		.uleb128 0x3e
 1392 0019 0B       		.uleb128 0xb
 1393 001a 03       		.uleb128 0x3
 1394 001b 08       		.uleb128 0x8
 1395 001c 00       		.byte	0
 1396 001d 00       		.byte	0
 1397 001e 03       		.uleb128 0x3
 1398 001f 16       		.uleb128 0x16
 1399 0020 00       		.byte	0
 1400 0021 03       		.uleb128 0x3
 1401 0022 0E       		.uleb128 0xe
 1402 0023 3A       		.uleb128 0x3a
 1403 0024 0B       		.uleb128 0xb
 1404 0025 3B       		.uleb128 0x3b
 1405 0026 0B       		.uleb128 0xb
 1406 0027 49       		.uleb128 0x49
 1407 0028 13       		.uleb128 0x13
 1408 0029 00       		.byte	0
 1409 002a 00       		.byte	0
 1410 002b 04       		.uleb128 0x4
 1411 002c 24       		.uleb128 0x24
 1412 002d 00       		.byte	0
 1413 002e 0B       		.uleb128 0xb
 1414 002f 0B       		.uleb128 0xb
 1415 0030 3E       		.uleb128 0x3e
 1416 0031 0B       		.uleb128 0xb
 1417 0032 03       		.uleb128 0x3
 1418 0033 0E       		.uleb128 0xe
 1419 0034 00       		.byte	0
 1420 0035 00       		.byte	0
ARM GAS  /tmp/ccjfon2u.s 			page 26


 1421 0036 05       		.uleb128 0x5
 1422 0037 13       		.uleb128 0x13
 1423 0038 01       		.byte	0x1
 1424 0039 03       		.uleb128 0x3
 1425 003a 0E       		.uleb128 0xe
 1426 003b 0B       		.uleb128 0xb
 1427 003c 0B       		.uleb128 0xb
 1428 003d 3A       		.uleb128 0x3a
 1429 003e 0B       		.uleb128 0xb
 1430 003f 3B       		.uleb128 0x3b
 1431 0040 0B       		.uleb128 0xb
 1432 0041 01       		.uleb128 0x1
 1433 0042 13       		.uleb128 0x13
 1434 0043 00       		.byte	0
 1435 0044 00       		.byte	0
 1436 0045 06       		.uleb128 0x6
 1437 0046 0D       		.uleb128 0xd
 1438 0047 00       		.byte	0
 1439 0048 03       		.uleb128 0x3
 1440 0049 0E       		.uleb128 0xe
 1441 004a 3A       		.uleb128 0x3a
 1442 004b 0B       		.uleb128 0xb
 1443 004c 3B       		.uleb128 0x3b
 1444 004d 0B       		.uleb128 0xb
 1445 004e 49       		.uleb128 0x49
 1446 004f 13       		.uleb128 0x13
 1447 0050 38       		.uleb128 0x38
 1448 0051 0B       		.uleb128 0xb
 1449 0052 00       		.byte	0
 1450 0053 00       		.byte	0
 1451 0054 07       		.uleb128 0x7
 1452 0055 0D       		.uleb128 0xd
 1453 0056 00       		.byte	0
 1454 0057 03       		.uleb128 0x3
 1455 0058 08       		.uleb128 0x8
 1456 0059 3A       		.uleb128 0x3a
 1457 005a 0B       		.uleb128 0xb
 1458 005b 3B       		.uleb128 0x3b
 1459 005c 0B       		.uleb128 0xb
 1460 005d 49       		.uleb128 0x49
 1461 005e 13       		.uleb128 0x13
 1462 005f 38       		.uleb128 0x38
 1463 0060 0B       		.uleb128 0xb
 1464 0061 00       		.byte	0
 1465 0062 00       		.byte	0
 1466 0063 08       		.uleb128 0x8
 1467 0064 13       		.uleb128 0x13
 1468 0065 01       		.byte	0x1
 1469 0066 0B       		.uleb128 0xb
 1470 0067 0B       		.uleb128 0xb
 1471 0068 3A       		.uleb128 0x3a
 1472 0069 0B       		.uleb128 0xb
 1473 006a 3B       		.uleb128 0x3b
 1474 006b 0B       		.uleb128 0xb
 1475 006c 01       		.uleb128 0x1
 1476 006d 13       		.uleb128 0x13
 1477 006e 00       		.byte	0
ARM GAS  /tmp/ccjfon2u.s 			page 27


 1478 006f 00       		.byte	0
 1479 0070 09       		.uleb128 0x9
 1480 0071 0F       		.uleb128 0xf
 1481 0072 00       		.byte	0
 1482 0073 0B       		.uleb128 0xb
 1483 0074 0B       		.uleb128 0xb
 1484 0075 49       		.uleb128 0x49
 1485 0076 13       		.uleb128 0x13
 1486 0077 00       		.byte	0
 1487 0078 00       		.byte	0
 1488 0079 0A       		.uleb128 0xa
 1489 007a 0F       		.uleb128 0xf
 1490 007b 00       		.byte	0
 1491 007c 0B       		.uleb128 0xb
 1492 007d 0B       		.uleb128 0xb
 1493 007e 00       		.byte	0
 1494 007f 00       		.byte	0
 1495 0080 0B       		.uleb128 0xb
 1496 0081 13       		.uleb128 0x13
 1497 0082 01       		.byte	0x1
 1498 0083 03       		.uleb128 0x3
 1499 0084 0E       		.uleb128 0xe
 1500 0085 0B       		.uleb128 0xb
 1501 0086 0B       		.uleb128 0xb
 1502 0087 3A       		.uleb128 0x3a
 1503 0088 0B       		.uleb128 0xb
 1504 0089 3B       		.uleb128 0x3b
 1505 008a 05       		.uleb128 0x5
 1506 008b 01       		.uleb128 0x1
 1507 008c 13       		.uleb128 0x13
 1508 008d 00       		.byte	0
 1509 008e 00       		.byte	0
 1510 008f 0C       		.uleb128 0xc
 1511 0090 0D       		.uleb128 0xd
 1512 0091 00       		.byte	0
 1513 0092 03       		.uleb128 0x3
 1514 0093 08       		.uleb128 0x8
 1515 0094 3A       		.uleb128 0x3a
 1516 0095 0B       		.uleb128 0xb
 1517 0096 3B       		.uleb128 0x3b
 1518 0097 05       		.uleb128 0x5
 1519 0098 49       		.uleb128 0x49
 1520 0099 13       		.uleb128 0x13
 1521 009a 38       		.uleb128 0x38
 1522 009b 0B       		.uleb128 0xb
 1523 009c 00       		.byte	0
 1524 009d 00       		.byte	0
 1525 009e 0D       		.uleb128 0xd
 1526 009f 35       		.uleb128 0x35
 1527 00a0 00       		.byte	0
 1528 00a1 49       		.uleb128 0x49
 1529 00a2 13       		.uleb128 0x13
 1530 00a3 00       		.byte	0
 1531 00a4 00       		.byte	0
 1532 00a5 0E       		.uleb128 0xe
 1533 00a6 17       		.uleb128 0x17
 1534 00a7 01       		.byte	0x1
ARM GAS  /tmp/ccjfon2u.s 			page 28


 1535 00a8 0B       		.uleb128 0xb
 1536 00a9 0B       		.uleb128 0xb
 1537 00aa 3A       		.uleb128 0x3a
 1538 00ab 0B       		.uleb128 0xb
 1539 00ac 3B       		.uleb128 0x3b
 1540 00ad 0B       		.uleb128 0xb
 1541 00ae 01       		.uleb128 0x1
 1542 00af 13       		.uleb128 0x13
 1543 00b0 00       		.byte	0
 1544 00b1 00       		.byte	0
 1545 00b2 0F       		.uleb128 0xf
 1546 00b3 0D       		.uleb128 0xd
 1547 00b4 00       		.byte	0
 1548 00b5 03       		.uleb128 0x3
 1549 00b6 0E       		.uleb128 0xe
 1550 00b7 3A       		.uleb128 0x3a
 1551 00b8 0B       		.uleb128 0xb
 1552 00b9 3B       		.uleb128 0x3b
 1553 00ba 0B       		.uleb128 0xb
 1554 00bb 49       		.uleb128 0x49
 1555 00bc 13       		.uleb128 0x13
 1556 00bd 00       		.byte	0
 1557 00be 00       		.byte	0
 1558 00bf 10       		.uleb128 0x10
 1559 00c0 26       		.uleb128 0x26
 1560 00c1 00       		.byte	0
 1561 00c2 49       		.uleb128 0x49
 1562 00c3 13       		.uleb128 0x13
 1563 00c4 00       		.byte	0
 1564 00c5 00       		.byte	0
 1565 00c6 11       		.uleb128 0x11
 1566 00c7 13       		.uleb128 0x13
 1567 00c8 01       		.byte	0x1
 1568 00c9 0B       		.uleb128 0xb
 1569 00ca 0B       		.uleb128 0xb
 1570 00cb 3A       		.uleb128 0x3a
 1571 00cc 0B       		.uleb128 0xb
 1572 00cd 3B       		.uleb128 0x3b
 1573 00ce 05       		.uleb128 0x5
 1574 00cf 01       		.uleb128 0x1
 1575 00d0 13       		.uleb128 0x13
 1576 00d1 00       		.byte	0
 1577 00d2 00       		.byte	0
 1578 00d3 12       		.uleb128 0x12
 1579 00d4 0D       		.uleb128 0xd
 1580 00d5 00       		.byte	0
 1581 00d6 03       		.uleb128 0x3
 1582 00d7 0E       		.uleb128 0xe
 1583 00d8 3A       		.uleb128 0x3a
 1584 00d9 0B       		.uleb128 0xb
 1585 00da 3B       		.uleb128 0x3b
 1586 00db 05       		.uleb128 0x5
 1587 00dc 49       		.uleb128 0x49
 1588 00dd 13       		.uleb128 0x13
 1589 00de 38       		.uleb128 0x38
 1590 00df 0B       		.uleb128 0xb
 1591 00e0 00       		.byte	0
ARM GAS  /tmp/ccjfon2u.s 			page 29


 1592 00e1 00       		.byte	0
 1593 00e2 13       		.uleb128 0x13
 1594 00e3 16       		.uleb128 0x16
 1595 00e4 00       		.byte	0
 1596 00e5 03       		.uleb128 0x3
 1597 00e6 0E       		.uleb128 0xe
 1598 00e7 3A       		.uleb128 0x3a
 1599 00e8 0B       		.uleb128 0xb
 1600 00e9 3B       		.uleb128 0x3b
 1601 00ea 05       		.uleb128 0x5
 1602 00eb 49       		.uleb128 0x49
 1603 00ec 13       		.uleb128 0x13
 1604 00ed 00       		.byte	0
 1605 00ee 00       		.byte	0
 1606 00ef 14       		.uleb128 0x14
 1607 00f0 04       		.uleb128 0x4
 1608 00f1 01       		.byte	0x1
 1609 00f2 0B       		.uleb128 0xb
 1610 00f3 0B       		.uleb128 0xb
 1611 00f4 3A       		.uleb128 0x3a
 1612 00f5 0B       		.uleb128 0xb
 1613 00f6 3B       		.uleb128 0x3b
 1614 00f7 0B       		.uleb128 0xb
 1615 00f8 01       		.uleb128 0x1
 1616 00f9 13       		.uleb128 0x13
 1617 00fa 00       		.byte	0
 1618 00fb 00       		.byte	0
 1619 00fc 15       		.uleb128 0x15
 1620 00fd 28       		.uleb128 0x28
 1621 00fe 00       		.byte	0
 1622 00ff 03       		.uleb128 0x3
 1623 0100 0E       		.uleb128 0xe
 1624 0101 1C       		.uleb128 0x1c
 1625 0102 0D       		.uleb128 0xd
 1626 0103 00       		.byte	0
 1627 0104 00       		.byte	0
 1628 0105 16       		.uleb128 0x16
 1629 0106 04       		.uleb128 0x4
 1630 0107 01       		.byte	0x1
 1631 0108 0B       		.uleb128 0xb
 1632 0109 0B       		.uleb128 0xb
 1633 010a 3A       		.uleb128 0x3a
 1634 010b 0B       		.uleb128 0xb
 1635 010c 3B       		.uleb128 0x3b
 1636 010d 05       		.uleb128 0x5
 1637 010e 01       		.uleb128 0x1
 1638 010f 13       		.uleb128 0x13
 1639 0110 00       		.byte	0
 1640 0111 00       		.byte	0
 1641 0112 17       		.uleb128 0x17
 1642 0113 15       		.uleb128 0x15
 1643 0114 01       		.byte	0x1
 1644 0115 27       		.uleb128 0x27
 1645 0116 19       		.uleb128 0x19
 1646 0117 01       		.uleb128 0x1
 1647 0118 13       		.uleb128 0x13
 1648 0119 00       		.byte	0
ARM GAS  /tmp/ccjfon2u.s 			page 30


 1649 011a 00       		.byte	0
 1650 011b 18       		.uleb128 0x18
 1651 011c 05       		.uleb128 0x5
 1652 011d 00       		.byte	0
 1653 011e 49       		.uleb128 0x49
 1654 011f 13       		.uleb128 0x13
 1655 0120 00       		.byte	0
 1656 0121 00       		.byte	0
 1657 0122 19       		.uleb128 0x19
 1658 0123 2E       		.uleb128 0x2e
 1659 0124 01       		.byte	0x1
 1660 0125 3F       		.uleb128 0x3f
 1661 0126 19       		.uleb128 0x19
 1662 0127 03       		.uleb128 0x3
 1663 0128 0E       		.uleb128 0xe
 1664 0129 3A       		.uleb128 0x3a
 1665 012a 0B       		.uleb128 0xb
 1666 012b 3B       		.uleb128 0x3b
 1667 012c 0B       		.uleb128 0xb
 1668 012d 27       		.uleb128 0x27
 1669 012e 19       		.uleb128 0x19
 1670 012f 11       		.uleb128 0x11
 1671 0130 01       		.uleb128 0x1
 1672 0131 12       		.uleb128 0x12
 1673 0132 06       		.uleb128 0x6
 1674 0133 40       		.uleb128 0x40
 1675 0134 18       		.uleb128 0x18
 1676 0135 9742     		.uleb128 0x2117
 1677 0137 19       		.uleb128 0x19
 1678 0138 01       		.uleb128 0x1
 1679 0139 13       		.uleb128 0x13
 1680 013a 00       		.byte	0
 1681 013b 00       		.byte	0
 1682 013c 1A       		.uleb128 0x1a
 1683 013d 898201   		.uleb128 0x4109
 1684 0140 01       		.byte	0x1
 1685 0141 11       		.uleb128 0x11
 1686 0142 01       		.uleb128 0x1
 1687 0143 31       		.uleb128 0x31
 1688 0144 13       		.uleb128 0x13
 1689 0145 01       		.uleb128 0x1
 1690 0146 13       		.uleb128 0x13
 1691 0147 00       		.byte	0
 1692 0148 00       		.byte	0
 1693 0149 1B       		.uleb128 0x1b
 1694 014a 8A8201   		.uleb128 0x410a
 1695 014d 00       		.byte	0
 1696 014e 02       		.uleb128 0x2
 1697 014f 18       		.uleb128 0x18
 1698 0150 9142     		.uleb128 0x2111
 1699 0152 18       		.uleb128 0x18
 1700 0153 00       		.byte	0
 1701 0154 00       		.byte	0
 1702 0155 1C       		.uleb128 0x1c
 1703 0156 898201   		.uleb128 0x4109
 1704 0159 01       		.byte	0x1
 1705 015a 11       		.uleb128 0x11
ARM GAS  /tmp/ccjfon2u.s 			page 31


 1706 015b 01       		.uleb128 0x1
 1707 015c 9542     		.uleb128 0x2115
 1708 015e 19       		.uleb128 0x19
 1709 015f 31       		.uleb128 0x31
 1710 0160 13       		.uleb128 0x13
 1711 0161 00       		.byte	0
 1712 0162 00       		.byte	0
 1713 0163 1D       		.uleb128 0x1d
 1714 0164 2E       		.uleb128 0x2e
 1715 0165 01       		.byte	0x1
 1716 0166 3F       		.uleb128 0x3f
 1717 0167 19       		.uleb128 0x19
 1718 0168 03       		.uleb128 0x3
 1719 0169 0E       		.uleb128 0xe
 1720 016a 3A       		.uleb128 0x3a
 1721 016b 0B       		.uleb128 0xb
 1722 016c 3B       		.uleb128 0x3b
 1723 016d 0B       		.uleb128 0xb
 1724 016e 27       		.uleb128 0x27
 1725 016f 19       		.uleb128 0x19
 1726 0170 49       		.uleb128 0x49
 1727 0171 13       		.uleb128 0x13
 1728 0172 11       		.uleb128 0x11
 1729 0173 01       		.uleb128 0x1
 1730 0174 12       		.uleb128 0x12
 1731 0175 06       		.uleb128 0x6
 1732 0176 40       		.uleb128 0x40
 1733 0177 18       		.uleb128 0x18
 1734 0178 9742     		.uleb128 0x2117
 1735 017a 19       		.uleb128 0x19
 1736 017b 01       		.uleb128 0x1
 1737 017c 13       		.uleb128 0x13
 1738 017d 00       		.byte	0
 1739 017e 00       		.byte	0
 1740 017f 1E       		.uleb128 0x1e
 1741 0180 05       		.uleb128 0x5
 1742 0181 00       		.byte	0
 1743 0182 03       		.uleb128 0x3
 1744 0183 08       		.uleb128 0x8
 1745 0184 3A       		.uleb128 0x3a
 1746 0185 0B       		.uleb128 0xb
 1747 0186 3B       		.uleb128 0x3b
 1748 0187 0B       		.uleb128 0xb
 1749 0188 49       		.uleb128 0x49
 1750 0189 13       		.uleb128 0x13
 1751 018a 02       		.uleb128 0x2
 1752 018b 17       		.uleb128 0x17
 1753 018c 00       		.byte	0
 1754 018d 00       		.byte	0
 1755 018e 1F       		.uleb128 0x1f
 1756 018f 34       		.uleb128 0x34
 1757 0190 00       		.byte	0
 1758 0191 03       		.uleb128 0x3
 1759 0192 08       		.uleb128 0x8
 1760 0193 3A       		.uleb128 0x3a
 1761 0194 0B       		.uleb128 0xb
 1762 0195 3B       		.uleb128 0x3b
ARM GAS  /tmp/ccjfon2u.s 			page 32


 1763 0196 0B       		.uleb128 0xb
 1764 0197 49       		.uleb128 0x49
 1765 0198 13       		.uleb128 0x13
 1766 0199 02       		.uleb128 0x2
 1767 019a 17       		.uleb128 0x17
 1768 019b 00       		.byte	0
 1769 019c 00       		.byte	0
 1770 019d 20       		.uleb128 0x20
 1771 019e 34       		.uleb128 0x34
 1772 019f 00       		.byte	0
 1773 01a0 03       		.uleb128 0x3
 1774 01a1 0E       		.uleb128 0xe
 1775 01a2 3A       		.uleb128 0x3a
 1776 01a3 0B       		.uleb128 0xb
 1777 01a4 3B       		.uleb128 0x3b
 1778 01a5 0B       		.uleb128 0xb
 1779 01a6 49       		.uleb128 0x49
 1780 01a7 13       		.uleb128 0x13
 1781 01a8 02       		.uleb128 0x2
 1782 01a9 17       		.uleb128 0x17
 1783 01aa 00       		.byte	0
 1784 01ab 00       		.byte	0
 1785 01ac 21       		.uleb128 0x21
 1786 01ad 01       		.uleb128 0x1
 1787 01ae 01       		.byte	0x1
 1788 01af 49       		.uleb128 0x49
 1789 01b0 13       		.uleb128 0x13
 1790 01b1 01       		.uleb128 0x1
 1791 01b2 13       		.uleb128 0x13
 1792 01b3 00       		.byte	0
 1793 01b4 00       		.byte	0
 1794 01b5 22       		.uleb128 0x22
 1795 01b6 21       		.uleb128 0x21
 1796 01b7 00       		.byte	0
 1797 01b8 49       		.uleb128 0x49
 1798 01b9 13       		.uleb128 0x13
 1799 01ba 2F       		.uleb128 0x2f
 1800 01bb 05       		.uleb128 0x5
 1801 01bc 00       		.byte	0
 1802 01bd 00       		.byte	0
 1803 01be 23       		.uleb128 0x23
 1804 01bf 34       		.uleb128 0x34
 1805 01c0 00       		.byte	0
 1806 01c1 03       		.uleb128 0x3
 1807 01c2 0E       		.uleb128 0xe
 1808 01c3 3A       		.uleb128 0x3a
 1809 01c4 0B       		.uleb128 0xb
 1810 01c5 3B       		.uleb128 0x3b
 1811 01c6 0B       		.uleb128 0xb
 1812 01c7 49       		.uleb128 0x49
 1813 01c8 13       		.uleb128 0x13
 1814 01c9 02       		.uleb128 0x2
 1815 01ca 18       		.uleb128 0x18
 1816 01cb 00       		.byte	0
 1817 01cc 00       		.byte	0
 1818 01cd 24       		.uleb128 0x24
 1819 01ce 34       		.uleb128 0x34
ARM GAS  /tmp/ccjfon2u.s 			page 33


 1820 01cf 00       		.byte	0
 1821 01d0 03       		.uleb128 0x3
 1822 01d1 0E       		.uleb128 0xe
 1823 01d2 3A       		.uleb128 0x3a
 1824 01d3 0B       		.uleb128 0xb
 1825 01d4 3B       		.uleb128 0x3b
 1826 01d5 05       		.uleb128 0x5
 1827 01d6 49       		.uleb128 0x49
 1828 01d7 13       		.uleb128 0x13
 1829 01d8 3F       		.uleb128 0x3f
 1830 01d9 19       		.uleb128 0x19
 1831 01da 3C       		.uleb128 0x3c
 1832 01db 19       		.uleb128 0x19
 1833 01dc 00       		.byte	0
 1834 01dd 00       		.byte	0
 1835 01de 25       		.uleb128 0x25
 1836 01df 2E       		.uleb128 0x2e
 1837 01e0 01       		.byte	0x1
 1838 01e1 3F       		.uleb128 0x3f
 1839 01e2 19       		.uleb128 0x19
 1840 01e3 03       		.uleb128 0x3
 1841 01e4 0E       		.uleb128 0xe
 1842 01e5 3A       		.uleb128 0x3a
 1843 01e6 0B       		.uleb128 0xb
 1844 01e7 3B       		.uleb128 0x3b
 1845 01e8 05       		.uleb128 0x5
 1846 01e9 27       		.uleb128 0x27
 1847 01ea 19       		.uleb128 0x19
 1848 01eb 3C       		.uleb128 0x3c
 1849 01ec 19       		.uleb128 0x19
 1850 01ed 01       		.uleb128 0x1
 1851 01ee 13       		.uleb128 0x13
 1852 01ef 00       		.byte	0
 1853 01f0 00       		.byte	0
 1854 01f1 26       		.uleb128 0x26
 1855 01f2 2E       		.uleb128 0x2e
 1856 01f3 01       		.byte	0x1
 1857 01f4 3F       		.uleb128 0x3f
 1858 01f5 19       		.uleb128 0x19
 1859 01f6 03       		.uleb128 0x3
 1860 01f7 0E       		.uleb128 0xe
 1861 01f8 3A       		.uleb128 0x3a
 1862 01f9 0B       		.uleb128 0xb
 1863 01fa 3B       		.uleb128 0x3b
 1864 01fb 05       		.uleb128 0x5
 1865 01fc 27       		.uleb128 0x27
 1866 01fd 19       		.uleb128 0x19
 1867 01fe 3C       		.uleb128 0x3c
 1868 01ff 19       		.uleb128 0x19
 1869 0200 00       		.byte	0
 1870 0201 00       		.byte	0
 1871 0202 00       		.byte	0
 1872              		.section	.debug_loc,"",%progbits
 1873              	.Ldebug_loc0:
 1874              	.LLST0:
 1875 0000 00000000 		.4byte	.LVL2
 1876 0004 08000000 		.4byte	.LVL3
ARM GAS  /tmp/ccjfon2u.s 			page 34


 1877 0008 0100     		.2byte	0x1
 1878 000a 50       		.byte	0x50
 1879 000b 08000000 		.4byte	.LVL3
 1880 000f 30000000 		.4byte	.LFE120
 1881 0013 0400     		.2byte	0x4
 1882 0015 F3       		.byte	0xf3
 1883 0016 01       		.uleb128 0x1
 1884 0017 50       		.byte	0x50
 1885 0018 9F       		.byte	0x9f
 1886 0019 00000000 		.4byte	0
 1887 001d 00000000 		.4byte	0
 1888              	.LLST1:
 1889 0021 00000000 		.4byte	.LVL2
 1890 0025 0A000000 		.4byte	.LVL4
 1891 0029 0200     		.2byte	0x2
 1892 002b 30       		.byte	0x30
 1893 002c 9F       		.byte	0x9f
 1894 002d 00000000 		.4byte	0
 1895 0031 00000000 		.4byte	0
 1896              	.LLST2:
 1897 0035 00000000 		.4byte	.LVL2
 1898 0039 0A000000 		.4byte	.LVL4
 1899 003d 0200     		.2byte	0x2
 1900 003f 30       		.byte	0x30
 1901 0040 9F       		.byte	0x9f
 1902 0041 0A000000 		.4byte	.LVL4
 1903 0045 1E000000 		.4byte	.LVL6
 1904 0049 0100     		.2byte	0x1
 1905 004b 52       		.byte	0x52
 1906 004c 00000000 		.4byte	0
 1907 0050 00000000 		.4byte	0
 1908              		.section	.debug_aranges,"",%progbits
 1909 0000 24000000 		.4byte	0x24
 1910 0004 0200     		.2byte	0x2
 1911 0006 00000000 		.4byte	.Ldebug_info0
 1912 000a 04       		.byte	0x4
 1913 000b 00       		.byte	0
 1914 000c 0000     		.2byte	0
 1915 000e 0000     		.2byte	0
 1916 0010 00000000 		.4byte	.LFB119
 1917 0014 28000000 		.4byte	.LFE119-.LFB119
 1918 0018 00000000 		.4byte	.LFB120
 1919 001c 30000000 		.4byte	.LFE120-.LFB120
 1920 0020 00000000 		.4byte	0
 1921 0024 00000000 		.4byte	0
 1922              		.section	.debug_ranges,"",%progbits
 1923              	.Ldebug_ranges0:
 1924 0000 00000000 		.4byte	.LFB119
 1925 0004 28000000 		.4byte	.LFE119
 1926 0008 00000000 		.4byte	.LFB120
 1927 000c 30000000 		.4byte	.LFE120
 1928 0010 00000000 		.4byte	0
 1929 0014 00000000 		.4byte	0
 1930              		.section	.debug_line,"",%progbits
 1931              	.Ldebug_line0:
 1932 0000 52020000 		.section	.debug_str,"MS",%progbits,1
 1932      02001002 
ARM GAS  /tmp/ccjfon2u.s 			page 35


 1932      00000201 
 1932      FB0E0D00 
 1932      01010101 
 1933              	.LASF75:
 1934 0000 4D304152 		.ascii	"M0AR\000"
 1934      00
 1935              	.LASF123:
 1936 0005 5F73616D 		.ascii	"_samples\000"
 1936      706C6573 
 1936      00
 1937              	.LASF54:
 1938 000e 7264796D 		.ascii	"rdymsg\000"
 1938      736700
 1939              	.LASF114:
 1940 0015 73717232 		.ascii	"sqr2\000"
 1940      00
 1941              	.LASF90:
 1942 001a 61646373 		.ascii	"adcstate_t\000"
 1942      74617465 
 1942      5F7400
 1943              	.LASF78:
 1944 0025 73747265 		.ascii	"stream\000"
 1944      616D00
 1945              	.LASF44:
 1946 002c 54687265 		.ascii	"ThreadsQueue\000"
 1946      61647351 
 1946      75657565 
 1946      00
 1947              	.LASF82:
 1948 0039 76656374 		.ascii	"vector\000"
 1948      6F7200
 1949              	.LASF125:
 1950 0040 49544D5F 		.ascii	"ITM_RxBuffer\000"
 1950      52784275 
 1950      66666572 
 1950      00
 1951              	.LASF27:
 1952 004d 705F7072 		.ascii	"p_prio\000"
 1952      696F00
 1953              	.LASF68:
 1954 0054 4A535152 		.ascii	"JSQR\000"
 1954      00
 1955              	.LASF12:
 1956 0059 6C6F6E67 		.ascii	"long long int\000"
 1956      206C6F6E 
 1956      6720696E 
 1956      7400
 1957              	.LASF1:
 1958 0067 7369676E 		.ascii	"signed char\000"
 1958      65642063 
 1958      68617200 
 1959              	.LASF43:
 1960 0073 705F6D70 		.ascii	"p_mpool\000"
 1960      6F6F6C00 
 1961              	.LASF14:
 1962 007b 626F6F6C 		.ascii	"bool_t\000"
 1962      5F7400
ARM GAS  /tmp/ccjfon2u.s 			page 36


 1963              	.LASF51:
 1964 0082 6D5F7175 		.ascii	"m_queue\000"
 1964      65756500 
 1965              	.LASF95:
 1966 008a 61646365 		.ascii	"adcerror_t\000"
 1966      72726F72 
 1966      5F7400
 1967              	.LASF103:
 1968 0095 646D6173 		.ascii	"dmastp\000"
 1968      747000
 1969              	.LASF97:
 1970 009c 73746174 		.ascii	"state\000"
 1970      6500
 1971              	.LASF107:
 1972 00a2 63697263 		.ascii	"circular\000"
 1972      756C6172 
 1972      00
 1973              	.LASF9:
 1974 00ab 6C6F6E67 		.ascii	"long int\000"
 1974      20696E74 
 1974      00
 1975              	.LASF93:
 1976 00b4 4144435F 		.ascii	"ADC_ERR_DMAFAILURE\000"
 1976      4552525F 
 1976      444D4146 
 1976      41494C55 
 1976      524500
 1977              	.LASF124:
 1978 00c7 5F636F6E 		.ascii	"_config\000"
 1978      66696700 
 1979              	.LASF106:
 1980 00cf 61646365 		.ascii	"adcerrorcallback_t\000"
 1980      72726F72 
 1980      63616C6C 
 1980      6261636B 
 1980      5F7400
 1981              	.LASF17:
 1982 00e2 74737461 		.ascii	"tstate_t\000"
 1982      74655F74 
 1982      00
 1983              	.LASF6:
 1984 00eb 75696E74 		.ascii	"uint16_t\000"
 1984      31365F74 
 1984      00
 1985              	.LASF84:
 1986 00f4 4144435F 		.ascii	"ADC_UNINIT\000"
 1986      554E494E 
 1986      495400
 1987              	.LASF115:
 1988 00ff 73717233 		.ascii	"sqr3\000"
 1988      00
 1989              	.LASF29:
 1990 0104 705F6E65 		.ascii	"p_newer\000"
 1990      77657200 
 1991              	.LASF109:
 1992 010c 656E645F 		.ascii	"end_cb\000"
 1992      636200
ARM GAS  /tmp/ccjfon2u.s 			page 37


 1993              	.LASF105:
 1994 0113 61646363 		.ascii	"adccallback_t\000"
 1994      616C6C62 
 1994      61636B5F 
 1994      7400
 1995              	.LASF55:
 1996 0121 65786974 		.ascii	"exitcode\000"
 1996      636F6465 
 1996      00
 1997              	.LASF91:
 1998 012a 61646373 		.ascii	"adcsample_t\000"
 1998      616D706C 
 1998      655F7400 
 1999              	.LASF81:
 2000 0136 73656C66 		.ascii	"selfindex\000"
 2000      696E6465 
 2000      7800
 2001              	.LASF2:
 2002 0140 73697A65 		.ascii	"size_t\000"
 2002      5F7400
 2003              	.LASF94:
 2004 0147 4144435F 		.ascii	"ADC_ERR_OVERFLOW\000"
 2004      4552525F 
 2004      4F564552 
 2004      464C4F57 
 2004      00
 2005              	.LASF87:
 2006 0158 4144435F 		.ascii	"ADC_ACTIVE\000"
 2006      41435449 
 2006      564500
 2007              	.LASF0:
 2008 0163 756E7369 		.ascii	"unsigned int\000"
 2008      676E6564 
 2008      20696E74 
 2008      00
 2009              	.LASF127:
 2010 0170 474E5520 		.ascii	"GNU C 4.8.3 20131129 (release) [ARM/embedded-4_8-br"
 2010      4320342E 
 2010      382E3320 
 2010      32303133 
 2010      31313239 
 2011 01a3 616E6368 		.ascii	"anch revision 205641] -mcpu=cortex-m4 -mfloat-abi=s"
 2011      20726576 
 2011      6973696F 
 2011      6E203230 
 2011      35363431 
 2012 01d6 6F667466 		.ascii	"oftfp -mfpu=fpv4-sp-d16 -mno-thumb-interwork -mthum"
 2012      70202D6D 
 2012      6670753D 
 2012      66707634 
 2012      2D73702D 
 2013 0209 62202D67 		.ascii	"b -ggdb -O2 -fomit-frame-pointer -falign-functions="
 2013      67646220 
 2013      2D4F3220 
 2013      2D666F6D 
 2013      69742D66 
 2014 023c 3136202D 		.ascii	"16 -fsingle-precision-constant -ffunction-sections "
ARM GAS  /tmp/ccjfon2u.s 			page 38


 2014      6673696E 
 2014      676C652D 
 2014      70726563 
 2014      6973696F 
 2015 026f 2D666461 		.ascii	"-fdata-sections -fno-common\000"
 2015      74612D73 
 2015      65637469 
 2015      6F6E7320 
 2015      2D666E6F 
 2016              	.LASF96:
 2017 028b 41444344 		.ascii	"ADCDriver\000"
 2017      72697665 
 2017      7200
 2018              	.LASF80:
 2019 0295 69736869 		.ascii	"ishift\000"
 2019      667400
 2020              	.LASF13:
 2021 029c 6C6F6E67 		.ascii	"long long unsigned int\000"
 2021      206C6F6E 
 2021      6720756E 
 2021      7369676E 
 2021      65642069 
 2022              	.LASF48:
 2023 02b3 636F6E74 		.ascii	"context\000"
 2023      65787400 
 2024              	.LASF7:
 2025 02bb 73686F72 		.ascii	"short unsigned int\000"
 2025      7420756E 
 2025      7369676E 
 2025      65642069 
 2025      6E7400
 2026              	.LASF86:
 2027 02ce 4144435F 		.ascii	"ADC_READY\000"
 2027      52454144 
 2027      5900
 2028              	.LASF100:
 2029 02d8 64657074 		.ascii	"depth\000"
 2029      6800
 2030              	.LASF21:
 2031 02de 6D73675F 		.ascii	"msg_t\000"
 2031      7400
 2032              	.LASF16:
 2033 02e4 746D6F64 		.ascii	"tmode_t\000"
 2033      655F7400 
 2034              	.LASF108:
 2035 02ec 6E756D5F 		.ascii	"num_channels\000"
 2035      6368616E 
 2035      6E656C73 
 2035      00
 2036              	.LASF45:
 2037 02f9 54687265 		.ascii	"ThreadsList\000"
 2037      6164734C 
 2037      69737400 
 2038              	.LASF22:
 2039 0305 6576656E 		.ascii	"eventmask_t\000"
 2039      746D6173 
 2039      6B5F7400 
ARM GAS  /tmp/ccjfon2u.s 			page 39


 2040              	.LASF5:
 2041 0311 73686F72 		.ascii	"short int\000"
 2041      7420696E 
 2041      7400
 2042              	.LASF122:
 2043 031b 746F7461 		.ascii	"total\000"
 2043      6C00
 2044              	.LASF50:
 2045 0321 4D757465 		.ascii	"Mutex\000"
 2045      7800
 2046              	.LASF101:
 2047 0327 67727070 		.ascii	"grpp\000"
 2047      00
 2048              	.LASF61:
 2049 032c 4A4F4652 		.ascii	"JOFR1\000"
 2049      3100
 2050              	.LASF62:
 2051 0332 4A4F4652 		.ascii	"JOFR2\000"
 2051      3200
 2052              	.LASF63:
 2053 0338 4A4F4652 		.ascii	"JOFR3\000"
 2053      3300
 2054              	.LASF99:
 2055 033e 73616D70 		.ascii	"samples\000"
 2055      6C657300 
 2056              	.LASF49:
 2057 0346 73697A65 		.ascii	"sizetype\000"
 2057      74797065 
 2057      00
 2058              	.LASF73:
 2059 034f 4144435F 		.ascii	"ADC_TypeDef\000"
 2059      54797065 
 2059      44656600 
 2060              	.LASF85:
 2061 035b 4144435F 		.ascii	"ADC_STOP\000"
 2061      53544F50 
 2061      00
 2062              	.LASF131:
 2063 0364 616E616C 		.ascii	"analog_get\000"
 2063      6F675F67 
 2063      657400
 2064              	.LASF30:
 2065 036f 705F6F6C 		.ascii	"p_older\000"
 2065      64657200 
 2066              	.LASF72:
 2067 0377 4A445234 		.ascii	"JDR4\000"
 2067      00
 2068              	.LASF46:
 2069 037c 72656761 		.ascii	"regarm_t\000"
 2069      726D5F74 
 2069      00
 2070              	.LASF59:
 2071 0385 534D5052 		.ascii	"SMPR1\000"
 2071      3100
 2072              	.LASF60:
 2073 038b 534D5052 		.ascii	"SMPR2\000"
 2073      3200
ARM GAS  /tmp/ccjfon2u.s 			page 40


 2074              	.LASF65:
 2075 0391 53515231 		.ascii	"SQR1\000"
 2075      00
 2076              	.LASF66:
 2077 0396 53515232 		.ascii	"SQR2\000"
 2077      00
 2078              	.LASF67:
 2079 039b 53515233 		.ascii	"SQR3\000"
 2079      00
 2080              	.LASF128:
 2081 03a0 2E2E2F41 		.ascii	"../AithonLibrary/analog.c\000"
 2081      6974686F 
 2081      6E4C6962 
 2081      72617279 
 2081      2F616E61 
 2082              	.LASF129:
 2083 03ba 2F686F6D 		.ascii	"/home/brian/aithon/ProjectTemplate\000"
 2083      652F6272 
 2083      69616E2F 
 2083      61697468 
 2083      6F6E2F50 
 2084              	.LASF18:
 2085 03dd 74726566 		.ascii	"trefs_t\000"
 2085      735F7400 
 2086              	.LASF26:
 2087 03e5 705F7072 		.ascii	"p_prev\000"
 2087      657600
 2088              	.LASF83:
 2089 03ec 73746D33 		.ascii	"stm32_dma_stream_t\000"
 2089      325F646D 
 2089      615F7374 
 2089      7265616D 
 2089      5F7400
 2090              	.LASF20:
 2091 03ff 74707269 		.ascii	"tprio_t\000"
 2091      6F5F7400 
 2092              	.LASF102:
 2093 0407 74687265 		.ascii	"thread\000"
 2093      616400
 2094              	.LASF15:
 2095 040e 5F426F6F 		.ascii	"_Bool\000"
 2095      6C00
 2096              	.LASF8:
 2097 0414 696E7433 		.ascii	"int32_t\000"
 2097      325F7400 
 2098              	.LASF4:
 2099 041c 756E7369 		.ascii	"unsigned char\000"
 2099      676E6564 
 2099      20636861 
 2099      7200
 2100              	.LASF41:
 2101 042a 705F6D74 		.ascii	"p_mtxlist\000"
 2101      786C6973 
 2101      7400
 2102              	.LASF130:
 2103 0434 5F616E61 		.ascii	"_analog_init\000"
 2103      6C6F675F 
ARM GAS  /tmp/ccjfon2u.s 			page 41


 2103      696E6974 
 2103      00
 2104              	.LASF32:
 2105 0441 705F7374 		.ascii	"p_state\000"
 2105      61746500 
 2106              	.LASF35:
 2107 0449 705F7072 		.ascii	"p_preempt\000"
 2107      65656D70 
 2107      7400
 2108              	.LASF110:
 2109 0453 6572726F 		.ascii	"error_cb\000"
 2109      725F6362 
 2109      00
 2110              	.LASF57:
 2111 045c 65776D61 		.ascii	"ewmask\000"
 2111      736B00
 2112              	.LASF25:
 2113 0463 705F6E65 		.ascii	"p_next\000"
 2113      787400
 2114              	.LASF33:
 2115 046a 705F666C 		.ascii	"p_flags\000"
 2115      61677300 
 2116              	.LASF64:
 2117 0472 4A4F4652 		.ascii	"JOFR4\000"
 2117      3400
 2118              	.LASF24:
 2119 0478 54687265 		.ascii	"Thread\000"
 2119      616400
 2120              	.LASF119:
 2121 047f 4D41494E 		.ascii	"MAIN_PWR\000"
 2121      5F505752 
 2121      00
 2122              	.LASF40:
 2123 0488 705F6570 		.ascii	"p_epending\000"
 2123      656E6469 
 2123      6E6700
 2124              	.LASF79:
 2125 0493 69666372 		.ascii	"ifcr\000"
 2125      00
 2126              	.LASF117:
 2127 0498 64756D6D 		.ascii	"dummy\000"
 2127      7900
 2128              	.LASF10:
 2129 049e 75696E74 		.ascii	"uint32_t\000"
 2129      33325F74 
 2129      00
 2130              	.LASF121:
 2131 04a7 416E616C 		.ascii	"AnalogPin\000"
 2131      6F675069 
 2131      6E00
 2132              	.LASF118:
 2133 04b1 41444343 		.ascii	"ADCConfig\000"
 2133      6F6E6669 
 2133      6700
 2134              	.LASF19:
 2135 04bb 74736C69 		.ascii	"tslices_t\000"
 2135      6365735F 
ARM GAS  /tmp/ccjfon2u.s 			page 42


 2135      7400
 2136              	.LASF11:
 2137 04c5 6C6F6E67 		.ascii	"long unsigned int\000"
 2137      20756E73 
 2137      69676E65 
 2137      6420696E 
 2137      7400
 2138              	.LASF58:
 2139 04d7 63686172 		.ascii	"char\000"
 2139      00
 2140              	.LASF98:
 2141 04dc 636F6E66 		.ascii	"config\000"
 2141      696700
 2142              	.LASF113:
 2143 04e3 73717231 		.ascii	"sqr1\000"
 2143      00
 2144              	.LASF88:
 2145 04e8 4144435F 		.ascii	"ADC_COMPLETE\000"
 2145      434F4D50 
 2145      4C455445 
 2145      00
 2146              	.LASF53:
 2147 04f5 6D5F6E65 		.ascii	"m_next\000"
 2147      787400
 2148              	.LASF23:
 2149 04fc 73797374 		.ascii	"systime_t\000"
 2149      696D655F 
 2149      7400
 2150              	.LASF42:
 2151 0506 705F7265 		.ascii	"p_realprio\000"
 2151      616C7072 
 2151      696F00
 2152              	.LASF74:
 2153 0511 4E445452 		.ascii	"NDTR\000"
 2153      00
 2154              	.LASF77:
 2155 0516 444D415F 		.ascii	"DMA_Stream_TypeDef\000"
 2155      53747265 
 2155      616D5F54 
 2155      79706544 
 2155      656600
 2156              	.LASF36:
 2157 0529 705F7469 		.ascii	"p_time\000"
 2157      6D6500
 2158              	.LASF120:
 2159 0530 53455256 		.ascii	"SERVO_PWR\000"
 2159      4F5F5057 
 2159      5200
 2160              	.LASF133:
 2161 053a 61646353 		.ascii	"adcStartConversion\000"
 2161      74617274 
 2161      436F6E76 
 2161      65727369 
 2161      6F6E00
 2162              	.LASF47:
 2163 054d 696E7463 		.ascii	"intctx\000"
 2163      747800
ARM GAS  /tmp/ccjfon2u.s 			page 43


 2164              	.LASF38:
 2165 0554 705F6D73 		.ascii	"p_msgqueue\000"
 2165      67717565 
 2165      756500
 2166              	.LASF76:
 2167 055f 4D314152 		.ascii	"M1AR\000"
 2167      00
 2168              	.LASF89:
 2169 0564 4144435F 		.ascii	"ADC_ERROR\000"
 2169      4552524F 
 2169      5200
 2170              	.LASF132:
 2171 056e 61646353 		.ascii	"adcStart\000"
 2171      74617274 
 2171      00
 2172              	.LASF34:
 2173 0577 705F7265 		.ascii	"p_refs\000"
 2173      667300
 2174              	.LASF111:
 2175 057e 736D7072 		.ascii	"smpr1\000"
 2175      3100
 2176              	.LASF112:
 2177 0584 736D7072 		.ascii	"smpr2\000"
 2177      3200
 2178              	.LASF126:
 2179 058a 41444344 		.ascii	"ADCD1\000"
 2179      3100
 2180              	.LASF3:
 2181 0590 75696E74 		.ascii	"uint8_t\000"
 2181      385F7400 
 2182              	.LASF116:
 2183 0598 41444343 		.ascii	"ADCConversionGroup\000"
 2183      6F6E7665 
 2183      7273696F 
 2183      6E47726F 
 2183      757000
 2184              	.LASF69:
 2185 05ab 4A445231 		.ascii	"JDR1\000"
 2185      00
 2186              	.LASF70:
 2187 05b0 4A445232 		.ascii	"JDR2\000"
 2187      00
 2188              	.LASF71:
 2189 05b5 4A445233 		.ascii	"JDR3\000"
 2189      00
 2190              	.LASF104:
 2191 05ba 646D616D 		.ascii	"dmamode\000"
 2191      6F646500 
 2192              	.LASF56:
 2193 05c2 77746F62 		.ascii	"wtobjp\000"
 2193      6A7000
 2194              	.LASF31:
 2195 05c9 705F6E61 		.ascii	"p_name\000"
 2195      6D6500
 2196              	.LASF92:
 2197 05d0 6164635F 		.ascii	"adc_channels_num_t\000"
 2197      6368616E 
ARM GAS  /tmp/ccjfon2u.s 			page 44


 2197      6E656C73 
 2197      5F6E756D 
 2197      5F7400
 2198              	.LASF39:
 2199 05e3 705F6D73 		.ascii	"p_msg\000"
 2199      6700
 2200              	.LASF52:
 2201 05e9 6D5F6F77 		.ascii	"m_owner\000"
 2201      6E657200 
 2202              	.LASF28:
 2203 05f1 705F6374 		.ascii	"p_ctx\000"
 2203      7800
 2204              	.LASF37:
 2205 05f7 705F7761 		.ascii	"p_waiting\000"
 2205      6974696E 
 2205      6700
 2206              		.ident	"GCC: (GNU Tools for ARM Embedded Processors) 4.8.3 20131129 (release) [ARM/embedded-4_8-br
ARM GAS  /tmp/ccjfon2u.s 			page 45


DEFINED SYMBOLS
                            *ABS*:0000000000000000 analog.c
     /tmp/ccjfon2u.s:20     .text._analog_init:0000000000000000 $t
     /tmp/ccjfon2u.s:26     .text._analog_init:0000000000000000 _analog_init
     /tmp/ccjfon2u.s:56     .text._analog_init:000000000000001c $d
     /tmp/ccjfon2u.s:63     .text.analog_get:0000000000000000 $t
     /tmp/ccjfon2u.s:69     .text.analog_get:0000000000000000 analog_get
     /tmp/ccjfon2u.s:108    .text.analog_get:0000000000000028 $d
     /tmp/ccjfon2u.s:114    .bss._samples:0000000000000000 $d
     /tmp/ccjfon2u.s:118    .bss._samples:0000000000000000 _samples
     /tmp/ccjfon2u.s:121    .rodata._config:0000000000000000 $d
     /tmp/ccjfon2u.s:125    .rodata._config:0000000000000000 _config
                     .debug_frame:0000000000000010 $d
     /tmp/ccjfon2u.s:62     .text._analog_init:0000000000000028 $t

UNDEFINED SYMBOLS
adcStart
adcStartConversion
ADCD1
