ARM GAS  /tmp/cc5EGY98.s 			page 1


   1              		.syntax unified
   2              		.cpu cortex-m4
   3              		.eabi_attribute 27, 3
   4              		.fpu fpv4-sp-d16
   5              		.eabi_attribute 20, 1
   6              		.eabi_attribute 21, 1
   7              		.eabi_attribute 23, 3
   8              		.eabi_attribute 24, 1
   9              		.eabi_attribute 25, 1
  10              		.eabi_attribute 26, 1
  11              		.eabi_attribute 30, 2
  12              		.eabi_attribute 34, 1
  13              		.eabi_attribute 18, 4
  14              		.thumb
  15              		.file	"ccsbcs.c"
  16              		.text
  17              	.Ltext0:
  18              		.cfi_sections	.debug_frame
  19              		.section	.text.ff_convert,"ax",%progbits
  20              		.align	2
  21              		.p2align 4,,15
  22              		.global	ff_convert
  23              		.thumb
  24              		.thumb_func
  25              		.type	ff_convert, %function
  26              	ff_convert:
  27              	.LFB7:
  28              		.file 1 "../AithonLibrary/ChibiOS/ext/fatfs/src/option/ccsbcs.c"
  29              		.loc 1 505 0
  30              		.cfi_startproc
  31              		@ args = 0, pretend = 0, frame = 0
  32              		@ frame_needed = 0, uses_anonymous_args = 0
  33              		@ link register save eliminated.
  34              	.LVL0:
  35              		.loc 1 509 0
  36 0000 7F28     		cmp	r0, #127
  37              		.loc 1 505 0
  38 0002 10B4     		push	{r4}
  39              		.cfi_def_cfa_offset 4
  40              		.cfi_offset 4, -4
  41              		.loc 1 509 0
  42 0004 0ED9     		bls	.L2
  43              		.loc 1 513 0
  44 0006 81B9     		cbnz	r1, .L11
  45 0008 0E4B     		ldr	r3, .L12
  46 000a 01E0     		b	.L6
  47              	.LVL1:
  48              	.L4:
  49              		.loc 1 517 0
  50 000c 8029     		cmp	r1, #128
  51 000e 15D0     		beq	.L7
  52              	.LVL2:
  53              	.L6:
  54              		.loc 1 518 0
  55 0010 33F8022F 		ldrh	r2, [r3, #2]!
  56 0014 8242     		cmp	r2, r0
  57 0016 8CB2     		uxth	r4, r1
ARM GAS  /tmp/cc5EGY98.s 			page 2


  58              	.LVL3:
  59 0018 01F10101 		add	r1, r1, #1
  60 001c F6D1     		bne	.L4
  61 001e 04F18000 		add	r0, r4, #128
  62              	.LVL4:
  63 0022 80B2     		uxth	r0, r0
  64              	.LVL5:
  65              	.L2:
  66              		.loc 1 525 0
  67 0024 5DF8044B 		ldr	r4, [sp], #4
  68 0028 7047     		bx	lr
  69              	.LVL6:
  70              	.L11:
  71              		.loc 1 514 0
  72 002a FF28     		cmp	r0, #255
  73 002c 06D8     		bhi	.L7
  74              		.loc 1 514 0 is_stmt 0 discriminator 1
  75 002e 8038     		subs	r0, r0, #128
  76              	.LVL7:
  77 0030 054B     		ldr	r3, .L12+4
  78              		.loc 1 525 0 is_stmt 1 discriminator 1
  79 0032 5DF8044B 		ldr	r4, [sp], #4
  80              		.loc 1 514 0 discriminator 1
  81 0036 33F81000 		ldrh	r0, [r3, r0, lsl #1]
  82              	.LVL8:
  83              		.loc 1 525 0 discriminator 1
  84 003a 7047     		bx	lr
  85              	.LVL9:
  86              	.L7:
  87              		.loc 1 514 0
  88 003c 0020     		movs	r0, #0
  89              	.LVL10:
  90              		.loc 1 525 0
  91 003e 5DF8044B 		ldr	r4, [sp], #4
  92 0042 7047     		bx	lr
  93              	.L13:
  94              		.align	2
  95              	.L12:
  96 0044 FEFFFFFF 		.word	.LANCHOR0-2
  97 0048 00000000 		.word	.LANCHOR0
  98              		.cfi_endproc
  99              	.LFE7:
 100              		.size	ff_convert, .-ff_convert
 101 004c AFF30080 		.section	.text.ff_wtoupper,"ax",%progbits
 102              		.align	2
 103              		.p2align 4,,15
 104              		.global	ff_wtoupper
 105              		.thumb
 106              		.thumb_func
 107              		.type	ff_wtoupper, %function
 108              	ff_wtoupper:
 109              	.LFB8:
 110              		.loc 1 531 0
 111              		.cfi_startproc
 112              		@ args = 0, pretend = 0, frame = 0
 113              		@ frame_needed = 0, uses_anonymous_args = 0
 114              		@ link register save eliminated.
ARM GAS  /tmp/cc5EGY98.s 			page 3


 115              	.LVL11:
 116              		.loc 1 537 0
 117 0000 6128     		cmp	r0, #97
 118 0002 0AD0     		beq	.L18
 119 0004 0749     		ldr	r1, .L22
 120 0006 0022     		movs	r2, #0
 121 0008 01E0     		b	.L17
 122              	.LVL12:
 123              	.L21:
 124              		.loc 1 537 0 is_stmt 0 discriminator 2
 125 000a 8342     		cmp	r3, r0
 126 000c 06D0     		beq	.L15
 127              	.LVL13:
 128              	.L17:
 129              		.loc 1 537 0 discriminator 1
 130 000e 31F8023F 		ldrh	r3, [r1, #2]!
 131 0012 0132     		adds	r2, r2, #1
 132              	.LVL14:
 133 0014 002B     		cmp	r3, #0
 134 0016 F8D1     		bne	.L21
 135              		.loc 1 540 0 is_stmt 1
 136 0018 7047     		bx	lr
 137              	.LVL15:
 138              	.L18:
 139              		.loc 1 537 0
 140 001a 0022     		movs	r2, #0
 141              	.LVL16:
 142              	.L15:
 143              		.loc 1 539 0
 144 001c 024B     		ldr	r3, .L22+4
 145 001e 33F81200 		ldrh	r0, [r3, r2, lsl #1]
 146              	.LVL17:
 147              		.loc 1 540 0
 148 0022 7047     		bx	lr
 149              	.L23:
 150              		.align	2
 151              	.L22:
 152 0024 00000000 		.word	.LANCHOR1
 153 0028 00000000 		.word	.LANCHOR2
 154              		.cfi_endproc
 155              	.LFE8:
 156              		.size	ff_wtoupper, .-ff_wtoupper
 157 002c AFF30080 		.section	.rodata.tbl_upper.5014,"a",%progbits
 158              		.align	2
 159              		.set	.LANCHOR2,. + 0
 160              		.type	tbl_upper.5014, %object
 161              		.size	tbl_upper.5014, 480
 162              	tbl_upper.5014:
 163 0000 4100     		.short	65
 164 0002 4200     		.short	66
 165 0004 4300     		.short	67
 166 0006 4400     		.short	68
 167 0008 4500     		.short	69
 168 000a 4600     		.short	70
 169 000c 4700     		.short	71
 170 000e 4800     		.short	72
 171 0010 4900     		.short	73
ARM GAS  /tmp/cc5EGY98.s 			page 4


 172 0012 4A00     		.short	74
 173 0014 4B00     		.short	75
 174 0016 4C00     		.short	76
 175 0018 4D00     		.short	77
 176 001a 4E00     		.short	78
 177 001c 4F00     		.short	79
 178 001e 5000     		.short	80
 179 0020 5100     		.short	81
 180 0022 5200     		.short	82
 181 0024 5300     		.short	83
 182 0026 5400     		.short	84
 183 0028 5500     		.short	85
 184 002a 5600     		.short	86
 185 002c 5700     		.short	87
 186 002e 5800     		.short	88
 187 0030 5900     		.short	89
 188 0032 5A00     		.short	90
 189 0034 2100     		.short	33
 190 0036 E0FF     		.short	-32
 191 0038 E1FF     		.short	-31
 192 003a E5FF     		.short	-27
 193 003c E2FF     		.short	-30
 194 003e E3FF     		.short	-29
 195 0040 C000     		.short	192
 196 0042 C100     		.short	193
 197 0044 C200     		.short	194
 198 0046 C300     		.short	195
 199 0048 C400     		.short	196
 200 004a C500     		.short	197
 201 004c C600     		.short	198
 202 004e C700     		.short	199
 203 0050 C800     		.short	200
 204 0052 C900     		.short	201
 205 0054 CA00     		.short	202
 206 0056 CB00     		.short	203
 207 0058 CC00     		.short	204
 208 005a CD00     		.short	205
 209 005c CE00     		.short	206
 210 005e CF00     		.short	207
 211 0060 D000     		.short	208
 212 0062 D100     		.short	209
 213 0064 D200     		.short	210
 214 0066 D300     		.short	211
 215 0068 D400     		.short	212
 216 006a D500     		.short	213
 217 006c D600     		.short	214
 218 006e D800     		.short	216
 219 0070 D900     		.short	217
 220 0072 DA00     		.short	218
 221 0074 DB00     		.short	219
 222 0076 DC00     		.short	220
 223 0078 DD00     		.short	221
 224 007a DE00     		.short	222
 225 007c 7801     		.short	376
 226 007e 0001     		.short	256
 227 0080 0201     		.short	258
 228 0082 0401     		.short	260
ARM GAS  /tmp/cc5EGY98.s 			page 5


 229 0084 0601     		.short	262
 230 0086 0801     		.short	264
 231 0088 0A01     		.short	266
 232 008a 0C01     		.short	268
 233 008c 0E01     		.short	270
 234 008e 1001     		.short	272
 235 0090 1201     		.short	274
 236 0092 1401     		.short	276
 237 0094 1601     		.short	278
 238 0096 1801     		.short	280
 239 0098 1A01     		.short	282
 240 009a 1C01     		.short	284
 241 009c 1E01     		.short	286
 242 009e 2001     		.short	288
 243 00a0 2201     		.short	290
 244 00a2 2401     		.short	292
 245 00a4 2601     		.short	294
 246 00a6 2801     		.short	296
 247 00a8 2A01     		.short	298
 248 00aa 2C01     		.short	300
 249 00ac 2E01     		.short	302
 250 00ae 3001     		.short	304
 251 00b0 3201     		.short	306
 252 00b2 3401     		.short	308
 253 00b4 3601     		.short	310
 254 00b6 3901     		.short	313
 255 00b8 3B01     		.short	315
 256 00ba 3D01     		.short	317
 257 00bc 3F01     		.short	319
 258 00be 4101     		.short	321
 259 00c0 4301     		.short	323
 260 00c2 4501     		.short	325
 261 00c4 4701     		.short	327
 262 00c6 4A01     		.short	330
 263 00c8 4C01     		.short	332
 264 00ca 4E01     		.short	334
 265 00cc 5001     		.short	336
 266 00ce 5201     		.short	338
 267 00d0 5401     		.short	340
 268 00d2 5601     		.short	342
 269 00d4 5801     		.short	344
 270 00d6 5A01     		.short	346
 271 00d8 5C01     		.short	348
 272 00da 5E01     		.short	350
 273 00dc 6001     		.short	352
 274 00de 6201     		.short	354
 275 00e0 6401     		.short	356
 276 00e2 6601     		.short	358
 277 00e4 6801     		.short	360
 278 00e6 6A01     		.short	362
 279 00e8 6C01     		.short	364
 280 00ea 6E01     		.short	366
 281 00ec 7001     		.short	368
 282 00ee 7201     		.short	370
 283 00f0 7401     		.short	372
 284 00f2 7601     		.short	374
 285 00f4 7901     		.short	377
ARM GAS  /tmp/cc5EGY98.s 			page 6


 286 00f6 7B01     		.short	379
 287 00f8 7D01     		.short	381
 288 00fa 9101     		.short	401
 289 00fc 9103     		.short	913
 290 00fe 9203     		.short	914
 291 0100 9303     		.short	915
 292 0102 9403     		.short	916
 293 0104 9503     		.short	917
 294 0106 9603     		.short	918
 295 0108 9703     		.short	919
 296 010a 9803     		.short	920
 297 010c 9903     		.short	921
 298 010e 9A03     		.short	922
 299 0110 9B03     		.short	923
 300 0112 9C03     		.short	924
 301 0114 9D03     		.short	925
 302 0116 9E03     		.short	926
 303 0118 9F03     		.short	927
 304 011a A003     		.short	928
 305 011c A103     		.short	929
 306 011e A303     		.short	931
 307 0120 A403     		.short	932
 308 0122 A503     		.short	933
 309 0124 A603     		.short	934
 310 0126 A703     		.short	935
 311 0128 A803     		.short	936
 312 012a A903     		.short	937
 313 012c AA03     		.short	938
 314 012e 1004     		.short	1040
 315 0130 1104     		.short	1041
 316 0132 1204     		.short	1042
 317 0134 1304     		.short	1043
 318 0136 1404     		.short	1044
 319 0138 1504     		.short	1045
 320 013a 1604     		.short	1046
 321 013c 1704     		.short	1047
 322 013e 1804     		.short	1048
 323 0140 1904     		.short	1049
 324 0142 1A04     		.short	1050
 325 0144 1B04     		.short	1051
 326 0146 1C04     		.short	1052
 327 0148 1D04     		.short	1053
 328 014a 1E04     		.short	1054
 329 014c 1F04     		.short	1055
 330 014e 2004     		.short	1056
 331 0150 2104     		.short	1057
 332 0152 2204     		.short	1058
 333 0154 2304     		.short	1059
 334 0156 2404     		.short	1060
 335 0158 2504     		.short	1061
 336 015a 2604     		.short	1062
 337 015c 2704     		.short	1063
 338 015e 2804     		.short	1064
 339 0160 2904     		.short	1065
 340 0162 2A04     		.short	1066
 341 0164 2B04     		.short	1067
 342 0166 2C04     		.short	1068
ARM GAS  /tmp/cc5EGY98.s 			page 7


 343 0168 2D04     		.short	1069
 344 016a 2E04     		.short	1070
 345 016c 2F04     		.short	1071
 346 016e 0104     		.short	1025
 347 0170 0204     		.short	1026
 348 0172 0304     		.short	1027
 349 0174 0404     		.short	1028
 350 0176 0504     		.short	1029
 351 0178 0604     		.short	1030
 352 017a 0704     		.short	1031
 353 017c 0804     		.short	1032
 354 017e 0904     		.short	1033
 355 0180 0A04     		.short	1034
 356 0182 0B04     		.short	1035
 357 0184 0C04     		.short	1036
 358 0186 0E04     		.short	1038
 359 0188 0F04     		.short	1039
 360 018a 6021     		.short	8544
 361 018c 6121     		.short	8545
 362 018e 6221     		.short	8546
 363 0190 6321     		.short	8547
 364 0192 6421     		.short	8548
 365 0194 6521     		.short	8549
 366 0196 6621     		.short	8550
 367 0198 6721     		.short	8551
 368 019a 6821     		.short	8552
 369 019c 6921     		.short	8553
 370 019e 6A21     		.short	8554
 371 01a0 6B21     		.short	8555
 372 01a2 6C21     		.short	8556
 373 01a4 6D21     		.short	8557
 374 01a6 6E21     		.short	8558
 375 01a8 6F21     		.short	8559
 376 01aa 21FF     		.short	-223
 377 01ac 22FF     		.short	-222
 378 01ae 23FF     		.short	-221
 379 01b0 24FF     		.short	-220
 380 01b2 25FF     		.short	-219
 381 01b4 26FF     		.short	-218
 382 01b6 27FF     		.short	-217
 383 01b8 28FF     		.short	-216
 384 01ba 29FF     		.short	-215
 385 01bc 2AFF     		.short	-214
 386 01be 2BFF     		.short	-213
 387 01c0 2CFF     		.short	-212
 388 01c2 2DFF     		.short	-211
 389 01c4 2EFF     		.short	-210
 390 01c6 2FFF     		.short	-209
 391 01c8 30FF     		.short	-208
 392 01ca 31FF     		.short	-207
 393 01cc 32FF     		.short	-206
 394 01ce 33FF     		.short	-205
 395 01d0 34FF     		.short	-204
 396 01d2 35FF     		.short	-203
 397 01d4 36FF     		.short	-202
 398 01d6 37FF     		.short	-201
 399 01d8 38FF     		.short	-200
ARM GAS  /tmp/cc5EGY98.s 			page 8


 400 01da 39FF     		.short	-199
 401 01dc 3AFF     		.short	-198
 402 01de 0000     		.short	0
 403              		.section	.rodata.Tbl,"a",%progbits
 404              		.align	2
 405              		.set	.LANCHOR0,. + 0
 406              		.type	Tbl, %object
 407              		.size	Tbl, 256
 408              	Tbl:
 409 0000 AC20     		.short	8364
 410 0002 0000     		.short	0
 411 0004 1A20     		.short	8218
 412 0006 9201     		.short	402
 413 0008 1E20     		.short	8222
 414 000a 2620     		.short	8230
 415 000c 2020     		.short	8224
 416 000e 2120     		.short	8225
 417 0010 C602     		.short	710
 418 0012 3020     		.short	8240
 419 0014 6001     		.short	352
 420 0016 3920     		.short	8249
 421 0018 5201     		.short	338
 422 001a 0000     		.short	0
 423 001c 7D01     		.short	381
 424 001e 0000     		.short	0
 425 0020 0000     		.short	0
 426 0022 1820     		.short	8216
 427 0024 1920     		.short	8217
 428 0026 1C20     		.short	8220
 429 0028 1D20     		.short	8221
 430 002a 2220     		.short	8226
 431 002c 1320     		.short	8211
 432 002e 1420     		.short	8212
 433 0030 DC02     		.short	732
 434 0032 2221     		.short	8482
 435 0034 6101     		.short	353
 436 0036 3A20     		.short	8250
 437 0038 5301     		.short	339
 438 003a 0000     		.short	0
 439 003c 7E01     		.short	382
 440 003e 7801     		.short	376
 441 0040 A000     		.short	160
 442 0042 A100     		.short	161
 443 0044 A200     		.short	162
 444 0046 A300     		.short	163
 445 0048 A400     		.short	164
 446 004a A500     		.short	165
 447 004c A600     		.short	166
 448 004e A700     		.short	167
 449 0050 A800     		.short	168
 450 0052 A900     		.short	169
 451 0054 AA00     		.short	170
 452 0056 AB00     		.short	171
 453 0058 AC00     		.short	172
 454 005a AD00     		.short	173
 455 005c AE00     		.short	174
 456 005e AF00     		.short	175
ARM GAS  /tmp/cc5EGY98.s 			page 9


 457 0060 B000     		.short	176
 458 0062 B100     		.short	177
 459 0064 B200     		.short	178
 460 0066 B300     		.short	179
 461 0068 B400     		.short	180
 462 006a B500     		.short	181
 463 006c B600     		.short	182
 464 006e B700     		.short	183
 465 0070 B800     		.short	184
 466 0072 B900     		.short	185
 467 0074 BA00     		.short	186
 468 0076 BB00     		.short	187
 469 0078 BC00     		.short	188
 470 007a BD00     		.short	189
 471 007c BE00     		.short	190
 472 007e BF00     		.short	191
 473 0080 C000     		.short	192
 474 0082 C100     		.short	193
 475 0084 C200     		.short	194
 476 0086 C300     		.short	195
 477 0088 C400     		.short	196
 478 008a C500     		.short	197
 479 008c C600     		.short	198
 480 008e C700     		.short	199
 481 0090 C800     		.short	200
 482 0092 C900     		.short	201
 483 0094 CA00     		.short	202
 484 0096 CB00     		.short	203
 485 0098 CC00     		.short	204
 486 009a CD00     		.short	205
 487 009c CE00     		.short	206
 488 009e CF00     		.short	207
 489 00a0 D000     		.short	208
 490 00a2 D100     		.short	209
 491 00a4 D200     		.short	210
 492 00a6 D300     		.short	211
 493 00a8 D400     		.short	212
 494 00aa D500     		.short	213
 495 00ac D600     		.short	214
 496 00ae D700     		.short	215
 497 00b0 D800     		.short	216
 498 00b2 D900     		.short	217
 499 00b4 DA00     		.short	218
 500 00b6 DB00     		.short	219
 501 00b8 DC00     		.short	220
 502 00ba DD00     		.short	221
 503 00bc DE00     		.short	222
 504 00be DF00     		.short	223
 505 00c0 E000     		.short	224
 506 00c2 E100     		.short	225
 507 00c4 E200     		.short	226
 508 00c6 E300     		.short	227
 509 00c8 E400     		.short	228
 510 00ca E500     		.short	229
 511 00cc E600     		.short	230
 512 00ce E700     		.short	231
 513 00d0 E800     		.short	232
ARM GAS  /tmp/cc5EGY98.s 			page 10


 514 00d2 E900     		.short	233
 515 00d4 EA00     		.short	234
 516 00d6 EB00     		.short	235
 517 00d8 EC00     		.short	236
 518 00da ED00     		.short	237
 519 00dc EE00     		.short	238
 520 00de EF00     		.short	239
 521 00e0 F000     		.short	240
 522 00e2 F100     		.short	241
 523 00e4 F200     		.short	242
 524 00e6 F300     		.short	243
 525 00e8 F400     		.short	244
 526 00ea F500     		.short	245
 527 00ec F600     		.short	246
 528 00ee F700     		.short	247
 529 00f0 F800     		.short	248
 530 00f2 F900     		.short	249
 531 00f4 FA00     		.short	250
 532 00f6 FB00     		.short	251
 533 00f8 FC00     		.short	252
 534 00fa FD00     		.short	253
 535 00fc FE00     		.short	254
 536 00fe FF00     		.short	255
 537              		.section	.rodata.tbl_lower.5013,"a",%progbits
 538              		.align	2
 539              		.set	.LANCHOR1,. + 0
 540              		.type	tbl_lower.5013, %object
 541              		.size	tbl_lower.5013, 480
 542              	tbl_lower.5013:
 543 0000 6100     		.short	97
 544 0002 6200     		.short	98
 545 0004 6300     		.short	99
 546 0006 6400     		.short	100
 547 0008 6500     		.short	101
 548 000a 6600     		.short	102
 549 000c 6700     		.short	103
 550 000e 6800     		.short	104
 551 0010 6900     		.short	105
 552 0012 6A00     		.short	106
 553 0014 6B00     		.short	107
 554 0016 6C00     		.short	108
 555 0018 6D00     		.short	109
 556 001a 6E00     		.short	110
 557 001c 6F00     		.short	111
 558 001e 7000     		.short	112
 559 0020 7100     		.short	113
 560 0022 7200     		.short	114
 561 0024 7300     		.short	115
 562 0026 7400     		.short	116
 563 0028 7500     		.short	117
 564 002a 7600     		.short	118
 565 002c 7700     		.short	119
 566 002e 7800     		.short	120
 567 0030 7900     		.short	121
 568 0032 7A00     		.short	122
 569 0034 A100     		.short	161
 570 0036 A200     		.short	162
ARM GAS  /tmp/cc5EGY98.s 			page 11


 571 0038 A300     		.short	163
 572 003a A500     		.short	165
 573 003c AC00     		.short	172
 574 003e AF00     		.short	175
 575 0040 E000     		.short	224
 576 0042 E100     		.short	225
 577 0044 E200     		.short	226
 578 0046 E300     		.short	227
 579 0048 E400     		.short	228
 580 004a E500     		.short	229
 581 004c E600     		.short	230
 582 004e E700     		.short	231
 583 0050 E800     		.short	232
 584 0052 E900     		.short	233
 585 0054 EA00     		.short	234
 586 0056 EB00     		.short	235
 587 0058 EC00     		.short	236
 588 005a ED00     		.short	237
 589 005c EE00     		.short	238
 590 005e EF00     		.short	239
 591 0060 F000     		.short	240
 592 0062 F100     		.short	241
 593 0064 F200     		.short	242
 594 0066 F300     		.short	243
 595 0068 F400     		.short	244
 596 006a F500     		.short	245
 597 006c F600     		.short	246
 598 006e F800     		.short	248
 599 0070 F900     		.short	249
 600 0072 FA00     		.short	250
 601 0074 FB00     		.short	251
 602 0076 FC00     		.short	252
 603 0078 FD00     		.short	253
 604 007a FE00     		.short	254
 605 007c FF00     		.short	255
 606 007e 0101     		.short	257
 607 0080 0301     		.short	259
 608 0082 0501     		.short	261
 609 0084 0701     		.short	263
 610 0086 0901     		.short	265
 611 0088 0B01     		.short	267
 612 008a 0D01     		.short	269
 613 008c 0F01     		.short	271
 614 008e 1101     		.short	273
 615 0090 1301     		.short	275
 616 0092 1501     		.short	277
 617 0094 1701     		.short	279
 618 0096 1901     		.short	281
 619 0098 1B01     		.short	283
 620 009a 1D01     		.short	285
 621 009c 1F01     		.short	287
 622 009e 2101     		.short	289
 623 00a0 2301     		.short	291
 624 00a2 2501     		.short	293
 625 00a4 2701     		.short	295
 626 00a6 2901     		.short	297
 627 00a8 2B01     		.short	299
ARM GAS  /tmp/cc5EGY98.s 			page 12


 628 00aa 2D01     		.short	301
 629 00ac 2F01     		.short	303
 630 00ae 3101     		.short	305
 631 00b0 3301     		.short	307
 632 00b2 3501     		.short	309
 633 00b4 3701     		.short	311
 634 00b6 3A01     		.short	314
 635 00b8 3C01     		.short	316
 636 00ba 3E01     		.short	318
 637 00bc 4001     		.short	320
 638 00be 4201     		.short	322
 639 00c0 4401     		.short	324
 640 00c2 4601     		.short	326
 641 00c4 4801     		.short	328
 642 00c6 4B01     		.short	331
 643 00c8 4D01     		.short	333
 644 00ca 4F01     		.short	335
 645 00cc 5101     		.short	337
 646 00ce 5301     		.short	339
 647 00d0 5501     		.short	341
 648 00d2 5701     		.short	343
 649 00d4 5901     		.short	345
 650 00d6 5B01     		.short	347
 651 00d8 5D01     		.short	349
 652 00da 5F01     		.short	351
 653 00dc 6101     		.short	353
 654 00de 6301     		.short	355
 655 00e0 6501     		.short	357
 656 00e2 6701     		.short	359
 657 00e4 6901     		.short	361
 658 00e6 6B01     		.short	363
 659 00e8 6D01     		.short	365
 660 00ea 6F01     		.short	367
 661 00ec 7101     		.short	369
 662 00ee 7301     		.short	371
 663 00f0 7501     		.short	373
 664 00f2 7701     		.short	375
 665 00f4 7A01     		.short	378
 666 00f6 7C01     		.short	380
 667 00f8 7E01     		.short	382
 668 00fa 9201     		.short	402
 669 00fc B103     		.short	945
 670 00fe B203     		.short	946
 671 0100 B303     		.short	947
 672 0102 B403     		.short	948
 673 0104 B503     		.short	949
 674 0106 B603     		.short	950
 675 0108 B703     		.short	951
 676 010a B803     		.short	952
 677 010c B903     		.short	953
 678 010e BA03     		.short	954
 679 0110 BB03     		.short	955
 680 0112 BC03     		.short	956
 681 0114 BD03     		.short	957
 682 0116 BE03     		.short	958
 683 0118 BF03     		.short	959
 684 011a C003     		.short	960
ARM GAS  /tmp/cc5EGY98.s 			page 13


 685 011c C103     		.short	961
 686 011e C303     		.short	963
 687 0120 C403     		.short	964
 688 0122 C503     		.short	965
 689 0124 C603     		.short	966
 690 0126 C703     		.short	967
 691 0128 C803     		.short	968
 692 012a C903     		.short	969
 693 012c CA03     		.short	970
 694 012e 3004     		.short	1072
 695 0130 3104     		.short	1073
 696 0132 3204     		.short	1074
 697 0134 3304     		.short	1075
 698 0136 3404     		.short	1076
 699 0138 3504     		.short	1077
 700 013a 3604     		.short	1078
 701 013c 3704     		.short	1079
 702 013e 3804     		.short	1080
 703 0140 3904     		.short	1081
 704 0142 3A04     		.short	1082
 705 0144 3B04     		.short	1083
 706 0146 3C04     		.short	1084
 707 0148 3D04     		.short	1085
 708 014a 3E04     		.short	1086
 709 014c 3F04     		.short	1087
 710 014e 4004     		.short	1088
 711 0150 4104     		.short	1089
 712 0152 4204     		.short	1090
 713 0154 4304     		.short	1091
 714 0156 4404     		.short	1092
 715 0158 4504     		.short	1093
 716 015a 4604     		.short	1094
 717 015c 4704     		.short	1095
 718 015e 4804     		.short	1096
 719 0160 4904     		.short	1097
 720 0162 4A04     		.short	1098
 721 0164 4B04     		.short	1099
 722 0166 4C04     		.short	1100
 723 0168 4D04     		.short	1101
 724 016a 4E04     		.short	1102
 725 016c 4F04     		.short	1103
 726 016e 5104     		.short	1105
 727 0170 5204     		.short	1106
 728 0172 5304     		.short	1107
 729 0174 5404     		.short	1108
 730 0176 5504     		.short	1109
 731 0178 5604     		.short	1110
 732 017a 5704     		.short	1111
 733 017c 5804     		.short	1112
 734 017e 5904     		.short	1113
 735 0180 5A04     		.short	1114
 736 0182 5B04     		.short	1115
 737 0184 5C04     		.short	1116
 738 0186 5E04     		.short	1118
 739 0188 5F04     		.short	1119
 740 018a 7021     		.short	8560
 741 018c 7121     		.short	8561
ARM GAS  /tmp/cc5EGY98.s 			page 14


 742 018e 7221     		.short	8562
 743 0190 7321     		.short	8563
 744 0192 7421     		.short	8564
 745 0194 7521     		.short	8565
 746 0196 7621     		.short	8566
 747 0198 7721     		.short	8567
 748 019a 7821     		.short	8568
 749 019c 7921     		.short	8569
 750 019e 7A21     		.short	8570
 751 01a0 7B21     		.short	8571
 752 01a2 7C21     		.short	8572
 753 01a4 7D21     		.short	8573
 754 01a6 7E21     		.short	8574
 755 01a8 7F21     		.short	8575
 756 01aa 41FF     		.short	-191
 757 01ac 42FF     		.short	-190
 758 01ae 43FF     		.short	-189
 759 01b0 44FF     		.short	-188
 760 01b2 45FF     		.short	-187
 761 01b4 46FF     		.short	-186
 762 01b6 47FF     		.short	-185
 763 01b8 48FF     		.short	-184
 764 01ba 49FF     		.short	-183
 765 01bc 4AFF     		.short	-182
 766 01be 4BFF     		.short	-181
 767 01c0 4CFF     		.short	-180
 768 01c2 4DFF     		.short	-179
 769 01c4 4EFF     		.short	-178
 770 01c6 4FFF     		.short	-177
 771 01c8 50FF     		.short	-176
 772 01ca 51FF     		.short	-175
 773 01cc 52FF     		.short	-174
 774 01ce 53FF     		.short	-173
 775 01d0 54FF     		.short	-172
 776 01d2 55FF     		.short	-171
 777 01d4 56FF     		.short	-170
 778 01d6 57FF     		.short	-169
 779 01d8 58FF     		.short	-168
 780 01da 59FF     		.short	-167
 781 01dc 5AFF     		.short	-166
 782 01de 0000     		.short	0
 783              		.text
 784              	.Letext0:
 785              		.file 2 "../AithonLibrary/ChibiOS/ext/fatfs/src/option/../integer.h"
 786              		.section	.debug_info,"",%progbits
 787              	.Ldebug_info0:
 788 0000 7A010000 		.4byte	0x17a
 789 0004 0400     		.2byte	0x4
 790 0006 00000000 		.4byte	.Ldebug_abbrev0
 791 000a 04       		.byte	0x4
 792 000b 01       		.uleb128 0x1
 793 000c 1E010000 		.4byte	.LASF18
 794 0010 01       		.byte	0x1
 795 0011 2E000000 		.4byte	.LASF19
 796 0015 C4000000 		.4byte	.LASF20
 797 0019 00000000 		.4byte	.Ldebug_ranges0+0
 798 001d 00000000 		.4byte	0
ARM GAS  /tmp/cc5EGY98.s 			page 15


 799 0021 00000000 		.4byte	.Ldebug_line0
 800 0025 02       		.uleb128 0x2
 801 0026 04       		.byte	0x4
 802 0027 05       		.byte	0x5
 803 0028 696E7400 		.ascii	"int\000"
 804 002c 03       		.uleb128 0x3
 805 002d B6000000 		.4byte	.LASF5
 806 0031 02       		.byte	0x2
 807 0032 11       		.byte	0x11
 808 0033 37000000 		.4byte	0x37
 809 0037 04       		.uleb128 0x4
 810 0038 04       		.byte	0x4
 811 0039 07       		.byte	0x7
 812 003a 21000000 		.4byte	.LASF0
 813 003e 04       		.uleb128 0x4
 814 003f 01       		.byte	0x1
 815 0040 08       		.byte	0x8
 816 0041 B1000000 		.4byte	.LASF1
 817 0045 04       		.uleb128 0x4
 818 0046 01       		.byte	0x1
 819 0047 08       		.byte	0x8
 820 0048 A3000000 		.4byte	.LASF2
 821 004c 04       		.uleb128 0x4
 822 004d 02       		.byte	0x2
 823 004e 05       		.byte	0x5
 824 004f 14010000 		.4byte	.LASF3
 825 0053 04       		.uleb128 0x4
 826 0054 02       		.byte	0x2
 827 0055 07       		.byte	0x7
 828 0056 0E000000 		.4byte	.LASF4
 829 005a 03       		.uleb128 0x3
 830 005b 65000000 		.4byte	.LASF6
 831 005f 02       		.byte	0x2
 832 0060 1C       		.byte	0x1c
 833 0061 53000000 		.4byte	0x53
 834 0065 04       		.uleb128 0x4
 835 0066 04       		.byte	0x4
 836 0067 05       		.byte	0x5
 837 0068 BB000000 		.4byte	.LASF7
 838 006c 04       		.uleb128 0x4
 839 006d 04       		.byte	0x4
 840 006e 07       		.byte	0x7
 841 006f E7000000 		.4byte	.LASF8
 842 0073 04       		.uleb128 0x4
 843 0074 01       		.byte	0x1
 844 0075 06       		.byte	0x6
 845 0076 FF000000 		.4byte	.LASF9
 846 007a 04       		.uleb128 0x4
 847 007b 08       		.byte	0x8
 848 007c 05       		.byte	0x5
 849 007d 00000000 		.4byte	.LASF10
 850 0081 04       		.uleb128 0x4
 851 0082 08       		.byte	0x8
 852 0083 07       		.byte	0x7
 853 0084 77000000 		.4byte	.LASF11
 854 0088 04       		.uleb128 0x4
 855 0089 01       		.byte	0x1
ARM GAS  /tmp/cc5EGY98.s 			page 16


 856 008a 02       		.byte	0x2
 857 008b F9000000 		.4byte	.LASF12
 858 008f 04       		.uleb128 0x4
 859 0090 04       		.byte	0x4
 860 0091 07       		.byte	0x7
 861 0092 0B010000 		.4byte	.LASF13
 862 0096 05       		.uleb128 0x5
 863 0097 98000000 		.4byte	.LASF14
 864 009b 01       		.byte	0x1
 865 009c F501     		.2byte	0x1f5
 866 009e 5A000000 		.4byte	0x5a
 867 00a2 00000000 		.4byte	.LFB7
 868 00a6 4C000000 		.4byte	.LFE7-.LFB7
 869 00aa 01       		.uleb128 0x1
 870 00ab 9C       		.byte	0x9c
 871 00ac DF000000 		.4byte	0xdf
 872 00b0 06       		.uleb128 0x6
 873 00b1 73726300 		.ascii	"src\000"
 874 00b5 01       		.byte	0x1
 875 00b6 F601     		.2byte	0x1f6
 876 00b8 5A000000 		.4byte	0x5a
 877 00bc 00000000 		.4byte	.LLST0
 878 00c0 06       		.uleb128 0x6
 879 00c1 64697200 		.ascii	"dir\000"
 880 00c5 01       		.byte	0x1
 881 00c6 F701     		.2byte	0x1f7
 882 00c8 2C000000 		.4byte	0x2c
 883 00cc 53000000 		.4byte	.LLST1
 884 00d0 07       		.uleb128 0x7
 885 00d1 6300     		.ascii	"c\000"
 886 00d3 01       		.byte	0x1
 887 00d4 FA01     		.2byte	0x1fa
 888 00d6 5A000000 		.4byte	0x5a
 889 00da 8D000000 		.4byte	.LLST2
 890 00de 00       		.byte	0
 891 00df 05       		.uleb128 0x5
 892 00e0 6B000000 		.4byte	.LASF15
 893 00e4 01       		.byte	0x1
 894 00e5 1002     		.2byte	0x210
 895 00e7 5A000000 		.4byte	0x5a
 896 00eb 00000000 		.4byte	.LFB8
 897 00ef 2C000000 		.4byte	.LFE8-.LFB8
 898 00f3 01       		.uleb128 0x1
 899 00f4 9C       		.byte	0x9c
 900 00f5 3C010000 		.4byte	0x13c
 901 00f9 06       		.uleb128 0x6
 902 00fa 63687200 		.ascii	"chr\000"
 903 00fe 01       		.byte	0x1
 904 00ff 1102     		.2byte	0x211
 905 0101 5A000000 		.4byte	0x5a
 906 0105 D9000000 		.4byte	.LLST3
 907 0109 08       		.uleb128 0x8
 908 010a 8E000000 		.4byte	.LASF16
 909 010e 01       		.byte	0x1
 910 010f 1402     		.2byte	0x214
 911 0111 4C010000 		.4byte	0x14c
 912 0115 05       		.uleb128 0x5
ARM GAS  /tmp/cc5EGY98.s 			page 17


 913 0116 03       		.byte	0x3
 914 0117 00000000 		.4byte	tbl_lower.5013
 915 011b 08       		.uleb128 0x8
 916 011c 39020000 		.4byte	.LASF17
 917 0120 01       		.byte	0x1
 918 0121 1502     		.2byte	0x215
 919 0123 51010000 		.4byte	0x151
 920 0127 05       		.uleb128 0x5
 921 0128 03       		.byte	0x3
 922 0129 00000000 		.4byte	tbl_upper.5014
 923 012d 07       		.uleb128 0x7
 924 012e 6900     		.ascii	"i\000"
 925 0130 01       		.byte	0x1
 926 0131 1602     		.2byte	0x216
 927 0133 25000000 		.4byte	0x25
 928 0137 FA000000 		.4byte	.LLST4
 929 013b 00       		.byte	0
 930 013c 09       		.uleb128 0x9
 931 013d 5A000000 		.4byte	0x5a
 932 0141 4C010000 		.4byte	0x14c
 933 0145 0A       		.uleb128 0xa
 934 0146 8F000000 		.4byte	0x8f
 935 014a EF       		.byte	0xef
 936 014b 00       		.byte	0
 937 014c 0B       		.uleb128 0xb
 938 014d 3C010000 		.4byte	0x13c
 939 0151 0B       		.uleb128 0xb
 940 0152 3C010000 		.4byte	0x13c
 941 0156 09       		.uleb128 0x9
 942 0157 5A000000 		.4byte	0x5a
 943 015b 66010000 		.4byte	0x166
 944 015f 0A       		.uleb128 0xa
 945 0160 8F000000 		.4byte	0x8f
 946 0164 7F       		.byte	0x7f
 947 0165 00       		.byte	0
 948 0166 0C       		.uleb128 0xc
 949 0167 54626C00 		.ascii	"Tbl\000"
 950 016b 01       		.byte	0x1
 951 016c 5601     		.2byte	0x156
 952 016e 78010000 		.4byte	0x178
 953 0172 05       		.uleb128 0x5
 954 0173 03       		.byte	0x3
 955 0174 00000000 		.4byte	Tbl
 956 0178 0B       		.uleb128 0xb
 957 0179 56010000 		.4byte	0x156
 958 017d 00       		.byte	0
 959              		.section	.debug_abbrev,"",%progbits
 960              	.Ldebug_abbrev0:
 961 0000 01       		.uleb128 0x1
 962 0001 11       		.uleb128 0x11
 963 0002 01       		.byte	0x1
 964 0003 25       		.uleb128 0x25
 965 0004 0E       		.uleb128 0xe
 966 0005 13       		.uleb128 0x13
 967 0006 0B       		.uleb128 0xb
 968 0007 03       		.uleb128 0x3
 969 0008 0E       		.uleb128 0xe
ARM GAS  /tmp/cc5EGY98.s 			page 18


 970 0009 1B       		.uleb128 0x1b
 971 000a 0E       		.uleb128 0xe
 972 000b 55       		.uleb128 0x55
 973 000c 17       		.uleb128 0x17
 974 000d 11       		.uleb128 0x11
 975 000e 01       		.uleb128 0x1
 976 000f 10       		.uleb128 0x10
 977 0010 17       		.uleb128 0x17
 978 0011 00       		.byte	0
 979 0012 00       		.byte	0
 980 0013 02       		.uleb128 0x2
 981 0014 24       		.uleb128 0x24
 982 0015 00       		.byte	0
 983 0016 0B       		.uleb128 0xb
 984 0017 0B       		.uleb128 0xb
 985 0018 3E       		.uleb128 0x3e
 986 0019 0B       		.uleb128 0xb
 987 001a 03       		.uleb128 0x3
 988 001b 08       		.uleb128 0x8
 989 001c 00       		.byte	0
 990 001d 00       		.byte	0
 991 001e 03       		.uleb128 0x3
 992 001f 16       		.uleb128 0x16
 993 0020 00       		.byte	0
 994 0021 03       		.uleb128 0x3
 995 0022 0E       		.uleb128 0xe
 996 0023 3A       		.uleb128 0x3a
 997 0024 0B       		.uleb128 0xb
 998 0025 3B       		.uleb128 0x3b
 999 0026 0B       		.uleb128 0xb
 1000 0027 49       		.uleb128 0x49
 1001 0028 13       		.uleb128 0x13
 1002 0029 00       		.byte	0
 1003 002a 00       		.byte	0
 1004 002b 04       		.uleb128 0x4
 1005 002c 24       		.uleb128 0x24
 1006 002d 00       		.byte	0
 1007 002e 0B       		.uleb128 0xb
 1008 002f 0B       		.uleb128 0xb
 1009 0030 3E       		.uleb128 0x3e
 1010 0031 0B       		.uleb128 0xb
 1011 0032 03       		.uleb128 0x3
 1012 0033 0E       		.uleb128 0xe
 1013 0034 00       		.byte	0
 1014 0035 00       		.byte	0
 1015 0036 05       		.uleb128 0x5
 1016 0037 2E       		.uleb128 0x2e
 1017 0038 01       		.byte	0x1
 1018 0039 3F       		.uleb128 0x3f
 1019 003a 19       		.uleb128 0x19
 1020 003b 03       		.uleb128 0x3
 1021 003c 0E       		.uleb128 0xe
 1022 003d 3A       		.uleb128 0x3a
 1023 003e 0B       		.uleb128 0xb
 1024 003f 3B       		.uleb128 0x3b
 1025 0040 05       		.uleb128 0x5
 1026 0041 27       		.uleb128 0x27
ARM GAS  /tmp/cc5EGY98.s 			page 19


 1027 0042 19       		.uleb128 0x19
 1028 0043 49       		.uleb128 0x49
 1029 0044 13       		.uleb128 0x13
 1030 0045 11       		.uleb128 0x11
 1031 0046 01       		.uleb128 0x1
 1032 0047 12       		.uleb128 0x12
 1033 0048 06       		.uleb128 0x6
 1034 0049 40       		.uleb128 0x40
 1035 004a 18       		.uleb128 0x18
 1036 004b 9742     		.uleb128 0x2117
 1037 004d 19       		.uleb128 0x19
 1038 004e 01       		.uleb128 0x1
 1039 004f 13       		.uleb128 0x13
 1040 0050 00       		.byte	0
 1041 0051 00       		.byte	0
 1042 0052 06       		.uleb128 0x6
 1043 0053 05       		.uleb128 0x5
 1044 0054 00       		.byte	0
 1045 0055 03       		.uleb128 0x3
 1046 0056 08       		.uleb128 0x8
 1047 0057 3A       		.uleb128 0x3a
 1048 0058 0B       		.uleb128 0xb
 1049 0059 3B       		.uleb128 0x3b
 1050 005a 05       		.uleb128 0x5
 1051 005b 49       		.uleb128 0x49
 1052 005c 13       		.uleb128 0x13
 1053 005d 02       		.uleb128 0x2
 1054 005e 17       		.uleb128 0x17
 1055 005f 00       		.byte	0
 1056 0060 00       		.byte	0
 1057 0061 07       		.uleb128 0x7
 1058 0062 34       		.uleb128 0x34
 1059 0063 00       		.byte	0
 1060 0064 03       		.uleb128 0x3
 1061 0065 08       		.uleb128 0x8
 1062 0066 3A       		.uleb128 0x3a
 1063 0067 0B       		.uleb128 0xb
 1064 0068 3B       		.uleb128 0x3b
 1065 0069 05       		.uleb128 0x5
 1066 006a 49       		.uleb128 0x49
 1067 006b 13       		.uleb128 0x13
 1068 006c 02       		.uleb128 0x2
 1069 006d 17       		.uleb128 0x17
 1070 006e 00       		.byte	0
 1071 006f 00       		.byte	0
 1072 0070 08       		.uleb128 0x8
 1073 0071 34       		.uleb128 0x34
 1074 0072 00       		.byte	0
 1075 0073 03       		.uleb128 0x3
 1076 0074 0E       		.uleb128 0xe
 1077 0075 3A       		.uleb128 0x3a
 1078 0076 0B       		.uleb128 0xb
 1079 0077 3B       		.uleb128 0x3b
 1080 0078 05       		.uleb128 0x5
 1081 0079 49       		.uleb128 0x49
 1082 007a 13       		.uleb128 0x13
 1083 007b 02       		.uleb128 0x2
ARM GAS  /tmp/cc5EGY98.s 			page 20


 1084 007c 18       		.uleb128 0x18
 1085 007d 00       		.byte	0
 1086 007e 00       		.byte	0
 1087 007f 09       		.uleb128 0x9
 1088 0080 01       		.uleb128 0x1
 1089 0081 01       		.byte	0x1
 1090 0082 49       		.uleb128 0x49
 1091 0083 13       		.uleb128 0x13
 1092 0084 01       		.uleb128 0x1
 1093 0085 13       		.uleb128 0x13
 1094 0086 00       		.byte	0
 1095 0087 00       		.byte	0
 1096 0088 0A       		.uleb128 0xa
 1097 0089 21       		.uleb128 0x21
 1098 008a 00       		.byte	0
 1099 008b 49       		.uleb128 0x49
 1100 008c 13       		.uleb128 0x13
 1101 008d 2F       		.uleb128 0x2f
 1102 008e 0B       		.uleb128 0xb
 1103 008f 00       		.byte	0
 1104 0090 00       		.byte	0
 1105 0091 0B       		.uleb128 0xb
 1106 0092 26       		.uleb128 0x26
 1107 0093 00       		.byte	0
 1108 0094 49       		.uleb128 0x49
 1109 0095 13       		.uleb128 0x13
 1110 0096 00       		.byte	0
 1111 0097 00       		.byte	0
 1112 0098 0C       		.uleb128 0xc
 1113 0099 34       		.uleb128 0x34
 1114 009a 00       		.byte	0
 1115 009b 03       		.uleb128 0x3
 1116 009c 08       		.uleb128 0x8
 1117 009d 3A       		.uleb128 0x3a
 1118 009e 0B       		.uleb128 0xb
 1119 009f 3B       		.uleb128 0x3b
 1120 00a0 05       		.uleb128 0x5
 1121 00a1 49       		.uleb128 0x49
 1122 00a2 13       		.uleb128 0x13
 1123 00a3 02       		.uleb128 0x2
 1124 00a4 18       		.uleb128 0x18
 1125 00a5 00       		.byte	0
 1126 00a6 00       		.byte	0
 1127 00a7 00       		.byte	0
 1128              		.section	.debug_loc,"",%progbits
 1129              	.Ldebug_loc0:
 1130              	.LLST0:
 1131 0000 00000000 		.4byte	.LVL0
 1132 0004 22000000 		.4byte	.LVL4
 1133 0008 0100     		.2byte	0x1
 1134 000a 50       		.byte	0x50
 1135 000b 22000000 		.4byte	.LVL4
 1136 000f 2A000000 		.4byte	.LVL6
 1137 0013 0400     		.2byte	0x4
 1138 0015 F3       		.byte	0xf3
 1139 0016 01       		.uleb128 0x1
 1140 0017 50       		.byte	0x50
ARM GAS  /tmp/cc5EGY98.s 			page 21


 1141 0018 9F       		.byte	0x9f
 1142 0019 2A000000 		.4byte	.LVL6
 1143 001d 30000000 		.4byte	.LVL7
 1144 0021 0100     		.2byte	0x1
 1145 0023 50       		.byte	0x50
 1146 0024 30000000 		.4byte	.LVL7
 1147 0028 3C000000 		.4byte	.LVL9
 1148 002c 0400     		.2byte	0x4
 1149 002e F3       		.byte	0xf3
 1150 002f 01       		.uleb128 0x1
 1151 0030 50       		.byte	0x50
 1152 0031 9F       		.byte	0x9f
 1153 0032 3C000000 		.4byte	.LVL9
 1154 0036 3E000000 		.4byte	.LVL10
 1155 003a 0100     		.2byte	0x1
 1156 003c 50       		.byte	0x50
 1157 003d 3E000000 		.4byte	.LVL10
 1158 0041 4C000000 		.4byte	.LFE7
 1159 0045 0400     		.2byte	0x4
 1160 0047 F3       		.byte	0xf3
 1161 0048 01       		.uleb128 0x1
 1162 0049 50       		.byte	0x50
 1163 004a 9F       		.byte	0x9f
 1164 004b 00000000 		.4byte	0
 1165 004f 00000000 		.4byte	0
 1166              	.LLST1:
 1167 0053 00000000 		.4byte	.LVL0
 1168 0057 0C000000 		.4byte	.LVL1
 1169 005b 0100     		.2byte	0x1
 1170 005d 51       		.byte	0x51
 1171 005e 0C000000 		.4byte	.LVL1
 1172 0062 2A000000 		.4byte	.LVL6
 1173 0066 0400     		.2byte	0x4
 1174 0068 F3       		.byte	0xf3
 1175 0069 01       		.uleb128 0x1
 1176 006a 51       		.byte	0x51
 1177 006b 9F       		.byte	0x9f
 1178 006c 2A000000 		.4byte	.LVL6
 1179 0070 3C000000 		.4byte	.LVL9
 1180 0074 0100     		.2byte	0x1
 1181 0076 51       		.byte	0x51
 1182 0077 3C000000 		.4byte	.LVL9
 1183 007b 4C000000 		.4byte	.LFE7
 1184 007f 0400     		.2byte	0x4
 1185 0081 F3       		.byte	0xf3
 1186 0082 01       		.uleb128 0x1
 1187 0083 51       		.byte	0x51
 1188 0084 9F       		.byte	0x9f
 1189 0085 00000000 		.4byte	0
 1190 0089 00000000 		.4byte	0
 1191              	.LLST2:
 1192 008d 0C000000 		.4byte	.LVL1
 1193 0091 10000000 		.4byte	.LVL2
 1194 0095 0100     		.2byte	0x1
 1195 0097 54       		.byte	0x54
 1196 0098 10000000 		.4byte	.LVL2
 1197 009c 18000000 		.4byte	.LVL3
ARM GAS  /tmp/cc5EGY98.s 			page 22


 1198 00a0 0300     		.2byte	0x3
 1199 00a2 71       		.byte	0x71
 1200 00a3 01       		.sleb128 1
 1201 00a4 9F       		.byte	0x9f
 1202 00a5 18000000 		.4byte	.LVL3
 1203 00a9 24000000 		.4byte	.LVL5
 1204 00ad 0100     		.2byte	0x1
 1205 00af 54       		.byte	0x54
 1206 00b0 24000000 		.4byte	.LVL5
 1207 00b4 2A000000 		.4byte	.LVL6
 1208 00b8 0100     		.2byte	0x1
 1209 00ba 50       		.byte	0x50
 1210 00bb 3A000000 		.4byte	.LVL8
 1211 00bf 3C000000 		.4byte	.LVL9
 1212 00c3 0100     		.2byte	0x1
 1213 00c5 50       		.byte	0x50
 1214 00c6 3E000000 		.4byte	.LVL10
 1215 00ca 4C000000 		.4byte	.LFE7
 1216 00ce 0100     		.2byte	0x1
 1217 00d0 50       		.byte	0x50
 1218 00d1 00000000 		.4byte	0
 1219 00d5 00000000 		.4byte	0
 1220              	.LLST3:
 1221 00d9 00000000 		.4byte	.LVL11
 1222 00dd 22000000 		.4byte	.LVL17
 1223 00e1 0100     		.2byte	0x1
 1224 00e3 50       		.byte	0x50
 1225 00e4 22000000 		.4byte	.LVL17
 1226 00e8 2C000000 		.4byte	.LFE8
 1227 00ec 0400     		.2byte	0x4
 1228 00ee F3       		.byte	0xf3
 1229 00ef 01       		.uleb128 0x1
 1230 00f0 50       		.byte	0x50
 1231 00f1 9F       		.byte	0x9f
 1232 00f2 00000000 		.4byte	0
 1233 00f6 00000000 		.4byte	0
 1234              	.LLST4:
 1235 00fa 00000000 		.4byte	.LVL11
 1236 00fe 0A000000 		.4byte	.LVL12
 1237 0102 0200     		.2byte	0x2
 1238 0104 30       		.byte	0x30
 1239 0105 9F       		.byte	0x9f
 1240 0106 0A000000 		.4byte	.LVL12
 1241 010a 1A000000 		.4byte	.LVL15
 1242 010e 0100     		.2byte	0x1
 1243 0110 52       		.byte	0x52
 1244 0111 1A000000 		.4byte	.LVL15
 1245 0115 1C000000 		.4byte	.LVL16
 1246 0119 0200     		.2byte	0x2
 1247 011b 30       		.byte	0x30
 1248 011c 9F       		.byte	0x9f
 1249 011d 00000000 		.4byte	0
 1250 0121 00000000 		.4byte	0
 1251              		.section	.debug_aranges,"",%progbits
 1252 0000 24000000 		.4byte	0x24
 1253 0004 0200     		.2byte	0x2
 1254 0006 00000000 		.4byte	.Ldebug_info0
ARM GAS  /tmp/cc5EGY98.s 			page 23


 1255 000a 04       		.byte	0x4
 1256 000b 00       		.byte	0
 1257 000c 0000     		.2byte	0
 1258 000e 0000     		.2byte	0
 1259 0010 00000000 		.4byte	.LFB7
 1260 0014 4C000000 		.4byte	.LFE7-.LFB7
 1261 0018 00000000 		.4byte	.LFB8
 1262 001c 2C000000 		.4byte	.LFE8-.LFB8
 1263 0020 00000000 		.4byte	0
 1264 0024 00000000 		.4byte	0
 1265              		.section	.debug_ranges,"",%progbits
 1266              	.Ldebug_ranges0:
 1267 0000 00000000 		.4byte	.LFB7
 1268 0004 4C000000 		.4byte	.LFE7
 1269 0008 00000000 		.4byte	.LFB8
 1270 000c 2C000000 		.4byte	.LFE8
 1271 0010 00000000 		.4byte	0
 1272 0014 00000000 		.4byte	0
 1273              		.section	.debug_line,"",%progbits
 1274              	.Ldebug_line0:
 1275 0000 EE000000 		.section	.debug_str,"MS",%progbits,1
 1275      02008B00 
 1275      00000201 
 1275      FB0E0D00 
 1275      01010101 
 1276              	.LASF10:
 1277 0000 6C6F6E67 		.ascii	"long long int\000"
 1277      206C6F6E 
 1277      6720696E 
 1277      7400
 1278              	.LASF4:
 1279 000e 73686F72 		.ascii	"short unsigned int\000"
 1279      7420756E 
 1279      7369676E 
 1279      65642069 
 1279      6E7400
 1280              	.LASF0:
 1281 0021 756E7369 		.ascii	"unsigned int\000"
 1281      676E6564 
 1281      20696E74 
 1281      00
 1282              	.LASF19:
 1283 002e 2E2E2F41 		.ascii	"../AithonLibrary/ChibiOS/ext/fatfs/src/option/ccsbc"
 1283      6974686F 
 1283      6E4C6962 
 1283      72617279 
 1283      2F436869 
 1284 0061 732E6300 		.ascii	"s.c\000"
 1285              	.LASF6:
 1286 0065 57434841 		.ascii	"WCHAR\000"
 1286      5200
 1287              	.LASF15:
 1288 006b 66665F77 		.ascii	"ff_wtoupper\000"
 1288      746F7570 
 1288      70657200 
 1289              	.LASF11:
 1290 0077 6C6F6E67 		.ascii	"long long unsigned int\000"
ARM GAS  /tmp/cc5EGY98.s 			page 24


 1290      206C6F6E 
 1290      6720756E 
 1290      7369676E 
 1290      65642069 
 1291              	.LASF16:
 1292 008e 74626C5F 		.ascii	"tbl_lower\000"
 1292      6C6F7765 
 1292      7200
 1293              	.LASF14:
 1294 0098 66665F63 		.ascii	"ff_convert\000"
 1294      6F6E7665 
 1294      727400
 1295              	.LASF2:
 1296 00a3 756E7369 		.ascii	"unsigned char\000"
 1296      676E6564 
 1296      20636861 
 1296      7200
 1297              	.LASF1:
 1298 00b1 63686172 		.ascii	"char\000"
 1298      00
 1299              	.LASF5:
 1300 00b6 55494E54 		.ascii	"UINT\000"
 1300      00
 1301              	.LASF7:
 1302 00bb 6C6F6E67 		.ascii	"long int\000"
 1302      20696E74 
 1302      00
 1303              	.LASF20:
 1304 00c4 2F686F6D 		.ascii	"/home/brian/aithon/ProjectTemplate\000"
 1304      652F6272 
 1304      69616E2F 
 1304      61697468 
 1304      6F6E2F50 
 1305              	.LASF8:
 1306 00e7 6C6F6E67 		.ascii	"long unsigned int\000"
 1306      20756E73 
 1306      69676E65 
 1306      6420696E 
 1306      7400
 1307              	.LASF12:
 1308 00f9 5F426F6F 		.ascii	"_Bool\000"
 1308      6C00
 1309              	.LASF9:
 1310 00ff 7369676E 		.ascii	"signed char\000"
 1310      65642063 
 1310      68617200 
 1311              	.LASF13:
 1312 010b 73697A65 		.ascii	"sizetype\000"
 1312      74797065 
 1312      00
 1313              	.LASF3:
 1314 0114 73686F72 		.ascii	"short int\000"
 1314      7420696E 
 1314      7400
 1315              	.LASF18:
 1316 011e 474E5520 		.ascii	"GNU C 4.8.3 20131129 (release) [ARM/embedded-4_8-br"
 1316      4320342E 
ARM GAS  /tmp/cc5EGY98.s 			page 25


 1316      382E3320 
 1316      32303133 
 1316      31313239 
 1317 0151 616E6368 		.ascii	"anch revision 205641] -mcpu=cortex-m4 -mfloat-abi=s"
 1317      20726576 
 1317      6973696F 
 1317      6E203230 
 1317      35363431 
 1318 0184 6F667466 		.ascii	"oftfp -mfpu=fpv4-sp-d16 -mno-thumb-interwork -mthum"
 1318      70202D6D 
 1318      6670753D 
 1318      66707634 
 1318      2D73702D 
 1319 01b7 62202D67 		.ascii	"b -ggdb -O2 -fomit-frame-pointer -falign-functions="
 1319      67646220 
 1319      2D4F3220 
 1319      2D666F6D 
 1319      69742D66 
 1320 01ea 3136202D 		.ascii	"16 -fsingle-precision-constant -ffunction-sections "
 1320      6673696E 
 1320      676C652D 
 1320      70726563 
 1320      6973696F 
 1321 021d 2D666461 		.ascii	"-fdata-sections -fno-common\000"
 1321      74612D73 
 1321      65637469 
 1321      6F6E7320 
 1321      2D666E6F 
 1322              	.LASF17:
 1323 0239 74626C5F 		.ascii	"tbl_upper\000"
 1323      75707065 
 1323      7200
 1324              		.ident	"GCC: (GNU Tools for ARM Embedded Processors) 4.8.3 20131129 (release) [ARM/embedded-4_8-br
ARM GAS  /tmp/cc5EGY98.s 			page 26


DEFINED SYMBOLS
                            *ABS*:0000000000000000 ccsbcs.c
     /tmp/cc5EGY98.s:20     .text.ff_convert:0000000000000000 $t
     /tmp/cc5EGY98.s:26     .text.ff_convert:0000000000000000 ff_convert
     /tmp/cc5EGY98.s:96     .text.ff_convert:0000000000000044 $d
     /tmp/cc5EGY98.s:102    .text.ff_wtoupper:0000000000000000 $t
     /tmp/cc5EGY98.s:108    .text.ff_wtoupper:0000000000000000 ff_wtoupper
     /tmp/cc5EGY98.s:152    .text.ff_wtoupper:0000000000000024 $d
     /tmp/cc5EGY98.s:158    .rodata.tbl_upper.5014:0000000000000000 $d
     /tmp/cc5EGY98.s:162    .rodata.tbl_upper.5014:0000000000000000 tbl_upper.5014
     /tmp/cc5EGY98.s:404    .rodata.Tbl:0000000000000000 $d
     /tmp/cc5EGY98.s:408    .rodata.Tbl:0000000000000000 Tbl
     /tmp/cc5EGY98.s:538    .rodata.tbl_lower.5013:0000000000000000 $d
     /tmp/cc5EGY98.s:542    .rodata.tbl_lower.5013:0000000000000000 tbl_lower.5013
                     .debug_frame:0000000000000010 $d
     /tmp/cc5EGY98.s:101    .text.ff_convert:000000000000004c $t
     /tmp/cc5EGY98.s:157    .text.ff_wtoupper:000000000000002c $t

NO UNDEFINED SYMBOLS
