ARM GAS  /tmp/ccfMhyIo.s 			page 1


   1              		.syntax unified
   2              		.cpu cortex-m4
   3              		.eabi_attribute 27, 3
   4              		.fpu fpv4-sp-d16
   5              		.eabi_attribute 20, 1
   6              		.eabi_attribute 21, 1
   7              		.eabi_attribute 23, 3
   8              		.eabi_attribute 24, 1
   9              		.eabi_attribute 25, 1
  10              		.eabi_attribute 26, 1
  11              		.eabi_attribute 30, 2
  12              		.eabi_attribute 34, 1
  13              		.eabi_attribute 18, 4
  14              		.thumb
  15              		.file	"chcore_v7m.c"
  16              		.text
  17              	.Ltext0:
  18              		.cfi_sections	.debug_frame
  19              		.section	.text._port_switch_from_isr,"ax",%progbits
  20              		.align	2
  21              		.p2align 4,,15
  22              		.global	_port_switch_from_isr
  23              		.thumb
  24              		.thumb_func
  25              		.type	_port_switch_from_isr, %function
  26              	_port_switch_from_isr:
  27              	.LFB11:
  28              		.file 1 "../AithonLibrary/ChibiOS/os/ports/GCC/ARMCMx/chcore_v7m.c"
  29              		.loc 1 207 0
  30              		.cfi_startproc
  31              		@ Naked Function: prologue and epilogue provided by programmer.
  32              		@ args = 0, pretend = 0, frame = 0
  33              		@ frame_needed = 0, uses_anonymous_args = 0
  34              		.loc 1 210 0
  35 0000 FFF7FEFF 		bl	chSchDoReschedule
  36              	.LVL0:
  37              		.loc 1 212 0
  38              	@ 212 "../AithonLibrary/ChibiOS/os/ports/GCC/ARMCMx/chcore_v7m.c" 1
  39              		_port_exit_from_isr:
  40              	@ 0 "" 2
  41              		.loc 1 214 0
  42              	@ 214 "../AithonLibrary/ChibiOS/os/ports/GCC/ARMCMx/chcore_v7m.c" 1
  43 0004 00DF     		svc     #0
  44              	@ 0 "" 2
  45              		.loc 1 221 0
  46              		.thumb
  47              		.cfi_endproc
  48              	.LFE11:
  49              		.size	_port_switch_from_isr, .-_port_switch_from_isr
  50 0006 00BFAFF3 		.section	.text.SVCallVector,"ax",%progbits
  50      0080AFF3 
  50      0080
  51              		.align	2
  52              		.p2align 4,,15
  53              		.global	SVCallVector
  54              		.thumb
  55              		.thumb_func
ARM GAS  /tmp/ccfMhyIo.s 			page 2


  56              		.type	SVCallVector, %function
  57              	SVCallVector:
  58              	.LFB8:
  59              		.loc 1 65 0
  60              		.cfi_startproc
  61              		@ args = 0, pretend = 0, frame = 0
  62              		@ frame_needed = 0, uses_anonymous_args = 0
  63              		@ link register save eliminated.
  64              		.loc 1 69 0
  65              	@ 69 "../AithonLibrary/ChibiOS/os/ports/GCC/ARMCMx/chcore_v7m.c" 1
  66 0000 EFF30982 		mrs     r2, PSP
  67              	@ 0 "" 2
  68              	.LVL1:
  69              		.loc 1 77 0
  70              		.thumb
  71 0004 064B     		ldr	r3, .L3
  72 0006 D2F8CC10 		ldr	r1, [r2, #204]
  73 000a 5960     		str	r1, [r3, #4]
  74              		.loc 1 78 0
  75 000c 9968     		ldr	r1, [r3, #8]
  76 000e 6831     		adds	r1, r1, #104
  77              		.loc 1 73 0
  78 0010 6832     		adds	r2, r2, #104
  79              	.LVL2:
  80              		.loc 1 78 0
  81 0012 9960     		str	r1, [r3, #8]
  82              		.loc 1 80 0
  83              	@ 80 "../AithonLibrary/ChibiOS/os/ports/GCC/ARMCMx/chcore_v7m.c" 1
  84 0014 82F30988 		msr     PSP, r2
  85              	@ 0 "" 2
  86              		.thumb
  87              	.LBB2:
  88              		.loc 1 81 0
  89 0018 0023     		movs	r3, #0
  90              	@ 81 "../AithonLibrary/ChibiOS/os/ports/GCC/ARMCMx/chcore_v7m.c" 1
  91 001a 83F31188 		msr     BASEPRI, r3
  92              	@ 0 "" 2
  93              		.thumb
  94 001e 7047     		bx	lr
  95              	.L4:
  96              		.align	2
  97              	.L3:
  98 0020 30EF00E0 		.word	-536809680
  99              	.LBE2:
 100              		.cfi_endproc
 101              	.LFE8:
 102              		.size	SVCallVector, .-SVCallVector
 103 0024 AFF30080 		.section	.text._port_init,"ax",%progbits
 103      AFF30080 
 103      AFF30080 
 104              		.align	2
 105              		.p2align 4,,15
 106              		.global	_port_init
 107              		.thumb
 108              		.thumb_func
 109              		.type	_port_init, %function
 110              	_port_init:
ARM GAS  /tmp/ccfMhyIo.s 			page 3


 111              	.LFB9:
 112              		.loc 1 118 0
 113              		.cfi_startproc
 114              		@ args = 0, pretend = 0, frame = 0
 115              		@ frame_needed = 0, uses_anonymous_args = 0
 116 0000 08B5     		push	{r3, lr}
 117              		.cfi_def_cfa_offset 8
 118              		.cfi_offset 3, -8
 119              		.cfi_offset 14, -4
 120              		.loc 1 121 0
 121 0002 0A4B     		ldr	r3, .L6
 122              		.loc 1 122 0
 123 0004 0A4A     		ldr	r2, .L6+4
 124              		.loc 1 121 0
 125 0006 4FF48031 		mov	r1, #65536
 126 000a 9960     		str	r1, [r3, #8]
 127              		.loc 1 125 0
 128 000c 0720     		movs	r0, #7
 129              		.loc 1 122 0
 130 000e DA60     		str	r2, [r3, #12]
 131              		.loc 1 125 0
 132 0010 1021     		movs	r1, #16
 133 0012 FFF7FEFF 		bl	nvicSetSystemHandlerPriority
 134              	.LVL3:
 135              		.loc 1 127 0
 136 0016 0A20     		movs	r0, #10
 137 0018 2021     		movs	r1, #32
 138 001a FFF7FEFF 		bl	nvicSetSystemHandlerPriority
 139              	.LVL4:
 140              		.loc 1 129 0
 141 001e 0B20     		movs	r0, #11
 142 0020 8021     		movs	r1, #128
 143              		.loc 1 131 0
 144 0022 BDE80840 		pop	{r3, lr}
 145              		.loc 1 129 0
 146 0026 FFF7FEBF 		b	nvicSetSystemHandlerPriority
 147              	.LVL5:
 148              	.L7:
 149 002a 00BF     		.align	2
 150              	.L6:
 151 002c 00ED00E0 		.word	-536810240
 152 0030 0003FA05 		.word	100270848
 153              		.cfi_endproc
 154              	.LFE9:
 155              		.size	_port_init, .-_port_init
 156 0034 AFF30080 		.section	.text._port_irq_epilogue,"ax",%progbits
 156      AFF30080 
 156      AFF30080 
 157              		.align	2
 158              		.p2align 4,,15
 159              		.global	_port_irq_epilogue
 160              		.thumb
 161              		.thumb_func
 162              		.type	_port_irq_epilogue, %function
 163              	_port_irq_epilogue:
 164              	.LFB10:
 165              		.loc 1 148 0
ARM GAS  /tmp/ccfMhyIo.s 			page 4


 166              		.cfi_startproc
 167              		@ args = 0, pretend = 0, frame = 0
 168              		@ frame_needed = 0, uses_anonymous_args = 0
 169              		@ link register save eliminated.
 170              	.LBB3:
 171              		.loc 1 150 0
 172 0000 2023     		movs	r3, #32
 173              	@ 150 "../AithonLibrary/ChibiOS/os/ports/GCC/ARMCMx/chcore_v7m.c" 1
 174 0002 83F31188 		msr     BASEPRI, r3
 175              	@ 0 "" 2
 176              		.thumb
 177              	.LBE3:
 178              		.loc 1 151 0
 179 0006 1A4B     		ldr	r3, .L17
 180 0008 5B68     		ldr	r3, [r3, #4]
 181 000a 13F40063 		ands	r3, r3, #2048
 182 000e 21D0     		beq	.L9
 183              	.LBB4:
 184              		.loc 1 155 0
 185              	@ 155 "../AithonLibrary/ChibiOS/os/ports/GCC/ARMCMx/chcore_v7m.c" 1
 186 0010 EFF30983 		mrs     r3, PSP
 187              	@ 0 "" 2
 188              	.LVL6:
 189              		.loc 1 159 0
 190              		.thumb
 191 0014 A3F16802 		sub	r2, r3, #104
 192              	.LVL7:
 193              		.loc 1 160 0
 194              	@ 160 "../AithonLibrary/ChibiOS/os/ports/GCC/ARMCMx/chcore_v7m.c" 1
 195 0018 82F30988 		msr     PSP, r2
 196              	@ 0 "" 2
 197              		.loc 1 165 0
 198              		.thumb
 199 001c 1549     		ldr	r1, .L17+4
 200              		.loc 1 161 0
 201 001e 4FF08070 		mov	r0, #16777216
 202              		.loc 1 165 0
 203 0022 8A69     		ldr	r2, [r1, #24]
 204              	.LVL8:
 205              		.loc 1 161 0
 206 0024 43F84C0C 		str	r0, [r3, #-76]
 207              		.loc 1 165 0
 208 0028 D07F     		ldrb	r0, [r2, #31]	@ zero_extendqisi2
 209 002a 0968     		ldr	r1, [r1]
 210 002c 9268     		ldr	r2, [r2, #8]
 211 002e 8968     		ldr	r1, [r1, #8]
 212 0030 98B1     		cbz	r0, .L10
 213              		.loc 1 165 0 is_stmt 0 discriminator 1
 214 0032 9142     		cmp	r1, r2
 215 0034 94BF     		ite	ls
 216 0036 0022     		movls	r2, #0
 217 0038 0122     		movhi	r2, #1
 218 003a A2B1     		cbz	r2, .L12
 219              	.L16:
 220              		.loc 1 167 0 is_stmt 1
 221 003c 0E4A     		ldr	r2, .L17+8
 222 003e 43F8502C 		str	r2, [r3, #-80]
ARM GAS  /tmp/ccfMhyIo.s 			page 5


 223              		.loc 1 170 0
 224              	@ 170 "../AithonLibrary/ChibiOS/os/ports/GCC/ARMCMx/chcore_v7m.c" 1
 225 0042 F1EE10FA 		vmrs    APSR_nzcv, FPSCR
 226              	@ 0 "" 2
 227              		.thumb
 228              	.L13:
 229              	.LBB5:
 230              		.loc 1 185 0
 231 0046 0D4A     		ldr	r2, .L17+12
 232 0048 5168     		ldr	r1, [r2, #4]
 233              	.LVL9:
 234 004a 5966     		str	r1, [r3, #100]
 235              		.loc 1 189 0
 236 004c 41F00101 		orr	r1, r1, #1
 237              	.LVL10:
 238 0050 5160     		str	r1, [r2, #4]
 239              	.LBE5:
 240              		.loc 1 195 0
 241 0052 7047     		bx	lr
 242              	.LVL11:
 243              	.L9:
 244              	.LBE4:
 245              	.LBB6:
 246              		.loc 1 197 0
 247              	@ 197 "../AithonLibrary/ChibiOS/os/ports/GCC/ARMCMx/chcore_v7m.c" 1
 248 0054 83F31188 		msr     BASEPRI, r3
 249              	@ 0 "" 2
 250              		.thumb
 251 0058 7047     		bx	lr
 252              	.LVL12:
 253              	.L10:
 254              	.LBE6:
 255              	.LBB7:
 256              		.loc 1 165 0 discriminator 2
 257 005a 9142     		cmp	r1, r2
 258 005c 34BF     		ite	cc
 259 005e 0022     		movcc	r2, #0
 260 0060 0122     		movcs	r2, #1
 261 0062 002A     		cmp	r2, #0
 262 0064 EAD1     		bne	.L16
 263              	.L12:
 264              		.loc 1 176 0
 265 0066 064A     		ldr	r2, .L17+16
 266 0068 43F8502C 		str	r2, [r3, #-80]
 267 006c EBE7     		b	.L13
 268              	.L18:
 269 006e 00BF     		.align	2
 270              	.L17:
 271 0070 00ED00E0 		.word	-536810240
 272 0074 00000000 		.word	rlist
 273 0078 00000000 		.word	_port_switch_from_isr
 274 007c 30EF00E0 		.word	-536809680
 275 0080 04000000 		.word	_port_exit_from_isr
 276              	.LBE7:
 277              		.cfi_endproc
 278              	.LFE10:
 279              		.size	_port_irq_epilogue, .-_port_irq_epilogue
ARM GAS  /tmp/ccfMhyIo.s 			page 6


 280 0084 AFF30080 		.section	.text.SysTickVector,"ax",%progbits
 280      AFF30080 
 280      AFF30080 
 281              		.align	2
 282              		.p2align 4,,15
 283              		.global	SysTickVector
 284              		.thumb
 285              		.thumb_func
 286              		.type	SysTickVector, %function
 287              	SysTickVector:
 288              	.LFB7:
 289              		.loc 1 47 0
 290              		.cfi_startproc
 291              		@ args = 0, pretend = 0, frame = 0
 292              		@ frame_needed = 0, uses_anonymous_args = 0
 293 0000 08B5     		push	{r3, lr}
 294              		.cfi_def_cfa_offset 8
 295              		.cfi_offset 3, -8
 296              		.cfi_offset 14, -4
 297              	.LBB8:
 298              		.loc 1 51 0
 299 0002 2023     		movs	r3, #32
 300              	@ 51 "../AithonLibrary/ChibiOS/os/ports/GCC/ARMCMx/chcore_v7m.c" 1
 301 0004 83F31188 		msr     BASEPRI, r3
 302              	@ 0 "" 2
 303              		.thumb
 304              	.LBE8:
 305              		.loc 1 52 0
 306 0008 FFF7FEFF 		bl	chSysTimerHandlerI
 307              	.LVL13:
 308              	.LBB9:
 309              		.loc 1 53 0
 310 000c 0023     		movs	r3, #0
 311              	@ 53 "../AithonLibrary/ChibiOS/os/ports/GCC/ARMCMx/chcore_v7m.c" 1
 312 000e 83F31188 		msr     BASEPRI, r3
 313              	@ 0 "" 2
 314              		.thumb
 315              	.LBE9:
 316              		.loc 1 56 0
 317 0012 BDE80840 		pop	{r3, lr}
 318              		.loc 1 55 0
 319 0016 FFF7FEBF 		b	_port_irq_epilogue
 320              	.LVL14:
 321              		.cfi_endproc
 322              	.LFE7:
 323              		.size	SysTickVector, .-SysTickVector
 324 001a 00BFAFF3 		.section	.text._port_switch,"ax",%progbits
 324      0080
 325              		.align	2
 326              		.p2align 4,,15
 327              		.global	_port_switch
 328              		.thumb
 329              		.thumb_func
 330              		.type	_port_switch, %function
 331              	_port_switch:
 332              	.LFB12:
 333              		.loc 1 236 0
ARM GAS  /tmp/ccfMhyIo.s 			page 7


 334              		.cfi_startproc
 335              		@ Naked Function: prologue and epilogue provided by programmer.
 336              		@ args = 0, pretend = 0, frame = 0
 337              		@ frame_needed = 0, uses_anonymous_args = 0
 338              	.LVL15:
 339              		.loc 1 238 0
 340              	@ 238 "../AithonLibrary/ChibiOS/os/ports/GCC/ARMCMx/chcore_v7m.c" 1
 341 0000 2DE9F04F 		push    {r4, r5, r6, r7, r8, r9, r10, r11, lr}
 342              	@ 0 "" 2
 343              		.loc 1 241 0
 344              	@ 241 "../AithonLibrary/ChibiOS/os/ports/GCC/ARMCMx/chcore_v7m.c" 1
 345 0004 2DED108A 		vpush   {s16-s31}
 346              	@ 0 "" 2
 347              		.loc 1 244 0
 348              	@ 244 "../AithonLibrary/ChibiOS/os/ports/GCC/ARMCMx/chcore_v7m.c" 1
 349 0008 C1F80CD0 		str     sp, [r1, #12]                          
 350 000c D0F80CD0 		ldr     sp, [r0, #12]
 351              	@ 0 "" 2
 352              		.loc 1 248 0
 353              	@ 248 "../AithonLibrary/ChibiOS/os/ports/GCC/ARMCMx/chcore_v7m.c" 1
 354 0010 BDEC108A 		vpop    {s16-s31}
 355              	@ 0 "" 2
 356              		.loc 1 250 0
 357              	@ 250 "../AithonLibrary/ChibiOS/os/ports/GCC/ARMCMx/chcore_v7m.c" 1
 358 0014 BDE8F08F 		pop     {r4, r5, r6, r7, r8, r9, r10, r11, pc}
 359              	@ 0 "" 2
 360              		.loc 1 252 0
 361              		.thumb
 362              		.cfi_endproc
 363              	.LFE12:
 364              		.size	_port_switch, .-_port_switch
 365 0018 AFF30080 		.section	.text._port_thread_start,"ax",%progbits
 365      AFF30080 
 366              		.align	2
 367              		.p2align 4,,15
 368              		.global	_port_thread_start
 369              		.thumb
 370              		.thumb_func
 371              		.type	_port_thread_start, %function
 372              	_port_thread_start:
 373              	.LFB13:
 374              		.loc 1 259 0
 375              		.cfi_startproc
 376              		@ args = 0, pretend = 0, frame = 0
 377              		@ frame_needed = 0, uses_anonymous_args = 0
 378              		@ link register save eliminated.
 379              	.LBB10:
 380              		.loc 1 261 0
 381 0000 0023     		movs	r3, #0
 382              	@ 261 "../AithonLibrary/ChibiOS/os/ports/GCC/ARMCMx/chcore_v7m.c" 1
 383 0002 83F31188 		msr     BASEPRI, r3
 384              	@ 0 "" 2
 385              		.thumb
 386              	.LBE10:
 387              		.loc 1 262 0
 388              	@ 262 "../AithonLibrary/ChibiOS/os/ports/GCC/ARMCMx/chcore_v7m.c" 1
 389 0006 2846     		mov     r0, r5                                 
ARM GAS  /tmp/ccfMhyIo.s 			page 8


 390 0008 A047     		blx     r4                                     
 391 000a FFF7FEFF 		bl      chThdExit
 392              	@ 0 "" 2
 393              		.thumb
 394 000e 7047     		bx	lr
 395              		.cfi_endproc
 396              	.LFE13:
 397              		.size	_port_thread_start, .-_port_thread_start
 398              		.text
 399              	.Letext0:
 400              		.file 2 "/usr/arm-none-eabi/include/stdint.h"
 401              		.file 3 "../AithonLibrary/ChibiOS/os/ports/GCC/ARMCMx/chtypes.h"
 402              		.file 4 "../AithonLibrary/ChibiOS/os/kernel/include/chlists.h"
 403              		.file 5 "../AithonLibrary/ChibiOS/os/kernel/include/chthreads.h"
 404              		.file 6 "../AithonLibrary/ChibiOS/os/ports/GCC/ARMCMx/chcore_v7m.h"
 405              		.file 7 "../AithonLibrary/ChibiOS/os/ports/common/ARMCMx/nvic.h"
 406              		.file 8 "../AithonLibrary/ChibiOS/os/kernel/include/chschd.h"
 407              		.file 9 "../AithonLibrary/ChibiOS/os/kernel/include/chmtx.h"
 408              		.file 10 "../AithonLibrary/ChibiOS/os/kernel/include/chsys.h"
 409              		.section	.debug_info,"",%progbits
 410              	.Ldebug_info0:
 411 0000 000A0000 		.4byte	0xa00
 412 0004 0400     		.2byte	0x4
 413 0006 00000000 		.4byte	.Ldebug_abbrev0
 414 000a 04       		.byte	0x4
 415 000b 01       		.uleb128 0x1
 416 000c 40010000 		.4byte	.LASF101
 417 0010 01       		.byte	0x1
 418 0011 95040000 		.4byte	.LASF102
 419 0015 06000000 		.4byte	.LASF103
 420 0019 18000000 		.4byte	.Ldebug_ranges0+0x18
 421 001d 00000000 		.4byte	0
 422 0021 00000000 		.4byte	.Ldebug_line0
 423 0025 02       		.uleb128 0x2
 424 0026 04       		.byte	0x4
 425 0027 05       		.byte	0x5
 426 0028 696E7400 		.ascii	"int\000"
 427 002c 03       		.uleb128 0x3
 428 002d 04       		.byte	0x4
 429 002e 07       		.byte	0x7
 430 002f 25010000 		.4byte	.LASF0
 431 0033 03       		.uleb128 0x3
 432 0034 01       		.byte	0x1
 433 0035 06       		.byte	0x6
 434 0036 92000000 		.4byte	.LASF1
 435 003a 04       		.uleb128 0x4
 436 003b DA040000 		.4byte	.LASF5
 437 003f 02       		.byte	0x2
 438 0040 2A       		.byte	0x2a
 439 0041 45000000 		.4byte	0x45
 440 0045 03       		.uleb128 0x3
 441 0046 01       		.byte	0x1
 442 0047 08       		.byte	0x8
 443 0048 95030000 		.4byte	.LASF2
 444 004c 03       		.uleb128 0x3
 445 004d 02       		.byte	0x2
 446 004e 05       		.byte	0x5
ARM GAS  /tmp/ccfMhyIo.s 			page 9


 447 004f B3030000 		.4byte	.LASF3
 448 0053 03       		.uleb128 0x3
 449 0054 02       		.byte	0x2
 450 0055 07       		.byte	0x7
 451 0056 9D020000 		.4byte	.LASF4
 452 005a 04       		.uleb128 0x4
 453 005b 8D030000 		.4byte	.LASF6
 454 005f 02       		.byte	0x2
 455 0060 4F       		.byte	0x4f
 456 0061 65000000 		.4byte	0x65
 457 0065 03       		.uleb128 0x3
 458 0066 04       		.byte	0x4
 459 0067 05       		.byte	0x5
 460 0068 B8000000 		.4byte	.LASF7
 461 006c 04       		.uleb128 0x4
 462 006d 17040000 		.4byte	.LASF8
 463 0071 02       		.byte	0x2
 464 0072 50       		.byte	0x50
 465 0073 77000000 		.4byte	0x77
 466 0077 03       		.uleb128 0x3
 467 0078 04       		.byte	0x4
 468 0079 07       		.byte	0x7
 469 007a 68020000 		.4byte	.LASF9
 470 007e 03       		.uleb128 0x3
 471 007f 08       		.byte	0x8
 472 0080 05       		.byte	0x5
 473 0081 84000000 		.4byte	.LASF10
 474 0085 03       		.uleb128 0x3
 475 0086 08       		.byte	0x8
 476 0087 07       		.byte	0x7
 477 0088 60000000 		.4byte	.LASF11
 478 008c 03       		.uleb128 0x3
 479 008d 01       		.byte	0x1
 480 008e 02       		.byte	0x2
 481 008f 87030000 		.4byte	.LASF12
 482 0093 04       		.uleb128 0x4
 483 0094 DF020000 		.4byte	.LASF13
 484 0098 03       		.byte	0x3
 485 0099 2C       		.byte	0x2c
 486 009a 3A000000 		.4byte	0x3a
 487 009e 04       		.uleb128 0x4
 488 009f C1000000 		.4byte	.LASF14
 489 00a3 03       		.byte	0x3
 490 00a4 2D       		.byte	0x2d
 491 00a5 3A000000 		.4byte	0x3a
 492 00a9 04       		.uleb128 0x4
 493 00aa 6B030000 		.4byte	.LASF15
 494 00ae 03       		.byte	0x3
 495 00af 2E       		.byte	0x2e
 496 00b0 3A000000 		.4byte	0x3a
 497 00b4 04       		.uleb128 0x4
 498 00b5 AE000000 		.4byte	.LASF16
 499 00b9 03       		.byte	0x3
 500 00ba 2F       		.byte	0x2f
 501 00bb 3A000000 		.4byte	0x3a
 502 00bf 04       		.uleb128 0x4
 503 00c0 7F030000 		.4byte	.LASF17
ARM GAS  /tmp/ccfMhyIo.s 			page 10


 504 00c4 03       		.byte	0x3
 505 00c5 30       		.byte	0x30
 506 00c6 6C000000 		.4byte	0x6c
 507 00ca 04       		.uleb128 0x4
 508 00cb B5020000 		.4byte	.LASF18
 509 00cf 03       		.byte	0x3
 510 00d0 31       		.byte	0x31
 511 00d1 5A000000 		.4byte	0x5a
 512 00d5 04       		.uleb128 0x4
 513 00d6 06030000 		.4byte	.LASF19
 514 00da 03       		.byte	0x3
 515 00db 33       		.byte	0x33
 516 00dc 6C000000 		.4byte	0x6c
 517 00e0 04       		.uleb128 0x4
 518 00e1 44040000 		.4byte	.LASF20
 519 00e5 03       		.byte	0x3
 520 00e6 35       		.byte	0x35
 521 00e7 6C000000 		.4byte	0x6c
 522 00eb 04       		.uleb128 0x4
 523 00ec 05040000 		.4byte	.LASF21
 524 00f0 04       		.byte	0x4
 525 00f1 2A       		.byte	0x2a
 526 00f2 F6000000 		.4byte	0xf6
 527 00f6 05       		.uleb128 0x5
 528 00f7 05040000 		.4byte	.LASF21
 529 00fb 48       		.byte	0x48
 530 00fc 05       		.byte	0x5
 531 00fd 5E       		.byte	0x5e
 532 00fe F3010000 		.4byte	0x1f3
 533 0102 06       		.uleb128 0x6
 534 0103 EA030000 		.4byte	.LASF22
 535 0107 05       		.byte	0x5
 536 0108 5F       		.byte	0x5f
 537 0109 14020000 		.4byte	0x214
 538 010d 00       		.byte	0
 539 010e 06       		.uleb128 0x6
 540 010f 78030000 		.4byte	.LASF23
 541 0113 05       		.byte	0x5
 542 0114 61       		.byte	0x61
 543 0115 14020000 		.4byte	0x214
 544 0119 04       		.byte	0x4
 545 011a 06       		.uleb128 0x6
 546 011b 7D000000 		.4byte	.LASF24
 547 011f 05       		.byte	0x5
 548 0120 63       		.byte	0x63
 549 0121 BF000000 		.4byte	0xbf
 550 0125 08       		.byte	0x8
 551 0126 06       		.uleb128 0x6
 552 0127 0E050000 		.4byte	.LASF25
 553 012b 05       		.byte	0x5
 554 012c 64       		.byte	0x64
 555 012d DD040000 		.4byte	0x4dd
 556 0131 0C       		.byte	0xc
 557 0132 06       		.uleb128 0x6
 558 0133 CA000000 		.4byte	.LASF26
 559 0137 05       		.byte	0x5
 560 0138 66       		.byte	0x66
ARM GAS  /tmp/ccfMhyIo.s 			page 11


 561 0139 14020000 		.4byte	0x214
 562 013d 10       		.byte	0x10
 563 013e 06       		.uleb128 0x6
 564 013f 2C030000 		.4byte	.LASF27
 565 0143 05       		.byte	0x5
 566 0144 67       		.byte	0x67
 567 0145 14020000 		.4byte	0x214
 568 0149 14       		.byte	0x14
 569 014a 06       		.uleb128 0x6
 570 014b F4040000 		.4byte	.LASF28
 571 014f 05       		.byte	0x5
 572 0150 6E       		.byte	0x6e
 573 0151 C7070000 		.4byte	0x7c7
 574 0155 18       		.byte	0x18
 575 0156 06       		.uleb128 0x6
 576 0157 BD030000 		.4byte	.LASF29
 577 015b 05       		.byte	0x5
 578 015c 79       		.byte	0x79
 579 015d 9E000000 		.4byte	0x9e
 580 0161 1C       		.byte	0x1c
 581 0162 06       		.uleb128 0x6
 582 0163 F7030000 		.4byte	.LASF30
 583 0167 05       		.byte	0x5
 584 0168 7D       		.byte	0x7d
 585 0169 93000000 		.4byte	0x93
 586 016d 1D       		.byte	0x1d
 587 016e 06       		.uleb128 0x6
 588 016f 84040000 		.4byte	.LASF31
 589 0173 05       		.byte	0x5
 590 0174 82       		.byte	0x82
 591 0175 A9000000 		.4byte	0xa9
 592 0179 1E       		.byte	0x1e
 593 017a 06       		.uleb128 0x6
 594 017b CD030000 		.4byte	.LASF32
 595 017f 05       		.byte	0x5
 596 0180 88       		.byte	0x88
 597 0181 B4000000 		.4byte	0xb4
 598 0185 1F       		.byte	0x1f
 599 0186 06       		.uleb128 0x6
 600 0187 66040000 		.4byte	.LASF33
 601 018b 05       		.byte	0x5
 602 018c 8F       		.byte	0x8f
 603 018d EF060000 		.4byte	0x6ef
 604 0191 20       		.byte	0x20
 605 0192 07       		.uleb128 0x7
 606 0193 705F7500 		.ascii	"p_u\000"
 607 0197 05       		.byte	0x5
 608 0198 B4       		.byte	0xb4
 609 0199 92070000 		.4byte	0x792
 610 019d 24       		.byte	0x24
 611 019e 06       		.uleb128 0x6
 612 019f 14050000 		.4byte	.LASF34
 613 01a3 05       		.byte	0x5
 614 01a4 B9       		.byte	0xb9
 615 01a5 3A020000 		.4byte	0x23a
 616 01a9 28       		.byte	0x28
 617 01aa 06       		.uleb128 0x6
ARM GAS  /tmp/ccfMhyIo.s 			page 12


 618 01ab 79040000 		.4byte	.LASF35
 619 01af 05       		.byte	0x5
 620 01b0 BF       		.byte	0xbf
 621 01b1 1A020000 		.4byte	0x21a
 622 01b5 2C       		.byte	0x2c
 623 01b6 06       		.uleb128 0x6
 624 01b7 00000000 		.4byte	.LASF36
 625 01bb 05       		.byte	0x5
 626 01bc C3       		.byte	0xc3
 627 01bd CA000000 		.4byte	0xca
 628 01c1 34       		.byte	0x34
 629 01c2 06       		.uleb128 0x6
 630 01c3 0C040000 		.4byte	.LASF37
 631 01c7 05       		.byte	0x5
 632 01c8 C9       		.byte	0xc9
 633 01c9 D5000000 		.4byte	0xd5
 634 01cd 38       		.byte	0x38
 635 01ce 06       		.uleb128 0x6
 636 01cf A9030000 		.4byte	.LASF38
 637 01d3 05       		.byte	0x5
 638 01d4 D0       		.byte	0xd0
 639 01d5 D9070000 		.4byte	0x7d9
 640 01d9 3C       		.byte	0x3c
 641 01da 06       		.uleb128 0x6
 642 01db 4E040000 		.4byte	.LASF39
 643 01df 05       		.byte	0x5
 644 01e0 D4       		.byte	0xd4
 645 01e1 BF000000 		.4byte	0xbf
 646 01e5 40       		.byte	0x40
 647 01e6 06       		.uleb128 0x6
 648 01e7 9E000000 		.4byte	.LASF40
 649 01eb 05       		.byte	0x5
 650 01ec DA       		.byte	0xda
 651 01ed 50020000 		.4byte	0x250
 652 01f1 44       		.byte	0x44
 653 01f2 00       		.byte	0
 654 01f3 08       		.uleb128 0x8
 655 01f4 08       		.byte	0x8
 656 01f5 04       		.byte	0x4
 657 01f6 61       		.byte	0x61
 658 01f7 14020000 		.4byte	0x214
 659 01fb 06       		.uleb128 0x6
 660 01fc EA030000 		.4byte	.LASF22
 661 0200 04       		.byte	0x4
 662 0201 62       		.byte	0x62
 663 0202 14020000 		.4byte	0x214
 664 0206 00       		.byte	0
 665 0207 06       		.uleb128 0x6
 666 0208 78030000 		.4byte	.LASF23
 667 020c 04       		.byte	0x4
 668 020d 64       		.byte	0x64
 669 020e 14020000 		.4byte	0x214
 670 0212 04       		.byte	0x4
 671 0213 00       		.byte	0
 672 0214 09       		.uleb128 0x9
 673 0215 04       		.byte	0x4
 674 0216 EB000000 		.4byte	0xeb
ARM GAS  /tmp/ccfMhyIo.s 			page 13


 675 021a 04       		.uleb128 0x4
 676 021b 3A030000 		.4byte	.LASF41
 677 021f 04       		.byte	0x4
 678 0220 66       		.byte	0x66
 679 0221 F3010000 		.4byte	0x1f3
 680 0225 08       		.uleb128 0x8
 681 0226 04       		.byte	0x4
 682 0227 04       		.byte	0x4
 683 0228 6B       		.byte	0x6b
 684 0229 3A020000 		.4byte	0x23a
 685 022d 06       		.uleb128 0x6
 686 022e EA030000 		.4byte	.LASF22
 687 0232 04       		.byte	0x4
 688 0233 6D       		.byte	0x6d
 689 0234 14020000 		.4byte	0x214
 690 0238 00       		.byte	0
 691 0239 00       		.byte	0
 692 023a 04       		.uleb128 0x4
 693 023b FA020000 		.4byte	.LASF42
 694 023f 04       		.byte	0x4
 695 0240 70       		.byte	0x70
 696 0241 25020000 		.4byte	0x225
 697 0245 04       		.uleb128 0x4
 698 0246 0A010000 		.4byte	.LASF43
 699 024a 06       		.byte	0x6
 700 024b E5       		.byte	0xe5
 701 024c 50020000 		.4byte	0x250
 702 0250 0A       		.uleb128 0xa
 703 0251 04       		.byte	0x4
 704 0252 05       		.uleb128 0x5
 705 0253 39010000 		.4byte	.LASF44
 706 0257 68       		.byte	0x68
 707 0258 06       		.byte	0x6
 708 0259 ED       		.byte	0xed
 709 025a 91030000 		.4byte	0x391
 710 025e 07       		.uleb128 0x7
 711 025f 723000   		.ascii	"r0\000"
 712 0262 06       		.byte	0x6
 713 0263 EE       		.byte	0xee
 714 0264 45020000 		.4byte	0x245
 715 0268 00       		.byte	0
 716 0269 07       		.uleb128 0x7
 717 026a 723100   		.ascii	"r1\000"
 718 026d 06       		.byte	0x6
 719 026e EF       		.byte	0xef
 720 026f 45020000 		.4byte	0x245
 721 0273 04       		.byte	0x4
 722 0274 07       		.uleb128 0x7
 723 0275 723200   		.ascii	"r2\000"
 724 0278 06       		.byte	0x6
 725 0279 F0       		.byte	0xf0
 726 027a 45020000 		.4byte	0x245
 727 027e 08       		.byte	0x8
 728 027f 07       		.uleb128 0x7
 729 0280 723300   		.ascii	"r3\000"
 730 0283 06       		.byte	0x6
 731 0284 F1       		.byte	0xf1
ARM GAS  /tmp/ccfMhyIo.s 			page 14


 732 0285 45020000 		.4byte	0x245
 733 0289 0C       		.byte	0xc
 734 028a 07       		.uleb128 0x7
 735 028b 72313200 		.ascii	"r12\000"
 736 028f 06       		.byte	0x6
 737 0290 F2       		.byte	0xf2
 738 0291 45020000 		.4byte	0x245
 739 0295 10       		.byte	0x10
 740 0296 06       		.uleb128 0x6
 741 0297 32010000 		.4byte	.LASF45
 742 029b 06       		.byte	0x6
 743 029c F3       		.byte	0xf3
 744 029d 45020000 		.4byte	0x245
 745 02a1 14       		.byte	0x14
 746 02a2 07       		.uleb128 0x7
 747 02a3 706300   		.ascii	"pc\000"
 748 02a6 06       		.byte	0x6
 749 02a7 F4       		.byte	0xf4
 750 02a8 45020000 		.4byte	0x245
 751 02ac 18       		.byte	0x18
 752 02ad 06       		.uleb128 0x6
 753 02ae D7030000 		.4byte	.LASF46
 754 02b2 06       		.byte	0x6
 755 02b3 F5       		.byte	0xf5
 756 02b4 45020000 		.4byte	0x245
 757 02b8 1C       		.byte	0x1c
 758 02b9 07       		.uleb128 0x7
 759 02ba 733000   		.ascii	"s0\000"
 760 02bd 06       		.byte	0x6
 761 02be F7       		.byte	0xf7
 762 02bf 45020000 		.4byte	0x245
 763 02c3 20       		.byte	0x20
 764 02c4 07       		.uleb128 0x7
 765 02c5 733100   		.ascii	"s1\000"
 766 02c8 06       		.byte	0x6
 767 02c9 F8       		.byte	0xf8
 768 02ca 45020000 		.4byte	0x245
 769 02ce 24       		.byte	0x24
 770 02cf 07       		.uleb128 0x7
 771 02d0 733200   		.ascii	"s2\000"
 772 02d3 06       		.byte	0x6
 773 02d4 F9       		.byte	0xf9
 774 02d5 45020000 		.4byte	0x245
 775 02d9 28       		.byte	0x28
 776 02da 07       		.uleb128 0x7
 777 02db 733300   		.ascii	"s3\000"
 778 02de 06       		.byte	0x6
 779 02df FA       		.byte	0xfa
 780 02e0 45020000 		.4byte	0x245
 781 02e4 2C       		.byte	0x2c
 782 02e5 07       		.uleb128 0x7
 783 02e6 733400   		.ascii	"s4\000"
 784 02e9 06       		.byte	0x6
 785 02ea FB       		.byte	0xfb
 786 02eb 45020000 		.4byte	0x245
 787 02ef 30       		.byte	0x30
 788 02f0 07       		.uleb128 0x7
ARM GAS  /tmp/ccfMhyIo.s 			page 15


 789 02f1 733500   		.ascii	"s5\000"
 790 02f4 06       		.byte	0x6
 791 02f5 FC       		.byte	0xfc
 792 02f6 45020000 		.4byte	0x245
 793 02fa 34       		.byte	0x34
 794 02fb 07       		.uleb128 0x7
 795 02fc 733600   		.ascii	"s6\000"
 796 02ff 06       		.byte	0x6
 797 0300 FD       		.byte	0xfd
 798 0301 45020000 		.4byte	0x245
 799 0305 38       		.byte	0x38
 800 0306 07       		.uleb128 0x7
 801 0307 733700   		.ascii	"s7\000"
 802 030a 06       		.byte	0x6
 803 030b FE       		.byte	0xfe
 804 030c 45020000 		.4byte	0x245
 805 0310 3C       		.byte	0x3c
 806 0311 07       		.uleb128 0x7
 807 0312 733800   		.ascii	"s8\000"
 808 0315 06       		.byte	0x6
 809 0316 FF       		.byte	0xff
 810 0317 45020000 		.4byte	0x245
 811 031b 40       		.byte	0x40
 812 031c 0B       		.uleb128 0xb
 813 031d 733900   		.ascii	"s9\000"
 814 0320 06       		.byte	0x6
 815 0321 0001     		.2byte	0x100
 816 0323 45020000 		.4byte	0x245
 817 0327 44       		.byte	0x44
 818 0328 0B       		.uleb128 0xb
 819 0329 73313000 		.ascii	"s10\000"
 820 032d 06       		.byte	0x6
 821 032e 0101     		.2byte	0x101
 822 0330 45020000 		.4byte	0x245
 823 0334 48       		.byte	0x48
 824 0335 0B       		.uleb128 0xb
 825 0336 73313100 		.ascii	"s11\000"
 826 033a 06       		.byte	0x6
 827 033b 0201     		.2byte	0x102
 828 033d 45020000 		.4byte	0x245
 829 0341 4C       		.byte	0x4c
 830 0342 0B       		.uleb128 0xb
 831 0343 73313200 		.ascii	"s12\000"
 832 0347 06       		.byte	0x6
 833 0348 0301     		.2byte	0x103
 834 034a 45020000 		.4byte	0x245
 835 034e 50       		.byte	0x50
 836 034f 0B       		.uleb128 0xb
 837 0350 73313300 		.ascii	"s13\000"
 838 0354 06       		.byte	0x6
 839 0355 0401     		.2byte	0x104
 840 0357 45020000 		.4byte	0x245
 841 035b 54       		.byte	0x54
 842 035c 0B       		.uleb128 0xb
 843 035d 73313400 		.ascii	"s14\000"
 844 0361 06       		.byte	0x6
 845 0362 0501     		.2byte	0x105
ARM GAS  /tmp/ccfMhyIo.s 			page 16


 846 0364 45020000 		.4byte	0x245
 847 0368 58       		.byte	0x58
 848 0369 0B       		.uleb128 0xb
 849 036a 73313500 		.ascii	"s15\000"
 850 036e 06       		.byte	0x6
 851 036f 0601     		.2byte	0x106
 852 0371 45020000 		.4byte	0x245
 853 0375 5C       		.byte	0x5c
 854 0376 0C       		.uleb128 0xc
 855 0377 F1030000 		.4byte	.LASF47
 856 037b 06       		.byte	0x6
 857 037c 0701     		.2byte	0x107
 858 037e 45020000 		.4byte	0x245
 859 0382 60       		.byte	0x60
 860 0383 0C       		.uleb128 0xc
 861 0384 59030000 		.4byte	.LASF48
 862 0388 06       		.byte	0x6
 863 0389 0801     		.2byte	0x108
 864 038b 45020000 		.4byte	0x245
 865 038f 64       		.byte	0x64
 866 0390 00       		.byte	0
 867 0391 0D       		.uleb128 0xd
 868 0392 72040000 		.4byte	.LASF49
 869 0396 64       		.byte	0x64
 870 0397 06       		.byte	0x6
 871 0398 0C01     		.2byte	0x10c
 872 039a DD040000 		.4byte	0x4dd
 873 039e 0B       		.uleb128 0xb
 874 039f 73313600 		.ascii	"s16\000"
 875 03a3 06       		.byte	0x6
 876 03a4 0E01     		.2byte	0x10e
 877 03a6 45020000 		.4byte	0x245
 878 03aa 00       		.byte	0
 879 03ab 0B       		.uleb128 0xb
 880 03ac 73313700 		.ascii	"s17\000"
 881 03b0 06       		.byte	0x6
 882 03b1 0F01     		.2byte	0x10f
 883 03b3 45020000 		.4byte	0x245
 884 03b7 04       		.byte	0x4
 885 03b8 0B       		.uleb128 0xb
 886 03b9 73313800 		.ascii	"s18\000"
 887 03bd 06       		.byte	0x6
 888 03be 1001     		.2byte	0x110
 889 03c0 45020000 		.4byte	0x245
 890 03c4 08       		.byte	0x8
 891 03c5 0B       		.uleb128 0xb
 892 03c6 73313900 		.ascii	"s19\000"
 893 03ca 06       		.byte	0x6
 894 03cb 1101     		.2byte	0x111
 895 03cd 45020000 		.4byte	0x245
 896 03d1 0C       		.byte	0xc
 897 03d2 0B       		.uleb128 0xb
 898 03d3 73323000 		.ascii	"s20\000"
 899 03d7 06       		.byte	0x6
 900 03d8 1201     		.2byte	0x112
 901 03da 45020000 		.4byte	0x245
 902 03de 10       		.byte	0x10
ARM GAS  /tmp/ccfMhyIo.s 			page 17


 903 03df 0B       		.uleb128 0xb
 904 03e0 73323100 		.ascii	"s21\000"
 905 03e4 06       		.byte	0x6
 906 03e5 1301     		.2byte	0x113
 907 03e7 45020000 		.4byte	0x245
 908 03eb 14       		.byte	0x14
 909 03ec 0B       		.uleb128 0xb
 910 03ed 73323200 		.ascii	"s22\000"
 911 03f1 06       		.byte	0x6
 912 03f2 1401     		.2byte	0x114
 913 03f4 45020000 		.4byte	0x245
 914 03f8 18       		.byte	0x18
 915 03f9 0B       		.uleb128 0xb
 916 03fa 73323300 		.ascii	"s23\000"
 917 03fe 06       		.byte	0x6
 918 03ff 1501     		.2byte	0x115
 919 0401 45020000 		.4byte	0x245
 920 0405 1C       		.byte	0x1c
 921 0406 0B       		.uleb128 0xb
 922 0407 73323400 		.ascii	"s24\000"
 923 040b 06       		.byte	0x6
 924 040c 1601     		.2byte	0x116
 925 040e 45020000 		.4byte	0x245
 926 0412 20       		.byte	0x20
 927 0413 0B       		.uleb128 0xb
 928 0414 73323500 		.ascii	"s25\000"
 929 0418 06       		.byte	0x6
 930 0419 1701     		.2byte	0x117
 931 041b 45020000 		.4byte	0x245
 932 041f 24       		.byte	0x24
 933 0420 0B       		.uleb128 0xb
 934 0421 73323600 		.ascii	"s26\000"
 935 0425 06       		.byte	0x6
 936 0426 1801     		.2byte	0x118
 937 0428 45020000 		.4byte	0x245
 938 042c 28       		.byte	0x28
 939 042d 0B       		.uleb128 0xb
 940 042e 73323700 		.ascii	"s27\000"
 941 0432 06       		.byte	0x6
 942 0433 1901     		.2byte	0x119
 943 0435 45020000 		.4byte	0x245
 944 0439 2C       		.byte	0x2c
 945 043a 0B       		.uleb128 0xb
 946 043b 73323800 		.ascii	"s28\000"
 947 043f 06       		.byte	0x6
 948 0440 1A01     		.2byte	0x11a
 949 0442 45020000 		.4byte	0x245
 950 0446 30       		.byte	0x30
 951 0447 0B       		.uleb128 0xb
 952 0448 73323900 		.ascii	"s29\000"
 953 044c 06       		.byte	0x6
 954 044d 1B01     		.2byte	0x11b
 955 044f 45020000 		.4byte	0x245
 956 0453 34       		.byte	0x34
 957 0454 0B       		.uleb128 0xb
 958 0455 73333000 		.ascii	"s30\000"
 959 0459 06       		.byte	0x6
ARM GAS  /tmp/ccfMhyIo.s 			page 18


 960 045a 1C01     		.2byte	0x11c
 961 045c 45020000 		.4byte	0x245
 962 0460 38       		.byte	0x38
 963 0461 0B       		.uleb128 0xb
 964 0462 73333100 		.ascii	"s31\000"
 965 0466 06       		.byte	0x6
 966 0467 1D01     		.2byte	0x11d
 967 0469 45020000 		.4byte	0x245
 968 046d 3C       		.byte	0x3c
 969 046e 0B       		.uleb128 0xb
 970 046f 723400   		.ascii	"r4\000"
 971 0472 06       		.byte	0x6
 972 0473 1F01     		.2byte	0x11f
 973 0475 45020000 		.4byte	0x245
 974 0479 40       		.byte	0x40
 975 047a 0B       		.uleb128 0xb
 976 047b 723500   		.ascii	"r5\000"
 977 047e 06       		.byte	0x6
 978 047f 2001     		.2byte	0x120
 979 0481 45020000 		.4byte	0x245
 980 0485 44       		.byte	0x44
 981 0486 0B       		.uleb128 0xb
 982 0487 723600   		.ascii	"r6\000"
 983 048a 06       		.byte	0x6
 984 048b 2101     		.2byte	0x121
 985 048d 45020000 		.4byte	0x245
 986 0491 48       		.byte	0x48
 987 0492 0B       		.uleb128 0xb
 988 0493 723700   		.ascii	"r7\000"
 989 0496 06       		.byte	0x6
 990 0497 2201     		.2byte	0x122
 991 0499 45020000 		.4byte	0x245
 992 049d 4C       		.byte	0x4c
 993 049e 0B       		.uleb128 0xb
 994 049f 723800   		.ascii	"r8\000"
 995 04a2 06       		.byte	0x6
 996 04a3 2301     		.2byte	0x123
 997 04a5 45020000 		.4byte	0x245
 998 04a9 50       		.byte	0x50
 999 04aa 0B       		.uleb128 0xb
 1000 04ab 723900   		.ascii	"r9\000"
 1001 04ae 06       		.byte	0x6
 1002 04af 2401     		.2byte	0x124
 1003 04b1 45020000 		.4byte	0x245
 1004 04b5 54       		.byte	0x54
 1005 04b6 0B       		.uleb128 0xb
 1006 04b7 72313000 		.ascii	"r10\000"
 1007 04bb 06       		.byte	0x6
 1008 04bc 2501     		.2byte	0x125
 1009 04be 45020000 		.4byte	0x245
 1010 04c2 58       		.byte	0x58
 1011 04c3 0B       		.uleb128 0xb
 1012 04c4 72313100 		.ascii	"r11\000"
 1013 04c8 06       		.byte	0x6
 1014 04c9 2601     		.2byte	0x126
 1015 04cb 45020000 		.4byte	0x245
 1016 04cf 5C       		.byte	0x5c
ARM GAS  /tmp/ccfMhyIo.s 			page 19


 1017 04d0 0B       		.uleb128 0xb
 1018 04d1 6C7200   		.ascii	"lr\000"
 1019 04d4 06       		.byte	0x6
 1020 04d5 2701     		.2byte	0x127
 1021 04d7 45020000 		.4byte	0x245
 1022 04db 60       		.byte	0x60
 1023 04dc 00       		.byte	0
 1024 04dd 0D       		.uleb128 0xd
 1025 04de 95020000 		.4byte	.LASF50
 1026 04e2 04       		.byte	0x4
 1027 04e3 06       		.byte	0x6
 1028 04e4 3101     		.2byte	0x131
 1029 04e6 F8040000 		.4byte	0x4f8
 1030 04ea 0B       		.uleb128 0xb
 1031 04eb 72313300 		.ascii	"r13\000"
 1032 04ef 06       		.byte	0x6
 1033 04f0 3201     		.2byte	0x132
 1034 04f2 F8040000 		.4byte	0x4f8
 1035 04f6 00       		.byte	0
 1036 04f7 00       		.byte	0
 1037 04f8 09       		.uleb128 0x9
 1038 04f9 04       		.byte	0x4
 1039 04fa 91030000 		.4byte	0x391
 1040 04fe 04       		.uleb128 0x4
 1041 04ff 35040000 		.4byte	.LASF51
 1042 0503 07       		.byte	0x7
 1043 0504 3A       		.byte	0x3a
 1044 0505 09050000 		.4byte	0x509
 1045 0509 0E       		.uleb128 0xe
 1046 050a 6C000000 		.4byte	0x6c
 1047 050e 03       		.uleb128 0x3
 1048 050f 04       		.byte	0x4
 1049 0510 07       		.byte	0x7
 1050 0511 1E030000 		.4byte	.LASF52
 1051 0515 08       		.uleb128 0x8
 1052 0516 8C       		.byte	0x8c
 1053 0517 07       		.byte	0x7
 1054 0518 89       		.byte	0x89
 1055 0519 1A060000 		.4byte	0x61a
 1056 051d 06       		.uleb128 0x6
 1057 051e 77000000 		.4byte	.LASF53
 1058 0522 07       		.byte	0x7
 1059 0523 8A       		.byte	0x8a
 1060 0524 FE040000 		.4byte	0x4fe
 1061 0528 00       		.byte	0
 1062 0529 06       		.uleb128 0x6
 1063 052a B0020000 		.4byte	.LASF54
 1064 052e 07       		.byte	0x7
 1065 052f 8B       		.byte	0x8b
 1066 0530 FE040000 		.4byte	0x4fe
 1067 0534 04       		.byte	0x4
 1068 0535 06       		.uleb128 0x6
 1069 0536 7A020000 		.4byte	.LASF55
 1070 053a 07       		.byte	0x7
 1071 053b 8C       		.byte	0x8c
 1072 053c FE040000 		.4byte	0x4fe
 1073 0540 08       		.byte	0x8
ARM GAS  /tmp/ccfMhyIo.s 			page 20


 1074 0541 06       		.uleb128 0x6
 1075 0542 BB020000 		.4byte	.LASF56
 1076 0546 07       		.byte	0x7
 1077 0547 8D       		.byte	0x8d
 1078 0548 FE040000 		.4byte	0x4fe
 1079 054c 0C       		.byte	0xc
 1080 054d 07       		.uleb128 0x7
 1081 054e 53435200 		.ascii	"SCR\000"
 1082 0552 07       		.byte	0x7
 1083 0553 8E       		.byte	0x8e
 1084 0554 FE040000 		.4byte	0x4fe
 1085 0558 10       		.byte	0x10
 1086 0559 07       		.uleb128 0x7
 1087 055a 43435200 		.ascii	"CCR\000"
 1088 055e 07       		.byte	0x7
 1089 055f 8F       		.byte	0x8f
 1090 0560 FE040000 		.4byte	0x4fe
 1091 0564 14       		.byte	0x14
 1092 0565 06       		.uleb128 0x6
 1093 0566 6D040000 		.4byte	.LASF57
 1094 056a 07       		.byte	0x7
 1095 056b 90       		.byte	0x90
 1096 056c 2A060000 		.4byte	0x62a
 1097 0570 18       		.byte	0x18
 1098 0571 06       		.uleb128 0x6
 1099 0572 A3030000 		.4byte	.LASF58
 1100 0576 07       		.byte	0x7
 1101 0577 91       		.byte	0x91
 1102 0578 FE040000 		.4byte	0x4fe
 1103 057c 24       		.byte	0x24
 1104 057d 06       		.uleb128 0x6
 1105 057e 27030000 		.4byte	.LASF59
 1106 0582 07       		.byte	0x7
 1107 0583 92       		.byte	0x92
 1108 0584 FE040000 		.4byte	0x4fe
 1109 0588 28       		.byte	0x28
 1110 0589 06       		.uleb128 0x6
 1111 058a 01050000 		.4byte	.LASF60
 1112 058e 07       		.byte	0x7
 1113 058f 93       		.byte	0x93
 1114 0590 FE040000 		.4byte	0x4fe
 1115 0594 2C       		.byte	0x2c
 1116 0595 06       		.uleb128 0x6
 1117 0596 C1020000 		.4byte	.LASF61
 1118 059a 07       		.byte	0x7
 1119 059b 94       		.byte	0x94
 1120 059c FE040000 		.4byte	0x4fe
 1121 05a0 30       		.byte	0x30
 1122 05a1 06       		.uleb128 0x6
 1123 05a2 C6020000 		.4byte	.LASF62
 1124 05a6 07       		.byte	0x7
 1125 05a7 95       		.byte	0x95
 1126 05a8 FE040000 		.4byte	0x4fe
 1127 05ac 34       		.byte	0x34
 1128 05ad 06       		.uleb128 0x6
 1129 05ae D2000000 		.4byte	.LASF63
 1130 05b2 07       		.byte	0x7
ARM GAS  /tmp/ccfMhyIo.s 			page 21


 1131 05b3 96       		.byte	0x96
 1132 05b4 FE040000 		.4byte	0x4fe
 1133 05b8 38       		.byte	0x38
 1134 05b9 06       		.uleb128 0x6
 1135 05ba E0000000 		.4byte	.LASF64
 1136 05be 07       		.byte	0x7
 1137 05bf 97       		.byte	0x97
 1138 05c0 FE040000 		.4byte	0x4fe
 1139 05c4 3C       		.byte	0x3c
 1140 05c5 07       		.uleb128 0x7
 1141 05c6 50465200 		.ascii	"PFR\000"
 1142 05ca 07       		.byte	0x7
 1143 05cb 98       		.byte	0x98
 1144 05cc 3F060000 		.4byte	0x63f
 1145 05d0 40       		.byte	0x40
 1146 05d1 07       		.uleb128 0x7
 1147 05d2 44465200 		.ascii	"DFR\000"
 1148 05d6 07       		.byte	0x7
 1149 05d7 99       		.byte	0x99
 1150 05d8 FE040000 		.4byte	0x4fe
 1151 05dc 48       		.byte	0x48
 1152 05dd 07       		.uleb128 0x7
 1153 05de 41445200 		.ascii	"ADR\000"
 1154 05e2 07       		.byte	0x7
 1155 05e3 9A       		.byte	0x9a
 1156 05e4 FE040000 		.4byte	0x4fe
 1157 05e8 4C       		.byte	0x4c
 1158 05e9 06       		.uleb128 0x6
 1159 05ea CF040000 		.4byte	.LASF65
 1160 05ee 07       		.byte	0x7
 1161 05ef 9B       		.byte	0x9b
 1162 05f0 54060000 		.4byte	0x654
 1163 05f4 50       		.byte	0x50
 1164 05f5 07       		.uleb128 0x7
 1165 05f6 53415200 		.ascii	"SAR\000"
 1166 05fa 07       		.byte	0x7
 1167 05fb 9C       		.byte	0x9c
 1168 05fc 69060000 		.4byte	0x669
 1169 0600 60       		.byte	0x60
 1170 0601 06       		.uleb128 0x6
 1171 0602 28040000 		.4byte	.LASF66
 1172 0606 07       		.byte	0x7
 1173 0607 9D       		.byte	0x9d
 1174 0608 6E060000 		.4byte	0x66e
 1175 060c 74       		.byte	0x74
 1176 060d 06       		.uleb128 0x6
 1177 060e FB040000 		.4byte	.LASF67
 1178 0612 07       		.byte	0x7
 1179 0613 9E       		.byte	0x9e
 1180 0614 FE040000 		.4byte	0x4fe
 1181 0618 88       		.byte	0x88
 1182 0619 00       		.byte	0
 1183 061a 0F       		.uleb128 0xf
 1184 061b FE040000 		.4byte	0x4fe
 1185 061f 2A060000 		.4byte	0x62a
 1186 0623 10       		.uleb128 0x10
 1187 0624 0E050000 		.4byte	0x50e
ARM GAS  /tmp/ccfMhyIo.s 			page 22


 1188 0628 02       		.byte	0x2
 1189 0629 00       		.byte	0
 1190 062a 0E       		.uleb128 0xe
 1191 062b 1A060000 		.4byte	0x61a
 1192 062f 0F       		.uleb128 0xf
 1193 0630 FE040000 		.4byte	0x4fe
 1194 0634 3F060000 		.4byte	0x63f
 1195 0638 10       		.uleb128 0x10
 1196 0639 0E050000 		.4byte	0x50e
 1197 063d 01       		.byte	0x1
 1198 063e 00       		.byte	0
 1199 063f 0E       		.uleb128 0xe
 1200 0640 2F060000 		.4byte	0x62f
 1201 0644 0F       		.uleb128 0xf
 1202 0645 FE040000 		.4byte	0x4fe
 1203 0649 54060000 		.4byte	0x654
 1204 064d 10       		.uleb128 0x10
 1205 064e 0E050000 		.4byte	0x50e
 1206 0652 03       		.byte	0x3
 1207 0653 00       		.byte	0
 1208 0654 0E       		.uleb128 0xe
 1209 0655 44060000 		.4byte	0x644
 1210 0659 0F       		.uleb128 0xf
 1211 065a FE040000 		.4byte	0x4fe
 1212 065e 69060000 		.4byte	0x669
 1213 0662 10       		.uleb128 0x10
 1214 0663 0E050000 		.4byte	0x50e
 1215 0667 04       		.byte	0x4
 1216 0668 00       		.byte	0
 1217 0669 0E       		.uleb128 0xe
 1218 066a 59060000 		.4byte	0x659
 1219 066e 0E       		.uleb128 0xe
 1220 066f 59060000 		.4byte	0x659
 1221 0673 04       		.uleb128 0x4
 1222 0674 37000000 		.4byte	.LASF68
 1223 0678 07       		.byte	0x7
 1224 0679 9F       		.byte	0x9f
 1225 067a 15050000 		.4byte	0x515
 1226 067e 08       		.uleb128 0x8
 1227 067f 18       		.byte	0x18
 1228 0680 07       		.byte	0x7
 1229 0681 CC       		.byte	0xcc
 1230 0682 CF060000 		.4byte	0x6cf
 1231 0686 06       		.uleb128 0x6
 1232 0687 28040000 		.4byte	.LASF66
 1233 068b 07       		.byte	0x7
 1234 068c CD       		.byte	0xcd
 1235 068d DF060000 		.4byte	0x6df
 1236 0691 00       		.byte	0
 1237 0692 06       		.uleb128 0x6
 1238 0693 18030000 		.4byte	.LASF69
 1239 0697 07       		.byte	0x7
 1240 0698 CE       		.byte	0xce
 1241 0699 FE040000 		.4byte	0x4fe
 1242 069d 04       		.byte	0x4
 1243 069e 06       		.uleb128 0x6
 1244 069f FF030000 		.4byte	.LASF70
ARM GAS  /tmp/ccfMhyIo.s 			page 23


 1245 06a3 07       		.byte	0x7
 1246 06a4 CF       		.byte	0xcf
 1247 06a5 FE040000 		.4byte	0x4fe
 1248 06a9 08       		.byte	0x8
 1249 06aa 06       		.uleb128 0x6
 1250 06ab 30000000 		.4byte	.LASF71
 1251 06af 07       		.byte	0x7
 1252 06b0 D0       		.byte	0xd0
 1253 06b1 FE040000 		.4byte	0x4fe
 1254 06b5 0C       		.byte	0xc
 1255 06b6 06       		.uleb128 0x6
 1256 06b7 5F030000 		.4byte	.LASF72
 1257 06bb 07       		.byte	0x7
 1258 06bc D1       		.byte	0xd1
 1259 06bd FE040000 		.4byte	0x4fe
 1260 06c1 10       		.byte	0x10
 1261 06c2 06       		.uleb128 0x6
 1262 06c3 65030000 		.4byte	.LASF73
 1263 06c7 07       		.byte	0x7
 1264 06c8 D2       		.byte	0xd2
 1265 06c9 FE040000 		.4byte	0x4fe
 1266 06cd 14       		.byte	0x14
 1267 06ce 00       		.byte	0
 1268 06cf 0F       		.uleb128 0xf
 1269 06d0 FE040000 		.4byte	0x4fe
 1270 06d4 DF060000 		.4byte	0x6df
 1271 06d8 10       		.uleb128 0x10
 1272 06d9 0E050000 		.4byte	0x50e
 1273 06dd 00       		.byte	0
 1274 06de 00       		.byte	0
 1275 06df 0E       		.uleb128 0xe
 1276 06e0 CF060000 		.4byte	0x6cf
 1277 06e4 04       		.uleb128 0x4
 1278 06e5 C5030000 		.4byte	.LASF74
 1279 06e9 07       		.byte	0x7
 1280 06ea D3       		.byte	0xd3
 1281 06eb 7E060000 		.4byte	0x67e
 1282 06ef 0E       		.uleb128 0xe
 1283 06f0 E0000000 		.4byte	0xe0
 1284 06f4 08       		.uleb128 0x8
 1285 06f5 1C       		.byte	0x1c
 1286 06f6 08       		.byte	0x8
 1287 06f7 5E       		.byte	0x5e
 1288 06f8 45070000 		.4byte	0x745
 1289 06fc 06       		.uleb128 0x6
 1290 06fd 20040000 		.4byte	.LASF75
 1291 0701 08       		.byte	0x8
 1292 0702 5F       		.byte	0x5f
 1293 0703 1A020000 		.4byte	0x21a
 1294 0707 00       		.byte	0
 1295 0708 06       		.uleb128 0x6
 1296 0709 DC030000 		.4byte	.LASF76
 1297 070d 08       		.byte	0x8
 1298 070e 60       		.byte	0x60
 1299 070f BF000000 		.4byte	0xbf
 1300 0713 08       		.byte	0x8
 1301 0714 06       		.uleb128 0x6
ARM GAS  /tmp/ccfMhyIo.s 			page 24


 1302 0715 34030000 		.4byte	.LASF77
 1303 0719 08       		.byte	0x8
 1304 071a 62       		.byte	0x62
 1305 071b DD040000 		.4byte	0x4dd
 1306 071f 0C       		.byte	0xc
 1307 0720 06       		.uleb128 0x6
 1308 0721 E5000000 		.4byte	.LASF78
 1309 0725 08       		.byte	0x8
 1310 0726 65       		.byte	0x65
 1311 0727 14020000 		.4byte	0x214
 1312 072b 10       		.byte	0x10
 1313 072c 06       		.uleb128 0x6
 1314 072d 51030000 		.4byte	.LASF79
 1315 0731 08       		.byte	0x8
 1316 0732 66       		.byte	0x66
 1317 0733 14020000 		.4byte	0x214
 1318 0737 14       		.byte	0x14
 1319 0738 06       		.uleb128 0x6
 1320 0739 47030000 		.4byte	.LASF80
 1321 073d 08       		.byte	0x8
 1322 073e 69       		.byte	0x69
 1323 073f 14020000 		.4byte	0x214
 1324 0743 18       		.byte	0x18
 1325 0744 00       		.byte	0
 1326 0745 04       		.uleb128 0x4
 1327 0746 8B040000 		.4byte	.LASF81
 1328 074a 08       		.byte	0x8
 1329 074b 6B       		.byte	0x6b
 1330 074c F4060000 		.4byte	0x6f4
 1331 0750 05       		.uleb128 0x5
 1332 0751 12030000 		.4byte	.LASF82
 1333 0755 10       		.byte	0x10
 1334 0756 09       		.byte	0x9
 1335 0757 2C       		.byte	0x2c
 1336 0758 81070000 		.4byte	0x781
 1337 075c 06       		.uleb128 0x6
 1338 075d A6000000 		.4byte	.LASF83
 1339 0761 09       		.byte	0x9
 1340 0762 2D       		.byte	0x2d
 1341 0763 1A020000 		.4byte	0x21a
 1342 0767 00       		.byte	0
 1343 0768 06       		.uleb128 0x6
 1344 0769 06050000 		.4byte	.LASF84
 1345 076d 09       		.byte	0x9
 1346 076e 2F       		.byte	0x2f
 1347 076f 14020000 		.4byte	0x214
 1348 0773 08       		.byte	0x8
 1349 0774 06       		.uleb128 0x6
 1350 0775 3D040000 		.4byte	.LASF85
 1351 0779 09       		.byte	0x9
 1352 077a 31       		.byte	0x31
 1353 077b 81070000 		.4byte	0x781
 1354 077f 0C       		.byte	0xc
 1355 0780 00       		.byte	0
 1356 0781 09       		.uleb128 0x9
 1357 0782 04       		.byte	0x4
 1358 0783 50070000 		.4byte	0x750
ARM GAS  /tmp/ccfMhyIo.s 			page 25


 1359 0787 04       		.uleb128 0x4
 1360 0788 12030000 		.4byte	.LASF82
 1361 078c 09       		.byte	0x9
 1362 078d 33       		.byte	0x33
 1363 078e 50070000 		.4byte	0x750
 1364 0792 11       		.uleb128 0x11
 1365 0793 04       		.byte	0x4
 1366 0794 05       		.byte	0x5
 1367 0795 96       		.byte	0x96
 1368 0796 C7070000 		.4byte	0x7c7
 1369 079a 12       		.uleb128 0x12
 1370 079b 29000000 		.4byte	.LASF86
 1371 079f 05       		.byte	0x5
 1372 07a0 9D       		.byte	0x9d
 1373 07a1 CA000000 		.4byte	0xca
 1374 07a5 12       		.uleb128 0x12
 1375 07a6 D7000000 		.4byte	.LASF87
 1376 07aa 05       		.byte	0x5
 1377 07ab A4       		.byte	0xa4
 1378 07ac CA000000 		.4byte	0xca
 1379 07b0 12       		.uleb128 0x12
 1380 07b1 ED040000 		.4byte	.LASF88
 1381 07b5 05       		.byte	0x5
 1382 07b6 AB       		.byte	0xab
 1383 07b7 50020000 		.4byte	0x250
 1384 07bb 12       		.uleb128 0x12
 1385 07bc E3030000 		.4byte	.LASF89
 1386 07c0 05       		.byte	0x5
 1387 07c1 B2       		.byte	0xb2
 1388 07c2 D5000000 		.4byte	0xd5
 1389 07c6 00       		.byte	0
 1390 07c7 09       		.uleb128 0x9
 1391 07c8 04       		.byte	0x4
 1392 07c9 CD070000 		.4byte	0x7cd
 1393 07cd 13       		.uleb128 0x13
 1394 07ce D2070000 		.4byte	0x7d2
 1395 07d2 03       		.uleb128 0x3
 1396 07d3 01       		.byte	0x1
 1397 07d4 08       		.byte	0x8
 1398 07d5 30040000 		.4byte	.LASF90
 1399 07d9 09       		.uleb128 0x9
 1400 07da 04       		.byte	0x4
 1401 07db 87070000 		.4byte	0x787
 1402 07df 14       		.uleb128 0x14
 1403 07e0 7F020000 		.4byte	.LASF91
 1404 07e4 01       		.byte	0x1
 1405 07e5 CF       		.byte	0xcf
 1406 07e6 00000000 		.4byte	.LFB11
 1407 07ea 06000000 		.4byte	.LFE11-.LFB11
 1408 07ee 01       		.uleb128 0x1
 1409 07ef 9C       		.byte	0x9c
 1410 07f0 FE070000 		.4byte	0x7fe
 1411 07f4 15       		.uleb128 0x15
 1412 07f5 04000000 		.4byte	.LVL0
 1413 07f9 DE090000 		.4byte	0x9de
 1414 07fd 00       		.byte	0
 1415 07fe 14       		.uleb128 0x14
ARM GAS  /tmp/ccfMhyIo.s 			page 26


 1416 07ff 59040000 		.4byte	.LASF92
 1417 0803 01       		.byte	0x1
 1418 0804 41       		.byte	0x41
 1419 0805 00000000 		.4byte	.LFB8
 1420 0809 24000000 		.4byte	.LFE8-.LFB8
 1421 080d 01       		.uleb128 0x1
 1422 080e 9C       		.byte	0x9c
 1423 080f 3A080000 		.4byte	0x83a
 1424 0813 16       		.uleb128 0x16
 1425 0814 73030000 		.4byte	.LASF93
 1426 0818 01       		.byte	0x1
 1427 0819 42       		.byte	0x42
 1428 081a 3A080000 		.4byte	0x83a
 1429 081e 00000000 		.4byte	.LLST0
 1430 0822 17       		.uleb128 0x17
 1431 0823 18000000 		.4byte	.LBB2
 1432 0827 0C000000 		.4byte	.LBE2-.LBB2
 1433 082b 18       		.uleb128 0x18
 1434 082c 746D7000 		.ascii	"tmp\000"
 1435 0830 01       		.byte	0x1
 1436 0831 51       		.byte	0x51
 1437 0832 6C000000 		.4byte	0x6c
 1438 0836 01       		.uleb128 0x1
 1439 0837 53       		.byte	0x53
 1440 0838 00       		.byte	0
 1441 0839 00       		.byte	0
 1442 083a 09       		.uleb128 0x9
 1443 083b 04       		.byte	0x4
 1444 083c 52020000 		.4byte	0x252
 1445 0840 14       		.uleb128 0x14
 1446 0841 E2040000 		.4byte	.LASF94
 1447 0845 01       		.byte	0x1
 1448 0846 76       		.byte	0x76
 1449 0847 00000000 		.4byte	.LFB9
 1450 084b 34000000 		.4byte	.LFE9-.LFB9
 1451 084f 01       		.uleb128 0x1
 1452 0850 9C       		.byte	0x9c
 1453 0851 9C080000 		.4byte	0x89c
 1454 0855 19       		.uleb128 0x19
 1455 0856 16000000 		.4byte	.LVL3
 1456 085a E5090000 		.4byte	0x9e5
 1457 085e 6D080000 		.4byte	0x86d
 1458 0862 1A       		.uleb128 0x1a
 1459 0863 01       		.uleb128 0x1
 1460 0864 51       		.byte	0x51
 1461 0865 01       		.uleb128 0x1
 1462 0866 40       		.byte	0x40
 1463 0867 1A       		.uleb128 0x1a
 1464 0868 01       		.uleb128 0x1
 1465 0869 50       		.byte	0x50
 1466 086a 01       		.uleb128 0x1
 1467 086b 37       		.byte	0x37
 1468 086c 00       		.byte	0
 1469 086d 19       		.uleb128 0x19
 1470 086e 1E000000 		.4byte	.LVL4
 1471 0872 E5090000 		.4byte	0x9e5
 1472 0876 86080000 		.4byte	0x886
ARM GAS  /tmp/ccfMhyIo.s 			page 27


 1473 087a 1A       		.uleb128 0x1a
 1474 087b 01       		.uleb128 0x1
 1475 087c 51       		.byte	0x51
 1476 087d 02       		.uleb128 0x2
 1477 087e 08       		.byte	0x8
 1478 087f 20       		.byte	0x20
 1479 0880 1A       		.uleb128 0x1a
 1480 0881 01       		.uleb128 0x1
 1481 0882 50       		.byte	0x50
 1482 0883 01       		.uleb128 0x1
 1483 0884 3A       		.byte	0x3a
 1484 0885 00       		.byte	0
 1485 0886 1B       		.uleb128 0x1b
 1486 0887 2A000000 		.4byte	.LVL5
 1487 088b E5090000 		.4byte	0x9e5
 1488 088f 1A       		.uleb128 0x1a
 1489 0890 01       		.uleb128 0x1
 1490 0891 51       		.byte	0x51
 1491 0892 02       		.uleb128 0x2
 1492 0893 08       		.byte	0x8
 1493 0894 80       		.byte	0x80
 1494 0895 1A       		.uleb128 0x1a
 1495 0896 01       		.uleb128 0x1
 1496 0897 50       		.byte	0x50
 1497 0898 01       		.uleb128 0x1
 1498 0899 3B       		.byte	0x3b
 1499 089a 00       		.byte	0
 1500 089b 00       		.byte	0
 1501 089c 14       		.uleb128 0x14
 1502 089d CC020000 		.4byte	.LASF95
 1503 08a1 01       		.byte	0x1
 1504 08a2 94       		.byte	0x94
 1505 08a3 00000000 		.4byte	.LFB10
 1506 08a7 84000000 		.4byte	.LFE10-.LFB10
 1507 08ab 01       		.uleb128 0x1
 1508 08ac 9C       		.byte	0x9c
 1509 08ad 16090000 		.4byte	0x916
 1510 08b1 1C       		.uleb128 0x1c
 1511 08b2 00000000 		.4byte	.LBB3
 1512 08b6 06000000 		.4byte	.LBE3-.LBB3
 1513 08ba CC080000 		.4byte	0x8cc
 1514 08be 18       		.uleb128 0x18
 1515 08bf 746D7000 		.ascii	"tmp\000"
 1516 08c3 01       		.byte	0x1
 1517 08c4 96       		.byte	0x96
 1518 08c5 6C000000 		.4byte	0x6c
 1519 08c9 01       		.uleb128 0x1
 1520 08ca 53       		.byte	0x53
 1521 08cb 00       		.byte	0
 1522 08cc 1D       		.uleb128 0x1d
 1523 08cd 00000000 		.4byte	.Ldebug_ranges0+0
 1524 08d1 FE080000 		.4byte	0x8fe
 1525 08d5 16       		.uleb128 0x16
 1526 08d6 73030000 		.4byte	.LASF93
 1527 08da 01       		.byte	0x1
 1528 08db 98       		.byte	0x98
 1529 08dc 3A080000 		.4byte	0x83a
ARM GAS  /tmp/ccfMhyIo.s 			page 28


 1530 08e0 21000000 		.4byte	.LLST1
 1531 08e4 17       		.uleb128 0x17
 1532 08e5 46000000 		.4byte	.LBB5
 1533 08e9 0C000000 		.4byte	.LBE5-.LBB5
 1534 08ed 16       		.uleb128 0x16
 1535 08ee 59030000 		.4byte	.LASF48
 1536 08f2 01       		.byte	0x1
 1537 08f3 B5       		.byte	0xb5
 1538 08f4 6C000000 		.4byte	0x6c
 1539 08f8 5E000000 		.4byte	.LLST2
 1540 08fc 00       		.byte	0
 1541 08fd 00       		.byte	0
 1542 08fe 17       		.uleb128 0x17
 1543 08ff 54000000 		.4byte	.LBB6
 1544 0903 06000000 		.4byte	.LBE6-.LBB6
 1545 0907 18       		.uleb128 0x18
 1546 0908 746D7000 		.ascii	"tmp\000"
 1547 090c 01       		.byte	0x1
 1548 090d C5       		.byte	0xc5
 1549 090e 6C000000 		.4byte	0x6c
 1550 0912 01       		.uleb128 0x1
 1551 0913 53       		.byte	0x53
 1552 0914 00       		.byte	0
 1553 0915 00       		.byte	0
 1554 0916 14       		.uleb128 0x14
 1555 0917 52000000 		.4byte	.LASF96
 1556 091b 01       		.byte	0x1
 1557 091c 2F       		.byte	0x2f
 1558 091d 00000000 		.4byte	.LFB7
 1559 0921 1A000000 		.4byte	.LFE7-.LFB7
 1560 0925 01       		.uleb128 0x1
 1561 0926 9C       		.byte	0x9c
 1562 0927 74090000 		.4byte	0x974
 1563 092b 1C       		.uleb128 0x1c
 1564 092c 02000000 		.4byte	.LBB8
 1565 0930 06000000 		.4byte	.LBE8-.LBB8
 1566 0934 46090000 		.4byte	0x946
 1567 0938 18       		.uleb128 0x18
 1568 0939 746D7000 		.ascii	"tmp\000"
 1569 093d 01       		.byte	0x1
 1570 093e 33       		.byte	0x33
 1571 093f 6C000000 		.4byte	0x6c
 1572 0943 01       		.uleb128 0x1
 1573 0944 53       		.byte	0x53
 1574 0945 00       		.byte	0
 1575 0946 1C       		.uleb128 0x1c
 1576 0947 0C000000 		.4byte	.LBB9
 1577 094b 06000000 		.4byte	.LBE9-.LBB9
 1578 094f 61090000 		.4byte	0x961
 1579 0953 18       		.uleb128 0x18
 1580 0954 746D7000 		.ascii	"tmp\000"
 1581 0958 01       		.byte	0x1
 1582 0959 35       		.byte	0x35
 1583 095a 6C000000 		.4byte	0x6c
 1584 095e 01       		.uleb128 0x1
 1585 095f 53       		.byte	0x53
 1586 0960 00       		.byte	0
ARM GAS  /tmp/ccfMhyIo.s 			page 29


 1587 0961 15       		.uleb128 0x15
 1588 0962 0C000000 		.4byte	.LVL13
 1589 0966 FC090000 		.4byte	0x9fc
 1590 096a 1E       		.uleb128 0x1e
 1591 096b 1A000000 		.4byte	.LVL14
 1592 096f 9C080000 		.4byte	0x89c
 1593 0973 00       		.byte	0
 1594 0974 14       		.uleb128 0x14
 1595 0975 5B020000 		.4byte	.LASF97
 1596 0979 01       		.byte	0x1
 1597 097a EC       		.byte	0xec
 1598 097b 00000000 		.4byte	.LFB12
 1599 097f 18000000 		.4byte	.LFE12-.LFB12
 1600 0983 01       		.uleb128 0x1
 1601 0984 9C       		.byte	0x9c
 1602 0985 A4090000 		.4byte	0x9a4
 1603 0989 1F       		.uleb128 0x1f
 1604 098a 6E747000 		.ascii	"ntp\000"
 1605 098e 01       		.byte	0x1
 1606 098f EC       		.byte	0xec
 1607 0990 14020000 		.4byte	0x214
 1608 0994 01       		.uleb128 0x1
 1609 0995 50       		.byte	0x50
 1610 0996 1F       		.uleb128 0x1f
 1611 0997 6F747000 		.ascii	"otp\000"
 1612 099b 01       		.byte	0x1
 1613 099c EC       		.byte	0xec
 1614 099d 14020000 		.4byte	0x214
 1615 09a1 01       		.uleb128 0x1
 1616 09a2 51       		.byte	0x51
 1617 09a3 00       		.byte	0
 1618 09a4 20       		.uleb128 0x20
 1619 09a5 E7020000 		.4byte	.LASF98
 1620 09a9 01       		.byte	0x1
 1621 09aa 0301     		.2byte	0x103
 1622 09ac 00000000 		.4byte	.LFB13
 1623 09b0 10000000 		.4byte	.LFE13-.LFB13
 1624 09b4 01       		.uleb128 0x1
 1625 09b5 9C       		.byte	0x9c
 1626 09b6 D3090000 		.4byte	0x9d3
 1627 09ba 17       		.uleb128 0x17
 1628 09bb 00000000 		.4byte	.LBB10
 1629 09bf 06000000 		.4byte	.LBE10-.LBB10
 1630 09c3 21       		.uleb128 0x21
 1631 09c4 746D7000 		.ascii	"tmp\000"
 1632 09c8 01       		.byte	0x1
 1633 09c9 0501     		.2byte	0x105
 1634 09cb 6C000000 		.4byte	0x6c
 1635 09cf 01       		.uleb128 0x1
 1636 09d0 53       		.byte	0x53
 1637 09d1 00       		.byte	0
 1638 09d2 00       		.byte	0
 1639 09d3 22       		.uleb128 0x22
 1640 09d4 D4040000 		.4byte	.LASF104
 1641 09d8 08       		.byte	0x8
 1642 09d9 6F       		.byte	0x6f
 1643 09da 45070000 		.4byte	0x745
ARM GAS  /tmp/ccfMhyIo.s 			page 30


 1644 09de 23       		.uleb128 0x23
 1645 09df 13010000 		.4byte	.LASF99
 1646 09e3 08       		.byte	0x8
 1647 09e4 A8       		.byte	0xa8
 1648 09e5 24       		.uleb128 0x24
 1649 09e6 ED000000 		.4byte	.LASF105
 1650 09ea 07       		.byte	0x7
 1651 09eb 2501     		.2byte	0x125
 1652 09ed FC090000 		.4byte	0x9fc
 1653 09f1 25       		.uleb128 0x25
 1654 09f2 6C000000 		.4byte	0x6c
 1655 09f6 25       		.uleb128 0x25
 1656 09f7 6C000000 		.4byte	0x6c
 1657 09fb 00       		.byte	0
 1658 09fc 23       		.uleb128 0x23
 1659 09fd 3F000000 		.4byte	.LASF100
 1660 0a01 0A       		.byte	0xa
 1661 0a02 F7       		.byte	0xf7
 1662 0a03 00       		.byte	0
 1663              		.section	.debug_abbrev,"",%progbits
 1664              	.Ldebug_abbrev0:
 1665 0000 01       		.uleb128 0x1
 1666 0001 11       		.uleb128 0x11
 1667 0002 01       		.byte	0x1
 1668 0003 25       		.uleb128 0x25
 1669 0004 0E       		.uleb128 0xe
 1670 0005 13       		.uleb128 0x13
 1671 0006 0B       		.uleb128 0xb
 1672 0007 03       		.uleb128 0x3
 1673 0008 0E       		.uleb128 0xe
 1674 0009 1B       		.uleb128 0x1b
 1675 000a 0E       		.uleb128 0xe
 1676 000b 55       		.uleb128 0x55
 1677 000c 17       		.uleb128 0x17
 1678 000d 11       		.uleb128 0x11
 1679 000e 01       		.uleb128 0x1
 1680 000f 10       		.uleb128 0x10
 1681 0010 17       		.uleb128 0x17
 1682 0011 00       		.byte	0
 1683 0012 00       		.byte	0
 1684 0013 02       		.uleb128 0x2
 1685 0014 24       		.uleb128 0x24
 1686 0015 00       		.byte	0
 1687 0016 0B       		.uleb128 0xb
 1688 0017 0B       		.uleb128 0xb
 1689 0018 3E       		.uleb128 0x3e
 1690 0019 0B       		.uleb128 0xb
 1691 001a 03       		.uleb128 0x3
 1692 001b 08       		.uleb128 0x8
 1693 001c 00       		.byte	0
 1694 001d 00       		.byte	0
 1695 001e 03       		.uleb128 0x3
 1696 001f 24       		.uleb128 0x24
 1697 0020 00       		.byte	0
 1698 0021 0B       		.uleb128 0xb
 1699 0022 0B       		.uleb128 0xb
 1700 0023 3E       		.uleb128 0x3e
ARM GAS  /tmp/ccfMhyIo.s 			page 31


 1701 0024 0B       		.uleb128 0xb
 1702 0025 03       		.uleb128 0x3
 1703 0026 0E       		.uleb128 0xe
 1704 0027 00       		.byte	0
 1705 0028 00       		.byte	0
 1706 0029 04       		.uleb128 0x4
 1707 002a 16       		.uleb128 0x16
 1708 002b 00       		.byte	0
 1709 002c 03       		.uleb128 0x3
 1710 002d 0E       		.uleb128 0xe
 1711 002e 3A       		.uleb128 0x3a
 1712 002f 0B       		.uleb128 0xb
 1713 0030 3B       		.uleb128 0x3b
 1714 0031 0B       		.uleb128 0xb
 1715 0032 49       		.uleb128 0x49
 1716 0033 13       		.uleb128 0x13
 1717 0034 00       		.byte	0
 1718 0035 00       		.byte	0
 1719 0036 05       		.uleb128 0x5
 1720 0037 13       		.uleb128 0x13
 1721 0038 01       		.byte	0x1
 1722 0039 03       		.uleb128 0x3
 1723 003a 0E       		.uleb128 0xe
 1724 003b 0B       		.uleb128 0xb
 1725 003c 0B       		.uleb128 0xb
 1726 003d 3A       		.uleb128 0x3a
 1727 003e 0B       		.uleb128 0xb
 1728 003f 3B       		.uleb128 0x3b
 1729 0040 0B       		.uleb128 0xb
 1730 0041 01       		.uleb128 0x1
 1731 0042 13       		.uleb128 0x13
 1732 0043 00       		.byte	0
 1733 0044 00       		.byte	0
 1734 0045 06       		.uleb128 0x6
 1735 0046 0D       		.uleb128 0xd
 1736 0047 00       		.byte	0
 1737 0048 03       		.uleb128 0x3
 1738 0049 0E       		.uleb128 0xe
 1739 004a 3A       		.uleb128 0x3a
 1740 004b 0B       		.uleb128 0xb
 1741 004c 3B       		.uleb128 0x3b
 1742 004d 0B       		.uleb128 0xb
 1743 004e 49       		.uleb128 0x49
 1744 004f 13       		.uleb128 0x13
 1745 0050 38       		.uleb128 0x38
 1746 0051 0B       		.uleb128 0xb
 1747 0052 00       		.byte	0
 1748 0053 00       		.byte	0
 1749 0054 07       		.uleb128 0x7
 1750 0055 0D       		.uleb128 0xd
 1751 0056 00       		.byte	0
 1752 0057 03       		.uleb128 0x3
 1753 0058 08       		.uleb128 0x8
 1754 0059 3A       		.uleb128 0x3a
 1755 005a 0B       		.uleb128 0xb
 1756 005b 3B       		.uleb128 0x3b
 1757 005c 0B       		.uleb128 0xb
ARM GAS  /tmp/ccfMhyIo.s 			page 32


 1758 005d 49       		.uleb128 0x49
 1759 005e 13       		.uleb128 0x13
 1760 005f 38       		.uleb128 0x38
 1761 0060 0B       		.uleb128 0xb
 1762 0061 00       		.byte	0
 1763 0062 00       		.byte	0
 1764 0063 08       		.uleb128 0x8
 1765 0064 13       		.uleb128 0x13
 1766 0065 01       		.byte	0x1
 1767 0066 0B       		.uleb128 0xb
 1768 0067 0B       		.uleb128 0xb
 1769 0068 3A       		.uleb128 0x3a
 1770 0069 0B       		.uleb128 0xb
 1771 006a 3B       		.uleb128 0x3b
 1772 006b 0B       		.uleb128 0xb
 1773 006c 01       		.uleb128 0x1
 1774 006d 13       		.uleb128 0x13
 1775 006e 00       		.byte	0
 1776 006f 00       		.byte	0
 1777 0070 09       		.uleb128 0x9
 1778 0071 0F       		.uleb128 0xf
 1779 0072 00       		.byte	0
 1780 0073 0B       		.uleb128 0xb
 1781 0074 0B       		.uleb128 0xb
 1782 0075 49       		.uleb128 0x49
 1783 0076 13       		.uleb128 0x13
 1784 0077 00       		.byte	0
 1785 0078 00       		.byte	0
 1786 0079 0A       		.uleb128 0xa
 1787 007a 0F       		.uleb128 0xf
 1788 007b 00       		.byte	0
 1789 007c 0B       		.uleb128 0xb
 1790 007d 0B       		.uleb128 0xb
 1791 007e 00       		.byte	0
 1792 007f 00       		.byte	0
 1793 0080 0B       		.uleb128 0xb
 1794 0081 0D       		.uleb128 0xd
 1795 0082 00       		.byte	0
 1796 0083 03       		.uleb128 0x3
 1797 0084 08       		.uleb128 0x8
 1798 0085 3A       		.uleb128 0x3a
 1799 0086 0B       		.uleb128 0xb
 1800 0087 3B       		.uleb128 0x3b
 1801 0088 05       		.uleb128 0x5
 1802 0089 49       		.uleb128 0x49
 1803 008a 13       		.uleb128 0x13
 1804 008b 38       		.uleb128 0x38
 1805 008c 0B       		.uleb128 0xb
 1806 008d 00       		.byte	0
 1807 008e 00       		.byte	0
 1808 008f 0C       		.uleb128 0xc
 1809 0090 0D       		.uleb128 0xd
 1810 0091 00       		.byte	0
 1811 0092 03       		.uleb128 0x3
 1812 0093 0E       		.uleb128 0xe
 1813 0094 3A       		.uleb128 0x3a
 1814 0095 0B       		.uleb128 0xb
ARM GAS  /tmp/ccfMhyIo.s 			page 33


 1815 0096 3B       		.uleb128 0x3b
 1816 0097 05       		.uleb128 0x5
 1817 0098 49       		.uleb128 0x49
 1818 0099 13       		.uleb128 0x13
 1819 009a 38       		.uleb128 0x38
 1820 009b 0B       		.uleb128 0xb
 1821 009c 00       		.byte	0
 1822 009d 00       		.byte	0
 1823 009e 0D       		.uleb128 0xd
 1824 009f 13       		.uleb128 0x13
 1825 00a0 01       		.byte	0x1
 1826 00a1 03       		.uleb128 0x3
 1827 00a2 0E       		.uleb128 0xe
 1828 00a3 0B       		.uleb128 0xb
 1829 00a4 0B       		.uleb128 0xb
 1830 00a5 3A       		.uleb128 0x3a
 1831 00a6 0B       		.uleb128 0xb
 1832 00a7 3B       		.uleb128 0x3b
 1833 00a8 05       		.uleb128 0x5
 1834 00a9 01       		.uleb128 0x1
 1835 00aa 13       		.uleb128 0x13
 1836 00ab 00       		.byte	0
 1837 00ac 00       		.byte	0
 1838 00ad 0E       		.uleb128 0xe
 1839 00ae 35       		.uleb128 0x35
 1840 00af 00       		.byte	0
 1841 00b0 49       		.uleb128 0x49
 1842 00b1 13       		.uleb128 0x13
 1843 00b2 00       		.byte	0
 1844 00b3 00       		.byte	0
 1845 00b4 0F       		.uleb128 0xf
 1846 00b5 01       		.uleb128 0x1
 1847 00b6 01       		.byte	0x1
 1848 00b7 49       		.uleb128 0x49
 1849 00b8 13       		.uleb128 0x13
 1850 00b9 01       		.uleb128 0x1
 1851 00ba 13       		.uleb128 0x13
 1852 00bb 00       		.byte	0
 1853 00bc 00       		.byte	0
 1854 00bd 10       		.uleb128 0x10
 1855 00be 21       		.uleb128 0x21
 1856 00bf 00       		.byte	0
 1857 00c0 49       		.uleb128 0x49
 1858 00c1 13       		.uleb128 0x13
 1859 00c2 2F       		.uleb128 0x2f
 1860 00c3 0B       		.uleb128 0xb
 1861 00c4 00       		.byte	0
 1862 00c5 00       		.byte	0
 1863 00c6 11       		.uleb128 0x11
 1864 00c7 17       		.uleb128 0x17
 1865 00c8 01       		.byte	0x1
 1866 00c9 0B       		.uleb128 0xb
 1867 00ca 0B       		.uleb128 0xb
 1868 00cb 3A       		.uleb128 0x3a
 1869 00cc 0B       		.uleb128 0xb
 1870 00cd 3B       		.uleb128 0x3b
 1871 00ce 0B       		.uleb128 0xb
ARM GAS  /tmp/ccfMhyIo.s 			page 34


 1872 00cf 01       		.uleb128 0x1
 1873 00d0 13       		.uleb128 0x13
 1874 00d1 00       		.byte	0
 1875 00d2 00       		.byte	0
 1876 00d3 12       		.uleb128 0x12
 1877 00d4 0D       		.uleb128 0xd
 1878 00d5 00       		.byte	0
 1879 00d6 03       		.uleb128 0x3
 1880 00d7 0E       		.uleb128 0xe
 1881 00d8 3A       		.uleb128 0x3a
 1882 00d9 0B       		.uleb128 0xb
 1883 00da 3B       		.uleb128 0x3b
 1884 00db 0B       		.uleb128 0xb
 1885 00dc 49       		.uleb128 0x49
 1886 00dd 13       		.uleb128 0x13
 1887 00de 00       		.byte	0
 1888 00df 00       		.byte	0
 1889 00e0 13       		.uleb128 0x13
 1890 00e1 26       		.uleb128 0x26
 1891 00e2 00       		.byte	0
 1892 00e3 49       		.uleb128 0x49
 1893 00e4 13       		.uleb128 0x13
 1894 00e5 00       		.byte	0
 1895 00e6 00       		.byte	0
 1896 00e7 14       		.uleb128 0x14
 1897 00e8 2E       		.uleb128 0x2e
 1898 00e9 01       		.byte	0x1
 1899 00ea 3F       		.uleb128 0x3f
 1900 00eb 19       		.uleb128 0x19
 1901 00ec 03       		.uleb128 0x3
 1902 00ed 0E       		.uleb128 0xe
 1903 00ee 3A       		.uleb128 0x3a
 1904 00ef 0B       		.uleb128 0xb
 1905 00f0 3B       		.uleb128 0x3b
 1906 00f1 0B       		.uleb128 0xb
 1907 00f2 27       		.uleb128 0x27
 1908 00f3 19       		.uleb128 0x19
 1909 00f4 11       		.uleb128 0x11
 1910 00f5 01       		.uleb128 0x1
 1911 00f6 12       		.uleb128 0x12
 1912 00f7 06       		.uleb128 0x6
 1913 00f8 40       		.uleb128 0x40
 1914 00f9 18       		.uleb128 0x18
 1915 00fa 9742     		.uleb128 0x2117
 1916 00fc 19       		.uleb128 0x19
 1917 00fd 01       		.uleb128 0x1
 1918 00fe 13       		.uleb128 0x13
 1919 00ff 00       		.byte	0
 1920 0100 00       		.byte	0
 1921 0101 15       		.uleb128 0x15
 1922 0102 898201   		.uleb128 0x4109
 1923 0105 00       		.byte	0
 1924 0106 11       		.uleb128 0x11
 1925 0107 01       		.uleb128 0x1
 1926 0108 31       		.uleb128 0x31
 1927 0109 13       		.uleb128 0x13
 1928 010a 00       		.byte	0
ARM GAS  /tmp/ccfMhyIo.s 			page 35


 1929 010b 00       		.byte	0
 1930 010c 16       		.uleb128 0x16
 1931 010d 34       		.uleb128 0x34
 1932 010e 00       		.byte	0
 1933 010f 03       		.uleb128 0x3
 1934 0110 0E       		.uleb128 0xe
 1935 0111 3A       		.uleb128 0x3a
 1936 0112 0B       		.uleb128 0xb
 1937 0113 3B       		.uleb128 0x3b
 1938 0114 0B       		.uleb128 0xb
 1939 0115 49       		.uleb128 0x49
 1940 0116 13       		.uleb128 0x13
 1941 0117 02       		.uleb128 0x2
 1942 0118 17       		.uleb128 0x17
 1943 0119 00       		.byte	0
 1944 011a 00       		.byte	0
 1945 011b 17       		.uleb128 0x17
 1946 011c 0B       		.uleb128 0xb
 1947 011d 01       		.byte	0x1
 1948 011e 11       		.uleb128 0x11
 1949 011f 01       		.uleb128 0x1
 1950 0120 12       		.uleb128 0x12
 1951 0121 06       		.uleb128 0x6
 1952 0122 00       		.byte	0
 1953 0123 00       		.byte	0
 1954 0124 18       		.uleb128 0x18
 1955 0125 34       		.uleb128 0x34
 1956 0126 00       		.byte	0
 1957 0127 03       		.uleb128 0x3
 1958 0128 08       		.uleb128 0x8
 1959 0129 3A       		.uleb128 0x3a
 1960 012a 0B       		.uleb128 0xb
 1961 012b 3B       		.uleb128 0x3b
 1962 012c 0B       		.uleb128 0xb
 1963 012d 49       		.uleb128 0x49
 1964 012e 13       		.uleb128 0x13
 1965 012f 02       		.uleb128 0x2
 1966 0130 18       		.uleb128 0x18
 1967 0131 00       		.byte	0
 1968 0132 00       		.byte	0
 1969 0133 19       		.uleb128 0x19
 1970 0134 898201   		.uleb128 0x4109
 1971 0137 01       		.byte	0x1
 1972 0138 11       		.uleb128 0x11
 1973 0139 01       		.uleb128 0x1
 1974 013a 31       		.uleb128 0x31
 1975 013b 13       		.uleb128 0x13
 1976 013c 01       		.uleb128 0x1
 1977 013d 13       		.uleb128 0x13
 1978 013e 00       		.byte	0
 1979 013f 00       		.byte	0
 1980 0140 1A       		.uleb128 0x1a
 1981 0141 8A8201   		.uleb128 0x410a
 1982 0144 00       		.byte	0
 1983 0145 02       		.uleb128 0x2
 1984 0146 18       		.uleb128 0x18
 1985 0147 9142     		.uleb128 0x2111
ARM GAS  /tmp/ccfMhyIo.s 			page 36


 1986 0149 18       		.uleb128 0x18
 1987 014a 00       		.byte	0
 1988 014b 00       		.byte	0
 1989 014c 1B       		.uleb128 0x1b
 1990 014d 898201   		.uleb128 0x4109
 1991 0150 01       		.byte	0x1
 1992 0151 11       		.uleb128 0x11
 1993 0152 01       		.uleb128 0x1
 1994 0153 9542     		.uleb128 0x2115
 1995 0155 19       		.uleb128 0x19
 1996 0156 31       		.uleb128 0x31
 1997 0157 13       		.uleb128 0x13
 1998 0158 00       		.byte	0
 1999 0159 00       		.byte	0
 2000 015a 1C       		.uleb128 0x1c
 2001 015b 0B       		.uleb128 0xb
 2002 015c 01       		.byte	0x1
 2003 015d 11       		.uleb128 0x11
 2004 015e 01       		.uleb128 0x1
 2005 015f 12       		.uleb128 0x12
 2006 0160 06       		.uleb128 0x6
 2007 0161 01       		.uleb128 0x1
 2008 0162 13       		.uleb128 0x13
 2009 0163 00       		.byte	0
 2010 0164 00       		.byte	0
 2011 0165 1D       		.uleb128 0x1d
 2012 0166 0B       		.uleb128 0xb
 2013 0167 01       		.byte	0x1
 2014 0168 55       		.uleb128 0x55
 2015 0169 17       		.uleb128 0x17
 2016 016a 01       		.uleb128 0x1
 2017 016b 13       		.uleb128 0x13
 2018 016c 00       		.byte	0
 2019 016d 00       		.byte	0
 2020 016e 1E       		.uleb128 0x1e
 2021 016f 898201   		.uleb128 0x4109
 2022 0172 00       		.byte	0
 2023 0173 11       		.uleb128 0x11
 2024 0174 01       		.uleb128 0x1
 2025 0175 9542     		.uleb128 0x2115
 2026 0177 19       		.uleb128 0x19
 2027 0178 31       		.uleb128 0x31
 2028 0179 13       		.uleb128 0x13
 2029 017a 00       		.byte	0
 2030 017b 00       		.byte	0
 2031 017c 1F       		.uleb128 0x1f
 2032 017d 05       		.uleb128 0x5
 2033 017e 00       		.byte	0
 2034 017f 03       		.uleb128 0x3
 2035 0180 08       		.uleb128 0x8
 2036 0181 3A       		.uleb128 0x3a
 2037 0182 0B       		.uleb128 0xb
 2038 0183 3B       		.uleb128 0x3b
 2039 0184 0B       		.uleb128 0xb
 2040 0185 49       		.uleb128 0x49
 2041 0186 13       		.uleb128 0x13
 2042 0187 02       		.uleb128 0x2
ARM GAS  /tmp/ccfMhyIo.s 			page 37


 2043 0188 18       		.uleb128 0x18
 2044 0189 00       		.byte	0
 2045 018a 00       		.byte	0
 2046 018b 20       		.uleb128 0x20
 2047 018c 2E       		.uleb128 0x2e
 2048 018d 01       		.byte	0x1
 2049 018e 3F       		.uleb128 0x3f
 2050 018f 19       		.uleb128 0x19
 2051 0190 03       		.uleb128 0x3
 2052 0191 0E       		.uleb128 0xe
 2053 0192 3A       		.uleb128 0x3a
 2054 0193 0B       		.uleb128 0xb
 2055 0194 3B       		.uleb128 0x3b
 2056 0195 05       		.uleb128 0x5
 2057 0196 27       		.uleb128 0x27
 2058 0197 19       		.uleb128 0x19
 2059 0198 11       		.uleb128 0x11
 2060 0199 01       		.uleb128 0x1
 2061 019a 12       		.uleb128 0x12
 2062 019b 06       		.uleb128 0x6
 2063 019c 40       		.uleb128 0x40
 2064 019d 18       		.uleb128 0x18
 2065 019e 9742     		.uleb128 0x2117
 2066 01a0 19       		.uleb128 0x19
 2067 01a1 01       		.uleb128 0x1
 2068 01a2 13       		.uleb128 0x13
 2069 01a3 00       		.byte	0
 2070 01a4 00       		.byte	0
 2071 01a5 21       		.uleb128 0x21
 2072 01a6 34       		.uleb128 0x34
 2073 01a7 00       		.byte	0
 2074 01a8 03       		.uleb128 0x3
 2075 01a9 08       		.uleb128 0x8
 2076 01aa 3A       		.uleb128 0x3a
 2077 01ab 0B       		.uleb128 0xb
 2078 01ac 3B       		.uleb128 0x3b
 2079 01ad 05       		.uleb128 0x5
 2080 01ae 49       		.uleb128 0x49
 2081 01af 13       		.uleb128 0x13
 2082 01b0 02       		.uleb128 0x2
 2083 01b1 18       		.uleb128 0x18
 2084 01b2 00       		.byte	0
 2085 01b3 00       		.byte	0
 2086 01b4 22       		.uleb128 0x22
 2087 01b5 34       		.uleb128 0x34
 2088 01b6 00       		.byte	0
 2089 01b7 03       		.uleb128 0x3
 2090 01b8 0E       		.uleb128 0xe
 2091 01b9 3A       		.uleb128 0x3a
 2092 01ba 0B       		.uleb128 0xb
 2093 01bb 3B       		.uleb128 0x3b
 2094 01bc 0B       		.uleb128 0xb
 2095 01bd 49       		.uleb128 0x49
 2096 01be 13       		.uleb128 0x13
 2097 01bf 3F       		.uleb128 0x3f
 2098 01c0 19       		.uleb128 0x19
 2099 01c1 3C       		.uleb128 0x3c
ARM GAS  /tmp/ccfMhyIo.s 			page 38


 2100 01c2 19       		.uleb128 0x19
 2101 01c3 00       		.byte	0
 2102 01c4 00       		.byte	0
 2103 01c5 23       		.uleb128 0x23
 2104 01c6 2E       		.uleb128 0x2e
 2105 01c7 00       		.byte	0
 2106 01c8 3F       		.uleb128 0x3f
 2107 01c9 19       		.uleb128 0x19
 2108 01ca 03       		.uleb128 0x3
 2109 01cb 0E       		.uleb128 0xe
 2110 01cc 3A       		.uleb128 0x3a
 2111 01cd 0B       		.uleb128 0xb
 2112 01ce 3B       		.uleb128 0x3b
 2113 01cf 0B       		.uleb128 0xb
 2114 01d0 27       		.uleb128 0x27
 2115 01d1 19       		.uleb128 0x19
 2116 01d2 3C       		.uleb128 0x3c
 2117 01d3 19       		.uleb128 0x19
 2118 01d4 00       		.byte	0
 2119 01d5 00       		.byte	0
 2120 01d6 24       		.uleb128 0x24
 2121 01d7 2E       		.uleb128 0x2e
 2122 01d8 01       		.byte	0x1
 2123 01d9 3F       		.uleb128 0x3f
 2124 01da 19       		.uleb128 0x19
 2125 01db 03       		.uleb128 0x3
 2126 01dc 0E       		.uleb128 0xe
 2127 01dd 3A       		.uleb128 0x3a
 2128 01de 0B       		.uleb128 0xb
 2129 01df 3B       		.uleb128 0x3b
 2130 01e0 05       		.uleb128 0x5
 2131 01e1 27       		.uleb128 0x27
 2132 01e2 19       		.uleb128 0x19
 2133 01e3 3C       		.uleb128 0x3c
 2134 01e4 19       		.uleb128 0x19
 2135 01e5 01       		.uleb128 0x1
 2136 01e6 13       		.uleb128 0x13
 2137 01e7 00       		.byte	0
 2138 01e8 00       		.byte	0
 2139 01e9 25       		.uleb128 0x25
 2140 01ea 05       		.uleb128 0x5
 2141 01eb 00       		.byte	0
 2142 01ec 49       		.uleb128 0x49
 2143 01ed 13       		.uleb128 0x13
 2144 01ee 00       		.byte	0
 2145 01ef 00       		.byte	0
 2146 01f0 00       		.byte	0
 2147              		.section	.debug_loc,"",%progbits
 2148              	.Ldebug_loc0:
 2149              	.LLST0:
 2150 0000 04000000 		.4byte	.LVL1
 2151 0004 12000000 		.4byte	.LVL2
 2152 0008 0400     		.2byte	0x4
 2153 000a 72       		.byte	0x72
 2154 000b E800     		.sleb128 104
 2155 000d 9F       		.byte	0x9f
 2156 000e 12000000 		.4byte	.LVL2
ARM GAS  /tmp/ccfMhyIo.s 			page 39


 2157 0012 24000000 		.4byte	.LFE8
 2158 0016 0100     		.2byte	0x1
 2159 0018 52       		.byte	0x52
 2160 0019 00000000 		.4byte	0
 2161 001d 00000000 		.4byte	0
 2162              	.LLST1:
 2163 0021 14000000 		.4byte	.LVL6
 2164 0025 18000000 		.4byte	.LVL7
 2165 0029 0400     		.2byte	0x4
 2166 002b 73       		.byte	0x73
 2167 002c 987F     		.sleb128 -104
 2168 002e 9F       		.byte	0x9f
 2169 002f 18000000 		.4byte	.LVL7
 2170 0033 24000000 		.4byte	.LVL8
 2171 0037 0100     		.2byte	0x1
 2172 0039 52       		.byte	0x52
 2173 003a 24000000 		.4byte	.LVL8
 2174 003e 54000000 		.4byte	.LVL11
 2175 0042 0400     		.2byte	0x4
 2176 0044 73       		.byte	0x73
 2177 0045 987F     		.sleb128 -104
 2178 0047 9F       		.byte	0x9f
 2179 0048 5A000000 		.4byte	.LVL12
 2180 004c 84000000 		.4byte	.LFE10
 2181 0050 0400     		.2byte	0x4
 2182 0052 73       		.byte	0x73
 2183 0053 987F     		.sleb128 -104
 2184 0055 9F       		.byte	0x9f
 2185 0056 00000000 		.4byte	0
 2186 005a 00000000 		.4byte	0
 2187              	.LLST2:
 2188 005e 4A000000 		.4byte	.LVL9
 2189 0062 50000000 		.4byte	.LVL10
 2190 0066 0100     		.2byte	0x1
 2191 0068 51       		.byte	0x51
 2192 0069 50000000 		.4byte	.LVL10
 2193 006d 54000000 		.4byte	.LVL11
 2194 0071 0300     		.2byte	0x3
 2195 0073 73       		.byte	0x73
 2196 0074 E400     		.sleb128 100
 2197 0076 00000000 		.4byte	0
 2198 007a 00000000 		.4byte	0
 2199              		.section	.debug_aranges,"",%progbits
 2200 0000 4C000000 		.4byte	0x4c
 2201 0004 0200     		.2byte	0x2
 2202 0006 00000000 		.4byte	.Ldebug_info0
 2203 000a 04       		.byte	0x4
 2204 000b 00       		.byte	0
 2205 000c 0000     		.2byte	0
 2206 000e 0000     		.2byte	0
 2207 0010 00000000 		.4byte	.LFB11
 2208 0014 06000000 		.4byte	.LFE11-.LFB11
 2209 0018 00000000 		.4byte	.LFB8
 2210 001c 24000000 		.4byte	.LFE8-.LFB8
 2211 0020 00000000 		.4byte	.LFB9
 2212 0024 34000000 		.4byte	.LFE9-.LFB9
 2213 0028 00000000 		.4byte	.LFB10
ARM GAS  /tmp/ccfMhyIo.s 			page 40


 2214 002c 84000000 		.4byte	.LFE10-.LFB10
 2215 0030 00000000 		.4byte	.LFB7
 2216 0034 1A000000 		.4byte	.LFE7-.LFB7
 2217 0038 00000000 		.4byte	.LFB12
 2218 003c 18000000 		.4byte	.LFE12-.LFB12
 2219 0040 00000000 		.4byte	.LFB13
 2220 0044 10000000 		.4byte	.LFE13-.LFB13
 2221 0048 00000000 		.4byte	0
 2222 004c 00000000 		.4byte	0
 2223              		.section	.debug_ranges,"",%progbits
 2224              	.Ldebug_ranges0:
 2225 0000 10000000 		.4byte	.LBB4
 2226 0004 54000000 		.4byte	.LBE4
 2227 0008 5A000000 		.4byte	.LBB7
 2228 000c 84000000 		.4byte	.LBE7
 2229 0010 00000000 		.4byte	0
 2230 0014 00000000 		.4byte	0
 2231 0018 00000000 		.4byte	.LFB11
 2232 001c 06000000 		.4byte	.LFE11
 2233 0020 00000000 		.4byte	.LFB8
 2234 0024 24000000 		.4byte	.LFE8
 2235 0028 00000000 		.4byte	.LFB9
 2236 002c 34000000 		.4byte	.LFE9
 2237 0030 00000000 		.4byte	.LFB10
 2238 0034 84000000 		.4byte	.LFE10
 2239 0038 00000000 		.4byte	.LFB7
 2240 003c 1A000000 		.4byte	.LFE7
 2241 0040 00000000 		.4byte	.LFB12
 2242 0044 18000000 		.4byte	.LFE12
 2243 0048 00000000 		.4byte	.LFB13
 2244 004c 10000000 		.4byte	.LFE13
 2245 0050 00000000 		.4byte	0
 2246 0054 00000000 		.4byte	0
 2247              		.section	.debug_line,"",%progbits
 2248              	.Ldebug_line0:
 2249 0000 F4010000 		.section	.debug_str,"MS",%progbits,1
 2249      02003701 
 2249      00000201 
 2249      FB0E0D00 
 2249      01010101 
 2250              	.LASF36:
 2251 0000 705F6D73 		.ascii	"p_msg\000"
 2251      6700
 2252              	.LASF103:
 2253 0006 2F686F6D 		.ascii	"/home/brian/aithon/ProjectTemplate\000"
 2253      652F6272 
 2253      69616E2F 
 2253      61697468 
 2253      6F6E2F50 
 2254              	.LASF86:
 2255 0029 7264796D 		.ascii	"rdymsg\000"
 2255      736700
 2256              	.LASF71:
 2257 0030 46504453 		.ascii	"FPDSCR\000"
 2257      435200
 2258              	.LASF68:
 2259 0037 434D785F 		.ascii	"CMx_SCB\000"
ARM GAS  /tmp/ccfMhyIo.s 			page 41


 2259      53434200 
 2260              	.LASF100:
 2261 003f 63685379 		.ascii	"chSysTimerHandlerI\000"
 2261      7354696D 
 2261      65724861 
 2261      6E646C65 
 2261      724900
 2262              	.LASF96:
 2263 0052 53797354 		.ascii	"SysTickVector\000"
 2263      69636B56 
 2263      6563746F 
 2263      7200
 2264              	.LASF11:
 2265 0060 6C6F6E67 		.ascii	"long long unsigned int\000"
 2265      206C6F6E 
 2265      6720756E 
 2265      7369676E 
 2265      65642069 
 2266              	.LASF53:
 2267 0077 43505549 		.ascii	"CPUID\000"
 2267      4400
 2268              	.LASF24:
 2269 007d 705F7072 		.ascii	"p_prio\000"
 2269      696F00
 2270              	.LASF10:
 2271 0084 6C6F6E67 		.ascii	"long long int\000"
 2271      206C6F6E 
 2271      6720696E 
 2271      7400
 2272              	.LASF1:
 2273 0092 7369676E 		.ascii	"signed char\000"
 2273      65642063 
 2273      68617200 
 2274              	.LASF40:
 2275 009e 705F6D70 		.ascii	"p_mpool\000"
 2275      6F6F6C00 
 2276              	.LASF83:
 2277 00a6 6D5F7175 		.ascii	"m_queue\000"
 2277      65756500 
 2278              	.LASF16:
 2279 00ae 74736C69 		.ascii	"tslices_t\000"
 2279      6365735F 
 2279      7400
 2280              	.LASF7:
 2281 00b8 6C6F6E67 		.ascii	"long int\000"
 2281      20696E74 
 2281      00
 2282              	.LASF14:
 2283 00c1 74737461 		.ascii	"tstate_t\000"
 2283      74655F74 
 2283      00
 2284              	.LASF26:
 2285 00ca 705F6E65 		.ascii	"p_newer\000"
 2285      77657200 
 2286              	.LASF63:
 2287 00d2 42464152 		.ascii	"BFAR\000"
 2287      00
ARM GAS  /tmp/ccfMhyIo.s 			page 42


 2288              	.LASF87:
 2289 00d7 65786974 		.ascii	"exitcode\000"
 2289      636F6465 
 2289      00
 2290              	.LASF64:
 2291 00e0 41465352 		.ascii	"AFSR\000"
 2291      00
 2292              	.LASF78:
 2293 00e5 725F6E65 		.ascii	"r_newer\000"
 2293      77657200 
 2294              	.LASF105:
 2295 00ed 6E766963 		.ascii	"nvicSetSystemHandlerPriority\000"
 2295      53657453 
 2295      79737465 
 2295      6D48616E 
 2295      646C6572 
 2296              	.LASF43:
 2297 010a 72656761 		.ascii	"regarm_t\000"
 2297      726D5F74 
 2297      00
 2298              	.LASF99:
 2299 0113 63685363 		.ascii	"chSchDoReschedule\000"
 2299      68446F52 
 2299      65736368 
 2299      6564756C 
 2299      6500
 2300              	.LASF0:
 2301 0125 756E7369 		.ascii	"unsigned int\000"
 2301      676E6564 
 2301      20696E74 
 2301      00
 2302              	.LASF45:
 2303 0132 6C725F74 		.ascii	"lr_thd\000"
 2303      686400
 2304              	.LASF44:
 2305 0139 65787463 		.ascii	"extctx\000"
 2305      747800
 2306              	.LASF101:
 2307 0140 474E5520 		.ascii	"GNU C 4.8.3 20131129 (release) [ARM/embedded-4_8-br"
 2307      4320342E 
 2307      382E3320 
 2307      32303133 
 2307      31313239 
 2308 0173 616E6368 		.ascii	"anch revision 205641] -mcpu=cortex-m4 -mfloat-abi=s"
 2308      20726576 
 2308      6973696F 
 2308      6E203230 
 2308      35363431 
 2309 01a6 6F667466 		.ascii	"oftfp -mfpu=fpv4-sp-d16 -mno-thumb-interwork -mthum"
 2309      70202D6D 
 2309      6670753D 
 2309      66707634 
 2309      2D73702D 
 2310 01d9 62202D67 		.ascii	"b -ggdb -O2 -fomit-frame-pointer -falign-functions="
 2310      67646220 
 2310      2D4F3220 
 2310      2D666F6D 
ARM GAS  /tmp/ccfMhyIo.s 			page 43


 2310      69742D66 
 2311 020c 3136202D 		.ascii	"16 -fsingle-precision-constant -ffunction-sections "
 2311      6673696E 
 2311      676C652D 
 2311      70726563 
 2311      6973696F 
 2312 023f 2D666461 		.ascii	"-fdata-sections -fno-common\000"
 2312      74612D73 
 2312      65637469 
 2312      6F6E7320 
 2312      2D666E6F 
 2313              	.LASF97:
 2314 025b 5F706F72 		.ascii	"_port_switch\000"
 2314      745F7377 
 2314      69746368 
 2314      00
 2315              	.LASF9:
 2316 0268 6C6F6E67 		.ascii	"long unsigned int\000"
 2316      20756E73 
 2316      69676E65 
 2316      6420696E 
 2316      7400
 2317              	.LASF55:
 2318 027a 56544F52 		.ascii	"VTOR\000"
 2318      00
 2319              	.LASF91:
 2320 027f 5F706F72 		.ascii	"_port_switch_from_isr\000"
 2320      745F7377 
 2320      69746368 
 2320      5F66726F 
 2320      6D5F6973 
 2321              	.LASF50:
 2322 0295 636F6E74 		.ascii	"context\000"
 2322      65787400 
 2323              	.LASF4:
 2324 029d 73686F72 		.ascii	"short unsigned int\000"
 2324      7420756E 
 2324      7369676E 
 2324      65642069 
 2324      6E7400
 2325              	.LASF54:
 2326 02b0 49435352 		.ascii	"ICSR\000"
 2326      00
 2327              	.LASF18:
 2328 02b5 6D73675F 		.ascii	"msg_t\000"
 2328      7400
 2329              	.LASF56:
 2330 02bb 41495243 		.ascii	"AIRCR\000"
 2330      5200
 2331              	.LASF61:
 2332 02c1 44465352 		.ascii	"DFSR\000"
 2332      00
 2333              	.LASF62:
 2334 02c6 4D4D4641 		.ascii	"MMFAR\000"
 2334      5200
 2335              	.LASF95:
 2336 02cc 5F706F72 		.ascii	"_port_irq_epilogue\000"
ARM GAS  /tmp/ccfMhyIo.s 			page 44


 2336      745F6972 
 2336      715F6570 
 2336      696C6F67 
 2336      756500
 2337              	.LASF13:
 2338 02df 746D6F64 		.ascii	"tmode_t\000"
 2338      655F7400 
 2339              	.LASF98:
 2340 02e7 5F706F72 		.ascii	"_port_thread_start\000"
 2340      745F7468 
 2340      72656164 
 2340      5F737461 
 2340      727400
 2341              	.LASF42:
 2342 02fa 54687265 		.ascii	"ThreadsList\000"
 2342      6164734C 
 2342      69737400 
 2343              	.LASF19:
 2344 0306 6576656E 		.ascii	"eventmask_t\000"
 2344      746D6173 
 2344      6B5F7400 
 2345              	.LASF82:
 2346 0312 4D757465 		.ascii	"Mutex\000"
 2346      7800
 2347              	.LASF69:
 2348 0318 46504343 		.ascii	"FPCCR\000"
 2348      5200
 2349              	.LASF52:
 2350 031e 73697A65 		.ascii	"sizetype\000"
 2350      74797065 
 2350      00
 2351              	.LASF59:
 2352 0327 43465352 		.ascii	"CFSR\000"
 2352      00
 2353              	.LASF27:
 2354 032c 705F6F6C 		.ascii	"p_older\000"
 2354      64657200 
 2355              	.LASF77:
 2356 0334 725F6374 		.ascii	"r_ctx\000"
 2356      7800
 2357              	.LASF41:
 2358 033a 54687265 		.ascii	"ThreadsQueue\000"
 2358      61647351 
 2358      75657565 
 2358      00
 2359              	.LASF80:
 2360 0347 725F6375 		.ascii	"r_current\000"
 2360      7272656E 
 2360      7400
 2361              	.LASF79:
 2362 0351 725F6F6C 		.ascii	"r_older\000"
 2362      64657200 
 2363              	.LASF48:
 2364 0359 66706363 		.ascii	"fpccr\000"
 2364      7200
 2365              	.LASF72:
 2366 035f 4D564652 		.ascii	"MVFR0\000"
ARM GAS  /tmp/ccfMhyIo.s 			page 45


 2366      3000
 2367              	.LASF73:
 2368 0365 4D564652 		.ascii	"MVFR1\000"
 2368      3100
 2369              	.LASF15:
 2370 036b 74726566 		.ascii	"trefs_t\000"
 2370      735F7400 
 2371              	.LASF93:
 2372 0373 63747870 		.ascii	"ctxp\000"
 2372      00
 2373              	.LASF23:
 2374 0378 705F7072 		.ascii	"p_prev\000"
 2374      657600
 2375              	.LASF17:
 2376 037f 74707269 		.ascii	"tprio_t\000"
 2376      6F5F7400 
 2377              	.LASF12:
 2378 0387 5F426F6F 		.ascii	"_Bool\000"
 2378      6C00
 2379              	.LASF6:
 2380 038d 696E7433 		.ascii	"int32_t\000"
 2380      325F7400 
 2381              	.LASF2:
 2382 0395 756E7369 		.ascii	"unsigned char\000"
 2382      676E6564 
 2382      20636861 
 2382      7200
 2383              	.LASF58:
 2384 03a3 53484353 		.ascii	"SHCSR\000"
 2384      5200
 2385              	.LASF38:
 2386 03a9 705F6D74 		.ascii	"p_mtxlist\000"
 2386      786C6973 
 2386      7400
 2387              	.LASF3:
 2388 03b3 73686F72 		.ascii	"short int\000"
 2388      7420696E 
 2388      7400
 2389              	.LASF29:
 2390 03bd 705F7374 		.ascii	"p_state\000"
 2390      61746500 
 2391              	.LASF74:
 2392 03c5 434D785F 		.ascii	"CMx_FPU\000"
 2392      46505500 
 2393              	.LASF32:
 2394 03cd 705F7072 		.ascii	"p_preempt\000"
 2394      65656D70 
 2394      7400
 2395              	.LASF46:
 2396 03d7 78707372 		.ascii	"xpsr\000"
 2396      00
 2397              	.LASF76:
 2398 03dc 725F7072 		.ascii	"r_prio\000"
 2398      696F00
 2399              	.LASF89:
 2400 03e3 65776D61 		.ascii	"ewmask\000"
 2400      736B00
ARM GAS  /tmp/ccfMhyIo.s 			page 46


 2401              	.LASF22:
 2402 03ea 705F6E65 		.ascii	"p_next\000"
 2402      787400
 2403              	.LASF47:
 2404 03f1 66707363 		.ascii	"fpscr\000"
 2404      7200
 2405              	.LASF30:
 2406 03f7 705F666C 		.ascii	"p_flags\000"
 2406      61677300 
 2407              	.LASF70:
 2408 03ff 46504341 		.ascii	"FPCAR\000"
 2408      5200
 2409              	.LASF21:
 2410 0405 54687265 		.ascii	"Thread\000"
 2410      616400
 2411              	.LASF37:
 2412 040c 705F6570 		.ascii	"p_epending\000"
 2412      656E6469 
 2412      6E6700
 2413              	.LASF8:
 2414 0417 75696E74 		.ascii	"uint32_t\000"
 2414      33325F74 
 2414      00
 2415              	.LASF75:
 2416 0420 725F7175 		.ascii	"r_queue\000"
 2416      65756500 
 2417              	.LASF66:
 2418 0428 756E7573 		.ascii	"unused1\000"
 2418      65643100 
 2419              	.LASF90:
 2420 0430 63686172 		.ascii	"char\000"
 2420      00
 2421              	.LASF51:
 2422 0435 494F5245 		.ascii	"IOREG32\000"
 2422      47333200 
 2423              	.LASF85:
 2424 043d 6D5F6E65 		.ascii	"m_next\000"
 2424      787400
 2425              	.LASF20:
 2426 0444 73797374 		.ascii	"systime_t\000"
 2426      696D655F 
 2426      7400
 2427              	.LASF39:
 2428 044e 705F7265 		.ascii	"p_realprio\000"
 2428      616C7072 
 2428      696F00
 2429              	.LASF92:
 2430 0459 53564361 		.ascii	"SVCallVector\000"
 2430      6C6C5665 
 2430      63746F72 
 2430      00
 2431              	.LASF33:
 2432 0466 705F7469 		.ascii	"p_time\000"
 2432      6D6500
 2433              	.LASF57:
 2434 046d 53485052 		.ascii	"SHPR\000"
 2434      00
ARM GAS  /tmp/ccfMhyIo.s 			page 47


 2435              	.LASF49:
 2436 0472 696E7463 		.ascii	"intctx\000"
 2436      747800
 2437              	.LASF35:
 2438 0479 705F6D73 		.ascii	"p_msgqueue\000"
 2438      67717565 
 2438      756500
 2439              	.LASF31:
 2440 0484 705F7265 		.ascii	"p_refs\000"
 2440      667300
 2441              	.LASF81:
 2442 048b 52656164 		.ascii	"ReadyList\000"
 2442      794C6973 
 2442      7400
 2443              	.LASF102:
 2444 0495 2E2E2F41 		.ascii	"../AithonLibrary/ChibiOS/os/ports/GCC/ARMCMx/chcore"
 2444      6974686F 
 2444      6E4C6962 
 2444      72617279 
 2444      2F436869 
 2445 04c8 5F76376D 		.ascii	"_v7m.c\000"
 2445      2E6300
 2446              	.LASF65:
 2447 04cf 4D4D4652 		.ascii	"MMFR\000"
 2447      00
 2448              	.LASF104:
 2449 04d4 726C6973 		.ascii	"rlist\000"
 2449      7400
 2450              	.LASF5:
 2451 04da 75696E74 		.ascii	"uint8_t\000"
 2451      385F7400 
 2452              	.LASF94:
 2453 04e2 5F706F72 		.ascii	"_port_init\000"
 2453      745F696E 
 2453      697400
 2454              	.LASF88:
 2455 04ed 77746F62 		.ascii	"wtobjp\000"
 2455      6A7000
 2456              	.LASF28:
 2457 04f4 705F6E61 		.ascii	"p_name\000"
 2457      6D6500
 2458              	.LASF67:
 2459 04fb 43504143 		.ascii	"CPACR\000"
 2459      5200
 2460              	.LASF60:
 2461 0501 48465352 		.ascii	"HFSR\000"
 2461      00
 2462              	.LASF84:
 2463 0506 6D5F6F77 		.ascii	"m_owner\000"
 2463      6E657200 
 2464              	.LASF25:
 2465 050e 705F6374 		.ascii	"p_ctx\000"
 2465      7800
 2466              	.LASF34:
 2467 0514 705F7761 		.ascii	"p_waiting\000"
 2467      6974696E 
 2467      6700
ARM GAS  /tmp/ccfMhyIo.s 			page 48


 2468              		.ident	"GCC: (GNU Tools for ARM Embedded Processors) 4.8.3 20131129 (release) [ARM/embedded-4_8-br
ARM GAS  /tmp/ccfMhyIo.s 			page 49


DEFINED SYMBOLS
                            *ABS*:0000000000000000 chcore_v7m.c
     /tmp/ccfMhyIo.s:20     .text._port_switch_from_isr:0000000000000000 $t
     /tmp/ccfMhyIo.s:26     .text._port_switch_from_isr:0000000000000000 _port_switch_from_isr
     /tmp/ccfMhyIo.s:39     .text._port_switch_from_isr:0000000000000004 _port_exit_from_isr
     /tmp/ccfMhyIo.s:51     .text.SVCallVector:0000000000000000 $t
     /tmp/ccfMhyIo.s:57     .text.SVCallVector:0000000000000000 SVCallVector
     /tmp/ccfMhyIo.s:98     .text.SVCallVector:0000000000000020 $d
     /tmp/ccfMhyIo.s:104    .text._port_init:0000000000000000 $t
     /tmp/ccfMhyIo.s:110    .text._port_init:0000000000000000 _port_init
     /tmp/ccfMhyIo.s:151    .text._port_init:000000000000002c $d
     /tmp/ccfMhyIo.s:157    .text._port_irq_epilogue:0000000000000000 $t
     /tmp/ccfMhyIo.s:163    .text._port_irq_epilogue:0000000000000000 _port_irq_epilogue
     /tmp/ccfMhyIo.s:271    .text._port_irq_epilogue:0000000000000070 $d
     /tmp/ccfMhyIo.s:281    .text.SysTickVector:0000000000000000 $t
     /tmp/ccfMhyIo.s:287    .text.SysTickVector:0000000000000000 SysTickVector
     /tmp/ccfMhyIo.s:325    .text._port_switch:0000000000000000 $t
     /tmp/ccfMhyIo.s:331    .text._port_switch:0000000000000000 _port_switch
     /tmp/ccfMhyIo.s:366    .text._port_thread_start:0000000000000000 $t
     /tmp/ccfMhyIo.s:372    .text._port_thread_start:0000000000000000 _port_thread_start
                     .debug_frame:0000000000000010 $d
     /tmp/ccfMhyIo.s:103    .text.SVCallVector:0000000000000024 $t
     /tmp/ccfMhyIo.s:156    .text._port_init:0000000000000034 $t
     /tmp/ccfMhyIo.s:280    .text._port_irq_epilogue:0000000000000084 $t

UNDEFINED SYMBOLS
chSchDoReschedule
nvicSetSystemHandlerPriority
rlist
chSysTimerHandlerI
chThdExit
