ARM GAS  /tmp/cca66LxT.s 			page 1


   1              		.syntax unified
   2              		.cpu cortex-m4
   3              		.eabi_attribute 27, 3
   4              		.fpu fpv4-sp-d16
   5              		.eabi_attribute 20, 1
   6              		.eabi_attribute 21, 1
   7              		.eabi_attribute 23, 3
   8              		.eabi_attribute 24, 1
   9              		.eabi_attribute 25, 1
  10              		.eabi_attribute 26, 1
  11              		.eabi_attribute 30, 2
  12              		.eabi_attribute 34, 1
  13              		.eabi_attribute 18, 4
  14              		.thumb
  15              		.file	"chdynamic.c"
  16              		.text
  17              	.Ltext0:
  18              		.cfi_sections	.debug_frame
  19              		.section	.text.chThdAddRef,"ax",%progbits
  20              		.align	2
  21              		.p2align 4,,15
  22              		.global	chThdAddRef
  23              		.thumb
  24              		.thumb_func
  25              		.type	chThdAddRef, %function
  26              	chThdAddRef:
  27              	.LFB7:
  28              		.file 1 "../AithonLibrary/ChibiOS/os/kernel/src/chdynamic.c"
  29              		.loc 1 52 0
  30              		.cfi_startproc
  31              		@ args = 0, pretend = 0, frame = 0
  32              		@ frame_needed = 0, uses_anonymous_args = 0
  33              		@ link register save eliminated.
  34              	.LVL0:
  35              	.LBB2:
  36              		.loc 1 54 0
  37 0000 2023     		movs	r3, #32
  38              	@ 54 "../AithonLibrary/ChibiOS/os/kernel/src/chdynamic.c" 1
  39 0002 83F31188 		msr     BASEPRI, r3
  40              	@ 0 "" 2
  41              		.thumb
  42              	.LBE2:
  43              		.loc 1 56 0
  44 0006 837F     		ldrb	r3, [r0, #30]	@ zero_extendqisi2
  45 0008 0133     		adds	r3, r3, #1
  46 000a 8377     		strb	r3, [r0, #30]
  47              	.LBB3:
  48              		.loc 1 57 0
  49 000c 0023     		movs	r3, #0
  50              	@ 57 "../AithonLibrary/ChibiOS/os/kernel/src/chdynamic.c" 1
  51 000e 83F31188 		msr     BASEPRI, r3
  52              	@ 0 "" 2
  53              		.thumb
  54              	.LBE3:
  55              		.loc 1 59 0
  56 0012 7047     		bx	lr
  57              		.cfi_endproc
ARM GAS  /tmp/cca66LxT.s 			page 2


  58              	.LFE7:
  59              		.size	chThdAddRef, .-chThdAddRef
  60 0014 AFF30080 		.section	.text.chThdRelease,"ax",%progbits
  60      AFF30080 
  60      AFF30080 
  61              		.align	2
  62              		.p2align 4,,15
  63              		.global	chThdRelease
  64              		.thumb
  65              		.thumb_func
  66              		.type	chThdRelease, %function
  67              	chThdRelease:
  68              	.LFB8:
  69              		.loc 1 74 0
  70              		.cfi_startproc
  71              		@ args = 0, pretend = 0, frame = 0
  72              		@ frame_needed = 0, uses_anonymous_args = 0
  73              		@ link register save eliminated.
  74              	.LVL1:
  75              		.loc 1 74 0
  76 0000 0146     		mov	r1, r0
  77              	.LBB4:
  78              		.loc 1 77 0
  79 0002 2023     		movs	r3, #32
  80              	@ 77 "../AithonLibrary/ChibiOS/os/kernel/src/chdynamic.c" 1
  81 0004 83F31188 		msr     BASEPRI, r3
  82              	@ 0 "" 2
  83              		.thumb
  84              	.LBE4:
  85              		.loc 1 79 0
  86 0008 827F     		ldrb	r2, [r0, #30]	@ zero_extendqisi2
  87 000a 013A     		subs	r2, r2, #1
  88 000c D2B2     		uxtb	r2, r2
  89 000e 8277     		strb	r2, [r0, #30]
  90              	.LVL2:
  91              	.LBB5:
  92              		.loc 1 80 0
  93 0010 0023     		movs	r3, #0
  94              	@ 80 "../AithonLibrary/ChibiOS/os/kernel/src/chdynamic.c" 1
  95 0012 83F31188 		msr     BASEPRI, r3
  96              	@ 0 "" 2
  97              		.thumb
  98              	.LBE5:
  99              		.loc 1 85 0
 100 0016 12B9     		cbnz	r2, .L2
 101              		.loc 1 85 0 is_stmt 0 discriminator 1
 102 0018 037F     		ldrb	r3, [r0, #28]	@ zero_extendqisi2
 103 001a 0E2B     		cmp	r3, #14
 104 001c 00D0     		beq	.L7
 105              	.L2:
 106 001e 7047     		bx	lr
 107              	.L7:
 108              		.loc 1 86 0 is_stmt 1
 109 0020 437F     		ldrb	r3, [r0, #29]	@ zero_extendqisi2
 110 0022 03F00303 		and	r3, r3, #3
 111 0026 012B     		cmp	r3, #1
 112 0028 02D0     		beq	.L4
ARM GAS  /tmp/cca66LxT.s 			page 3


 113 002a 022B     		cmp	r3, #2
 114 002c 07D0     		beq	.L5
 115 002e 7047     		bx	lr
 116              	.L4:
 117              		.loc 1 90 0
 118 0030 4369     		ldr	r3, [r0, #20]
 119 0032 0269     		ldr	r2, [r0, #16]
 120              	.LVL3:
 121 0034 1A61     		str	r2, [r3, #16]
 122 0036 0269     		ldr	r2, [r0, #16]
 123 0038 5361     		str	r3, [r2, #20]
 124              		.loc 1 92 0
 125 003a FFF7FEBF 		b	chHeapFree
 126              	.LVL4:
 127              	.L5:
 128              		.loc 1 98 0
 129 003e 4369     		ldr	r3, [r0, #20]
 130 0040 0269     		ldr	r2, [r0, #16]
 131              	.LVL5:
 132 0042 1A61     		str	r2, [r3, #16]
 133 0044 0269     		ldr	r2, [r0, #16]
 134              		.loc 1 100 0
 135 0046 406C     		ldr	r0, [r0, #68]
 136              	.LVL6:
 137              		.loc 1 98 0
 138 0048 5361     		str	r3, [r2, #20]
 139              		.loc 1 100 0
 140 004a FFF7FEBF 		b	chPoolFree
 141              	.LVL7:
 142              		.cfi_endproc
 143              	.LFE8:
 144              		.size	chThdRelease, .-chThdRelease
 145 004e 00BF     		.section	.text.chThdCreateFromHeap,"ax",%progbits
 146              		.align	2
 147              		.p2align 4,,15
 148              		.global	chThdCreateFromHeap
 149              		.thumb
 150              		.thumb_func
 151              		.type	chThdCreateFromHeap, %function
 152              	chThdCreateFromHeap:
 153              	.LFB9:
 154              		.loc 1 131 0
 155              		.cfi_startproc
 156              		@ args = 4, pretend = 0, frame = 0
 157              		@ frame_needed = 0, uses_anonymous_args = 0
 158              	.LVL8:
 159 0000 70B5     		push	{r4, r5, r6, lr}
 160              		.cfi_def_cfa_offset 16
 161              		.cfi_offset 4, -16
 162              		.cfi_offset 5, -12
 163              		.cfi_offset 6, -8
 164              		.cfi_offset 14, -4
 165 0002 82B0     		sub	sp, sp, #8
 166              		.cfi_def_cfa_offset 24
 167              		.loc 1 131 0
 168 0004 1646     		mov	r6, r2
 169 0006 1C46     		mov	r4, r3
ARM GAS  /tmp/cca66LxT.s 			page 4


 170 0008 0D46     		mov	r5, r1
 171              		.loc 1 135 0
 172 000a FFF7FEFF 		bl	chHeapAlloc
 173              	.LVL9:
 174              		.loc 1 136 0
 175 000e 98B1     		cbz	r0, .L9
 176              	.LBB6:
 177              		.loc 1 148 0
 178 0010 2023     		movs	r3, #32
 179              	@ 148 "../AithonLibrary/ChibiOS/os/kernel/src/chdynamic.c" 1
 180 0012 83F31188 		msr     BASEPRI, r3
 181              	@ 0 "" 2
 182              		.thumb
 183              	.LBE6:
 184              		.loc 1 149 0
 185 0016 069B     		ldr	r3, [sp, #24]
 186 0018 0093     		str	r3, [sp]
 187 001a 2946     		mov	r1, r5
 188 001c 3246     		mov	r2, r6
 189 001e 2346     		mov	r3, r4
 190 0020 FFF7FEFF 		bl	chThdCreateI
 191              	.LVL10:
 192              		.loc 1 150 0
 193 0024 0123     		movs	r3, #1
 194 0026 4377     		strb	r3, [r0, #29]
 195              		.loc 1 151 0
 196 0028 0021     		movs	r1, #0
 197              		.loc 1 149 0
 198 002a 0446     		mov	r4, r0
 199              	.LVL11:
 200              		.loc 1 151 0
 201 002c FFF7FEFF 		bl	chSchWakeupS
 202              	.LVL12:
 203              	.LBB7:
 204              		.loc 1 152 0
 205 0030 0023     		movs	r3, #0
 206              	@ 152 "../AithonLibrary/ChibiOS/os/kernel/src/chdynamic.c" 1
 207 0032 83F31188 		msr     BASEPRI, r3
 208              	@ 0 "" 2
 209              		.thumb
 210              	.LBE7:
 211              		.loc 1 153 0
 212 0036 2046     		mov	r0, r4
 213              	.LVL13:
 214              	.L9:
 215              		.loc 1 154 0
 216 0038 02B0     		add	sp, sp, #8
 217              		@ sp needed
 218 003a 70BD     		pop	{r4, r5, r6, pc}
 219              		.cfi_endproc
 220              	.LFE9:
 221              		.size	chThdCreateFromHeap, .-chThdCreateFromHeap
 222 003c AFF30080 		.section	.text.chThdCreateFromMemoryPool,"ax",%progbits
 223              		.align	2
 224              		.p2align 4,,15
 225              		.global	chThdCreateFromMemoryPool
 226              		.thumb
ARM GAS  /tmp/cca66LxT.s 			page 5


 227              		.thumb_func
 228              		.type	chThdCreateFromMemoryPool, %function
 229              	chThdCreateFromMemoryPool:
 230              	.LFB10:
 231              		.loc 1 180 0
 232              		.cfi_startproc
 233              		@ args = 0, pretend = 0, frame = 0
 234              		@ frame_needed = 0, uses_anonymous_args = 0
 235              	.LVL14:
 236 0000 F0B5     		push	{r4, r5, r6, r7, lr}
 237              		.cfi_def_cfa_offset 20
 238              		.cfi_offset 4, -20
 239              		.cfi_offset 5, -16
 240              		.cfi_offset 6, -12
 241              		.cfi_offset 7, -8
 242              		.cfi_offset 14, -4
 243 0002 83B0     		sub	sp, sp, #12
 244              		.cfi_def_cfa_offset 32
 245              		.loc 1 180 0
 246 0004 0F46     		mov	r7, r1
 247 0006 1446     		mov	r4, r2
 248 0008 1E46     		mov	r6, r3
 249 000a 0546     		mov	r5, r0
 250              		.loc 1 186 0
 251 000c FFF7FEFF 		bl	chPoolAlloc
 252              	.LVL15:
 253              		.loc 1 187 0
 254 0010 98B1     		cbz	r0, .L12
 255              	.LBB8:
 256              		.loc 1 199 0
 257 0012 2023     		movs	r3, #32
 258              	@ 199 "../AithonLibrary/ChibiOS/os/kernel/src/chdynamic.c" 1
 259 0014 83F31188 		msr     BASEPRI, r3
 260              	@ 0 "" 2
 261              		.thumb
 262              	.LBE8:
 263              		.loc 1 200 0
 264 0018 6968     		ldr	r1, [r5, #4]
 265 001a 0096     		str	r6, [sp]
 266 001c 3A46     		mov	r2, r7
 267 001e 2346     		mov	r3, r4
 268 0020 FFF7FEFF 		bl	chThdCreateI
 269              	.LVL16:
 270              		.loc 1 201 0
 271 0024 0223     		movs	r3, #2
 272 0026 4377     		strb	r3, [r0, #29]
 273              		.loc 1 202 0
 274 0028 4564     		str	r5, [r0, #68]
 275              		.loc 1 203 0
 276 002a 0021     		movs	r1, #0
 277              		.loc 1 200 0
 278 002c 0446     		mov	r4, r0
 279              	.LVL17:
 280              		.loc 1 203 0
 281 002e FFF7FEFF 		bl	chSchWakeupS
 282              	.LVL18:
 283              	.LBB9:
ARM GAS  /tmp/cca66LxT.s 			page 6


 284              		.loc 1 204 0
 285 0032 0023     		movs	r3, #0
 286              	@ 204 "../AithonLibrary/ChibiOS/os/kernel/src/chdynamic.c" 1
 287 0034 83F31188 		msr     BASEPRI, r3
 288              	@ 0 "" 2
 289              		.thumb
 290              	.LBE9:
 291              		.loc 1 205 0
 292 0038 2046     		mov	r0, r4
 293              	.LVL19:
 294              	.L12:
 295              		.loc 1 206 0
 296 003a 03B0     		add	sp, sp, #12
 297              		@ sp needed
 298 003c F0BD     		pop	{r4, r5, r6, r7, pc}
 299              		.cfi_endproc
 300              	.LFE10:
 301              		.size	chThdCreateFromMemoryPool, .-chThdCreateFromMemoryPool
 302 003e 00BF     		.text
 303              	.Letext0:
 304              		.file 2 "/usr/lib/gcc/arm-none-eabi/4.8.3/include/stddef.h"
 305              		.file 3 "/usr/arm-none-eabi/include/stdint.h"
 306              		.file 4 "../AithonLibrary/ChibiOS/os/ports/GCC/ARMCMx/chtypes.h"
 307              		.file 5 "../AithonLibrary/ChibiOS/os/kernel/include/chlists.h"
 308              		.file 6 "../AithonLibrary/ChibiOS/os/kernel/include/chthreads.h"
 309              		.file 7 "../AithonLibrary/ChibiOS/os/ports/GCC/ARMCMx/chcore_v7m.h"
 310              		.file 8 "../AithonLibrary/ChibiOS/os/kernel/include/chmtx.h"
 311              		.file 9 "../AithonLibrary/ChibiOS/os/kernel/include/chmemcore.h"
 312              		.file 10 "../AithonLibrary/ChibiOS/os/kernel/include/chheap.h"
 313              		.file 11 "../AithonLibrary/ChibiOS/os/kernel/include/chmempools.h"
 314              		.file 12 "../AithonLibrary/ChibiOS/os/kernel/include/chschd.h"
 315              		.section	.debug_info,"",%progbits
 316              	.Ldebug_info0:
 317 0000 2C090000 		.4byte	0x92c
 318 0004 0400     		.2byte	0x4
 319 0006 00000000 		.4byte	.Ldebug_abbrev0
 320 000a 04       		.byte	0x4
 321 000b 01       		.uleb128 0x1
 322 000c 5B010000 		.4byte	.LASF88
 323 0010 01       		.byte	0x1
 324 0011 83040000 		.4byte	.LASF89
 325 0015 0E000000 		.4byte	.LASF90
 326 0019 00000000 		.4byte	.Ldebug_ranges0+0
 327 001d 00000000 		.4byte	0
 328 0021 00000000 		.4byte	.Ldebug_line0
 329 0025 02       		.uleb128 0x2
 330 0026 04       		.byte	0x4
 331 0027 05       		.byte	0x5
 332 0028 696E7400 		.ascii	"int\000"
 333 002c 03       		.uleb128 0x3
 334 002d 31000000 		.4byte	.LASF2
 335 0031 02       		.byte	0x2
 336 0032 D4       		.byte	0xd4
 337 0033 37000000 		.4byte	0x37
 338 0037 04       		.uleb128 0x4
 339 0038 04       		.byte	0x4
 340 0039 07       		.byte	0x7
ARM GAS  /tmp/cca66LxT.s 			page 7


 341 003a 4E010000 		.4byte	.LASF0
 342 003e 04       		.uleb128 0x4
 343 003f 01       		.byte	0x1
 344 0040 06       		.byte	0x6
 345 0041 9E000000 		.4byte	.LASF1
 346 0045 03       		.uleb128 0x3
 347 0046 56040000 		.4byte	.LASF3
 348 004a 03       		.byte	0x3
 349 004b 2A       		.byte	0x2a
 350 004c 50000000 		.4byte	0x50
 351 0050 04       		.uleb128 0x4
 352 0051 01       		.byte	0x1
 353 0052 08       		.byte	0x8
 354 0053 5A030000 		.4byte	.LASF4
 355 0057 04       		.uleb128 0x4
 356 0058 02       		.byte	0x2
 357 0059 05       		.byte	0x5
 358 005a 7D030000 		.4byte	.LASF5
 359 005e 04       		.uleb128 0x4
 360 005f 02       		.byte	0x2
 361 0060 07       		.byte	0x7
 362 0061 95020000 		.4byte	.LASF6
 363 0065 03       		.uleb128 0x3
 364 0066 52030000 		.4byte	.LASF7
 365 006a 03       		.byte	0x3
 366 006b 4F       		.byte	0x4f
 367 006c 70000000 		.4byte	0x70
 368 0070 04       		.uleb128 0x4
 369 0071 04       		.byte	0x4
 370 0072 05       		.byte	0x5
 371 0073 E2000000 		.4byte	.LASF8
 372 0077 03       		.uleb128 0x3
 373 0078 E6030000 		.4byte	.LASF9
 374 007c 03       		.byte	0x3
 375 007d 50       		.byte	0x50
 376 007e 82000000 		.4byte	0x82
 377 0082 04       		.uleb128 0x4
 378 0083 04       		.byte	0x4
 379 0084 07       		.byte	0x7
 380 0085 76020000 		.4byte	.LASF10
 381 0089 04       		.uleb128 0x4
 382 008a 08       		.byte	0x8
 383 008b 05       		.byte	0x5
 384 008c 90000000 		.4byte	.LASF11
 385 0090 03       		.uleb128 0x3
 386 0091 3F000000 		.4byte	.LASF12
 387 0095 03       		.byte	0x3
 388 0096 78       		.byte	0x78
 389 0097 9B000000 		.4byte	0x9b
 390 009b 04       		.uleb128 0x4
 391 009c 08       		.byte	0x8
 392 009d 07       		.byte	0x7
 393 009e 60000000 		.4byte	.LASF13
 394 00a2 04       		.uleb128 0x4
 395 00a3 01       		.byte	0x1
 396 00a4 02       		.byte	0x2
 397 00a5 4C030000 		.4byte	.LASF14
ARM GAS  /tmp/cca66LxT.s 			page 8


 398 00a9 03       		.uleb128 0x3
 399 00aa AE020000 		.4byte	.LASF15
 400 00ae 04       		.byte	0x4
 401 00af 2C       		.byte	0x2c
 402 00b0 45000000 		.4byte	0x45
 403 00b4 03       		.uleb128 0x3
 404 00b5 FF000000 		.4byte	.LASF16
 405 00b9 04       		.byte	0x4
 406 00ba 2D       		.byte	0x2d
 407 00bb 45000000 		.4byte	0x45
 408 00bf 03       		.uleb128 0x3
 409 00c0 30030000 		.4byte	.LASF17
 410 00c4 04       		.byte	0x4
 411 00c5 2E       		.byte	0x2e
 412 00c6 45000000 		.4byte	0x45
 413 00ca 03       		.uleb128 0x3
 414 00cb CB000000 		.4byte	.LASF18
 415 00cf 04       		.byte	0x4
 416 00d0 2F       		.byte	0x2f
 417 00d1 45000000 		.4byte	0x45
 418 00d5 03       		.uleb128 0x3
 419 00d6 44030000 		.4byte	.LASF19
 420 00da 04       		.byte	0x4
 421 00db 30       		.byte	0x30
 422 00dc 77000000 		.4byte	0x77
 423 00e0 03       		.uleb128 0x3
 424 00e1 A8020000 		.4byte	.LASF20
 425 00e5 04       		.byte	0x4
 426 00e6 31       		.byte	0x31
 427 00e7 65000000 		.4byte	0x65
 428 00eb 03       		.uleb128 0x3
 429 00ec C2020000 		.4byte	.LASF21
 430 00f0 04       		.byte	0x4
 431 00f1 33       		.byte	0x33
 432 00f2 77000000 		.4byte	0x77
 433 00f6 03       		.uleb128 0x3
 434 00f7 00040000 		.4byte	.LASF22
 435 00fb 04       		.byte	0x4
 436 00fc 35       		.byte	0x35
 437 00fd 77000000 		.4byte	0x77
 438 0101 03       		.uleb128 0x3
 439 0102 C8030000 		.4byte	.LASF23
 440 0106 05       		.byte	0x5
 441 0107 2A       		.byte	0x2a
 442 0108 0C010000 		.4byte	0x10c
 443 010c 05       		.uleb128 0x5
 444 010d C8030000 		.4byte	.LASF23
 445 0111 48       		.byte	0x48
 446 0112 06       		.byte	0x6
 447 0113 5E       		.byte	0x5e
 448 0114 09020000 		.4byte	0x209
 449 0118 06       		.uleb128 0x6
 450 0119 AC030000 		.4byte	.LASF24
 451 011d 06       		.byte	0x6
 452 011e 5F       		.byte	0x5f
 453 011f 2A020000 		.4byte	0x22a
 454 0123 00       		.byte	0
ARM GAS  /tmp/cca66LxT.s 			page 9


 455 0124 06       		.uleb128 0x6
 456 0125 3D030000 		.4byte	.LASF25
 457 0129 06       		.byte	0x6
 458 012a 61       		.byte	0x61
 459 012b 2A020000 		.4byte	0x22a
 460 012f 04       		.byte	0x4
 461 0130 06       		.uleb128 0x6
 462 0131 89000000 		.4byte	.LASF26
 463 0135 06       		.byte	0x6
 464 0136 63       		.byte	0x63
 465 0137 D5000000 		.4byte	0xd5
 466 013b 08       		.byte	0x8
 467 013c 06       		.uleb128 0x6
 468 013d BE040000 		.4byte	.LASF27
 469 0141 06       		.byte	0x6
 470 0142 64       		.byte	0x64
 471 0143 BF030000 		.4byte	0x3bf
 472 0147 0C       		.byte	0xc
 473 0148 06       		.uleb128 0x6
 474 0149 08010000 		.4byte	.LASF28
 475 014d 06       		.byte	0x6
 476 014e 66       		.byte	0x66
 477 014f 2A020000 		.4byte	0x22a
 478 0153 10       		.byte	0x10
 479 0154 06       		.uleb128 0x6
 480 0155 F4020000 		.4byte	.LASF29
 481 0159 06       		.byte	0x6
 482 015a 67       		.byte	0x67
 483 015b 2A020000 		.4byte	0x22a
 484 015f 14       		.byte	0x14
 485 0160 06       		.uleb128 0x6
 486 0161 7C040000 		.4byte	.LASF30
 487 0165 06       		.byte	0x6
 488 0166 6E       		.byte	0x6e
 489 0167 81050000 		.4byte	0x581
 490 016b 18       		.byte	0x18
 491 016c 06       		.uleb128 0x6
 492 016d 87030000 		.4byte	.LASF31
 493 0171 06       		.byte	0x6
 494 0172 79       		.byte	0x79
 495 0173 B4000000 		.4byte	0xb4
 496 0177 1C       		.byte	0x1c
 497 0178 06       		.uleb128 0x6
 498 0179 B3030000 		.4byte	.LASF32
 499 017d 06       		.byte	0x6
 500 017e 7D       		.byte	0x7d
 501 017f A9000000 		.4byte	0xa9
 502 0183 1D       		.byte	0x1d
 503 0184 06       		.uleb128 0x6
 504 0185 4F040000 		.4byte	.LASF33
 505 0189 06       		.byte	0x6
 506 018a 82       		.byte	0x82
 507 018b BF000000 		.4byte	0xbf
 508 018f 1E       		.byte	0x1e
 509 0190 06       		.uleb128 0x6
 510 0191 8F030000 		.4byte	.LASF34
 511 0195 06       		.byte	0x6
ARM GAS  /tmp/cca66LxT.s 			page 10


 512 0196 88       		.byte	0x88
 513 0197 CA000000 		.4byte	0xca
 514 019b 1F       		.byte	0x1f
 515 019c 06       		.uleb128 0x6
 516 019d 1D040000 		.4byte	.LASF35
 517 01a1 06       		.byte	0x6
 518 01a2 8F       		.byte	0x8f
 519 01a3 E7030000 		.4byte	0x3e7
 520 01a7 20       		.byte	0x20
 521 01a8 07       		.uleb128 0x7
 522 01a9 705F7500 		.ascii	"p_u\000"
 523 01ad 06       		.byte	0x6
 524 01ae B4       		.byte	0xb4
 525 01af 4C050000 		.4byte	0x54c
 526 01b3 24       		.byte	0x24
 527 01b4 06       		.uleb128 0x6
 528 01b5 C4040000 		.4byte	.LASF36
 529 01b9 06       		.byte	0x6
 530 01ba B9       		.byte	0xb9
 531 01bb 50020000 		.4byte	0x250
 532 01bf 28       		.byte	0x28
 533 01c0 06       		.uleb128 0x6
 534 01c1 2B040000 		.4byte	.LASF37
 535 01c5 06       		.byte	0x6
 536 01c6 BF       		.byte	0xbf
 537 01c7 30020000 		.4byte	0x230
 538 01cb 2C       		.byte	0x2c
 539 01cc 06       		.uleb128 0x6
 540 01cd 08000000 		.4byte	.LASF38
 541 01d1 06       		.byte	0x6
 542 01d2 C3       		.byte	0xc3
 543 01d3 E0000000 		.4byte	0xe0
 544 01d7 34       		.byte	0x34
 545 01d8 06       		.uleb128 0x6
 546 01d9 DB030000 		.4byte	.LASF39
 547 01dd 06       		.byte	0x6
 548 01de C9       		.byte	0xc9
 549 01df EB000000 		.4byte	0xeb
 550 01e3 38       		.byte	0x38
 551 01e4 06       		.uleb128 0x6
 552 01e5 73030000 		.4byte	.LASF40
 553 01e9 06       		.byte	0x6
 554 01ea D0       		.byte	0xd0
 555 01eb 93050000 		.4byte	0x593
 556 01ef 3C       		.byte	0x3c
 557 01f0 06       		.uleb128 0x6
 558 01f1 0A040000 		.4byte	.LASF41
 559 01f5 06       		.byte	0x6
 560 01f6 D4       		.byte	0xd4
 561 01f7 D5000000 		.4byte	0xd5
 562 01fb 40       		.byte	0x40
 563 01fc 06       		.uleb128 0x6
 564 01fd B0000000 		.4byte	.LASF42
 565 0201 06       		.byte	0x6
 566 0202 DA       		.byte	0xda
 567 0203 66020000 		.4byte	0x266
 568 0207 44       		.byte	0x44
ARM GAS  /tmp/cca66LxT.s 			page 11


 569 0208 00       		.byte	0
 570 0209 08       		.uleb128 0x8
 571 020a 08       		.byte	0x8
 572 020b 05       		.byte	0x5
 573 020c 61       		.byte	0x61
 574 020d 2A020000 		.4byte	0x22a
 575 0211 06       		.uleb128 0x6
 576 0212 AC030000 		.4byte	.LASF24
 577 0216 05       		.byte	0x5
 578 0217 62       		.byte	0x62
 579 0218 2A020000 		.4byte	0x22a
 580 021c 00       		.byte	0
 581 021d 06       		.uleb128 0x6
 582 021e 3D030000 		.4byte	.LASF25
 583 0222 05       		.byte	0x5
 584 0223 64       		.byte	0x64
 585 0224 2A020000 		.4byte	0x22a
 586 0228 04       		.byte	0x4
 587 0229 00       		.byte	0
 588 022a 09       		.uleb128 0x9
 589 022b 04       		.byte	0x4
 590 022c 01010000 		.4byte	0x101
 591 0230 03       		.uleb128 0x3
 592 0231 FC020000 		.4byte	.LASF43
 593 0235 05       		.byte	0x5
 594 0236 66       		.byte	0x66
 595 0237 09020000 		.4byte	0x209
 596 023b 08       		.uleb128 0x8
 597 023c 04       		.byte	0x4
 598 023d 05       		.byte	0x5
 599 023e 6B       		.byte	0x6b
 600 023f 50020000 		.4byte	0x250
 601 0243 06       		.uleb128 0x6
 602 0244 AC030000 		.4byte	.LASF24
 603 0248 05       		.byte	0x5
 604 0249 6D       		.byte	0x6d
 605 024a 2A020000 		.4byte	0x22a
 606 024e 00       		.byte	0
 607 024f 00       		.byte	0
 608 0250 03       		.uleb128 0x3
 609 0251 B6020000 		.4byte	.LASF44
 610 0255 05       		.byte	0x5
 611 0256 70       		.byte	0x70
 612 0257 3B020000 		.4byte	0x23b
 613 025b 03       		.uleb128 0x3
 614 025c 3F010000 		.4byte	.LASF45
 615 0260 07       		.byte	0x7
 616 0261 E5       		.byte	0xe5
 617 0262 66020000 		.4byte	0x266
 618 0266 0A       		.uleb128 0xa
 619 0267 04       		.byte	0x4
 620 0268 03       		.uleb128 0x3
 621 0269 E0020000 		.4byte	.LASF46
 622 026d 07       		.byte	0x7
 623 026e EB       		.byte	0xeb
 624 026f 90000000 		.4byte	0x90
 625 0273 0B       		.uleb128 0xb
ARM GAS  /tmp/cca66LxT.s 			page 12


 626 0274 24040000 		.4byte	.LASF47
 627 0278 64       		.byte	0x64
 628 0279 07       		.byte	0x7
 629 027a 0C01     		.2byte	0x10c
 630 027c BF030000 		.4byte	0x3bf
 631 0280 0C       		.uleb128 0xc
 632 0281 73313600 		.ascii	"s16\000"
 633 0285 07       		.byte	0x7
 634 0286 0E01     		.2byte	0x10e
 635 0288 5B020000 		.4byte	0x25b
 636 028c 00       		.byte	0
 637 028d 0C       		.uleb128 0xc
 638 028e 73313700 		.ascii	"s17\000"
 639 0292 07       		.byte	0x7
 640 0293 0F01     		.2byte	0x10f
 641 0295 5B020000 		.4byte	0x25b
 642 0299 04       		.byte	0x4
 643 029a 0C       		.uleb128 0xc
 644 029b 73313800 		.ascii	"s18\000"
 645 029f 07       		.byte	0x7
 646 02a0 1001     		.2byte	0x110
 647 02a2 5B020000 		.4byte	0x25b
 648 02a6 08       		.byte	0x8
 649 02a7 0C       		.uleb128 0xc
 650 02a8 73313900 		.ascii	"s19\000"
 651 02ac 07       		.byte	0x7
 652 02ad 1101     		.2byte	0x111
 653 02af 5B020000 		.4byte	0x25b
 654 02b3 0C       		.byte	0xc
 655 02b4 0C       		.uleb128 0xc
 656 02b5 73323000 		.ascii	"s20\000"
 657 02b9 07       		.byte	0x7
 658 02ba 1201     		.2byte	0x112
 659 02bc 5B020000 		.4byte	0x25b
 660 02c0 10       		.byte	0x10
 661 02c1 0C       		.uleb128 0xc
 662 02c2 73323100 		.ascii	"s21\000"
 663 02c6 07       		.byte	0x7
 664 02c7 1301     		.2byte	0x113
 665 02c9 5B020000 		.4byte	0x25b
 666 02cd 14       		.byte	0x14
 667 02ce 0C       		.uleb128 0xc
 668 02cf 73323200 		.ascii	"s22\000"
 669 02d3 07       		.byte	0x7
 670 02d4 1401     		.2byte	0x114
 671 02d6 5B020000 		.4byte	0x25b
 672 02da 18       		.byte	0x18
 673 02db 0C       		.uleb128 0xc
 674 02dc 73323300 		.ascii	"s23\000"
 675 02e0 07       		.byte	0x7
 676 02e1 1501     		.2byte	0x115
 677 02e3 5B020000 		.4byte	0x25b
 678 02e7 1C       		.byte	0x1c
 679 02e8 0C       		.uleb128 0xc
 680 02e9 73323400 		.ascii	"s24\000"
 681 02ed 07       		.byte	0x7
 682 02ee 1601     		.2byte	0x116
ARM GAS  /tmp/cca66LxT.s 			page 13


 683 02f0 5B020000 		.4byte	0x25b
 684 02f4 20       		.byte	0x20
 685 02f5 0C       		.uleb128 0xc
 686 02f6 73323500 		.ascii	"s25\000"
 687 02fa 07       		.byte	0x7
 688 02fb 1701     		.2byte	0x117
 689 02fd 5B020000 		.4byte	0x25b
 690 0301 24       		.byte	0x24
 691 0302 0C       		.uleb128 0xc
 692 0303 73323600 		.ascii	"s26\000"
 693 0307 07       		.byte	0x7
 694 0308 1801     		.2byte	0x118
 695 030a 5B020000 		.4byte	0x25b
 696 030e 28       		.byte	0x28
 697 030f 0C       		.uleb128 0xc
 698 0310 73323700 		.ascii	"s27\000"
 699 0314 07       		.byte	0x7
 700 0315 1901     		.2byte	0x119
 701 0317 5B020000 		.4byte	0x25b
 702 031b 2C       		.byte	0x2c
 703 031c 0C       		.uleb128 0xc
 704 031d 73323800 		.ascii	"s28\000"
 705 0321 07       		.byte	0x7
 706 0322 1A01     		.2byte	0x11a
 707 0324 5B020000 		.4byte	0x25b
 708 0328 30       		.byte	0x30
 709 0329 0C       		.uleb128 0xc
 710 032a 73323900 		.ascii	"s29\000"
 711 032e 07       		.byte	0x7
 712 032f 1B01     		.2byte	0x11b
 713 0331 5B020000 		.4byte	0x25b
 714 0335 34       		.byte	0x34
 715 0336 0C       		.uleb128 0xc
 716 0337 73333000 		.ascii	"s30\000"
 717 033b 07       		.byte	0x7
 718 033c 1C01     		.2byte	0x11c
 719 033e 5B020000 		.4byte	0x25b
 720 0342 38       		.byte	0x38
 721 0343 0C       		.uleb128 0xc
 722 0344 73333100 		.ascii	"s31\000"
 723 0348 07       		.byte	0x7
 724 0349 1D01     		.2byte	0x11d
 725 034b 5B020000 		.4byte	0x25b
 726 034f 3C       		.byte	0x3c
 727 0350 0C       		.uleb128 0xc
 728 0351 723400   		.ascii	"r4\000"
 729 0354 07       		.byte	0x7
 730 0355 1F01     		.2byte	0x11f
 731 0357 5B020000 		.4byte	0x25b
 732 035b 40       		.byte	0x40
 733 035c 0C       		.uleb128 0xc
 734 035d 723500   		.ascii	"r5\000"
 735 0360 07       		.byte	0x7
 736 0361 2001     		.2byte	0x120
 737 0363 5B020000 		.4byte	0x25b
 738 0367 44       		.byte	0x44
 739 0368 0C       		.uleb128 0xc
ARM GAS  /tmp/cca66LxT.s 			page 14


 740 0369 723600   		.ascii	"r6\000"
 741 036c 07       		.byte	0x7
 742 036d 2101     		.2byte	0x121
 743 036f 5B020000 		.4byte	0x25b
 744 0373 48       		.byte	0x48
 745 0374 0C       		.uleb128 0xc
 746 0375 723700   		.ascii	"r7\000"
 747 0378 07       		.byte	0x7
 748 0379 2201     		.2byte	0x122
 749 037b 5B020000 		.4byte	0x25b
 750 037f 4C       		.byte	0x4c
 751 0380 0C       		.uleb128 0xc
 752 0381 723800   		.ascii	"r8\000"
 753 0384 07       		.byte	0x7
 754 0385 2301     		.2byte	0x123
 755 0387 5B020000 		.4byte	0x25b
 756 038b 50       		.byte	0x50
 757 038c 0C       		.uleb128 0xc
 758 038d 723900   		.ascii	"r9\000"
 759 0390 07       		.byte	0x7
 760 0391 2401     		.2byte	0x124
 761 0393 5B020000 		.4byte	0x25b
 762 0397 54       		.byte	0x54
 763 0398 0C       		.uleb128 0xc
 764 0399 72313000 		.ascii	"r10\000"
 765 039d 07       		.byte	0x7
 766 039e 2501     		.2byte	0x125
 767 03a0 5B020000 		.4byte	0x25b
 768 03a4 58       		.byte	0x58
 769 03a5 0C       		.uleb128 0xc
 770 03a6 72313100 		.ascii	"r11\000"
 771 03aa 07       		.byte	0x7
 772 03ab 2601     		.2byte	0x126
 773 03ad 5B020000 		.4byte	0x25b
 774 03b1 5C       		.byte	0x5c
 775 03b2 0C       		.uleb128 0xc
 776 03b3 6C7200   		.ascii	"lr\000"
 777 03b6 07       		.byte	0x7
 778 03b7 2701     		.2byte	0x127
 779 03b9 5B020000 		.4byte	0x25b
 780 03bd 60       		.byte	0x60
 781 03be 00       		.byte	0
 782 03bf 0B       		.uleb128 0xb
 783 03c0 88020000 		.4byte	.LASF48
 784 03c4 04       		.byte	0x4
 785 03c5 07       		.byte	0x7
 786 03c6 3101     		.2byte	0x131
 787 03c8 DA030000 		.4byte	0x3da
 788 03cc 0C       		.uleb128 0xc
 789 03cd 72313300 		.ascii	"r13\000"
 790 03d1 07       		.byte	0x7
 791 03d2 3201     		.2byte	0x132
 792 03d4 DA030000 		.4byte	0x3da
 793 03d8 00       		.byte	0
 794 03d9 00       		.byte	0
 795 03da 09       		.uleb128 0x9
 796 03db 04       		.byte	0x4
ARM GAS  /tmp/cca66LxT.s 			page 15


 797 03dc 73020000 		.4byte	0x273
 798 03e0 04       		.uleb128 0x4
 799 03e1 04       		.byte	0x4
 800 03e2 07       		.byte	0x7
 801 03e3 EB020000 		.4byte	.LASF49
 802 03e7 0D       		.uleb128 0xd
 803 03e8 F6000000 		.4byte	0xf6
 804 03ec 05       		.uleb128 0x5
 805 03ed CE020000 		.4byte	.LASF50
 806 03f1 10       		.byte	0x10
 807 03f2 08       		.byte	0x8
 808 03f3 2C       		.byte	0x2c
 809 03f4 1D040000 		.4byte	0x41d
 810 03f8 06       		.uleb128 0x6
 811 03f9 B8000000 		.4byte	.LASF51
 812 03fd 08       		.byte	0x8
 813 03fe 2D       		.byte	0x2d
 814 03ff 30020000 		.4byte	0x230
 815 0403 00       		.byte	0
 816 0404 06       		.uleb128 0x6
 817 0405 B6040000 		.4byte	.LASF52
 818 0409 08       		.byte	0x8
 819 040a 2F       		.byte	0x2f
 820 040b 2A020000 		.4byte	0x22a
 821 040f 08       		.byte	0x8
 822 0410 06       		.uleb128 0x6
 823 0411 F9030000 		.4byte	.LASF53
 824 0415 08       		.byte	0x8
 825 0416 31       		.byte	0x31
 826 0417 1D040000 		.4byte	0x41d
 827 041b 0C       		.byte	0xc
 828 041c 00       		.byte	0
 829 041d 09       		.uleb128 0x9
 830 041e 04       		.byte	0x4
 831 041f EC030000 		.4byte	0x3ec
 832 0423 03       		.uleb128 0x3
 833 0424 CE020000 		.4byte	.LASF50
 834 0428 08       		.byte	0x8
 835 0429 33       		.byte	0x33
 836 042a EC030000 		.4byte	0x3ec
 837 042e 03       		.uleb128 0x3
 838 042f 53000000 		.4byte	.LASF54
 839 0433 09       		.byte	0x9
 840 0434 2C       		.byte	0x2c
 841 0435 39040000 		.4byte	0x439
 842 0439 09       		.uleb128 0x9
 843 043a 04       		.byte	0x4
 844 043b 3F040000 		.4byte	0x43f
 845 043f 0E       		.uleb128 0xe
 846 0440 66020000 		.4byte	0x266
 847 0444 4E040000 		.4byte	0x44e
 848 0448 0F       		.uleb128 0xf
 849 0449 2C000000 		.4byte	0x2c
 850 044d 00       		.byte	0
 851 044e 03       		.uleb128 0x3
 852 044f 1D030000 		.4byte	.LASF55
 853 0453 0A       		.byte	0xa
ARM GAS  /tmp/cca66LxT.s 			page 16


 854 0454 34       		.byte	0x34
 855 0455 59040000 		.4byte	0x459
 856 0459 05       		.uleb128 0x5
 857 045a CE040000 		.4byte	.LASF56
 858 045e 20       		.byte	0x20
 859 045f 0A       		.byte	0xa
 860 0460 47       		.byte	0x47
 861 0461 8A040000 		.4byte	0x48a
 862 0465 06       		.uleb128 0x6
 863 0466 68030000 		.4byte	.LASF57
 864 046a 0A       		.byte	0xa
 865 046b 48       		.byte	0x48
 866 046c 2E040000 		.4byte	0x42e
 867 0470 00       		.byte	0
 868 0471 06       		.uleb128 0x6
 869 0472 77000000 		.4byte	.LASF58
 870 0476 0A       		.byte	0xa
 871 0477 4A       		.byte	0x4a
 872 0478 A9040000 		.4byte	0x4a9
 873 047c 08       		.byte	0x8
 874 047d 06       		.uleb128 0x6
 875 047e AA000000 		.4byte	.LASF59
 876 0482 0A       		.byte	0xa
 877 0483 4C       		.byte	0x4c
 878 0484 23040000 		.4byte	0x423
 879 0488 10       		.byte	0x10
 880 0489 00       		.byte	0
 881 048a 10       		.uleb128 0x10
 882 048b 04       		.byte	0x4
 883 048c 0A       		.byte	0xa
 884 048d 3C       		.byte	0x3c
 885 048e A9040000 		.4byte	0x4a9
 886 0492 11       		.uleb128 0x11
 887 0493 84000000 		.4byte	.LASF60
 888 0497 0A       		.byte	0xa
 889 0498 3D       		.byte	0x3d
 890 0499 CA040000 		.4byte	0x4ca
 891 049d 11       		.uleb128 0x11
 892 049e EF030000 		.4byte	.LASF61
 893 04a2 0A       		.byte	0xa
 894 04a3 3E       		.byte	0x3e
 895 04a4 D0040000 		.4byte	0x4d0
 896 04a8 00       		.byte	0
 897 04a9 12       		.uleb128 0x12
 898 04aa 99030000 		.4byte	.LASF91
 899 04ae 08       		.byte	0x8
 900 04af 0A       		.byte	0xa
 901 04b0 39       		.byte	0x39
 902 04b1 CA040000 		.4byte	0x4ca
 903 04b5 11       		.uleb128 0x11
 904 04b6 48010000 		.4byte	.LASF62
 905 04ba 0A       		.byte	0xa
 906 04bb 3A       		.byte	0x3a
 907 04bc 68020000 		.4byte	0x268
 908 04c0 13       		.uleb128 0x13
 909 04c1 6800     		.ascii	"h\000"
 910 04c3 0A       		.byte	0xa
ARM GAS  /tmp/cca66LxT.s 			page 17


 911 04c4 41       		.byte	0x41
 912 04c5 D6040000 		.4byte	0x4d6
 913 04c9 00       		.byte	0
 914 04ca 09       		.uleb128 0x9
 915 04cb 04       		.byte	0x4
 916 04cc A9040000 		.4byte	0x4a9
 917 04d0 09       		.uleb128 0x9
 918 04d1 04       		.byte	0x4
 919 04d2 4E040000 		.4byte	0x44e
 920 04d6 08       		.uleb128 0x8
 921 04d7 08       		.byte	0x8
 922 04d8 0A       		.byte	0xa
 923 04d9 3B       		.byte	0x3b
 924 04da F5040000 		.4byte	0x4f5
 925 04de 07       		.uleb128 0x7
 926 04df 7500     		.ascii	"u\000"
 927 04e1 0A       		.byte	0xa
 928 04e2 3F       		.byte	0x3f
 929 04e3 8A040000 		.4byte	0x48a
 930 04e7 00       		.byte	0
 931 04e8 06       		.uleb128 0x6
 932 04e9 90020000 		.4byte	.LASF63
 933 04ed 0A       		.byte	0xa
 934 04ee 40       		.byte	0x40
 935 04ef 2C000000 		.4byte	0x2c
 936 04f3 04       		.byte	0x4
 937 04f4 00       		.byte	0
 938 04f5 05       		.uleb128 0x5
 939 04f6 43040000 		.4byte	.LASF64
 940 04fa 04       		.byte	0x4
 941 04fb 0B       		.byte	0xb
 942 04fc 2C       		.byte	0x2c
 943 04fd 0E050000 		.4byte	0x50e
 944 0501 06       		.uleb128 0x6
 945 0502 28030000 		.4byte	.LASF65
 946 0506 0B       		.byte	0xb
 947 0507 2D       		.byte	0x2d
 948 0508 0E050000 		.4byte	0x50e
 949 050c 00       		.byte	0
 950 050d 00       		.byte	0
 951 050e 09       		.uleb128 0x9
 952 050f 04       		.byte	0x4
 953 0510 F5040000 		.4byte	0x4f5
 954 0514 08       		.uleb128 0x8
 955 0515 0C       		.byte	0xc
 956 0516 0B       		.byte	0xb
 957 0517 34       		.byte	0x34
 958 0518 41050000 		.4byte	0x541
 959 051c 06       		.uleb128 0x6
 960 051d 15040000 		.4byte	.LASF66
 961 0521 0B       		.byte	0xb
 962 0522 35       		.byte	0x35
 963 0523 0E050000 		.4byte	0x50e
 964 0527 00       		.byte	0
 965 0528 06       		.uleb128 0x6
 966 0529 09030000 		.4byte	.LASF67
 967 052d 0B       		.byte	0xb
ARM GAS  /tmp/cca66LxT.s 			page 18


 968 052e 36       		.byte	0x36
 969 052f 2C000000 		.4byte	0x2c
 970 0533 04       		.byte	0x4
 971 0534 06       		.uleb128 0x6
 972 0535 33010000 		.4byte	.LASF68
 973 0539 0B       		.byte	0xb
 974 053a 38       		.byte	0x38
 975 053b 2E040000 		.4byte	0x42e
 976 053f 08       		.byte	0x8
 977 0540 00       		.byte	0
 978 0541 03       		.uleb128 0x3
 979 0542 48000000 		.4byte	.LASF69
 980 0546 0B       		.byte	0xb
 981 0547 3A       		.byte	0x3a
 982 0548 14050000 		.4byte	0x514
 983 054c 10       		.uleb128 0x10
 984 054d 04       		.byte	0x4
 985 054e 06       		.byte	0x6
 986 054f 96       		.byte	0x96
 987 0550 81050000 		.4byte	0x581
 988 0554 11       		.uleb128 0x11
 989 0555 38000000 		.4byte	.LASF70
 990 0559 06       		.byte	0x6
 991 055a 9D       		.byte	0x9d
 992 055b E0000000 		.4byte	0xe0
 993 055f 11       		.uleb128 0x11
 994 0560 2A010000 		.4byte	.LASF71
 995 0564 06       		.byte	0x6
 996 0565 A4       		.byte	0xa4
 997 0566 E0000000 		.4byte	0xe0
 998 056a 11       		.uleb128 0x11
 999 056b 75040000 		.4byte	.LASF72
 1000 056f 06       		.byte	0x6
 1001 0570 AB       		.byte	0xab
 1002 0571 66020000 		.4byte	0x266
 1003 0575 11       		.uleb128 0x11
 1004 0576 A5030000 		.4byte	.LASF73
 1005 057a 06       		.byte	0x6
 1006 057b B2       		.byte	0xb2
 1007 057c EB000000 		.4byte	0xeb
 1008 0580 00       		.byte	0
 1009 0581 09       		.uleb128 0x9
 1010 0582 04       		.byte	0x4
 1011 0583 87050000 		.4byte	0x587
 1012 0587 14       		.uleb128 0x14
 1013 0588 8C050000 		.4byte	0x58c
 1014 058c 04       		.uleb128 0x4
 1015 058d 01       		.byte	0x1
 1016 058e 08       		.byte	0x8
 1017 058f F4030000 		.4byte	.LASF74
 1018 0593 09       		.uleb128 0x9
 1019 0594 04       		.byte	0x4
 1020 0595 23040000 		.4byte	0x423
 1021 0599 03       		.uleb128 0x3
 1022 059a 00000000 		.4byte	.LASF75
 1023 059e 06       		.byte	0x6
 1024 059f E5       		.byte	0xe5
ARM GAS  /tmp/cca66LxT.s 			page 19


 1025 05a0 A4050000 		.4byte	0x5a4
 1026 05a4 09       		.uleb128 0x9
 1027 05a5 04       		.byte	0x4
 1028 05a6 AA050000 		.4byte	0x5aa
 1029 05aa 0E       		.uleb128 0xe
 1030 05ab E0000000 		.4byte	0xe0
 1031 05af B9050000 		.4byte	0x5b9
 1032 05b3 0F       		.uleb128 0xf
 1033 05b4 66020000 		.4byte	0x266
 1034 05b8 00       		.byte	0
 1035 05b9 15       		.uleb128 0x15
 1036 05ba D4020000 		.4byte	.LASF77
 1037 05be 01       		.byte	0x1
 1038 05bf 34       		.byte	0x34
 1039 05c0 2A020000 		.4byte	0x22a
 1040 05c4 00000000 		.4byte	.LFB7
 1041 05c8 14000000 		.4byte	.LFE7-.LFB7
 1042 05cc 01       		.uleb128 0x1
 1043 05cd 9C       		.byte	0x9c
 1044 05ce 11060000 		.4byte	0x611
 1045 05d2 16       		.uleb128 0x16
 1046 05d3 747000   		.ascii	"tp\000"
 1047 05d6 01       		.byte	0x1
 1048 05d7 34       		.byte	0x34
 1049 05d8 2A020000 		.4byte	0x22a
 1050 05dc 01       		.uleb128 0x1
 1051 05dd 50       		.byte	0x50
 1052 05de 17       		.uleb128 0x17
 1053 05df 00000000 		.4byte	.LBB2
 1054 05e3 06000000 		.4byte	.LBE2-.LBB2
 1055 05e7 F9050000 		.4byte	0x5f9
 1056 05eb 18       		.uleb128 0x18
 1057 05ec 746D7000 		.ascii	"tmp\000"
 1058 05f0 01       		.byte	0x1
 1059 05f1 36       		.byte	0x36
 1060 05f2 77000000 		.4byte	0x77
 1061 05f6 01       		.uleb128 0x1
 1062 05f7 53       		.byte	0x53
 1063 05f8 00       		.byte	0
 1064 05f9 19       		.uleb128 0x19
 1065 05fa 0C000000 		.4byte	.LBB3
 1066 05fe 06000000 		.4byte	.LBE3-.LBB3
 1067 0602 18       		.uleb128 0x18
 1068 0603 746D7000 		.ascii	"tmp\000"
 1069 0607 01       		.byte	0x1
 1070 0608 39       		.byte	0x39
 1071 0609 77000000 		.4byte	0x77
 1072 060d 01       		.uleb128 0x1
 1073 060e 53       		.byte	0x53
 1074 060f 00       		.byte	0
 1075 0610 00       		.byte	0
 1076 0611 1A       		.uleb128 0x1a
 1077 0612 BB030000 		.4byte	.LASF92
 1078 0616 01       		.byte	0x1
 1079 0617 4A       		.byte	0x4a
 1080 0618 00000000 		.4byte	.LFB8
 1081 061c 4E000000 		.4byte	.LFE8-.LFB8
ARM GAS  /tmp/cca66LxT.s 			page 20


 1082 0620 01       		.uleb128 0x1
 1083 0621 9C       		.byte	0x9c
 1084 0622 98060000 		.4byte	0x698
 1085 0626 1B       		.uleb128 0x1b
 1086 0627 747000   		.ascii	"tp\000"
 1087 062a 01       		.byte	0x1
 1088 062b 4A       		.byte	0x4a
 1089 062c 2A020000 		.4byte	0x22a
 1090 0630 00000000 		.4byte	.LLST0
 1091 0634 1C       		.uleb128 0x1c
 1092 0635 38030000 		.4byte	.LASF76
 1093 0639 01       		.byte	0x1
 1094 063a 4B       		.byte	0x4b
 1095 063b BF000000 		.4byte	0xbf
 1096 063f 45000000 		.4byte	.LLST1
 1097 0643 17       		.uleb128 0x17
 1098 0644 02000000 		.4byte	.LBB4
 1099 0648 06000000 		.4byte	.LBE4-.LBB4
 1100 064c 5E060000 		.4byte	0x65e
 1101 0650 18       		.uleb128 0x18
 1102 0651 746D7000 		.ascii	"tmp\000"
 1103 0655 01       		.byte	0x1
 1104 0656 4D       		.byte	0x4d
 1105 0657 77000000 		.4byte	0x77
 1106 065b 01       		.uleb128 0x1
 1107 065c 53       		.byte	0x53
 1108 065d 00       		.byte	0
 1109 065e 17       		.uleb128 0x17
 1110 065f 10000000 		.4byte	.LBB5
 1111 0663 06000000 		.4byte	.LBE5-.LBB5
 1112 0667 79060000 		.4byte	0x679
 1113 066b 18       		.uleb128 0x18
 1114 066c 746D7000 		.ascii	"tmp\000"
 1115 0670 01       		.byte	0x1
 1116 0671 50       		.byte	0x50
 1117 0672 77000000 		.4byte	0x77
 1118 0676 01       		.uleb128 0x1
 1119 0677 53       		.byte	0x53
 1120 0678 00       		.byte	0
 1121 0679 1D       		.uleb128 0x1d
 1122 067a 3E000000 		.4byte	.LVL4
 1123 067e 9D080000 		.4byte	0x89d
 1124 0682 8E060000 		.4byte	0x68e
 1125 0686 1E       		.uleb128 0x1e
 1126 0687 01       		.uleb128 0x1
 1127 0688 50       		.byte	0x50
 1128 0689 03       		.uleb128 0x3
 1129 068a F3       		.byte	0xf3
 1130 068b 01       		.uleb128 0x1
 1131 068c 50       		.byte	0x50
 1132 068d 00       		.byte	0
 1133 068e 1F       		.uleb128 0x1f
 1134 068f 4E000000 		.4byte	.LVL7
 1135 0693 AE080000 		.4byte	0x8ae
 1136 0697 00       		.byte	0
 1137 0698 15       		.uleb128 0x15
 1138 0699 EB000000 		.4byte	.LASF78
ARM GAS  /tmp/cca66LxT.s 			page 21


 1139 069d 01       		.byte	0x1
 1140 069e 82       		.byte	0x82
 1141 069f 2A020000 		.4byte	0x22a
 1142 06a3 00000000 		.4byte	.LFB9
 1143 06a7 3C000000 		.4byte	.LFE9-.LFB9
 1144 06ab 01       		.uleb128 0x1
 1145 06ac 9C       		.byte	0x9c
 1146 06ad A6070000 		.4byte	0x7a6
 1147 06b1 20       		.uleb128 0x20
 1148 06b2 7E000000 		.4byte	.LASF79
 1149 06b6 01       		.byte	0x1
 1150 06b7 82       		.byte	0x82
 1151 06b8 D0040000 		.4byte	0x4d0
 1152 06bc 63000000 		.4byte	.LLST2
 1153 06c0 20       		.uleb128 0x20
 1154 06c1 90020000 		.4byte	.LASF63
 1155 06c5 01       		.byte	0x1
 1156 06c6 82       		.byte	0x82
 1157 06c7 2C000000 		.4byte	0x2c
 1158 06cb 84000000 		.4byte	.LLST3
 1159 06cf 20       		.uleb128 0x20
 1160 06d0 18030000 		.4byte	.LASF80
 1161 06d4 01       		.byte	0x1
 1162 06d5 83       		.byte	0x83
 1163 06d6 D5000000 		.4byte	0xd5
 1164 06da A2000000 		.4byte	.LLST4
 1165 06de 1B       		.uleb128 0x1b
 1166 06df 706600   		.ascii	"pf\000"
 1167 06e2 01       		.byte	0x1
 1168 06e3 83       		.byte	0x83
 1169 06e4 99050000 		.4byte	0x599
 1170 06e8 C0000000 		.4byte	.LLST5
 1171 06ec 16       		.uleb128 0x16
 1172 06ed 61726700 		.ascii	"arg\000"
 1173 06f1 01       		.byte	0x1
 1174 06f2 83       		.byte	0x83
 1175 06f3 66020000 		.4byte	0x266
 1176 06f7 02       		.uleb128 0x2
 1177 06f8 91       		.byte	0x91
 1178 06f9 00       		.sleb128 0
 1179 06fa 21       		.uleb128 0x21
 1180 06fb 77737000 		.ascii	"wsp\000"
 1181 06ff 01       		.byte	0x1
 1182 0700 84       		.byte	0x84
 1183 0701 66020000 		.4byte	0x266
 1184 0705 EC000000 		.4byte	.LLST6
 1185 0709 21       		.uleb128 0x21
 1186 070a 747000   		.ascii	"tp\000"
 1187 070d 01       		.byte	0x1
 1188 070e 85       		.byte	0x85
 1189 070f 2A020000 		.4byte	0x22a
 1190 0713 FF000000 		.4byte	.LLST7
 1191 0717 17       		.uleb128 0x17
 1192 0718 10000000 		.4byte	.LBB6
 1193 071c 06000000 		.4byte	.LBE6-.LBB6
 1194 0720 32070000 		.4byte	0x732
 1195 0724 18       		.uleb128 0x18
ARM GAS  /tmp/cca66LxT.s 			page 22


 1196 0725 746D7000 		.ascii	"tmp\000"
 1197 0729 01       		.byte	0x1
 1198 072a 94       		.byte	0x94
 1199 072b 77000000 		.4byte	0x77
 1200 072f 01       		.uleb128 0x1
 1201 0730 53       		.byte	0x53
 1202 0731 00       		.byte	0
 1203 0732 17       		.uleb128 0x17
 1204 0733 30000000 		.4byte	.LBB7
 1205 0737 06000000 		.4byte	.LBE7-.LBB7
 1206 073b 4D070000 		.4byte	0x74d
 1207 073f 18       		.uleb128 0x18
 1208 0740 746D7000 		.ascii	"tmp\000"
 1209 0744 01       		.byte	0x1
 1210 0745 98       		.byte	0x98
 1211 0746 77000000 		.4byte	0x77
 1212 074a 01       		.uleb128 0x1
 1213 074b 53       		.byte	0x53
 1214 074c 00       		.byte	0
 1215 074d 22       		.uleb128 0x22
 1216 074e 0E000000 		.4byte	.LVL9
 1217 0752 C4080000 		.4byte	0x8c4
 1218 0756 68070000 		.4byte	0x768
 1219 075a 1E       		.uleb128 0x1e
 1220 075b 01       		.uleb128 0x1
 1221 075c 51       		.byte	0x51
 1222 075d 02       		.uleb128 0x2
 1223 075e 75       		.byte	0x75
 1224 075f 00       		.sleb128 0
 1225 0760 1E       		.uleb128 0x1e
 1226 0761 01       		.uleb128 0x1
 1227 0762 50       		.byte	0x50
 1228 0763 03       		.uleb128 0x3
 1229 0764 F3       		.byte	0xf3
 1230 0765 01       		.uleb128 0x1
 1231 0766 50       		.byte	0x50
 1232 0767 00       		.byte	0
 1233 0768 22       		.uleb128 0x22
 1234 0769 24000000 		.4byte	.LVL10
 1235 076d DE080000 		.4byte	0x8de
 1236 0771 90070000 		.4byte	0x790
 1237 0775 1E       		.uleb128 0x1e
 1238 0776 01       		.uleb128 0x1
 1239 0777 53       		.byte	0x53
 1240 0778 02       		.uleb128 0x2
 1241 0779 74       		.byte	0x74
 1242 077a 00       		.sleb128 0
 1243 077b 1E       		.uleb128 0x1e
 1244 077c 01       		.uleb128 0x1
 1245 077d 52       		.byte	0x52
 1246 077e 02       		.uleb128 0x2
 1247 077f 76       		.byte	0x76
 1248 0780 00       		.sleb128 0
 1249 0781 1E       		.uleb128 0x1e
 1250 0782 01       		.uleb128 0x1
 1251 0783 51       		.byte	0x51
 1252 0784 02       		.uleb128 0x2
ARM GAS  /tmp/cca66LxT.s 			page 23


 1253 0785 75       		.byte	0x75
 1254 0786 00       		.sleb128 0
 1255 0787 1E       		.uleb128 0x1e
 1256 0788 02       		.uleb128 0x2
 1257 0789 7D       		.byte	0x7d
 1258 078a 00       		.sleb128 0
 1259 078b 03       		.uleb128 0x3
 1260 078c 91       		.byte	0x91
 1261 078d 00       		.sleb128 0
 1262 078e 06       		.byte	0x6
 1263 078f 00       		.byte	0
 1264 0790 23       		.uleb128 0x23
 1265 0791 30000000 		.4byte	.LVL12
 1266 0795 08090000 		.4byte	0x908
 1267 0799 1E       		.uleb128 0x1e
 1268 079a 01       		.uleb128 0x1
 1269 079b 51       		.byte	0x51
 1270 079c 01       		.uleb128 0x1
 1271 079d 30       		.byte	0x30
 1272 079e 1E       		.uleb128 0x1e
 1273 079f 01       		.uleb128 0x1
 1274 07a0 50       		.byte	0x50
 1275 07a1 02       		.uleb128 0x2
 1276 07a2 74       		.byte	0x74
 1277 07a3 00       		.sleb128 0
 1278 07a4 00       		.byte	0
 1279 07a5 00       		.byte	0
 1280 07a6 15       		.uleb128 0x15
 1281 07a7 10010000 		.4byte	.LASF81
 1282 07ab 01       		.byte	0x1
 1283 07ac B3       		.byte	0xb3
 1284 07ad 2A020000 		.4byte	0x22a
 1285 07b1 00000000 		.4byte	.LFB10
 1286 07b5 3E000000 		.4byte	.LFE10-.LFB10
 1287 07b9 01       		.uleb128 0x1
 1288 07ba 9C       		.byte	0x9c
 1289 07bb 97080000 		.4byte	0x897
 1290 07bf 1B       		.uleb128 0x1b
 1291 07c0 6D7000   		.ascii	"mp\000"
 1292 07c3 01       		.byte	0x1
 1293 07c4 B3       		.byte	0xb3
 1294 07c5 97080000 		.4byte	0x897
 1295 07c9 1D010000 		.4byte	.LLST8
 1296 07cd 20       		.uleb128 0x20
 1297 07ce 18030000 		.4byte	.LASF80
 1298 07d2 01       		.byte	0x1
 1299 07d3 B3       		.byte	0xb3
 1300 07d4 D5000000 		.4byte	0xd5
 1301 07d8 3B010000 		.4byte	.LLST9
 1302 07dc 1B       		.uleb128 0x1b
 1303 07dd 706600   		.ascii	"pf\000"
 1304 07e0 01       		.byte	0x1
 1305 07e1 B4       		.byte	0xb4
 1306 07e2 99050000 		.4byte	0x599
 1307 07e6 59010000 		.4byte	.LLST10
 1308 07ea 1B       		.uleb128 0x1b
 1309 07eb 61726700 		.ascii	"arg\000"
ARM GAS  /tmp/cca66LxT.s 			page 24


 1310 07ef 01       		.byte	0x1
 1311 07f0 B4       		.byte	0xb4
 1312 07f1 66020000 		.4byte	0x266
 1313 07f5 85010000 		.4byte	.LLST11
 1314 07f9 21       		.uleb128 0x21
 1315 07fa 77737000 		.ascii	"wsp\000"
 1316 07fe 01       		.byte	0x1
 1317 07ff B5       		.byte	0xb5
 1318 0800 66020000 		.4byte	0x266
 1319 0804 A3010000 		.4byte	.LLST12
 1320 0808 21       		.uleb128 0x21
 1321 0809 747000   		.ascii	"tp\000"
 1322 080c 01       		.byte	0x1
 1323 080d B6       		.byte	0xb6
 1324 080e 2A020000 		.4byte	0x22a
 1325 0812 B6010000 		.4byte	.LLST13
 1326 0816 17       		.uleb128 0x17
 1327 0817 12000000 		.4byte	.LBB8
 1328 081b 06000000 		.4byte	.LBE8-.LBB8
 1329 081f 31080000 		.4byte	0x831
 1330 0823 18       		.uleb128 0x18
 1331 0824 746D7000 		.ascii	"tmp\000"
 1332 0828 01       		.byte	0x1
 1333 0829 C7       		.byte	0xc7
 1334 082a 77000000 		.4byte	0x77
 1335 082e 01       		.uleb128 0x1
 1336 082f 53       		.byte	0x53
 1337 0830 00       		.byte	0
 1338 0831 17       		.uleb128 0x17
 1339 0832 32000000 		.4byte	.LBB9
 1340 0836 06000000 		.4byte	.LBE9-.LBB9
 1341 083a 4C080000 		.4byte	0x84c
 1342 083e 18       		.uleb128 0x18
 1343 083f 746D7000 		.ascii	"tmp\000"
 1344 0843 01       		.byte	0x1
 1345 0844 CC       		.byte	0xcc
 1346 0845 77000000 		.4byte	0x77
 1347 0849 01       		.uleb128 0x1
 1348 084a 53       		.byte	0x53
 1349 084b 00       		.byte	0
 1350 084c 22       		.uleb128 0x22
 1351 084d 10000000 		.4byte	.LVL15
 1352 0851 1E090000 		.4byte	0x91e
 1353 0855 60080000 		.4byte	0x860
 1354 0859 1E       		.uleb128 0x1e
 1355 085a 01       		.uleb128 0x1
 1356 085b 50       		.byte	0x50
 1357 085c 02       		.uleb128 0x2
 1358 085d 75       		.byte	0x75
 1359 085e 00       		.sleb128 0
 1360 085f 00       		.byte	0
 1361 0860 22       		.uleb128 0x22
 1362 0861 24000000 		.4byte	.LVL16
 1363 0865 DE080000 		.4byte	0x8de
 1364 0869 81080000 		.4byte	0x881
 1365 086d 1E       		.uleb128 0x1e
 1366 086e 01       		.uleb128 0x1
ARM GAS  /tmp/cca66LxT.s 			page 25


 1367 086f 53       		.byte	0x53
 1368 0870 02       		.uleb128 0x2
 1369 0871 74       		.byte	0x74
 1370 0872 00       		.sleb128 0
 1371 0873 1E       		.uleb128 0x1e
 1372 0874 01       		.uleb128 0x1
 1373 0875 52       		.byte	0x52
 1374 0876 02       		.uleb128 0x2
 1375 0877 77       		.byte	0x77
 1376 0878 00       		.sleb128 0
 1377 0879 1E       		.uleb128 0x1e
 1378 087a 02       		.uleb128 0x2
 1379 087b 7D       		.byte	0x7d
 1380 087c 00       		.sleb128 0
 1381 087d 02       		.uleb128 0x2
 1382 087e 76       		.byte	0x76
 1383 087f 00       		.sleb128 0
 1384 0880 00       		.byte	0
 1385 0881 23       		.uleb128 0x23
 1386 0882 32000000 		.4byte	.LVL18
 1387 0886 08090000 		.4byte	0x908
 1388 088a 1E       		.uleb128 0x1e
 1389 088b 01       		.uleb128 0x1
 1390 088c 51       		.byte	0x51
 1391 088d 01       		.uleb128 0x1
 1392 088e 30       		.byte	0x30
 1393 088f 1E       		.uleb128 0x1e
 1394 0890 01       		.uleb128 0x1
 1395 0891 50       		.byte	0x50
 1396 0892 02       		.uleb128 0x2
 1397 0893 74       		.byte	0x74
 1398 0894 00       		.sleb128 0
 1399 0895 00       		.byte	0
 1400 0896 00       		.byte	0
 1401 0897 09       		.uleb128 0x9
 1402 0898 04       		.byte	0x4
 1403 0899 41050000 		.4byte	0x541
 1404 089d 24       		.uleb128 0x24
 1405 089e C0000000 		.4byte	.LASF82
 1406 08a2 0A       		.byte	0xa
 1407 08a3 5A       		.byte	0x5a
 1408 08a4 AE080000 		.4byte	0x8ae
 1409 08a8 0F       		.uleb128 0xf
 1410 08a9 66020000 		.4byte	0x266
 1411 08ad 00       		.byte	0
 1412 08ae 24       		.uleb128 0x24
 1413 08af 6A040000 		.4byte	.LASF83
 1414 08b3 0B       		.byte	0xb
 1415 08b4 84       		.byte	0x84
 1416 08b5 C4080000 		.4byte	0x8c4
 1417 08b9 0F       		.uleb128 0xf
 1418 08ba 97080000 		.4byte	0x897
 1419 08be 0F       		.uleb128 0xf
 1420 08bf 66020000 		.4byte	0x266
 1421 08c3 00       		.byte	0
 1422 08c4 25       		.uleb128 0x25
 1423 08c5 CF030000 		.4byte	.LASF84
ARM GAS  /tmp/cca66LxT.s 			page 26


 1424 08c9 0A       		.byte	0xa
 1425 08ca 59       		.byte	0x59
 1426 08cb 66020000 		.4byte	0x266
 1427 08cf DE080000 		.4byte	0x8de
 1428 08d3 0F       		.uleb128 0xf
 1429 08d4 D0040000 		.4byte	0x4d0
 1430 08d8 0F       		.uleb128 0xf
 1431 08d9 2C000000 		.4byte	0x2c
 1432 08dd 00       		.byte	0
 1433 08de 26       		.uleb128 0x26
 1434 08df D5000000 		.4byte	.LASF85
 1435 08e3 06       		.byte	0x6
 1436 08e4 6E01     		.2byte	0x16e
 1437 08e6 2A020000 		.4byte	0x22a
 1438 08ea 08090000 		.4byte	0x908
 1439 08ee 0F       		.uleb128 0xf
 1440 08ef 66020000 		.4byte	0x266
 1441 08f3 0F       		.uleb128 0xf
 1442 08f4 2C000000 		.4byte	0x2c
 1443 08f8 0F       		.uleb128 0xf
 1444 08f9 D5000000 		.4byte	0xd5
 1445 08fd 0F       		.uleb128 0xf
 1446 08fe 99050000 		.4byte	0x599
 1447 0902 0F       		.uleb128 0xf
 1448 0903 66020000 		.4byte	0x266
 1449 0907 00       		.byte	0
 1450 0908 24       		.uleb128 0x24
 1451 0909 36040000 		.4byte	.LASF86
 1452 090d 0C       		.byte	0xc
 1453 090e 99       		.byte	0x99
 1454 090f 1E090000 		.4byte	0x91e
 1455 0913 0F       		.uleb128 0xf
 1456 0914 2A020000 		.4byte	0x22a
 1457 0918 0F       		.uleb128 0xf
 1458 0919 E0000000 		.4byte	0xe0
 1459 091d 00       		.byte	0
 1460 091e 27       		.uleb128 0x27
 1461 091f 5E040000 		.4byte	.LASF87
 1462 0923 0B       		.byte	0xb
 1463 0924 82       		.byte	0x82
 1464 0925 66020000 		.4byte	0x266
 1465 0929 0F       		.uleb128 0xf
 1466 092a 97080000 		.4byte	0x897
 1467 092e 00       		.byte	0
 1468 092f 00       		.byte	0
 1469              		.section	.debug_abbrev,"",%progbits
 1470              	.Ldebug_abbrev0:
 1471 0000 01       		.uleb128 0x1
 1472 0001 11       		.uleb128 0x11
 1473 0002 01       		.byte	0x1
 1474 0003 25       		.uleb128 0x25
 1475 0004 0E       		.uleb128 0xe
 1476 0005 13       		.uleb128 0x13
 1477 0006 0B       		.uleb128 0xb
 1478 0007 03       		.uleb128 0x3
 1479 0008 0E       		.uleb128 0xe
 1480 0009 1B       		.uleb128 0x1b
ARM GAS  /tmp/cca66LxT.s 			page 27


 1481 000a 0E       		.uleb128 0xe
 1482 000b 55       		.uleb128 0x55
 1483 000c 17       		.uleb128 0x17
 1484 000d 11       		.uleb128 0x11
 1485 000e 01       		.uleb128 0x1
 1486 000f 10       		.uleb128 0x10
 1487 0010 17       		.uleb128 0x17
 1488 0011 00       		.byte	0
 1489 0012 00       		.byte	0
 1490 0013 02       		.uleb128 0x2
 1491 0014 24       		.uleb128 0x24
 1492 0015 00       		.byte	0
 1493 0016 0B       		.uleb128 0xb
 1494 0017 0B       		.uleb128 0xb
 1495 0018 3E       		.uleb128 0x3e
 1496 0019 0B       		.uleb128 0xb
 1497 001a 03       		.uleb128 0x3
 1498 001b 08       		.uleb128 0x8
 1499 001c 00       		.byte	0
 1500 001d 00       		.byte	0
 1501 001e 03       		.uleb128 0x3
 1502 001f 16       		.uleb128 0x16
 1503 0020 00       		.byte	0
 1504 0021 03       		.uleb128 0x3
 1505 0022 0E       		.uleb128 0xe
 1506 0023 3A       		.uleb128 0x3a
 1507 0024 0B       		.uleb128 0xb
 1508 0025 3B       		.uleb128 0x3b
 1509 0026 0B       		.uleb128 0xb
 1510 0027 49       		.uleb128 0x49
 1511 0028 13       		.uleb128 0x13
 1512 0029 00       		.byte	0
 1513 002a 00       		.byte	0
 1514 002b 04       		.uleb128 0x4
 1515 002c 24       		.uleb128 0x24
 1516 002d 00       		.byte	0
 1517 002e 0B       		.uleb128 0xb
 1518 002f 0B       		.uleb128 0xb
 1519 0030 3E       		.uleb128 0x3e
 1520 0031 0B       		.uleb128 0xb
 1521 0032 03       		.uleb128 0x3
 1522 0033 0E       		.uleb128 0xe
 1523 0034 00       		.byte	0
 1524 0035 00       		.byte	0
 1525 0036 05       		.uleb128 0x5
 1526 0037 13       		.uleb128 0x13
 1527 0038 01       		.byte	0x1
 1528 0039 03       		.uleb128 0x3
 1529 003a 0E       		.uleb128 0xe
 1530 003b 0B       		.uleb128 0xb
 1531 003c 0B       		.uleb128 0xb
 1532 003d 3A       		.uleb128 0x3a
 1533 003e 0B       		.uleb128 0xb
 1534 003f 3B       		.uleb128 0x3b
 1535 0040 0B       		.uleb128 0xb
 1536 0041 01       		.uleb128 0x1
 1537 0042 13       		.uleb128 0x13
ARM GAS  /tmp/cca66LxT.s 			page 28


 1538 0043 00       		.byte	0
 1539 0044 00       		.byte	0
 1540 0045 06       		.uleb128 0x6
 1541 0046 0D       		.uleb128 0xd
 1542 0047 00       		.byte	0
 1543 0048 03       		.uleb128 0x3
 1544 0049 0E       		.uleb128 0xe
 1545 004a 3A       		.uleb128 0x3a
 1546 004b 0B       		.uleb128 0xb
 1547 004c 3B       		.uleb128 0x3b
 1548 004d 0B       		.uleb128 0xb
 1549 004e 49       		.uleb128 0x49
 1550 004f 13       		.uleb128 0x13
 1551 0050 38       		.uleb128 0x38
 1552 0051 0B       		.uleb128 0xb
 1553 0052 00       		.byte	0
 1554 0053 00       		.byte	0
 1555 0054 07       		.uleb128 0x7
 1556 0055 0D       		.uleb128 0xd
 1557 0056 00       		.byte	0
 1558 0057 03       		.uleb128 0x3
 1559 0058 08       		.uleb128 0x8
 1560 0059 3A       		.uleb128 0x3a
 1561 005a 0B       		.uleb128 0xb
 1562 005b 3B       		.uleb128 0x3b
 1563 005c 0B       		.uleb128 0xb
 1564 005d 49       		.uleb128 0x49
 1565 005e 13       		.uleb128 0x13
 1566 005f 38       		.uleb128 0x38
 1567 0060 0B       		.uleb128 0xb
 1568 0061 00       		.byte	0
 1569 0062 00       		.byte	0
 1570 0063 08       		.uleb128 0x8
 1571 0064 13       		.uleb128 0x13
 1572 0065 01       		.byte	0x1
 1573 0066 0B       		.uleb128 0xb
 1574 0067 0B       		.uleb128 0xb
 1575 0068 3A       		.uleb128 0x3a
 1576 0069 0B       		.uleb128 0xb
 1577 006a 3B       		.uleb128 0x3b
 1578 006b 0B       		.uleb128 0xb
 1579 006c 01       		.uleb128 0x1
 1580 006d 13       		.uleb128 0x13
 1581 006e 00       		.byte	0
 1582 006f 00       		.byte	0
 1583 0070 09       		.uleb128 0x9
 1584 0071 0F       		.uleb128 0xf
 1585 0072 00       		.byte	0
 1586 0073 0B       		.uleb128 0xb
 1587 0074 0B       		.uleb128 0xb
 1588 0075 49       		.uleb128 0x49
 1589 0076 13       		.uleb128 0x13
 1590 0077 00       		.byte	0
 1591 0078 00       		.byte	0
 1592 0079 0A       		.uleb128 0xa
 1593 007a 0F       		.uleb128 0xf
 1594 007b 00       		.byte	0
ARM GAS  /tmp/cca66LxT.s 			page 29


 1595 007c 0B       		.uleb128 0xb
 1596 007d 0B       		.uleb128 0xb
 1597 007e 00       		.byte	0
 1598 007f 00       		.byte	0
 1599 0080 0B       		.uleb128 0xb
 1600 0081 13       		.uleb128 0x13
 1601 0082 01       		.byte	0x1
 1602 0083 03       		.uleb128 0x3
 1603 0084 0E       		.uleb128 0xe
 1604 0085 0B       		.uleb128 0xb
 1605 0086 0B       		.uleb128 0xb
 1606 0087 3A       		.uleb128 0x3a
 1607 0088 0B       		.uleb128 0xb
 1608 0089 3B       		.uleb128 0x3b
 1609 008a 05       		.uleb128 0x5
 1610 008b 01       		.uleb128 0x1
 1611 008c 13       		.uleb128 0x13
 1612 008d 00       		.byte	0
 1613 008e 00       		.byte	0
 1614 008f 0C       		.uleb128 0xc
 1615 0090 0D       		.uleb128 0xd
 1616 0091 00       		.byte	0
 1617 0092 03       		.uleb128 0x3
 1618 0093 08       		.uleb128 0x8
 1619 0094 3A       		.uleb128 0x3a
 1620 0095 0B       		.uleb128 0xb
 1621 0096 3B       		.uleb128 0x3b
 1622 0097 05       		.uleb128 0x5
 1623 0098 49       		.uleb128 0x49
 1624 0099 13       		.uleb128 0x13
 1625 009a 38       		.uleb128 0x38
 1626 009b 0B       		.uleb128 0xb
 1627 009c 00       		.byte	0
 1628 009d 00       		.byte	0
 1629 009e 0D       		.uleb128 0xd
 1630 009f 35       		.uleb128 0x35
 1631 00a0 00       		.byte	0
 1632 00a1 49       		.uleb128 0x49
 1633 00a2 13       		.uleb128 0x13
 1634 00a3 00       		.byte	0
 1635 00a4 00       		.byte	0
 1636 00a5 0E       		.uleb128 0xe
 1637 00a6 15       		.uleb128 0x15
 1638 00a7 01       		.byte	0x1
 1639 00a8 27       		.uleb128 0x27
 1640 00a9 19       		.uleb128 0x19
 1641 00aa 49       		.uleb128 0x49
 1642 00ab 13       		.uleb128 0x13
 1643 00ac 01       		.uleb128 0x1
 1644 00ad 13       		.uleb128 0x13
 1645 00ae 00       		.byte	0
 1646 00af 00       		.byte	0
 1647 00b0 0F       		.uleb128 0xf
 1648 00b1 05       		.uleb128 0x5
 1649 00b2 00       		.byte	0
 1650 00b3 49       		.uleb128 0x49
 1651 00b4 13       		.uleb128 0x13
ARM GAS  /tmp/cca66LxT.s 			page 30


 1652 00b5 00       		.byte	0
 1653 00b6 00       		.byte	0
 1654 00b7 10       		.uleb128 0x10
 1655 00b8 17       		.uleb128 0x17
 1656 00b9 01       		.byte	0x1
 1657 00ba 0B       		.uleb128 0xb
 1658 00bb 0B       		.uleb128 0xb
 1659 00bc 3A       		.uleb128 0x3a
 1660 00bd 0B       		.uleb128 0xb
 1661 00be 3B       		.uleb128 0x3b
 1662 00bf 0B       		.uleb128 0xb
 1663 00c0 01       		.uleb128 0x1
 1664 00c1 13       		.uleb128 0x13
 1665 00c2 00       		.byte	0
 1666 00c3 00       		.byte	0
 1667 00c4 11       		.uleb128 0x11
 1668 00c5 0D       		.uleb128 0xd
 1669 00c6 00       		.byte	0
 1670 00c7 03       		.uleb128 0x3
 1671 00c8 0E       		.uleb128 0xe
 1672 00c9 3A       		.uleb128 0x3a
 1673 00ca 0B       		.uleb128 0xb
 1674 00cb 3B       		.uleb128 0x3b
 1675 00cc 0B       		.uleb128 0xb
 1676 00cd 49       		.uleb128 0x49
 1677 00ce 13       		.uleb128 0x13
 1678 00cf 00       		.byte	0
 1679 00d0 00       		.byte	0
 1680 00d1 12       		.uleb128 0x12
 1681 00d2 17       		.uleb128 0x17
 1682 00d3 01       		.byte	0x1
 1683 00d4 03       		.uleb128 0x3
 1684 00d5 0E       		.uleb128 0xe
 1685 00d6 0B       		.uleb128 0xb
 1686 00d7 0B       		.uleb128 0xb
 1687 00d8 3A       		.uleb128 0x3a
 1688 00d9 0B       		.uleb128 0xb
 1689 00da 3B       		.uleb128 0x3b
 1690 00db 0B       		.uleb128 0xb
 1691 00dc 01       		.uleb128 0x1
 1692 00dd 13       		.uleb128 0x13
 1693 00de 00       		.byte	0
 1694 00df 00       		.byte	0
 1695 00e0 13       		.uleb128 0x13
 1696 00e1 0D       		.uleb128 0xd
 1697 00e2 00       		.byte	0
 1698 00e3 03       		.uleb128 0x3
 1699 00e4 08       		.uleb128 0x8
 1700 00e5 3A       		.uleb128 0x3a
 1701 00e6 0B       		.uleb128 0xb
 1702 00e7 3B       		.uleb128 0x3b
 1703 00e8 0B       		.uleb128 0xb
 1704 00e9 49       		.uleb128 0x49
 1705 00ea 13       		.uleb128 0x13
 1706 00eb 00       		.byte	0
 1707 00ec 00       		.byte	0
 1708 00ed 14       		.uleb128 0x14
ARM GAS  /tmp/cca66LxT.s 			page 31


 1709 00ee 26       		.uleb128 0x26
 1710 00ef 00       		.byte	0
 1711 00f0 49       		.uleb128 0x49
 1712 00f1 13       		.uleb128 0x13
 1713 00f2 00       		.byte	0
 1714 00f3 00       		.byte	0
 1715 00f4 15       		.uleb128 0x15
 1716 00f5 2E       		.uleb128 0x2e
 1717 00f6 01       		.byte	0x1
 1718 00f7 3F       		.uleb128 0x3f
 1719 00f8 19       		.uleb128 0x19
 1720 00f9 03       		.uleb128 0x3
 1721 00fa 0E       		.uleb128 0xe
 1722 00fb 3A       		.uleb128 0x3a
 1723 00fc 0B       		.uleb128 0xb
 1724 00fd 3B       		.uleb128 0x3b
 1725 00fe 0B       		.uleb128 0xb
 1726 00ff 27       		.uleb128 0x27
 1727 0100 19       		.uleb128 0x19
 1728 0101 49       		.uleb128 0x49
 1729 0102 13       		.uleb128 0x13
 1730 0103 11       		.uleb128 0x11
 1731 0104 01       		.uleb128 0x1
 1732 0105 12       		.uleb128 0x12
 1733 0106 06       		.uleb128 0x6
 1734 0107 40       		.uleb128 0x40
 1735 0108 18       		.uleb128 0x18
 1736 0109 9742     		.uleb128 0x2117
 1737 010b 19       		.uleb128 0x19
 1738 010c 01       		.uleb128 0x1
 1739 010d 13       		.uleb128 0x13
 1740 010e 00       		.byte	0
 1741 010f 00       		.byte	0
 1742 0110 16       		.uleb128 0x16
 1743 0111 05       		.uleb128 0x5
 1744 0112 00       		.byte	0
 1745 0113 03       		.uleb128 0x3
 1746 0114 08       		.uleb128 0x8
 1747 0115 3A       		.uleb128 0x3a
 1748 0116 0B       		.uleb128 0xb
 1749 0117 3B       		.uleb128 0x3b
 1750 0118 0B       		.uleb128 0xb
 1751 0119 49       		.uleb128 0x49
 1752 011a 13       		.uleb128 0x13
 1753 011b 02       		.uleb128 0x2
 1754 011c 18       		.uleb128 0x18
 1755 011d 00       		.byte	0
 1756 011e 00       		.byte	0
 1757 011f 17       		.uleb128 0x17
 1758 0120 0B       		.uleb128 0xb
 1759 0121 01       		.byte	0x1
 1760 0122 11       		.uleb128 0x11
 1761 0123 01       		.uleb128 0x1
 1762 0124 12       		.uleb128 0x12
 1763 0125 06       		.uleb128 0x6
 1764 0126 01       		.uleb128 0x1
 1765 0127 13       		.uleb128 0x13
ARM GAS  /tmp/cca66LxT.s 			page 32


 1766 0128 00       		.byte	0
 1767 0129 00       		.byte	0
 1768 012a 18       		.uleb128 0x18
 1769 012b 34       		.uleb128 0x34
 1770 012c 00       		.byte	0
 1771 012d 03       		.uleb128 0x3
 1772 012e 08       		.uleb128 0x8
 1773 012f 3A       		.uleb128 0x3a
 1774 0130 0B       		.uleb128 0xb
 1775 0131 3B       		.uleb128 0x3b
 1776 0132 0B       		.uleb128 0xb
 1777 0133 49       		.uleb128 0x49
 1778 0134 13       		.uleb128 0x13
 1779 0135 02       		.uleb128 0x2
 1780 0136 18       		.uleb128 0x18
 1781 0137 00       		.byte	0
 1782 0138 00       		.byte	0
 1783 0139 19       		.uleb128 0x19
 1784 013a 0B       		.uleb128 0xb
 1785 013b 01       		.byte	0x1
 1786 013c 11       		.uleb128 0x11
 1787 013d 01       		.uleb128 0x1
 1788 013e 12       		.uleb128 0x12
 1789 013f 06       		.uleb128 0x6
 1790 0140 00       		.byte	0
 1791 0141 00       		.byte	0
 1792 0142 1A       		.uleb128 0x1a
 1793 0143 2E       		.uleb128 0x2e
 1794 0144 01       		.byte	0x1
 1795 0145 3F       		.uleb128 0x3f
 1796 0146 19       		.uleb128 0x19
 1797 0147 03       		.uleb128 0x3
 1798 0148 0E       		.uleb128 0xe
 1799 0149 3A       		.uleb128 0x3a
 1800 014a 0B       		.uleb128 0xb
 1801 014b 3B       		.uleb128 0x3b
 1802 014c 0B       		.uleb128 0xb
 1803 014d 27       		.uleb128 0x27
 1804 014e 19       		.uleb128 0x19
 1805 014f 11       		.uleb128 0x11
 1806 0150 01       		.uleb128 0x1
 1807 0151 12       		.uleb128 0x12
 1808 0152 06       		.uleb128 0x6
 1809 0153 40       		.uleb128 0x40
 1810 0154 18       		.uleb128 0x18
 1811 0155 9742     		.uleb128 0x2117
 1812 0157 19       		.uleb128 0x19
 1813 0158 01       		.uleb128 0x1
 1814 0159 13       		.uleb128 0x13
 1815 015a 00       		.byte	0
 1816 015b 00       		.byte	0
 1817 015c 1B       		.uleb128 0x1b
 1818 015d 05       		.uleb128 0x5
 1819 015e 00       		.byte	0
 1820 015f 03       		.uleb128 0x3
 1821 0160 08       		.uleb128 0x8
 1822 0161 3A       		.uleb128 0x3a
ARM GAS  /tmp/cca66LxT.s 			page 33


 1823 0162 0B       		.uleb128 0xb
 1824 0163 3B       		.uleb128 0x3b
 1825 0164 0B       		.uleb128 0xb
 1826 0165 49       		.uleb128 0x49
 1827 0166 13       		.uleb128 0x13
 1828 0167 02       		.uleb128 0x2
 1829 0168 17       		.uleb128 0x17
 1830 0169 00       		.byte	0
 1831 016a 00       		.byte	0
 1832 016b 1C       		.uleb128 0x1c
 1833 016c 34       		.uleb128 0x34
 1834 016d 00       		.byte	0
 1835 016e 03       		.uleb128 0x3
 1836 016f 0E       		.uleb128 0xe
 1837 0170 3A       		.uleb128 0x3a
 1838 0171 0B       		.uleb128 0xb
 1839 0172 3B       		.uleb128 0x3b
 1840 0173 0B       		.uleb128 0xb
 1841 0174 49       		.uleb128 0x49
 1842 0175 13       		.uleb128 0x13
 1843 0176 02       		.uleb128 0x2
 1844 0177 17       		.uleb128 0x17
 1845 0178 00       		.byte	0
 1846 0179 00       		.byte	0
 1847 017a 1D       		.uleb128 0x1d
 1848 017b 898201   		.uleb128 0x4109
 1849 017e 01       		.byte	0x1
 1850 017f 11       		.uleb128 0x11
 1851 0180 01       		.uleb128 0x1
 1852 0181 9542     		.uleb128 0x2115
 1853 0183 19       		.uleb128 0x19
 1854 0184 31       		.uleb128 0x31
 1855 0185 13       		.uleb128 0x13
 1856 0186 01       		.uleb128 0x1
 1857 0187 13       		.uleb128 0x13
 1858 0188 00       		.byte	0
 1859 0189 00       		.byte	0
 1860 018a 1E       		.uleb128 0x1e
 1861 018b 8A8201   		.uleb128 0x410a
 1862 018e 00       		.byte	0
 1863 018f 02       		.uleb128 0x2
 1864 0190 18       		.uleb128 0x18
 1865 0191 9142     		.uleb128 0x2111
 1866 0193 18       		.uleb128 0x18
 1867 0194 00       		.byte	0
 1868 0195 00       		.byte	0
 1869 0196 1F       		.uleb128 0x1f
 1870 0197 898201   		.uleb128 0x4109
 1871 019a 00       		.byte	0
 1872 019b 11       		.uleb128 0x11
 1873 019c 01       		.uleb128 0x1
 1874 019d 9542     		.uleb128 0x2115
 1875 019f 19       		.uleb128 0x19
 1876 01a0 31       		.uleb128 0x31
 1877 01a1 13       		.uleb128 0x13
 1878 01a2 00       		.byte	0
 1879 01a3 00       		.byte	0
ARM GAS  /tmp/cca66LxT.s 			page 34


 1880 01a4 20       		.uleb128 0x20
 1881 01a5 05       		.uleb128 0x5
 1882 01a6 00       		.byte	0
 1883 01a7 03       		.uleb128 0x3
 1884 01a8 0E       		.uleb128 0xe
 1885 01a9 3A       		.uleb128 0x3a
 1886 01aa 0B       		.uleb128 0xb
 1887 01ab 3B       		.uleb128 0x3b
 1888 01ac 0B       		.uleb128 0xb
 1889 01ad 49       		.uleb128 0x49
 1890 01ae 13       		.uleb128 0x13
 1891 01af 02       		.uleb128 0x2
 1892 01b0 17       		.uleb128 0x17
 1893 01b1 00       		.byte	0
 1894 01b2 00       		.byte	0
 1895 01b3 21       		.uleb128 0x21
 1896 01b4 34       		.uleb128 0x34
 1897 01b5 00       		.byte	0
 1898 01b6 03       		.uleb128 0x3
 1899 01b7 08       		.uleb128 0x8
 1900 01b8 3A       		.uleb128 0x3a
 1901 01b9 0B       		.uleb128 0xb
 1902 01ba 3B       		.uleb128 0x3b
 1903 01bb 0B       		.uleb128 0xb
 1904 01bc 49       		.uleb128 0x49
 1905 01bd 13       		.uleb128 0x13
 1906 01be 02       		.uleb128 0x2
 1907 01bf 17       		.uleb128 0x17
 1908 01c0 00       		.byte	0
 1909 01c1 00       		.byte	0
 1910 01c2 22       		.uleb128 0x22
 1911 01c3 898201   		.uleb128 0x4109
 1912 01c6 01       		.byte	0x1
 1913 01c7 11       		.uleb128 0x11
 1914 01c8 01       		.uleb128 0x1
 1915 01c9 31       		.uleb128 0x31
 1916 01ca 13       		.uleb128 0x13
 1917 01cb 01       		.uleb128 0x1
 1918 01cc 13       		.uleb128 0x13
 1919 01cd 00       		.byte	0
 1920 01ce 00       		.byte	0
 1921 01cf 23       		.uleb128 0x23
 1922 01d0 898201   		.uleb128 0x4109
 1923 01d3 01       		.byte	0x1
 1924 01d4 11       		.uleb128 0x11
 1925 01d5 01       		.uleb128 0x1
 1926 01d6 31       		.uleb128 0x31
 1927 01d7 13       		.uleb128 0x13
 1928 01d8 00       		.byte	0
 1929 01d9 00       		.byte	0
 1930 01da 24       		.uleb128 0x24
 1931 01db 2E       		.uleb128 0x2e
 1932 01dc 01       		.byte	0x1
 1933 01dd 3F       		.uleb128 0x3f
 1934 01de 19       		.uleb128 0x19
 1935 01df 03       		.uleb128 0x3
 1936 01e0 0E       		.uleb128 0xe
ARM GAS  /tmp/cca66LxT.s 			page 35


 1937 01e1 3A       		.uleb128 0x3a
 1938 01e2 0B       		.uleb128 0xb
 1939 01e3 3B       		.uleb128 0x3b
 1940 01e4 0B       		.uleb128 0xb
 1941 01e5 27       		.uleb128 0x27
 1942 01e6 19       		.uleb128 0x19
 1943 01e7 3C       		.uleb128 0x3c
 1944 01e8 19       		.uleb128 0x19
 1945 01e9 01       		.uleb128 0x1
 1946 01ea 13       		.uleb128 0x13
 1947 01eb 00       		.byte	0
 1948 01ec 00       		.byte	0
 1949 01ed 25       		.uleb128 0x25
 1950 01ee 2E       		.uleb128 0x2e
 1951 01ef 01       		.byte	0x1
 1952 01f0 3F       		.uleb128 0x3f
 1953 01f1 19       		.uleb128 0x19
 1954 01f2 03       		.uleb128 0x3
 1955 01f3 0E       		.uleb128 0xe
 1956 01f4 3A       		.uleb128 0x3a
 1957 01f5 0B       		.uleb128 0xb
 1958 01f6 3B       		.uleb128 0x3b
 1959 01f7 0B       		.uleb128 0xb
 1960 01f8 27       		.uleb128 0x27
 1961 01f9 19       		.uleb128 0x19
 1962 01fa 49       		.uleb128 0x49
 1963 01fb 13       		.uleb128 0x13
 1964 01fc 3C       		.uleb128 0x3c
 1965 01fd 19       		.uleb128 0x19
 1966 01fe 01       		.uleb128 0x1
 1967 01ff 13       		.uleb128 0x13
 1968 0200 00       		.byte	0
 1969 0201 00       		.byte	0
 1970 0202 26       		.uleb128 0x26
 1971 0203 2E       		.uleb128 0x2e
 1972 0204 01       		.byte	0x1
 1973 0205 3F       		.uleb128 0x3f
 1974 0206 19       		.uleb128 0x19
 1975 0207 03       		.uleb128 0x3
 1976 0208 0E       		.uleb128 0xe
 1977 0209 3A       		.uleb128 0x3a
 1978 020a 0B       		.uleb128 0xb
 1979 020b 3B       		.uleb128 0x3b
 1980 020c 05       		.uleb128 0x5
 1981 020d 27       		.uleb128 0x27
 1982 020e 19       		.uleb128 0x19
 1983 020f 49       		.uleb128 0x49
 1984 0210 13       		.uleb128 0x13
 1985 0211 3C       		.uleb128 0x3c
 1986 0212 19       		.uleb128 0x19
 1987 0213 01       		.uleb128 0x1
 1988 0214 13       		.uleb128 0x13
 1989 0215 00       		.byte	0
 1990 0216 00       		.byte	0
 1991 0217 27       		.uleb128 0x27
 1992 0218 2E       		.uleb128 0x2e
 1993 0219 01       		.byte	0x1
ARM GAS  /tmp/cca66LxT.s 			page 36


 1994 021a 3F       		.uleb128 0x3f
 1995 021b 19       		.uleb128 0x19
 1996 021c 03       		.uleb128 0x3
 1997 021d 0E       		.uleb128 0xe
 1998 021e 3A       		.uleb128 0x3a
 1999 021f 0B       		.uleb128 0xb
 2000 0220 3B       		.uleb128 0x3b
 2001 0221 0B       		.uleb128 0xb
 2002 0222 27       		.uleb128 0x27
 2003 0223 19       		.uleb128 0x19
 2004 0224 49       		.uleb128 0x49
 2005 0225 13       		.uleb128 0x13
 2006 0226 3C       		.uleb128 0x3c
 2007 0227 19       		.uleb128 0x19
 2008 0228 00       		.byte	0
 2009 0229 00       		.byte	0
 2010 022a 00       		.byte	0
 2011              		.section	.debug_loc,"",%progbits
 2012              	.Ldebug_loc0:
 2013              	.LLST0:
 2014 0000 00000000 		.4byte	.LVL1
 2015 0004 3D000000 		.4byte	.LVL4-1
 2016 0008 0100     		.2byte	0x1
 2017 000a 50       		.byte	0x50
 2018 000b 3D000000 		.4byte	.LVL4-1
 2019 000f 3E000000 		.4byte	.LVL4
 2020 0013 0400     		.2byte	0x4
 2021 0015 F3       		.byte	0xf3
 2022 0016 01       		.uleb128 0x1
 2023 0017 50       		.byte	0x50
 2024 0018 9F       		.byte	0x9f
 2025 0019 3E000000 		.4byte	.LVL4
 2026 001d 48000000 		.4byte	.LVL6
 2027 0021 0100     		.2byte	0x1
 2028 0023 50       		.byte	0x50
 2029 0024 48000000 		.4byte	.LVL6
 2030 0028 4D000000 		.4byte	.LVL7-1
 2031 002c 0100     		.2byte	0x1
 2032 002e 51       		.byte	0x51
 2033 002f 4D000000 		.4byte	.LVL7-1
 2034 0033 4E000000 		.4byte	.LFE8
 2035 0037 0400     		.2byte	0x4
 2036 0039 F3       		.byte	0xf3
 2037 003a 01       		.uleb128 0x1
 2038 003b 50       		.byte	0x50
 2039 003c 9F       		.byte	0x9f
 2040 003d 00000000 		.4byte	0
 2041 0041 00000000 		.4byte	0
 2042              	.LLST1:
 2043 0045 10000000 		.4byte	.LVL2
 2044 0049 34000000 		.4byte	.LVL3
 2045 004d 0100     		.2byte	0x1
 2046 004f 52       		.byte	0x52
 2047 0050 3E000000 		.4byte	.LVL4
 2048 0054 42000000 		.4byte	.LVL5
 2049 0058 0100     		.2byte	0x1
 2050 005a 52       		.byte	0x52
ARM GAS  /tmp/cca66LxT.s 			page 37


 2051 005b 00000000 		.4byte	0
 2052 005f 00000000 		.4byte	0
 2053              	.LLST2:
 2054 0063 00000000 		.4byte	.LVL8
 2055 0067 0D000000 		.4byte	.LVL9-1
 2056 006b 0100     		.2byte	0x1
 2057 006d 50       		.byte	0x50
 2058 006e 0D000000 		.4byte	.LVL9-1
 2059 0072 3C000000 		.4byte	.LFE9
 2060 0076 0400     		.2byte	0x4
 2061 0078 F3       		.byte	0xf3
 2062 0079 01       		.uleb128 0x1
 2063 007a 50       		.byte	0x50
 2064 007b 9F       		.byte	0x9f
 2065 007c 00000000 		.4byte	0
 2066 0080 00000000 		.4byte	0
 2067              	.LLST3:
 2068 0084 00000000 		.4byte	.LVL8
 2069 0088 0D000000 		.4byte	.LVL9-1
 2070 008c 0100     		.2byte	0x1
 2071 008e 51       		.byte	0x51
 2072 008f 0D000000 		.4byte	.LVL9-1
 2073 0093 3C000000 		.4byte	.LFE9
 2074 0097 0100     		.2byte	0x1
 2075 0099 55       		.byte	0x55
 2076 009a 00000000 		.4byte	0
 2077 009e 00000000 		.4byte	0
 2078              	.LLST4:
 2079 00a2 00000000 		.4byte	.LVL8
 2080 00a6 0D000000 		.4byte	.LVL9-1
 2081 00aa 0100     		.2byte	0x1
 2082 00ac 52       		.byte	0x52
 2083 00ad 0D000000 		.4byte	.LVL9-1
 2084 00b1 3C000000 		.4byte	.LFE9
 2085 00b5 0100     		.2byte	0x1
 2086 00b7 56       		.byte	0x56
 2087 00b8 00000000 		.4byte	0
 2088 00bc 00000000 		.4byte	0
 2089              	.LLST5:
 2090 00c0 00000000 		.4byte	.LVL8
 2091 00c4 0D000000 		.4byte	.LVL9-1
 2092 00c8 0100     		.2byte	0x1
 2093 00ca 53       		.byte	0x53
 2094 00cb 0D000000 		.4byte	.LVL9-1
 2095 00cf 2C000000 		.4byte	.LVL11
 2096 00d3 0100     		.2byte	0x1
 2097 00d5 54       		.byte	0x54
 2098 00d6 2C000000 		.4byte	.LVL11
 2099 00da 3C000000 		.4byte	.LFE9
 2100 00de 0400     		.2byte	0x4
 2101 00e0 F3       		.byte	0xf3
 2102 00e1 01       		.uleb128 0x1
 2103 00e2 53       		.byte	0x53
 2104 00e3 9F       		.byte	0x9f
 2105 00e4 00000000 		.4byte	0
 2106 00e8 00000000 		.4byte	0
 2107              	.LLST6:
ARM GAS  /tmp/cca66LxT.s 			page 38


 2108 00ec 0E000000 		.4byte	.LVL9
 2109 00f0 23000000 		.4byte	.LVL10-1
 2110 00f4 0100     		.2byte	0x1
 2111 00f6 50       		.byte	0x50
 2112 00f7 00000000 		.4byte	0
 2113 00fb 00000000 		.4byte	0
 2114              	.LLST7:
 2115 00ff 2C000000 		.4byte	.LVL11
 2116 0103 2F000000 		.4byte	.LVL12-1
 2117 0107 0100     		.2byte	0x1
 2118 0109 50       		.byte	0x50
 2119 010a 2F000000 		.4byte	.LVL12-1
 2120 010e 38000000 		.4byte	.LVL13
 2121 0112 0100     		.2byte	0x1
 2122 0114 54       		.byte	0x54
 2123 0115 00000000 		.4byte	0
 2124 0119 00000000 		.4byte	0
 2125              	.LLST8:
 2126 011d 00000000 		.4byte	.LVL14
 2127 0121 0F000000 		.4byte	.LVL15-1
 2128 0125 0100     		.2byte	0x1
 2129 0127 50       		.byte	0x50
 2130 0128 0F000000 		.4byte	.LVL15-1
 2131 012c 3E000000 		.4byte	.LFE10
 2132 0130 0100     		.2byte	0x1
 2133 0132 55       		.byte	0x55
 2134 0133 00000000 		.4byte	0
 2135 0137 00000000 		.4byte	0
 2136              	.LLST9:
 2137 013b 00000000 		.4byte	.LVL14
 2138 013f 0F000000 		.4byte	.LVL15-1
 2139 0143 0100     		.2byte	0x1
 2140 0145 51       		.byte	0x51
 2141 0146 0F000000 		.4byte	.LVL15-1
 2142 014a 3E000000 		.4byte	.LFE10
 2143 014e 0100     		.2byte	0x1
 2144 0150 57       		.byte	0x57
 2145 0151 00000000 		.4byte	0
 2146 0155 00000000 		.4byte	0
 2147              	.LLST10:
 2148 0159 00000000 		.4byte	.LVL14
 2149 015d 0F000000 		.4byte	.LVL15-1
 2150 0161 0100     		.2byte	0x1
 2151 0163 52       		.byte	0x52
 2152 0164 0F000000 		.4byte	.LVL15-1
 2153 0168 2E000000 		.4byte	.LVL17
 2154 016c 0100     		.2byte	0x1
 2155 016e 54       		.byte	0x54
 2156 016f 2E000000 		.4byte	.LVL17
 2157 0173 3E000000 		.4byte	.LFE10
 2158 0177 0400     		.2byte	0x4
 2159 0179 F3       		.byte	0xf3
 2160 017a 01       		.uleb128 0x1
 2161 017b 52       		.byte	0x52
 2162 017c 9F       		.byte	0x9f
 2163 017d 00000000 		.4byte	0
 2164 0181 00000000 		.4byte	0
ARM GAS  /tmp/cca66LxT.s 			page 39


 2165              	.LLST11:
 2166 0185 00000000 		.4byte	.LVL14
 2167 0189 0F000000 		.4byte	.LVL15-1
 2168 018d 0100     		.2byte	0x1
 2169 018f 53       		.byte	0x53
 2170 0190 0F000000 		.4byte	.LVL15-1
 2171 0194 3E000000 		.4byte	.LFE10
 2172 0198 0100     		.2byte	0x1
 2173 019a 56       		.byte	0x56
 2174 019b 00000000 		.4byte	0
 2175 019f 00000000 		.4byte	0
 2176              	.LLST12:
 2177 01a3 10000000 		.4byte	.LVL15
 2178 01a7 23000000 		.4byte	.LVL16-1
 2179 01ab 0100     		.2byte	0x1
 2180 01ad 50       		.byte	0x50
 2181 01ae 00000000 		.4byte	0
 2182 01b2 00000000 		.4byte	0
 2183              	.LLST13:
 2184 01b6 2E000000 		.4byte	.LVL17
 2185 01ba 31000000 		.4byte	.LVL18-1
 2186 01be 0100     		.2byte	0x1
 2187 01c0 50       		.byte	0x50
 2188 01c1 31000000 		.4byte	.LVL18-1
 2189 01c5 3A000000 		.4byte	.LVL19
 2190 01c9 0100     		.2byte	0x1
 2191 01cb 54       		.byte	0x54
 2192 01cc 00000000 		.4byte	0
 2193 01d0 00000000 		.4byte	0
 2194              		.section	.debug_aranges,"",%progbits
 2195 0000 34000000 		.4byte	0x34
 2196 0004 0200     		.2byte	0x2
 2197 0006 00000000 		.4byte	.Ldebug_info0
 2198 000a 04       		.byte	0x4
 2199 000b 00       		.byte	0
 2200 000c 0000     		.2byte	0
 2201 000e 0000     		.2byte	0
 2202 0010 00000000 		.4byte	.LFB7
 2203 0014 14000000 		.4byte	.LFE7-.LFB7
 2204 0018 00000000 		.4byte	.LFB8
 2205 001c 4E000000 		.4byte	.LFE8-.LFB8
 2206 0020 00000000 		.4byte	.LFB9
 2207 0024 3C000000 		.4byte	.LFE9-.LFB9
 2208 0028 00000000 		.4byte	.LFB10
 2209 002c 3E000000 		.4byte	.LFE10-.LFB10
 2210 0030 00000000 		.4byte	0
 2211 0034 00000000 		.4byte	0
 2212              		.section	.debug_ranges,"",%progbits
 2213              	.Ldebug_ranges0:
 2214 0000 00000000 		.4byte	.LFB7
 2215 0004 14000000 		.4byte	.LFE7
 2216 0008 00000000 		.4byte	.LFB8
 2217 000c 4E000000 		.4byte	.LFE8
 2218 0010 00000000 		.4byte	.LFB9
 2219 0014 3C000000 		.4byte	.LFE9
 2220 0018 00000000 		.4byte	.LFB10
 2221 001c 3E000000 		.4byte	.LFE10
ARM GAS  /tmp/cca66LxT.s 			page 40


 2222 0020 00000000 		.4byte	0
 2223 0024 00000000 		.4byte	0
 2224              		.section	.debug_line,"",%progbits
 2225              	.Ldebug_line0:
 2226 0000 F1010000 		.section	.debug_str,"MS",%progbits,1
 2226      02007801 
 2226      00000201 
 2226      FB0E0D00 
 2226      01010101 
 2227              	.LASF75:
 2228 0000 7466756E 		.ascii	"tfunc_t\000"
 2228      635F7400 
 2229              	.LASF38:
 2230 0008 705F6D73 		.ascii	"p_msg\000"
 2230      6700
 2231              	.LASF90:
 2232 000e 2F686F6D 		.ascii	"/home/brian/aithon/ProjectTemplate\000"
 2232      652F6272 
 2232      69616E2F 
 2232      61697468 
 2232      6F6E2F50 
 2233              	.LASF2:
 2234 0031 73697A65 		.ascii	"size_t\000"
 2234      5F7400
 2235              	.LASF70:
 2236 0038 7264796D 		.ascii	"rdymsg\000"
 2236      736700
 2237              	.LASF12:
 2238 003f 75696E74 		.ascii	"uint64_t\000"
 2238      36345F74 
 2238      00
 2239              	.LASF69:
 2240 0048 4D656D6F 		.ascii	"MemoryPool\000"
 2240      7279506F 
 2240      6F6C00
 2241              	.LASF54:
 2242 0053 6D656D67 		.ascii	"memgetfunc_t\000"
 2242      65746675 
 2242      6E635F74 
 2242      00
 2243              	.LASF13:
 2244 0060 6C6F6E67 		.ascii	"long long unsigned int\000"
 2244      206C6F6E 
 2244      6720756E 
 2244      7369676E 
 2244      65642069 
 2245              	.LASF58:
 2246 0077 685F6672 		.ascii	"h_free\000"
 2246      656500
 2247              	.LASF79:
 2248 007e 68656170 		.ascii	"heapp\000"
 2248      7000
 2249              	.LASF60:
 2250 0084 6E657874 		.ascii	"next\000"
 2250      00
 2251              	.LASF26:
 2252 0089 705F7072 		.ascii	"p_prio\000"
ARM GAS  /tmp/cca66LxT.s 			page 41


 2252      696F00
 2253              	.LASF11:
 2254 0090 6C6F6E67 		.ascii	"long long int\000"
 2254      206C6F6E 
 2254      6720696E 
 2254      7400
 2255              	.LASF1:
 2256 009e 7369676E 		.ascii	"signed char\000"
 2256      65642063 
 2256      68617200 
 2257              	.LASF59:
 2258 00aa 685F6D74 		.ascii	"h_mtx\000"
 2258      7800
 2259              	.LASF42:
 2260 00b0 705F6D70 		.ascii	"p_mpool\000"
 2260      6F6F6C00 
 2261              	.LASF51:
 2262 00b8 6D5F7175 		.ascii	"m_queue\000"
 2262      65756500 
 2263              	.LASF82:
 2264 00c0 63684865 		.ascii	"chHeapFree\000"
 2264      61704672 
 2264      656500
 2265              	.LASF18:
 2266 00cb 74736C69 		.ascii	"tslices_t\000"
 2266      6365735F 
 2266      7400
 2267              	.LASF85:
 2268 00d5 63685468 		.ascii	"chThdCreateI\000"
 2268      64437265 
 2268      61746549 
 2268      00
 2269              	.LASF8:
 2270 00e2 6C6F6E67 		.ascii	"long int\000"
 2270      20696E74 
 2270      00
 2271              	.LASF78:
 2272 00eb 63685468 		.ascii	"chThdCreateFromHeap\000"
 2272      64437265 
 2272      61746546 
 2272      726F6D48 
 2272      65617000 
 2273              	.LASF16:
 2274 00ff 74737461 		.ascii	"tstate_t\000"
 2274      74655F74 
 2274      00
 2275              	.LASF28:
 2276 0108 705F6E65 		.ascii	"p_newer\000"
 2276      77657200 
 2277              	.LASF81:
 2278 0110 63685468 		.ascii	"chThdCreateFromMemoryPool\000"
 2278      64437265 
 2278      61746546 
 2278      726F6D4D 
 2278      656D6F72 
 2279              	.LASF71:
 2280 012a 65786974 		.ascii	"exitcode\000"
ARM GAS  /tmp/cca66LxT.s 			page 42


 2280      636F6465 
 2280      00
 2281              	.LASF68:
 2282 0133 6D705F70 		.ascii	"mp_provider\000"
 2282      726F7669 
 2282      64657200 
 2283              	.LASF45:
 2284 013f 72656761 		.ascii	"regarm_t\000"
 2284      726D5F74 
 2284      00
 2285              	.LASF62:
 2286 0148 616C6967 		.ascii	"align\000"
 2286      6E00
 2287              	.LASF0:
 2288 014e 756E7369 		.ascii	"unsigned int\000"
 2288      676E6564 
 2288      20696E74 
 2288      00
 2289              	.LASF88:
 2290 015b 474E5520 		.ascii	"GNU C 4.8.3 20131129 (release) [ARM/embedded-4_8-br"
 2290      4320342E 
 2290      382E3320 
 2290      32303133 
 2290      31313239 
 2291 018e 616E6368 		.ascii	"anch revision 205641] -mcpu=cortex-m4 -mfloat-abi=s"
 2291      20726576 
 2291      6973696F 
 2291      6E203230 
 2291      35363431 
 2292 01c1 6F667466 		.ascii	"oftfp -mfpu=fpv4-sp-d16 -mno-thumb-interwork -mthum"
 2292      70202D6D 
 2292      6670753D 
 2292      66707634 
 2292      2D73702D 
 2293 01f4 62202D67 		.ascii	"b -ggdb -O2 -fomit-frame-pointer -falign-functions="
 2293      67646220 
 2293      2D4F3220 
 2293      2D666F6D 
 2293      69742D66 
 2294 0227 3136202D 		.ascii	"16 -fsingle-precision-constant -ffunction-sections "
 2294      6673696E 
 2294      676C652D 
 2294      70726563 
 2294      6973696F 
 2295 025a 2D666461 		.ascii	"-fdata-sections -fno-common\000"
 2295      74612D73 
 2295      65637469 
 2295      6F6E7320 
 2295      2D666E6F 
 2296              	.LASF10:
 2297 0276 6C6F6E67 		.ascii	"long unsigned int\000"
 2297      20756E73 
 2297      69676E65 
 2297      6420696E 
 2297      7400
 2298              	.LASF48:
 2299 0288 636F6E74 		.ascii	"context\000"
ARM GAS  /tmp/cca66LxT.s 			page 43


 2299      65787400 
 2300              	.LASF63:
 2301 0290 73697A65 		.ascii	"size\000"
 2301      00
 2302              	.LASF6:
 2303 0295 73686F72 		.ascii	"short unsigned int\000"
 2303      7420756E 
 2303      7369676E 
 2303      65642069 
 2303      6E7400
 2304              	.LASF20:
 2305 02a8 6D73675F 		.ascii	"msg_t\000"
 2305      7400
 2306              	.LASF15:
 2307 02ae 746D6F64 		.ascii	"tmode_t\000"
 2307      655F7400 
 2308              	.LASF44:
 2309 02b6 54687265 		.ascii	"ThreadsList\000"
 2309      6164734C 
 2309      69737400 
 2310              	.LASF21:
 2311 02c2 6576656E 		.ascii	"eventmask_t\000"
 2311      746D6173 
 2311      6B5F7400 
 2312              	.LASF50:
 2313 02ce 4D757465 		.ascii	"Mutex\000"
 2313      7800
 2314              	.LASF77:
 2315 02d4 63685468 		.ascii	"chThdAddRef\000"
 2315      64416464 
 2315      52656600 
 2316              	.LASF46:
 2317 02e0 73746B61 		.ascii	"stkalign_t\000"
 2317      6C69676E 
 2317      5F7400
 2318              	.LASF49:
 2319 02eb 73697A65 		.ascii	"sizetype\000"
 2319      74797065 
 2319      00
 2320              	.LASF29:
 2321 02f4 705F6F6C 		.ascii	"p_older\000"
 2321      64657200 
 2322              	.LASF43:
 2323 02fc 54687265 		.ascii	"ThreadsQueue\000"
 2323      61647351 
 2323      75657565 
 2323      00
 2324              	.LASF67:
 2325 0309 6D705F6F 		.ascii	"mp_object_size\000"
 2325      626A6563 
 2325      745F7369 
 2325      7A6500
 2326              	.LASF80:
 2327 0318 7072696F 		.ascii	"prio\000"
 2327      00
 2328              	.LASF55:
 2329 031d 4D656D6F 		.ascii	"MemoryHeap\000"
ARM GAS  /tmp/cca66LxT.s 			page 44


 2329      72794865 
 2329      617000
 2330              	.LASF65:
 2331 0328 70685F6E 		.ascii	"ph_next\000"
 2331      65787400 
 2332              	.LASF17:
 2333 0330 74726566 		.ascii	"trefs_t\000"
 2333      735F7400 
 2334              	.LASF76:
 2335 0338 72656673 		.ascii	"refs\000"
 2335      00
 2336              	.LASF25:
 2337 033d 705F7072 		.ascii	"p_prev\000"
 2337      657600
 2338              	.LASF19:
 2339 0344 74707269 		.ascii	"tprio_t\000"
 2339      6F5F7400 
 2340              	.LASF14:
 2341 034c 5F426F6F 		.ascii	"_Bool\000"
 2341      6C00
 2342              	.LASF7:
 2343 0352 696E7433 		.ascii	"int32_t\000"
 2343      325F7400 
 2344              	.LASF4:
 2345 035a 756E7369 		.ascii	"unsigned char\000"
 2345      676E6564 
 2345      20636861 
 2345      7200
 2346              	.LASF57:
 2347 0368 685F7072 		.ascii	"h_provider\000"
 2347      6F766964 
 2347      657200
 2348              	.LASF40:
 2349 0373 705F6D74 		.ascii	"p_mtxlist\000"
 2349      786C6973 
 2349      7400
 2350              	.LASF5:
 2351 037d 73686F72 		.ascii	"short int\000"
 2351      7420696E 
 2351      7400
 2352              	.LASF31:
 2353 0387 705F7374 		.ascii	"p_state\000"
 2353      61746500 
 2354              	.LASF34:
 2355 038f 705F7072 		.ascii	"p_preempt\000"
 2355      65656D70 
 2355      7400
 2356              	.LASF91:
 2357 0399 68656170 		.ascii	"heap_header\000"
 2357      5F686561 
 2357      64657200 
 2358              	.LASF73:
 2359 03a5 65776D61 		.ascii	"ewmask\000"
 2359      736B00
 2360              	.LASF24:
 2361 03ac 705F6E65 		.ascii	"p_next\000"
 2361      787400
ARM GAS  /tmp/cca66LxT.s 			page 45


 2362              	.LASF32:
 2363 03b3 705F666C 		.ascii	"p_flags\000"
 2363      61677300 
 2364              	.LASF92:
 2365 03bb 63685468 		.ascii	"chThdRelease\000"
 2365      6452656C 
 2365      65617365 
 2365      00
 2366              	.LASF23:
 2367 03c8 54687265 		.ascii	"Thread\000"
 2367      616400
 2368              	.LASF84:
 2369 03cf 63684865 		.ascii	"chHeapAlloc\000"
 2369      6170416C 
 2369      6C6F6300 
 2370              	.LASF39:
 2371 03db 705F6570 		.ascii	"p_epending\000"
 2371      656E6469 
 2371      6E6700
 2372              	.LASF9:
 2373 03e6 75696E74 		.ascii	"uint32_t\000"
 2373      33325F74 
 2373      00
 2374              	.LASF61:
 2375 03ef 68656170 		.ascii	"heap\000"
 2375      00
 2376              	.LASF74:
 2377 03f4 63686172 		.ascii	"char\000"
 2377      00
 2378              	.LASF53:
 2379 03f9 6D5F6E65 		.ascii	"m_next\000"
 2379      787400
 2380              	.LASF22:
 2381 0400 73797374 		.ascii	"systime_t\000"
 2381      696D655F 
 2381      7400
 2382              	.LASF41:
 2383 040a 705F7265 		.ascii	"p_realprio\000"
 2383      616C7072 
 2383      696F00
 2384              	.LASF66:
 2385 0415 6D705F6E 		.ascii	"mp_next\000"
 2385      65787400 
 2386              	.LASF35:
 2387 041d 705F7469 		.ascii	"p_time\000"
 2387      6D6500
 2388              	.LASF47:
 2389 0424 696E7463 		.ascii	"intctx\000"
 2389      747800
 2390              	.LASF37:
 2391 042b 705F6D73 		.ascii	"p_msgqueue\000"
 2391      67717565 
 2391      756500
 2392              	.LASF86:
 2393 0436 63685363 		.ascii	"chSchWakeupS\000"
 2393      6857616B 
 2393      65757053 
ARM GAS  /tmp/cca66LxT.s 			page 46


 2393      00
 2394              	.LASF64:
 2395 0443 706F6F6C 		.ascii	"pool_header\000"
 2395      5F686561 
 2395      64657200 
 2396              	.LASF33:
 2397 044f 705F7265 		.ascii	"p_refs\000"
 2397      667300
 2398              	.LASF3:
 2399 0456 75696E74 		.ascii	"uint8_t\000"
 2399      385F7400 
 2400              	.LASF87:
 2401 045e 6368506F 		.ascii	"chPoolAlloc\000"
 2401      6F6C416C 
 2401      6C6F6300 
 2402              	.LASF83:
 2403 046a 6368506F 		.ascii	"chPoolFree\000"
 2403      6F6C4672 
 2403      656500
 2404              	.LASF72:
 2405 0475 77746F62 		.ascii	"wtobjp\000"
 2405      6A7000
 2406              	.LASF30:
 2407 047c 705F6E61 		.ascii	"p_name\000"
 2407      6D6500
 2408              	.LASF89:
 2409 0483 2E2E2F41 		.ascii	"../AithonLibrary/ChibiOS/os/kernel/src/chdynamic.c\000"
 2409      6974686F 
 2409      6E4C6962 
 2409      72617279 
 2409      2F436869 
 2410              	.LASF52:
 2411 04b6 6D5F6F77 		.ascii	"m_owner\000"
 2411      6E657200 
 2412              	.LASF27:
 2413 04be 705F6374 		.ascii	"p_ctx\000"
 2413      7800
 2414              	.LASF36:
 2415 04c4 705F7761 		.ascii	"p_waiting\000"
 2415      6974696E 
 2415      6700
 2416              	.LASF56:
 2417 04ce 6D656D6F 		.ascii	"memory_heap\000"
 2417      72795F68 
 2417      65617000 
 2418              		.ident	"GCC: (GNU Tools for ARM Embedded Processors) 4.8.3 20131129 (release) [ARM/embedded-4_8-br
ARM GAS  /tmp/cca66LxT.s 			page 47


DEFINED SYMBOLS
                            *ABS*:0000000000000000 chdynamic.c
     /tmp/cca66LxT.s:20     .text.chThdAddRef:0000000000000000 $t
     /tmp/cca66LxT.s:26     .text.chThdAddRef:0000000000000000 chThdAddRef
     /tmp/cca66LxT.s:61     .text.chThdRelease:0000000000000000 $t
     /tmp/cca66LxT.s:67     .text.chThdRelease:0000000000000000 chThdRelease
     /tmp/cca66LxT.s:146    .text.chThdCreateFromHeap:0000000000000000 $t
     /tmp/cca66LxT.s:152    .text.chThdCreateFromHeap:0000000000000000 chThdCreateFromHeap
     /tmp/cca66LxT.s:223    .text.chThdCreateFromMemoryPool:0000000000000000 $t
     /tmp/cca66LxT.s:229    .text.chThdCreateFromMemoryPool:0000000000000000 chThdCreateFromMemoryPool
                     .debug_frame:0000000000000010 $d

UNDEFINED SYMBOLS
chHeapFree
chPoolFree
chHeapAlloc
chThdCreateI
chSchWakeupS
chPoolAlloc
