ARM GAS  /tmp/cczM1923.s 			page 1


   1              		.syntax unified
   2              		.cpu cortex-m4
   3              		.eabi_attribute 27, 3
   4              		.fpu fpv4-sp-d16
   5              		.eabi_attribute 20, 1
   6              		.eabi_attribute 21, 1
   7              		.eabi_attribute 23, 3
   8              		.eabi_attribute 24, 1
   9              		.eabi_attribute 25, 1
  10              		.eabi_attribute 26, 1
  11              		.eabi_attribute 30, 2
  12              		.eabi_attribute 34, 1
  13              		.eabi_attribute 18, 4
  14              		.thumb
  15              		.file	"chmempools.c"
  16              		.text
  17              	.Ltext0:
  18              		.cfi_sections	.debug_frame
  19              		.section	.text.chPoolInit,"ax",%progbits
  20              		.align	2
  21              		.p2align 4,,15
  22              		.global	chPoolInit
  23              		.thumb
  24              		.thumb_func
  25              		.type	chPoolInit, %function
  26              	chPoolInit:
  27              	.LFB7:
  28              		.file 1 "../AithonLibrary/ChibiOS/os/kernel/src/chmempools.c"
  29              		.loc 1 62 0
  30              		.cfi_startproc
  31              		@ args = 0, pretend = 0, frame = 0
  32              		@ frame_needed = 0, uses_anonymous_args = 0
  33              		@ link register save eliminated.
  34              	.LVL0:
  35              		.loc 1 66 0
  36 0000 0023     		movs	r3, #0
  37              		.loc 1 67 0
  38 0002 4160     		str	r1, [r0, #4]
  39              		.loc 1 68 0
  40 0004 8260     		str	r2, [r0, #8]
  41              		.loc 1 66 0
  42 0006 0360     		str	r3, [r0]
  43 0008 7047     		bx	lr
  44              		.cfi_endproc
  45              	.LFE7:
  46              		.size	chPoolInit, .-chPoolInit
  47 000a 00BFAFF3 		.section	.text.chPoolLoadArray,"ax",%progbits
  47      0080
  48              		.align	2
  49              		.p2align 4,,15
  50              		.global	chPoolLoadArray
  51              		.thumb
  52              		.thumb_func
  53              		.type	chPoolLoadArray, %function
  54              	chPoolLoadArray:
  55              	.LFB8:
  56              		.loc 1 84 0
ARM GAS  /tmp/cczM1923.s 			page 2


  57              		.cfi_startproc
  58              		@ args = 0, pretend = 0, frame = 0
  59              		@ frame_needed = 0, uses_anonymous_args = 0
  60              		@ link register save eliminated.
  61              	.LVL1:
  62              		.loc 1 88 0
  63 0000 62B1     		cbz	r2, .L2
  64              	.LVL2:
  65              	.L5:
  66              	.LBB16:
  67              	.LBB17:
  68              		.loc 1 173 0
  69 0002 2023     		movs	r3, #32
  70              	@ 173 "../AithonLibrary/ChibiOS/os/kernel/src/chmempools.c" 1
  71 0004 83F31188 		msr     BASEPRI, r3
  72              	@ 0 "" 2
  73              	.LVL3:
  74              		.thumb
  75              	.LBE17:
  76              	.LBB18:
  77              	.LBB19:
  78              		.loc 1 155 0
  79 0008 0368     		ldr	r3, [r0]
  80 000a 0B60     		str	r3, [r1]
  81              	.LBE19:
  82              	.LBE18:
  83              	.LBB21:
  84              		.loc 1 175 0
  85 000c 0023     		movs	r3, #0
  86              	.LBE21:
  87              	.LBB22:
  88              	.LBB20:
  89              		.loc 1 156 0
  90 000e 0160     		str	r1, [r0]
  91              	.LBE20:
  92              	.LBE22:
  93              	.LBB23:
  94              		.loc 1 175 0
  95              	@ 175 "../AithonLibrary/ChibiOS/os/kernel/src/chmempools.c" 1
  96 0010 83F31188 		msr     BASEPRI, r3
  97              	@ 0 "" 2
  98              		.thumb
  99              	.LBE23:
 100              	.LBE16:
 101              		.loc 1 90 0
 102 0014 4368     		ldr	r3, [r0, #4]
 103              		.loc 1 88 0
 104 0016 013A     		subs	r2, r2, #1
 105              	.LVL4:
 106              		.loc 1 90 0
 107 0018 1944     		add	r1, r1, r3
 108              	.LVL5:
 109              		.loc 1 88 0
 110 001a F2D1     		bne	.L5
 111              	.LVL6:
 112              	.L2:
 113 001c 7047     		bx	lr
ARM GAS  /tmp/cczM1923.s 			page 3


 114              		.cfi_endproc
 115              	.LFE8:
 116              		.size	chPoolLoadArray, .-chPoolLoadArray
 117 001e 00BF     		.section	.text.chPoolAllocI,"ax",%progbits
 118              		.align	2
 119              		.p2align 4,,15
 120              		.global	chPoolAllocI
 121              		.thumb
 122              		.thumb_func
 123              		.type	chPoolAllocI, %function
 124              	chPoolAllocI:
 125              	.LFB9:
 126              		.loc 1 105 0
 127              		.cfi_startproc
 128              		@ args = 0, pretend = 0, frame = 0
 129              		@ frame_needed = 0, uses_anonymous_args = 0
 130              	.LVL7:
 131 0000 08B5     		push	{r3, lr}
 132              		.cfi_def_cfa_offset 8
 133              		.cfi_offset 3, -8
 134              		.cfi_offset 14, -4
 135              		.loc 1 105 0
 136 0002 0346     		mov	r3, r0
 137              		.loc 1 111 0
 138 0004 0068     		ldr	r0, [r0]
 139              	.LVL8:
 140 0006 10B1     		cbz	r0, .L12
 141              		.loc 1 112 0
 142 0008 0268     		ldr	r2, [r0]
 143 000a 1A60     		str	r2, [r3]
 144 000c 08BD     		pop	{r3, pc}
 145              	.LVL9:
 146              	.L12:
 147              		.loc 1 113 0
 148 000e 9A68     		ldr	r2, [r3, #8]
 149 0010 0AB1     		cbz	r2, .L13
 150              		.loc 1 114 0
 151 0012 5868     		ldr	r0, [r3, #4]
 152              	.LVL10:
 153 0014 9047     		blx	r2
 154              	.LVL11:
 155              	.L13:
 156              		.loc 1 116 0
 157 0016 08BD     		pop	{r3, pc}
 158              		.cfi_endproc
 159              	.LFE9:
 160              		.size	chPoolAllocI, .-chPoolAllocI
 161 0018 AFF30080 		.section	.text.chPoolAlloc,"ax",%progbits
 161      AFF30080 
 162              		.align	2
 163              		.p2align 4,,15
 164              		.global	chPoolAlloc
 165              		.thumb
 166              		.thumb_func
 167              		.type	chPoolAlloc, %function
 168              	chPoolAlloc:
 169              	.LFB10:
ARM GAS  /tmp/cczM1923.s 			page 4


 170              		.loc 1 128 0
 171              		.cfi_startproc
 172              		@ args = 0, pretend = 0, frame = 0
 173              		@ frame_needed = 0, uses_anonymous_args = 0
 174              	.LVL12:
 175 0000 08B5     		push	{r3, lr}
 176              		.cfi_def_cfa_offset 8
 177              		.cfi_offset 3, -8
 178              		.cfi_offset 14, -4
 179              		.loc 1 128 0
 180 0002 0246     		mov	r2, r0
 181              	.LBB24:
 182              		.loc 1 131 0
 183 0004 2023     		movs	r3, #32
 184              	@ 131 "../AithonLibrary/ChibiOS/os/kernel/src/chmempools.c" 1
 185 0006 83F31188 		msr     BASEPRI, r3
 186              	@ 0 "" 2
 187              	.LVL13:
 188              		.thumb
 189              	.LBE24:
 190              	.LBB25:
 191              	.LBB26:
 192              		.loc 1 111 0
 193 000a 0068     		ldr	r0, [r0]
 194              	.LVL14:
 195 000c 28B1     		cbz	r0, .L18
 196              		.loc 1 112 0
 197 000e 0368     		ldr	r3, [r0]
 198 0010 1360     		str	r3, [r2]
 199              	.L19:
 200              	.LBE26:
 201              	.LBE25:
 202              	.LBB28:
 203              		.loc 1 133 0
 204 0012 0023     		movs	r3, #0
 205              	@ 133 "../AithonLibrary/ChibiOS/os/kernel/src/chmempools.c" 1
 206 0014 83F31188 		msr     BASEPRI, r3
 207              	@ 0 "" 2
 208              		.thumb
 209              	.LBE28:
 210              		.loc 1 135 0
 211 0018 08BD     		pop	{r3, pc}
 212              	.L18:
 213              	.LBB29:
 214              	.LBB27:
 215              		.loc 1 113 0
 216 001a 9368     		ldr	r3, [r2, #8]
 217 001c 002B     		cmp	r3, #0
 218 001e F8D0     		beq	.L19
 219              		.loc 1 114 0
 220 0020 5068     		ldr	r0, [r2, #4]
 221              	.LVL15:
 222 0022 9847     		blx	r3
 223              	.LVL16:
 224              	.LBE27:
 225              	.LBE29:
 226              	.LBB30:
ARM GAS  /tmp/cczM1923.s 			page 5


 227              		.loc 1 133 0
 228 0024 0023     		movs	r3, #0
 229              	@ 133 "../AithonLibrary/ChibiOS/os/kernel/src/chmempools.c" 1
 230 0026 83F31188 		msr     BASEPRI, r3
 231              	@ 0 "" 2
 232              		.thumb
 233              	.LBE30:
 234              		.loc 1 135 0
 235 002a 08BD     		pop	{r3, pc}
 236              		.cfi_endproc
 237              	.LFE10:
 238              		.size	chPoolAlloc, .-chPoolAlloc
 239 002c AFF30080 		.section	.text.chPoolFreeI,"ax",%progbits
 240              		.align	2
 241              		.p2align 4,,15
 242              		.global	chPoolFreeI
 243              		.thumb
 244              		.thumb_func
 245              		.type	chPoolFreeI, %function
 246              	chPoolFreeI:
 247              	.LFB11:
 248              		.loc 1 149 0
 249              		.cfi_startproc
 250              		@ args = 0, pretend = 0, frame = 0
 251              		@ frame_needed = 0, uses_anonymous_args = 0
 252              		@ link register save eliminated.
 253              	.LVL17:
 254              		.loc 1 155 0
 255 0000 0368     		ldr	r3, [r0]
 256 0002 0B60     		str	r3, [r1]
 257              		.loc 1 156 0
 258 0004 0160     		str	r1, [r0]
 259 0006 7047     		bx	lr
 260              		.cfi_endproc
 261              	.LFE11:
 262              		.size	chPoolFreeI, .-chPoolFreeI
 263 0008 AFF30080 		.section	.text.chPoolFree,"ax",%progbits
 263      AFF30080 
 264              		.align	2
 265              		.p2align 4,,15
 266              		.global	chPoolFree
 267              		.thumb
 268              		.thumb_func
 269              		.type	chPoolFree, %function
 270              	chPoolFree:
 271              	.LFB12:
 272              		.loc 1 171 0
 273              		.cfi_startproc
 274              		@ args = 0, pretend = 0, frame = 0
 275              		@ frame_needed = 0, uses_anonymous_args = 0
 276              		@ link register save eliminated.
 277              	.LVL18:
 278              	.LBB31:
 279              		.loc 1 173 0
 280 0000 2023     		movs	r3, #32
 281              	@ 173 "../AithonLibrary/ChibiOS/os/kernel/src/chmempools.c" 1
 282 0002 83F31188 		msr     BASEPRI, r3
ARM GAS  /tmp/cczM1923.s 			page 6


 283              	@ 0 "" 2
 284              	.LVL19:
 285              		.thumb
 286              	.LBE31:
 287              	.LBB32:
 288              	.LBB33:
 289              		.loc 1 155 0
 290 0006 0368     		ldr	r3, [r0]
 291 0008 0B60     		str	r3, [r1]
 292              	.LBE33:
 293              	.LBE32:
 294              	.LBB35:
 295              		.loc 1 175 0
 296 000a 0023     		movs	r3, #0
 297              	.LBE35:
 298              	.LBB36:
 299              	.LBB34:
 300              		.loc 1 156 0
 301 000c 0160     		str	r1, [r0]
 302              	.LBE34:
 303              	.LBE36:
 304              	.LBB37:
 305              		.loc 1 175 0
 306              	@ 175 "../AithonLibrary/ChibiOS/os/kernel/src/chmempools.c" 1
 307 000e 83F31188 		msr     BASEPRI, r3
 308              	@ 0 "" 2
 309              		.thumb
 310 0012 7047     		bx	lr
 311              	.LBE37:
 312              		.cfi_endproc
 313              	.LFE12:
 314              		.size	chPoolFree, .-chPoolFree
 315 0014 AFF30080 		.text
 315      AFF30080 
 315      AFF30080 
 316              	.Letext0:
 317              		.file 2 "/usr/lib/gcc/arm-none-eabi/4.8.3/include/stddef.h"
 318              		.file 3 "/usr/arm-none-eabi/include/stdint.h"
 319              		.file 4 "../AithonLibrary/ChibiOS/os/kernel/include/chmemcore.h"
 320              		.file 5 "../AithonLibrary/ChibiOS/os/kernel/include/chmempools.h"
 321              		.section	.debug_info,"",%progbits
 322              	.Ldebug_info0:
 323 0000 EE030000 		.4byte	0x3ee
 324 0004 0400     		.2byte	0x4
 325 0006 00000000 		.4byte	.Ldebug_abbrev0
 326 000a 04       		.byte	0x4
 327 000b 01       		.uleb128 0x1
 328 000c FE000000 		.4byte	.LASF28
 329 0010 01       		.byte	0x1
 330 0011 32000000 		.4byte	.LASF29
 331 0015 B3000000 		.4byte	.LASF30
 332 0019 90000000 		.4byte	.Ldebug_ranges0+0x90
 333 001d 00000000 		.4byte	0
 334 0021 00000000 		.4byte	.Ldebug_line0
 335 0025 02       		.uleb128 0x2
 336 0026 04       		.byte	0x4
 337 0027 05       		.byte	0x5
ARM GAS  /tmp/cczM1923.s 			page 7


 338 0028 696E7400 		.ascii	"int\000"
 339 002c 03       		.uleb128 0x3
 340 002d 00000000 		.4byte	.LASF2
 341 0031 02       		.byte	0x2
 342 0032 D4       		.byte	0xd4
 343 0033 37000000 		.4byte	0x37
 344 0037 04       		.uleb128 0x4
 345 0038 04       		.byte	0x4
 346 0039 07       		.byte	0x7
 347 003a 19020000 		.4byte	.LASF0
 348 003e 04       		.uleb128 0x4
 349 003f 01       		.byte	0x1
 350 0040 06       		.byte	0x6
 351 0041 AA020000 		.4byte	.LASF1
 352 0045 03       		.uleb128 0x3
 353 0046 3D020000 		.4byte	.LASF3
 354 004a 03       		.byte	0x3
 355 004b 2A       		.byte	0x2a
 356 004c 50000000 		.4byte	0x50
 357 0050 04       		.uleb128 0x4
 358 0051 01       		.byte	0x1
 359 0052 08       		.byte	0x8
 360 0053 A5000000 		.4byte	.LASF4
 361 0057 04       		.uleb128 0x4
 362 0058 02       		.byte	0x2
 363 0059 05       		.byte	0x5
 364 005a 82020000 		.4byte	.LASF5
 365 005e 04       		.uleb128 0x4
 366 005f 02       		.byte	0x2
 367 0060 07       		.byte	0x7
 368 0061 7D000000 		.4byte	.LASF6
 369 0065 04       		.uleb128 0x4
 370 0066 04       		.byte	0x4
 371 0067 05       		.byte	0x5
 372 0068 A1020000 		.4byte	.LASF7
 373 006c 03       		.uleb128 0x3
 374 006d 98020000 		.4byte	.LASF8
 375 0071 03       		.byte	0x3
 376 0072 50       		.byte	0x50
 377 0073 77000000 		.4byte	0x77
 378 0077 04       		.uleb128 0x4
 379 0078 04       		.byte	0x4
 380 0079 07       		.byte	0x7
 381 007a 6B000000 		.4byte	.LASF9
 382 007e 04       		.uleb128 0x4
 383 007f 08       		.byte	0x8
 384 0080 05       		.byte	0x5
 385 0081 56020000 		.4byte	.LASF10
 386 0085 04       		.uleb128 0x4
 387 0086 08       		.byte	0x8
 388 0087 07       		.byte	0x7
 389 0088 26020000 		.4byte	.LASF11
 390 008c 04       		.uleb128 0x4
 391 008d 01       		.byte	0x1
 392 008e 02       		.byte	0x2
 393 008f BE020000 		.4byte	.LASF12
 394 0093 05       		.uleb128 0x5
ARM GAS  /tmp/cczM1923.s 			page 8


 395 0094 04       		.byte	0x4
 396 0095 04       		.uleb128 0x4
 397 0096 04       		.byte	0x4
 398 0097 07       		.byte	0x7
 399 0098 4D020000 		.4byte	.LASF13
 400 009c 03       		.uleb128 0x3
 401 009d 69020000 		.4byte	.LASF14
 402 00a1 04       		.byte	0x4
 403 00a2 2C       		.byte	0x2c
 404 00a3 A7000000 		.4byte	0xa7
 405 00a7 06       		.uleb128 0x6
 406 00a8 04       		.byte	0x4
 407 00a9 AD000000 		.4byte	0xad
 408 00ad 07       		.uleb128 0x7
 409 00ae 93000000 		.4byte	0x93
 410 00b2 BC000000 		.4byte	0xbc
 411 00b6 08       		.uleb128 0x8
 412 00b7 2C000000 		.4byte	0x2c
 413 00bb 00       		.byte	0
 414 00bc 09       		.uleb128 0x9
 415 00bd 26000000 		.4byte	.LASF31
 416 00c1 04       		.byte	0x4
 417 00c2 05       		.byte	0x5
 418 00c3 2C       		.byte	0x2c
 419 00c4 D5000000 		.4byte	0xd5
 420 00c8 0A       		.uleb128 0xa
 421 00c9 45020000 		.4byte	.LASF15
 422 00cd 05       		.byte	0x5
 423 00ce 2D       		.byte	0x2d
 424 00cf D5000000 		.4byte	0xd5
 425 00d3 00       		.byte	0
 426 00d4 00       		.byte	0
 427 00d5 06       		.uleb128 0x6
 428 00d6 04       		.byte	0x4
 429 00d7 BC000000 		.4byte	0xbc
 430 00db 0B       		.uleb128 0xb
 431 00dc 0C       		.byte	0xc
 432 00dd 05       		.byte	0x5
 433 00de 34       		.byte	0x34
 434 00df 08010000 		.4byte	0x108
 435 00e3 0A       		.uleb128 0xa
 436 00e4 B6020000 		.4byte	.LASF16
 437 00e8 05       		.byte	0x5
 438 00e9 35       		.byte	0x35
 439 00ea D5000000 		.4byte	0xd5
 440 00ee 00       		.byte	0
 441 00ef 0A       		.uleb128 0xa
 442 00f0 07000000 		.4byte	.LASF17
 443 00f4 05       		.byte	0x5
 444 00f5 36       		.byte	0x36
 445 00f6 2C000000 		.4byte	0x2c
 446 00fa 04       		.byte	0x4
 447 00fb 0A       		.uleb128 0xa
 448 00fc 76020000 		.4byte	.LASF18
 449 0100 05       		.byte	0x5
 450 0101 38       		.byte	0x38
 451 0102 9C000000 		.4byte	0x9c
ARM GAS  /tmp/cczM1923.s 			page 9


 452 0106 08       		.byte	0x8
 453 0107 00       		.byte	0
 454 0108 03       		.uleb128 0x3
 455 0109 E1000000 		.4byte	.LASF19
 456 010d 05       		.byte	0x5
 457 010e 3A       		.byte	0x3a
 458 010f DB000000 		.4byte	0xdb
 459 0113 04       		.uleb128 0x4
 460 0114 01       		.byte	0x1
 461 0115 08       		.byte	0x8
 462 0116 64020000 		.4byte	.LASF20
 463 011a 0C       		.uleb128 0xc
 464 011b F1000000 		.4byte	.LASF32
 465 011f 01       		.byte	0x1
 466 0120 69       		.byte	0x69
 467 0121 93000000 		.4byte	0x93
 468 0125 01       		.byte	0x1
 469 0126 40010000 		.4byte	0x140
 470 012a 0D       		.uleb128 0xd
 471 012b 6D7000   		.ascii	"mp\000"
 472 012e 01       		.byte	0x1
 473 012f 69       		.byte	0x69
 474 0130 40010000 		.4byte	0x140
 475 0134 0E       		.uleb128 0xe
 476 0135 EC000000 		.4byte	.LASF21
 477 0139 01       		.byte	0x1
 478 013a 6A       		.byte	0x6a
 479 013b 93000000 		.4byte	0x93
 480 013f 00       		.byte	0
 481 0140 06       		.uleb128 0x6
 482 0141 04       		.byte	0x4
 483 0142 08010000 		.4byte	0x108
 484 0146 0F       		.uleb128 0xf
 485 0147 99000000 		.4byte	.LASF22
 486 014b 01       		.byte	0x1
 487 014c 95       		.byte	0x95
 488 014d 01       		.byte	0x1
 489 014e 73010000 		.4byte	0x173
 490 0152 0D       		.uleb128 0xd
 491 0153 6D7000   		.ascii	"mp\000"
 492 0156 01       		.byte	0x1
 493 0157 95       		.byte	0x95
 494 0158 40010000 		.4byte	0x140
 495 015c 10       		.uleb128 0x10
 496 015d EC000000 		.4byte	.LASF21
 497 0161 01       		.byte	0x1
 498 0162 95       		.byte	0x95
 499 0163 93000000 		.4byte	0x93
 500 0167 11       		.uleb128 0x11
 501 0168 70687000 		.ascii	"php\000"
 502 016c 01       		.byte	0x1
 503 016d 96       		.byte	0x96
 504 016e D5000000 		.4byte	0xd5
 505 0172 00       		.byte	0
 506 0173 0F       		.uleb128 0xf
 507 0174 D6000000 		.4byte	.LASF23
 508 0178 01       		.byte	0x1
ARM GAS  /tmp/cczM1923.s 			page 10


 509 0179 AB       		.byte	0xab
 510 017a 01       		.byte	0x1
 511 017b B3010000 		.4byte	0x1b3
 512 017f 0D       		.uleb128 0xd
 513 0180 6D7000   		.ascii	"mp\000"
 514 0183 01       		.byte	0x1
 515 0184 AB       		.byte	0xab
 516 0185 40010000 		.4byte	0x140
 517 0189 10       		.uleb128 0x10
 518 018a EC000000 		.4byte	.LASF21
 519 018e 01       		.byte	0x1
 520 018f AB       		.byte	0xab
 521 0190 93000000 		.4byte	0x93
 522 0194 12       		.uleb128 0x12
 523 0195 A5010000 		.4byte	0x1a5
 524 0199 11       		.uleb128 0x11
 525 019a 746D7000 		.ascii	"tmp\000"
 526 019e 01       		.byte	0x1
 527 019f AD       		.byte	0xad
 528 01a0 6C000000 		.4byte	0x6c
 529 01a4 00       		.byte	0
 530 01a5 13       		.uleb128 0x13
 531 01a6 11       		.uleb128 0x11
 532 01a7 746D7000 		.ascii	"tmp\000"
 533 01ab 01       		.byte	0x1
 534 01ac AF       		.byte	0xaf
 535 01ad 6C000000 		.4byte	0x6c
 536 01b1 00       		.byte	0
 537 01b2 00       		.byte	0
 538 01b3 14       		.uleb128 0x14
 539 01b4 C4020000 		.4byte	.LASF26
 540 01b8 01       		.byte	0x1
 541 01b9 3E       		.byte	0x3e
 542 01ba 00000000 		.4byte	.LFB7
 543 01be 0A000000 		.4byte	.LFE7-.LFB7
 544 01c2 01       		.uleb128 0x1
 545 01c3 9C       		.byte	0x9c
 546 01c4 EF010000 		.4byte	0x1ef
 547 01c8 15       		.uleb128 0x15
 548 01c9 6D7000   		.ascii	"mp\000"
 549 01cc 01       		.byte	0x1
 550 01cd 3E       		.byte	0x3e
 551 01ce 40010000 		.4byte	0x140
 552 01d2 01       		.uleb128 0x1
 553 01d3 50       		.byte	0x50
 554 01d4 16       		.uleb128 0x16
 555 01d5 66000000 		.4byte	.LASF24
 556 01d9 01       		.byte	0x1
 557 01da 3E       		.byte	0x3e
 558 01db 2C000000 		.4byte	0x2c
 559 01df 01       		.uleb128 0x1
 560 01e0 51       		.byte	0x51
 561 01e1 16       		.uleb128 0x16
 562 01e2 90000000 		.4byte	.LASF25
 563 01e6 01       		.byte	0x1
 564 01e7 3E       		.byte	0x3e
 565 01e8 9C000000 		.4byte	0x9c
ARM GAS  /tmp/cczM1923.s 			page 11


 566 01ec 01       		.uleb128 0x1
 567 01ed 52       		.byte	0x52
 568 01ee 00       		.byte	0
 569 01ef 14       		.uleb128 0x14
 570 01f0 16000000 		.4byte	.LASF27
 571 01f4 01       		.byte	0x1
 572 01f5 54       		.byte	0x54
 573 01f6 00000000 		.4byte	.LFB8
 574 01fa 1E000000 		.4byte	.LFE8-.LFB8
 575 01fe 01       		.uleb128 0x1
 576 01ff 9C       		.byte	0x9c
 577 0200 A4020000 		.4byte	0x2a4
 578 0204 15       		.uleb128 0x15
 579 0205 6D7000   		.ascii	"mp\000"
 580 0208 01       		.byte	0x1
 581 0209 54       		.byte	0x54
 582 020a 40010000 		.4byte	0x140
 583 020e 01       		.uleb128 0x1
 584 020f 50       		.byte	0x50
 585 0210 17       		.uleb128 0x17
 586 0211 7000     		.ascii	"p\000"
 587 0213 01       		.byte	0x1
 588 0214 54       		.byte	0x54
 589 0215 93000000 		.4byte	0x93
 590 0219 00000000 		.4byte	.LLST0
 591 021d 17       		.uleb128 0x17
 592 021e 6E00     		.ascii	"n\000"
 593 0220 01       		.byte	0x1
 594 0221 54       		.byte	0x54
 595 0222 2C000000 		.4byte	0x2c
 596 0226 1E000000 		.4byte	.LLST1
 597 022a 18       		.uleb128 0x18
 598 022b 73010000 		.4byte	0x173
 599 022f 02000000 		.4byte	.LBB16
 600 0233 12000000 		.4byte	.LBE16-.LBB16
 601 0237 01       		.byte	0x1
 602 0238 59       		.byte	0x59
 603 0239 19       		.uleb128 0x19
 604 023a 89010000 		.4byte	0x189
 605 023e 49000000 		.4byte	.LLST2
 606 0242 19       		.uleb128 0x19
 607 0243 7F010000 		.4byte	0x17f
 608 0247 68000000 		.4byte	.LLST3
 609 024b 1A       		.uleb128 0x1a
 610 024c 02000000 		.4byte	.LBB17
 611 0250 06000000 		.4byte	.LBE17-.LBB17
 612 0254 60020000 		.4byte	0x260
 613 0258 1B       		.uleb128 0x1b
 614 0259 99010000 		.4byte	0x199
 615 025d 01       		.uleb128 0x1
 616 025e 53       		.byte	0x53
 617 025f 00       		.byte	0
 618 0260 1C       		.uleb128 0x1c
 619 0261 46010000 		.4byte	0x146
 620 0265 08000000 		.4byte	.LBB18
 621 0269 00000000 		.4byte	.Ldebug_ranges0+0
 622 026d 01       		.byte	0x1
ARM GAS  /tmp/cczM1923.s 			page 12


 623 026e AE       		.byte	0xae
 624 026f 95020000 		.4byte	0x295
 625 0273 19       		.uleb128 0x19
 626 0274 5C010000 		.4byte	0x15c
 627 0278 7B000000 		.4byte	.LLST4
 628 027c 19       		.uleb128 0x19
 629 027d 52010000 		.4byte	0x152
 630 0281 9A000000 		.4byte	.LLST5
 631 0285 1D       		.uleb128 0x1d
 632 0286 00000000 		.4byte	.Ldebug_ranges0+0
 633 028a 1E       		.uleb128 0x1e
 634 028b 67010000 		.4byte	0x167
 635 028f 7B000000 		.4byte	.LLST4
 636 0293 00       		.byte	0
 637 0294 00       		.byte	0
 638 0295 1D       		.uleb128 0x1d
 639 0296 18000000 		.4byte	.Ldebug_ranges0+0x18
 640 029a 1B       		.uleb128 0x1b
 641 029b A6010000 		.4byte	0x1a6
 642 029f 01       		.uleb128 0x1
 643 02a0 53       		.byte	0x53
 644 02a1 00       		.byte	0
 645 02a2 00       		.byte	0
 646 02a3 00       		.byte	0
 647 02a4 1F       		.uleb128 0x1f
 648 02a5 1A010000 		.4byte	0x11a
 649 02a9 00000000 		.4byte	.LFB9
 650 02ad 18000000 		.4byte	.LFE9-.LFB9
 651 02b1 01       		.uleb128 0x1
 652 02b2 9C       		.byte	0x9c
 653 02b3 CA020000 		.4byte	0x2ca
 654 02b7 19       		.uleb128 0x19
 655 02b8 2A010000 		.4byte	0x12a
 656 02bc AD000000 		.4byte	.LLST7
 657 02c0 1E       		.uleb128 0x1e
 658 02c1 34010000 		.4byte	0x134
 659 02c5 D9000000 		.4byte	.LLST8
 660 02c9 00       		.byte	0
 661 02ca 20       		.uleb128 0x20
 662 02cb 8C020000 		.4byte	.LASF33
 663 02cf 01       		.byte	0x1
 664 02d0 80       		.byte	0x80
 665 02d1 93000000 		.4byte	0x93
 666 02d5 00000000 		.4byte	.LFB10
 667 02d9 2C000000 		.4byte	.LFE10-.LFB10
 668 02dd 01       		.uleb128 0x1
 669 02de 9C       		.byte	0x9c
 670 02df 59030000 		.4byte	0x359
 671 02e3 17       		.uleb128 0x17
 672 02e4 6D7000   		.ascii	"mp\000"
 673 02e7 01       		.byte	0x1
 674 02e8 80       		.byte	0x80
 675 02e9 40010000 		.4byte	0x140
 676 02ed 03010000 		.4byte	.LLST9
 677 02f1 21       		.uleb128 0x21
 678 02f2 EC000000 		.4byte	.LASF21
 679 02f6 01       		.byte	0x1
ARM GAS  /tmp/cczM1923.s 			page 13


 680 02f7 81       		.byte	0x81
 681 02f8 93000000 		.4byte	0x93
 682 02fc 01       		.uleb128 0x1
 683 02fd 50       		.byte	0x50
 684 02fe 1A       		.uleb128 0x1a
 685 02ff 04000000 		.4byte	.LBB24
 686 0303 06000000 		.4byte	.LBE24-.LBB24
 687 0307 19030000 		.4byte	0x319
 688 030b 22       		.uleb128 0x22
 689 030c 746D7000 		.ascii	"tmp\000"
 690 0310 01       		.byte	0x1
 691 0311 83       		.byte	0x83
 692 0312 6C000000 		.4byte	0x6c
 693 0316 01       		.uleb128 0x1
 694 0317 53       		.byte	0x53
 695 0318 00       		.byte	0
 696 0319 1C       		.uleb128 0x1c
 697 031a 1A010000 		.4byte	0x11a
 698 031e 0A000000 		.4byte	.LBB25
 699 0322 30000000 		.4byte	.Ldebug_ranges0+0x30
 700 0326 01       		.byte	0x1
 701 0327 84       		.byte	0x84
 702 0328 45030000 		.4byte	0x345
 703 032c 19       		.uleb128 0x19
 704 032d 2A010000 		.4byte	0x12a
 705 0331 2F010000 		.4byte	.LLST10
 706 0335 1D       		.uleb128 0x1d
 707 0336 30000000 		.4byte	.Ldebug_ranges0+0x30
 708 033a 1E       		.uleb128 0x1e
 709 033b 34010000 		.4byte	0x134
 710 033f 5B010000 		.4byte	.LLST11
 711 0343 00       		.byte	0
 712 0344 00       		.byte	0
 713 0345 1D       		.uleb128 0x1d
 714 0346 48000000 		.4byte	.Ldebug_ranges0+0x48
 715 034a 22       		.uleb128 0x22
 716 034b 746D7000 		.ascii	"tmp\000"
 717 034f 01       		.byte	0x1
 718 0350 85       		.byte	0x85
 719 0351 6C000000 		.4byte	0x6c
 720 0355 01       		.uleb128 0x1
 721 0356 53       		.byte	0x53
 722 0357 00       		.byte	0
 723 0358 00       		.byte	0
 724 0359 23       		.uleb128 0x23
 725 035a 46010000 		.4byte	0x146
 726 035e 00000000 		.4byte	.LFB11
 727 0362 08000000 		.4byte	.LFE11-.LFB11
 728 0366 01       		.uleb128 0x1
 729 0367 9C       		.byte	0x9c
 730 0368 82030000 		.4byte	0x382
 731 036c 24       		.uleb128 0x24
 732 036d 52010000 		.4byte	0x152
 733 0371 01       		.uleb128 0x1
 734 0372 50       		.byte	0x50
 735 0373 24       		.uleb128 0x24
 736 0374 5C010000 		.4byte	0x15c
ARM GAS  /tmp/cczM1923.s 			page 14


 737 0378 01       		.uleb128 0x1
 738 0379 51       		.byte	0x51
 739 037a 1B       		.uleb128 0x1b
 740 037b 67010000 		.4byte	0x167
 741 037f 01       		.uleb128 0x1
 742 0380 51       		.byte	0x51
 743 0381 00       		.byte	0
 744 0382 25       		.uleb128 0x25
 745 0383 73010000 		.4byte	0x173
 746 0387 00000000 		.4byte	.LFB12
 747 038b 14000000 		.4byte	.LFE12-.LFB12
 748 038f 01       		.uleb128 0x1
 749 0390 9C       		.byte	0x9c
 750 0391 24       		.uleb128 0x24
 751 0392 7F010000 		.4byte	0x17f
 752 0396 01       		.uleb128 0x1
 753 0397 50       		.byte	0x50
 754 0398 24       		.uleb128 0x24
 755 0399 89010000 		.4byte	0x189
 756 039d 01       		.uleb128 0x1
 757 039e 51       		.byte	0x51
 758 039f 1A       		.uleb128 0x1a
 759 03a0 00000000 		.4byte	.LBB31
 760 03a4 06000000 		.4byte	.LBE31-.LBB31
 761 03a8 B4030000 		.4byte	0x3b4
 762 03ac 1B       		.uleb128 0x1b
 763 03ad 99010000 		.4byte	0x199
 764 03b1 01       		.uleb128 0x1
 765 03b2 53       		.byte	0x53
 766 03b3 00       		.byte	0
 767 03b4 1C       		.uleb128 0x1c
 768 03b5 46010000 		.4byte	0x146
 769 03b9 06000000 		.4byte	.LBB32
 770 03bd 60000000 		.4byte	.Ldebug_ranges0+0x60
 771 03c1 01       		.byte	0x1
 772 03c2 AE       		.byte	0xae
 773 03c3 E3030000 		.4byte	0x3e3
 774 03c7 24       		.uleb128 0x24
 775 03c8 5C010000 		.4byte	0x15c
 776 03cc 01       		.uleb128 0x1
 777 03cd 51       		.byte	0x51
 778 03ce 24       		.uleb128 0x24
 779 03cf 52010000 		.4byte	0x152
 780 03d3 01       		.uleb128 0x1
 781 03d4 50       		.byte	0x50
 782 03d5 1D       		.uleb128 0x1d
 783 03d6 60000000 		.4byte	.Ldebug_ranges0+0x60
 784 03da 1B       		.uleb128 0x1b
 785 03db 67010000 		.4byte	0x167
 786 03df 01       		.uleb128 0x1
 787 03e0 51       		.byte	0x51
 788 03e1 00       		.byte	0
 789 03e2 00       		.byte	0
 790 03e3 1D       		.uleb128 0x1d
 791 03e4 78000000 		.4byte	.Ldebug_ranges0+0x78
 792 03e8 1B       		.uleb128 0x1b
 793 03e9 A6010000 		.4byte	0x1a6
ARM GAS  /tmp/cczM1923.s 			page 15


 794 03ed 01       		.uleb128 0x1
 795 03ee 53       		.byte	0x53
 796 03ef 00       		.byte	0
 797 03f0 00       		.byte	0
 798 03f1 00       		.byte	0
 799              		.section	.debug_abbrev,"",%progbits
 800              	.Ldebug_abbrev0:
 801 0000 01       		.uleb128 0x1
 802 0001 11       		.uleb128 0x11
 803 0002 01       		.byte	0x1
 804 0003 25       		.uleb128 0x25
 805 0004 0E       		.uleb128 0xe
 806 0005 13       		.uleb128 0x13
 807 0006 0B       		.uleb128 0xb
 808 0007 03       		.uleb128 0x3
 809 0008 0E       		.uleb128 0xe
 810 0009 1B       		.uleb128 0x1b
 811 000a 0E       		.uleb128 0xe
 812 000b 55       		.uleb128 0x55
 813 000c 17       		.uleb128 0x17
 814 000d 11       		.uleb128 0x11
 815 000e 01       		.uleb128 0x1
 816 000f 10       		.uleb128 0x10
 817 0010 17       		.uleb128 0x17
 818 0011 00       		.byte	0
 819 0012 00       		.byte	0
 820 0013 02       		.uleb128 0x2
 821 0014 24       		.uleb128 0x24
 822 0015 00       		.byte	0
 823 0016 0B       		.uleb128 0xb
 824 0017 0B       		.uleb128 0xb
 825 0018 3E       		.uleb128 0x3e
 826 0019 0B       		.uleb128 0xb
 827 001a 03       		.uleb128 0x3
 828 001b 08       		.uleb128 0x8
 829 001c 00       		.byte	0
 830 001d 00       		.byte	0
 831 001e 03       		.uleb128 0x3
 832 001f 16       		.uleb128 0x16
 833 0020 00       		.byte	0
 834 0021 03       		.uleb128 0x3
 835 0022 0E       		.uleb128 0xe
 836 0023 3A       		.uleb128 0x3a
 837 0024 0B       		.uleb128 0xb
 838 0025 3B       		.uleb128 0x3b
 839 0026 0B       		.uleb128 0xb
 840 0027 49       		.uleb128 0x49
 841 0028 13       		.uleb128 0x13
 842 0029 00       		.byte	0
 843 002a 00       		.byte	0
 844 002b 04       		.uleb128 0x4
 845 002c 24       		.uleb128 0x24
 846 002d 00       		.byte	0
 847 002e 0B       		.uleb128 0xb
 848 002f 0B       		.uleb128 0xb
 849 0030 3E       		.uleb128 0x3e
 850 0031 0B       		.uleb128 0xb
ARM GAS  /tmp/cczM1923.s 			page 16


 851 0032 03       		.uleb128 0x3
 852 0033 0E       		.uleb128 0xe
 853 0034 00       		.byte	0
 854 0035 00       		.byte	0
 855 0036 05       		.uleb128 0x5
 856 0037 0F       		.uleb128 0xf
 857 0038 00       		.byte	0
 858 0039 0B       		.uleb128 0xb
 859 003a 0B       		.uleb128 0xb
 860 003b 00       		.byte	0
 861 003c 00       		.byte	0
 862 003d 06       		.uleb128 0x6
 863 003e 0F       		.uleb128 0xf
 864 003f 00       		.byte	0
 865 0040 0B       		.uleb128 0xb
 866 0041 0B       		.uleb128 0xb
 867 0042 49       		.uleb128 0x49
 868 0043 13       		.uleb128 0x13
 869 0044 00       		.byte	0
 870 0045 00       		.byte	0
 871 0046 07       		.uleb128 0x7
 872 0047 15       		.uleb128 0x15
 873 0048 01       		.byte	0x1
 874 0049 27       		.uleb128 0x27
 875 004a 19       		.uleb128 0x19
 876 004b 49       		.uleb128 0x49
 877 004c 13       		.uleb128 0x13
 878 004d 01       		.uleb128 0x1
 879 004e 13       		.uleb128 0x13
 880 004f 00       		.byte	0
 881 0050 00       		.byte	0
 882 0051 08       		.uleb128 0x8
 883 0052 05       		.uleb128 0x5
 884 0053 00       		.byte	0
 885 0054 49       		.uleb128 0x49
 886 0055 13       		.uleb128 0x13
 887 0056 00       		.byte	0
 888 0057 00       		.byte	0
 889 0058 09       		.uleb128 0x9
 890 0059 13       		.uleb128 0x13
 891 005a 01       		.byte	0x1
 892 005b 03       		.uleb128 0x3
 893 005c 0E       		.uleb128 0xe
 894 005d 0B       		.uleb128 0xb
 895 005e 0B       		.uleb128 0xb
 896 005f 3A       		.uleb128 0x3a
 897 0060 0B       		.uleb128 0xb
 898 0061 3B       		.uleb128 0x3b
 899 0062 0B       		.uleb128 0xb
 900 0063 01       		.uleb128 0x1
 901 0064 13       		.uleb128 0x13
 902 0065 00       		.byte	0
 903 0066 00       		.byte	0
 904 0067 0A       		.uleb128 0xa
 905 0068 0D       		.uleb128 0xd
 906 0069 00       		.byte	0
 907 006a 03       		.uleb128 0x3
ARM GAS  /tmp/cczM1923.s 			page 17


 908 006b 0E       		.uleb128 0xe
 909 006c 3A       		.uleb128 0x3a
 910 006d 0B       		.uleb128 0xb
 911 006e 3B       		.uleb128 0x3b
 912 006f 0B       		.uleb128 0xb
 913 0070 49       		.uleb128 0x49
 914 0071 13       		.uleb128 0x13
 915 0072 38       		.uleb128 0x38
 916 0073 0B       		.uleb128 0xb
 917 0074 00       		.byte	0
 918 0075 00       		.byte	0
 919 0076 0B       		.uleb128 0xb
 920 0077 13       		.uleb128 0x13
 921 0078 01       		.byte	0x1
 922 0079 0B       		.uleb128 0xb
 923 007a 0B       		.uleb128 0xb
 924 007b 3A       		.uleb128 0x3a
 925 007c 0B       		.uleb128 0xb
 926 007d 3B       		.uleb128 0x3b
 927 007e 0B       		.uleb128 0xb
 928 007f 01       		.uleb128 0x1
 929 0080 13       		.uleb128 0x13
 930 0081 00       		.byte	0
 931 0082 00       		.byte	0
 932 0083 0C       		.uleb128 0xc
 933 0084 2E       		.uleb128 0x2e
 934 0085 01       		.byte	0x1
 935 0086 3F       		.uleb128 0x3f
 936 0087 19       		.uleb128 0x19
 937 0088 03       		.uleb128 0x3
 938 0089 0E       		.uleb128 0xe
 939 008a 3A       		.uleb128 0x3a
 940 008b 0B       		.uleb128 0xb
 941 008c 3B       		.uleb128 0x3b
 942 008d 0B       		.uleb128 0xb
 943 008e 27       		.uleb128 0x27
 944 008f 19       		.uleb128 0x19
 945 0090 49       		.uleb128 0x49
 946 0091 13       		.uleb128 0x13
 947 0092 20       		.uleb128 0x20
 948 0093 0B       		.uleb128 0xb
 949 0094 01       		.uleb128 0x1
 950 0095 13       		.uleb128 0x13
 951 0096 00       		.byte	0
 952 0097 00       		.byte	0
 953 0098 0D       		.uleb128 0xd
 954 0099 05       		.uleb128 0x5
 955 009a 00       		.byte	0
 956 009b 03       		.uleb128 0x3
 957 009c 08       		.uleb128 0x8
 958 009d 3A       		.uleb128 0x3a
 959 009e 0B       		.uleb128 0xb
 960 009f 3B       		.uleb128 0x3b
 961 00a0 0B       		.uleb128 0xb
 962 00a1 49       		.uleb128 0x49
 963 00a2 13       		.uleb128 0x13
 964 00a3 00       		.byte	0
ARM GAS  /tmp/cczM1923.s 			page 18


 965 00a4 00       		.byte	0
 966 00a5 0E       		.uleb128 0xe
 967 00a6 34       		.uleb128 0x34
 968 00a7 00       		.byte	0
 969 00a8 03       		.uleb128 0x3
 970 00a9 0E       		.uleb128 0xe
 971 00aa 3A       		.uleb128 0x3a
 972 00ab 0B       		.uleb128 0xb
 973 00ac 3B       		.uleb128 0x3b
 974 00ad 0B       		.uleb128 0xb
 975 00ae 49       		.uleb128 0x49
 976 00af 13       		.uleb128 0x13
 977 00b0 00       		.byte	0
 978 00b1 00       		.byte	0
 979 00b2 0F       		.uleb128 0xf
 980 00b3 2E       		.uleb128 0x2e
 981 00b4 01       		.byte	0x1
 982 00b5 3F       		.uleb128 0x3f
 983 00b6 19       		.uleb128 0x19
 984 00b7 03       		.uleb128 0x3
 985 00b8 0E       		.uleb128 0xe
 986 00b9 3A       		.uleb128 0x3a
 987 00ba 0B       		.uleb128 0xb
 988 00bb 3B       		.uleb128 0x3b
 989 00bc 0B       		.uleb128 0xb
 990 00bd 27       		.uleb128 0x27
 991 00be 19       		.uleb128 0x19
 992 00bf 20       		.uleb128 0x20
 993 00c0 0B       		.uleb128 0xb
 994 00c1 01       		.uleb128 0x1
 995 00c2 13       		.uleb128 0x13
 996 00c3 00       		.byte	0
 997 00c4 00       		.byte	0
 998 00c5 10       		.uleb128 0x10
 999 00c6 05       		.uleb128 0x5
 1000 00c7 00       		.byte	0
 1001 00c8 03       		.uleb128 0x3
 1002 00c9 0E       		.uleb128 0xe
 1003 00ca 3A       		.uleb128 0x3a
 1004 00cb 0B       		.uleb128 0xb
 1005 00cc 3B       		.uleb128 0x3b
 1006 00cd 0B       		.uleb128 0xb
 1007 00ce 49       		.uleb128 0x49
 1008 00cf 13       		.uleb128 0x13
 1009 00d0 00       		.byte	0
 1010 00d1 00       		.byte	0
 1011 00d2 11       		.uleb128 0x11
 1012 00d3 34       		.uleb128 0x34
 1013 00d4 00       		.byte	0
 1014 00d5 03       		.uleb128 0x3
 1015 00d6 08       		.uleb128 0x8
 1016 00d7 3A       		.uleb128 0x3a
 1017 00d8 0B       		.uleb128 0xb
 1018 00d9 3B       		.uleb128 0x3b
 1019 00da 0B       		.uleb128 0xb
 1020 00db 49       		.uleb128 0x49
 1021 00dc 13       		.uleb128 0x13
ARM GAS  /tmp/cczM1923.s 			page 19


 1022 00dd 00       		.byte	0
 1023 00de 00       		.byte	0
 1024 00df 12       		.uleb128 0x12
 1025 00e0 0B       		.uleb128 0xb
 1026 00e1 01       		.byte	0x1
 1027 00e2 01       		.uleb128 0x1
 1028 00e3 13       		.uleb128 0x13
 1029 00e4 00       		.byte	0
 1030 00e5 00       		.byte	0
 1031 00e6 13       		.uleb128 0x13
 1032 00e7 0B       		.uleb128 0xb
 1033 00e8 01       		.byte	0x1
 1034 00e9 00       		.byte	0
 1035 00ea 00       		.byte	0
 1036 00eb 14       		.uleb128 0x14
 1037 00ec 2E       		.uleb128 0x2e
 1038 00ed 01       		.byte	0x1
 1039 00ee 3F       		.uleb128 0x3f
 1040 00ef 19       		.uleb128 0x19
 1041 00f0 03       		.uleb128 0x3
 1042 00f1 0E       		.uleb128 0xe
 1043 00f2 3A       		.uleb128 0x3a
 1044 00f3 0B       		.uleb128 0xb
 1045 00f4 3B       		.uleb128 0x3b
 1046 00f5 0B       		.uleb128 0xb
 1047 00f6 27       		.uleb128 0x27
 1048 00f7 19       		.uleb128 0x19
 1049 00f8 11       		.uleb128 0x11
 1050 00f9 01       		.uleb128 0x1
 1051 00fa 12       		.uleb128 0x12
 1052 00fb 06       		.uleb128 0x6
 1053 00fc 40       		.uleb128 0x40
 1054 00fd 18       		.uleb128 0x18
 1055 00fe 9742     		.uleb128 0x2117
 1056 0100 19       		.uleb128 0x19
 1057 0101 01       		.uleb128 0x1
 1058 0102 13       		.uleb128 0x13
 1059 0103 00       		.byte	0
 1060 0104 00       		.byte	0
 1061 0105 15       		.uleb128 0x15
 1062 0106 05       		.uleb128 0x5
 1063 0107 00       		.byte	0
 1064 0108 03       		.uleb128 0x3
 1065 0109 08       		.uleb128 0x8
 1066 010a 3A       		.uleb128 0x3a
 1067 010b 0B       		.uleb128 0xb
 1068 010c 3B       		.uleb128 0x3b
 1069 010d 0B       		.uleb128 0xb
 1070 010e 49       		.uleb128 0x49
 1071 010f 13       		.uleb128 0x13
 1072 0110 02       		.uleb128 0x2
 1073 0111 18       		.uleb128 0x18
 1074 0112 00       		.byte	0
 1075 0113 00       		.byte	0
 1076 0114 16       		.uleb128 0x16
 1077 0115 05       		.uleb128 0x5
 1078 0116 00       		.byte	0
ARM GAS  /tmp/cczM1923.s 			page 20


 1079 0117 03       		.uleb128 0x3
 1080 0118 0E       		.uleb128 0xe
 1081 0119 3A       		.uleb128 0x3a
 1082 011a 0B       		.uleb128 0xb
 1083 011b 3B       		.uleb128 0x3b
 1084 011c 0B       		.uleb128 0xb
 1085 011d 49       		.uleb128 0x49
 1086 011e 13       		.uleb128 0x13
 1087 011f 02       		.uleb128 0x2
 1088 0120 18       		.uleb128 0x18
 1089 0121 00       		.byte	0
 1090 0122 00       		.byte	0
 1091 0123 17       		.uleb128 0x17
 1092 0124 05       		.uleb128 0x5
 1093 0125 00       		.byte	0
 1094 0126 03       		.uleb128 0x3
 1095 0127 08       		.uleb128 0x8
 1096 0128 3A       		.uleb128 0x3a
 1097 0129 0B       		.uleb128 0xb
 1098 012a 3B       		.uleb128 0x3b
 1099 012b 0B       		.uleb128 0xb
 1100 012c 49       		.uleb128 0x49
 1101 012d 13       		.uleb128 0x13
 1102 012e 02       		.uleb128 0x2
 1103 012f 17       		.uleb128 0x17
 1104 0130 00       		.byte	0
 1105 0131 00       		.byte	0
 1106 0132 18       		.uleb128 0x18
 1107 0133 1D       		.uleb128 0x1d
 1108 0134 01       		.byte	0x1
 1109 0135 31       		.uleb128 0x31
 1110 0136 13       		.uleb128 0x13
 1111 0137 11       		.uleb128 0x11
 1112 0138 01       		.uleb128 0x1
 1113 0139 12       		.uleb128 0x12
 1114 013a 06       		.uleb128 0x6
 1115 013b 58       		.uleb128 0x58
 1116 013c 0B       		.uleb128 0xb
 1117 013d 59       		.uleb128 0x59
 1118 013e 0B       		.uleb128 0xb
 1119 013f 00       		.byte	0
 1120 0140 00       		.byte	0
 1121 0141 19       		.uleb128 0x19
 1122 0142 05       		.uleb128 0x5
 1123 0143 00       		.byte	0
 1124 0144 31       		.uleb128 0x31
 1125 0145 13       		.uleb128 0x13
 1126 0146 02       		.uleb128 0x2
 1127 0147 17       		.uleb128 0x17
 1128 0148 00       		.byte	0
 1129 0149 00       		.byte	0
 1130 014a 1A       		.uleb128 0x1a
 1131 014b 0B       		.uleb128 0xb
 1132 014c 01       		.byte	0x1
 1133 014d 11       		.uleb128 0x11
 1134 014e 01       		.uleb128 0x1
 1135 014f 12       		.uleb128 0x12
ARM GAS  /tmp/cczM1923.s 			page 21


 1136 0150 06       		.uleb128 0x6
 1137 0151 01       		.uleb128 0x1
 1138 0152 13       		.uleb128 0x13
 1139 0153 00       		.byte	0
 1140 0154 00       		.byte	0
 1141 0155 1B       		.uleb128 0x1b
 1142 0156 34       		.uleb128 0x34
 1143 0157 00       		.byte	0
 1144 0158 31       		.uleb128 0x31
 1145 0159 13       		.uleb128 0x13
 1146 015a 02       		.uleb128 0x2
 1147 015b 18       		.uleb128 0x18
 1148 015c 00       		.byte	0
 1149 015d 00       		.byte	0
 1150 015e 1C       		.uleb128 0x1c
 1151 015f 1D       		.uleb128 0x1d
 1152 0160 01       		.byte	0x1
 1153 0161 31       		.uleb128 0x31
 1154 0162 13       		.uleb128 0x13
 1155 0163 52       		.uleb128 0x52
 1156 0164 01       		.uleb128 0x1
 1157 0165 55       		.uleb128 0x55
 1158 0166 17       		.uleb128 0x17
 1159 0167 58       		.uleb128 0x58
 1160 0168 0B       		.uleb128 0xb
 1161 0169 59       		.uleb128 0x59
 1162 016a 0B       		.uleb128 0xb
 1163 016b 01       		.uleb128 0x1
 1164 016c 13       		.uleb128 0x13
 1165 016d 00       		.byte	0
 1166 016e 00       		.byte	0
 1167 016f 1D       		.uleb128 0x1d
 1168 0170 0B       		.uleb128 0xb
 1169 0171 01       		.byte	0x1
 1170 0172 55       		.uleb128 0x55
 1171 0173 17       		.uleb128 0x17
 1172 0174 00       		.byte	0
 1173 0175 00       		.byte	0
 1174 0176 1E       		.uleb128 0x1e
 1175 0177 34       		.uleb128 0x34
 1176 0178 00       		.byte	0
 1177 0179 31       		.uleb128 0x31
 1178 017a 13       		.uleb128 0x13
 1179 017b 02       		.uleb128 0x2
 1180 017c 17       		.uleb128 0x17
 1181 017d 00       		.byte	0
 1182 017e 00       		.byte	0
 1183 017f 1F       		.uleb128 0x1f
 1184 0180 2E       		.uleb128 0x2e
 1185 0181 01       		.byte	0x1
 1186 0182 31       		.uleb128 0x31
 1187 0183 13       		.uleb128 0x13
 1188 0184 11       		.uleb128 0x11
 1189 0185 01       		.uleb128 0x1
 1190 0186 12       		.uleb128 0x12
 1191 0187 06       		.uleb128 0x6
 1192 0188 40       		.uleb128 0x40
ARM GAS  /tmp/cczM1923.s 			page 22


 1193 0189 18       		.uleb128 0x18
 1194 018a 9642     		.uleb128 0x2116
 1195 018c 19       		.uleb128 0x19
 1196 018d 01       		.uleb128 0x1
 1197 018e 13       		.uleb128 0x13
 1198 018f 00       		.byte	0
 1199 0190 00       		.byte	0
 1200 0191 20       		.uleb128 0x20
 1201 0192 2E       		.uleb128 0x2e
 1202 0193 01       		.byte	0x1
 1203 0194 3F       		.uleb128 0x3f
 1204 0195 19       		.uleb128 0x19
 1205 0196 03       		.uleb128 0x3
 1206 0197 0E       		.uleb128 0xe
 1207 0198 3A       		.uleb128 0x3a
 1208 0199 0B       		.uleb128 0xb
 1209 019a 3B       		.uleb128 0x3b
 1210 019b 0B       		.uleb128 0xb
 1211 019c 27       		.uleb128 0x27
 1212 019d 19       		.uleb128 0x19
 1213 019e 49       		.uleb128 0x49
 1214 019f 13       		.uleb128 0x13
 1215 01a0 11       		.uleb128 0x11
 1216 01a1 01       		.uleb128 0x1
 1217 01a2 12       		.uleb128 0x12
 1218 01a3 06       		.uleb128 0x6
 1219 01a4 40       		.uleb128 0x40
 1220 01a5 18       		.uleb128 0x18
 1221 01a6 9642     		.uleb128 0x2116
 1222 01a8 19       		.uleb128 0x19
 1223 01a9 01       		.uleb128 0x1
 1224 01aa 13       		.uleb128 0x13
 1225 01ab 00       		.byte	0
 1226 01ac 00       		.byte	0
 1227 01ad 21       		.uleb128 0x21
 1228 01ae 34       		.uleb128 0x34
 1229 01af 00       		.byte	0
 1230 01b0 03       		.uleb128 0x3
 1231 01b1 0E       		.uleb128 0xe
 1232 01b2 3A       		.uleb128 0x3a
 1233 01b3 0B       		.uleb128 0xb
 1234 01b4 3B       		.uleb128 0x3b
 1235 01b5 0B       		.uleb128 0xb
 1236 01b6 49       		.uleb128 0x49
 1237 01b7 13       		.uleb128 0x13
 1238 01b8 02       		.uleb128 0x2
 1239 01b9 18       		.uleb128 0x18
 1240 01ba 00       		.byte	0
 1241 01bb 00       		.byte	0
 1242 01bc 22       		.uleb128 0x22
 1243 01bd 34       		.uleb128 0x34
 1244 01be 00       		.byte	0
 1245 01bf 03       		.uleb128 0x3
 1246 01c0 08       		.uleb128 0x8
 1247 01c1 3A       		.uleb128 0x3a
 1248 01c2 0B       		.uleb128 0xb
 1249 01c3 3B       		.uleb128 0x3b
ARM GAS  /tmp/cczM1923.s 			page 23


 1250 01c4 0B       		.uleb128 0xb
 1251 01c5 49       		.uleb128 0x49
 1252 01c6 13       		.uleb128 0x13
 1253 01c7 02       		.uleb128 0x2
 1254 01c8 18       		.uleb128 0x18
 1255 01c9 00       		.byte	0
 1256 01ca 00       		.byte	0
 1257 01cb 23       		.uleb128 0x23
 1258 01cc 2E       		.uleb128 0x2e
 1259 01cd 01       		.byte	0x1
 1260 01ce 31       		.uleb128 0x31
 1261 01cf 13       		.uleb128 0x13
 1262 01d0 11       		.uleb128 0x11
 1263 01d1 01       		.uleb128 0x1
 1264 01d2 12       		.uleb128 0x12
 1265 01d3 06       		.uleb128 0x6
 1266 01d4 40       		.uleb128 0x40
 1267 01d5 18       		.uleb128 0x18
 1268 01d6 9742     		.uleb128 0x2117
 1269 01d8 19       		.uleb128 0x19
 1270 01d9 01       		.uleb128 0x1
 1271 01da 13       		.uleb128 0x13
 1272 01db 00       		.byte	0
 1273 01dc 00       		.byte	0
 1274 01dd 24       		.uleb128 0x24
 1275 01de 05       		.uleb128 0x5
 1276 01df 00       		.byte	0
 1277 01e0 31       		.uleb128 0x31
 1278 01e1 13       		.uleb128 0x13
 1279 01e2 02       		.uleb128 0x2
 1280 01e3 18       		.uleb128 0x18
 1281 01e4 00       		.byte	0
 1282 01e5 00       		.byte	0
 1283 01e6 25       		.uleb128 0x25
 1284 01e7 2E       		.uleb128 0x2e
 1285 01e8 01       		.byte	0x1
 1286 01e9 31       		.uleb128 0x31
 1287 01ea 13       		.uleb128 0x13
 1288 01eb 11       		.uleb128 0x11
 1289 01ec 01       		.uleb128 0x1
 1290 01ed 12       		.uleb128 0x12
 1291 01ee 06       		.uleb128 0x6
 1292 01ef 40       		.uleb128 0x40
 1293 01f0 18       		.uleb128 0x18
 1294 01f1 9742     		.uleb128 0x2117
 1295 01f3 19       		.uleb128 0x19
 1296 01f4 00       		.byte	0
 1297 01f5 00       		.byte	0
 1298 01f6 00       		.byte	0
 1299              		.section	.debug_loc,"",%progbits
 1300              	.Ldebug_loc0:
 1301              	.LLST0:
 1302 0000 00000000 		.4byte	.LVL1
 1303 0004 1A000000 		.4byte	.LVL5
 1304 0008 0100     		.2byte	0x1
 1305 000a 51       		.byte	0x51
 1306 000b 1A000000 		.4byte	.LVL5
ARM GAS  /tmp/cczM1923.s 			page 24


 1307 000f 1E000000 		.4byte	.LFE8
 1308 0013 0100     		.2byte	0x1
 1309 0015 51       		.byte	0x51
 1310 0016 00000000 		.4byte	0
 1311 001a 00000000 		.4byte	0
 1312              	.LLST1:
 1313 001e 00000000 		.4byte	.LVL1
 1314 0022 02000000 		.4byte	.LVL2
 1315 0026 0100     		.2byte	0x1
 1316 0028 52       		.byte	0x52
 1317 0029 02000000 		.4byte	.LVL2
 1318 002d 18000000 		.4byte	.LVL4
 1319 0031 0100     		.2byte	0x1
 1320 0033 52       		.byte	0x52
 1321 0034 18000000 		.4byte	.LVL4
 1322 0038 1A000000 		.4byte	.LVL5
 1323 003c 0300     		.2byte	0x3
 1324 003e 72       		.byte	0x72
 1325 003f 01       		.sleb128 1
 1326 0040 9F       		.byte	0x9f
 1327 0041 00000000 		.4byte	0
 1328 0045 00000000 		.4byte	0
 1329              	.LLST2:
 1330 0049 02000000 		.4byte	.LVL2
 1331 004d 1A000000 		.4byte	.LVL5
 1332 0051 0100     		.2byte	0x1
 1333 0053 51       		.byte	0x51
 1334 0054 1A000000 		.4byte	.LVL5
 1335 0058 1C000000 		.4byte	.LVL6
 1336 005c 0200     		.2byte	0x2
 1337 005e 70       		.byte	0x70
 1338 005f 00       		.sleb128 0
 1339 0060 00000000 		.4byte	0
 1340 0064 00000000 		.4byte	0
 1341              	.LLST3:
 1342 0068 02000000 		.4byte	.LVL2
 1343 006c 1C000000 		.4byte	.LVL6
 1344 0070 0100     		.2byte	0x1
 1345 0072 50       		.byte	0x50
 1346 0073 00000000 		.4byte	0
 1347 0077 00000000 		.4byte	0
 1348              	.LLST4:
 1349 007b 08000000 		.4byte	.LVL3
 1350 007f 1A000000 		.4byte	.LVL5
 1351 0083 0100     		.2byte	0x1
 1352 0085 51       		.byte	0x51
 1353 0086 1A000000 		.4byte	.LVL5
 1354 008a 1C000000 		.4byte	.LVL6
 1355 008e 0200     		.2byte	0x2
 1356 0090 70       		.byte	0x70
 1357 0091 00       		.sleb128 0
 1358 0092 00000000 		.4byte	0
 1359 0096 00000000 		.4byte	0
 1360              	.LLST5:
 1361 009a 08000000 		.4byte	.LVL3
 1362 009e 1C000000 		.4byte	.LVL6
 1363 00a2 0100     		.2byte	0x1
ARM GAS  /tmp/cczM1923.s 			page 25


 1364 00a4 50       		.byte	0x50
 1365 00a5 00000000 		.4byte	0
 1366 00a9 00000000 		.4byte	0
 1367              	.LLST7:
 1368 00ad 00000000 		.4byte	.LVL7
 1369 00b1 06000000 		.4byte	.LVL8
 1370 00b5 0100     		.2byte	0x1
 1371 00b7 50       		.byte	0x50
 1372 00b8 06000000 		.4byte	.LVL8
 1373 00bc 15000000 		.4byte	.LVL11-1
 1374 00c0 0100     		.2byte	0x1
 1375 00c2 53       		.byte	0x53
 1376 00c3 15000000 		.4byte	.LVL11-1
 1377 00c7 18000000 		.4byte	.LFE9
 1378 00cb 0400     		.2byte	0x4
 1379 00cd F3       		.byte	0xf3
 1380 00ce 01       		.uleb128 0x1
 1381 00cf 50       		.byte	0x50
 1382 00d0 9F       		.byte	0x9f
 1383 00d1 00000000 		.4byte	0
 1384 00d5 00000000 		.4byte	0
 1385              	.LLST8:
 1386 00d9 06000000 		.4byte	.LVL8
 1387 00dd 14000000 		.4byte	.LVL10
 1388 00e1 0100     		.2byte	0x1
 1389 00e3 50       		.byte	0x50
 1390 00e4 14000000 		.4byte	.LVL10
 1391 00e8 15000000 		.4byte	.LVL11-1
 1392 00ec 0200     		.2byte	0x2
 1393 00ee 73       		.byte	0x73
 1394 00ef 00       		.sleb128 0
 1395 00f0 16000000 		.4byte	.LVL11
 1396 00f4 18000000 		.4byte	.LFE9
 1397 00f8 0100     		.2byte	0x1
 1398 00fa 50       		.byte	0x50
 1399 00fb 00000000 		.4byte	0
 1400 00ff 00000000 		.4byte	0
 1401              	.LLST9:
 1402 0103 00000000 		.4byte	.LVL12
 1403 0107 0C000000 		.4byte	.LVL14
 1404 010b 0100     		.2byte	0x1
 1405 010d 50       		.byte	0x50
 1406 010e 0C000000 		.4byte	.LVL14
 1407 0112 23000000 		.4byte	.LVL16-1
 1408 0116 0100     		.2byte	0x1
 1409 0118 52       		.byte	0x52
 1410 0119 23000000 		.4byte	.LVL16-1
 1411 011d 2C000000 		.4byte	.LFE10
 1412 0121 0400     		.2byte	0x4
 1413 0123 F3       		.byte	0xf3
 1414 0124 01       		.uleb128 0x1
 1415 0125 50       		.byte	0x50
 1416 0126 9F       		.byte	0x9f
 1417 0127 00000000 		.4byte	0
 1418 012b 00000000 		.4byte	0
 1419              	.LLST10:
 1420 012f 0A000000 		.4byte	.LVL13
ARM GAS  /tmp/cczM1923.s 			page 26


 1421 0133 0C000000 		.4byte	.LVL14
 1422 0137 0100     		.2byte	0x1
 1423 0139 50       		.byte	0x50
 1424 013a 0C000000 		.4byte	.LVL14
 1425 013e 23000000 		.4byte	.LVL16-1
 1426 0142 0100     		.2byte	0x1
 1427 0144 52       		.byte	0x52
 1428 0145 23000000 		.4byte	.LVL16-1
 1429 0149 2C000000 		.4byte	.LFE10
 1430 014d 0400     		.2byte	0x4
 1431 014f F3       		.byte	0xf3
 1432 0150 01       		.uleb128 0x1
 1433 0151 50       		.byte	0x50
 1434 0152 9F       		.byte	0x9f
 1435 0153 00000000 		.4byte	0
 1436 0157 00000000 		.4byte	0
 1437              	.LLST11:
 1438 015b 0C000000 		.4byte	.LVL14
 1439 015f 22000000 		.4byte	.LVL15
 1440 0163 0100     		.2byte	0x1
 1441 0165 50       		.byte	0x50
 1442 0166 22000000 		.4byte	.LVL15
 1443 016a 23000000 		.4byte	.LVL16-1
 1444 016e 0200     		.2byte	0x2
 1445 0170 72       		.byte	0x72
 1446 0171 00       		.sleb128 0
 1447 0172 24000000 		.4byte	.LVL16
 1448 0176 2C000000 		.4byte	.LFE10
 1449 017a 0100     		.2byte	0x1
 1450 017c 50       		.byte	0x50
 1451 017d 00000000 		.4byte	0
 1452 0181 00000000 		.4byte	0
 1453              		.section	.debug_aranges,"",%progbits
 1454 0000 44000000 		.4byte	0x44
 1455 0004 0200     		.2byte	0x2
 1456 0006 00000000 		.4byte	.Ldebug_info0
 1457 000a 04       		.byte	0x4
 1458 000b 00       		.byte	0
 1459 000c 0000     		.2byte	0
 1460 000e 0000     		.2byte	0
 1461 0010 00000000 		.4byte	.LFB7
 1462 0014 0A000000 		.4byte	.LFE7-.LFB7
 1463 0018 00000000 		.4byte	.LFB8
 1464 001c 1E000000 		.4byte	.LFE8-.LFB8
 1465 0020 00000000 		.4byte	.LFB9
 1466 0024 18000000 		.4byte	.LFE9-.LFB9
 1467 0028 00000000 		.4byte	.LFB10
 1468 002c 2C000000 		.4byte	.LFE10-.LFB10
 1469 0030 00000000 		.4byte	.LFB11
 1470 0034 08000000 		.4byte	.LFE11-.LFB11
 1471 0038 00000000 		.4byte	.LFB12
 1472 003c 14000000 		.4byte	.LFE12-.LFB12
 1473 0040 00000000 		.4byte	0
 1474 0044 00000000 		.4byte	0
 1475              		.section	.debug_ranges,"",%progbits
 1476              	.Ldebug_ranges0:
 1477 0000 08000000 		.4byte	.LBB18
ARM GAS  /tmp/cczM1923.s 			page 27


 1478 0004 0C000000 		.4byte	.LBE18
 1479 0008 0E000000 		.4byte	.LBB22
 1480 000c 10000000 		.4byte	.LBE22
 1481 0010 00000000 		.4byte	0
 1482 0014 00000000 		.4byte	0
 1483 0018 0C000000 		.4byte	.LBB21
 1484 001c 0E000000 		.4byte	.LBE21
 1485 0020 10000000 		.4byte	.LBB23
 1486 0024 14000000 		.4byte	.LBE23
 1487 0028 00000000 		.4byte	0
 1488 002c 00000000 		.4byte	0
 1489 0030 0A000000 		.4byte	.LBB25
 1490 0034 12000000 		.4byte	.LBE25
 1491 0038 1A000000 		.4byte	.LBB29
 1492 003c 24000000 		.4byte	.LBE29
 1493 0040 00000000 		.4byte	0
 1494 0044 00000000 		.4byte	0
 1495 0048 12000000 		.4byte	.LBB28
 1496 004c 18000000 		.4byte	.LBE28
 1497 0050 24000000 		.4byte	.LBB30
 1498 0054 2A000000 		.4byte	.LBE30
 1499 0058 00000000 		.4byte	0
 1500 005c 00000000 		.4byte	0
 1501 0060 06000000 		.4byte	.LBB32
 1502 0064 0A000000 		.4byte	.LBE32
 1503 0068 0C000000 		.4byte	.LBB36
 1504 006c 0E000000 		.4byte	.LBE36
 1505 0070 00000000 		.4byte	0
 1506 0074 00000000 		.4byte	0
 1507 0078 0A000000 		.4byte	.LBB35
 1508 007c 0C000000 		.4byte	.LBE35
 1509 0080 0E000000 		.4byte	.LBB37
 1510 0084 14000000 		.4byte	.LBE37
 1511 0088 00000000 		.4byte	0
 1512 008c 00000000 		.4byte	0
 1513 0090 00000000 		.4byte	.LFB7
 1514 0094 0A000000 		.4byte	.LFE7
 1515 0098 00000000 		.4byte	.LFB8
 1516 009c 1E000000 		.4byte	.LFE8
 1517 00a0 00000000 		.4byte	.LFB9
 1518 00a4 18000000 		.4byte	.LFE9
 1519 00a8 00000000 		.4byte	.LFB10
 1520 00ac 2C000000 		.4byte	.LFE10
 1521 00b0 00000000 		.4byte	.LFB11
 1522 00b4 08000000 		.4byte	.LFE11
 1523 00b8 00000000 		.4byte	.LFB12
 1524 00bc 14000000 		.4byte	.LFE12
 1525 00c0 00000000 		.4byte	0
 1526 00c4 00000000 		.4byte	0
 1527              		.section	.debug_line,"",%progbits
 1528              	.Ldebug_line0:
 1529 0000 98010000 		.section	.debug_str,"MS",%progbits,1
 1529      0200F000 
 1529      00000201 
 1529      FB0E0D00 
 1529      01010101 
 1530              	.LASF2:
ARM GAS  /tmp/cczM1923.s 			page 28


 1531 0000 73697A65 		.ascii	"size_t\000"
 1531      5F7400
 1532              	.LASF17:
 1533 0007 6D705F6F 		.ascii	"mp_object_size\000"
 1533      626A6563 
 1533      745F7369 
 1533      7A6500
 1534              	.LASF27:
 1535 0016 6368506F 		.ascii	"chPoolLoadArray\000"
 1535      6F6C4C6F 
 1535      61644172 
 1535      72617900 
 1536              	.LASF31:
 1537 0026 706F6F6C 		.ascii	"pool_header\000"
 1537      5F686561 
 1537      64657200 
 1538              	.LASF29:
 1539 0032 2E2E2F41 		.ascii	"../AithonLibrary/ChibiOS/os/kernel/src/chmempools.c"
 1539      6974686F 
 1539      6E4C6962 
 1539      72617279 
 1539      2F436869 
 1540 0065 00       		.ascii	"\000"
 1541              	.LASF24:
 1542 0066 73697A65 		.ascii	"size\000"
 1542      00
 1543              	.LASF9:
 1544 006b 6C6F6E67 		.ascii	"long unsigned int\000"
 1544      20756E73 
 1544      69676E65 
 1544      6420696E 
 1544      7400
 1545              	.LASF6:
 1546 007d 73686F72 		.ascii	"short unsigned int\000"
 1546      7420756E 
 1546      7369676E 
 1546      65642069 
 1546      6E7400
 1547              	.LASF25:
 1548 0090 70726F76 		.ascii	"provider\000"
 1548      69646572 
 1548      00
 1549              	.LASF22:
 1550 0099 6368506F 		.ascii	"chPoolFreeI\000"
 1550      6F6C4672 
 1550      65654900 
 1551              	.LASF4:
 1552 00a5 756E7369 		.ascii	"unsigned char\000"
 1552      676E6564 
 1552      20636861 
 1552      7200
 1553              	.LASF30:
 1554 00b3 2F686F6D 		.ascii	"/home/brian/aithon/ProjectTemplate\000"
 1554      652F6272 
 1554      69616E2F 
 1554      61697468 
 1554      6F6E2F50 
ARM GAS  /tmp/cczM1923.s 			page 29


 1555              	.LASF23:
 1556 00d6 6368506F 		.ascii	"chPoolFree\000"
 1556      6F6C4672 
 1556      656500
 1557              	.LASF19:
 1558 00e1 4D656D6F 		.ascii	"MemoryPool\000"
 1558      7279506F 
 1558      6F6C00
 1559              	.LASF21:
 1560 00ec 6F626A70 		.ascii	"objp\000"
 1560      00
 1561              	.LASF32:
 1562 00f1 6368506F 		.ascii	"chPoolAllocI\000"
 1562      6F6C416C 
 1562      6C6F6349 
 1562      00
 1563              	.LASF28:
 1564 00fe 474E5520 		.ascii	"GNU C 4.8.3 20131129 (release) [ARM/embedded-4_8-br"
 1564      4320342E 
 1564      382E3320 
 1564      32303133 
 1564      31313239 
 1565 0131 616E6368 		.ascii	"anch revision 205641] -mcpu=cortex-m4 -mfloat-abi=s"
 1565      20726576 
 1565      6973696F 
 1565      6E203230 
 1565      35363431 
 1566 0164 6F667466 		.ascii	"oftfp -mfpu=fpv4-sp-d16 -mno-thumb-interwork -mthum"
 1566      70202D6D 
 1566      6670753D 
 1566      66707634 
 1566      2D73702D 
 1567 0197 62202D67 		.ascii	"b -ggdb -O2 -fomit-frame-pointer -falign-functions="
 1567      67646220 
 1567      2D4F3220 
 1567      2D666F6D 
 1567      69742D66 
 1568 01ca 3136202D 		.ascii	"16 -fsingle-precision-constant -ffunction-sections "
 1568      6673696E 
 1568      676C652D 
 1568      70726563 
 1568      6973696F 
 1569 01fd 2D666461 		.ascii	"-fdata-sections -fno-common\000"
 1569      74612D73 
 1569      65637469 
 1569      6F6E7320 
 1569      2D666E6F 
 1570              	.LASF0:
 1571 0219 756E7369 		.ascii	"unsigned int\000"
 1571      676E6564 
 1571      20696E74 
 1571      00
 1572              	.LASF11:
 1573 0226 6C6F6E67 		.ascii	"long long unsigned int\000"
 1573      206C6F6E 
 1573      6720756E 
 1573      7369676E 
ARM GAS  /tmp/cczM1923.s 			page 30


 1573      65642069 
 1574              	.LASF3:
 1575 023d 75696E74 		.ascii	"uint8_t\000"
 1575      385F7400 
 1576              	.LASF15:
 1577 0245 70685F6E 		.ascii	"ph_next\000"
 1577      65787400 
 1578              	.LASF13:
 1579 024d 73697A65 		.ascii	"sizetype\000"
 1579      74797065 
 1579      00
 1580              	.LASF10:
 1581 0256 6C6F6E67 		.ascii	"long long int\000"
 1581      206C6F6E 
 1581      6720696E 
 1581      7400
 1582              	.LASF20:
 1583 0264 63686172 		.ascii	"char\000"
 1583      00
 1584              	.LASF14:
 1585 0269 6D656D67 		.ascii	"memgetfunc_t\000"
 1585      65746675 
 1585      6E635F74 
 1585      00
 1586              	.LASF18:
 1587 0276 6D705F70 		.ascii	"mp_provider\000"
 1587      726F7669 
 1587      64657200 
 1588              	.LASF5:
 1589 0282 73686F72 		.ascii	"short int\000"
 1589      7420696E 
 1589      7400
 1590              	.LASF33:
 1591 028c 6368506F 		.ascii	"chPoolAlloc\000"
 1591      6F6C416C 
 1591      6C6F6300 
 1592              	.LASF8:
 1593 0298 75696E74 		.ascii	"uint32_t\000"
 1593      33325F74 
 1593      00
 1594              	.LASF7:
 1595 02a1 6C6F6E67 		.ascii	"long int\000"
 1595      20696E74 
 1595      00
 1596              	.LASF1:
 1597 02aa 7369676E 		.ascii	"signed char\000"
 1597      65642063 
 1597      68617200 
 1598              	.LASF16:
 1599 02b6 6D705F6E 		.ascii	"mp_next\000"
 1599      65787400 
 1600              	.LASF12:
 1601 02be 5F426F6F 		.ascii	"_Bool\000"
 1601      6C00
 1602              	.LASF26:
 1603 02c4 6368506F 		.ascii	"chPoolInit\000"
 1603      6F6C496E 
ARM GAS  /tmp/cczM1923.s 			page 31


 1603      697400
 1604              		.ident	"GCC: (GNU Tools for ARM Embedded Processors) 4.8.3 20131129 (release) [ARM/embedded-4_8-br
ARM GAS  /tmp/cczM1923.s 			page 32


DEFINED SYMBOLS
                            *ABS*:0000000000000000 chmempools.c
     /tmp/cczM1923.s:20     .text.chPoolInit:0000000000000000 $t
     /tmp/cczM1923.s:26     .text.chPoolInit:0000000000000000 chPoolInit
     /tmp/cczM1923.s:48     .text.chPoolLoadArray:0000000000000000 $t
     /tmp/cczM1923.s:54     .text.chPoolLoadArray:0000000000000000 chPoolLoadArray
     /tmp/cczM1923.s:118    .text.chPoolAllocI:0000000000000000 $t
     /tmp/cczM1923.s:124    .text.chPoolAllocI:0000000000000000 chPoolAllocI
     /tmp/cczM1923.s:162    .text.chPoolAlloc:0000000000000000 $t
     /tmp/cczM1923.s:168    .text.chPoolAlloc:0000000000000000 chPoolAlloc
     /tmp/cczM1923.s:240    .text.chPoolFreeI:0000000000000000 $t
     /tmp/cczM1923.s:246    .text.chPoolFreeI:0000000000000000 chPoolFreeI
     /tmp/cczM1923.s:264    .text.chPoolFree:0000000000000000 $t
     /tmp/cczM1923.s:270    .text.chPoolFree:0000000000000000 chPoolFree
                     .debug_frame:0000000000000010 $d

NO UNDEFINED SYMBOLS
