ARM GAS  /tmp/cc2tWnDU.s 			page 1


   1              		.syntax unified
   2              		.cpu cortex-m4
   3              		.eabi_attribute 27, 3
   4              		.fpu fpv4-sp-d16
   5              		.eabi_attribute 20, 1
   6              		.eabi_attribute 21, 1
   7              		.eabi_attribute 23, 3
   8              		.eabi_attribute 24, 1
   9              		.eabi_attribute 25, 1
  10              		.eabi_attribute 26, 1
  11              		.eabi_attribute 30, 2
  12              		.eabi_attribute 34, 1
  13              		.eabi_attribute 18, 4
  14              		.thumb
  15              		.file	"chmemcore.c"
  16              		.text
  17              	.Ltext0:
  18              		.cfi_sections	.debug_frame
  19              		.section	.text._core_init,"ax",%progbits
  20              		.align	2
  21              		.p2align 4,,15
  22              		.global	_core_init
  23              		.thumb
  24              		.thumb_func
  25              		.type	_core_init, %function
  26              	_core_init:
  27              	.LFB7:
  28              		.file 1 "../AithonLibrary/ChibiOS/os/kernel/src/chmemcore.c"
  29              		.loc 1 66 0
  30              		.cfi_startproc
  31              		@ args = 0, pretend = 0, frame = 0
  32              		@ frame_needed = 0, uses_anonymous_args = 0
  33              		@ link register save eliminated.
  34              		.loc 1 70 0
  35 0000 0548     		ldr	r0, .L2
  36              		.loc 1 71 0
  37 0002 064A     		ldr	r2, .L2+4
  38              		.loc 1 70 0
  39 0004 0649     		ldr	r1, .L2+8
  40              		.loc 1 71 0
  41 0006 074B     		ldr	r3, .L2+12
  42              		.loc 1 70 0
  43 0008 20F00700 		bic	r0, r0, #7
  44              		.loc 1 71 0
  45 000c 22F00702 		bic	r2, r2, #7
  46              		.loc 1 70 0
  47 0010 0860     		str	r0, [r1]
  48              		.loc 1 71 0
  49 0012 1A60     		str	r2, [r3]
  50 0014 7047     		bx	lr
  51              	.L3:
  52 0016 00BF     		.align	2
  53              	.L2:
  54 0018 07000000 		.word	__heap_base__+7
  55 001c 00000000 		.word	__heap_end__
  56 0020 00000000 		.word	.LANCHOR0
  57 0024 00000000 		.word	.LANCHOR1
ARM GAS  /tmp/cc2tWnDU.s 			page 2


  58              		.cfi_endproc
  59              	.LFE7:
  60              		.size	_core_init, .-_core_init
  61 0028 AFF30080 		.section	.text.chCoreAlloc,"ax",%progbits
  61      AFF30080 
  62              		.align	2
  63              		.p2align 4,,15
  64              		.global	chCoreAlloc
  65              		.thumb
  66              		.thumb_func
  67              		.type	chCoreAlloc, %function
  68              	chCoreAlloc:
  69              	.LFB8:
  70              		.loc 1 91 0
  71              		.cfi_startproc
  72              		@ args = 0, pretend = 0, frame = 0
  73              		@ frame_needed = 0, uses_anonymous_args = 0
  74              		@ link register save eliminated.
  75              	.LVL0:
  76              	.LBB6:
  77              		.loc 1 94 0
  78 0000 2023     		movs	r3, #32
  79              	@ 94 "../AithonLibrary/ChibiOS/os/kernel/src/chmemcore.c" 1
  80 0002 83F31188 		msr     BASEPRI, r3
  81              	@ 0 "" 2
  82              	.LVL1:
  83              		.thumb
  84              	.LBE6:
  85              	.LBB7:
  86              	.LBB8:
  87              		.loc 1 118 0
  88 0006 094A     		ldr	r2, .L7
  89 0008 0949     		ldr	r1, .L7+4
  90 000a 1368     		ldr	r3, [r2]
  91 000c 0968     		ldr	r1, [r1]
  92              		.loc 1 117 0
  93 000e 0730     		adds	r0, r0, #7
  94              	.LVL2:
  95 0010 20F00700 		bic	r0, r0, #7
  96              	.LVL3:
  97              		.loc 1 118 0
  98 0014 C91A     		subs	r1, r1, r3
  99 0016 8842     		cmp	r0, r1
 100              	.LVL4:
 101              		.loc 1 121 0
 102 0018 9BBF     		ittet	ls
 103 001a C018     		addls	r0, r0, r3
 104              	.LVL5:
 105 001c 1060     		strls	r0, [r2]
 106              		.loc 1 119 0
 107 001e 0020     		movhi	r0, #0
 108              		.loc 1 122 0
 109 0020 1846     		movls	r0, r3
 110              	.LBE8:
 111              	.LBE7:
 112              	.LBB9:
 113              		.loc 1 96 0
ARM GAS  /tmp/cc2tWnDU.s 			page 3


 114 0022 0023     		movs	r3, #0
 115              	.LVL6:
 116              	@ 96 "../AithonLibrary/ChibiOS/os/kernel/src/chmemcore.c" 1
 117 0024 83F31188 		msr     BASEPRI, r3
 118              	@ 0 "" 2
 119              		.thumb
 120              	.LBE9:
 121              		.loc 1 98 0
 122 0028 7047     		bx	lr
 123              	.L8:
 124 002a 00BF     		.align	2
 125              	.L7:
 126 002c 00000000 		.word	.LANCHOR0
 127 0030 00000000 		.word	.LANCHOR1
 128              		.cfi_endproc
 129              	.LFE8:
 130              		.size	chCoreAlloc, .-chCoreAlloc
 131 0034 AFF30080 		.section	.text.chCoreAllocI,"ax",%progbits
 131      AFF30080 
 131      AFF30080 
 132              		.align	2
 133              		.p2align 4,,15
 134              		.global	chCoreAllocI
 135              		.thumb
 136              		.thumb_func
 137              		.type	chCoreAllocI, %function
 138              	chCoreAllocI:
 139              	.LFB9:
 140              		.loc 1 112 0
 141              		.cfi_startproc
 142              		@ args = 0, pretend = 0, frame = 0
 143              		@ frame_needed = 0, uses_anonymous_args = 0
 144              		@ link register save eliminated.
 145              	.LVL7:
 146              		.loc 1 118 0
 147 0000 074A     		ldr	r2, .L13
 148 0002 0849     		ldr	r1, .L13+4
 149 0004 1368     		ldr	r3, [r2]
 150 0006 0968     		ldr	r1, [r1]
 151              		.loc 1 117 0
 152 0008 0730     		adds	r0, r0, #7
 153              	.LVL8:
 154 000a 20F00700 		bic	r0, r0, #7
 155              	.LVL9:
 156              		.loc 1 118 0
 157 000e C91A     		subs	r1, r1, r3
 158 0010 8842     		cmp	r0, r1
 159 0012 03D8     		bhi	.L11
 160              	.LVL10:
 161              		.loc 1 121 0
 162 0014 1844     		add	r0, r0, r3
 163              	.LVL11:
 164 0016 1060     		str	r0, [r2]
 165              		.loc 1 122 0
 166 0018 1846     		mov	r0, r3
 167 001a 7047     		bx	lr
 168              	.LVL12:
ARM GAS  /tmp/cc2tWnDU.s 			page 4


 169              	.L11:
 170              		.loc 1 119 0
 171 001c 0020     		movs	r0, #0
 172              	.LVL13:
 173              		.loc 1 123 0
 174 001e 7047     		bx	lr
 175              	.L14:
 176              		.align	2
 177              	.L13:
 178 0020 00000000 		.word	.LANCHOR0
 179 0024 00000000 		.word	.LANCHOR1
 180              		.cfi_endproc
 181              	.LFE9:
 182              		.size	chCoreAllocI, .-chCoreAllocI
 183 0028 AFF30080 		.section	.text.chCoreStatus,"ax",%progbits
 183      AFF30080 
 184              		.align	2
 185              		.p2align 4,,15
 186              		.global	chCoreStatus
 187              		.thumb
 188              		.thumb_func
 189              		.type	chCoreStatus, %function
 190              	chCoreStatus:
 191              	.LFB10:
 192              		.loc 1 132 0
 193              		.cfi_startproc
 194              		@ args = 0, pretend = 0, frame = 0
 195              		@ frame_needed = 0, uses_anonymous_args = 0
 196              		@ link register save eliminated.
 197              		.loc 1 134 0
 198 0000 024A     		ldr	r2, .L16
 199 0002 034B     		ldr	r3, .L16+4
 200 0004 1068     		ldr	r0, [r2]
 201 0006 1B68     		ldr	r3, [r3]
 202              		.loc 1 135 0
 203 0008 C01A     		subs	r0, r0, r3
 204 000a 7047     		bx	lr
 205              	.L17:
 206              		.align	2
 207              	.L16:
 208 000c 00000000 		.word	.LANCHOR1
 209 0010 00000000 		.word	.LANCHOR0
 210              		.cfi_endproc
 211              	.LFE10:
 212              		.size	chCoreStatus, .-chCoreStatus
 213 0014 AFF30080 		.section	.bss.endmem,"aw",%nobits
 213      AFF30080 
 213      AFF30080 
 214              		.align	2
 215              		.set	.LANCHOR1,. + 0
 216              		.type	endmem, %object
 217              		.size	endmem, 4
 218              	endmem:
 219 0000 00000000 		.space	4
 220              		.section	.bss.nextmem,"aw",%nobits
 221              		.align	2
 222              		.set	.LANCHOR0,. + 0
ARM GAS  /tmp/cc2tWnDU.s 			page 5


 223              		.type	nextmem, %object
 224              		.size	nextmem, 4
 225              	nextmem:
 226 0000 00000000 		.space	4
 227              		.text
 228              	.Letext0:
 229              		.file 2 "/usr/lib/gcc/arm-none-eabi/4.8.3/include/stddef.h"
 230              		.file 3 "/usr/arm-none-eabi/include/stdint.h"
 231              		.section	.debug_info,"",%progbits
 232              	.Ldebug_info0:
 233 0000 09020000 		.4byte	0x209
 234 0004 0400     		.2byte	0x4
 235 0006 00000000 		.4byte	.Ldebug_abbrev0
 236 000a 04       		.byte	0x4
 237 000b 01       		.uleb128 0x1
 238 000c 4D010000 		.4byte	.LASF19
 239 0010 01       		.byte	0x1
 240 0011 3D000000 		.4byte	.LASF20
 241 0015 FA000000 		.4byte	.LASF21
 242 0019 00000000 		.4byte	.Ldebug_ranges0+0
 243 001d 00000000 		.4byte	0
 244 0021 00000000 		.4byte	.Ldebug_line0
 245 0025 02       		.uleb128 0x2
 246 0026 04       		.byte	0x4
 247 0027 05       		.byte	0x5
 248 0028 696E7400 		.ascii	"int\000"
 249 002c 03       		.uleb128 0x3
 250 002d 21000000 		.4byte	.LASF2
 251 0031 02       		.byte	0x2
 252 0032 D4       		.byte	0xd4
 253 0033 37000000 		.4byte	0x37
 254 0037 04       		.uleb128 0x4
 255 0038 04       		.byte	0x4
 256 0039 07       		.byte	0x7
 257 003a 40010000 		.4byte	.LASF0
 258 003e 04       		.uleb128 0x4
 259 003f 01       		.byte	0x1
 260 0040 06       		.byte	0x6
 261 0041 68020000 		.4byte	.LASF1
 262 0045 03       		.uleb128 0x3
 263 0046 A7000000 		.4byte	.LASF3
 264 004a 03       		.byte	0x3
 265 004b 2A       		.byte	0x2a
 266 004c 50000000 		.4byte	0x50
 267 0050 04       		.uleb128 0x4
 268 0051 01       		.byte	0x1
 269 0052 08       		.byte	0x8
 270 0053 AF000000 		.4byte	.LASF4
 271 0057 04       		.uleb128 0x4
 272 0058 02       		.byte	0x2
 273 0059 05       		.byte	0x5
 274 005a 36010000 		.4byte	.LASF5
 275 005e 04       		.uleb128 0x4
 276 005f 02       		.byte	0x2
 277 0060 07       		.byte	0x7
 278 0061 0E000000 		.4byte	.LASF6
 279 0065 04       		.uleb128 0x4
ARM GAS  /tmp/cc2tWnDU.s 			page 6


 280 0066 04       		.byte	0x4
 281 0067 05       		.byte	0x5
 282 0068 D7000000 		.4byte	.LASF7
 283 006c 03       		.uleb128 0x3
 284 006d CE000000 		.4byte	.LASF8
 285 0071 03       		.byte	0x3
 286 0072 50       		.byte	0x50
 287 0073 77000000 		.4byte	0x77
 288 0077 04       		.uleb128 0x4
 289 0078 04       		.byte	0x4
 290 0079 07       		.byte	0x7
 291 007a 7E000000 		.4byte	.LASF9
 292 007e 04       		.uleb128 0x4
 293 007f 08       		.byte	0x8
 294 0080 05       		.byte	0x5
 295 0081 00000000 		.4byte	.LASF10
 296 0085 04       		.uleb128 0x4
 297 0086 08       		.byte	0x8
 298 0087 07       		.byte	0x7
 299 0088 90000000 		.4byte	.LASF11
 300 008c 04       		.uleb128 0x4
 301 008d 01       		.byte	0x1
 302 008e 02       		.byte	0x2
 303 008f E0000000 		.4byte	.LASF12
 304 0093 05       		.uleb128 0x5
 305 0094 04       		.byte	0x4
 306 0095 04       		.uleb128 0x4
 307 0096 04       		.byte	0x4
 308 0097 07       		.byte	0x7
 309 0098 2D010000 		.4byte	.LASF13
 310 009c 04       		.uleb128 0x4
 311 009d 01       		.byte	0x1
 312 009e 08       		.byte	0x8
 313 009f BD000000 		.4byte	.LASF14
 314 00a3 06       		.uleb128 0x6
 315 00a4 04       		.byte	0x4
 316 00a5 45000000 		.4byte	0x45
 317 00a9 07       		.uleb128 0x7
 318 00aa ED000000 		.4byte	.LASF22
 319 00ae 01       		.byte	0x1
 320 00af 70       		.byte	0x70
 321 00b0 93000000 		.4byte	0x93
 322 00b4 01       		.byte	0x1
 323 00b5 CE000000 		.4byte	0xce
 324 00b9 08       		.uleb128 0x8
 325 00ba 1D010000 		.4byte	.LASF23
 326 00be 01       		.byte	0x1
 327 00bf 70       		.byte	0x70
 328 00c0 2C000000 		.4byte	0x2c
 329 00c4 09       		.uleb128 0x9
 330 00c5 7000     		.ascii	"p\000"
 331 00c7 01       		.byte	0x1
 332 00c8 71       		.byte	0x71
 333 00c9 93000000 		.4byte	0x93
 334 00cd 00       		.byte	0
 335 00ce 0A       		.uleb128 0xa
 336 00cf 22010000 		.4byte	.LASF24
ARM GAS  /tmp/cc2tWnDU.s 			page 7


 337 00d3 01       		.byte	0x1
 338 00d4 42       		.byte	0x42
 339 00d5 00000000 		.4byte	.LFB7
 340 00d9 28000000 		.4byte	.LFE7-.LFB7
 341 00dd 01       		.uleb128 0x1
 342 00de 9C       		.byte	0x9c
 343 00df FA000000 		.4byte	0xfa
 344 00e3 0B       		.uleb128 0xb
 345 00e4 70000000 		.4byte	.LASF15
 346 00e8 01       		.byte	0x1
 347 00e9 44       		.byte	0x44
 348 00ea FA000000 		.4byte	0xfa
 349 00ee 0B       		.uleb128 0xb
 350 00ef 30000000 		.4byte	.LASF16
 351 00f3 01       		.byte	0x1
 352 00f4 45       		.byte	0x45
 353 00f5 FA000000 		.4byte	0xfa
 354 00f9 00       		.byte	0
 355 00fa 0C       		.uleb128 0xc
 356 00fb 45000000 		.4byte	0x45
 357 00ff 05010000 		.4byte	0x105
 358 0103 0D       		.uleb128 0xd
 359 0104 00       		.byte	0
 360 0105 0E       		.uleb128 0xe
 361 0106 C2000000 		.4byte	.LASF25
 362 010a 01       		.byte	0x1
 363 010b 5B       		.byte	0x5b
 364 010c 93000000 		.4byte	0x93
 365 0110 00000000 		.4byte	.LFB8
 366 0114 34000000 		.4byte	.LFE8-.LFB8
 367 0118 01       		.uleb128 0x1
 368 0119 9C       		.byte	0x9c
 369 011a 99010000 		.4byte	0x199
 370 011e 0F       		.uleb128 0xf
 371 011f 1D010000 		.4byte	.LASF23
 372 0123 01       		.byte	0x1
 373 0124 5B       		.byte	0x5b
 374 0125 2C000000 		.4byte	0x2c
 375 0129 00000000 		.4byte	.LLST0
 376 012d 09       		.uleb128 0x9
 377 012e 7000     		.ascii	"p\000"
 378 0130 01       		.byte	0x1
 379 0131 5C       		.byte	0x5c
 380 0132 93000000 		.4byte	0x93
 381 0136 10       		.uleb128 0x10
 382 0137 00000000 		.4byte	.LBB6
 383 013b 06000000 		.4byte	.LBE6-.LBB6
 384 013f 51010000 		.4byte	0x151
 385 0143 11       		.uleb128 0x11
 386 0144 746D7000 		.ascii	"tmp\000"
 387 0148 01       		.byte	0x1
 388 0149 5E       		.byte	0x5e
 389 014a 6C000000 		.4byte	0x6c
 390 014e 01       		.uleb128 0x1
 391 014f 53       		.byte	0x53
 392 0150 00       		.byte	0
 393 0151 12       		.uleb128 0x12
ARM GAS  /tmp/cc2tWnDU.s 			page 8


 394 0152 A9000000 		.4byte	0xa9
 395 0156 06000000 		.4byte	.LBB7
 396 015a 1C000000 		.4byte	.LBE7-.LBB7
 397 015e 01       		.byte	0x1
 398 015f 5F       		.byte	0x5f
 399 0160 81010000 		.4byte	0x181
 400 0164 13       		.uleb128 0x13
 401 0165 B9000000 		.4byte	0xb9
 402 0169 2E000000 		.4byte	.LLST1
 403 016d 14       		.uleb128 0x14
 404 016e 06000000 		.4byte	.LBB8
 405 0172 1C000000 		.4byte	.LBE8-.LBB8
 406 0176 15       		.uleb128 0x15
 407 0177 C4000000 		.4byte	0xc4
 408 017b 6C000000 		.4byte	.LLST2
 409 017f 00       		.byte	0
 410 0180 00       		.byte	0
 411 0181 14       		.uleb128 0x14
 412 0182 22000000 		.4byte	.LBB9
 413 0186 06000000 		.4byte	.LBE9-.LBB9
 414 018a 11       		.uleb128 0x11
 415 018b 746D7000 		.ascii	"tmp\000"
 416 018f 01       		.byte	0x1
 417 0190 60       		.byte	0x60
 418 0191 6C000000 		.4byte	0x6c
 419 0195 01       		.uleb128 0x1
 420 0196 53       		.byte	0x53
 421 0197 00       		.byte	0
 422 0198 00       		.byte	0
 423 0199 16       		.uleb128 0x16
 424 019a A9000000 		.4byte	0xa9
 425 019e 00000000 		.4byte	.LFB9
 426 01a2 28000000 		.4byte	.LFE9-.LFB9
 427 01a6 01       		.uleb128 0x1
 428 01a7 9C       		.byte	0x9c
 429 01a8 BF010000 		.4byte	0x1bf
 430 01ac 13       		.uleb128 0x13
 431 01ad B9000000 		.4byte	0xb9
 432 01b1 8E000000 		.4byte	.LLST3
 433 01b5 15       		.uleb128 0x15
 434 01b6 C4000000 		.4byte	0xc4
 435 01ba EA000000 		.4byte	.LLST4
 436 01be 00       		.byte	0
 437 01bf 17       		.uleb128 0x17
 438 01c0 74020000 		.4byte	.LASF26
 439 01c4 01       		.byte	0x1
 440 01c5 84       		.byte	0x84
 441 01c6 2C000000 		.4byte	0x2c
 442 01ca 00000000 		.4byte	.LFB10
 443 01ce 14000000 		.4byte	.LFE10-.LFB10
 444 01d2 01       		.uleb128 0x1
 445 01d3 9C       		.byte	0x9c
 446 01d4 18       		.uleb128 0x18
 447 01d5 28000000 		.4byte	.LASF17
 448 01d9 01       		.byte	0x1
 449 01da 3A       		.byte	0x3a
 450 01db A3000000 		.4byte	0xa3
ARM GAS  /tmp/cc2tWnDU.s 			page 9


 451 01df 05       		.uleb128 0x5
 452 01e0 03       		.byte	0x3
 453 01e1 00000000 		.4byte	nextmem
 454 01e5 18       		.uleb128 0x18
 455 01e6 E6000000 		.4byte	.LASF18
 456 01ea 01       		.byte	0x1
 457 01eb 3B       		.byte	0x3b
 458 01ec A3000000 		.4byte	0xa3
 459 01f0 05       		.uleb128 0x5
 460 01f1 03       		.byte	0x3
 461 01f2 00000000 		.4byte	endmem
 462 01f6 0B       		.uleb128 0xb
 463 01f7 70000000 		.4byte	.LASF15
 464 01fb 01       		.byte	0x1
 465 01fc 44       		.byte	0x44
 466 01fd FA000000 		.4byte	0xfa
 467 0201 0B       		.uleb128 0xb
 468 0202 30000000 		.4byte	.LASF16
 469 0206 01       		.byte	0x1
 470 0207 45       		.byte	0x45
 471 0208 FA000000 		.4byte	0xfa
 472 020c 00       		.byte	0
 473              		.section	.debug_abbrev,"",%progbits
 474              	.Ldebug_abbrev0:
 475 0000 01       		.uleb128 0x1
 476 0001 11       		.uleb128 0x11
 477 0002 01       		.byte	0x1
 478 0003 25       		.uleb128 0x25
 479 0004 0E       		.uleb128 0xe
 480 0005 13       		.uleb128 0x13
 481 0006 0B       		.uleb128 0xb
 482 0007 03       		.uleb128 0x3
 483 0008 0E       		.uleb128 0xe
 484 0009 1B       		.uleb128 0x1b
 485 000a 0E       		.uleb128 0xe
 486 000b 55       		.uleb128 0x55
 487 000c 17       		.uleb128 0x17
 488 000d 11       		.uleb128 0x11
 489 000e 01       		.uleb128 0x1
 490 000f 10       		.uleb128 0x10
 491 0010 17       		.uleb128 0x17
 492 0011 00       		.byte	0
 493 0012 00       		.byte	0
 494 0013 02       		.uleb128 0x2
 495 0014 24       		.uleb128 0x24
 496 0015 00       		.byte	0
 497 0016 0B       		.uleb128 0xb
 498 0017 0B       		.uleb128 0xb
 499 0018 3E       		.uleb128 0x3e
 500 0019 0B       		.uleb128 0xb
 501 001a 03       		.uleb128 0x3
 502 001b 08       		.uleb128 0x8
 503 001c 00       		.byte	0
 504 001d 00       		.byte	0
 505 001e 03       		.uleb128 0x3
 506 001f 16       		.uleb128 0x16
 507 0020 00       		.byte	0
ARM GAS  /tmp/cc2tWnDU.s 			page 10


 508 0021 03       		.uleb128 0x3
 509 0022 0E       		.uleb128 0xe
 510 0023 3A       		.uleb128 0x3a
 511 0024 0B       		.uleb128 0xb
 512 0025 3B       		.uleb128 0x3b
 513 0026 0B       		.uleb128 0xb
 514 0027 49       		.uleb128 0x49
 515 0028 13       		.uleb128 0x13
 516 0029 00       		.byte	0
 517 002a 00       		.byte	0
 518 002b 04       		.uleb128 0x4
 519 002c 24       		.uleb128 0x24
 520 002d 00       		.byte	0
 521 002e 0B       		.uleb128 0xb
 522 002f 0B       		.uleb128 0xb
 523 0030 3E       		.uleb128 0x3e
 524 0031 0B       		.uleb128 0xb
 525 0032 03       		.uleb128 0x3
 526 0033 0E       		.uleb128 0xe
 527 0034 00       		.byte	0
 528 0035 00       		.byte	0
 529 0036 05       		.uleb128 0x5
 530 0037 0F       		.uleb128 0xf
 531 0038 00       		.byte	0
 532 0039 0B       		.uleb128 0xb
 533 003a 0B       		.uleb128 0xb
 534 003b 00       		.byte	0
 535 003c 00       		.byte	0
 536 003d 06       		.uleb128 0x6
 537 003e 0F       		.uleb128 0xf
 538 003f 00       		.byte	0
 539 0040 0B       		.uleb128 0xb
 540 0041 0B       		.uleb128 0xb
 541 0042 49       		.uleb128 0x49
 542 0043 13       		.uleb128 0x13
 543 0044 00       		.byte	0
 544 0045 00       		.byte	0
 545 0046 07       		.uleb128 0x7
 546 0047 2E       		.uleb128 0x2e
 547 0048 01       		.byte	0x1
 548 0049 3F       		.uleb128 0x3f
 549 004a 19       		.uleb128 0x19
 550 004b 03       		.uleb128 0x3
 551 004c 0E       		.uleb128 0xe
 552 004d 3A       		.uleb128 0x3a
 553 004e 0B       		.uleb128 0xb
 554 004f 3B       		.uleb128 0x3b
 555 0050 0B       		.uleb128 0xb
 556 0051 27       		.uleb128 0x27
 557 0052 19       		.uleb128 0x19
 558 0053 49       		.uleb128 0x49
 559 0054 13       		.uleb128 0x13
 560 0055 20       		.uleb128 0x20
 561 0056 0B       		.uleb128 0xb
 562 0057 01       		.uleb128 0x1
 563 0058 13       		.uleb128 0x13
 564 0059 00       		.byte	0
ARM GAS  /tmp/cc2tWnDU.s 			page 11


 565 005a 00       		.byte	0
 566 005b 08       		.uleb128 0x8
 567 005c 05       		.uleb128 0x5
 568 005d 00       		.byte	0
 569 005e 03       		.uleb128 0x3
 570 005f 0E       		.uleb128 0xe
 571 0060 3A       		.uleb128 0x3a
 572 0061 0B       		.uleb128 0xb
 573 0062 3B       		.uleb128 0x3b
 574 0063 0B       		.uleb128 0xb
 575 0064 49       		.uleb128 0x49
 576 0065 13       		.uleb128 0x13
 577 0066 00       		.byte	0
 578 0067 00       		.byte	0
 579 0068 09       		.uleb128 0x9
 580 0069 34       		.uleb128 0x34
 581 006a 00       		.byte	0
 582 006b 03       		.uleb128 0x3
 583 006c 08       		.uleb128 0x8
 584 006d 3A       		.uleb128 0x3a
 585 006e 0B       		.uleb128 0xb
 586 006f 3B       		.uleb128 0x3b
 587 0070 0B       		.uleb128 0xb
 588 0071 49       		.uleb128 0x49
 589 0072 13       		.uleb128 0x13
 590 0073 00       		.byte	0
 591 0074 00       		.byte	0
 592 0075 0A       		.uleb128 0xa
 593 0076 2E       		.uleb128 0x2e
 594 0077 01       		.byte	0x1
 595 0078 3F       		.uleb128 0x3f
 596 0079 19       		.uleb128 0x19
 597 007a 03       		.uleb128 0x3
 598 007b 0E       		.uleb128 0xe
 599 007c 3A       		.uleb128 0x3a
 600 007d 0B       		.uleb128 0xb
 601 007e 3B       		.uleb128 0x3b
 602 007f 0B       		.uleb128 0xb
 603 0080 27       		.uleb128 0x27
 604 0081 19       		.uleb128 0x19
 605 0082 11       		.uleb128 0x11
 606 0083 01       		.uleb128 0x1
 607 0084 12       		.uleb128 0x12
 608 0085 06       		.uleb128 0x6
 609 0086 40       		.uleb128 0x40
 610 0087 18       		.uleb128 0x18
 611 0088 9742     		.uleb128 0x2117
 612 008a 19       		.uleb128 0x19
 613 008b 01       		.uleb128 0x1
 614 008c 13       		.uleb128 0x13
 615 008d 00       		.byte	0
 616 008e 00       		.byte	0
 617 008f 0B       		.uleb128 0xb
 618 0090 34       		.uleb128 0x34
 619 0091 00       		.byte	0
 620 0092 03       		.uleb128 0x3
 621 0093 0E       		.uleb128 0xe
ARM GAS  /tmp/cc2tWnDU.s 			page 12


 622 0094 3A       		.uleb128 0x3a
 623 0095 0B       		.uleb128 0xb
 624 0096 3B       		.uleb128 0x3b
 625 0097 0B       		.uleb128 0xb
 626 0098 49       		.uleb128 0x49
 627 0099 13       		.uleb128 0x13
 628 009a 3F       		.uleb128 0x3f
 629 009b 19       		.uleb128 0x19
 630 009c 3C       		.uleb128 0x3c
 631 009d 19       		.uleb128 0x19
 632 009e 00       		.byte	0
 633 009f 00       		.byte	0
 634 00a0 0C       		.uleb128 0xc
 635 00a1 01       		.uleb128 0x1
 636 00a2 01       		.byte	0x1
 637 00a3 49       		.uleb128 0x49
 638 00a4 13       		.uleb128 0x13
 639 00a5 01       		.uleb128 0x1
 640 00a6 13       		.uleb128 0x13
 641 00a7 00       		.byte	0
 642 00a8 00       		.byte	0
 643 00a9 0D       		.uleb128 0xd
 644 00aa 21       		.uleb128 0x21
 645 00ab 00       		.byte	0
 646 00ac 00       		.byte	0
 647 00ad 00       		.byte	0
 648 00ae 0E       		.uleb128 0xe
 649 00af 2E       		.uleb128 0x2e
 650 00b0 01       		.byte	0x1
 651 00b1 3F       		.uleb128 0x3f
 652 00b2 19       		.uleb128 0x19
 653 00b3 03       		.uleb128 0x3
 654 00b4 0E       		.uleb128 0xe
 655 00b5 3A       		.uleb128 0x3a
 656 00b6 0B       		.uleb128 0xb
 657 00b7 3B       		.uleb128 0x3b
 658 00b8 0B       		.uleb128 0xb
 659 00b9 27       		.uleb128 0x27
 660 00ba 19       		.uleb128 0x19
 661 00bb 49       		.uleb128 0x49
 662 00bc 13       		.uleb128 0x13
 663 00bd 11       		.uleb128 0x11
 664 00be 01       		.uleb128 0x1
 665 00bf 12       		.uleb128 0x12
 666 00c0 06       		.uleb128 0x6
 667 00c1 40       		.uleb128 0x40
 668 00c2 18       		.uleb128 0x18
 669 00c3 9742     		.uleb128 0x2117
 670 00c5 19       		.uleb128 0x19
 671 00c6 01       		.uleb128 0x1
 672 00c7 13       		.uleb128 0x13
 673 00c8 00       		.byte	0
 674 00c9 00       		.byte	0
 675 00ca 0F       		.uleb128 0xf
 676 00cb 05       		.uleb128 0x5
 677 00cc 00       		.byte	0
 678 00cd 03       		.uleb128 0x3
ARM GAS  /tmp/cc2tWnDU.s 			page 13


 679 00ce 0E       		.uleb128 0xe
 680 00cf 3A       		.uleb128 0x3a
 681 00d0 0B       		.uleb128 0xb
 682 00d1 3B       		.uleb128 0x3b
 683 00d2 0B       		.uleb128 0xb
 684 00d3 49       		.uleb128 0x49
 685 00d4 13       		.uleb128 0x13
 686 00d5 02       		.uleb128 0x2
 687 00d6 17       		.uleb128 0x17
 688 00d7 00       		.byte	0
 689 00d8 00       		.byte	0
 690 00d9 10       		.uleb128 0x10
 691 00da 0B       		.uleb128 0xb
 692 00db 01       		.byte	0x1
 693 00dc 11       		.uleb128 0x11
 694 00dd 01       		.uleb128 0x1
 695 00de 12       		.uleb128 0x12
 696 00df 06       		.uleb128 0x6
 697 00e0 01       		.uleb128 0x1
 698 00e1 13       		.uleb128 0x13
 699 00e2 00       		.byte	0
 700 00e3 00       		.byte	0
 701 00e4 11       		.uleb128 0x11
 702 00e5 34       		.uleb128 0x34
 703 00e6 00       		.byte	0
 704 00e7 03       		.uleb128 0x3
 705 00e8 08       		.uleb128 0x8
 706 00e9 3A       		.uleb128 0x3a
 707 00ea 0B       		.uleb128 0xb
 708 00eb 3B       		.uleb128 0x3b
 709 00ec 0B       		.uleb128 0xb
 710 00ed 49       		.uleb128 0x49
 711 00ee 13       		.uleb128 0x13
 712 00ef 02       		.uleb128 0x2
 713 00f0 18       		.uleb128 0x18
 714 00f1 00       		.byte	0
 715 00f2 00       		.byte	0
 716 00f3 12       		.uleb128 0x12
 717 00f4 1D       		.uleb128 0x1d
 718 00f5 01       		.byte	0x1
 719 00f6 31       		.uleb128 0x31
 720 00f7 13       		.uleb128 0x13
 721 00f8 11       		.uleb128 0x11
 722 00f9 01       		.uleb128 0x1
 723 00fa 12       		.uleb128 0x12
 724 00fb 06       		.uleb128 0x6
 725 00fc 58       		.uleb128 0x58
 726 00fd 0B       		.uleb128 0xb
 727 00fe 59       		.uleb128 0x59
 728 00ff 0B       		.uleb128 0xb
 729 0100 01       		.uleb128 0x1
 730 0101 13       		.uleb128 0x13
 731 0102 00       		.byte	0
 732 0103 00       		.byte	0
 733 0104 13       		.uleb128 0x13
 734 0105 05       		.uleb128 0x5
 735 0106 00       		.byte	0
ARM GAS  /tmp/cc2tWnDU.s 			page 14


 736 0107 31       		.uleb128 0x31
 737 0108 13       		.uleb128 0x13
 738 0109 02       		.uleb128 0x2
 739 010a 17       		.uleb128 0x17
 740 010b 00       		.byte	0
 741 010c 00       		.byte	0
 742 010d 14       		.uleb128 0x14
 743 010e 0B       		.uleb128 0xb
 744 010f 01       		.byte	0x1
 745 0110 11       		.uleb128 0x11
 746 0111 01       		.uleb128 0x1
 747 0112 12       		.uleb128 0x12
 748 0113 06       		.uleb128 0x6
 749 0114 00       		.byte	0
 750 0115 00       		.byte	0
 751 0116 15       		.uleb128 0x15
 752 0117 34       		.uleb128 0x34
 753 0118 00       		.byte	0
 754 0119 31       		.uleb128 0x31
 755 011a 13       		.uleb128 0x13
 756 011b 02       		.uleb128 0x2
 757 011c 17       		.uleb128 0x17
 758 011d 00       		.byte	0
 759 011e 00       		.byte	0
 760 011f 16       		.uleb128 0x16
 761 0120 2E       		.uleb128 0x2e
 762 0121 01       		.byte	0x1
 763 0122 31       		.uleb128 0x31
 764 0123 13       		.uleb128 0x13
 765 0124 11       		.uleb128 0x11
 766 0125 01       		.uleb128 0x1
 767 0126 12       		.uleb128 0x12
 768 0127 06       		.uleb128 0x6
 769 0128 40       		.uleb128 0x40
 770 0129 18       		.uleb128 0x18
 771 012a 9742     		.uleb128 0x2117
 772 012c 19       		.uleb128 0x19
 773 012d 01       		.uleb128 0x1
 774 012e 13       		.uleb128 0x13
 775 012f 00       		.byte	0
 776 0130 00       		.byte	0
 777 0131 17       		.uleb128 0x17
 778 0132 2E       		.uleb128 0x2e
 779 0133 00       		.byte	0
 780 0134 3F       		.uleb128 0x3f
 781 0135 19       		.uleb128 0x19
 782 0136 03       		.uleb128 0x3
 783 0137 0E       		.uleb128 0xe
 784 0138 3A       		.uleb128 0x3a
 785 0139 0B       		.uleb128 0xb
 786 013a 3B       		.uleb128 0x3b
 787 013b 0B       		.uleb128 0xb
 788 013c 27       		.uleb128 0x27
 789 013d 19       		.uleb128 0x19
 790 013e 49       		.uleb128 0x49
 791 013f 13       		.uleb128 0x13
 792 0140 11       		.uleb128 0x11
ARM GAS  /tmp/cc2tWnDU.s 			page 15


 793 0141 01       		.uleb128 0x1
 794 0142 12       		.uleb128 0x12
 795 0143 06       		.uleb128 0x6
 796 0144 40       		.uleb128 0x40
 797 0145 18       		.uleb128 0x18
 798 0146 9742     		.uleb128 0x2117
 799 0148 19       		.uleb128 0x19
 800 0149 00       		.byte	0
 801 014a 00       		.byte	0
 802 014b 18       		.uleb128 0x18
 803 014c 34       		.uleb128 0x34
 804 014d 00       		.byte	0
 805 014e 03       		.uleb128 0x3
 806 014f 0E       		.uleb128 0xe
 807 0150 3A       		.uleb128 0x3a
 808 0151 0B       		.uleb128 0xb
 809 0152 3B       		.uleb128 0x3b
 810 0153 0B       		.uleb128 0xb
 811 0154 49       		.uleb128 0x49
 812 0155 13       		.uleb128 0x13
 813 0156 02       		.uleb128 0x2
 814 0157 18       		.uleb128 0x18
 815 0158 00       		.byte	0
 816 0159 00       		.byte	0
 817 015a 00       		.byte	0
 818              		.section	.debug_loc,"",%progbits
 819              	.Ldebug_loc0:
 820              	.LLST0:
 821 0000 00000000 		.4byte	.LVL0
 822 0004 10000000 		.4byte	.LVL2
 823 0008 0100     		.2byte	0x1
 824 000a 50       		.byte	0x50
 825 000b 10000000 		.4byte	.LVL2
 826 000f 14000000 		.4byte	.LVL3
 827 0013 0300     		.2byte	0x3
 828 0015 70       		.byte	0x70
 829 0016 79       		.sleb128 -7
 830 0017 9F       		.byte	0x9f
 831 0018 14000000 		.4byte	.LVL3
 832 001c 34000000 		.4byte	.LFE8
 833 0020 0400     		.2byte	0x4
 834 0022 F3       		.byte	0xf3
 835 0023 01       		.uleb128 0x1
 836 0024 50       		.byte	0x50
 837 0025 9F       		.byte	0x9f
 838 0026 00000000 		.4byte	0
 839 002a 00000000 		.4byte	0
 840              	.LLST1:
 841 002e 06000000 		.4byte	.LVL1
 842 0032 10000000 		.4byte	.LVL2
 843 0036 0100     		.2byte	0x1
 844 0038 50       		.byte	0x50
 845 0039 10000000 		.4byte	.LVL2
 846 003d 14000000 		.4byte	.LVL3
 847 0041 0300     		.2byte	0x3
 848 0043 70       		.byte	0x70
 849 0044 79       		.sleb128 -7
ARM GAS  /tmp/cc2tWnDU.s 			page 16


 850 0045 9F       		.byte	0x9f
 851 0046 14000000 		.4byte	.LVL3
 852 004a 1C000000 		.4byte	.LVL5
 853 004e 0100     		.2byte	0x1
 854 0050 50       		.byte	0x50
 855 0051 1C000000 		.4byte	.LVL5
 856 0055 34000000 		.4byte	.LFE8
 857 0059 0900     		.2byte	0x9
 858 005b F3       		.byte	0xf3
 859 005c 01       		.uleb128 0x1
 860 005d 50       		.byte	0x50
 861 005e 23       		.byte	0x23
 862 005f 07       		.uleb128 0x7
 863 0060 09       		.byte	0x9
 864 0061 F8       		.byte	0xf8
 865 0062 1A       		.byte	0x1a
 866 0063 9F       		.byte	0x9f
 867 0064 00000000 		.4byte	0
 868 0068 00000000 		.4byte	0
 869              	.LLST2:
 870 006c 18000000 		.4byte	.LVL4
 871 0070 24000000 		.4byte	.LVL6
 872 0074 0100     		.2byte	0x1
 873 0076 53       		.byte	0x53
 874 0077 24000000 		.4byte	.LVL6
 875 007b 34000000 		.4byte	.LFE8
 876 007f 0500     		.2byte	0x5
 877 0081 03       		.byte	0x3
 878 0082 00000000 		.4byte	nextmem
 879 0086 00000000 		.4byte	0
 880 008a 00000000 		.4byte	0
 881              	.LLST3:
 882 008e 00000000 		.4byte	.LVL7
 883 0092 0A000000 		.4byte	.LVL8
 884 0096 0100     		.2byte	0x1
 885 0098 50       		.byte	0x50
 886 0099 0A000000 		.4byte	.LVL8
 887 009d 0E000000 		.4byte	.LVL9
 888 00a1 0300     		.2byte	0x3
 889 00a3 70       		.byte	0x70
 890 00a4 79       		.sleb128 -7
 891 00a5 9F       		.byte	0x9f
 892 00a6 0E000000 		.4byte	.LVL9
 893 00aa 16000000 		.4byte	.LVL11
 894 00ae 0100     		.2byte	0x1
 895 00b0 50       		.byte	0x50
 896 00b1 16000000 		.4byte	.LVL11
 897 00b5 1C000000 		.4byte	.LVL12
 898 00b9 0900     		.2byte	0x9
 899 00bb F3       		.byte	0xf3
 900 00bc 01       		.uleb128 0x1
 901 00bd 50       		.byte	0x50
 902 00be 23       		.byte	0x23
 903 00bf 07       		.uleb128 0x7
 904 00c0 09       		.byte	0x9
 905 00c1 F8       		.byte	0xf8
 906 00c2 1A       		.byte	0x1a
ARM GAS  /tmp/cc2tWnDU.s 			page 17


 907 00c3 9F       		.byte	0x9f
 908 00c4 1C000000 		.4byte	.LVL12
 909 00c8 1E000000 		.4byte	.LVL13
 910 00cc 0100     		.2byte	0x1
 911 00ce 50       		.byte	0x50
 912 00cf 1E000000 		.4byte	.LVL13
 913 00d3 28000000 		.4byte	.LFE9
 914 00d7 0900     		.2byte	0x9
 915 00d9 F3       		.byte	0xf3
 916 00da 01       		.uleb128 0x1
 917 00db 50       		.byte	0x50
 918 00dc 23       		.byte	0x23
 919 00dd 07       		.uleb128 0x7
 920 00de 09       		.byte	0x9
 921 00df F8       		.byte	0xf8
 922 00e0 1A       		.byte	0x1a
 923 00e1 9F       		.byte	0x9f
 924 00e2 00000000 		.4byte	0
 925 00e6 00000000 		.4byte	0
 926              	.LLST4:
 927 00ea 14000000 		.4byte	.LVL10
 928 00ee 1C000000 		.4byte	.LVL12
 929 00f2 0100     		.2byte	0x1
 930 00f4 53       		.byte	0x53
 931 00f5 00000000 		.4byte	0
 932 00f9 00000000 		.4byte	0
 933              		.section	.debug_aranges,"",%progbits
 934 0000 34000000 		.4byte	0x34
 935 0004 0200     		.2byte	0x2
 936 0006 00000000 		.4byte	.Ldebug_info0
 937 000a 04       		.byte	0x4
 938 000b 00       		.byte	0
 939 000c 0000     		.2byte	0
 940 000e 0000     		.2byte	0
 941 0010 00000000 		.4byte	.LFB7
 942 0014 28000000 		.4byte	.LFE7-.LFB7
 943 0018 00000000 		.4byte	.LFB8
 944 001c 34000000 		.4byte	.LFE8-.LFB8
 945 0020 00000000 		.4byte	.LFB9
 946 0024 28000000 		.4byte	.LFE9-.LFB9
 947 0028 00000000 		.4byte	.LFB10
 948 002c 14000000 		.4byte	.LFE10-.LFB10
 949 0030 00000000 		.4byte	0
 950 0034 00000000 		.4byte	0
 951              		.section	.debug_ranges,"",%progbits
 952              	.Ldebug_ranges0:
 953 0000 00000000 		.4byte	.LFB7
 954 0004 28000000 		.4byte	.LFE7
 955 0008 00000000 		.4byte	.LFB8
 956 000c 34000000 		.4byte	.LFE8
 957 0010 00000000 		.4byte	.LFB9
 958 0014 28000000 		.4byte	.LFE9
 959 0018 00000000 		.4byte	.LFB10
 960 001c 14000000 		.4byte	.LFE10
 961 0020 00000000 		.4byte	0
 962 0024 00000000 		.4byte	0
 963              		.section	.debug_line,"",%progbits
ARM GAS  /tmp/cc2tWnDU.s 			page 18


 964              	.Ldebug_line0:
 965 0000 09010000 		.section	.debug_str,"MS",%progbits,1
 965      0200A500 
 965      00000201 
 965      FB0E0D00 
 965      01010101 
 966              	.LASF10:
 967 0000 6C6F6E67 		.ascii	"long long int\000"
 967      206C6F6E 
 967      6720696E 
 967      7400
 968              	.LASF6:
 969 000e 73686F72 		.ascii	"short unsigned int\000"
 969      7420756E 
 969      7369676E 
 969      65642069 
 969      6E7400
 970              	.LASF2:
 971 0021 73697A65 		.ascii	"size_t\000"
 971      5F7400
 972              	.LASF17:
 973 0028 6E657874 		.ascii	"nextmem\000"
 973      6D656D00 
 974              	.LASF16:
 975 0030 5F5F6865 		.ascii	"__heap_end__\000"
 975      61705F65 
 975      6E645F5F 
 975      00
 976              	.LASF20:
 977 003d 2E2E2F41 		.ascii	"../AithonLibrary/ChibiOS/os/kernel/src/chmemcore.c\000"
 977      6974686F 
 977      6E4C6962 
 977      72617279 
 977      2F436869 
 978              	.LASF15:
 979 0070 5F5F6865 		.ascii	"__heap_base__\000"
 979      61705F62 
 979      6173655F 
 979      5F00
 980              	.LASF9:
 981 007e 6C6F6E67 		.ascii	"long unsigned int\000"
 981      20756E73 
 981      69676E65 
 981      6420696E 
 981      7400
 982              	.LASF11:
 983 0090 6C6F6E67 		.ascii	"long long unsigned int\000"
 983      206C6F6E 
 983      6720756E 
 983      7369676E 
 983      65642069 
 984              	.LASF3:
 985 00a7 75696E74 		.ascii	"uint8_t\000"
 985      385F7400 
 986              	.LASF4:
 987 00af 756E7369 		.ascii	"unsigned char\000"
 987      676E6564 
ARM GAS  /tmp/cc2tWnDU.s 			page 19


 987      20636861 
 987      7200
 988              	.LASF14:
 989 00bd 63686172 		.ascii	"char\000"
 989      00
 990              	.LASF25:
 991 00c2 6368436F 		.ascii	"chCoreAlloc\000"
 991      7265416C 
 991      6C6F6300 
 992              	.LASF8:
 993 00ce 75696E74 		.ascii	"uint32_t\000"
 993      33325F74 
 993      00
 994              	.LASF7:
 995 00d7 6C6F6E67 		.ascii	"long int\000"
 995      20696E74 
 995      00
 996              	.LASF12:
 997 00e0 5F426F6F 		.ascii	"_Bool\000"
 997      6C00
 998              	.LASF18:
 999 00e6 656E646D 		.ascii	"endmem\000"
 999      656D00
 1000              	.LASF22:
 1001 00ed 6368436F 		.ascii	"chCoreAllocI\000"
 1001      7265416C 
 1001      6C6F6349 
 1001      00
 1002              	.LASF21:
 1003 00fa 2F686F6D 		.ascii	"/home/brian/aithon/ProjectTemplate\000"
 1003      652F6272 
 1003      69616E2F 
 1003      61697468 
 1003      6F6E2F50 
 1004              	.LASF23:
 1005 011d 73697A65 		.ascii	"size\000"
 1005      00
 1006              	.LASF24:
 1007 0122 5F636F72 		.ascii	"_core_init\000"
 1007      655F696E 
 1007      697400
 1008              	.LASF13:
 1009 012d 73697A65 		.ascii	"sizetype\000"
 1009      74797065 
 1009      00
 1010              	.LASF5:
 1011 0136 73686F72 		.ascii	"short int\000"
 1011      7420696E 
 1011      7400
 1012              	.LASF0:
 1013 0140 756E7369 		.ascii	"unsigned int\000"
 1013      676E6564 
 1013      20696E74 
 1013      00
 1014              	.LASF19:
 1015 014d 474E5520 		.ascii	"GNU C 4.8.3 20131129 (release) [ARM/embedded-4_8-br"
 1015      4320342E 
ARM GAS  /tmp/cc2tWnDU.s 			page 20


 1015      382E3320 
 1015      32303133 
 1015      31313239 
 1016 0180 616E6368 		.ascii	"anch revision 205641] -mcpu=cortex-m4 -mfloat-abi=s"
 1016      20726576 
 1016      6973696F 
 1016      6E203230 
 1016      35363431 
 1017 01b3 6F667466 		.ascii	"oftfp -mfpu=fpv4-sp-d16 -mno-thumb-interwork -mthum"
 1017      70202D6D 
 1017      6670753D 
 1017      66707634 
 1017      2D73702D 
 1018 01e6 62202D67 		.ascii	"b -ggdb -O2 -fomit-frame-pointer -falign-functions="
 1018      67646220 
 1018      2D4F3220 
 1018      2D666F6D 
 1018      69742D66 
 1019 0219 3136202D 		.ascii	"16 -fsingle-precision-constant -ffunction-sections "
 1019      6673696E 
 1019      676C652D 
 1019      70726563 
 1019      6973696F 
 1020 024c 2D666461 		.ascii	"-fdata-sections -fno-common\000"
 1020      74612D73 
 1020      65637469 
 1020      6F6E7320 
 1020      2D666E6F 
 1021              	.LASF1:
 1022 0268 7369676E 		.ascii	"signed char\000"
 1022      65642063 
 1022      68617200 
 1023              	.LASF26:
 1024 0274 6368436F 		.ascii	"chCoreStatus\000"
 1024      72655374 
 1024      61747573 
 1024      00
 1025              		.ident	"GCC: (GNU Tools for ARM Embedded Processors) 4.8.3 20131129 (release) [ARM/embedded-4_8-br
ARM GAS  /tmp/cc2tWnDU.s 			page 21


DEFINED SYMBOLS
                            *ABS*:0000000000000000 chmemcore.c
     /tmp/cc2tWnDU.s:20     .text._core_init:0000000000000000 $t
     /tmp/cc2tWnDU.s:26     .text._core_init:0000000000000000 _core_init
     /tmp/cc2tWnDU.s:54     .text._core_init:0000000000000018 $d
     /tmp/cc2tWnDU.s:62     .text.chCoreAlloc:0000000000000000 $t
     /tmp/cc2tWnDU.s:68     .text.chCoreAlloc:0000000000000000 chCoreAlloc
     /tmp/cc2tWnDU.s:126    .text.chCoreAlloc:000000000000002c $d
     /tmp/cc2tWnDU.s:132    .text.chCoreAllocI:0000000000000000 $t
     /tmp/cc2tWnDU.s:138    .text.chCoreAllocI:0000000000000000 chCoreAllocI
     /tmp/cc2tWnDU.s:178    .text.chCoreAllocI:0000000000000020 $d
     /tmp/cc2tWnDU.s:184    .text.chCoreStatus:0000000000000000 $t
     /tmp/cc2tWnDU.s:190    .text.chCoreStatus:0000000000000000 chCoreStatus
     /tmp/cc2tWnDU.s:208    .text.chCoreStatus:000000000000000c $d
     /tmp/cc2tWnDU.s:214    .bss.endmem:0000000000000000 $d
     /tmp/cc2tWnDU.s:218    .bss.endmem:0000000000000000 endmem
     /tmp/cc2tWnDU.s:221    .bss.nextmem:0000000000000000 $d
     /tmp/cc2tWnDU.s:225    .bss.nextmem:0000000000000000 nextmem
                     .debug_frame:0000000000000010 $d
     /tmp/cc2tWnDU.s:61     .text._core_init:0000000000000028 $t
     /tmp/cc2tWnDU.s:131    .text.chCoreAlloc:0000000000000034 $t
     /tmp/cc2tWnDU.s:183    .text.chCoreAllocI:0000000000000028 $t
     /tmp/cc2tWnDU.s:213    .text.chCoreStatus:0000000000000014 $t

UNDEFINED SYMBOLS
__heap_base__
__heap_end__
