ARM GAS  /tmp/cc4UjIFy.s 			page 1


   1              		.syntax unified
   2              		.cpu cortex-m4
   3              		.eabi_attribute 27, 3
   4              		.fpu fpv4-sp-d16
   5              		.eabi_attribute 20, 1
   6              		.eabi_attribute 21, 1
   7              		.eabi_attribute 23, 3
   8              		.eabi_attribute 24, 1
   9              		.eabi_attribute 25, 1
  10              		.eabi_attribute 26, 1
  11              		.eabi_attribute 30, 2
  12              		.eabi_attribute 34, 1
  13              		.eabi_attribute 18, 4
  14              		.thumb
  15              		.file	"chmsg.c"
  16              		.text
  17              	.Ltext0:
  18              		.cfi_sections	.debug_frame
  19              		.section	.text.chMsgSend,"ax",%progbits
  20              		.align	2
  21              		.p2align 4,,15
  22              		.global	chMsgSend
  23              		.thumb
  24              		.thumb_func
  25              		.type	chMsgSend, %function
  26              	chMsgSend:
  27              	.LFB7:
  28              		.file 1 "../AithonLibrary/ChibiOS/os/kernel/src/chmsg.c"
  29              		.loc 1 75 0
  30              		.cfi_startproc
  31              		@ args = 0, pretend = 0, frame = 0
  32              		@ frame_needed = 0, uses_anonymous_args = 0
  33              	.LVL0:
  34 0000 38B5     		push	{r3, r4, r5, lr}
  35              		.cfi_def_cfa_offset 16
  36              		.cfi_offset 3, -16
  37              		.cfi_offset 4, -12
  38              		.cfi_offset 5, -8
  39              		.cfi_offset 14, -4
  40              		.loc 1 76 0
  41 0002 0E4B     		ldr	r3, .L5
  42 0004 9C69     		ldr	r4, [r3, #24]
  43              	.LVL1:
  44              	.LBB10:
  45              		.loc 1 80 0
  46 0006 2023     		movs	r3, #32
  47              	@ 80 "../AithonLibrary/ChibiOS/os/kernel/src/chmsg.c" 1
  48 0008 83F31188 		msr     BASEPRI, r3
  49              	@ 0 "" 2
  50              		.thumb
  51              	.LBE10:
  52              		.loc 1 82 0
  53 000c 00F12C02 		add	r2, r0, #44
  54              		.loc 1 84 0
  55 0010 057F     		ldrb	r5, [r0, #28]	@ zero_extendqisi2
  56              		.loc 1 82 0
  57 0012 6262     		str	r2, [r4, #36]
ARM GAS  /tmp/cc4UjIFy.s 			page 2


  58              	.LVL2:
  59              	.LBB11:
  60              	.LBB12:
  61              		.file 2 "../AithonLibrary/ChibiOS/os/kernel/include/chinline.h"
  62              		.loc 2 55 0
  63 0014 036B     		ldr	r3, [r0, #48]
  64              	.LBE12:
  65              	.LBE11:
  66              		.loc 1 81 0
  67 0016 6163     		str	r1, [r4, #52]
  68              		.loc 1 84 0
  69 0018 0C2D     		cmp	r5, #12
  70              	.LBB14:
  71              	.LBB13:
  72              		.loc 2 55 0
  73 001a 84E80C00 		stmia	r4, {r2, r3}
  74              		.loc 2 56 0
  75 001e 0463     		str	r4, [r0, #48]
  76 0020 1C60     		str	r4, [r3]
  77              	.LBE13:
  78              	.LBE14:
  79              		.loc 1 84 0
  80 0022 07D0     		beq	.L4
  81              	.LVL3:
  82              	.L2:
  83              		.loc 1 86 0
  84 0024 0A20     		movs	r0, #10
  85 0026 FFF7FEFF 		bl	chSchGoSleepS
  86              	.LVL4:
  87              		.loc 1 87 0
  88 002a 606A     		ldr	r0, [r4, #36]
  89              	.LVL5:
  90              	.LBB15:
  91              		.loc 1 88 0
  92 002c 0023     		movs	r3, #0
  93              	@ 88 "../AithonLibrary/ChibiOS/os/kernel/src/chmsg.c" 1
  94 002e 83F31188 		msr     BASEPRI, r3
  95              	@ 0 "" 2
  96              		.thumb
  97              	.LBE15:
  98              		.loc 1 90 0
  99 0032 38BD     		pop	{r3, r4, r5, pc}
 100              	.LVL6:
 101              	.L4:
 102              		.loc 1 85 0
 103 0034 FFF7FEFF 		bl	chSchReadyI
 104              	.LVL7:
 105 0038 F4E7     		b	.L2
 106              	.L6:
 107 003a 00BF     		.align	2
 108              	.L5:
 109 003c 00000000 		.word	rlist
 110              		.cfi_endproc
 111              	.LFE7:
 112              		.size	chMsgSend, .-chMsgSend
 113              		.section	.text.chMsgWait,"ax",%progbits
 114              		.align	2
ARM GAS  /tmp/cc4UjIFy.s 			page 3


 115              		.p2align 4,,15
 116              		.global	chMsgWait
 117              		.thumb
 118              		.thumb_func
 119              		.type	chMsgWait, %function
 120              	chMsgWait:
 121              	.LFB8:
 122              		.loc 1 106 0
 123              		.cfi_startproc
 124              		@ args = 0, pretend = 0, frame = 0
 125              		@ frame_needed = 0, uses_anonymous_args = 0
 126 0000 10B5     		push	{r4, lr}
 127              		.cfi_def_cfa_offset 8
 128              		.cfi_offset 4, -8
 129              		.cfi_offset 14, -4
 130              	.LBB16:
 131              		.loc 1 109 0
 132 0002 2023     		movs	r3, #32
 133              	@ 109 "../AithonLibrary/ChibiOS/os/kernel/src/chmsg.c" 1
 134 0004 83F31188 		msr     BASEPRI, r3
 135              	@ 0 "" 2
 136              		.thumb
 137              	.LBE16:
 138              		.loc 1 110 0
 139 0008 0B4C     		ldr	r4, .L10
 140 000a A269     		ldr	r2, [r4, #24]
 141 000c 1346     		mov	r3, r2
 142 000e 53F82C0F 		ldr	r0, [r3, #44]!
 143 0012 9842     		cmp	r0, r3
 144 0014 08D0     		beq	.L9
 145              	.L8:
 146              	.LVL8:
 147              	.LBB17:
 148              	.LBB18:
 149              		.loc 2 62 0
 150 0016 0168     		ldr	r1, [r0]
 151 0018 D162     		str	r1, [r2, #44]
 152              	.LBE18:
 153              	.LBE17:
 154              		.loc 1 113 0
 155 001a 0B22     		movs	r2, #11
 156              	.LBB20:
 157              	.LBB19:
 158              		.loc 2 62 0
 159 001c 4B60     		str	r3, [r1, #4]
 160              	.LBE19:
 161              	.LBE20:
 162              	.LBB21:
 163              		.loc 1 114 0
 164 001e 0023     		movs	r3, #0
 165              	.LVL9:
 166              	.LBE21:
 167              		.loc 1 113 0
 168 0020 0277     		strb	r2, [r0, #28]
 169              	.LBB22:
 170              		.loc 1 114 0
 171              	@ 114 "../AithonLibrary/ChibiOS/os/kernel/src/chmsg.c" 1
ARM GAS  /tmp/cc4UjIFy.s 			page 4


 172 0022 83F31188 		msr     BASEPRI, r3
 173              	@ 0 "" 2
 174              		.thumb
 175              	.LBE22:
 176              		.loc 1 116 0
 177 0026 10BD     		pop	{r4, pc}
 178              	.LVL10:
 179              	.L9:
 180              		.loc 1 111 0
 181 0028 0C20     		movs	r0, #12
 182 002a FFF7FEFF 		bl	chSchGoSleepS
 183              	.LVL11:
 184 002e A269     		ldr	r2, [r4, #24]
 185 0030 D06A     		ldr	r0, [r2, #44]
 186 0032 02F12C03 		add	r3, r2, #44
 187 0036 EEE7     		b	.L8
 188              	.L11:
 189              		.align	2
 190              	.L10:
 191 0038 00000000 		.word	rlist
 192              		.cfi_endproc
 193              	.LFE8:
 194              		.size	chMsgWait, .-chMsgWait
 195 003c AFF30080 		.section	.text.chMsgRelease,"ax",%progbits
 196              		.align	2
 197              		.p2align 4,,15
 198              		.global	chMsgRelease
 199              		.thumb
 200              		.thumb_func
 201              		.type	chMsgRelease, %function
 202              	chMsgRelease:
 203              	.LFB9:
 204              		.loc 1 128 0
 205              		.cfi_startproc
 206              		@ args = 0, pretend = 0, frame = 0
 207              		@ frame_needed = 0, uses_anonymous_args = 0
 208              	.LVL12:
 209 0000 08B5     		push	{r3, lr}
 210              		.cfi_def_cfa_offset 8
 211              		.cfi_offset 3, -8
 212              		.cfi_offset 14, -4
 213              	.LBB23:
 214              		.loc 1 130 0
 215 0002 2023     		movs	r3, #32
 216              	@ 130 "../AithonLibrary/ChibiOS/os/kernel/src/chmsg.c" 1
 217 0004 83F31188 		msr     BASEPRI, r3
 218              	@ 0 "" 2
 219              		.thumb
 220              	.LBE23:
 221              		.loc 1 133 0
 222 0008 FFF7FEFF 		bl	chSchWakeupS
 223              	.LVL13:
 224              	.LBB24:
 225              		.loc 1 134 0
 226 000c 0023     		movs	r3, #0
 227              	@ 134 "../AithonLibrary/ChibiOS/os/kernel/src/chmsg.c" 1
 228 000e 83F31188 		msr     BASEPRI, r3
ARM GAS  /tmp/cc4UjIFy.s 			page 5


 229              	@ 0 "" 2
 230              		.thumb
 231 0012 08BD     		pop	{r3, pc}
 232              	.LBE24:
 233              		.cfi_endproc
 234              	.LFE9:
 235              		.size	chMsgRelease, .-chMsgRelease
 236 0014 AFF30080 		.text
 236      AFF30080 
 236      AFF30080 
 237              	.Letext0:
 238              		.file 3 "/usr/arm-none-eabi/include/stdint.h"
 239              		.file 4 "../AithonLibrary/ChibiOS/os/ports/GCC/ARMCMx/chtypes.h"
 240              		.file 5 "../AithonLibrary/ChibiOS/os/kernel/include/chlists.h"
 241              		.file 6 "../AithonLibrary/ChibiOS/os/kernel/include/chthreads.h"
 242              		.file 7 "../AithonLibrary/ChibiOS/os/ports/GCC/ARMCMx/chcore_v7m.h"
 243              		.file 8 "../AithonLibrary/ChibiOS/os/kernel/include/chschd.h"
 244              		.file 9 "../AithonLibrary/ChibiOS/os/kernel/include/chmtx.h"
 245              		.section	.debug_info,"",%progbits
 246              	.Ldebug_info0:
 247 0000 10070000 		.4byte	0x710
 248 0004 0400     		.2byte	0x4
 249 0006 00000000 		.4byte	.Ldebug_abbrev0
 250 000a 04       		.byte	0x4
 251 000b 01       		.uleb128 0x1
 252 000c DA000000 		.4byte	.LASF65
 253 0010 01       		.byte	0x1
 254 0011 3D030000 		.4byte	.LASF66
 255 0015 13000000 		.4byte	.LASF67
 256 0019 48000000 		.4byte	.Ldebug_ranges0+0x48
 257 001d 00000000 		.4byte	0
 258 0021 00000000 		.4byte	.Ldebug_line0
 259 0025 02       		.uleb128 0x2
 260 0026 04       		.byte	0x4
 261 0027 05       		.byte	0x5
 262 0028 696E7400 		.ascii	"int\000"
 263 002c 03       		.uleb128 0x3
 264 002d 04       		.byte	0x4
 265 002e 07       		.byte	0x7
 266 002f CD000000 		.4byte	.LASF0
 267 0033 03       		.uleb128 0x3
 268 0034 01       		.byte	0x1
 269 0035 06       		.byte	0x6
 270 0036 69000000 		.4byte	.LASF1
 271 003a 04       		.uleb128 0x4
 272 003b E7030000 		.4byte	.LASF5
 273 003f 03       		.byte	0x3
 274 0040 2A       		.byte	0x2a
 275 0041 45000000 		.4byte	0x45
 276 0045 03       		.uleb128 0x3
 277 0046 01       		.byte	0x1
 278 0047 08       		.byte	0x8
 279 0048 A9020000 		.4byte	.LASF2
 280 004c 03       		.uleb128 0x3
 281 004d 02       		.byte	0x2
 282 004e 05       		.byte	0x5
 283 004f C1020000 		.4byte	.LASF3
ARM GAS  /tmp/cc4UjIFy.s 			page 6


 284 0053 03       		.uleb128 0x3
 285 0054 02       		.byte	0x2
 286 0055 07       		.byte	0x7
 287 0056 0F020000 		.4byte	.LASF4
 288 005a 04       		.uleb128 0x4
 289 005b A1020000 		.4byte	.LASF6
 290 005f 03       		.byte	0x3
 291 0060 4F       		.byte	0x4f
 292 0061 65000000 		.4byte	0x65
 293 0065 03       		.uleb128 0x3
 294 0066 04       		.byte	0x4
 295 0067 05       		.byte	0x5
 296 0068 8F000000 		.4byte	.LASF7
 297 006c 04       		.uleb128 0x4
 298 006d 27030000 		.4byte	.LASF8
 299 0071 03       		.byte	0x3
 300 0072 50       		.byte	0x50
 301 0073 77000000 		.4byte	0x77
 302 0077 03       		.uleb128 0x3
 303 0078 04       		.byte	0x4
 304 0079 07       		.byte	0x7
 305 007a F5010000 		.4byte	.LASF9
 306 007e 03       		.uleb128 0x3
 307 007f 08       		.byte	0x8
 308 0080 05       		.byte	0x5
 309 0081 5B000000 		.4byte	.LASF10
 310 0085 03       		.uleb128 0x3
 311 0086 08       		.byte	0x8
 312 0087 07       		.byte	0x7
 313 0088 3D000000 		.4byte	.LASF11
 314 008c 03       		.uleb128 0x3
 315 008d 01       		.byte	0x1
 316 008e 02       		.byte	0x2
 317 008f 9B020000 		.4byte	.LASF12
 318 0093 04       		.uleb128 0x4
 319 0094 28020000 		.4byte	.LASF13
 320 0098 04       		.byte	0x4
 321 0099 2C       		.byte	0x2c
 322 009a 3A000000 		.4byte	0x3a
 323 009e 04       		.uleb128 0x4
 324 009f A2000000 		.4byte	.LASF14
 325 00a3 04       		.byte	0x4
 326 00a4 2D       		.byte	0x2d
 327 00a5 3A000000 		.4byte	0x3a
 328 00a9 04       		.uleb128 0x4
 329 00aa 84020000 		.4byte	.LASF15
 330 00ae 04       		.byte	0x4
 331 00af 2E       		.byte	0x2e
 332 00b0 3A000000 		.4byte	0x3a
 333 00b4 04       		.uleb128 0x4
 334 00b5 85000000 		.4byte	.LASF16
 335 00b9 04       		.byte	0x4
 336 00ba 2F       		.byte	0x2f
 337 00bb 3A000000 		.4byte	0x3a
 338 00bf 04       		.uleb128 0x4
 339 00c0 93020000 		.4byte	.LASF17
 340 00c4 04       		.byte	0x4
ARM GAS  /tmp/cc4UjIFy.s 			page 7


 341 00c5 30       		.byte	0x30
 342 00c6 6C000000 		.4byte	0x6c
 343 00ca 04       		.uleb128 0x4
 344 00cb 22020000 		.4byte	.LASF18
 345 00cf 04       		.byte	0x4
 346 00d0 31       		.byte	0x31
 347 00d1 5A000000 		.4byte	0x5a
 348 00d5 04       		.uleb128 0x4
 349 00d6 3C020000 		.4byte	.LASF19
 350 00da 04       		.byte	0x4
 351 00db 33       		.byte	0x33
 352 00dc 6C000000 		.4byte	0x6c
 353 00e0 04       		.uleb128 0x4
 354 00e1 8B030000 		.4byte	.LASF20
 355 00e5 04       		.byte	0x4
 356 00e6 35       		.byte	0x35
 357 00e7 6C000000 		.4byte	0x6c
 358 00eb 04       		.uleb128 0x4
 359 00ec FA020000 		.4byte	.LASF21
 360 00f0 05       		.byte	0x5
 361 00f1 2A       		.byte	0x2a
 362 00f2 F6000000 		.4byte	0xf6
 363 00f6 05       		.uleb128 0x5
 364 00f7 FA020000 		.4byte	.LASF21
 365 00fb 48       		.byte	0x48
 366 00fc 06       		.byte	0x6
 367 00fd 5E       		.byte	0x5e
 368 00fe F3010000 		.4byte	0x1f3
 369 0102 06       		.uleb128 0x6
 370 0103 EB020000 		.4byte	.LASF22
 371 0107 06       		.byte	0x6
 372 0108 5F       		.byte	0x5f
 373 0109 14020000 		.4byte	0x214
 374 010d 00       		.byte	0
 375 010e 06       		.uleb128 0x6
 376 010f 8C020000 		.4byte	.LASF23
 377 0113 06       		.byte	0x6
 378 0114 61       		.byte	0x61
 379 0115 14020000 		.4byte	0x214
 380 0119 04       		.byte	0x4
 381 011a 06       		.uleb128 0x6
 382 011b 54000000 		.4byte	.LASF24
 383 011f 06       		.byte	0x6
 384 0120 63       		.byte	0x63
 385 0121 BF000000 		.4byte	0xbf
 386 0125 08       		.byte	0x8
 387 0126 06       		.uleb128 0x6
 388 0127 05040000 		.4byte	.LASF25
 389 012b 06       		.byte	0x6
 390 012c 64       		.byte	0x64
 391 012d 9E030000 		.4byte	0x39e
 392 0131 0C       		.byte	0xc
 393 0132 06       		.uleb128 0x6
 394 0133 AB000000 		.4byte	.LASF26
 395 0137 06       		.byte	0x6
 396 0138 66       		.byte	0x66
 397 0139 14020000 		.4byte	0x214
ARM GAS  /tmp/cc4UjIFy.s 			page 8


 398 013d 10       		.byte	0x10
 399 013e 06       		.uleb128 0x6
 400 013f 57020000 		.4byte	.LASF27
 401 0143 06       		.byte	0x6
 402 0144 67       		.byte	0x67
 403 0145 14020000 		.4byte	0x214
 404 0149 14       		.byte	0x14
 405 014a 06       		.uleb128 0x6
 406 014b F6030000 		.4byte	.LASF28
 407 014f 06       		.byte	0x6
 408 0150 6E       		.byte	0x6e
 409 0151 9E040000 		.4byte	0x49e
 410 0155 18       		.byte	0x18
 411 0156 06       		.uleb128 0x6
 412 0157 CB020000 		.4byte	.LASF29
 413 015b 06       		.byte	0x6
 414 015c 79       		.byte	0x79
 415 015d 9E000000 		.4byte	0x9e
 416 0161 1C       		.byte	0x1c
 417 0162 06       		.uleb128 0x6
 418 0163 F2020000 		.4byte	.LASF30
 419 0167 06       		.byte	0x6
 420 0168 7D       		.byte	0x7d
 421 0169 93000000 		.4byte	0x93
 422 016d 1D       		.byte	0x1d
 423 016e 06       		.uleb128 0x6
 424 016f D0030000 		.4byte	.LASF31
 425 0173 06       		.byte	0x6
 426 0174 82       		.byte	0x82
 427 0175 A9000000 		.4byte	0xa9
 428 0179 1E       		.byte	0x1e
 429 017a 06       		.uleb128 0x6
 430 017b D3020000 		.4byte	.LASF32
 431 017f 06       		.byte	0x6
 432 0180 88       		.byte	0x88
 433 0181 B4000000 		.4byte	0xb4
 434 0185 1F       		.byte	0x1f
 435 0186 06       		.uleb128 0x6
 436 0187 A0030000 		.4byte	.LASF33
 437 018b 06       		.byte	0x6
 438 018c 8F       		.byte	0x8f
 439 018d C6030000 		.4byte	0x3c6
 440 0191 20       		.byte	0x20
 441 0192 07       		.uleb128 0x7
 442 0193 705F7500 		.ascii	"p_u\000"
 443 0197 06       		.byte	0x6
 444 0198 B4       		.byte	0xb4
 445 0199 69040000 		.4byte	0x469
 446 019d 24       		.byte	0x24
 447 019e 06       		.uleb128 0x6
 448 019f 0B040000 		.4byte	.LASF34
 449 01a3 06       		.byte	0x6
 450 01a4 B9       		.byte	0xb9
 451 01a5 3A020000 		.4byte	0x23a
 452 01a9 28       		.byte	0x28
 453 01aa 06       		.uleb128 0x6
 454 01ab AE030000 		.4byte	.LASF35
ARM GAS  /tmp/cc4UjIFy.s 			page 9


 455 01af 06       		.byte	0x6
 456 01b0 BF       		.byte	0xbf
 457 01b1 1A020000 		.4byte	0x21a
 458 01b5 2C       		.byte	0x2c
 459 01b6 06       		.uleb128 0x6
 460 01b7 00000000 		.4byte	.LASF36
 461 01bb 06       		.byte	0x6
 462 01bc C3       		.byte	0xc3
 463 01bd CA000000 		.4byte	0xca
 464 01c1 34       		.byte	0x34
 465 01c2 06       		.uleb128 0x6
 466 01c3 1C030000 		.4byte	.LASF37
 467 01c7 06       		.byte	0x6
 468 01c8 C9       		.byte	0xc9
 469 01c9 D5000000 		.4byte	0xd5
 470 01cd 38       		.byte	0x38
 471 01ce 06       		.uleb128 0x6
 472 01cf B7020000 		.4byte	.LASF38
 473 01d3 06       		.byte	0x6
 474 01d4 D0       		.byte	0xd0
 475 01d5 B0040000 		.4byte	0x4b0
 476 01d9 3C       		.byte	0x3c
 477 01da 06       		.uleb128 0x6
 478 01db 95030000 		.4byte	.LASF39
 479 01df 06       		.byte	0x6
 480 01e0 D4       		.byte	0xd4
 481 01e1 BF000000 		.4byte	0xbf
 482 01e5 40       		.byte	0x40
 483 01e6 06       		.uleb128 0x6
 484 01e7 75000000 		.4byte	.LASF40
 485 01eb 06       		.byte	0x6
 486 01ec DA       		.byte	0xda
 487 01ed 50020000 		.4byte	0x250
 488 01f1 44       		.byte	0x44
 489 01f2 00       		.byte	0
 490 01f3 08       		.uleb128 0x8
 491 01f4 08       		.byte	0x8
 492 01f5 05       		.byte	0x5
 493 01f6 61       		.byte	0x61
 494 01f7 14020000 		.4byte	0x214
 495 01fb 06       		.uleb128 0x6
 496 01fc EB020000 		.4byte	.LASF22
 497 0200 05       		.byte	0x5
 498 0201 62       		.byte	0x62
 499 0202 14020000 		.4byte	0x214
 500 0206 00       		.byte	0
 501 0207 06       		.uleb128 0x6
 502 0208 8C020000 		.4byte	.LASF23
 503 020c 05       		.byte	0x5
 504 020d 64       		.byte	0x64
 505 020e 14020000 		.4byte	0x214
 506 0212 04       		.byte	0x4
 507 0213 00       		.byte	0
 508 0214 09       		.uleb128 0x9
 509 0215 04       		.byte	0x4
 510 0216 EB000000 		.4byte	0xeb
 511 021a 04       		.uleb128 0x4
ARM GAS  /tmp/cc4UjIFy.s 			page 10


 512 021b 65020000 		.4byte	.LASF41
 513 021f 05       		.byte	0x5
 514 0220 66       		.byte	0x66
 515 0221 F3010000 		.4byte	0x1f3
 516 0225 08       		.uleb128 0x8
 517 0226 04       		.byte	0x4
 518 0227 05       		.byte	0x5
 519 0228 6B       		.byte	0x6b
 520 0229 3A020000 		.4byte	0x23a
 521 022d 06       		.uleb128 0x6
 522 022e EB020000 		.4byte	.LASF22
 523 0232 05       		.byte	0x5
 524 0233 6D       		.byte	0x6d
 525 0234 14020000 		.4byte	0x214
 526 0238 00       		.byte	0
 527 0239 00       		.byte	0
 528 023a 04       		.uleb128 0x4
 529 023b 30020000 		.4byte	.LASF42
 530 023f 05       		.byte	0x5
 531 0240 70       		.byte	0x70
 532 0241 25020000 		.4byte	0x225
 533 0245 04       		.uleb128 0x4
 534 0246 C4000000 		.4byte	.LASF43
 535 024a 07       		.byte	0x7
 536 024b E5       		.byte	0xe5
 537 024c 50020000 		.4byte	0x250
 538 0250 0A       		.uleb128 0xa
 539 0251 04       		.byte	0x4
 540 0252 0B       		.uleb128 0xb
 541 0253 A7030000 		.4byte	.LASF44
 542 0257 64       		.byte	0x64
 543 0258 07       		.byte	0x7
 544 0259 0C01     		.2byte	0x10c
 545 025b 9E030000 		.4byte	0x39e
 546 025f 0C       		.uleb128 0xc
 547 0260 73313600 		.ascii	"s16\000"
 548 0264 07       		.byte	0x7
 549 0265 0E01     		.2byte	0x10e
 550 0267 45020000 		.4byte	0x245
 551 026b 00       		.byte	0
 552 026c 0C       		.uleb128 0xc
 553 026d 73313700 		.ascii	"s17\000"
 554 0271 07       		.byte	0x7
 555 0272 0F01     		.2byte	0x10f
 556 0274 45020000 		.4byte	0x245
 557 0278 04       		.byte	0x4
 558 0279 0C       		.uleb128 0xc
 559 027a 73313800 		.ascii	"s18\000"
 560 027e 07       		.byte	0x7
 561 027f 1001     		.2byte	0x110
 562 0281 45020000 		.4byte	0x245
 563 0285 08       		.byte	0x8
 564 0286 0C       		.uleb128 0xc
 565 0287 73313900 		.ascii	"s19\000"
 566 028b 07       		.byte	0x7
 567 028c 1101     		.2byte	0x111
 568 028e 45020000 		.4byte	0x245
ARM GAS  /tmp/cc4UjIFy.s 			page 11


 569 0292 0C       		.byte	0xc
 570 0293 0C       		.uleb128 0xc
 571 0294 73323000 		.ascii	"s20\000"
 572 0298 07       		.byte	0x7
 573 0299 1201     		.2byte	0x112
 574 029b 45020000 		.4byte	0x245
 575 029f 10       		.byte	0x10
 576 02a0 0C       		.uleb128 0xc
 577 02a1 73323100 		.ascii	"s21\000"
 578 02a5 07       		.byte	0x7
 579 02a6 1301     		.2byte	0x113
 580 02a8 45020000 		.4byte	0x245
 581 02ac 14       		.byte	0x14
 582 02ad 0C       		.uleb128 0xc
 583 02ae 73323200 		.ascii	"s22\000"
 584 02b2 07       		.byte	0x7
 585 02b3 1401     		.2byte	0x114
 586 02b5 45020000 		.4byte	0x245
 587 02b9 18       		.byte	0x18
 588 02ba 0C       		.uleb128 0xc
 589 02bb 73323300 		.ascii	"s23\000"
 590 02bf 07       		.byte	0x7
 591 02c0 1501     		.2byte	0x115
 592 02c2 45020000 		.4byte	0x245
 593 02c6 1C       		.byte	0x1c
 594 02c7 0C       		.uleb128 0xc
 595 02c8 73323400 		.ascii	"s24\000"
 596 02cc 07       		.byte	0x7
 597 02cd 1601     		.2byte	0x116
 598 02cf 45020000 		.4byte	0x245
 599 02d3 20       		.byte	0x20
 600 02d4 0C       		.uleb128 0xc
 601 02d5 73323500 		.ascii	"s25\000"
 602 02d9 07       		.byte	0x7
 603 02da 1701     		.2byte	0x117
 604 02dc 45020000 		.4byte	0x245
 605 02e0 24       		.byte	0x24
 606 02e1 0C       		.uleb128 0xc
 607 02e2 73323600 		.ascii	"s26\000"
 608 02e6 07       		.byte	0x7
 609 02e7 1801     		.2byte	0x118
 610 02e9 45020000 		.4byte	0x245
 611 02ed 28       		.byte	0x28
 612 02ee 0C       		.uleb128 0xc
 613 02ef 73323700 		.ascii	"s27\000"
 614 02f3 07       		.byte	0x7
 615 02f4 1901     		.2byte	0x119
 616 02f6 45020000 		.4byte	0x245
 617 02fa 2C       		.byte	0x2c
 618 02fb 0C       		.uleb128 0xc
 619 02fc 73323800 		.ascii	"s28\000"
 620 0300 07       		.byte	0x7
 621 0301 1A01     		.2byte	0x11a
 622 0303 45020000 		.4byte	0x245
 623 0307 30       		.byte	0x30
 624 0308 0C       		.uleb128 0xc
 625 0309 73323900 		.ascii	"s29\000"
ARM GAS  /tmp/cc4UjIFy.s 			page 12


 626 030d 07       		.byte	0x7
 627 030e 1B01     		.2byte	0x11b
 628 0310 45020000 		.4byte	0x245
 629 0314 34       		.byte	0x34
 630 0315 0C       		.uleb128 0xc
 631 0316 73333000 		.ascii	"s30\000"
 632 031a 07       		.byte	0x7
 633 031b 1C01     		.2byte	0x11c
 634 031d 45020000 		.4byte	0x245
 635 0321 38       		.byte	0x38
 636 0322 0C       		.uleb128 0xc
 637 0323 73333100 		.ascii	"s31\000"
 638 0327 07       		.byte	0x7
 639 0328 1D01     		.2byte	0x11d
 640 032a 45020000 		.4byte	0x245
 641 032e 3C       		.byte	0x3c
 642 032f 0C       		.uleb128 0xc
 643 0330 723400   		.ascii	"r4\000"
 644 0333 07       		.byte	0x7
 645 0334 1F01     		.2byte	0x11f
 646 0336 45020000 		.4byte	0x245
 647 033a 40       		.byte	0x40
 648 033b 0C       		.uleb128 0xc
 649 033c 723500   		.ascii	"r5\000"
 650 033f 07       		.byte	0x7
 651 0340 2001     		.2byte	0x120
 652 0342 45020000 		.4byte	0x245
 653 0346 44       		.byte	0x44
 654 0347 0C       		.uleb128 0xc
 655 0348 723600   		.ascii	"r6\000"
 656 034b 07       		.byte	0x7
 657 034c 2101     		.2byte	0x121
 658 034e 45020000 		.4byte	0x245
 659 0352 48       		.byte	0x48
 660 0353 0C       		.uleb128 0xc
 661 0354 723700   		.ascii	"r7\000"
 662 0357 07       		.byte	0x7
 663 0358 2201     		.2byte	0x122
 664 035a 45020000 		.4byte	0x245
 665 035e 4C       		.byte	0x4c
 666 035f 0C       		.uleb128 0xc
 667 0360 723800   		.ascii	"r8\000"
 668 0363 07       		.byte	0x7
 669 0364 2301     		.2byte	0x123
 670 0366 45020000 		.4byte	0x245
 671 036a 50       		.byte	0x50
 672 036b 0C       		.uleb128 0xc
 673 036c 723900   		.ascii	"r9\000"
 674 036f 07       		.byte	0x7
 675 0370 2401     		.2byte	0x124
 676 0372 45020000 		.4byte	0x245
 677 0376 54       		.byte	0x54
 678 0377 0C       		.uleb128 0xc
 679 0378 72313000 		.ascii	"r10\000"
 680 037c 07       		.byte	0x7
 681 037d 2501     		.2byte	0x125
 682 037f 45020000 		.4byte	0x245
ARM GAS  /tmp/cc4UjIFy.s 			page 13


 683 0383 58       		.byte	0x58
 684 0384 0C       		.uleb128 0xc
 685 0385 72313100 		.ascii	"r11\000"
 686 0389 07       		.byte	0x7
 687 038a 2601     		.2byte	0x126
 688 038c 45020000 		.4byte	0x245
 689 0390 5C       		.byte	0x5c
 690 0391 0C       		.uleb128 0xc
 691 0392 6C7200   		.ascii	"lr\000"
 692 0395 07       		.byte	0x7
 693 0396 2701     		.2byte	0x127
 694 0398 45020000 		.4byte	0x245
 695 039c 60       		.byte	0x60
 696 039d 00       		.byte	0
 697 039e 0B       		.uleb128 0xb
 698 039f 07020000 		.4byte	.LASF45
 699 03a3 04       		.byte	0x4
 700 03a4 07       		.byte	0x7
 701 03a5 3101     		.2byte	0x131
 702 03a7 B9030000 		.4byte	0x3b9
 703 03ab 0C       		.uleb128 0xc
 704 03ac 72313300 		.ascii	"r13\000"
 705 03b0 07       		.byte	0x7
 706 03b1 3201     		.2byte	0x132
 707 03b3 B9030000 		.4byte	0x3b9
 708 03b7 00       		.byte	0
 709 03b8 00       		.byte	0
 710 03b9 09       		.uleb128 0x9
 711 03ba 04       		.byte	0x4
 712 03bb 52020000 		.4byte	0x252
 713 03bf 03       		.uleb128 0x3
 714 03c0 04       		.byte	0x4
 715 03c1 07       		.byte	0x7
 716 03c2 4E020000 		.4byte	.LASF46
 717 03c6 0D       		.uleb128 0xd
 718 03c7 E0000000 		.4byte	0xe0
 719 03cb 08       		.uleb128 0x8
 720 03cc 1C       		.byte	0x1c
 721 03cd 08       		.byte	0x8
 722 03ce 5E       		.byte	0x5e
 723 03cf 1C040000 		.4byte	0x41c
 724 03d3 06       		.uleb128 0x6
 725 03d4 30030000 		.4byte	.LASF47
 726 03d8 08       		.byte	0x8
 727 03d9 5F       		.byte	0x5f
 728 03da 1A020000 		.4byte	0x21a
 729 03de 00       		.byte	0
 730 03df 06       		.uleb128 0x6
 731 03e0 DD020000 		.4byte	.LASF48
 732 03e4 08       		.byte	0x8
 733 03e5 60       		.byte	0x60
 734 03e6 BF000000 		.4byte	0xbf
 735 03ea 08       		.byte	0x8
 736 03eb 06       		.uleb128 0x6
 737 03ec 5F020000 		.4byte	.LASF49
 738 03f0 08       		.byte	0x8
 739 03f1 62       		.byte	0x62
ARM GAS  /tmp/cc4UjIFy.s 			page 14


 740 03f2 9E030000 		.4byte	0x39e
 741 03f6 0C       		.byte	0xc
 742 03f7 06       		.uleb128 0x6
 743 03f8 BC000000 		.4byte	.LASF50
 744 03fc 08       		.byte	0x8
 745 03fd 65       		.byte	0x65
 746 03fe 14020000 		.4byte	0x214
 747 0402 10       		.byte	0x10
 748 0403 06       		.uleb128 0x6
 749 0404 7C020000 		.4byte	.LASF51
 750 0408 08       		.byte	0x8
 751 0409 66       		.byte	0x66
 752 040a 14020000 		.4byte	0x214
 753 040e 14       		.byte	0x14
 754 040f 06       		.uleb128 0x6
 755 0410 72020000 		.4byte	.LASF52
 756 0414 08       		.byte	0x8
 757 0415 69       		.byte	0x69
 758 0416 14020000 		.4byte	0x214
 759 041a 18       		.byte	0x18
 760 041b 00       		.byte	0
 761 041c 04       		.uleb128 0x4
 762 041d D7030000 		.4byte	.LASF53
 763 0421 08       		.byte	0x8
 764 0422 6B       		.byte	0x6b
 765 0423 CB030000 		.4byte	0x3cb
 766 0427 05       		.uleb128 0x5
 767 0428 48020000 		.4byte	.LASF54
 768 042c 10       		.byte	0x10
 769 042d 09       		.byte	0x9
 770 042e 2C       		.byte	0x2c
 771 042f 58040000 		.4byte	0x458
 772 0433 06       		.uleb128 0x6
 773 0434 7D000000 		.4byte	.LASF55
 774 0438 09       		.byte	0x9
 775 0439 2D       		.byte	0x2d
 776 043a 1A020000 		.4byte	0x21a
 777 043e 00       		.byte	0
 778 043f 06       		.uleb128 0x6
 779 0440 FD030000 		.4byte	.LASF56
 780 0444 09       		.byte	0x9
 781 0445 2F       		.byte	0x2f
 782 0446 14020000 		.4byte	0x214
 783 044a 08       		.byte	0x8
 784 044b 06       		.uleb128 0x6
 785 044c 84030000 		.4byte	.LASF57
 786 0450 09       		.byte	0x9
 787 0451 31       		.byte	0x31
 788 0452 58040000 		.4byte	0x458
 789 0456 0C       		.byte	0xc
 790 0457 00       		.byte	0
 791 0458 09       		.uleb128 0x9
 792 0459 04       		.byte	0x4
 793 045a 27040000 		.4byte	0x427
 794 045e 04       		.uleb128 0x4
 795 045f 48020000 		.4byte	.LASF54
 796 0463 09       		.byte	0x9
ARM GAS  /tmp/cc4UjIFy.s 			page 15


 797 0464 33       		.byte	0x33
 798 0465 27040000 		.4byte	0x427
 799 0469 0E       		.uleb128 0xe
 800 046a 04       		.byte	0x4
 801 046b 06       		.byte	0x6
 802 046c 96       		.byte	0x96
 803 046d 9E040000 		.4byte	0x49e
 804 0471 0F       		.uleb128 0xf
 805 0472 36000000 		.4byte	.LASF58
 806 0476 06       		.byte	0x6
 807 0477 9D       		.byte	0x9d
 808 0478 CA000000 		.4byte	0xca
 809 047c 0F       		.uleb128 0xf
 810 047d B3000000 		.4byte	.LASF59
 811 0481 06       		.byte	0x6
 812 0482 A4       		.byte	0xa4
 813 0483 CA000000 		.4byte	0xca
 814 0487 0F       		.uleb128 0xf
 815 0488 EF030000 		.4byte	.LASF60
 816 048c 06       		.byte	0x6
 817 048d AB       		.byte	0xab
 818 048e 50020000 		.4byte	0x250
 819 0492 0F       		.uleb128 0xf
 820 0493 E4020000 		.4byte	.LASF61
 821 0497 06       		.byte	0x6
 822 0498 B2       		.byte	0xb2
 823 0499 D5000000 		.4byte	0xd5
 824 049d 00       		.byte	0
 825 049e 09       		.uleb128 0x9
 826 049f 04       		.byte	0x4
 827 04a0 A4040000 		.4byte	0x4a4
 828 04a4 10       		.uleb128 0x10
 829 04a5 A9040000 		.4byte	0x4a9
 830 04a9 03       		.uleb128 0x3
 831 04aa 01       		.byte	0x1
 832 04ab 08       		.byte	0x8
 833 04ac 38030000 		.4byte	.LASF62
 834 04b0 09       		.uleb128 0x9
 835 04b1 04       		.byte	0x4
 836 04b2 5E040000 		.4byte	0x45e
 837 04b6 11       		.uleb128 0x11
 838 04b7 06000000 		.4byte	.LASF68
 839 04bb 02       		.byte	0x2
 840 04bc 34       		.byte	0x34
 841 04bd 03       		.byte	0x3
 842 04be D8040000 		.4byte	0x4d8
 843 04c2 12       		.uleb128 0x12
 844 04c3 747000   		.ascii	"tp\000"
 845 04c6 02       		.byte	0x2
 846 04c7 34       		.byte	0x34
 847 04c8 14020000 		.4byte	0x214
 848 04cc 12       		.uleb128 0x12
 849 04cd 74717000 		.ascii	"tqp\000"
 850 04d1 02       		.byte	0x2
 851 04d2 34       		.byte	0x34
 852 04d3 D8040000 		.4byte	0x4d8
 853 04d7 00       		.byte	0
ARM GAS  /tmp/cc4UjIFy.s 			page 16


 854 04d8 09       		.uleb128 0x9
 855 04d9 04       		.byte	0x4
 856 04da 1A020000 		.4byte	0x21a
 857 04de 13       		.uleb128 0x13
 858 04df 6C030000 		.4byte	.LASF69
 859 04e3 02       		.byte	0x2
 860 04e4 3B       		.byte	0x3b
 861 04e5 14020000 		.4byte	0x214
 862 04e9 03       		.byte	0x3
 863 04ea 04050000 		.4byte	0x504
 864 04ee 12       		.uleb128 0x12
 865 04ef 74717000 		.ascii	"tqp\000"
 866 04f3 02       		.byte	0x2
 867 04f4 3B       		.byte	0x3b
 868 04f5 D8040000 		.4byte	0x4d8
 869 04f9 14       		.uleb128 0x14
 870 04fa 747000   		.ascii	"tp\000"
 871 04fd 02       		.byte	0x2
 872 04fe 3C       		.byte	0x3c
 873 04ff 14020000 		.4byte	0x214
 874 0503 00       		.byte	0
 875 0504 15       		.uleb128 0x15
 876 0505 98000000 		.4byte	.LASF63
 877 0509 01       		.byte	0x1
 878 050a 4B       		.byte	0x4b
 879 050b CA000000 		.4byte	0xca
 880 050f 00000000 		.4byte	.LFB7
 881 0513 40000000 		.4byte	.LFE7-.LFB7
 882 0517 01       		.uleb128 0x1
 883 0518 9C       		.byte	0x9c
 884 0519 BE050000 		.4byte	0x5be
 885 051d 16       		.uleb128 0x16
 886 051e 747000   		.ascii	"tp\000"
 887 0521 01       		.byte	0x1
 888 0522 4B       		.byte	0x4b
 889 0523 14020000 		.4byte	0x214
 890 0527 00000000 		.4byte	.LLST0
 891 052b 16       		.uleb128 0x16
 892 052c 6D736700 		.ascii	"msg\000"
 893 0530 01       		.byte	0x1
 894 0531 4B       		.byte	0x4b
 895 0532 CA000000 		.4byte	0xca
 896 0536 3A000000 		.4byte	.LLST1
 897 053a 17       		.uleb128 0x17
 898 053b 63747000 		.ascii	"ctp\000"
 899 053f 01       		.byte	0x1
 900 0540 4C       		.byte	0x4c
 901 0541 14020000 		.4byte	0x214
 902 0545 01       		.uleb128 0x1
 903 0546 54       		.byte	0x54
 904 0547 18       		.uleb128 0x18
 905 0548 06000000 		.4byte	.LBB10
 906 054c 06000000 		.4byte	.LBE10-.LBB10
 907 0550 62050000 		.4byte	0x562
 908 0554 17       		.uleb128 0x17
 909 0555 746D7000 		.ascii	"tmp\000"
 910 0559 01       		.byte	0x1
ARM GAS  /tmp/cc4UjIFy.s 			page 17


 911 055a 50       		.byte	0x50
 912 055b 6C000000 		.4byte	0x6c
 913 055f 01       		.uleb128 0x1
 914 0560 53       		.byte	0x53
 915 0561 00       		.byte	0
 916 0562 19       		.uleb128 0x19
 917 0563 B6040000 		.4byte	0x4b6
 918 0567 14000000 		.4byte	.LBB11
 919 056b 00000000 		.4byte	.Ldebug_ranges0+0
 920 056f 01       		.byte	0x1
 921 0570 53       		.byte	0x53
 922 0571 86050000 		.4byte	0x586
 923 0575 1A       		.uleb128 0x1a
 924 0576 CC040000 		.4byte	0x4cc
 925 057a 7F000000 		.4byte	.LLST2
 926 057e 1B       		.uleb128 0x1b
 927 057f C2040000 		.4byte	0x4c2
 928 0583 01       		.uleb128 0x1
 929 0584 54       		.byte	0x54
 930 0585 00       		.byte	0
 931 0586 18       		.uleb128 0x18
 932 0587 2C000000 		.4byte	.LBB15
 933 058b 06000000 		.4byte	.LBE15-.LBB15
 934 058f A1050000 		.4byte	0x5a1
 935 0593 17       		.uleb128 0x17
 936 0594 746D7000 		.ascii	"tmp\000"
 937 0598 01       		.byte	0x1
 938 0599 58       		.byte	0x58
 939 059a 6C000000 		.4byte	0x6c
 940 059e 01       		.uleb128 0x1
 941 059f 53       		.byte	0x53
 942 05a0 00       		.byte	0
 943 05a1 1C       		.uleb128 0x1c
 944 05a2 2A000000 		.4byte	.LVL4
 945 05a6 DB060000 		.4byte	0x6db
 946 05aa B4050000 		.4byte	0x5b4
 947 05ae 1D       		.uleb128 0x1d
 948 05af 01       		.uleb128 0x1
 949 05b0 50       		.byte	0x50
 950 05b1 01       		.uleb128 0x1
 951 05b2 3A       		.byte	0x3a
 952 05b3 00       		.byte	0
 953 05b4 1E       		.uleb128 0x1e
 954 05b5 38000000 		.4byte	.LVL7
 955 05b9 EC060000 		.4byte	0x6ec
 956 05bd 00       		.byte	0
 957 05be 15       		.uleb128 0x15
 958 05bf C6030000 		.4byte	.LASF64
 959 05c3 01       		.byte	0x1
 960 05c4 6A       		.byte	0x6a
 961 05c5 14020000 		.4byte	0x214
 962 05c9 00000000 		.4byte	.LFB8
 963 05cd 3C000000 		.4byte	.LFE8-.LFB8
 964 05d1 01       		.uleb128 0x1
 965 05d2 9C       		.byte	0x9c
 966 05d3 4F060000 		.4byte	0x64f
 967 05d7 14       		.uleb128 0x14
ARM GAS  /tmp/cc4UjIFy.s 			page 18


 968 05d8 747000   		.ascii	"tp\000"
 969 05db 01       		.byte	0x1
 970 05dc 6B       		.byte	0x6b
 971 05dd 14020000 		.4byte	0x214
 972 05e1 18       		.uleb128 0x18
 973 05e2 02000000 		.4byte	.LBB16
 974 05e6 06000000 		.4byte	.LBE16-.LBB16
 975 05ea FC050000 		.4byte	0x5fc
 976 05ee 17       		.uleb128 0x17
 977 05ef 746D7000 		.ascii	"tmp\000"
 978 05f3 01       		.byte	0x1
 979 05f4 6D       		.byte	0x6d
 980 05f5 6C000000 		.4byte	0x6c
 981 05f9 01       		.uleb128 0x1
 982 05fa 53       		.byte	0x53
 983 05fb 00       		.byte	0
 984 05fc 19       		.uleb128 0x19
 985 05fd DE040000 		.4byte	0x4de
 986 0601 16000000 		.4byte	.LBB17
 987 0605 18000000 		.4byte	.Ldebug_ranges0+0x18
 988 0609 01       		.byte	0x1
 989 060a 70       		.byte	0x70
 990 060b 28060000 		.4byte	0x628
 991 060f 1A       		.uleb128 0x1a
 992 0610 EE040000 		.4byte	0x4ee
 993 0614 BD000000 		.4byte	.LLST3
 994 0618 1F       		.uleb128 0x1f
 995 0619 18000000 		.4byte	.Ldebug_ranges0+0x18
 996 061d 20       		.uleb128 0x20
 997 061e F9040000 		.4byte	0x4f9
 998 0622 DC000000 		.4byte	.LLST4
 999 0626 00       		.byte	0
 1000 0627 00       		.byte	0
 1001 0628 21       		.uleb128 0x21
 1002 0629 30000000 		.4byte	.Ldebug_ranges0+0x30
 1003 062d 3F060000 		.4byte	0x63f
 1004 0631 17       		.uleb128 0x17
 1005 0632 746D7000 		.ascii	"tmp\000"
 1006 0636 01       		.byte	0x1
 1007 0637 72       		.byte	0x72
 1008 0638 6C000000 		.4byte	0x6c
 1009 063c 01       		.uleb128 0x1
 1010 063d 53       		.byte	0x53
 1011 063e 00       		.byte	0
 1012 063f 22       		.uleb128 0x22
 1013 0640 2E000000 		.4byte	.LVL11
 1014 0644 DB060000 		.4byte	0x6db
 1015 0648 1D       		.uleb128 0x1d
 1016 0649 01       		.uleb128 0x1
 1017 064a 50       		.byte	0x50
 1018 064b 01       		.uleb128 0x1
 1019 064c 3C       		.byte	0x3c
 1020 064d 00       		.byte	0
 1021 064e 00       		.byte	0
 1022 064f 23       		.uleb128 0x23
 1023 0650 01030000 		.4byte	.LASF70
 1024 0654 01       		.byte	0x1
ARM GAS  /tmp/cc4UjIFy.s 			page 19


 1025 0655 80       		.byte	0x80
 1026 0656 00000000 		.4byte	.LFB9
 1027 065a 14000000 		.4byte	.LFE9-.LFB9
 1028 065e 01       		.uleb128 0x1
 1029 065f 9C       		.byte	0x9c
 1030 0660 D0060000 		.4byte	0x6d0
 1031 0664 16       		.uleb128 0x16
 1032 0665 747000   		.ascii	"tp\000"
 1033 0668 01       		.byte	0x1
 1034 0669 80       		.byte	0x80
 1035 066a 14020000 		.4byte	0x214
 1036 066e EF000000 		.4byte	.LLST5
 1037 0672 16       		.uleb128 0x16
 1038 0673 6D736700 		.ascii	"msg\000"
 1039 0677 01       		.byte	0x1
 1040 0678 80       		.byte	0x80
 1041 0679 CA000000 		.4byte	0xca
 1042 067d 10010000 		.4byte	.LLST6
 1043 0681 18       		.uleb128 0x18
 1044 0682 02000000 		.4byte	.LBB23
 1045 0686 06000000 		.4byte	.LBE23-.LBB23
 1046 068a 9C060000 		.4byte	0x69c
 1047 068e 17       		.uleb128 0x17
 1048 068f 746D7000 		.ascii	"tmp\000"
 1049 0693 01       		.byte	0x1
 1050 0694 82       		.byte	0x82
 1051 0695 6C000000 		.4byte	0x6c
 1052 0699 01       		.uleb128 0x1
 1053 069a 53       		.byte	0x53
 1054 069b 00       		.byte	0
 1055 069c 18       		.uleb128 0x18
 1056 069d 0C000000 		.4byte	.LBB24
 1057 06a1 08000000 		.4byte	.LBE24-.LBB24
 1058 06a5 B7060000 		.4byte	0x6b7
 1059 06a9 17       		.uleb128 0x17
 1060 06aa 746D7000 		.ascii	"tmp\000"
 1061 06ae 01       		.byte	0x1
 1062 06af 86       		.byte	0x86
 1063 06b0 6C000000 		.4byte	0x6c
 1064 06b4 01       		.uleb128 0x1
 1065 06b5 53       		.byte	0x53
 1066 06b6 00       		.byte	0
 1067 06b7 22       		.uleb128 0x22
 1068 06b8 0C000000 		.4byte	.LVL13
 1069 06bc 01070000 		.4byte	0x701
 1070 06c0 1D       		.uleb128 0x1d
 1071 06c1 01       		.uleb128 0x1
 1072 06c2 51       		.byte	0x51
 1073 06c3 03       		.uleb128 0x3
 1074 06c4 F3       		.byte	0xf3
 1075 06c5 01       		.uleb128 0x1
 1076 06c6 51       		.byte	0x51
 1077 06c7 1D       		.uleb128 0x1d
 1078 06c8 01       		.uleb128 0x1
 1079 06c9 50       		.byte	0x50
 1080 06ca 03       		.uleb128 0x3
 1081 06cb F3       		.byte	0xf3
ARM GAS  /tmp/cc4UjIFy.s 			page 20


 1082 06cc 01       		.uleb128 0x1
 1083 06cd 50       		.byte	0x50
 1084 06ce 00       		.byte	0
 1085 06cf 00       		.byte	0
 1086 06d0 24       		.uleb128 0x24
 1087 06d1 E1030000 		.4byte	.LASF71
 1088 06d5 08       		.byte	0x8
 1089 06d6 6F       		.byte	0x6f
 1090 06d7 1C040000 		.4byte	0x41c
 1091 06db 25       		.uleb128 0x25
 1092 06dc 0E030000 		.4byte	.LASF72
 1093 06e0 08       		.byte	0x8
 1094 06e1 93       		.byte	0x93
 1095 06e2 EC060000 		.4byte	0x6ec
 1096 06e6 26       		.uleb128 0x26
 1097 06e7 9E000000 		.4byte	0x9e
 1098 06eb 00       		.byte	0
 1099 06ec 27       		.uleb128 0x27
 1100 06ed 78030000 		.4byte	.LASF73
 1101 06f1 08       		.byte	0x8
 1102 06f2 90       		.byte	0x90
 1103 06f3 14020000 		.4byte	0x214
 1104 06f7 01070000 		.4byte	0x701
 1105 06fb 26       		.uleb128 0x26
 1106 06fc 14020000 		.4byte	0x214
 1107 0700 00       		.byte	0
 1108 0701 28       		.uleb128 0x28
 1109 0702 B9030000 		.4byte	.LASF74
 1110 0706 08       		.byte	0x8
 1111 0707 99       		.byte	0x99
 1112 0708 26       		.uleb128 0x26
 1113 0709 14020000 		.4byte	0x214
 1114 070d 26       		.uleb128 0x26
 1115 070e CA000000 		.4byte	0xca
 1116 0712 00       		.byte	0
 1117 0713 00       		.byte	0
 1118              		.section	.debug_abbrev,"",%progbits
 1119              	.Ldebug_abbrev0:
 1120 0000 01       		.uleb128 0x1
 1121 0001 11       		.uleb128 0x11
 1122 0002 01       		.byte	0x1
 1123 0003 25       		.uleb128 0x25
 1124 0004 0E       		.uleb128 0xe
 1125 0005 13       		.uleb128 0x13
 1126 0006 0B       		.uleb128 0xb
 1127 0007 03       		.uleb128 0x3
 1128 0008 0E       		.uleb128 0xe
 1129 0009 1B       		.uleb128 0x1b
 1130 000a 0E       		.uleb128 0xe
 1131 000b 55       		.uleb128 0x55
 1132 000c 17       		.uleb128 0x17
 1133 000d 11       		.uleb128 0x11
 1134 000e 01       		.uleb128 0x1
 1135 000f 10       		.uleb128 0x10
 1136 0010 17       		.uleb128 0x17
 1137 0011 00       		.byte	0
 1138 0012 00       		.byte	0
ARM GAS  /tmp/cc4UjIFy.s 			page 21


 1139 0013 02       		.uleb128 0x2
 1140 0014 24       		.uleb128 0x24
 1141 0015 00       		.byte	0
 1142 0016 0B       		.uleb128 0xb
 1143 0017 0B       		.uleb128 0xb
 1144 0018 3E       		.uleb128 0x3e
 1145 0019 0B       		.uleb128 0xb
 1146 001a 03       		.uleb128 0x3
 1147 001b 08       		.uleb128 0x8
 1148 001c 00       		.byte	0
 1149 001d 00       		.byte	0
 1150 001e 03       		.uleb128 0x3
 1151 001f 24       		.uleb128 0x24
 1152 0020 00       		.byte	0
 1153 0021 0B       		.uleb128 0xb
 1154 0022 0B       		.uleb128 0xb
 1155 0023 3E       		.uleb128 0x3e
 1156 0024 0B       		.uleb128 0xb
 1157 0025 03       		.uleb128 0x3
 1158 0026 0E       		.uleb128 0xe
 1159 0027 00       		.byte	0
 1160 0028 00       		.byte	0
 1161 0029 04       		.uleb128 0x4
 1162 002a 16       		.uleb128 0x16
 1163 002b 00       		.byte	0
 1164 002c 03       		.uleb128 0x3
 1165 002d 0E       		.uleb128 0xe
 1166 002e 3A       		.uleb128 0x3a
 1167 002f 0B       		.uleb128 0xb
 1168 0030 3B       		.uleb128 0x3b
 1169 0031 0B       		.uleb128 0xb
 1170 0032 49       		.uleb128 0x49
 1171 0033 13       		.uleb128 0x13
 1172 0034 00       		.byte	0
 1173 0035 00       		.byte	0
 1174 0036 05       		.uleb128 0x5
 1175 0037 13       		.uleb128 0x13
 1176 0038 01       		.byte	0x1
 1177 0039 03       		.uleb128 0x3
 1178 003a 0E       		.uleb128 0xe
 1179 003b 0B       		.uleb128 0xb
 1180 003c 0B       		.uleb128 0xb
 1181 003d 3A       		.uleb128 0x3a
 1182 003e 0B       		.uleb128 0xb
 1183 003f 3B       		.uleb128 0x3b
 1184 0040 0B       		.uleb128 0xb
 1185 0041 01       		.uleb128 0x1
 1186 0042 13       		.uleb128 0x13
 1187 0043 00       		.byte	0
 1188 0044 00       		.byte	0
 1189 0045 06       		.uleb128 0x6
 1190 0046 0D       		.uleb128 0xd
 1191 0047 00       		.byte	0
 1192 0048 03       		.uleb128 0x3
 1193 0049 0E       		.uleb128 0xe
 1194 004a 3A       		.uleb128 0x3a
 1195 004b 0B       		.uleb128 0xb
ARM GAS  /tmp/cc4UjIFy.s 			page 22


 1196 004c 3B       		.uleb128 0x3b
 1197 004d 0B       		.uleb128 0xb
 1198 004e 49       		.uleb128 0x49
 1199 004f 13       		.uleb128 0x13
 1200 0050 38       		.uleb128 0x38
 1201 0051 0B       		.uleb128 0xb
 1202 0052 00       		.byte	0
 1203 0053 00       		.byte	0
 1204 0054 07       		.uleb128 0x7
 1205 0055 0D       		.uleb128 0xd
 1206 0056 00       		.byte	0
 1207 0057 03       		.uleb128 0x3
 1208 0058 08       		.uleb128 0x8
 1209 0059 3A       		.uleb128 0x3a
 1210 005a 0B       		.uleb128 0xb
 1211 005b 3B       		.uleb128 0x3b
 1212 005c 0B       		.uleb128 0xb
 1213 005d 49       		.uleb128 0x49
 1214 005e 13       		.uleb128 0x13
 1215 005f 38       		.uleb128 0x38
 1216 0060 0B       		.uleb128 0xb
 1217 0061 00       		.byte	0
 1218 0062 00       		.byte	0
 1219 0063 08       		.uleb128 0x8
 1220 0064 13       		.uleb128 0x13
 1221 0065 01       		.byte	0x1
 1222 0066 0B       		.uleb128 0xb
 1223 0067 0B       		.uleb128 0xb
 1224 0068 3A       		.uleb128 0x3a
 1225 0069 0B       		.uleb128 0xb
 1226 006a 3B       		.uleb128 0x3b
 1227 006b 0B       		.uleb128 0xb
 1228 006c 01       		.uleb128 0x1
 1229 006d 13       		.uleb128 0x13
 1230 006e 00       		.byte	0
 1231 006f 00       		.byte	0
 1232 0070 09       		.uleb128 0x9
 1233 0071 0F       		.uleb128 0xf
 1234 0072 00       		.byte	0
 1235 0073 0B       		.uleb128 0xb
 1236 0074 0B       		.uleb128 0xb
 1237 0075 49       		.uleb128 0x49
 1238 0076 13       		.uleb128 0x13
 1239 0077 00       		.byte	0
 1240 0078 00       		.byte	0
 1241 0079 0A       		.uleb128 0xa
 1242 007a 0F       		.uleb128 0xf
 1243 007b 00       		.byte	0
 1244 007c 0B       		.uleb128 0xb
 1245 007d 0B       		.uleb128 0xb
 1246 007e 00       		.byte	0
 1247 007f 00       		.byte	0
 1248 0080 0B       		.uleb128 0xb
 1249 0081 13       		.uleb128 0x13
 1250 0082 01       		.byte	0x1
 1251 0083 03       		.uleb128 0x3
 1252 0084 0E       		.uleb128 0xe
ARM GAS  /tmp/cc4UjIFy.s 			page 23


 1253 0085 0B       		.uleb128 0xb
 1254 0086 0B       		.uleb128 0xb
 1255 0087 3A       		.uleb128 0x3a
 1256 0088 0B       		.uleb128 0xb
 1257 0089 3B       		.uleb128 0x3b
 1258 008a 05       		.uleb128 0x5
 1259 008b 01       		.uleb128 0x1
 1260 008c 13       		.uleb128 0x13
 1261 008d 00       		.byte	0
 1262 008e 00       		.byte	0
 1263 008f 0C       		.uleb128 0xc
 1264 0090 0D       		.uleb128 0xd
 1265 0091 00       		.byte	0
 1266 0092 03       		.uleb128 0x3
 1267 0093 08       		.uleb128 0x8
 1268 0094 3A       		.uleb128 0x3a
 1269 0095 0B       		.uleb128 0xb
 1270 0096 3B       		.uleb128 0x3b
 1271 0097 05       		.uleb128 0x5
 1272 0098 49       		.uleb128 0x49
 1273 0099 13       		.uleb128 0x13
 1274 009a 38       		.uleb128 0x38
 1275 009b 0B       		.uleb128 0xb
 1276 009c 00       		.byte	0
 1277 009d 00       		.byte	0
 1278 009e 0D       		.uleb128 0xd
 1279 009f 35       		.uleb128 0x35
 1280 00a0 00       		.byte	0
 1281 00a1 49       		.uleb128 0x49
 1282 00a2 13       		.uleb128 0x13
 1283 00a3 00       		.byte	0
 1284 00a4 00       		.byte	0
 1285 00a5 0E       		.uleb128 0xe
 1286 00a6 17       		.uleb128 0x17
 1287 00a7 01       		.byte	0x1
 1288 00a8 0B       		.uleb128 0xb
 1289 00a9 0B       		.uleb128 0xb
 1290 00aa 3A       		.uleb128 0x3a
 1291 00ab 0B       		.uleb128 0xb
 1292 00ac 3B       		.uleb128 0x3b
 1293 00ad 0B       		.uleb128 0xb
 1294 00ae 01       		.uleb128 0x1
 1295 00af 13       		.uleb128 0x13
 1296 00b0 00       		.byte	0
 1297 00b1 00       		.byte	0
 1298 00b2 0F       		.uleb128 0xf
 1299 00b3 0D       		.uleb128 0xd
 1300 00b4 00       		.byte	0
 1301 00b5 03       		.uleb128 0x3
 1302 00b6 0E       		.uleb128 0xe
 1303 00b7 3A       		.uleb128 0x3a
 1304 00b8 0B       		.uleb128 0xb
 1305 00b9 3B       		.uleb128 0x3b
 1306 00ba 0B       		.uleb128 0xb
 1307 00bb 49       		.uleb128 0x49
 1308 00bc 13       		.uleb128 0x13
 1309 00bd 00       		.byte	0
ARM GAS  /tmp/cc4UjIFy.s 			page 24


 1310 00be 00       		.byte	0
 1311 00bf 10       		.uleb128 0x10
 1312 00c0 26       		.uleb128 0x26
 1313 00c1 00       		.byte	0
 1314 00c2 49       		.uleb128 0x49
 1315 00c3 13       		.uleb128 0x13
 1316 00c4 00       		.byte	0
 1317 00c5 00       		.byte	0
 1318 00c6 11       		.uleb128 0x11
 1319 00c7 2E       		.uleb128 0x2e
 1320 00c8 01       		.byte	0x1
 1321 00c9 03       		.uleb128 0x3
 1322 00ca 0E       		.uleb128 0xe
 1323 00cb 3A       		.uleb128 0x3a
 1324 00cc 0B       		.uleb128 0xb
 1325 00cd 3B       		.uleb128 0x3b
 1326 00ce 0B       		.uleb128 0xb
 1327 00cf 27       		.uleb128 0x27
 1328 00d0 19       		.uleb128 0x19
 1329 00d1 20       		.uleb128 0x20
 1330 00d2 0B       		.uleb128 0xb
 1331 00d3 01       		.uleb128 0x1
 1332 00d4 13       		.uleb128 0x13
 1333 00d5 00       		.byte	0
 1334 00d6 00       		.byte	0
 1335 00d7 12       		.uleb128 0x12
 1336 00d8 05       		.uleb128 0x5
 1337 00d9 00       		.byte	0
 1338 00da 03       		.uleb128 0x3
 1339 00db 08       		.uleb128 0x8
 1340 00dc 3A       		.uleb128 0x3a
 1341 00dd 0B       		.uleb128 0xb
 1342 00de 3B       		.uleb128 0x3b
 1343 00df 0B       		.uleb128 0xb
 1344 00e0 49       		.uleb128 0x49
 1345 00e1 13       		.uleb128 0x13
 1346 00e2 00       		.byte	0
 1347 00e3 00       		.byte	0
 1348 00e4 13       		.uleb128 0x13
 1349 00e5 2E       		.uleb128 0x2e
 1350 00e6 01       		.byte	0x1
 1351 00e7 03       		.uleb128 0x3
 1352 00e8 0E       		.uleb128 0xe
 1353 00e9 3A       		.uleb128 0x3a
 1354 00ea 0B       		.uleb128 0xb
 1355 00eb 3B       		.uleb128 0x3b
 1356 00ec 0B       		.uleb128 0xb
 1357 00ed 27       		.uleb128 0x27
 1358 00ee 19       		.uleb128 0x19
 1359 00ef 49       		.uleb128 0x49
 1360 00f0 13       		.uleb128 0x13
 1361 00f1 20       		.uleb128 0x20
 1362 00f2 0B       		.uleb128 0xb
 1363 00f3 01       		.uleb128 0x1
 1364 00f4 13       		.uleb128 0x13
 1365 00f5 00       		.byte	0
 1366 00f6 00       		.byte	0
ARM GAS  /tmp/cc4UjIFy.s 			page 25


 1367 00f7 14       		.uleb128 0x14
 1368 00f8 34       		.uleb128 0x34
 1369 00f9 00       		.byte	0
 1370 00fa 03       		.uleb128 0x3
 1371 00fb 08       		.uleb128 0x8
 1372 00fc 3A       		.uleb128 0x3a
 1373 00fd 0B       		.uleb128 0xb
 1374 00fe 3B       		.uleb128 0x3b
 1375 00ff 0B       		.uleb128 0xb
 1376 0100 49       		.uleb128 0x49
 1377 0101 13       		.uleb128 0x13
 1378 0102 00       		.byte	0
 1379 0103 00       		.byte	0
 1380 0104 15       		.uleb128 0x15
 1381 0105 2E       		.uleb128 0x2e
 1382 0106 01       		.byte	0x1
 1383 0107 3F       		.uleb128 0x3f
 1384 0108 19       		.uleb128 0x19
 1385 0109 03       		.uleb128 0x3
 1386 010a 0E       		.uleb128 0xe
 1387 010b 3A       		.uleb128 0x3a
 1388 010c 0B       		.uleb128 0xb
 1389 010d 3B       		.uleb128 0x3b
 1390 010e 0B       		.uleb128 0xb
 1391 010f 27       		.uleb128 0x27
 1392 0110 19       		.uleb128 0x19
 1393 0111 49       		.uleb128 0x49
 1394 0112 13       		.uleb128 0x13
 1395 0113 11       		.uleb128 0x11
 1396 0114 01       		.uleb128 0x1
 1397 0115 12       		.uleb128 0x12
 1398 0116 06       		.uleb128 0x6
 1399 0117 40       		.uleb128 0x40
 1400 0118 18       		.uleb128 0x18
 1401 0119 9742     		.uleb128 0x2117
 1402 011b 19       		.uleb128 0x19
 1403 011c 01       		.uleb128 0x1
 1404 011d 13       		.uleb128 0x13
 1405 011e 00       		.byte	0
 1406 011f 00       		.byte	0
 1407 0120 16       		.uleb128 0x16
 1408 0121 05       		.uleb128 0x5
 1409 0122 00       		.byte	0
 1410 0123 03       		.uleb128 0x3
 1411 0124 08       		.uleb128 0x8
 1412 0125 3A       		.uleb128 0x3a
 1413 0126 0B       		.uleb128 0xb
 1414 0127 3B       		.uleb128 0x3b
 1415 0128 0B       		.uleb128 0xb
 1416 0129 49       		.uleb128 0x49
 1417 012a 13       		.uleb128 0x13
 1418 012b 02       		.uleb128 0x2
 1419 012c 17       		.uleb128 0x17
 1420 012d 00       		.byte	0
 1421 012e 00       		.byte	0
 1422 012f 17       		.uleb128 0x17
 1423 0130 34       		.uleb128 0x34
ARM GAS  /tmp/cc4UjIFy.s 			page 26


 1424 0131 00       		.byte	0
 1425 0132 03       		.uleb128 0x3
 1426 0133 08       		.uleb128 0x8
 1427 0134 3A       		.uleb128 0x3a
 1428 0135 0B       		.uleb128 0xb
 1429 0136 3B       		.uleb128 0x3b
 1430 0137 0B       		.uleb128 0xb
 1431 0138 49       		.uleb128 0x49
 1432 0139 13       		.uleb128 0x13
 1433 013a 02       		.uleb128 0x2
 1434 013b 18       		.uleb128 0x18
 1435 013c 00       		.byte	0
 1436 013d 00       		.byte	0
 1437 013e 18       		.uleb128 0x18
 1438 013f 0B       		.uleb128 0xb
 1439 0140 01       		.byte	0x1
 1440 0141 11       		.uleb128 0x11
 1441 0142 01       		.uleb128 0x1
 1442 0143 12       		.uleb128 0x12
 1443 0144 06       		.uleb128 0x6
 1444 0145 01       		.uleb128 0x1
 1445 0146 13       		.uleb128 0x13
 1446 0147 00       		.byte	0
 1447 0148 00       		.byte	0
 1448 0149 19       		.uleb128 0x19
 1449 014a 1D       		.uleb128 0x1d
 1450 014b 01       		.byte	0x1
 1451 014c 31       		.uleb128 0x31
 1452 014d 13       		.uleb128 0x13
 1453 014e 52       		.uleb128 0x52
 1454 014f 01       		.uleb128 0x1
 1455 0150 55       		.uleb128 0x55
 1456 0151 17       		.uleb128 0x17
 1457 0152 58       		.uleb128 0x58
 1458 0153 0B       		.uleb128 0xb
 1459 0154 59       		.uleb128 0x59
 1460 0155 0B       		.uleb128 0xb
 1461 0156 01       		.uleb128 0x1
 1462 0157 13       		.uleb128 0x13
 1463 0158 00       		.byte	0
 1464 0159 00       		.byte	0
 1465 015a 1A       		.uleb128 0x1a
 1466 015b 05       		.uleb128 0x5
 1467 015c 00       		.byte	0
 1468 015d 31       		.uleb128 0x31
 1469 015e 13       		.uleb128 0x13
 1470 015f 02       		.uleb128 0x2
 1471 0160 17       		.uleb128 0x17
 1472 0161 00       		.byte	0
 1473 0162 00       		.byte	0
 1474 0163 1B       		.uleb128 0x1b
 1475 0164 05       		.uleb128 0x5
 1476 0165 00       		.byte	0
 1477 0166 31       		.uleb128 0x31
 1478 0167 13       		.uleb128 0x13
 1479 0168 02       		.uleb128 0x2
 1480 0169 18       		.uleb128 0x18
ARM GAS  /tmp/cc4UjIFy.s 			page 27


 1481 016a 00       		.byte	0
 1482 016b 00       		.byte	0
 1483 016c 1C       		.uleb128 0x1c
 1484 016d 898201   		.uleb128 0x4109
 1485 0170 01       		.byte	0x1
 1486 0171 11       		.uleb128 0x11
 1487 0172 01       		.uleb128 0x1
 1488 0173 31       		.uleb128 0x31
 1489 0174 13       		.uleb128 0x13
 1490 0175 01       		.uleb128 0x1
 1491 0176 13       		.uleb128 0x13
 1492 0177 00       		.byte	0
 1493 0178 00       		.byte	0
 1494 0179 1D       		.uleb128 0x1d
 1495 017a 8A8201   		.uleb128 0x410a
 1496 017d 00       		.byte	0
 1497 017e 02       		.uleb128 0x2
 1498 017f 18       		.uleb128 0x18
 1499 0180 9142     		.uleb128 0x2111
 1500 0182 18       		.uleb128 0x18
 1501 0183 00       		.byte	0
 1502 0184 00       		.byte	0
 1503 0185 1E       		.uleb128 0x1e
 1504 0186 898201   		.uleb128 0x4109
 1505 0189 00       		.byte	0
 1506 018a 11       		.uleb128 0x11
 1507 018b 01       		.uleb128 0x1
 1508 018c 31       		.uleb128 0x31
 1509 018d 13       		.uleb128 0x13
 1510 018e 00       		.byte	0
 1511 018f 00       		.byte	0
 1512 0190 1F       		.uleb128 0x1f
 1513 0191 0B       		.uleb128 0xb
 1514 0192 01       		.byte	0x1
 1515 0193 55       		.uleb128 0x55
 1516 0194 17       		.uleb128 0x17
 1517 0195 00       		.byte	0
 1518 0196 00       		.byte	0
 1519 0197 20       		.uleb128 0x20
 1520 0198 34       		.uleb128 0x34
 1521 0199 00       		.byte	0
 1522 019a 31       		.uleb128 0x31
 1523 019b 13       		.uleb128 0x13
 1524 019c 02       		.uleb128 0x2
 1525 019d 17       		.uleb128 0x17
 1526 019e 00       		.byte	0
 1527 019f 00       		.byte	0
 1528 01a0 21       		.uleb128 0x21
 1529 01a1 0B       		.uleb128 0xb
 1530 01a2 01       		.byte	0x1
 1531 01a3 55       		.uleb128 0x55
 1532 01a4 17       		.uleb128 0x17
 1533 01a5 01       		.uleb128 0x1
 1534 01a6 13       		.uleb128 0x13
 1535 01a7 00       		.byte	0
 1536 01a8 00       		.byte	0
 1537 01a9 22       		.uleb128 0x22
ARM GAS  /tmp/cc4UjIFy.s 			page 28


 1538 01aa 898201   		.uleb128 0x4109
 1539 01ad 01       		.byte	0x1
 1540 01ae 11       		.uleb128 0x11
 1541 01af 01       		.uleb128 0x1
 1542 01b0 31       		.uleb128 0x31
 1543 01b1 13       		.uleb128 0x13
 1544 01b2 00       		.byte	0
 1545 01b3 00       		.byte	0
 1546 01b4 23       		.uleb128 0x23
 1547 01b5 2E       		.uleb128 0x2e
 1548 01b6 01       		.byte	0x1
 1549 01b7 3F       		.uleb128 0x3f
 1550 01b8 19       		.uleb128 0x19
 1551 01b9 03       		.uleb128 0x3
 1552 01ba 0E       		.uleb128 0xe
 1553 01bb 3A       		.uleb128 0x3a
 1554 01bc 0B       		.uleb128 0xb
 1555 01bd 3B       		.uleb128 0x3b
 1556 01be 0B       		.uleb128 0xb
 1557 01bf 27       		.uleb128 0x27
 1558 01c0 19       		.uleb128 0x19
 1559 01c1 11       		.uleb128 0x11
 1560 01c2 01       		.uleb128 0x1
 1561 01c3 12       		.uleb128 0x12
 1562 01c4 06       		.uleb128 0x6
 1563 01c5 40       		.uleb128 0x40
 1564 01c6 18       		.uleb128 0x18
 1565 01c7 9742     		.uleb128 0x2117
 1566 01c9 19       		.uleb128 0x19
 1567 01ca 01       		.uleb128 0x1
 1568 01cb 13       		.uleb128 0x13
 1569 01cc 00       		.byte	0
 1570 01cd 00       		.byte	0
 1571 01ce 24       		.uleb128 0x24
 1572 01cf 34       		.uleb128 0x34
 1573 01d0 00       		.byte	0
 1574 01d1 03       		.uleb128 0x3
 1575 01d2 0E       		.uleb128 0xe
 1576 01d3 3A       		.uleb128 0x3a
 1577 01d4 0B       		.uleb128 0xb
 1578 01d5 3B       		.uleb128 0x3b
 1579 01d6 0B       		.uleb128 0xb
 1580 01d7 49       		.uleb128 0x49
 1581 01d8 13       		.uleb128 0x13
 1582 01d9 3F       		.uleb128 0x3f
 1583 01da 19       		.uleb128 0x19
 1584 01db 3C       		.uleb128 0x3c
 1585 01dc 19       		.uleb128 0x19
 1586 01dd 00       		.byte	0
 1587 01de 00       		.byte	0
 1588 01df 25       		.uleb128 0x25
 1589 01e0 2E       		.uleb128 0x2e
 1590 01e1 01       		.byte	0x1
 1591 01e2 3F       		.uleb128 0x3f
 1592 01e3 19       		.uleb128 0x19
 1593 01e4 03       		.uleb128 0x3
 1594 01e5 0E       		.uleb128 0xe
ARM GAS  /tmp/cc4UjIFy.s 			page 29


 1595 01e6 3A       		.uleb128 0x3a
 1596 01e7 0B       		.uleb128 0xb
 1597 01e8 3B       		.uleb128 0x3b
 1598 01e9 0B       		.uleb128 0xb
 1599 01ea 27       		.uleb128 0x27
 1600 01eb 19       		.uleb128 0x19
 1601 01ec 3C       		.uleb128 0x3c
 1602 01ed 19       		.uleb128 0x19
 1603 01ee 01       		.uleb128 0x1
 1604 01ef 13       		.uleb128 0x13
 1605 01f0 00       		.byte	0
 1606 01f1 00       		.byte	0
 1607 01f2 26       		.uleb128 0x26
 1608 01f3 05       		.uleb128 0x5
 1609 01f4 00       		.byte	0
 1610 01f5 49       		.uleb128 0x49
 1611 01f6 13       		.uleb128 0x13
 1612 01f7 00       		.byte	0
 1613 01f8 00       		.byte	0
 1614 01f9 27       		.uleb128 0x27
 1615 01fa 2E       		.uleb128 0x2e
 1616 01fb 01       		.byte	0x1
 1617 01fc 3F       		.uleb128 0x3f
 1618 01fd 19       		.uleb128 0x19
 1619 01fe 03       		.uleb128 0x3
 1620 01ff 0E       		.uleb128 0xe
 1621 0200 3A       		.uleb128 0x3a
 1622 0201 0B       		.uleb128 0xb
 1623 0202 3B       		.uleb128 0x3b
 1624 0203 0B       		.uleb128 0xb
 1625 0204 27       		.uleb128 0x27
 1626 0205 19       		.uleb128 0x19
 1627 0206 49       		.uleb128 0x49
 1628 0207 13       		.uleb128 0x13
 1629 0208 3C       		.uleb128 0x3c
 1630 0209 19       		.uleb128 0x19
 1631 020a 01       		.uleb128 0x1
 1632 020b 13       		.uleb128 0x13
 1633 020c 00       		.byte	0
 1634 020d 00       		.byte	0
 1635 020e 28       		.uleb128 0x28
 1636 020f 2E       		.uleb128 0x2e
 1637 0210 01       		.byte	0x1
 1638 0211 3F       		.uleb128 0x3f
 1639 0212 19       		.uleb128 0x19
 1640 0213 03       		.uleb128 0x3
 1641 0214 0E       		.uleb128 0xe
 1642 0215 3A       		.uleb128 0x3a
 1643 0216 0B       		.uleb128 0xb
 1644 0217 3B       		.uleb128 0x3b
 1645 0218 0B       		.uleb128 0xb
 1646 0219 27       		.uleb128 0x27
 1647 021a 19       		.uleb128 0x19
 1648 021b 3C       		.uleb128 0x3c
 1649 021c 19       		.uleb128 0x19
 1650 021d 00       		.byte	0
 1651 021e 00       		.byte	0
ARM GAS  /tmp/cc4UjIFy.s 			page 30


 1652 021f 00       		.byte	0
 1653              		.section	.debug_loc,"",%progbits
 1654              	.Ldebug_loc0:
 1655              	.LLST0:
 1656 0000 00000000 		.4byte	.LVL0
 1657 0004 24000000 		.4byte	.LVL3
 1658 0008 0100     		.2byte	0x1
 1659 000a 50       		.byte	0x50
 1660 000b 24000000 		.4byte	.LVL3
 1661 000f 34000000 		.4byte	.LVL6
 1662 0013 0400     		.2byte	0x4
 1663 0015 F3       		.byte	0xf3
 1664 0016 01       		.uleb128 0x1
 1665 0017 50       		.byte	0x50
 1666 0018 9F       		.byte	0x9f
 1667 0019 34000000 		.4byte	.LVL6
 1668 001d 37000000 		.4byte	.LVL7-1
 1669 0021 0100     		.2byte	0x1
 1670 0023 50       		.byte	0x50
 1671 0024 37000000 		.4byte	.LVL7-1
 1672 0028 40000000 		.4byte	.LFE7
 1673 002c 0400     		.2byte	0x4
 1674 002e F3       		.byte	0xf3
 1675 002f 01       		.uleb128 0x1
 1676 0030 50       		.byte	0x50
 1677 0031 9F       		.byte	0x9f
 1678 0032 00000000 		.4byte	0
 1679 0036 00000000 		.4byte	0
 1680              	.LLST1:
 1681 003a 00000000 		.4byte	.LVL0
 1682 003e 24000000 		.4byte	.LVL3
 1683 0042 0100     		.2byte	0x1
 1684 0044 51       		.byte	0x51
 1685 0045 24000000 		.4byte	.LVL3
 1686 0049 2C000000 		.4byte	.LVL5
 1687 004d 0400     		.2byte	0x4
 1688 004f F3       		.byte	0xf3
 1689 0050 01       		.uleb128 0x1
 1690 0051 51       		.byte	0x51
 1691 0052 9F       		.byte	0x9f
 1692 0053 2C000000 		.4byte	.LVL5
 1693 0057 34000000 		.4byte	.LVL6
 1694 005b 0100     		.2byte	0x1
 1695 005d 50       		.byte	0x50
 1696 005e 34000000 		.4byte	.LVL6
 1697 0062 37000000 		.4byte	.LVL7-1
 1698 0066 0100     		.2byte	0x1
 1699 0068 51       		.byte	0x51
 1700 0069 37000000 		.4byte	.LVL7-1
 1701 006d 40000000 		.4byte	.LFE7
 1702 0071 0400     		.2byte	0x4
 1703 0073 F3       		.byte	0xf3
 1704 0074 01       		.uleb128 0x1
 1705 0075 51       		.byte	0x51
 1706 0076 9F       		.byte	0x9f
 1707 0077 00000000 		.4byte	0
 1708 007b 00000000 		.4byte	0
ARM GAS  /tmp/cc4UjIFy.s 			page 31


 1709              	.LLST2:
 1710 007f 14000000 		.4byte	.LVL2
 1711 0083 24000000 		.4byte	.LVL3
 1712 0087 0100     		.2byte	0x1
 1713 0089 52       		.byte	0x52
 1714 008a 24000000 		.4byte	.LVL3
 1715 008e 34000000 		.4byte	.LVL6
 1716 0092 0600     		.2byte	0x6
 1717 0094 F3       		.byte	0xf3
 1718 0095 01       		.uleb128 0x1
 1719 0096 50       		.byte	0x50
 1720 0097 23       		.byte	0x23
 1721 0098 2C       		.uleb128 0x2c
 1722 0099 9F       		.byte	0x9f
 1723 009a 34000000 		.4byte	.LVL6
 1724 009e 37000000 		.4byte	.LVL7-1
 1725 00a2 0100     		.2byte	0x1
 1726 00a4 52       		.byte	0x52
 1727 00a5 37000000 		.4byte	.LVL7-1
 1728 00a9 40000000 		.4byte	.LFE7
 1729 00ad 0600     		.2byte	0x6
 1730 00af F3       		.byte	0xf3
 1731 00b0 01       		.uleb128 0x1
 1732 00b1 50       		.byte	0x50
 1733 00b2 23       		.byte	0x23
 1734 00b3 2C       		.uleb128 0x2c
 1735 00b4 9F       		.byte	0x9f
 1736 00b5 00000000 		.4byte	0
 1737 00b9 00000000 		.4byte	0
 1738              	.LLST3:
 1739 00bd 16000000 		.4byte	.LVL8
 1740 00c1 20000000 		.4byte	.LVL9
 1741 00c5 0100     		.2byte	0x1
 1742 00c7 53       		.byte	0x53
 1743 00c8 20000000 		.4byte	.LVL9
 1744 00cc 28000000 		.4byte	.LVL10
 1745 00d0 0200     		.2byte	0x2
 1746 00d2 71       		.byte	0x71
 1747 00d3 04       		.sleb128 4
 1748 00d4 00000000 		.4byte	0
 1749 00d8 00000000 		.4byte	0
 1750              	.LLST4:
 1751 00dc 16000000 		.4byte	.LVL8
 1752 00e0 28000000 		.4byte	.LVL10
 1753 00e4 0100     		.2byte	0x1
 1754 00e6 50       		.byte	0x50
 1755 00e7 00000000 		.4byte	0
 1756 00eb 00000000 		.4byte	0
 1757              	.LLST5:
 1758 00ef 00000000 		.4byte	.LVL12
 1759 00f3 0B000000 		.4byte	.LVL13-1
 1760 00f7 0100     		.2byte	0x1
 1761 00f9 50       		.byte	0x50
 1762 00fa 0B000000 		.4byte	.LVL13-1
 1763 00fe 14000000 		.4byte	.LFE9
 1764 0102 0400     		.2byte	0x4
 1765 0104 F3       		.byte	0xf3
ARM GAS  /tmp/cc4UjIFy.s 			page 32


 1766 0105 01       		.uleb128 0x1
 1767 0106 50       		.byte	0x50
 1768 0107 9F       		.byte	0x9f
 1769 0108 00000000 		.4byte	0
 1770 010c 00000000 		.4byte	0
 1771              	.LLST6:
 1772 0110 00000000 		.4byte	.LVL12
 1773 0114 0B000000 		.4byte	.LVL13-1
 1774 0118 0100     		.2byte	0x1
 1775 011a 51       		.byte	0x51
 1776 011b 0B000000 		.4byte	.LVL13-1
 1777 011f 14000000 		.4byte	.LFE9
 1778 0123 0400     		.2byte	0x4
 1779 0125 F3       		.byte	0xf3
 1780 0126 01       		.uleb128 0x1
 1781 0127 51       		.byte	0x51
 1782 0128 9F       		.byte	0x9f
 1783 0129 00000000 		.4byte	0
 1784 012d 00000000 		.4byte	0
 1785              		.section	.debug_aranges,"",%progbits
 1786 0000 2C000000 		.4byte	0x2c
 1787 0004 0200     		.2byte	0x2
 1788 0006 00000000 		.4byte	.Ldebug_info0
 1789 000a 04       		.byte	0x4
 1790 000b 00       		.byte	0
 1791 000c 0000     		.2byte	0
 1792 000e 0000     		.2byte	0
 1793 0010 00000000 		.4byte	.LFB7
 1794 0014 40000000 		.4byte	.LFE7-.LFB7
 1795 0018 00000000 		.4byte	.LFB8
 1796 001c 3C000000 		.4byte	.LFE8-.LFB8
 1797 0020 00000000 		.4byte	.LFB9
 1798 0024 14000000 		.4byte	.LFE9-.LFB9
 1799 0028 00000000 		.4byte	0
 1800 002c 00000000 		.4byte	0
 1801              		.section	.debug_ranges,"",%progbits
 1802              	.Ldebug_ranges0:
 1803 0000 14000000 		.4byte	.LBB11
 1804 0004 16000000 		.4byte	.LBE11
 1805 0008 1A000000 		.4byte	.LBB14
 1806 000c 22000000 		.4byte	.LBE14
 1807 0010 00000000 		.4byte	0
 1808 0014 00000000 		.4byte	0
 1809 0018 16000000 		.4byte	.LBB17
 1810 001c 1A000000 		.4byte	.LBE17
 1811 0020 1C000000 		.4byte	.LBB20
 1812 0024 1E000000 		.4byte	.LBE20
 1813 0028 00000000 		.4byte	0
 1814 002c 00000000 		.4byte	0
 1815 0030 1E000000 		.4byte	.LBB21
 1816 0034 20000000 		.4byte	.LBE21
 1817 0038 22000000 		.4byte	.LBB22
 1818 003c 26000000 		.4byte	.LBE22
 1819 0040 00000000 		.4byte	0
 1820 0044 00000000 		.4byte	0
 1821 0048 00000000 		.4byte	.LFB7
 1822 004c 40000000 		.4byte	.LFE7
ARM GAS  /tmp/cc4UjIFy.s 			page 33


 1823 0050 00000000 		.4byte	.LFB8
 1824 0054 3C000000 		.4byte	.LFE8
 1825 0058 00000000 		.4byte	.LFB9
 1826 005c 14000000 		.4byte	.LFE9
 1827 0060 00000000 		.4byte	0
 1828 0064 00000000 		.4byte	0
 1829              		.section	.debug_line,"",%progbits
 1830              	.Ldebug_line0:
 1831 0000 95010000 		.section	.debug_str,"MS",%progbits,1
 1831      02002201 
 1831      00000201 
 1831      FB0E0D00 
 1831      01010101 
 1832              	.LASF36:
 1833 0000 705F6D73 		.ascii	"p_msg\000"
 1833      6700
 1834              	.LASF68:
 1835 0006 71756575 		.ascii	"queue_insert\000"
 1835      655F696E 
 1835      73657274 
 1835      00
 1836              	.LASF67:
 1837 0013 2F686F6D 		.ascii	"/home/brian/aithon/ProjectTemplate\000"
 1837      652F6272 
 1837      69616E2F 
 1837      61697468 
 1837      6F6E2F50 
 1838              	.LASF58:
 1839 0036 7264796D 		.ascii	"rdymsg\000"
 1839      736700
 1840              	.LASF11:
 1841 003d 6C6F6E67 		.ascii	"long long unsigned int\000"
 1841      206C6F6E 
 1841      6720756E 
 1841      7369676E 
 1841      65642069 
 1842              	.LASF24:
 1843 0054 705F7072 		.ascii	"p_prio\000"
 1843      696F00
 1844              	.LASF10:
 1845 005b 6C6F6E67 		.ascii	"long long int\000"
 1845      206C6F6E 
 1845      6720696E 
 1845      7400
 1846              	.LASF1:
 1847 0069 7369676E 		.ascii	"signed char\000"
 1847      65642063 
 1847      68617200 
 1848              	.LASF40:
 1849 0075 705F6D70 		.ascii	"p_mpool\000"
 1849      6F6F6C00 
 1850              	.LASF55:
 1851 007d 6D5F7175 		.ascii	"m_queue\000"
 1851      65756500 
 1852              	.LASF16:
 1853 0085 74736C69 		.ascii	"tslices_t\000"
 1853      6365735F 
ARM GAS  /tmp/cc4UjIFy.s 			page 34


 1853      7400
 1854              	.LASF7:
 1855 008f 6C6F6E67 		.ascii	"long int\000"
 1855      20696E74 
 1855      00
 1856              	.LASF63:
 1857 0098 63684D73 		.ascii	"chMsgSend\000"
 1857      6753656E 
 1857      6400
 1858              	.LASF14:
 1859 00a2 74737461 		.ascii	"tstate_t\000"
 1859      74655F74 
 1859      00
 1860              	.LASF26:
 1861 00ab 705F6E65 		.ascii	"p_newer\000"
 1861      77657200 
 1862              	.LASF59:
 1863 00b3 65786974 		.ascii	"exitcode\000"
 1863      636F6465 
 1863      00
 1864              	.LASF50:
 1865 00bc 725F6E65 		.ascii	"r_newer\000"
 1865      77657200 
 1866              	.LASF43:
 1867 00c4 72656761 		.ascii	"regarm_t\000"
 1867      726D5F74 
 1867      00
 1868              	.LASF0:
 1869 00cd 756E7369 		.ascii	"unsigned int\000"
 1869      676E6564 
 1869      20696E74 
 1869      00
 1870              	.LASF65:
 1871 00da 474E5520 		.ascii	"GNU C 4.8.3 20131129 (release) [ARM/embedded-4_8-br"
 1871      4320342E 
 1871      382E3320 
 1871      32303133 
 1871      31313239 
 1872 010d 616E6368 		.ascii	"anch revision 205641] -mcpu=cortex-m4 -mfloat-abi=s"
 1872      20726576 
 1872      6973696F 
 1872      6E203230 
 1872      35363431 
 1873 0140 6F667466 		.ascii	"oftfp -mfpu=fpv4-sp-d16 -mno-thumb-interwork -mthum"
 1873      70202D6D 
 1873      6670753D 
 1873      66707634 
 1873      2D73702D 
 1874 0173 62202D67 		.ascii	"b -ggdb -O2 -fomit-frame-pointer -falign-functions="
 1874      67646220 
 1874      2D4F3220 
 1874      2D666F6D 
 1874      69742D66 
 1875 01a6 3136202D 		.ascii	"16 -fsingle-precision-constant -ffunction-sections "
 1875      6673696E 
 1875      676C652D 
 1875      70726563 
ARM GAS  /tmp/cc4UjIFy.s 			page 35


 1875      6973696F 
 1876 01d9 2D666461 		.ascii	"-fdata-sections -fno-common\000"
 1876      74612D73 
 1876      65637469 
 1876      6F6E7320 
 1876      2D666E6F 
 1877              	.LASF9:
 1878 01f5 6C6F6E67 		.ascii	"long unsigned int\000"
 1878      20756E73 
 1878      69676E65 
 1878      6420696E 
 1878      7400
 1879              	.LASF45:
 1880 0207 636F6E74 		.ascii	"context\000"
 1880      65787400 
 1881              	.LASF4:
 1882 020f 73686F72 		.ascii	"short unsigned int\000"
 1882      7420756E 
 1882      7369676E 
 1882      65642069 
 1882      6E7400
 1883              	.LASF18:
 1884 0222 6D73675F 		.ascii	"msg_t\000"
 1884      7400
 1885              	.LASF13:
 1886 0228 746D6F64 		.ascii	"tmode_t\000"
 1886      655F7400 
 1887              	.LASF42:
 1888 0230 54687265 		.ascii	"ThreadsList\000"
 1888      6164734C 
 1888      69737400 
 1889              	.LASF19:
 1890 023c 6576656E 		.ascii	"eventmask_t\000"
 1890      746D6173 
 1890      6B5F7400 
 1891              	.LASF54:
 1892 0248 4D757465 		.ascii	"Mutex\000"
 1892      7800
 1893              	.LASF46:
 1894 024e 73697A65 		.ascii	"sizetype\000"
 1894      74797065 
 1894      00
 1895              	.LASF27:
 1896 0257 705F6F6C 		.ascii	"p_older\000"
 1896      64657200 
 1897              	.LASF49:
 1898 025f 725F6374 		.ascii	"r_ctx\000"
 1898      7800
 1899              	.LASF41:
 1900 0265 54687265 		.ascii	"ThreadsQueue\000"
 1900      61647351 
 1900      75657565 
 1900      00
 1901              	.LASF52:
 1902 0272 725F6375 		.ascii	"r_current\000"
 1902      7272656E 
 1902      7400
ARM GAS  /tmp/cc4UjIFy.s 			page 36


 1903              	.LASF51:
 1904 027c 725F6F6C 		.ascii	"r_older\000"
 1904      64657200 
 1905              	.LASF15:
 1906 0284 74726566 		.ascii	"trefs_t\000"
 1906      735F7400 
 1907              	.LASF23:
 1908 028c 705F7072 		.ascii	"p_prev\000"
 1908      657600
 1909              	.LASF17:
 1910 0293 74707269 		.ascii	"tprio_t\000"
 1910      6F5F7400 
 1911              	.LASF12:
 1912 029b 5F426F6F 		.ascii	"_Bool\000"
 1912      6C00
 1913              	.LASF6:
 1914 02a1 696E7433 		.ascii	"int32_t\000"
 1914      325F7400 
 1915              	.LASF2:
 1916 02a9 756E7369 		.ascii	"unsigned char\000"
 1916      676E6564 
 1916      20636861 
 1916      7200
 1917              	.LASF38:
 1918 02b7 705F6D74 		.ascii	"p_mtxlist\000"
 1918      786C6973 
 1918      7400
 1919              	.LASF3:
 1920 02c1 73686F72 		.ascii	"short int\000"
 1920      7420696E 
 1920      7400
 1921              	.LASF29:
 1922 02cb 705F7374 		.ascii	"p_state\000"
 1922      61746500 
 1923              	.LASF32:
 1924 02d3 705F7072 		.ascii	"p_preempt\000"
 1924      65656D70 
 1924      7400
 1925              	.LASF48:
 1926 02dd 725F7072 		.ascii	"r_prio\000"
 1926      696F00
 1927              	.LASF61:
 1928 02e4 65776D61 		.ascii	"ewmask\000"
 1928      736B00
 1929              	.LASF22:
 1930 02eb 705F6E65 		.ascii	"p_next\000"
 1930      787400
 1931              	.LASF30:
 1932 02f2 705F666C 		.ascii	"p_flags\000"
 1932      61677300 
 1933              	.LASF21:
 1934 02fa 54687265 		.ascii	"Thread\000"
 1934      616400
 1935              	.LASF70:
 1936 0301 63684D73 		.ascii	"chMsgRelease\000"
 1936      6752656C 
 1936      65617365 
ARM GAS  /tmp/cc4UjIFy.s 			page 37


 1936      00
 1937              	.LASF72:
 1938 030e 63685363 		.ascii	"chSchGoSleepS\000"
 1938      68476F53 
 1938      6C656570 
 1938      5300
 1939              	.LASF37:
 1940 031c 705F6570 		.ascii	"p_epending\000"
 1940      656E6469 
 1940      6E6700
 1941              	.LASF8:
 1942 0327 75696E74 		.ascii	"uint32_t\000"
 1942      33325F74 
 1942      00
 1943              	.LASF47:
 1944 0330 725F7175 		.ascii	"r_queue\000"
 1944      65756500 
 1945              	.LASF62:
 1946 0338 63686172 		.ascii	"char\000"
 1946      00
 1947              	.LASF66:
 1948 033d 2E2E2F41 		.ascii	"../AithonLibrary/ChibiOS/os/kernel/src/chmsg.c\000"
 1948      6974686F 
 1948      6E4C6962 
 1948      72617279 
 1948      2F436869 
 1949              	.LASF69:
 1950 036c 6669666F 		.ascii	"fifo_remove\000"
 1950      5F72656D 
 1950      6F766500 
 1951              	.LASF73:
 1952 0378 63685363 		.ascii	"chSchReadyI\000"
 1952      68526561 
 1952      64794900 
 1953              	.LASF57:
 1954 0384 6D5F6E65 		.ascii	"m_next\000"
 1954      787400
 1955              	.LASF20:
 1956 038b 73797374 		.ascii	"systime_t\000"
 1956      696D655F 
 1956      7400
 1957              	.LASF39:
 1958 0395 705F7265 		.ascii	"p_realprio\000"
 1958      616C7072 
 1958      696F00
 1959              	.LASF33:
 1960 03a0 705F7469 		.ascii	"p_time\000"
 1960      6D6500
 1961              	.LASF44:
 1962 03a7 696E7463 		.ascii	"intctx\000"
 1962      747800
 1963              	.LASF35:
 1964 03ae 705F6D73 		.ascii	"p_msgqueue\000"
 1964      67717565 
 1964      756500
 1965              	.LASF74:
 1966 03b9 63685363 		.ascii	"chSchWakeupS\000"
ARM GAS  /tmp/cc4UjIFy.s 			page 38


 1966      6857616B 
 1966      65757053 
 1966      00
 1967              	.LASF64:
 1968 03c6 63684D73 		.ascii	"chMsgWait\000"
 1968      67576169 
 1968      7400
 1969              	.LASF31:
 1970 03d0 705F7265 		.ascii	"p_refs\000"
 1970      667300
 1971              	.LASF53:
 1972 03d7 52656164 		.ascii	"ReadyList\000"
 1972      794C6973 
 1972      7400
 1973              	.LASF71:
 1974 03e1 726C6973 		.ascii	"rlist\000"
 1974      7400
 1975              	.LASF5:
 1976 03e7 75696E74 		.ascii	"uint8_t\000"
 1976      385F7400 
 1977              	.LASF60:
 1978 03ef 77746F62 		.ascii	"wtobjp\000"
 1978      6A7000
 1979              	.LASF28:
 1980 03f6 705F6E61 		.ascii	"p_name\000"
 1980      6D6500
 1981              	.LASF56:
 1982 03fd 6D5F6F77 		.ascii	"m_owner\000"
 1982      6E657200 
 1983              	.LASF25:
 1984 0405 705F6374 		.ascii	"p_ctx\000"
 1984      7800
 1985              	.LASF34:
 1986 040b 705F7761 		.ascii	"p_waiting\000"
 1986      6974696E 
 1986      6700
 1987              		.ident	"GCC: (GNU Tools for ARM Embedded Processors) 4.8.3 20131129 (release) [ARM/embedded-4_8-br
ARM GAS  /tmp/cc4UjIFy.s 			page 39


DEFINED SYMBOLS
                            *ABS*:0000000000000000 chmsg.c
     /tmp/cc4UjIFy.s:20     .text.chMsgSend:0000000000000000 $t
     /tmp/cc4UjIFy.s:26     .text.chMsgSend:0000000000000000 chMsgSend
     /tmp/cc4UjIFy.s:109    .text.chMsgSend:000000000000003c $d
     /tmp/cc4UjIFy.s:114    .text.chMsgWait:0000000000000000 $t
     /tmp/cc4UjIFy.s:120    .text.chMsgWait:0000000000000000 chMsgWait
     /tmp/cc4UjIFy.s:191    .text.chMsgWait:0000000000000038 $d
     /tmp/cc4UjIFy.s:196    .text.chMsgRelease:0000000000000000 $t
     /tmp/cc4UjIFy.s:202    .text.chMsgRelease:0000000000000000 chMsgRelease
                     .debug_frame:0000000000000010 $d
     /tmp/cc4UjIFy.s:195    .text.chMsgWait:000000000000003c $t

UNDEFINED SYMBOLS
chSchGoSleepS
chSchReadyI
rlist
chSchWakeupS
