ARM GAS  /tmp/ccRY00oY.s 			page 1


   1              		.syntax unified
   2              		.cpu cortex-m4
   3              		.eabi_attribute 27, 3
   4              		.fpu fpv4-sp-d16
   5              		.eabi_attribute 20, 1
   6              		.eabi_attribute 21, 1
   7              		.eabi_attribute 23, 3
   8              		.eabi_attribute 24, 1
   9              		.eabi_attribute 25, 1
  10              		.eabi_attribute 26, 1
  11              		.eabi_attribute 30, 2
  12              		.eabi_attribute 34, 1
  13              		.eabi_attribute 18, 4
  14              		.thumb
  15              		.file	"chregistry.c"
  16              		.text
  17              	.Ltext0:
  18              		.cfi_sections	.debug_frame
  19              		.section	.text.chRegFirstThread,"ax",%progbits
  20              		.align	2
  21              		.p2align 4,,15
  22              		.global	chRegFirstThread
  23              		.thumb
  24              		.thumb_func
  25              		.type	chRegFirstThread, %function
  26              	chRegFirstThread:
  27              	.LFB7:
  28              		.file 1 "../AithonLibrary/ChibiOS/os/kernel/src/chregistry.c"
  29              		.loc 1 117 0
  30              		.cfi_startproc
  31              		@ args = 0, pretend = 0, frame = 0
  32              		@ frame_needed = 0, uses_anonymous_args = 0
  33              		@ link register save eliminated.
  34              	.LBB2:
  35              		.loc 1 120 0
  36 0000 2023     		movs	r3, #32
  37              	@ 120 "../AithonLibrary/ChibiOS/os/kernel/src/chregistry.c" 1
  38 0002 83F31188 		msr     BASEPRI, r3
  39              	@ 0 "" 2
  40              		.thumb
  41              	.LBE2:
  42              		.loc 1 121 0
  43 0006 044B     		ldr	r3, .L2
  44 0008 1869     		ldr	r0, [r3, #16]
  45              	.LVL0:
  46              		.loc 1 123 0
  47 000a 837F     		ldrb	r3, [r0, #30]	@ zero_extendqisi2
  48 000c 0133     		adds	r3, r3, #1
  49 000e 8377     		strb	r3, [r0, #30]
  50              	.LBB3:
  51              		.loc 1 125 0
  52 0010 0023     		movs	r3, #0
  53              	@ 125 "../AithonLibrary/ChibiOS/os/kernel/src/chregistry.c" 1
  54 0012 83F31188 		msr     BASEPRI, r3
  55              	@ 0 "" 2
  56              		.thumb
  57              	.LBE3:
ARM GAS  /tmp/ccRY00oY.s 			page 2


  58              		.loc 1 127 0
  59 0016 7047     		bx	lr
  60              	.L3:
  61              		.align	2
  62              	.L2:
  63 0018 00000000 		.word	rlist
  64              		.cfi_endproc
  65              	.LFE7:
  66              		.size	chRegFirstThread, .-chRegFirstThread
  67 001c AFF30080 		.section	.text.chRegNextThread,"ax",%progbits
  68              		.align	2
  69              		.p2align 4,,15
  70              		.global	chRegNextThread
  71              		.thumb
  72              		.thumb_func
  73              		.type	chRegNextThread, %function
  74              	chRegNextThread:
  75              	.LFB8:
  76              		.loc 1 140 0
  77              		.cfi_startproc
  78              		@ args = 0, pretend = 0, frame = 0
  79              		@ frame_needed = 0, uses_anonymous_args = 0
  80              	.LVL1:
  81 0000 10B5     		push	{r4, lr}
  82              		.cfi_def_cfa_offset 8
  83              		.cfi_offset 4, -8
  84              		.cfi_offset 14, -4
  85              	.LBB4:
  86              		.loc 1 143 0
  87 0002 2023     		movs	r3, #32
  88              	@ 143 "../AithonLibrary/ChibiOS/os/kernel/src/chregistry.c" 1
  89 0004 83F31188 		msr     BASEPRI, r3
  90              	@ 0 "" 2
  91              		.thumb
  92              	.LBE4:
  93              		.loc 1 145 0
  94 0008 074B     		ldr	r3, .L7
  95              		.loc 1 144 0
  96 000a 0469     		ldr	r4, [r0, #16]
  97              	.LVL2:
  98              		.loc 1 145 0
  99 000c 9C42     		cmp	r4, r3
 100              		.loc 1 151 0
 101 000e 1DBF     		ittte	ne
 102 0010 A37F     		ldrbne	r3, [r4, #30]	@ zero_extendqisi2
 103 0012 0133     		addne	r3, r3, #1
 104 0014 A377     		strbne	r3, [r4, #30]
 105              		.loc 1 146 0
 106 0016 0024     		moveq	r4, #0
 107              	.LVL3:
 108              	.LBB5:
 109              		.loc 1 154 0
 110 0018 0023     		movs	r3, #0
 111              	@ 154 "../AithonLibrary/ChibiOS/os/kernel/src/chregistry.c" 1
 112 001a 83F31188 		msr     BASEPRI, r3
 113              	@ 0 "" 2
 114              		.thumb
ARM GAS  /tmp/ccRY00oY.s 			page 3


 115              	.LBE5:
 116              		.loc 1 156 0
 117 001e FFF7FEFF 		bl	chThdRelease
 118              	.LVL4:
 119              		.loc 1 159 0
 120 0022 2046     		mov	r0, r4
 121 0024 10BD     		pop	{r4, pc}
 122              	.LVL5:
 123              	.L8:
 124 0026 00BF     		.align	2
 125              	.L7:
 126 0028 00000000 		.word	rlist
 127              		.cfi_endproc
 128              	.LFE8:
 129              		.size	chRegNextThread, .-chRegNextThread
 130              		.global	ch_debug
 131 002c AFF30080 		.section	.rodata.ch_debug,"a",%progbits
 132              		.align	2
 133              		.type	ch_debug, %object
 134              		.size	ch_debug, 22
 135              	ch_debug:
 136 0000 6D61696E 		.ascii	"main"
 137 0004 00       		.byte	0
 138 0005 16       		.byte	22
 139 0006 8211     		.short	4482
 140 0008 04       		.byte	4
 141 0009 04       		.byte	4
 142 000a 48       		.byte	72
 143 000b 08       		.byte	8
 144 000c 0C       		.byte	12
 145 000d 10       		.byte	16
 146 000e 14       		.byte	20
 147 000f 18       		.byte	24
 148 0010 00       		.byte	0
 149 0011 1C       		.byte	28
 150 0012 1D       		.byte	29
 151 0013 1E       		.byte	30
 152 0014 1F       		.byte	31
 153 0015 20       		.byte	32
 154 0016 0000     		.text
 155              	.Letext0:
 156              		.file 2 "/usr/lib/gcc/arm-none-eabi/4.8.3/include/stddef.h"
 157              		.file 3 "/usr/arm-none-eabi/include/stdint.h"
 158              		.file 4 "../AithonLibrary/ChibiOS/os/ports/GCC/ARMCMx/chtypes.h"
 159              		.file 5 "../AithonLibrary/ChibiOS/os/kernel/include/chlists.h"
 160              		.file 6 "../AithonLibrary/ChibiOS/os/kernel/include/chthreads.h"
 161              		.file 7 "../AithonLibrary/ChibiOS/os/ports/GCC/ARMCMx/chcore_v7m.h"
 162              		.file 8 "../AithonLibrary/ChibiOS/os/kernel/include/chschd.h"
 163              		.file 9 "../AithonLibrary/ChibiOS/os/kernel/include/chmtx.h"
 164              		.file 10 "../AithonLibrary/ChibiOS/os/kernel/include/chregistry.h"
 165              		.file 11 "../AithonLibrary/ChibiOS/os/kernel/include/chdynamic.h"
 166              		.section	.debug_info,"",%progbits
 167              	.Ldebug_info0:
 168 0000 C9060000 		.4byte	0x6c9
 169 0004 0400     		.2byte	0x4
 170 0006 00000000 		.4byte	.Ldebug_abbrev0
 171 000a 04       		.byte	0x4
ARM GAS  /tmp/ccRY00oY.s 			page 4


 172 000b 01       		.uleb128 0x1
 173 000c 67010000 		.4byte	.LASF88
 174 0010 01       		.byte	0x1
 175 0011 DF000000 		.4byte	.LASF89
 176 0015 13000000 		.4byte	.LASF90
 177 0019 00000000 		.4byte	.Ldebug_ranges0+0
 178 001d 00000000 		.4byte	0
 179 0021 00000000 		.4byte	.Ldebug_line0
 180 0025 02       		.uleb128 0x2
 181 0026 04       		.byte	0x4
 182 0027 05       		.byte	0x5
 183 0028 696E7400 		.ascii	"int\000"
 184 002c 03       		.uleb128 0x3
 185 002d 36000000 		.4byte	.LASF2
 186 0031 02       		.byte	0x2
 187 0032 D4       		.byte	0xd4
 188 0033 37000000 		.4byte	0x37
 189 0037 04       		.uleb128 0x4
 190 0038 04       		.byte	0x4
 191 0039 07       		.byte	0x7
 192 003a 5A010000 		.4byte	.LASF0
 193 003e 04       		.uleb128 0x4
 194 003f 01       		.byte	0x1
 195 0040 06       		.byte	0x6
 196 0041 9C000000 		.4byte	.LASF1
 197 0045 03       		.uleb128 0x3
 198 0046 AD040000 		.4byte	.LASF3
 199 004a 03       		.byte	0x3
 200 004b 2A       		.byte	0x2a
 201 004c 50000000 		.4byte	0x50
 202 0050 04       		.uleb128 0x4
 203 0051 01       		.byte	0x1
 204 0052 08       		.byte	0x8
 205 0053 8C030000 		.4byte	.LASF4
 206 0057 04       		.uleb128 0x4
 207 0058 02       		.byte	0x2
 208 0059 05       		.byte	0x5
 209 005a A4030000 		.4byte	.LASF5
 210 005e 03       		.uleb128 0x3
 211 005f 25010000 		.4byte	.LASF6
 212 0063 03       		.byte	0x3
 213 0064 36       		.byte	0x36
 214 0065 69000000 		.4byte	0x69
 215 0069 04       		.uleb128 0x4
 216 006a 02       		.byte	0x2
 217 006b 07       		.byte	0x7
 218 006c B3020000 		.4byte	.LASF7
 219 0070 03       		.uleb128 0x3
 220 0071 84030000 		.4byte	.LASF8
 221 0075 03       		.byte	0x3
 222 0076 4F       		.byte	0x4f
 223 0077 7B000000 		.4byte	0x7b
 224 007b 04       		.uleb128 0x4
 225 007c 04       		.byte	0x4
 226 007d 05       		.byte	0x5
 227 007e 13010000 		.4byte	.LASF9
 228 0082 03       		.uleb128 0x3
ARM GAS  /tmp/ccRY00oY.s 			page 5


 229 0083 24040000 		.4byte	.LASF10
 230 0087 03       		.byte	0x3
 231 0088 50       		.byte	0x50
 232 0089 8D000000 		.4byte	0x8d
 233 008d 04       		.uleb128 0x4
 234 008e 04       		.byte	0x4
 235 008f 07       		.byte	0x7
 236 0090 82020000 		.4byte	.LASF11
 237 0094 04       		.uleb128 0x4
 238 0095 08       		.byte	0x8
 239 0096 05       		.byte	0x5
 240 0097 8E000000 		.4byte	.LASF12
 241 009b 04       		.uleb128 0x4
 242 009c 08       		.byte	0x8
 243 009d 07       		.byte	0x7
 244 009e 52000000 		.4byte	.LASF13
 245 00a2 04       		.uleb128 0x4
 246 00a3 01       		.byte	0x1
 247 00a4 02       		.byte	0x2
 248 00a5 7E030000 		.4byte	.LASF14
 249 00a9 03       		.uleb128 0x3
 250 00aa CC020000 		.4byte	.LASF15
 251 00ae 04       		.byte	0x4
 252 00af 2C       		.byte	0x2c
 253 00b0 45000000 		.4byte	0x45
 254 00b4 03       		.uleb128 0x3
 255 00b5 1C010000 		.4byte	.LASF16
 256 00b9 04       		.byte	0x4
 257 00ba 2D       		.byte	0x2d
 258 00bb 45000000 		.4byte	0x45
 259 00bf 03       		.uleb128 0x3
 260 00c0 5C030000 		.4byte	.LASF17
 261 00c4 04       		.byte	0x4
 262 00c5 2E       		.byte	0x2e
 263 00c6 45000000 		.4byte	0x45
 264 00ca 03       		.uleb128 0x3
 265 00cb D5000000 		.4byte	.LASF18
 266 00cf 04       		.byte	0x4
 267 00d0 2F       		.byte	0x2f
 268 00d1 45000000 		.4byte	0x45
 269 00d5 03       		.uleb128 0x3
 270 00d6 76030000 		.4byte	.LASF19
 271 00da 04       		.byte	0x4
 272 00db 30       		.byte	0x30
 273 00dc 82000000 		.4byte	0x82
 274 00e0 03       		.uleb128 0x3
 275 00e1 C6020000 		.4byte	.LASF20
 276 00e5 04       		.byte	0x4
 277 00e6 31       		.byte	0x31
 278 00e7 70000000 		.4byte	0x70
 279 00eb 03       		.uleb128 0x3
 280 00ec E0020000 		.4byte	.LASF21
 281 00f0 04       		.byte	0x4
 282 00f1 33       		.byte	0x33
 283 00f2 82000000 		.4byte	0x82
 284 00f6 03       		.uleb128 0x3
 285 00f7 5D040000 		.4byte	.LASF22
ARM GAS  /tmp/ccRY00oY.s 			page 6


 286 00fb 04       		.byte	0x4
 287 00fc 35       		.byte	0x35
 288 00fd 82000000 		.4byte	0x82
 289 0101 03       		.uleb128 0x3
 290 0102 05040000 		.4byte	.LASF23
 291 0106 05       		.byte	0x5
 292 0107 2A       		.byte	0x2a
 293 0108 0C010000 		.4byte	0x10c
 294 010c 05       		.uleb128 0x5
 295 010d 05040000 		.4byte	.LASF23
 296 0111 48       		.byte	0x48
 297 0112 06       		.byte	0x6
 298 0113 5E       		.byte	0x5e
 299 0114 09020000 		.4byte	0x209
 300 0118 06       		.uleb128 0x6
 301 0119 DA030000 		.4byte	.LASF24
 302 011d 06       		.byte	0x6
 303 011e 5F       		.byte	0x5f
 304 011f 2A020000 		.4byte	0x22a
 305 0123 00       		.byte	0
 306 0124 06       		.uleb128 0x6
 307 0125 6F030000 		.4byte	.LASF25
 308 0129 06       		.byte	0x6
 309 012a 61       		.byte	0x61
 310 012b 2A020000 		.4byte	0x22a
 311 012f 04       		.byte	0x4
 312 0130 06       		.uleb128 0x6
 313 0131 7A000000 		.4byte	.LASF26
 314 0135 06       		.byte	0x6
 315 0136 63       		.byte	0x63
 316 0137 D5000000 		.4byte	0xd5
 317 013b 08       		.byte	0x8
 318 013c 06       		.uleb128 0x6
 319 013d D6040000 		.4byte	.LASF27
 320 0141 06       		.byte	0x6
 321 0142 64       		.byte	0x64
 322 0143 B4030000 		.4byte	0x3b4
 323 0147 0C       		.byte	0xc
 324 0148 06       		.uleb128 0x6
 325 0149 38010000 		.4byte	.LASF28
 326 014d 06       		.byte	0x6
 327 014e 66       		.byte	0x66
 328 014f 2A020000 		.4byte	0x22a
 329 0153 10       		.byte	0x10
 330 0154 06       		.uleb128 0x6
 331 0155 27030000 		.4byte	.LASF29
 332 0159 06       		.byte	0x6
 333 015a 67       		.byte	0x67
 334 015b 2A020000 		.4byte	0x22a
 335 015f 14       		.byte	0x14
 336 0160 06       		.uleb128 0x6
 337 0161 BC040000 		.4byte	.LASF30
 338 0165 06       		.byte	0x6
 339 0166 6E       		.byte	0x6e
 340 0167 B4040000 		.4byte	0x4b4
 341 016b 18       		.byte	0x18
 342 016c 06       		.uleb128 0x6
ARM GAS  /tmp/ccRY00oY.s 			page 7


 343 016d AE030000 		.4byte	.LASF31
 344 0171 06       		.byte	0x6
 345 0172 79       		.byte	0x79
 346 0173 B4000000 		.4byte	0xb4
 347 0177 1C       		.byte	0x1c
 348 0178 06       		.uleb128 0x6
 349 0179 F0030000 		.4byte	.LASF32
 350 017d 06       		.byte	0x6
 351 017e 7D       		.byte	0x7d
 352 017f A9000000 		.4byte	0xa9
 353 0183 1D       		.byte	0x1d
 354 0184 06       		.uleb128 0x6
 355 0185 96040000 		.4byte	.LASF33
 356 0189 06       		.byte	0x6
 357 018a 82       		.byte	0x82
 358 018b BF000000 		.4byte	0xbf
 359 018f 1E       		.byte	0x1e
 360 0190 06       		.uleb128 0x6
 361 0191 B6030000 		.4byte	.LASF34
 362 0195 06       		.byte	0x6
 363 0196 88       		.byte	0x88
 364 0197 CA000000 		.4byte	0xca
 365 019b 1F       		.byte	0x1f
 366 019c 06       		.uleb128 0x6
 367 019d 72040000 		.4byte	.LASF35
 368 01a1 06       		.byte	0x6
 369 01a2 8F       		.byte	0x8f
 370 01a3 DC030000 		.4byte	0x3dc
 371 01a7 20       		.byte	0x20
 372 01a8 07       		.uleb128 0x7
 373 01a9 705F7500 		.ascii	"p_u\000"
 374 01ad 06       		.byte	0x6
 375 01ae B4       		.byte	0xb4
 376 01af 7F040000 		.4byte	0x47f
 377 01b3 24       		.byte	0x24
 378 01b4 06       		.uleb128 0x6
 379 01b5 DC040000 		.4byte	.LASF36
 380 01b9 06       		.byte	0x6
 381 01ba B9       		.byte	0xb9
 382 01bb 50020000 		.4byte	0x250
 383 01bf 28       		.byte	0x28
 384 01c0 06       		.uleb128 0x6
 385 01c1 80040000 		.4byte	.LASF37
 386 01c5 06       		.byte	0x6
 387 01c6 BF       		.byte	0xbf
 388 01c7 30020000 		.4byte	0x230
 389 01cb 2C       		.byte	0x2c
 390 01cc 06       		.uleb128 0x6
 391 01cd 0D000000 		.4byte	.LASF38
 392 01d1 06       		.byte	0x6
 393 01d2 C3       		.byte	0xc3
 394 01d3 E0000000 		.4byte	0xe0
 395 01d7 34       		.byte	0x34
 396 01d8 06       		.uleb128 0x6
 397 01d9 19040000 		.4byte	.LASF39
 398 01dd 06       		.byte	0x6
 399 01de C9       		.byte	0xc9
ARM GAS  /tmp/ccRY00oY.s 			page 8


 400 01df EB000000 		.4byte	0xeb
 401 01e3 38       		.byte	0x38
 402 01e4 06       		.uleb128 0x6
 403 01e5 9A030000 		.4byte	.LASF40
 404 01e9 06       		.byte	0x6
 405 01ea D0       		.byte	0xd0
 406 01eb C6040000 		.4byte	0x4c6
 407 01ef 3C       		.byte	0x3c
 408 01f0 06       		.uleb128 0x6
 409 01f1 67040000 		.4byte	.LASF41
 410 01f5 06       		.byte	0x6
 411 01f6 D4       		.byte	0xd4
 412 01f7 D5000000 		.4byte	0xd5
 413 01fb 40       		.byte	0x40
 414 01fc 06       		.uleb128 0x6
 415 01fd C5000000 		.4byte	.LASF42
 416 0201 06       		.byte	0x6
 417 0202 DA       		.byte	0xda
 418 0203 66020000 		.4byte	0x266
 419 0207 44       		.byte	0x44
 420 0208 00       		.byte	0
 421 0209 08       		.uleb128 0x8
 422 020a 08       		.byte	0x8
 423 020b 05       		.byte	0x5
 424 020c 61       		.byte	0x61
 425 020d 2A020000 		.4byte	0x22a
 426 0211 06       		.uleb128 0x6
 427 0212 DA030000 		.4byte	.LASF24
 428 0216 05       		.byte	0x5
 429 0217 62       		.byte	0x62
 430 0218 2A020000 		.4byte	0x22a
 431 021c 00       		.byte	0
 432 021d 06       		.uleb128 0x6
 433 021e 6F030000 		.4byte	.LASF25
 434 0222 05       		.byte	0x5
 435 0223 64       		.byte	0x64
 436 0224 2A020000 		.4byte	0x22a
 437 0228 04       		.byte	0x4
 438 0229 00       		.byte	0
 439 022a 09       		.uleb128 0x9
 440 022b 04       		.byte	0x4
 441 022c 01010000 		.4byte	0x101
 442 0230 03       		.uleb128 0x3
 443 0231 35030000 		.4byte	.LASF43
 444 0235 05       		.byte	0x5
 445 0236 66       		.byte	0x66
 446 0237 09020000 		.4byte	0x209
 447 023b 08       		.uleb128 0x8
 448 023c 04       		.byte	0x4
 449 023d 05       		.byte	0x5
 450 023e 6B       		.byte	0x6b
 451 023f 50020000 		.4byte	0x250
 452 0243 06       		.uleb128 0x6
 453 0244 DA030000 		.4byte	.LASF24
 454 0248 05       		.byte	0x5
 455 0249 6D       		.byte	0x6d
 456 024a 2A020000 		.4byte	0x22a
ARM GAS  /tmp/ccRY00oY.s 			page 9


 457 024e 00       		.byte	0
 458 024f 00       		.byte	0
 459 0250 03       		.uleb128 0x3
 460 0251 D4020000 		.4byte	.LASF44
 461 0255 05       		.byte	0x5
 462 0256 70       		.byte	0x70
 463 0257 3B020000 		.4byte	0x23b
 464 025b 03       		.uleb128 0x3
 465 025c 51010000 		.4byte	.LASF45
 466 0260 07       		.byte	0x7
 467 0261 E5       		.byte	0xe5
 468 0262 66020000 		.4byte	0x266
 469 0266 0A       		.uleb128 0xa
 470 0267 04       		.byte	0x4
 471 0268 0B       		.uleb128 0xb
 472 0269 79040000 		.4byte	.LASF46
 473 026d 64       		.byte	0x64
 474 026e 07       		.byte	0x7
 475 026f 0C01     		.2byte	0x10c
 476 0271 B4030000 		.4byte	0x3b4
 477 0275 0C       		.uleb128 0xc
 478 0276 73313600 		.ascii	"s16\000"
 479 027a 07       		.byte	0x7
 480 027b 0E01     		.2byte	0x10e
 481 027d 5B020000 		.4byte	0x25b
 482 0281 00       		.byte	0
 483 0282 0C       		.uleb128 0xc
 484 0283 73313700 		.ascii	"s17\000"
 485 0287 07       		.byte	0x7
 486 0288 0F01     		.2byte	0x10f
 487 028a 5B020000 		.4byte	0x25b
 488 028e 04       		.byte	0x4
 489 028f 0C       		.uleb128 0xc
 490 0290 73313800 		.ascii	"s18\000"
 491 0294 07       		.byte	0x7
 492 0295 1001     		.2byte	0x110
 493 0297 5B020000 		.4byte	0x25b
 494 029b 08       		.byte	0x8
 495 029c 0C       		.uleb128 0xc
 496 029d 73313900 		.ascii	"s19\000"
 497 02a1 07       		.byte	0x7
 498 02a2 1101     		.2byte	0x111
 499 02a4 5B020000 		.4byte	0x25b
 500 02a8 0C       		.byte	0xc
 501 02a9 0C       		.uleb128 0xc
 502 02aa 73323000 		.ascii	"s20\000"
 503 02ae 07       		.byte	0x7
 504 02af 1201     		.2byte	0x112
 505 02b1 5B020000 		.4byte	0x25b
 506 02b5 10       		.byte	0x10
 507 02b6 0C       		.uleb128 0xc
 508 02b7 73323100 		.ascii	"s21\000"
 509 02bb 07       		.byte	0x7
 510 02bc 1301     		.2byte	0x113
 511 02be 5B020000 		.4byte	0x25b
 512 02c2 14       		.byte	0x14
 513 02c3 0C       		.uleb128 0xc
ARM GAS  /tmp/ccRY00oY.s 			page 10


 514 02c4 73323200 		.ascii	"s22\000"
 515 02c8 07       		.byte	0x7
 516 02c9 1401     		.2byte	0x114
 517 02cb 5B020000 		.4byte	0x25b
 518 02cf 18       		.byte	0x18
 519 02d0 0C       		.uleb128 0xc
 520 02d1 73323300 		.ascii	"s23\000"
 521 02d5 07       		.byte	0x7
 522 02d6 1501     		.2byte	0x115
 523 02d8 5B020000 		.4byte	0x25b
 524 02dc 1C       		.byte	0x1c
 525 02dd 0C       		.uleb128 0xc
 526 02de 73323400 		.ascii	"s24\000"
 527 02e2 07       		.byte	0x7
 528 02e3 1601     		.2byte	0x116
 529 02e5 5B020000 		.4byte	0x25b
 530 02e9 20       		.byte	0x20
 531 02ea 0C       		.uleb128 0xc
 532 02eb 73323500 		.ascii	"s25\000"
 533 02ef 07       		.byte	0x7
 534 02f0 1701     		.2byte	0x117
 535 02f2 5B020000 		.4byte	0x25b
 536 02f6 24       		.byte	0x24
 537 02f7 0C       		.uleb128 0xc
 538 02f8 73323600 		.ascii	"s26\000"
 539 02fc 07       		.byte	0x7
 540 02fd 1801     		.2byte	0x118
 541 02ff 5B020000 		.4byte	0x25b
 542 0303 28       		.byte	0x28
 543 0304 0C       		.uleb128 0xc
 544 0305 73323700 		.ascii	"s27\000"
 545 0309 07       		.byte	0x7
 546 030a 1901     		.2byte	0x119
 547 030c 5B020000 		.4byte	0x25b
 548 0310 2C       		.byte	0x2c
 549 0311 0C       		.uleb128 0xc
 550 0312 73323800 		.ascii	"s28\000"
 551 0316 07       		.byte	0x7
 552 0317 1A01     		.2byte	0x11a
 553 0319 5B020000 		.4byte	0x25b
 554 031d 30       		.byte	0x30
 555 031e 0C       		.uleb128 0xc
 556 031f 73323900 		.ascii	"s29\000"
 557 0323 07       		.byte	0x7
 558 0324 1B01     		.2byte	0x11b
 559 0326 5B020000 		.4byte	0x25b
 560 032a 34       		.byte	0x34
 561 032b 0C       		.uleb128 0xc
 562 032c 73333000 		.ascii	"s30\000"
 563 0330 07       		.byte	0x7
 564 0331 1C01     		.2byte	0x11c
 565 0333 5B020000 		.4byte	0x25b
 566 0337 38       		.byte	0x38
 567 0338 0C       		.uleb128 0xc
 568 0339 73333100 		.ascii	"s31\000"
 569 033d 07       		.byte	0x7
 570 033e 1D01     		.2byte	0x11d
ARM GAS  /tmp/ccRY00oY.s 			page 11


 571 0340 5B020000 		.4byte	0x25b
 572 0344 3C       		.byte	0x3c
 573 0345 0C       		.uleb128 0xc
 574 0346 723400   		.ascii	"r4\000"
 575 0349 07       		.byte	0x7
 576 034a 1F01     		.2byte	0x11f
 577 034c 5B020000 		.4byte	0x25b
 578 0350 40       		.byte	0x40
 579 0351 0C       		.uleb128 0xc
 580 0352 723500   		.ascii	"r5\000"
 581 0355 07       		.byte	0x7
 582 0356 2001     		.2byte	0x120
 583 0358 5B020000 		.4byte	0x25b
 584 035c 44       		.byte	0x44
 585 035d 0C       		.uleb128 0xc
 586 035e 723600   		.ascii	"r6\000"
 587 0361 07       		.byte	0x7
 588 0362 2101     		.2byte	0x121
 589 0364 5B020000 		.4byte	0x25b
 590 0368 48       		.byte	0x48
 591 0369 0C       		.uleb128 0xc
 592 036a 723700   		.ascii	"r7\000"
 593 036d 07       		.byte	0x7
 594 036e 2201     		.2byte	0x122
 595 0370 5B020000 		.4byte	0x25b
 596 0374 4C       		.byte	0x4c
 597 0375 0C       		.uleb128 0xc
 598 0376 723800   		.ascii	"r8\000"
 599 0379 07       		.byte	0x7
 600 037a 2301     		.2byte	0x123
 601 037c 5B020000 		.4byte	0x25b
 602 0380 50       		.byte	0x50
 603 0381 0C       		.uleb128 0xc
 604 0382 723900   		.ascii	"r9\000"
 605 0385 07       		.byte	0x7
 606 0386 2401     		.2byte	0x124
 607 0388 5B020000 		.4byte	0x25b
 608 038c 54       		.byte	0x54
 609 038d 0C       		.uleb128 0xc
 610 038e 72313000 		.ascii	"r10\000"
 611 0392 07       		.byte	0x7
 612 0393 2501     		.2byte	0x125
 613 0395 5B020000 		.4byte	0x25b
 614 0399 58       		.byte	0x58
 615 039a 0C       		.uleb128 0xc
 616 039b 72313100 		.ascii	"r11\000"
 617 039f 07       		.byte	0x7
 618 03a0 2601     		.2byte	0x126
 619 03a2 5B020000 		.4byte	0x25b
 620 03a6 5C       		.byte	0x5c
 621 03a7 0C       		.uleb128 0xc
 622 03a8 6C7200   		.ascii	"lr\000"
 623 03ab 07       		.byte	0x7
 624 03ac 2701     		.2byte	0x127
 625 03ae 5B020000 		.4byte	0x25b
 626 03b2 60       		.byte	0x60
 627 03b3 00       		.byte	0
ARM GAS  /tmp/ccRY00oY.s 			page 12


 628 03b4 0B       		.uleb128 0xb
 629 03b5 AB020000 		.4byte	.LASF47
 630 03b9 04       		.byte	0x4
 631 03ba 07       		.byte	0x7
 632 03bb 3101     		.2byte	0x131
 633 03bd CF030000 		.4byte	0x3cf
 634 03c1 0C       		.uleb128 0xc
 635 03c2 72313300 		.ascii	"r13\000"
 636 03c6 07       		.byte	0x7
 637 03c7 3201     		.2byte	0x132
 638 03c9 CF030000 		.4byte	0x3cf
 639 03cd 00       		.byte	0
 640 03ce 00       		.byte	0
 641 03cf 09       		.uleb128 0x9
 642 03d0 04       		.byte	0x4
 643 03d1 68020000 		.4byte	0x268
 644 03d5 04       		.uleb128 0x4
 645 03d6 04       		.byte	0x4
 646 03d7 07       		.byte	0x7
 647 03d8 06030000 		.4byte	.LASF48
 648 03dc 0D       		.uleb128 0xd
 649 03dd F6000000 		.4byte	0xf6
 650 03e1 08       		.uleb128 0x8
 651 03e2 1C       		.byte	0x1c
 652 03e3 08       		.byte	0x8
 653 03e4 5E       		.byte	0x5e
 654 03e5 32040000 		.4byte	0x432
 655 03e9 06       		.uleb128 0x6
 656 03ea 39040000 		.4byte	.LASF49
 657 03ee 08       		.byte	0x8
 658 03ef 5F       		.byte	0x5f
 659 03f0 30020000 		.4byte	0x230
 660 03f4 00       		.byte	0
 661 03f5 06       		.uleb128 0x6
 662 03f6 CC030000 		.4byte	.LASF50
 663 03fa 08       		.byte	0x8
 664 03fb 60       		.byte	0x60
 665 03fc D5000000 		.4byte	0xd5
 666 0400 08       		.byte	0x8
 667 0401 06       		.uleb128 0x6
 668 0402 2F030000 		.4byte	.LASF51
 669 0406 08       		.byte	0x8
 670 0407 62       		.byte	0x62
 671 0408 B4030000 		.4byte	0x3b4
 672 040c 0C       		.byte	0xc
 673 040d 06       		.uleb128 0x6
 674 040e 49010000 		.4byte	.LASF52
 675 0412 08       		.byte	0x8
 676 0413 65       		.byte	0x65
 677 0414 2A020000 		.4byte	0x22a
 678 0418 10       		.byte	0x10
 679 0419 06       		.uleb128 0x6
 680 041a 54030000 		.4byte	.LASF53
 681 041e 08       		.byte	0x8
 682 041f 66       		.byte	0x66
 683 0420 2A020000 		.4byte	0x22a
 684 0424 14       		.byte	0x14
ARM GAS  /tmp/ccRY00oY.s 			page 13


 685 0425 06       		.uleb128 0x6
 686 0426 4A030000 		.4byte	.LASF54
 687 042a 08       		.byte	0x8
 688 042b 69       		.byte	0x69
 689 042c 2A020000 		.4byte	0x22a
 690 0430 18       		.byte	0x18
 691 0431 00       		.byte	0
 692 0432 03       		.uleb128 0x3
 693 0433 9D040000 		.4byte	.LASF55
 694 0437 08       		.byte	0x8
 695 0438 6B       		.byte	0x6b
 696 0439 E1030000 		.4byte	0x3e1
 697 043d 05       		.uleb128 0x5
 698 043e EC020000 		.4byte	.LASF56
 699 0442 10       		.byte	0x10
 700 0443 09       		.byte	0x9
 701 0444 2C       		.byte	0x2c
 702 0445 6E040000 		.4byte	0x46e
 703 0449 06       		.uleb128 0x6
 704 044a CD000000 		.4byte	.LASF57
 705 044e 09       		.byte	0x9
 706 044f 2D       		.byte	0x2d
 707 0450 30020000 		.4byte	0x230
 708 0454 00       		.byte	0
 709 0455 06       		.uleb128 0x6
 710 0456 CE040000 		.4byte	.LASF58
 711 045a 09       		.byte	0x9
 712 045b 2F       		.byte	0x2f
 713 045c 2A020000 		.4byte	0x22a
 714 0460 08       		.byte	0x8
 715 0461 06       		.uleb128 0x6
 716 0462 56040000 		.4byte	.LASF59
 717 0466 09       		.byte	0x9
 718 0467 31       		.byte	0x31
 719 0468 6E040000 		.4byte	0x46e
 720 046c 0C       		.byte	0xc
 721 046d 00       		.byte	0
 722 046e 09       		.uleb128 0x9
 723 046f 04       		.byte	0x4
 724 0470 3D040000 		.4byte	0x43d
 725 0474 03       		.uleb128 0x3
 726 0475 EC020000 		.4byte	.LASF56
 727 0479 09       		.byte	0x9
 728 047a 33       		.byte	0x33
 729 047b 3D040000 		.4byte	0x43d
 730 047f 0E       		.uleb128 0xe
 731 0480 04       		.byte	0x4
 732 0481 06       		.byte	0x6
 733 0482 96       		.byte	0x96
 734 0483 B4040000 		.4byte	0x4b4
 735 0487 0F       		.uleb128 0xf
 736 0488 3D000000 		.4byte	.LASF60
 737 048c 06       		.byte	0x6
 738 048d 9D       		.byte	0x9d
 739 048e E0000000 		.4byte	0xe0
 740 0492 0F       		.uleb128 0xf
 741 0493 40010000 		.4byte	.LASF61
ARM GAS  /tmp/ccRY00oY.s 			page 14


 742 0497 06       		.byte	0x6
 743 0498 A4       		.byte	0xa4
 744 0499 E0000000 		.4byte	0xe0
 745 049d 0F       		.uleb128 0xf
 746 049e B5040000 		.4byte	.LASF62
 747 04a2 06       		.byte	0x6
 748 04a3 AB       		.byte	0xab
 749 04a4 66020000 		.4byte	0x266
 750 04a8 0F       		.uleb128 0xf
 751 04a9 D3030000 		.4byte	.LASF63
 752 04ad 06       		.byte	0x6
 753 04ae B2       		.byte	0xb2
 754 04af EB000000 		.4byte	0xeb
 755 04b3 00       		.byte	0
 756 04b4 09       		.uleb128 0x9
 757 04b5 04       		.byte	0x4
 758 04b6 BA040000 		.4byte	0x4ba
 759 04ba 10       		.uleb128 0x10
 760 04bb BF040000 		.4byte	0x4bf
 761 04bf 04       		.uleb128 0x4
 762 04c0 01       		.byte	0x1
 763 04c1 08       		.byte	0x8
 764 04c2 41040000 		.4byte	.LASF64
 765 04c6 09       		.uleb128 0x9
 766 04c7 04       		.byte	0x4
 767 04c8 74040000 		.4byte	0x474
 768 04cc 08       		.uleb128 0x8
 769 04cd 16       		.byte	0x16
 770 04ce 0A       		.byte	0xa
 771 04cf 2C       		.byte	0x2c
 772 04d0 AD050000 		.4byte	0x5ad
 773 04d4 06       		.uleb128 0x6
 774 04d5 9D020000 		.4byte	.LASF65
 775 04d9 0A       		.byte	0xa
 776 04da 2D       		.byte	0x2d
 777 04db AD050000 		.4byte	0x5ad
 778 04df 00       		.byte	0
 779 04e0 06       		.uleb128 0x6
 780 04e1 F2020000 		.4byte	.LASF66
 781 04e5 0A       		.byte	0xa
 782 04e6 2E       		.byte	0x2e
 783 04e7 45000000 		.4byte	0x45
 784 04eb 04       		.byte	0x4
 785 04ec 06       		.uleb128 0x6
 786 04ed 42030000 		.4byte	.LASF67
 787 04f1 0A       		.byte	0xa
 788 04f2 2F       		.byte	0x2f
 789 04f3 45000000 		.4byte	0x45
 790 04f7 05       		.byte	0x5
 791 04f8 06       		.uleb128 0x6
 792 04f9 C3040000 		.4byte	.LASF68
 793 04fd 0A       		.byte	0xa
 794 04fe 30       		.byte	0x30
 795 04ff 5E000000 		.4byte	0x5e
 796 0503 06       		.byte	0x6
 797 0504 06       		.uleb128 0x6
 798 0505 64030000 		.4byte	.LASF69
ARM GAS  /tmp/ccRY00oY.s 			page 15


 799 0509 0A       		.byte	0xa
 800 050a 31       		.byte	0x31
 801 050b 45000000 		.4byte	0x45
 802 050f 08       		.byte	0x8
 803 0510 06       		.uleb128 0x6
 804 0511 0F030000 		.4byte	.LASF70
 805 0515 0A       		.byte	0xa
 806 0516 32       		.byte	0x32
 807 0517 45000000 		.4byte	0x45
 808 051b 09       		.byte	0x9
 809 051c 06       		.uleb128 0x6
 810 051d 44000000 		.4byte	.LASF71
 811 0521 0A       		.byte	0xa
 812 0522 33       		.byte	0x33
 813 0523 45000000 		.4byte	0x45
 814 0527 0A       		.byte	0xa
 815 0528 06       		.uleb128 0x6
 816 0529 2D040000 		.4byte	.LASF72
 817 052d 0A       		.byte	0xa
 818 052e 34       		.byte	0x34
 819 052f 45000000 		.4byte	0x45
 820 0533 0B       		.byte	0xb
 821 0534 06       		.uleb128 0x6
 822 0535 8B040000 		.4byte	.LASF73
 823 0539 0A       		.byte	0xa
 824 053a 35       		.byte	0x35
 825 053b 45000000 		.4byte	0x45
 826 053f 0C       		.byte	0xc
 827 0540 06       		.uleb128 0x6
 828 0541 0C040000 		.4byte	.LASF74
 829 0545 0A       		.byte	0xa
 830 0546 36       		.byte	0x36
 831 0547 45000000 		.4byte	0x45
 832 054b 0D       		.byte	0xd
 833 054c 06       		.uleb128 0x6
 834 054d 00000000 		.4byte	.LASF75
 835 0551 0A       		.byte	0xa
 836 0552 37       		.byte	0x37
 837 0553 45000000 		.4byte	0x45
 838 0557 0E       		.byte	0xe
 839 0558 06       		.uleb128 0x6
 840 0559 1B030000 		.4byte	.LASF76
 841 055d 0A       		.byte	0xa
 842 055e 38       		.byte	0x38
 843 055f 45000000 		.4byte	0x45
 844 0563 0F       		.byte	0xf
 845 0564 06       		.uleb128 0x6
 846 0565 A8000000 		.4byte	.LASF77
 847 0569 0A       		.byte	0xa
 848 056a 39       		.byte	0x39
 849 056b 45000000 		.4byte	0x45
 850 056f 10       		.byte	0x10
 851 0570 06       		.uleb128 0x6
 852 0571 81000000 		.4byte	.LASF78
 853 0575 0A       		.byte	0xa
 854 0576 3B       		.byte	0x3b
 855 0577 45000000 		.4byte	0x45
ARM GAS  /tmp/ccRY00oY.s 			page 16


 856 057b 11       		.byte	0x11
 857 057c 06       		.uleb128 0x6
 858 057d B8000000 		.4byte	.LASF79
 859 0581 0A       		.byte	0xa
 860 0582 3C       		.byte	0x3c
 861 0583 45000000 		.4byte	0x45
 862 0587 12       		.byte	0x12
 863 0588 06       		.uleb128 0x6
 864 0589 FA020000 		.4byte	.LASF80
 865 058d 0A       		.byte	0xa
 866 058e 3D       		.byte	0x3d
 867 058f 45000000 		.4byte	0x45
 868 0593 13       		.byte	0x13
 869 0594 06       		.uleb128 0x6
 870 0595 E1030000 		.4byte	.LASF81
 871 0599 0A       		.byte	0xa
 872 059a 3E       		.byte	0x3e
 873 059b 45000000 		.4byte	0x45
 874 059f 14       		.byte	0x14
 875 05a0 06       		.uleb128 0x6
 876 05a1 C0030000 		.4byte	.LASF82
 877 05a5 0A       		.byte	0xa
 878 05a6 40       		.byte	0x40
 879 05a7 45000000 		.4byte	0x45
 880 05ab 15       		.byte	0x15
 881 05ac 00       		.byte	0
 882 05ad 11       		.uleb128 0x11
 883 05ae BF040000 		.4byte	0x4bf
 884 05b2 BD050000 		.4byte	0x5bd
 885 05b6 12       		.uleb128 0x12
 886 05b7 D5030000 		.4byte	0x3d5
 887 05bb 03       		.byte	0x3
 888 05bc 00       		.byte	0
 889 05bd 03       		.uleb128 0x3
 890 05be 2E010000 		.4byte	.LASF83
 891 05c2 0A       		.byte	0xa
 892 05c3 41       		.byte	0x41
 893 05c4 CC040000 		.4byte	0x4cc
 894 05c8 13       		.uleb128 0x13
 895 05c9 69000000 		.4byte	.LASF84
 896 05cd 01       		.byte	0x1
 897 05ce 75       		.byte	0x75
 898 05cf 2A020000 		.4byte	0x22a
 899 05d3 00000000 		.4byte	.LFB7
 900 05d7 1C000000 		.4byte	.LFE7-.LFB7
 901 05db 01       		.uleb128 0x1
 902 05dc 9C       		.byte	0x9c
 903 05dd 20060000 		.4byte	0x620
 904 05e1 14       		.uleb128 0x14
 905 05e2 747000   		.ascii	"tp\000"
 906 05e5 01       		.byte	0x1
 907 05e6 76       		.byte	0x76
 908 05e7 2A020000 		.4byte	0x22a
 909 05eb 01       		.uleb128 0x1
 910 05ec 50       		.byte	0x50
 911 05ed 15       		.uleb128 0x15
 912 05ee 00000000 		.4byte	.LBB2
ARM GAS  /tmp/ccRY00oY.s 			page 17


 913 05f2 06000000 		.4byte	.LBE2-.LBB2
 914 05f6 08060000 		.4byte	0x608
 915 05fa 14       		.uleb128 0x14
 916 05fb 746D7000 		.ascii	"tmp\000"
 917 05ff 01       		.byte	0x1
 918 0600 78       		.byte	0x78
 919 0601 82000000 		.4byte	0x82
 920 0605 01       		.uleb128 0x1
 921 0606 53       		.byte	0x53
 922 0607 00       		.byte	0
 923 0608 16       		.uleb128 0x16
 924 0609 10000000 		.4byte	.LBB3
 925 060d 06000000 		.4byte	.LBE3-.LBB3
 926 0611 14       		.uleb128 0x14
 927 0612 746D7000 		.ascii	"tmp\000"
 928 0616 01       		.byte	0x1
 929 0617 7D       		.byte	0x7d
 930 0618 82000000 		.4byte	0x82
 931 061c 01       		.uleb128 0x1
 932 061d 53       		.byte	0x53
 933 061e 00       		.byte	0
 934 061f 00       		.byte	0
 935 0620 13       		.uleb128 0x13
 936 0621 46040000 		.4byte	.LASF85
 937 0625 01       		.byte	0x1
 938 0626 8C       		.byte	0x8c
 939 0627 2A020000 		.4byte	0x22a
 940 062b 00000000 		.4byte	.LFB8
 941 062f 2C000000 		.4byte	.LFE8-.LFB8
 942 0633 01       		.uleb128 0x1
 943 0634 9C       		.byte	0x9c
 944 0635 9E060000 		.4byte	0x69e
 945 0639 17       		.uleb128 0x17
 946 063a 747000   		.ascii	"tp\000"
 947 063d 01       		.byte	0x1
 948 063e 8C       		.byte	0x8c
 949 063f 2A020000 		.4byte	0x22a
 950 0643 00000000 		.4byte	.LLST0
 951 0647 18       		.uleb128 0x18
 952 0648 6E747000 		.ascii	"ntp\000"
 953 064c 01       		.byte	0x1
 954 064d 8D       		.byte	0x8d
 955 064e 2A020000 		.4byte	0x22a
 956 0652 21000000 		.4byte	.LLST1
 957 0656 15       		.uleb128 0x15
 958 0657 02000000 		.4byte	.LBB4
 959 065b 06000000 		.4byte	.LBE4-.LBB4
 960 065f 71060000 		.4byte	0x671
 961 0663 14       		.uleb128 0x14
 962 0664 746D7000 		.ascii	"tmp\000"
 963 0668 01       		.byte	0x1
 964 0669 8F       		.byte	0x8f
 965 066a 82000000 		.4byte	0x82
 966 066e 01       		.uleb128 0x1
 967 066f 53       		.byte	0x53
 968 0670 00       		.byte	0
 969 0671 15       		.uleb128 0x15
ARM GAS  /tmp/ccRY00oY.s 			page 18


 970 0672 18000000 		.4byte	.LBB5
 971 0676 06000000 		.4byte	.LBE5-.LBB5
 972 067a 8C060000 		.4byte	0x68c
 973 067e 14       		.uleb128 0x14
 974 067f 746D7000 		.ascii	"tmp\000"
 975 0683 01       		.byte	0x1
 976 0684 9A       		.byte	0x9a
 977 0685 82000000 		.4byte	0x82
 978 0689 01       		.uleb128 0x1
 979 068a 53       		.byte	0x53
 980 068b 00       		.byte	0
 981 068c 19       		.uleb128 0x19
 982 068d 22000000 		.4byte	.LVL4
 983 0691 BF060000 		.4byte	0x6bf
 984 0695 1A       		.uleb128 0x1a
 985 0696 01       		.uleb128 0x1
 986 0697 50       		.byte	0x50
 987 0698 03       		.uleb128 0x3
 988 0699 F3       		.byte	0xf3
 989 069a 01       		.uleb128 0x1
 990 069b 50       		.byte	0x50
 991 069c 00       		.byte	0
 992 069d 00       		.byte	0
 993 069e 1B       		.uleb128 0x1b
 994 069f A7040000 		.4byte	.LASF86
 995 06a3 08       		.byte	0x8
 996 06a4 6F       		.byte	0x6f
 997 06a5 32040000 		.4byte	0x432
 998 06a9 1C       		.uleb128 0x1c
 999 06aa 94020000 		.4byte	.LASF87
 1000 06ae 01       		.byte	0x1
 1001 06af 42       		.byte	0x42
 1002 06b0 BA060000 		.4byte	0x6ba
 1003 06b4 05       		.uleb128 0x5
 1004 06b5 03       		.byte	0x3
 1005 06b6 00000000 		.4byte	ch_debug
 1006 06ba 10       		.uleb128 0x10
 1007 06bb BD050000 		.4byte	0x5bd
 1008 06bf 1D       		.uleb128 0x1d
 1009 06c0 F8030000 		.4byte	.LASF91
 1010 06c4 0B       		.byte	0xb
 1011 06c5 3A       		.byte	0x3a
 1012 06c6 1E       		.uleb128 0x1e
 1013 06c7 2A020000 		.4byte	0x22a
 1014 06cb 00       		.byte	0
 1015 06cc 00       		.byte	0
 1016              		.section	.debug_abbrev,"",%progbits
 1017              	.Ldebug_abbrev0:
 1018 0000 01       		.uleb128 0x1
 1019 0001 11       		.uleb128 0x11
 1020 0002 01       		.byte	0x1
 1021 0003 25       		.uleb128 0x25
 1022 0004 0E       		.uleb128 0xe
 1023 0005 13       		.uleb128 0x13
 1024 0006 0B       		.uleb128 0xb
 1025 0007 03       		.uleb128 0x3
 1026 0008 0E       		.uleb128 0xe
ARM GAS  /tmp/ccRY00oY.s 			page 19


 1027 0009 1B       		.uleb128 0x1b
 1028 000a 0E       		.uleb128 0xe
 1029 000b 55       		.uleb128 0x55
 1030 000c 17       		.uleb128 0x17
 1031 000d 11       		.uleb128 0x11
 1032 000e 01       		.uleb128 0x1
 1033 000f 10       		.uleb128 0x10
 1034 0010 17       		.uleb128 0x17
 1035 0011 00       		.byte	0
 1036 0012 00       		.byte	0
 1037 0013 02       		.uleb128 0x2
 1038 0014 24       		.uleb128 0x24
 1039 0015 00       		.byte	0
 1040 0016 0B       		.uleb128 0xb
 1041 0017 0B       		.uleb128 0xb
 1042 0018 3E       		.uleb128 0x3e
 1043 0019 0B       		.uleb128 0xb
 1044 001a 03       		.uleb128 0x3
 1045 001b 08       		.uleb128 0x8
 1046 001c 00       		.byte	0
 1047 001d 00       		.byte	0
 1048 001e 03       		.uleb128 0x3
 1049 001f 16       		.uleb128 0x16
 1050 0020 00       		.byte	0
 1051 0021 03       		.uleb128 0x3
 1052 0022 0E       		.uleb128 0xe
 1053 0023 3A       		.uleb128 0x3a
 1054 0024 0B       		.uleb128 0xb
 1055 0025 3B       		.uleb128 0x3b
 1056 0026 0B       		.uleb128 0xb
 1057 0027 49       		.uleb128 0x49
 1058 0028 13       		.uleb128 0x13
 1059 0029 00       		.byte	0
 1060 002a 00       		.byte	0
 1061 002b 04       		.uleb128 0x4
 1062 002c 24       		.uleb128 0x24
 1063 002d 00       		.byte	0
 1064 002e 0B       		.uleb128 0xb
 1065 002f 0B       		.uleb128 0xb
 1066 0030 3E       		.uleb128 0x3e
 1067 0031 0B       		.uleb128 0xb
 1068 0032 03       		.uleb128 0x3
 1069 0033 0E       		.uleb128 0xe
 1070 0034 00       		.byte	0
 1071 0035 00       		.byte	0
 1072 0036 05       		.uleb128 0x5
 1073 0037 13       		.uleb128 0x13
 1074 0038 01       		.byte	0x1
 1075 0039 03       		.uleb128 0x3
 1076 003a 0E       		.uleb128 0xe
 1077 003b 0B       		.uleb128 0xb
 1078 003c 0B       		.uleb128 0xb
 1079 003d 3A       		.uleb128 0x3a
 1080 003e 0B       		.uleb128 0xb
 1081 003f 3B       		.uleb128 0x3b
 1082 0040 0B       		.uleb128 0xb
 1083 0041 01       		.uleb128 0x1
ARM GAS  /tmp/ccRY00oY.s 			page 20


 1084 0042 13       		.uleb128 0x13
 1085 0043 00       		.byte	0
 1086 0044 00       		.byte	0
 1087 0045 06       		.uleb128 0x6
 1088 0046 0D       		.uleb128 0xd
 1089 0047 00       		.byte	0
 1090 0048 03       		.uleb128 0x3
 1091 0049 0E       		.uleb128 0xe
 1092 004a 3A       		.uleb128 0x3a
 1093 004b 0B       		.uleb128 0xb
 1094 004c 3B       		.uleb128 0x3b
 1095 004d 0B       		.uleb128 0xb
 1096 004e 49       		.uleb128 0x49
 1097 004f 13       		.uleb128 0x13
 1098 0050 38       		.uleb128 0x38
 1099 0051 0B       		.uleb128 0xb
 1100 0052 00       		.byte	0
 1101 0053 00       		.byte	0
 1102 0054 07       		.uleb128 0x7
 1103 0055 0D       		.uleb128 0xd
 1104 0056 00       		.byte	0
 1105 0057 03       		.uleb128 0x3
 1106 0058 08       		.uleb128 0x8
 1107 0059 3A       		.uleb128 0x3a
 1108 005a 0B       		.uleb128 0xb
 1109 005b 3B       		.uleb128 0x3b
 1110 005c 0B       		.uleb128 0xb
 1111 005d 49       		.uleb128 0x49
 1112 005e 13       		.uleb128 0x13
 1113 005f 38       		.uleb128 0x38
 1114 0060 0B       		.uleb128 0xb
 1115 0061 00       		.byte	0
 1116 0062 00       		.byte	0
 1117 0063 08       		.uleb128 0x8
 1118 0064 13       		.uleb128 0x13
 1119 0065 01       		.byte	0x1
 1120 0066 0B       		.uleb128 0xb
 1121 0067 0B       		.uleb128 0xb
 1122 0068 3A       		.uleb128 0x3a
 1123 0069 0B       		.uleb128 0xb
 1124 006a 3B       		.uleb128 0x3b
 1125 006b 0B       		.uleb128 0xb
 1126 006c 01       		.uleb128 0x1
 1127 006d 13       		.uleb128 0x13
 1128 006e 00       		.byte	0
 1129 006f 00       		.byte	0
 1130 0070 09       		.uleb128 0x9
 1131 0071 0F       		.uleb128 0xf
 1132 0072 00       		.byte	0
 1133 0073 0B       		.uleb128 0xb
 1134 0074 0B       		.uleb128 0xb
 1135 0075 49       		.uleb128 0x49
 1136 0076 13       		.uleb128 0x13
 1137 0077 00       		.byte	0
 1138 0078 00       		.byte	0
 1139 0079 0A       		.uleb128 0xa
 1140 007a 0F       		.uleb128 0xf
ARM GAS  /tmp/ccRY00oY.s 			page 21


 1141 007b 00       		.byte	0
 1142 007c 0B       		.uleb128 0xb
 1143 007d 0B       		.uleb128 0xb
 1144 007e 00       		.byte	0
 1145 007f 00       		.byte	0
 1146 0080 0B       		.uleb128 0xb
 1147 0081 13       		.uleb128 0x13
 1148 0082 01       		.byte	0x1
 1149 0083 03       		.uleb128 0x3
 1150 0084 0E       		.uleb128 0xe
 1151 0085 0B       		.uleb128 0xb
 1152 0086 0B       		.uleb128 0xb
 1153 0087 3A       		.uleb128 0x3a
 1154 0088 0B       		.uleb128 0xb
 1155 0089 3B       		.uleb128 0x3b
 1156 008a 05       		.uleb128 0x5
 1157 008b 01       		.uleb128 0x1
 1158 008c 13       		.uleb128 0x13
 1159 008d 00       		.byte	0
 1160 008e 00       		.byte	0
 1161 008f 0C       		.uleb128 0xc
 1162 0090 0D       		.uleb128 0xd
 1163 0091 00       		.byte	0
 1164 0092 03       		.uleb128 0x3
 1165 0093 08       		.uleb128 0x8
 1166 0094 3A       		.uleb128 0x3a
 1167 0095 0B       		.uleb128 0xb
 1168 0096 3B       		.uleb128 0x3b
 1169 0097 05       		.uleb128 0x5
 1170 0098 49       		.uleb128 0x49
 1171 0099 13       		.uleb128 0x13
 1172 009a 38       		.uleb128 0x38
 1173 009b 0B       		.uleb128 0xb
 1174 009c 00       		.byte	0
 1175 009d 00       		.byte	0
 1176 009e 0D       		.uleb128 0xd
 1177 009f 35       		.uleb128 0x35
 1178 00a0 00       		.byte	0
 1179 00a1 49       		.uleb128 0x49
 1180 00a2 13       		.uleb128 0x13
 1181 00a3 00       		.byte	0
 1182 00a4 00       		.byte	0
 1183 00a5 0E       		.uleb128 0xe
 1184 00a6 17       		.uleb128 0x17
 1185 00a7 01       		.byte	0x1
 1186 00a8 0B       		.uleb128 0xb
 1187 00a9 0B       		.uleb128 0xb
 1188 00aa 3A       		.uleb128 0x3a
 1189 00ab 0B       		.uleb128 0xb
 1190 00ac 3B       		.uleb128 0x3b
 1191 00ad 0B       		.uleb128 0xb
 1192 00ae 01       		.uleb128 0x1
 1193 00af 13       		.uleb128 0x13
 1194 00b0 00       		.byte	0
 1195 00b1 00       		.byte	0
 1196 00b2 0F       		.uleb128 0xf
 1197 00b3 0D       		.uleb128 0xd
ARM GAS  /tmp/ccRY00oY.s 			page 22


 1198 00b4 00       		.byte	0
 1199 00b5 03       		.uleb128 0x3
 1200 00b6 0E       		.uleb128 0xe
 1201 00b7 3A       		.uleb128 0x3a
 1202 00b8 0B       		.uleb128 0xb
 1203 00b9 3B       		.uleb128 0x3b
 1204 00ba 0B       		.uleb128 0xb
 1205 00bb 49       		.uleb128 0x49
 1206 00bc 13       		.uleb128 0x13
 1207 00bd 00       		.byte	0
 1208 00be 00       		.byte	0
 1209 00bf 10       		.uleb128 0x10
 1210 00c0 26       		.uleb128 0x26
 1211 00c1 00       		.byte	0
 1212 00c2 49       		.uleb128 0x49
 1213 00c3 13       		.uleb128 0x13
 1214 00c4 00       		.byte	0
 1215 00c5 00       		.byte	0
 1216 00c6 11       		.uleb128 0x11
 1217 00c7 01       		.uleb128 0x1
 1218 00c8 01       		.byte	0x1
 1219 00c9 49       		.uleb128 0x49
 1220 00ca 13       		.uleb128 0x13
 1221 00cb 01       		.uleb128 0x1
 1222 00cc 13       		.uleb128 0x13
 1223 00cd 00       		.byte	0
 1224 00ce 00       		.byte	0
 1225 00cf 12       		.uleb128 0x12
 1226 00d0 21       		.uleb128 0x21
 1227 00d1 00       		.byte	0
 1228 00d2 49       		.uleb128 0x49
 1229 00d3 13       		.uleb128 0x13
 1230 00d4 2F       		.uleb128 0x2f
 1231 00d5 0B       		.uleb128 0xb
 1232 00d6 00       		.byte	0
 1233 00d7 00       		.byte	0
 1234 00d8 13       		.uleb128 0x13
 1235 00d9 2E       		.uleb128 0x2e
 1236 00da 01       		.byte	0x1
 1237 00db 3F       		.uleb128 0x3f
 1238 00dc 19       		.uleb128 0x19
 1239 00dd 03       		.uleb128 0x3
 1240 00de 0E       		.uleb128 0xe
 1241 00df 3A       		.uleb128 0x3a
 1242 00e0 0B       		.uleb128 0xb
 1243 00e1 3B       		.uleb128 0x3b
 1244 00e2 0B       		.uleb128 0xb
 1245 00e3 27       		.uleb128 0x27
 1246 00e4 19       		.uleb128 0x19
 1247 00e5 49       		.uleb128 0x49
 1248 00e6 13       		.uleb128 0x13
 1249 00e7 11       		.uleb128 0x11
 1250 00e8 01       		.uleb128 0x1
 1251 00e9 12       		.uleb128 0x12
 1252 00ea 06       		.uleb128 0x6
 1253 00eb 40       		.uleb128 0x40
 1254 00ec 18       		.uleb128 0x18
ARM GAS  /tmp/ccRY00oY.s 			page 23


 1255 00ed 9742     		.uleb128 0x2117
 1256 00ef 19       		.uleb128 0x19
 1257 00f0 01       		.uleb128 0x1
 1258 00f1 13       		.uleb128 0x13
 1259 00f2 00       		.byte	0
 1260 00f3 00       		.byte	0
 1261 00f4 14       		.uleb128 0x14
 1262 00f5 34       		.uleb128 0x34
 1263 00f6 00       		.byte	0
 1264 00f7 03       		.uleb128 0x3
 1265 00f8 08       		.uleb128 0x8
 1266 00f9 3A       		.uleb128 0x3a
 1267 00fa 0B       		.uleb128 0xb
 1268 00fb 3B       		.uleb128 0x3b
 1269 00fc 0B       		.uleb128 0xb
 1270 00fd 49       		.uleb128 0x49
 1271 00fe 13       		.uleb128 0x13
 1272 00ff 02       		.uleb128 0x2
 1273 0100 18       		.uleb128 0x18
 1274 0101 00       		.byte	0
 1275 0102 00       		.byte	0
 1276 0103 15       		.uleb128 0x15
 1277 0104 0B       		.uleb128 0xb
 1278 0105 01       		.byte	0x1
 1279 0106 11       		.uleb128 0x11
 1280 0107 01       		.uleb128 0x1
 1281 0108 12       		.uleb128 0x12
 1282 0109 06       		.uleb128 0x6
 1283 010a 01       		.uleb128 0x1
 1284 010b 13       		.uleb128 0x13
 1285 010c 00       		.byte	0
 1286 010d 00       		.byte	0
 1287 010e 16       		.uleb128 0x16
 1288 010f 0B       		.uleb128 0xb
 1289 0110 01       		.byte	0x1
 1290 0111 11       		.uleb128 0x11
 1291 0112 01       		.uleb128 0x1
 1292 0113 12       		.uleb128 0x12
 1293 0114 06       		.uleb128 0x6
 1294 0115 00       		.byte	0
 1295 0116 00       		.byte	0
 1296 0117 17       		.uleb128 0x17
 1297 0118 05       		.uleb128 0x5
 1298 0119 00       		.byte	0
 1299 011a 03       		.uleb128 0x3
 1300 011b 08       		.uleb128 0x8
 1301 011c 3A       		.uleb128 0x3a
 1302 011d 0B       		.uleb128 0xb
 1303 011e 3B       		.uleb128 0x3b
 1304 011f 0B       		.uleb128 0xb
 1305 0120 49       		.uleb128 0x49
 1306 0121 13       		.uleb128 0x13
 1307 0122 02       		.uleb128 0x2
 1308 0123 17       		.uleb128 0x17
 1309 0124 00       		.byte	0
 1310 0125 00       		.byte	0
 1311 0126 18       		.uleb128 0x18
ARM GAS  /tmp/ccRY00oY.s 			page 24


 1312 0127 34       		.uleb128 0x34
 1313 0128 00       		.byte	0
 1314 0129 03       		.uleb128 0x3
 1315 012a 08       		.uleb128 0x8
 1316 012b 3A       		.uleb128 0x3a
 1317 012c 0B       		.uleb128 0xb
 1318 012d 3B       		.uleb128 0x3b
 1319 012e 0B       		.uleb128 0xb
 1320 012f 49       		.uleb128 0x49
 1321 0130 13       		.uleb128 0x13
 1322 0131 02       		.uleb128 0x2
 1323 0132 17       		.uleb128 0x17
 1324 0133 00       		.byte	0
 1325 0134 00       		.byte	0
 1326 0135 19       		.uleb128 0x19
 1327 0136 898201   		.uleb128 0x4109
 1328 0139 01       		.byte	0x1
 1329 013a 11       		.uleb128 0x11
 1330 013b 01       		.uleb128 0x1
 1331 013c 31       		.uleb128 0x31
 1332 013d 13       		.uleb128 0x13
 1333 013e 00       		.byte	0
 1334 013f 00       		.byte	0
 1335 0140 1A       		.uleb128 0x1a
 1336 0141 8A8201   		.uleb128 0x410a
 1337 0144 00       		.byte	0
 1338 0145 02       		.uleb128 0x2
 1339 0146 18       		.uleb128 0x18
 1340 0147 9142     		.uleb128 0x2111
 1341 0149 18       		.uleb128 0x18
 1342 014a 00       		.byte	0
 1343 014b 00       		.byte	0
 1344 014c 1B       		.uleb128 0x1b
 1345 014d 34       		.uleb128 0x34
 1346 014e 00       		.byte	0
 1347 014f 03       		.uleb128 0x3
 1348 0150 0E       		.uleb128 0xe
 1349 0151 3A       		.uleb128 0x3a
 1350 0152 0B       		.uleb128 0xb
 1351 0153 3B       		.uleb128 0x3b
 1352 0154 0B       		.uleb128 0xb
 1353 0155 49       		.uleb128 0x49
 1354 0156 13       		.uleb128 0x13
 1355 0157 3F       		.uleb128 0x3f
 1356 0158 19       		.uleb128 0x19
 1357 0159 3C       		.uleb128 0x3c
 1358 015a 19       		.uleb128 0x19
 1359 015b 00       		.byte	0
 1360 015c 00       		.byte	0
 1361 015d 1C       		.uleb128 0x1c
 1362 015e 34       		.uleb128 0x34
 1363 015f 00       		.byte	0
 1364 0160 03       		.uleb128 0x3
 1365 0161 0E       		.uleb128 0xe
 1366 0162 3A       		.uleb128 0x3a
 1367 0163 0B       		.uleb128 0xb
 1368 0164 3B       		.uleb128 0x3b
ARM GAS  /tmp/ccRY00oY.s 			page 25


 1369 0165 0B       		.uleb128 0xb
 1370 0166 49       		.uleb128 0x49
 1371 0167 13       		.uleb128 0x13
 1372 0168 3F       		.uleb128 0x3f
 1373 0169 19       		.uleb128 0x19
 1374 016a 02       		.uleb128 0x2
 1375 016b 18       		.uleb128 0x18
 1376 016c 00       		.byte	0
 1377 016d 00       		.byte	0
 1378 016e 1D       		.uleb128 0x1d
 1379 016f 2E       		.uleb128 0x2e
 1380 0170 01       		.byte	0x1
 1381 0171 3F       		.uleb128 0x3f
 1382 0172 19       		.uleb128 0x19
 1383 0173 03       		.uleb128 0x3
 1384 0174 0E       		.uleb128 0xe
 1385 0175 3A       		.uleb128 0x3a
 1386 0176 0B       		.uleb128 0xb
 1387 0177 3B       		.uleb128 0x3b
 1388 0178 0B       		.uleb128 0xb
 1389 0179 27       		.uleb128 0x27
 1390 017a 19       		.uleb128 0x19
 1391 017b 3C       		.uleb128 0x3c
 1392 017c 19       		.uleb128 0x19
 1393 017d 00       		.byte	0
 1394 017e 00       		.byte	0
 1395 017f 1E       		.uleb128 0x1e
 1396 0180 05       		.uleb128 0x5
 1397 0181 00       		.byte	0
 1398 0182 49       		.uleb128 0x49
 1399 0183 13       		.uleb128 0x13
 1400 0184 00       		.byte	0
 1401 0185 00       		.byte	0
 1402 0186 00       		.byte	0
 1403              		.section	.debug_loc,"",%progbits
 1404              	.Ldebug_loc0:
 1405              	.LLST0:
 1406 0000 00000000 		.4byte	.LVL1
 1407 0004 21000000 		.4byte	.LVL4-1
 1408 0008 0100     		.2byte	0x1
 1409 000a 50       		.byte	0x50
 1410 000b 21000000 		.4byte	.LVL4-1
 1411 000f 2C000000 		.4byte	.LFE8
 1412 0013 0400     		.2byte	0x4
 1413 0015 F3       		.byte	0xf3
 1414 0016 01       		.uleb128 0x1
 1415 0017 50       		.byte	0x50
 1416 0018 9F       		.byte	0x9f
 1417 0019 00000000 		.4byte	0
 1418 001d 00000000 		.4byte	0
 1419              	.LLST1:
 1420 0021 0C000000 		.4byte	.LVL2
 1421 0025 26000000 		.4byte	.LVL5
 1422 0029 0100     		.2byte	0x1
 1423 002b 54       		.byte	0x54
 1424 002c 26000000 		.4byte	.LVL5
 1425 0030 2C000000 		.4byte	.LFE8
ARM GAS  /tmp/ccRY00oY.s 			page 26


 1426 0034 0100     		.2byte	0x1
 1427 0036 50       		.byte	0x50
 1428 0037 00000000 		.4byte	0
 1429 003b 00000000 		.4byte	0
 1430              		.section	.debug_aranges,"",%progbits
 1431 0000 24000000 		.4byte	0x24
 1432 0004 0200     		.2byte	0x2
 1433 0006 00000000 		.4byte	.Ldebug_info0
 1434 000a 04       		.byte	0x4
 1435 000b 00       		.byte	0
 1436 000c 0000     		.2byte	0
 1437 000e 0000     		.2byte	0
 1438 0010 00000000 		.4byte	.LFB7
 1439 0014 1C000000 		.4byte	.LFE7-.LFB7
 1440 0018 00000000 		.4byte	.LFB8
 1441 001c 2C000000 		.4byte	.LFE8-.LFB8
 1442 0020 00000000 		.4byte	0
 1443 0024 00000000 		.4byte	0
 1444              		.section	.debug_ranges,"",%progbits
 1445              	.Ldebug_ranges0:
 1446 0000 00000000 		.4byte	.LFB7
 1447 0004 1C000000 		.4byte	.LFE7
 1448 0008 00000000 		.4byte	.LFB8
 1449 000c 2C000000 		.4byte	.LFE8
 1450 0010 00000000 		.4byte	0
 1451 0014 00000000 		.4byte	0
 1452              		.section	.debug_line,"",%progbits
 1453              	.Ldebug_line0:
 1454 0000 A1010000 		.section	.debug_str,"MS",%progbits,1
 1454      02006D01 
 1454      00000201 
 1454      FB0E0D00 
 1454      01010101 
 1455              	.LASF75:
 1456 0000 63665F6F 		.ascii	"cf_off_older\000"
 1456      66665F6F 
 1456      6C646572 
 1456      00
 1457              	.LASF38:
 1458 000d 705F6D73 		.ascii	"p_msg\000"
 1458      6700
 1459              	.LASF90:
 1460 0013 2F686F6D 		.ascii	"/home/brian/aithon/ProjectTemplate\000"
 1460      652F6272 
 1460      69616E2F 
 1460      61697468 
 1460      6F6E2F50 
 1461              	.LASF2:
 1462 0036 73697A65 		.ascii	"size_t\000"
 1462      5F7400
 1463              	.LASF60:
 1464 003d 7264796D 		.ascii	"rdymsg\000"
 1464      736700
 1465              	.LASF71:
 1466 0044 63685F74 		.ascii	"ch_threadsize\000"
 1466      68726561 
 1466      6473697A 
ARM GAS  /tmp/ccRY00oY.s 			page 27


 1466      6500
 1467              	.LASF13:
 1468 0052 6C6F6E67 		.ascii	"long long unsigned int\000"
 1468      206C6F6E 
 1468      6720756E 
 1468      7369676E 
 1468      65642069 
 1469              	.LASF84:
 1470 0069 63685265 		.ascii	"chRegFirstThread\000"
 1470      67466972 
 1470      73745468 
 1470      72656164 
 1470      00
 1471              	.LASF26:
 1472 007a 705F7072 		.ascii	"p_prio\000"
 1472      696F00
 1473              	.LASF78:
 1474 0081 63665F6F 		.ascii	"cf_off_state\000"
 1474      66665F73 
 1474      74617465 
 1474      00
 1475              	.LASF12:
 1476 008e 6C6F6E67 		.ascii	"long long int\000"
 1476      206C6F6E 
 1476      6720696E 
 1476      7400
 1477              	.LASF1:
 1478 009c 7369676E 		.ascii	"signed char\000"
 1478      65642063 
 1478      68617200 
 1479              	.LASF77:
 1480 00a8 63665F6F 		.ascii	"cf_off_stklimit\000"
 1480      66665F73 
 1480      746B6C69 
 1480      6D697400 
 1481              	.LASF79:
 1482 00b8 63665F6F 		.ascii	"cf_off_flags\000"
 1482      66665F66 
 1482      6C616773 
 1482      00
 1483              	.LASF42:
 1484 00c5 705F6D70 		.ascii	"p_mpool\000"
 1484      6F6F6C00 
 1485              	.LASF57:
 1486 00cd 6D5F7175 		.ascii	"m_queue\000"
 1486      65756500 
 1487              	.LASF18:
 1488 00d5 74736C69 		.ascii	"tslices_t\000"
 1488      6365735F 
 1488      7400
 1489              	.LASF89:
 1490 00df 2E2E2F41 		.ascii	"../AithonLibrary/ChibiOS/os/kernel/src/chregistry.c"
 1490      6974686F 
 1490      6E4C6962 
 1490      72617279 
 1490      2F436869 
 1491 0112 00       		.ascii	"\000"
ARM GAS  /tmp/ccRY00oY.s 			page 28


 1492              	.LASF9:
 1493 0113 6C6F6E67 		.ascii	"long int\000"
 1493      20696E74 
 1493      00
 1494              	.LASF16:
 1495 011c 74737461 		.ascii	"tstate_t\000"
 1495      74655F74 
 1495      00
 1496              	.LASF6:
 1497 0125 75696E74 		.ascii	"uint16_t\000"
 1497      31365F74 
 1497      00
 1498              	.LASF83:
 1499 012e 63686465 		.ascii	"chdebug_t\000"
 1499      6275675F 
 1499      7400
 1500              	.LASF28:
 1501 0138 705F6E65 		.ascii	"p_newer\000"
 1501      77657200 
 1502              	.LASF61:
 1503 0140 65786974 		.ascii	"exitcode\000"
 1503      636F6465 
 1503      00
 1504              	.LASF52:
 1505 0149 725F6E65 		.ascii	"r_newer\000"
 1505      77657200 
 1506              	.LASF45:
 1507 0151 72656761 		.ascii	"regarm_t\000"
 1507      726D5F74 
 1507      00
 1508              	.LASF0:
 1509 015a 756E7369 		.ascii	"unsigned int\000"
 1509      676E6564 
 1509      20696E74 
 1509      00
 1510              	.LASF88:
 1511 0167 474E5520 		.ascii	"GNU C 4.8.3 20131129 (release) [ARM/embedded-4_8-br"
 1511      4320342E 
 1511      382E3320 
 1511      32303133 
 1511      31313239 
 1512 019a 616E6368 		.ascii	"anch revision 205641] -mcpu=cortex-m4 -mfloat-abi=s"
 1512      20726576 
 1512      6973696F 
 1512      6E203230 
 1512      35363431 
 1513 01cd 6F667466 		.ascii	"oftfp -mfpu=fpv4-sp-d16 -mno-thumb-interwork -mthum"
 1513      70202D6D 
 1513      6670753D 
 1513      66707634 
 1513      2D73702D 
 1514 0200 62202D67 		.ascii	"b -ggdb -O2 -fomit-frame-pointer -falign-functions="
 1514      67646220 
 1514      2D4F3220 
 1514      2D666F6D 
 1514      69742D66 
 1515 0233 3136202D 		.ascii	"16 -fsingle-precision-constant -ffunction-sections "
ARM GAS  /tmp/ccRY00oY.s 			page 29


 1515      6673696E 
 1515      676C652D 
 1515      70726563 
 1515      6973696F 
 1516 0266 2D666461 		.ascii	"-fdata-sections -fno-common\000"
 1516      74612D73 
 1516      65637469 
 1516      6F6E7320 
 1516      2D666E6F 
 1517              	.LASF11:
 1518 0282 6C6F6E67 		.ascii	"long unsigned int\000"
 1518      20756E73 
 1518      69676E65 
 1518      6420696E 
 1518      7400
 1519              	.LASF87:
 1520 0294 63685F64 		.ascii	"ch_debug\000"
 1520      65627567 
 1520      00
 1521              	.LASF65:
 1522 029d 63685F69 		.ascii	"ch_identifier\000"
 1522      64656E74 
 1522      69666965 
 1522      7200
 1523              	.LASF47:
 1524 02ab 636F6E74 		.ascii	"context\000"
 1524      65787400 
 1525              	.LASF7:
 1526 02b3 73686F72 		.ascii	"short unsigned int\000"
 1526      7420756E 
 1526      7369676E 
 1526      65642069 
 1526      6E7400
 1527              	.LASF20:
 1528 02c6 6D73675F 		.ascii	"msg_t\000"
 1528      7400
 1529              	.LASF15:
 1530 02cc 746D6F64 		.ascii	"tmode_t\000"
 1530      655F7400 
 1531              	.LASF44:
 1532 02d4 54687265 		.ascii	"ThreadsList\000"
 1532      6164734C 
 1532      69737400 
 1533              	.LASF21:
 1534 02e0 6576656E 		.ascii	"eventmask_t\000"
 1534      746D6173 
 1534      6B5F7400 
 1535              	.LASF56:
 1536 02ec 4D757465 		.ascii	"Mutex\000"
 1536      7800
 1537              	.LASF66:
 1538 02f2 63685F7A 		.ascii	"ch_zero\000"
 1538      65726F00 
 1539              	.LASF80:
 1540 02fa 63665F6F 		.ascii	"cf_off_refs\000"
 1540      66665F72 
 1540      65667300 
ARM GAS  /tmp/ccRY00oY.s 			page 30


 1541              	.LASF48:
 1542 0306 73697A65 		.ascii	"sizetype\000"
 1542      74797065 
 1542      00
 1543              	.LASF70:
 1544 030f 63685F74 		.ascii	"ch_timesize\000"
 1544      696D6573 
 1544      697A6500 
 1545              	.LASF76:
 1546 031b 63665F6F 		.ascii	"cf_off_name\000"
 1546      66665F6E 
 1546      616D6500 
 1547              	.LASF29:
 1548 0327 705F6F6C 		.ascii	"p_older\000"
 1548      64657200 
 1549              	.LASF51:
 1550 032f 725F6374 		.ascii	"r_ctx\000"
 1550      7800
 1551              	.LASF43:
 1552 0335 54687265 		.ascii	"ThreadsQueue\000"
 1552      61647351 
 1552      75657565 
 1552      00
 1553              	.LASF67:
 1554 0342 63685F73 		.ascii	"ch_size\000"
 1554      697A6500 
 1555              	.LASF54:
 1556 034a 725F6375 		.ascii	"r_current\000"
 1556      7272656E 
 1556      7400
 1557              	.LASF53:
 1558 0354 725F6F6C 		.ascii	"r_older\000"
 1558      64657200 
 1559              	.LASF17:
 1560 035c 74726566 		.ascii	"trefs_t\000"
 1560      735F7400 
 1561              	.LASF69:
 1562 0364 63685F70 		.ascii	"ch_ptrsize\000"
 1562      74727369 
 1562      7A6500
 1563              	.LASF25:
 1564 036f 705F7072 		.ascii	"p_prev\000"
 1564      657600
 1565              	.LASF19:
 1566 0376 74707269 		.ascii	"tprio_t\000"
 1566      6F5F7400 
 1567              	.LASF14:
 1568 037e 5F426F6F 		.ascii	"_Bool\000"
 1568      6C00
 1569              	.LASF8:
 1570 0384 696E7433 		.ascii	"int32_t\000"
 1570      325F7400 
 1571              	.LASF4:
 1572 038c 756E7369 		.ascii	"unsigned char\000"
 1572      676E6564 
 1572      20636861 
 1572      7200
ARM GAS  /tmp/ccRY00oY.s 			page 31


 1573              	.LASF40:
 1574 039a 705F6D74 		.ascii	"p_mtxlist\000"
 1574      786C6973 
 1574      7400
 1575              	.LASF5:
 1576 03a4 73686F72 		.ascii	"short int\000"
 1576      7420696E 
 1576      7400
 1577              	.LASF31:
 1578 03ae 705F7374 		.ascii	"p_state\000"
 1578      61746500 
 1579              	.LASF34:
 1580 03b6 705F7072 		.ascii	"p_preempt\000"
 1580      65656D70 
 1580      7400
 1581              	.LASF82:
 1582 03c0 63665F6F 		.ascii	"cf_off_time\000"
 1582      66665F74 
 1582      696D6500 
 1583              	.LASF50:
 1584 03cc 725F7072 		.ascii	"r_prio\000"
 1584      696F00
 1585              	.LASF63:
 1586 03d3 65776D61 		.ascii	"ewmask\000"
 1586      736B00
 1587              	.LASF24:
 1588 03da 705F6E65 		.ascii	"p_next\000"
 1588      787400
 1589              	.LASF81:
 1590 03e1 63665F6F 		.ascii	"cf_off_preempt\000"
 1590      66665F70 
 1590      7265656D 
 1590      707400
 1591              	.LASF32:
 1592 03f0 705F666C 		.ascii	"p_flags\000"
 1592      61677300 
 1593              	.LASF91:
 1594 03f8 63685468 		.ascii	"chThdRelease\000"
 1594      6452656C 
 1594      65617365 
 1594      00
 1595              	.LASF23:
 1596 0405 54687265 		.ascii	"Thread\000"
 1596      616400
 1597              	.LASF74:
 1598 040c 63665F6F 		.ascii	"cf_off_newer\000"
 1598      66665F6E 
 1598      65776572 
 1598      00
 1599              	.LASF39:
 1600 0419 705F6570 		.ascii	"p_epending\000"
 1600      656E6469 
 1600      6E6700
 1601              	.LASF10:
 1602 0424 75696E74 		.ascii	"uint32_t\000"
 1602      33325F74 
 1602      00
ARM GAS  /tmp/ccRY00oY.s 			page 32


 1603              	.LASF72:
 1604 042d 63665F6F 		.ascii	"cf_off_prio\000"
 1604      66665F70 
 1604      72696F00 
 1605              	.LASF49:
 1606 0439 725F7175 		.ascii	"r_queue\000"
 1606      65756500 
 1607              	.LASF64:
 1608 0441 63686172 		.ascii	"char\000"
 1608      00
 1609              	.LASF85:
 1610 0446 63685265 		.ascii	"chRegNextThread\000"
 1610      674E6578 
 1610      74546872 
 1610      65616400 
 1611              	.LASF59:
 1612 0456 6D5F6E65 		.ascii	"m_next\000"
 1612      787400
 1613              	.LASF22:
 1614 045d 73797374 		.ascii	"systime_t\000"
 1614      696D655F 
 1614      7400
 1615              	.LASF41:
 1616 0467 705F7265 		.ascii	"p_realprio\000"
 1616      616C7072 
 1616      696F00
 1617              	.LASF35:
 1618 0472 705F7469 		.ascii	"p_time\000"
 1618      6D6500
 1619              	.LASF46:
 1620 0479 696E7463 		.ascii	"intctx\000"
 1620      747800
 1621              	.LASF37:
 1622 0480 705F6D73 		.ascii	"p_msgqueue\000"
 1622      67717565 
 1622      756500
 1623              	.LASF73:
 1624 048b 63665F6F 		.ascii	"cf_off_ctx\000"
 1624      66665F63 
 1624      747800
 1625              	.LASF33:
 1626 0496 705F7265 		.ascii	"p_refs\000"
 1626      667300
 1627              	.LASF55:
 1628 049d 52656164 		.ascii	"ReadyList\000"
 1628      794C6973 
 1628      7400
 1629              	.LASF86:
 1630 04a7 726C6973 		.ascii	"rlist\000"
 1630      7400
 1631              	.LASF3:
 1632 04ad 75696E74 		.ascii	"uint8_t\000"
 1632      385F7400 
 1633              	.LASF62:
 1634 04b5 77746F62 		.ascii	"wtobjp\000"
 1634      6A7000
 1635              	.LASF30:
ARM GAS  /tmp/ccRY00oY.s 			page 33


 1636 04bc 705F6E61 		.ascii	"p_name\000"
 1636      6D6500
 1637              	.LASF68:
 1638 04c3 63685F76 		.ascii	"ch_version\000"
 1638      65727369 
 1638      6F6E00
 1639              	.LASF58:
 1640 04ce 6D5F6F77 		.ascii	"m_owner\000"
 1640      6E657200 
 1641              	.LASF27:
 1642 04d6 705F6374 		.ascii	"p_ctx\000"
 1642      7800
 1643              	.LASF36:
 1644 04dc 705F7761 		.ascii	"p_waiting\000"
 1644      6974696E 
 1644      6700
 1645              		.ident	"GCC: (GNU Tools for ARM Embedded Processors) 4.8.3 20131129 (release) [ARM/embedded-4_8-br
ARM GAS  /tmp/ccRY00oY.s 			page 34


DEFINED SYMBOLS
                            *ABS*:0000000000000000 chregistry.c
     /tmp/ccRY00oY.s:20     .text.chRegFirstThread:0000000000000000 $t
     /tmp/ccRY00oY.s:26     .text.chRegFirstThread:0000000000000000 chRegFirstThread
     /tmp/ccRY00oY.s:63     .text.chRegFirstThread:0000000000000018 $d
     /tmp/ccRY00oY.s:68     .text.chRegNextThread:0000000000000000 $t
     /tmp/ccRY00oY.s:74     .text.chRegNextThread:0000000000000000 chRegNextThread
     /tmp/ccRY00oY.s:126    .text.chRegNextThread:0000000000000028 $d
     /tmp/ccRY00oY.s:135    .rodata.ch_debug:0000000000000000 ch_debug
     /tmp/ccRY00oY.s:132    .rodata.ch_debug:0000000000000000 $d
                     .debug_frame:0000000000000010 $d
     /tmp/ccRY00oY.s:67     .text.chRegFirstThread:000000000000001c $t
     /tmp/ccRY00oY.s:131    .text.chRegNextThread:000000000000002c $t

UNDEFINED SYMBOLS
rlist
chThdRelease
