ARM GAS  /tmp/ccjIRwvf.s 			page 1


   1              		.syntax unified
   2              		.cpu cortex-m4
   3              		.eabi_attribute 27, 3
   4              		.fpu fpv4-sp-d16
   5              		.eabi_attribute 20, 1
   6              		.eabi_attribute 21, 1
   7              		.eabi_attribute 23, 3
   8              		.eabi_attribute 24, 1
   9              		.eabi_attribute 25, 1
  10              		.eabi_attribute 26, 1
  11              		.eabi_attribute 30, 2
  12              		.eabi_attribute 34, 1
  13              		.eabi_attribute 18, 4
  14              		.thumb
  15              		.file	"crt0.c"
  16              		.text
  17              	.Ltext0:
  18              		.cfi_sections	.debug_frame
  19              		.section	.text.__early_init,"ax",%progbits
  20              		.align	2
  21              		.p2align 4,,15
  22              		.weak	__early_init
  23              		.thumb
  24              		.thumb_func
  25              		.type	__early_init, %function
  26              	__early_init:
  27              	.LFB0:
  28              		.file 1 "../AithonLibrary/ChibiOS/os/ports/GCC/ARMCMx/crt0.c"
  29              		.loc 1 234 0
  30              		.cfi_startproc
  31              		@ args = 0, pretend = 0, frame = 0
  32              		@ frame_needed = 0, uses_anonymous_args = 0
  33              		@ link register save eliminated.
  34 0000 7047     		bx	lr
  35              		.cfi_endproc
  36              	.LFE0:
  37              		.size	__early_init, .-__early_init
  38 0002 00BFAFF3 		.section	.text.__late_init,"ax",%progbits
  38      0080AFF3 
  38      0080AFF3 
  38      0080
  39              		.align	2
  40              		.p2align 4,,15
  41              		.weak	__late_init
  42              		.thumb
  43              		.thumb_func
  44              		.type	__late_init, %function
  45              	__late_init:
  46              	.LFB1:
  47              		.loc 1 246 0
  48              		.cfi_startproc
  49              		@ args = 0, pretend = 0, frame = 0
  50              		@ frame_needed = 0, uses_anonymous_args = 0
  51              		@ link register save eliminated.
  52 0000 7047     		bx	lr
  53              		.cfi_endproc
  54              	.LFE1:
ARM GAS  /tmp/ccjIRwvf.s 			page 2


  55              		.size	__late_init, .-__late_init
  56 0002 00BFAFF3 		.section	.text._default_exit,"ax",%progbits
  56      0080AFF3 
  56      0080AFF3 
  56      0080
  57              		.align	2
  58              		.p2align 4,,15
  59              		.weak	_default_exit
  60              		.thumb
  61              		.thumb_func
  62              		.type	_default_exit, %function
  63              	_default_exit:
  64              	.LFB2:
  65              		.loc 1 257 0
  66              		.cfi_startproc
  67              		@ Naked Function: prologue and epilogue provided by programmer.
  68              		@ args = 0, pretend = 0, frame = 0
  69              		@ frame_needed = 0, uses_anonymous_args = 0
  70              	.L4:
  71 0000 FEE7     		b	.L4
  72              		.cfi_endproc
  73              	.LFE2:
  74              		.size	_default_exit, .-_default_exit
  75 0002 00BFAFF3 		.section	.text.ResetHandler,"ax",%progbits
  75      0080AFF3 
  75      0080AFF3 
  75      0080
  76              		.align	2
  77              		.p2align 4,,15
  78              		.global	ResetHandler
  79              		.thumb
  80              		.thumb_func
  81              		.type	ResetHandler, %function
  82              	ResetHandler:
  83              	.LFB3:
  84              		.loc 1 268 0
  85              		.cfi_startproc
  86              		@ Naked Function: prologue and epilogue provided by programmer.
  87              		@ args = 0, pretend = 0, frame = 0
  88              		@ frame_needed = 0, uses_anonymous_args = 0
  89              		.loc 1 274 0
  90              	@ 274 "../AithonLibrary/ChibiOS/os/ports/GCC/ARMCMx/crt0.c" 1
  91 0000 72B6     		cpsid   i
  92              	@ 0 "" 2
  93              		.loc 1 275 0
  94              		.thumb
  95 0002 3848     		ldr	r0, .L27
  96              	.LVL0:
  97              		.loc 1 276 0
  98              	@ 276 "../AithonLibrary/ChibiOS/os/ports/GCC/ARMCMx/crt0.c" 1
  99 0004 80F30988 		msr     PSP, r0
 100              	@ 0 "" 2
 101              		.loc 1 283 0
 102              		.thumb
 103 0008 374B     		ldr	r3, .L27+4
 104              		.loc 1 280 0
 105 000a 3849     		ldr	r1, .L27+8
ARM GAS  /tmp/ccjIRwvf.s 			page 3


 106              		.loc 1 283 0
 107 000c 1A68     		ldr	r2, [r3]
 108              		.loc 1 280 0
 109 000e 4FF04044 		mov	r4, #-1073741824
 110              		.loc 1 283 0
 111 0012 42F47002 		orr	r2, r2, #15728640
 112 0016 1A60     		str	r2, [r3]
 113              	.LVL1:
 114              		.loc 1 280 0
 115 0018 0C60     		str	r4, [r1]
 116              		.loc 1 287 0
 117 001a 0023     		movs	r3, #0
 118              	@ 287 "../AithonLibrary/ChibiOS/os/ports/GCC/ARMCMx/crt0.c" 1
 119 001c E1EE103A 		vmsr    FPSCR, r3
 120              	@ 0 "" 2
 121              		.loc 1 288 0
 122              		.thumb
 123 0020 334B     		ldr	r3, .L27+12
 124 0022 0022     		movs	r2, #0
 125 0024 1A60     		str	r2, [r3]
 126              	.LVL2:
 127              		.loc 1 296 0
 128 0026 0623     		movs	r3, #6
 129              	@ 296 "../AithonLibrary/ChibiOS/os/ports/GCC/ARMCMx/crt0.c" 1
 130 0028 83F31488 		msr     CONTROL, r3
 131              	@ 0 "" 2
 132              		.loc 1 297 0
 133              	@ 297 "../AithonLibrary/ChibiOS/os/ports/GCC/ARMCMx/crt0.c" 1
 134 002c BFF36F8F 		isb
 135              	@ 0 "" 2
 136              	.LVL3:
 137              		.thumb
 138              	.LBB2:
 139              		.loc 1 301 0
 140 0030 304B     		ldr	r3, .L27+16
 141 0032 314A     		ldr	r2, .L27+20
 142 0034 9342     		cmp	r3, r2
 143 0036 0BD2     		bcs	.L9
 144 0038 D943     		mvns	r1, r3
 145 003a 1144     		add	r1, r1, r2
 146 003c 21F00301 		bic	r1, r1, #3
 147 0040 1944     		add	r1, r1, r3
 148 0042 4FF05532 		mov	r2, #1431655765
 149 0046 043B     		subs	r3, r3, #4
 150              	.LVL4:
 151              	.L10:
 152              		.loc 1 301 0 is_stmt 0 discriminator 2
 153 0048 43F8042F 		str	r2, [r3, #4]!
 154              	.LVL5:
 155 004c 8B42     		cmp	r3, r1
 156 004e FBD1     		bne	.L10
 157              	.LVL6:
 158              	.L9:
 159              	.LBE2:
 160              	.LBB3:
 161              		.loc 1 304 0 is_stmt 1
 162 0050 2A4B     		ldr	r3, .L27+24
ARM GAS  /tmp/ccjIRwvf.s 			page 4


 163 0052 8342     		cmp	r3, r0
 164 0054 0CD2     		bcs	.L8
 165 0056 2A49     		ldr	r1, .L27+28
 166 0058 1A1D     		adds	r2, r3, #4
 167 005a 891A     		subs	r1, r1, r2
 168 005c 21F00301 		bic	r1, r1, #3
 169 0060 1944     		add	r1, r1, r3
 170 0062 4FF05532 		mov	r2, #1431655765
 171 0066 043B     		subs	r3, r3, #4
 172              	.LVL7:
 173              	.L13:
 174              		.loc 1 304 0 is_stmt 0 discriminator 2
 175 0068 43F8042F 		str	r2, [r3, #4]!
 176              	.LVL8:
 177 006c 8B42     		cmp	r3, r1
 178 006e FBD1     		bne	.L13
 179              	.LVL9:
 180              	.L8:
 181              	.LBE3:
 182              		.loc 1 310 0 is_stmt 1
 183 0070 FFF7FEFF 		bl	__early_init
 184              	.LVL10:
 185              	.LBB4:
 186              		.loc 1 319 0
 187 0074 2349     		ldr	r1, .L27+32
 188 0076 244B     		ldr	r3, .L27+36
 189 0078 9942     		cmp	r1, r3
 190 007a 0BD2     		bcs	.L12
 191 007c C843     		mvns	r0, r1
 192 007e 1844     		add	r0, r0, r3
 193 0080 20F00300 		bic	r0, r0, #3
 194 0084 214C     		ldr	r4, .L27+40
 195 0086 0430     		adds	r0, r0, #4
 196 0088 0023     		movs	r3, #0
 197              	.LVL11:
 198              	.L16:
 199              		.loc 1 320 0
 200 008a E258     		ldr	r2, [r4, r3]
 201 008c CA50     		str	r2, [r1, r3]
 202 008e 0433     		adds	r3, r3, #4
 203              	.LVL12:
 204              		.loc 1 319 0
 205 0090 8342     		cmp	r3, r0
 206 0092 FAD1     		bne	.L16
 207              	.LVL13:
 208              	.L12:
 209              	.LBE4:
 210              	.LBB5:
 211              		.loc 1 326 0
 212 0094 1E4B     		ldr	r3, .L27+44
 213 0096 1F4A     		ldr	r2, .L27+48
 214 0098 9342     		cmp	r3, r2
 215 009a 0AD2     		bcs	.L15
 216 009c D943     		mvns	r1, r3
 217 009e 1144     		add	r1, r1, r2
 218 00a0 21F00301 		bic	r1, r1, #3
 219 00a4 1944     		add	r1, r1, r3
ARM GAS  /tmp/ccjIRwvf.s 			page 5


 220 00a6 0022     		movs	r2, #0
 221 00a8 043B     		subs	r3, r3, #4
 222              	.LVL14:
 223              	.L19:
 224              		.loc 1 326 0 is_stmt 0 discriminator 2
 225 00aa 43F8042F 		str	r2, [r3, #4]!
 226              	.LVL15:
 227 00ae 8B42     		cmp	r3, r1
 228 00b0 FBD1     		bne	.L19
 229              	.LVL16:
 230              	.L15:
 231              	.LBE5:
 232              	.LBB6:
 233              		.loc 1 336 0 is_stmt 1
 234 00b2 194D     		ldr	r5, .L27+52
 235 00b4 194C     		ldr	r4, .L27+56
 236              	.LBE6:
 237              		.loc 1 330 0
 238 00b6 FFF7FEFF 		bl	__late_init
 239              	.LVL17:
 240              	.LBB7:
 241              		.loc 1 336 0
 242 00ba AC42     		cmp	r4, r5
 243 00bc 04D2     		bcs	.L18
 244              	.LVL18:
 245              	.L22:
 246              		.loc 1 337 0
 247 00be 54F8043B 		ldr	r3, [r4], #4
 248              	.LVL19:
 249 00c2 9847     		blx	r3
 250              	.LVL20:
 251              		.loc 1 336 0
 252 00c4 AC42     		cmp	r4, r5
 253 00c6 FAD3     		bcc	.L22
 254              	.LVL21:
 255              	.L18:
 256              	.LBE7:
 257              	.LBB8:
 258              		.loc 1 350 0
 259 00c8 154D     		ldr	r5, .L27+60
 260 00ca 164C     		ldr	r4, .L27+64
 261              	.LBE8:
 262              		.loc 1 344 0
 263 00cc FFF7FEFF 		bl	main
 264              	.LVL22:
 265              	.LBB9:
 266              		.loc 1 350 0
 267 00d0 AC42     		cmp	r4, r5
 268 00d2 04D2     		bcs	.L21
 269              	.LVL23:
 270              	.L23:
 271              		.loc 1 351 0
 272 00d4 54F8043B 		ldr	r3, [r4], #4
 273              	.LVL24:
 274 00d8 9847     		blx	r3
 275              	.LVL25:
 276              		.loc 1 350 0
ARM GAS  /tmp/ccjIRwvf.s 			page 6


 277 00da AC42     		cmp	r4, r5
 278 00dc FAD3     		bcc	.L23
 279              	.LVL26:
 280              	.L21:
 281              	.LBE9:
 282              		.loc 1 358 0
 283 00de FFF7FEFF 		bl	_default_exit
 284              	.LVL27:
 285              		.loc 1 359 0
 286              	.L28:
 287 00e2 00BF     		.align	2
 288              	.L27:
 289 00e4 00000000 		.word	__process_stack_end__
 290 00e8 88ED00E0 		.word	-536810104
 291 00ec 34EF00E0 		.word	-536809676
 292 00f0 3CEF00E0 		.word	-536809668
 293 00f4 00000000 		.word	__main_stack_base__
 294 00f8 00000000 		.word	__main_stack_end__
 295 00fc 00000000 		.word	__process_stack_base__
 296 0100 03000000 		.word	__process_stack_end__+3
 297 0104 00000000 		.word	_data
 298 0108 00000000 		.word	_edata
 299 010c 00000000 		.word	_textdata
 300 0110 00000000 		.word	_bss_start
 301 0114 00000000 		.word	_bss_end
 302 0118 00000000 		.word	__init_array_end
 303 011c 00000000 		.word	__init_array_start
 304 0120 00000000 		.word	__fini_array_end
 305 0124 00000000 		.word	__fini_array_start
 306              		.cfi_endproc
 307              	.LFE3:
 308              		.size	ResetHandler, .-ResetHandler
 309 0128 AFF30080 		.text
 309      AFF30080 
 310              	.Letext0:
 311              		.file 2 "/usr/arm-none-eabi/include/stdint.h"
 312              		.section	.debug_info,"",%progbits
 313              	.Ldebug_info0:
 314 0000 A0020000 		.4byte	0x2a0
 315 0004 0400     		.2byte	0x4
 316 0006 00000000 		.4byte	.Ldebug_abbrev0
 317 000a 04       		.byte	0x4
 318 000b 01       		.uleb128 0x1
 319 000c FB000000 		.4byte	.LASF29
 320 0010 01       		.byte	0x1
 321 0011 8D020000 		.4byte	.LASF30
 322 0015 D3000000 		.4byte	.LASF31
 323 0019 30000000 		.4byte	.Ldebug_ranges0+0x30
 324 001d 00000000 		.4byte	0
 325 0021 00000000 		.4byte	.Ldebug_line0
 326 0025 02       		.uleb128 0x2
 327 0026 01       		.byte	0x1
 328 0027 06       		.byte	0x6
 329 0028 D0020000 		.4byte	.LASF0
 330 002c 03       		.uleb128 0x3
 331 002d 3A020000 		.4byte	.LASF5
 332 0031 02       		.byte	0x2
ARM GAS  /tmp/ccjIRwvf.s 			page 7


 333 0032 2A       		.byte	0x2a
 334 0033 37000000 		.4byte	0x37
 335 0037 02       		.uleb128 0x2
 336 0038 01       		.byte	0x1
 337 0039 08       		.byte	0x8
 338 003a 51000000 		.4byte	.LASF1
 339 003e 02       		.uleb128 0x2
 340 003f 02       		.byte	0x2
 341 0040 05       		.byte	0x5
 342 0041 7B020000 		.4byte	.LASF2
 343 0045 02       		.uleb128 0x2
 344 0046 02       		.byte	0x2
 345 0047 07       		.byte	0x7
 346 0048 8A000000 		.4byte	.LASF3
 347 004c 02       		.uleb128 0x2
 348 004d 04       		.byte	0x4
 349 004e 05       		.byte	0x5
 350 004f C1020000 		.4byte	.LASF4
 351 0053 03       		.uleb128 0x3
 352 0054 B0000000 		.4byte	.LASF6
 353 0058 02       		.byte	0x2
 354 0059 50       		.byte	0x50
 355 005a 5E000000 		.4byte	0x5e
 356 005e 02       		.uleb128 0x2
 357 005f 04       		.byte	0x4
 358 0060 07       		.byte	0x7
 359 0061 6B000000 		.4byte	.LASF7
 360 0065 02       		.uleb128 0x2
 361 0066 08       		.byte	0x8
 362 0067 05       		.byte	0x5
 363 0068 59020000 		.4byte	.LASF8
 364 006c 02       		.uleb128 0x2
 365 006d 08       		.byte	0x8
 366 006e 07       		.byte	0x7
 367 006f 23020000 		.4byte	.LASF9
 368 0073 04       		.uleb128 0x4
 369 0074 04       		.byte	0x4
 370 0075 05       		.byte	0x5
 371 0076 696E7400 		.ascii	"int\000"
 372 007a 02       		.uleb128 0x2
 373 007b 04       		.byte	0x4
 374 007c 07       		.byte	0x7
 375 007d 16020000 		.4byte	.LASF10
 376 0081 03       		.uleb128 0x3
 377 0082 85020000 		.4byte	.LASF11
 378 0086 01       		.byte	0x1
 379 0087 34       		.byte	0x34
 380 0088 8C000000 		.4byte	0x8c
 381 008c 05       		.uleb128 0x5
 382 008d 04       		.byte	0x4
 383 008e 92000000 		.4byte	0x92
 384 0092 06       		.uleb128 0x6
 385 0093 03       		.uleb128 0x3
 386 0094 3A000000 		.4byte	.LASF12
 387 0098 01       		.byte	0x1
 388 0099 35       		.byte	0x35
 389 009a 9E000000 		.4byte	0x9e
ARM GAS  /tmp/ccjIRwvf.s 			page 8


 390 009e 05       		.uleb128 0x5
 391 009f 04       		.byte	0x4
 392 00a0 81000000 		.4byte	0x81
 393 00a4 07       		.uleb128 0x7
 394 00a5 4C020000 		.4byte	.LASF13
 395 00a9 01       		.byte	0x1
 396 00aa EA       		.byte	0xea
 397 00ab 00000000 		.4byte	.LFB0
 398 00af 02000000 		.4byte	.LFE0-.LFB0
 399 00b3 01       		.uleb128 0x1
 400 00b4 9C       		.byte	0x9c
 401 00b5 07       		.uleb128 0x7
 402 00b6 5F000000 		.4byte	.LASF14
 403 00ba 01       		.byte	0x1
 404 00bb F6       		.byte	0xf6
 405 00bc 00000000 		.4byte	.LFB1
 406 00c0 02000000 		.4byte	.LFE1-.LFB1
 407 00c4 01       		.uleb128 0x1
 408 00c5 9C       		.byte	0x9c
 409 00c6 08       		.uleb128 0x8
 410 00c7 43000000 		.4byte	.LASF15
 411 00cb 01       		.byte	0x1
 412 00cc 0101     		.2byte	0x101
 413 00ce 00000000 		.4byte	.LFB2
 414 00d2 02000000 		.4byte	.LFE2-.LFB2
 415 00d6 01       		.uleb128 0x1
 416 00d7 9C       		.byte	0x9c
 417 00d8 09       		.uleb128 0x9
 418 00d9 7D000000 		.4byte	.LASF32
 419 00dd 01       		.byte	0x1
 420 00de 0C01     		.2byte	0x10c
 421 00e0 00000000 		.4byte	.LFB3
 422 00e4 28010000 		.4byte	.LFE3-.LFB3
 423 00e8 01       		.uleb128 0x1
 424 00e9 9C       		.byte	0x9c
 425 00ea 07020000 		.4byte	0x207
 426 00ee 0A       		.uleb128 0xa
 427 00ef 70737000 		.ascii	"psp\000"
 428 00f3 01       		.byte	0x1
 429 00f4 0D01     		.2byte	0x10d
 430 00f6 53000000 		.4byte	0x53
 431 00fa 0B       		.uleb128 0xb
 432 00fb 72656700 		.ascii	"reg\000"
 433 00ff 01       		.byte	0x1
 434 0100 0D01     		.2byte	0x10d
 435 0102 53000000 		.4byte	0x53
 436 0106 00000000 		.4byte	.LLST0
 437 010a 0C       		.uleb128 0xc
 438 010b 30000000 		.4byte	.LBB2
 439 010f 20000000 		.4byte	.LBE2-.LBB2
 440 0113 32010000 		.4byte	0x132
 441 0117 0B       		.uleb128 0xb
 442 0118 703100   		.ascii	"p1\000"
 443 011b 01       		.byte	0x1
 444 011c 2D01     		.2byte	0x12d
 445 011e 07020000 		.4byte	0x207
 446 0122 20000000 		.4byte	.LLST1
ARM GAS  /tmp/ccjIRwvf.s 			page 9


 447 0126 0A       		.uleb128 0xa
 448 0127 703200   		.ascii	"p2\000"
 449 012a 01       		.byte	0x1
 450 012b 2D01     		.2byte	0x12d
 451 012d 07020000 		.4byte	0x207
 452 0131 00       		.byte	0
 453 0132 0C       		.uleb128 0xc
 454 0133 50000000 		.4byte	.LBB3
 455 0137 20000000 		.4byte	.LBE3-.LBB3
 456 013b 5A010000 		.4byte	0x15a
 457 013f 0B       		.uleb128 0xb
 458 0140 703100   		.ascii	"p1\000"
 459 0143 01       		.byte	0x1
 460 0144 3001     		.2byte	0x130
 461 0146 07020000 		.4byte	0x207
 462 014a 42000000 		.4byte	.LLST2
 463 014e 0A       		.uleb128 0xa
 464 014f 703200   		.ascii	"p2\000"
 465 0152 01       		.byte	0x1
 466 0153 3001     		.2byte	0x130
 467 0155 07020000 		.4byte	0x207
 468 0159 00       		.byte	0
 469 015a 0C       		.uleb128 0xc
 470 015b 74000000 		.4byte	.LBB4
 471 015f 20000000 		.4byte	.LBE4-.LBB4
 472 0163 86010000 		.4byte	0x186
 473 0167 0B       		.uleb128 0xb
 474 0168 747000   		.ascii	"tp\000"
 475 016b 01       		.byte	0x1
 476 016c 3B01     		.2byte	0x13b
 477 016e 07020000 		.4byte	0x207
 478 0172 64000000 		.4byte	.LLST3
 479 0176 0B       		.uleb128 0xb
 480 0177 647000   		.ascii	"dp\000"
 481 017a 01       		.byte	0x1
 482 017b 3B01     		.2byte	0x13b
 483 017d 07020000 		.4byte	0x207
 484 0181 64000000 		.4byte	.LLST3
 485 0185 00       		.byte	0
 486 0186 0C       		.uleb128 0xc
 487 0187 94000000 		.4byte	.LBB5
 488 018b 1E000000 		.4byte	.LBE5-.LBB5
 489 018f AE010000 		.4byte	0x1ae
 490 0193 0B       		.uleb128 0xb
 491 0194 703100   		.ascii	"p1\000"
 492 0197 01       		.byte	0x1
 493 0198 4601     		.2byte	0x146
 494 019a 07020000 		.4byte	0x207
 495 019e 86000000 		.4byte	.LLST5
 496 01a2 0A       		.uleb128 0xa
 497 01a3 703200   		.ascii	"p2\000"
 498 01a6 01       		.byte	0x1
 499 01a7 4601     		.2byte	0x146
 500 01a9 07020000 		.4byte	0x207
 501 01ad 00       		.byte	0
 502 01ae 0D       		.uleb128 0xd
 503 01af 00000000 		.4byte	.Ldebug_ranges0+0
ARM GAS  /tmp/ccjIRwvf.s 			page 10


 504 01b3 C8010000 		.4byte	0x1c8
 505 01b7 0B       		.uleb128 0xb
 506 01b8 66707000 		.ascii	"fpp\000"
 507 01bc 01       		.byte	0x1
 508 01bd 4F01     		.2byte	0x14f
 509 01bf 93000000 		.4byte	0x93
 510 01c3 A8000000 		.4byte	.LLST6
 511 01c7 00       		.byte	0
 512 01c8 0D       		.uleb128 0xd
 513 01c9 18000000 		.4byte	.Ldebug_ranges0+0x18
 514 01cd E2010000 		.4byte	0x1e2
 515 01d1 0B       		.uleb128 0xb
 516 01d2 66707000 		.ascii	"fpp\000"
 517 01d6 01       		.byte	0x1
 518 01d7 5D01     		.2byte	0x15d
 519 01d9 93000000 		.4byte	0x93
 520 01dd D3000000 		.4byte	.LLST7
 521 01e1 00       		.byte	0
 522 01e2 0E       		.uleb128 0xe
 523 01e3 74000000 		.4byte	.LVL10
 524 01e7 A4000000 		.4byte	0xa4
 525 01eb 0E       		.uleb128 0xe
 526 01ec BA000000 		.4byte	.LVL17
 527 01f0 B5000000 		.4byte	0xb5
 528 01f4 0E       		.uleb128 0xe
 529 01f5 D0000000 		.4byte	.LVL22
 530 01f9 9C020000 		.4byte	0x29c
 531 01fd 0E       		.uleb128 0xe
 532 01fe E2000000 		.4byte	.LVL27
 533 0202 C6000000 		.4byte	0xc6
 534 0206 00       		.byte	0
 535 0207 05       		.uleb128 0x5
 536 0208 04       		.byte	0x4
 537 0209 53000000 		.4byte	0x53
 538 020d 0F       		.uleb128 0xf
 539 020e 67020000 		.4byte	.LASF16
 540 0212 01       		.byte	0x1
 541 0213 8B       		.byte	0x8b
 542 0214 53000000 		.4byte	0x53
 543 0218 0F       		.uleb128 0xf
 544 0219 05030000 		.4byte	.LASF17
 545 021d 01       		.byte	0x1
 546 021e 93       		.byte	0x93
 547 021f 53000000 		.4byte	0x53
 548 0223 0F       		.uleb128 0xf
 549 0224 23000000 		.4byte	.LASF18
 550 0228 01       		.byte	0x1
 551 0229 9A       		.byte	0x9a
 552 022a 53000000 		.4byte	0x53
 553 022e 0F       		.uleb128 0xf
 554 022f DC020000 		.4byte	.LASF19
 555 0233 01       		.byte	0x1
 556 0234 A1       		.byte	0xa1
 557 0235 53000000 		.4byte	0x53
 558 0239 0F       		.uleb128 0xf
 559 023a 42020000 		.4byte	.LASF20
 560 023e 01       		.byte	0x1
ARM GAS  /tmp/ccjIRwvf.s 			page 11


 561 023f A7       		.byte	0xa7
 562 0240 53000000 		.4byte	0x53
 563 0244 0F       		.uleb128 0xf
 564 0245 CA020000 		.4byte	.LASF21
 565 0249 01       		.byte	0x1
 566 024a AD       		.byte	0xad
 567 024b 53000000 		.4byte	0x53
 568 024f 0F       		.uleb128 0xf
 569 0250 0B000000 		.4byte	.LASF22
 570 0254 01       		.byte	0x1
 571 0255 B3       		.byte	0xb3
 572 0256 53000000 		.4byte	0x53
 573 025a 0F       		.uleb128 0xf
 574 025b 00000000 		.4byte	.LASF23
 575 025f 01       		.byte	0x1
 576 0260 B9       		.byte	0xb9
 577 0261 53000000 		.4byte	0x53
 578 0265 0F       		.uleb128 0xf
 579 0266 B9000000 		.4byte	.LASF24
 580 026a 01       		.byte	0x1
 581 026b BF       		.byte	0xbf
 582 026c 53000000 		.4byte	0x53
 583 0270 0F       		.uleb128 0xf
 584 0271 F2020000 		.4byte	.LASF25
 585 0275 01       		.byte	0x1
 586 0276 C5       		.byte	0xc5
 587 0277 81000000 		.4byte	0x81
 588 027b 0F       		.uleb128 0xf
 589 027c C2000000 		.4byte	.LASF26
 590 0280 01       		.byte	0x1
 591 0281 CB       		.byte	0xcb
 592 0282 81000000 		.4byte	0x81
 593 0286 0F       		.uleb128 0xf
 594 0287 9D000000 		.4byte	.LASF27
 595 028b 01       		.byte	0x1
 596 028c D1       		.byte	0xd1
 597 028d 81000000 		.4byte	0x81
 598 0291 0F       		.uleb128 0xf
 599 0292 12000000 		.4byte	.LASF28
 600 0296 01       		.byte	0x1
 601 0297 D7       		.byte	0xd7
 602 0298 81000000 		.4byte	0x81
 603 029c 10       		.uleb128 0x10
 604 029d F6000000 		.4byte	.LASF33
 605 02a1 01       		.byte	0x1
 606 02a2 DE       		.byte	0xde
 607 02a3 00       		.byte	0
 608              		.section	.debug_abbrev,"",%progbits
 609              	.Ldebug_abbrev0:
 610 0000 01       		.uleb128 0x1
 611 0001 11       		.uleb128 0x11
 612 0002 01       		.byte	0x1
 613 0003 25       		.uleb128 0x25
 614 0004 0E       		.uleb128 0xe
 615 0005 13       		.uleb128 0x13
 616 0006 0B       		.uleb128 0xb
 617 0007 03       		.uleb128 0x3
ARM GAS  /tmp/ccjIRwvf.s 			page 12


 618 0008 0E       		.uleb128 0xe
 619 0009 1B       		.uleb128 0x1b
 620 000a 0E       		.uleb128 0xe
 621 000b 55       		.uleb128 0x55
 622 000c 17       		.uleb128 0x17
 623 000d 11       		.uleb128 0x11
 624 000e 01       		.uleb128 0x1
 625 000f 10       		.uleb128 0x10
 626 0010 17       		.uleb128 0x17
 627 0011 00       		.byte	0
 628 0012 00       		.byte	0
 629 0013 02       		.uleb128 0x2
 630 0014 24       		.uleb128 0x24
 631 0015 00       		.byte	0
 632 0016 0B       		.uleb128 0xb
 633 0017 0B       		.uleb128 0xb
 634 0018 3E       		.uleb128 0x3e
 635 0019 0B       		.uleb128 0xb
 636 001a 03       		.uleb128 0x3
 637 001b 0E       		.uleb128 0xe
 638 001c 00       		.byte	0
 639 001d 00       		.byte	0
 640 001e 03       		.uleb128 0x3
 641 001f 16       		.uleb128 0x16
 642 0020 00       		.byte	0
 643 0021 03       		.uleb128 0x3
 644 0022 0E       		.uleb128 0xe
 645 0023 3A       		.uleb128 0x3a
 646 0024 0B       		.uleb128 0xb
 647 0025 3B       		.uleb128 0x3b
 648 0026 0B       		.uleb128 0xb
 649 0027 49       		.uleb128 0x49
 650 0028 13       		.uleb128 0x13
 651 0029 00       		.byte	0
 652 002a 00       		.byte	0
 653 002b 04       		.uleb128 0x4
 654 002c 24       		.uleb128 0x24
 655 002d 00       		.byte	0
 656 002e 0B       		.uleb128 0xb
 657 002f 0B       		.uleb128 0xb
 658 0030 3E       		.uleb128 0x3e
 659 0031 0B       		.uleb128 0xb
 660 0032 03       		.uleb128 0x3
 661 0033 08       		.uleb128 0x8
 662 0034 00       		.byte	0
 663 0035 00       		.byte	0
 664 0036 05       		.uleb128 0x5
 665 0037 0F       		.uleb128 0xf
 666 0038 00       		.byte	0
 667 0039 0B       		.uleb128 0xb
 668 003a 0B       		.uleb128 0xb
 669 003b 49       		.uleb128 0x49
 670 003c 13       		.uleb128 0x13
 671 003d 00       		.byte	0
 672 003e 00       		.byte	0
 673 003f 06       		.uleb128 0x6
 674 0040 15       		.uleb128 0x15
ARM GAS  /tmp/ccjIRwvf.s 			page 13


 675 0041 00       		.byte	0
 676 0042 27       		.uleb128 0x27
 677 0043 19       		.uleb128 0x19
 678 0044 00       		.byte	0
 679 0045 00       		.byte	0
 680 0046 07       		.uleb128 0x7
 681 0047 2E       		.uleb128 0x2e
 682 0048 00       		.byte	0
 683 0049 3F       		.uleb128 0x3f
 684 004a 19       		.uleb128 0x19
 685 004b 03       		.uleb128 0x3
 686 004c 0E       		.uleb128 0xe
 687 004d 3A       		.uleb128 0x3a
 688 004e 0B       		.uleb128 0xb
 689 004f 3B       		.uleb128 0x3b
 690 0050 0B       		.uleb128 0xb
 691 0051 27       		.uleb128 0x27
 692 0052 19       		.uleb128 0x19
 693 0053 11       		.uleb128 0x11
 694 0054 01       		.uleb128 0x1
 695 0055 12       		.uleb128 0x12
 696 0056 06       		.uleb128 0x6
 697 0057 40       		.uleb128 0x40
 698 0058 18       		.uleb128 0x18
 699 0059 9742     		.uleb128 0x2117
 700 005b 19       		.uleb128 0x19
 701 005c 00       		.byte	0
 702 005d 00       		.byte	0
 703 005e 08       		.uleb128 0x8
 704 005f 2E       		.uleb128 0x2e
 705 0060 00       		.byte	0
 706 0061 3F       		.uleb128 0x3f
 707 0062 19       		.uleb128 0x19
 708 0063 03       		.uleb128 0x3
 709 0064 0E       		.uleb128 0xe
 710 0065 3A       		.uleb128 0x3a
 711 0066 0B       		.uleb128 0xb
 712 0067 3B       		.uleb128 0x3b
 713 0068 05       		.uleb128 0x5
 714 0069 27       		.uleb128 0x27
 715 006a 19       		.uleb128 0x19
 716 006b 11       		.uleb128 0x11
 717 006c 01       		.uleb128 0x1
 718 006d 12       		.uleb128 0x12
 719 006e 06       		.uleb128 0x6
 720 006f 40       		.uleb128 0x40
 721 0070 18       		.uleb128 0x18
 722 0071 9742     		.uleb128 0x2117
 723 0073 19       		.uleb128 0x19
 724 0074 00       		.byte	0
 725 0075 00       		.byte	0
 726 0076 09       		.uleb128 0x9
 727 0077 2E       		.uleb128 0x2e
 728 0078 01       		.byte	0x1
 729 0079 3F       		.uleb128 0x3f
 730 007a 19       		.uleb128 0x19
 731 007b 03       		.uleb128 0x3
ARM GAS  /tmp/ccjIRwvf.s 			page 14


 732 007c 0E       		.uleb128 0xe
 733 007d 3A       		.uleb128 0x3a
 734 007e 0B       		.uleb128 0xb
 735 007f 3B       		.uleb128 0x3b
 736 0080 05       		.uleb128 0x5
 737 0081 27       		.uleb128 0x27
 738 0082 19       		.uleb128 0x19
 739 0083 11       		.uleb128 0x11
 740 0084 01       		.uleb128 0x1
 741 0085 12       		.uleb128 0x12
 742 0086 06       		.uleb128 0x6
 743 0087 40       		.uleb128 0x40
 744 0088 18       		.uleb128 0x18
 745 0089 9642     		.uleb128 0x2116
 746 008b 19       		.uleb128 0x19
 747 008c 01       		.uleb128 0x1
 748 008d 13       		.uleb128 0x13
 749 008e 00       		.byte	0
 750 008f 00       		.byte	0
 751 0090 0A       		.uleb128 0xa
 752 0091 34       		.uleb128 0x34
 753 0092 00       		.byte	0
 754 0093 03       		.uleb128 0x3
 755 0094 08       		.uleb128 0x8
 756 0095 3A       		.uleb128 0x3a
 757 0096 0B       		.uleb128 0xb
 758 0097 3B       		.uleb128 0x3b
 759 0098 05       		.uleb128 0x5
 760 0099 49       		.uleb128 0x49
 761 009a 13       		.uleb128 0x13
 762 009b 00       		.byte	0
 763 009c 00       		.byte	0
 764 009d 0B       		.uleb128 0xb
 765 009e 34       		.uleb128 0x34
 766 009f 00       		.byte	0
 767 00a0 03       		.uleb128 0x3
 768 00a1 08       		.uleb128 0x8
 769 00a2 3A       		.uleb128 0x3a
 770 00a3 0B       		.uleb128 0xb
 771 00a4 3B       		.uleb128 0x3b
 772 00a5 05       		.uleb128 0x5
 773 00a6 49       		.uleb128 0x49
 774 00a7 13       		.uleb128 0x13
 775 00a8 02       		.uleb128 0x2
 776 00a9 17       		.uleb128 0x17
 777 00aa 00       		.byte	0
 778 00ab 00       		.byte	0
 779 00ac 0C       		.uleb128 0xc
 780 00ad 0B       		.uleb128 0xb
 781 00ae 01       		.byte	0x1
 782 00af 11       		.uleb128 0x11
 783 00b0 01       		.uleb128 0x1
 784 00b1 12       		.uleb128 0x12
 785 00b2 06       		.uleb128 0x6
 786 00b3 01       		.uleb128 0x1
 787 00b4 13       		.uleb128 0x13
 788 00b5 00       		.byte	0
ARM GAS  /tmp/ccjIRwvf.s 			page 15


 789 00b6 00       		.byte	0
 790 00b7 0D       		.uleb128 0xd
 791 00b8 0B       		.uleb128 0xb
 792 00b9 01       		.byte	0x1
 793 00ba 55       		.uleb128 0x55
 794 00bb 17       		.uleb128 0x17
 795 00bc 01       		.uleb128 0x1
 796 00bd 13       		.uleb128 0x13
 797 00be 00       		.byte	0
 798 00bf 00       		.byte	0
 799 00c0 0E       		.uleb128 0xe
 800 00c1 898201   		.uleb128 0x4109
 801 00c4 00       		.byte	0
 802 00c5 11       		.uleb128 0x11
 803 00c6 01       		.uleb128 0x1
 804 00c7 31       		.uleb128 0x31
 805 00c8 13       		.uleb128 0x13
 806 00c9 00       		.byte	0
 807 00ca 00       		.byte	0
 808 00cb 0F       		.uleb128 0xf
 809 00cc 34       		.uleb128 0x34
 810 00cd 00       		.byte	0
 811 00ce 03       		.uleb128 0x3
 812 00cf 0E       		.uleb128 0xe
 813 00d0 3A       		.uleb128 0x3a
 814 00d1 0B       		.uleb128 0xb
 815 00d2 3B       		.uleb128 0x3b
 816 00d3 0B       		.uleb128 0xb
 817 00d4 49       		.uleb128 0x49
 818 00d5 13       		.uleb128 0x13
 819 00d6 3F       		.uleb128 0x3f
 820 00d7 19       		.uleb128 0x19
 821 00d8 3C       		.uleb128 0x3c
 822 00d9 19       		.uleb128 0x19
 823 00da 00       		.byte	0
 824 00db 00       		.byte	0
 825 00dc 10       		.uleb128 0x10
 826 00dd 2E       		.uleb128 0x2e
 827 00de 00       		.byte	0
 828 00df 3F       		.uleb128 0x3f
 829 00e0 19       		.uleb128 0x19
 830 00e1 03       		.uleb128 0x3
 831 00e2 0E       		.uleb128 0xe
 832 00e3 3A       		.uleb128 0x3a
 833 00e4 0B       		.uleb128 0xb
 834 00e5 3B       		.uleb128 0x3b
 835 00e6 0B       		.uleb128 0xb
 836 00e7 27       		.uleb128 0x27
 837 00e8 19       		.uleb128 0x19
 838 00e9 3C       		.uleb128 0x3c
 839 00ea 19       		.uleb128 0x19
 840 00eb 00       		.byte	0
 841 00ec 00       		.byte	0
 842 00ed 00       		.byte	0
 843              		.section	.debug_loc,"",%progbits
 844              	.Ldebug_loc0:
 845              	.LLST0:
ARM GAS  /tmp/ccjIRwvf.s 			page 16


 846 0000 18000000 		.4byte	.LVL1
 847 0004 26000000 		.4byte	.LVL2
 848 0008 0200     		.2byte	0x2
 849 000a 30       		.byte	0x30
 850 000b 9F       		.byte	0x9f
 851 000c 26000000 		.4byte	.LVL2
 852 0010 28010000 		.4byte	.LFE3
 853 0014 0200     		.2byte	0x2
 854 0016 36       		.byte	0x36
 855 0017 9F       		.byte	0x9f
 856 0018 00000000 		.4byte	0
 857 001c 00000000 		.4byte	0
 858              	.LLST1:
 859 0020 48000000 		.4byte	.LVL4
 860 0024 4C000000 		.4byte	.LVL5
 861 0028 0300     		.2byte	0x3
 862 002a 73       		.byte	0x73
 863 002b 08       		.sleb128 8
 864 002c 9F       		.byte	0x9f
 865 002d 4C000000 		.4byte	.LVL5
 866 0031 50000000 		.4byte	.LVL6
 867 0035 0300     		.2byte	0x3
 868 0037 73       		.byte	0x73
 869 0038 04       		.sleb128 4
 870 0039 9F       		.byte	0x9f
 871 003a 00000000 		.4byte	0
 872 003e 00000000 		.4byte	0
 873              	.LLST2:
 874 0042 68000000 		.4byte	.LVL7
 875 0046 6C000000 		.4byte	.LVL8
 876 004a 0300     		.2byte	0x3
 877 004c 73       		.byte	0x73
 878 004d 08       		.sleb128 8
 879 004e 9F       		.byte	0x9f
 880 004f 6C000000 		.4byte	.LVL8
 881 0053 70000000 		.4byte	.LVL9
 882 0057 0300     		.2byte	0x3
 883 0059 73       		.byte	0x73
 884 005a 04       		.sleb128 4
 885 005b 9F       		.byte	0x9f
 886 005c 00000000 		.4byte	0
 887 0060 00000000 		.4byte	0
 888              	.LLST3:
 889 0064 8A000000 		.4byte	.LVL11
 890 0068 90000000 		.4byte	.LVL12
 891 006c 0300     		.2byte	0x3
 892 006e 73       		.byte	0x73
 893 006f 00       		.sleb128 0
 894 0070 9F       		.byte	0x9f
 895 0071 90000000 		.4byte	.LVL12
 896 0075 94000000 		.4byte	.LVL13
 897 0079 0300     		.2byte	0x3
 898 007b 73       		.byte	0x73
 899 007c 00       		.sleb128 0
 900 007d 9F       		.byte	0x9f
 901 007e 00000000 		.4byte	0
 902 0082 00000000 		.4byte	0
ARM GAS  /tmp/ccjIRwvf.s 			page 17


 903              	.LLST5:
 904 0086 AA000000 		.4byte	.LVL14
 905 008a AE000000 		.4byte	.LVL15
 906 008e 0300     		.2byte	0x3
 907 0090 73       		.byte	0x73
 908 0091 08       		.sleb128 8
 909 0092 9F       		.byte	0x9f
 910 0093 AE000000 		.4byte	.LVL15
 911 0097 B2000000 		.4byte	.LVL16
 912 009b 0300     		.2byte	0x3
 913 009d 73       		.byte	0x73
 914 009e 04       		.sleb128 4
 915 009f 9F       		.byte	0x9f
 916 00a0 00000000 		.4byte	0
 917 00a4 00000000 		.4byte	0
 918              	.LLST6:
 919 00a8 BE000000 		.4byte	.LVL18
 920 00ac C2000000 		.4byte	.LVL19
 921 00b0 0100     		.2byte	0x1
 922 00b2 54       		.byte	0x54
 923 00b3 C2000000 		.4byte	.LVL19
 924 00b7 C4000000 		.4byte	.LVL20
 925 00bb 0300     		.2byte	0x3
 926 00bd 74       		.byte	0x74
 927 00be 7C       		.sleb128 -4
 928 00bf 9F       		.byte	0x9f
 929 00c0 C4000000 		.4byte	.LVL20
 930 00c4 C8000000 		.4byte	.LVL21
 931 00c8 0100     		.2byte	0x1
 932 00ca 54       		.byte	0x54
 933 00cb 00000000 		.4byte	0
 934 00cf 00000000 		.4byte	0
 935              	.LLST7:
 936 00d3 D4000000 		.4byte	.LVL23
 937 00d7 D8000000 		.4byte	.LVL24
 938 00db 0100     		.2byte	0x1
 939 00dd 54       		.byte	0x54
 940 00de D8000000 		.4byte	.LVL24
 941 00e2 DA000000 		.4byte	.LVL25
 942 00e6 0300     		.2byte	0x3
 943 00e8 74       		.byte	0x74
 944 00e9 7C       		.sleb128 -4
 945 00ea 9F       		.byte	0x9f
 946 00eb DA000000 		.4byte	.LVL25
 947 00ef DE000000 		.4byte	.LVL26
 948 00f3 0100     		.2byte	0x1
 949 00f5 54       		.byte	0x54
 950 00f6 00000000 		.4byte	0
 951 00fa 00000000 		.4byte	0
 952              		.section	.debug_aranges,"",%progbits
 953 0000 34000000 		.4byte	0x34
 954 0004 0200     		.2byte	0x2
 955 0006 00000000 		.4byte	.Ldebug_info0
 956 000a 04       		.byte	0x4
 957 000b 00       		.byte	0
 958 000c 0000     		.2byte	0
 959 000e 0000     		.2byte	0
ARM GAS  /tmp/ccjIRwvf.s 			page 18


 960 0010 00000000 		.4byte	.LFB0
 961 0014 02000000 		.4byte	.LFE0-.LFB0
 962 0018 00000000 		.4byte	.LFB1
 963 001c 02000000 		.4byte	.LFE1-.LFB1
 964 0020 00000000 		.4byte	.LFB2
 965 0024 02000000 		.4byte	.LFE2-.LFB2
 966 0028 00000000 		.4byte	.LFB3
 967 002c 28010000 		.4byte	.LFE3-.LFB3
 968 0030 00000000 		.4byte	0
 969 0034 00000000 		.4byte	0
 970              		.section	.debug_ranges,"",%progbits
 971              	.Ldebug_ranges0:
 972 0000 B2000000 		.4byte	.LBB6
 973 0004 B6000000 		.4byte	.LBE6
 974 0008 BA000000 		.4byte	.LBB7
 975 000c C8000000 		.4byte	.LBE7
 976 0010 00000000 		.4byte	0
 977 0014 00000000 		.4byte	0
 978 0018 C8000000 		.4byte	.LBB8
 979 001c CC000000 		.4byte	.LBE8
 980 0020 D0000000 		.4byte	.LBB9
 981 0024 DE000000 		.4byte	.LBE9
 982 0028 00000000 		.4byte	0
 983 002c 00000000 		.4byte	0
 984 0030 00000000 		.4byte	.LFB0
 985 0034 02000000 		.4byte	.LFE0
 986 0038 00000000 		.4byte	.LFB1
 987 003c 02000000 		.4byte	.LFE1
 988 0040 00000000 		.4byte	.LFB2
 989 0044 02000000 		.4byte	.LFE2
 990 0048 00000000 		.4byte	.LFB3
 991 004c 28010000 		.4byte	.LFE3
 992 0050 00000000 		.4byte	0
 993 0054 00000000 		.4byte	0
 994              		.section	.debug_line,"",%progbits
 995              	.Ldebug_line0:
 996 0000 F5000000 		.section	.debug_str,"MS",%progbits,1
 996      02007100 
 996      00000201 
 996      FB0E0D00 
 996      01010101 
 997              	.LASF23:
 998 0000 5F627373 		.ascii	"_bss_start\000"
 998      5F737461 
 998      727400
 999              	.LASF22:
 1000 000b 5F656461 		.ascii	"_edata\000"
 1000      746100
 1001              	.LASF28:
 1002 0012 5F5F6669 		.ascii	"__fini_array_end\000"
 1002      6E695F61 
 1002      72726179 
 1002      5F656E64 
 1002      00
 1003              	.LASF18:
 1004 0023 5F5F7072 		.ascii	"__process_stack_base__\000"
 1004      6F636573 
ARM GAS  /tmp/ccjIRwvf.s 			page 19


 1004      735F7374 
 1004      61636B5F 
 1004      62617365 
 1005              	.LASF12:
 1006 003a 66756E63 		.ascii	"funcpp_t\000"
 1006      70705F74 
 1006      00
 1007              	.LASF15:
 1008 0043 5F646566 		.ascii	"_default_exit\000"
 1008      61756C74 
 1008      5F657869 
 1008      7400
 1009              	.LASF1:
 1010 0051 756E7369 		.ascii	"unsigned char\000"
 1010      676E6564 
 1010      20636861 
 1010      7200
 1011              	.LASF14:
 1012 005f 5F5F6C61 		.ascii	"__late_init\000"
 1012      74655F69 
 1012      6E697400 
 1013              	.LASF7:
 1014 006b 6C6F6E67 		.ascii	"long unsigned int\000"
 1014      20756E73 
 1014      69676E65 
 1014      6420696E 
 1014      7400
 1015              	.LASF32:
 1016 007d 52657365 		.ascii	"ResetHandler\000"
 1016      7448616E 
 1016      646C6572 
 1016      00
 1017              	.LASF3:
 1018 008a 73686F72 		.ascii	"short unsigned int\000"
 1018      7420756E 
 1018      7369676E 
 1018      65642069 
 1018      6E7400
 1019              	.LASF27:
 1020 009d 5F5F6669 		.ascii	"__fini_array_start\000"
 1020      6E695F61 
 1020      72726179 
 1020      5F737461 
 1020      727400
 1021              	.LASF6:
 1022 00b0 75696E74 		.ascii	"uint32_t\000"
 1022      33325F74 
 1022      00
 1023              	.LASF24:
 1024 00b9 5F627373 		.ascii	"_bss_end\000"
 1024      5F656E64 
 1024      00
 1025              	.LASF26:
 1026 00c2 5F5F696E 		.ascii	"__init_array_end\000"
 1026      69745F61 
 1026      72726179 
 1026      5F656E64 
ARM GAS  /tmp/ccjIRwvf.s 			page 20


 1026      00
 1027              	.LASF31:
 1028 00d3 2F686F6D 		.ascii	"/home/brian/aithon/ProjectTemplate\000"
 1028      652F6272 
 1028      69616E2F 
 1028      61697468 
 1028      6F6E2F50 
 1029              	.LASF33:
 1030 00f6 6D61696E 		.ascii	"main\000"
 1030      00
 1031              	.LASF29:
 1032 00fb 474E5520 		.ascii	"GNU C 4.8.3 20131129 (release) [ARM/embedded-4_8-br"
 1032      4320342E 
 1032      382E3320 
 1032      32303133 
 1032      31313239 
 1033 012e 616E6368 		.ascii	"anch revision 205641] -mcpu=cortex-m4 -mfloat-abi=s"
 1033      20726576 
 1033      6973696F 
 1033      6E203230 
 1033      35363431 
 1034 0161 6F667466 		.ascii	"oftfp -mfpu=fpv4-sp-d16 -mno-thumb-interwork -mthum"
 1034      70202D6D 
 1034      6670753D 
 1034      66707634 
 1034      2D73702D 
 1035 0194 62202D67 		.ascii	"b -ggdb -O2 -fomit-frame-pointer -falign-functions="
 1035      67646220 
 1035      2D4F3220 
 1035      2D666F6D 
 1035      69742D66 
 1036 01c7 3136202D 		.ascii	"16 -fsingle-precision-constant -ffunction-sections "
 1036      6673696E 
 1036      676C652D 
 1036      70726563 
 1036      6973696F 
 1037 01fa 2D666461 		.ascii	"-fdata-sections -fno-common\000"
 1037      74612D73 
 1037      65637469 
 1037      6F6E7320 
 1037      2D666E6F 
 1038              	.LASF10:
 1039 0216 756E7369 		.ascii	"unsigned int\000"
 1039      676E6564 
 1039      20696E74 
 1039      00
 1040              	.LASF9:
 1041 0223 6C6F6E67 		.ascii	"long long unsigned int\000"
 1041      206C6F6E 
 1041      6720756E 
 1041      7369676E 
 1041      65642069 
 1042              	.LASF5:
 1043 023a 75696E74 		.ascii	"uint8_t\000"
 1043      385F7400 
 1044              	.LASF20:
 1045 0242 5F746578 		.ascii	"_textdata\000"
ARM GAS  /tmp/ccjIRwvf.s 			page 21


 1045      74646174 
 1045      6100
 1046              	.LASF13:
 1047 024c 5F5F6561 		.ascii	"__early_init\000"
 1047      726C795F 
 1047      696E6974 
 1047      00
 1048              	.LASF8:
 1049 0259 6C6F6E67 		.ascii	"long long int\000"
 1049      206C6F6E 
 1049      6720696E 
 1049      7400
 1050              	.LASF16:
 1051 0267 5F5F6D61 		.ascii	"__main_stack_base__\000"
 1051      696E5F73 
 1051      7461636B 
 1051      5F626173 
 1051      655F5F00 
 1052              	.LASF2:
 1053 027b 73686F72 		.ascii	"short int\000"
 1053      7420696E 
 1053      7400
 1054              	.LASF11:
 1055 0285 66756E63 		.ascii	"funcp_t\000"
 1055      705F7400 
 1056              	.LASF30:
 1057 028d 2E2E2F41 		.ascii	"../AithonLibrary/ChibiOS/os/ports/GCC/ARMCMx/crt0.c"
 1057      6974686F 
 1057      6E4C6962 
 1057      72617279 
 1057      2F436869 
 1058 02c0 00       		.ascii	"\000"
 1059              	.LASF4:
 1060 02c1 6C6F6E67 		.ascii	"long int\000"
 1060      20696E74 
 1060      00
 1061              	.LASF21:
 1062 02ca 5F646174 		.ascii	"_data\000"
 1062      6100
 1063              	.LASF0:
 1064 02d0 7369676E 		.ascii	"signed char\000"
 1064      65642063 
 1064      68617200 
 1065              	.LASF19:
 1066 02dc 5F5F7072 		.ascii	"__process_stack_end__\000"
 1066      6F636573 
 1066      735F7374 
 1066      61636B5F 
 1066      656E645F 
 1067              	.LASF25:
 1068 02f2 5F5F696E 		.ascii	"__init_array_start\000"
 1068      69745F61 
 1068      72726179 
 1068      5F737461 
 1068      727400
 1069              	.LASF17:
 1070 0305 5F5F6D61 		.ascii	"__main_stack_end__\000"
ARM GAS  /tmp/ccjIRwvf.s 			page 22


 1070      696E5F73 
 1070      7461636B 
 1070      5F656E64 
 1070      5F5F00
 1071              		.ident	"GCC: (GNU Tools for ARM Embedded Processors) 4.8.3 20131129 (release) [ARM/embedded-4_8-br
ARM GAS  /tmp/ccjIRwvf.s 			page 23


DEFINED SYMBOLS
                            *ABS*:0000000000000000 crt0.c
     /tmp/ccjIRwvf.s:20     .text.__early_init:0000000000000000 $t
     /tmp/ccjIRwvf.s:26     .text.__early_init:0000000000000000 __early_init
     /tmp/ccjIRwvf.s:39     .text.__late_init:0000000000000000 $t
     /tmp/ccjIRwvf.s:45     .text.__late_init:0000000000000000 __late_init
     /tmp/ccjIRwvf.s:57     .text._default_exit:0000000000000000 $t
     /tmp/ccjIRwvf.s:63     .text._default_exit:0000000000000000 _default_exit
     /tmp/ccjIRwvf.s:76     .text.ResetHandler:0000000000000000 $t
     /tmp/ccjIRwvf.s:82     .text.ResetHandler:0000000000000000 ResetHandler
     /tmp/ccjIRwvf.s:289    .text.ResetHandler:00000000000000e4 $d
                     .debug_frame:0000000000000010 $d
     /tmp/ccjIRwvf.s:309    .text.ResetHandler:0000000000000128 $t

UNDEFINED SYMBOLS
main
__process_stack_end__
__main_stack_base__
__main_stack_end__
__process_stack_base__
_data
_edata
_textdata
_bss_start
_bss_end
__init_array_end
__init_array_start
__fini_array_end
__fini_array_start
