ARM GAS  /tmp/cccIHtAu.s 			page 1


   1              		.syntax unified
   2              		.cpu cortex-m4
   3              		.eabi_attribute 27, 3
   4              		.fpu fpv4-sp-d16
   5              		.eabi_attribute 20, 1
   6              		.eabi_attribute 21, 1
   7              		.eabi_attribute 23, 3
   8              		.eabi_attribute 24, 1
   9              		.eabi_attribute 25, 1
  10              		.eabi_attribute 26, 1
  11              		.eabi_attribute 30, 2
  12              		.eabi_attribute 34, 1
  13              		.eabi_attribute 18, 4
  14              		.thumb
  15              		.file	"dac.c"
  16              		.text
  17              	.Ltext0:
  18              		.cfi_sections	.debug_frame
  19              	.Letext0:
  20              		.file 1 "/usr/arm-none-eabi/include/stdint.h"
  21              		.file 2 "../AithonLibrary/ChibiOS/os/ports/common/ARMCMx/CMSIS/include/core_cm4.h"
  22              		.section	.debug_info,"",%progbits
  23              	.Ldebug_info0:
  24 0000 91000000 		.4byte	0x91
  25 0004 0400     		.2byte	0x4
  26 0006 00000000 		.4byte	.Ldebug_abbrev0
  27 000a 04       		.byte	0x4
  28 000b 01       		.uleb128 0x1
  29 000c F1000000 		.4byte	.LASF12
  30 0010 01       		.byte	0x1
  31 0011 2E000000 		.4byte	.LASF13
  32 0015 6A000000 		.4byte	.LASF14
  33 0019 00000000 		.4byte	.Ldebug_line0
  34 001d 02       		.uleb128 0x2
  35 001e 04       		.byte	0x4
  36 001f 05       		.byte	0x5
  37 0020 696E7400 		.ascii	"int\000"
  38 0024 03       		.uleb128 0x3
  39 0025 04       		.byte	0x4
  40 0026 07       		.byte	0x7
  41 0027 21000000 		.4byte	.LASF0
  42 002b 03       		.uleb128 0x3
  43 002c 01       		.byte	0x1
  44 002d 06       		.byte	0x6
  45 002e D3000000 		.4byte	.LASF1
  46 0032 03       		.uleb128 0x3
  47 0033 01       		.byte	0x1
  48 0034 08       		.byte	0x8
  49 0035 A4000000 		.4byte	.LASF2
  50 0039 03       		.uleb128 0x3
  51 003a 02       		.byte	0x2
  52 003b 05       		.byte	0x5
  53 003c DF000000 		.4byte	.LASF3
  54 0040 03       		.uleb128 0x3
  55 0041 02       		.byte	0x2
  56 0042 07       		.byte	0x7
  57 0043 0E000000 		.4byte	.LASF4
ARM GAS  /tmp/cccIHtAu.s 			page 2


  58 0047 04       		.uleb128 0x4
  59 0048 E9000000 		.4byte	.LASF15
  60 004c 01       		.byte	0x1
  61 004d 4F       		.byte	0x4f
  62 004e 52000000 		.4byte	0x52
  63 0052 03       		.uleb128 0x3
  64 0053 04       		.byte	0x4
  65 0054 05       		.byte	0x5
  66 0055 B7000000 		.4byte	.LASF5
  67 0059 03       		.uleb128 0x3
  68 005a 04       		.byte	0x4
  69 005b 07       		.byte	0x7
  70 005c 58000000 		.4byte	.LASF6
  71 0060 03       		.uleb128 0x3
  72 0061 08       		.byte	0x8
  73 0062 05       		.byte	0x5
  74 0063 00000000 		.4byte	.LASF7
  75 0067 03       		.uleb128 0x3
  76 0068 08       		.byte	0x8
  77 0069 07       		.byte	0x7
  78 006a 8D000000 		.4byte	.LASF8
  79 006e 03       		.uleb128 0x3
  80 006f 01       		.byte	0x1
  81 0070 02       		.byte	0x2
  82 0071 C0000000 		.4byte	.LASF9
  83 0075 03       		.uleb128 0x3
  84 0076 04       		.byte	0x4
  85 0077 07       		.byte	0x7
  86 0078 0C020000 		.4byte	.LASF10
  87 007c 03       		.uleb128 0x3
  88 007d 01       		.byte	0x1
  89 007e 08       		.byte	0x8
  90 007f B2000000 		.4byte	.LASF11
  91 0083 05       		.uleb128 0x5
  92 0084 47000000 		.4byte	0x47
  93 0088 06       		.uleb128 0x6
  94 0089 C6000000 		.4byte	.LASF16
  95 008d 02       		.byte	0x2
  96 008e 9806     		.2byte	0x698
  97 0090 83000000 		.4byte	0x83
  98 0094 00       		.byte	0
  99              		.section	.debug_abbrev,"",%progbits
 100              	.Ldebug_abbrev0:
 101 0000 01       		.uleb128 0x1
 102 0001 11       		.uleb128 0x11
 103 0002 01       		.byte	0x1
 104 0003 25       		.uleb128 0x25
 105 0004 0E       		.uleb128 0xe
 106 0005 13       		.uleb128 0x13
 107 0006 0B       		.uleb128 0xb
 108 0007 03       		.uleb128 0x3
 109 0008 0E       		.uleb128 0xe
 110 0009 1B       		.uleb128 0x1b
 111 000a 0E       		.uleb128 0xe
 112 000b 10       		.uleb128 0x10
 113 000c 17       		.uleb128 0x17
 114 000d 00       		.byte	0
ARM GAS  /tmp/cccIHtAu.s 			page 3


 115 000e 00       		.byte	0
 116 000f 02       		.uleb128 0x2
 117 0010 24       		.uleb128 0x24
 118 0011 00       		.byte	0
 119 0012 0B       		.uleb128 0xb
 120 0013 0B       		.uleb128 0xb
 121 0014 3E       		.uleb128 0x3e
 122 0015 0B       		.uleb128 0xb
 123 0016 03       		.uleb128 0x3
 124 0017 08       		.uleb128 0x8
 125 0018 00       		.byte	0
 126 0019 00       		.byte	0
 127 001a 03       		.uleb128 0x3
 128 001b 24       		.uleb128 0x24
 129 001c 00       		.byte	0
 130 001d 0B       		.uleb128 0xb
 131 001e 0B       		.uleb128 0xb
 132 001f 3E       		.uleb128 0x3e
 133 0020 0B       		.uleb128 0xb
 134 0021 03       		.uleb128 0x3
 135 0022 0E       		.uleb128 0xe
 136 0023 00       		.byte	0
 137 0024 00       		.byte	0
 138 0025 04       		.uleb128 0x4
 139 0026 16       		.uleb128 0x16
 140 0027 00       		.byte	0
 141 0028 03       		.uleb128 0x3
 142 0029 0E       		.uleb128 0xe
 143 002a 3A       		.uleb128 0x3a
 144 002b 0B       		.uleb128 0xb
 145 002c 3B       		.uleb128 0x3b
 146 002d 0B       		.uleb128 0xb
 147 002e 49       		.uleb128 0x49
 148 002f 13       		.uleb128 0x13
 149 0030 00       		.byte	0
 150 0031 00       		.byte	0
 151 0032 05       		.uleb128 0x5
 152 0033 35       		.uleb128 0x35
 153 0034 00       		.byte	0
 154 0035 49       		.uleb128 0x49
 155 0036 13       		.uleb128 0x13
 156 0037 00       		.byte	0
 157 0038 00       		.byte	0
 158 0039 06       		.uleb128 0x6
 159 003a 34       		.uleb128 0x34
 160 003b 00       		.byte	0
 161 003c 03       		.uleb128 0x3
 162 003d 0E       		.uleb128 0xe
 163 003e 3A       		.uleb128 0x3a
 164 003f 0B       		.uleb128 0xb
 165 0040 3B       		.uleb128 0x3b
 166 0041 05       		.uleb128 0x5
 167 0042 49       		.uleb128 0x49
 168 0043 13       		.uleb128 0x13
 169 0044 3F       		.uleb128 0x3f
 170 0045 19       		.uleb128 0x19
 171 0046 3C       		.uleb128 0x3c
ARM GAS  /tmp/cccIHtAu.s 			page 4


 172 0047 19       		.uleb128 0x19
 173 0048 00       		.byte	0
 174 0049 00       		.byte	0
 175 004a 00       		.byte	0
 176              		.section	.debug_aranges,"",%progbits
 177 0000 14000000 		.4byte	0x14
 178 0004 0200     		.2byte	0x2
 179 0006 00000000 		.4byte	.Ldebug_info0
 180 000a 04       		.byte	0x4
 181 000b 00       		.byte	0
 182 000c 0000     		.2byte	0
 183 000e 0000     		.2byte	0
 184 0010 00000000 		.4byte	0
 185 0014 00000000 		.4byte	0
 186              		.section	.debug_line,"",%progbits
 187              	.Ldebug_line0:
 188 0000 8C000000 		.section	.debug_str,"MS",%progbits,1
 188      02008600 
 188      00000201 
 188      FB0E0D00 
 188      01010101 
 189              	.LASF7:
 190 0000 6C6F6E67 		.ascii	"long long int\000"
 190      206C6F6E 
 190      6720696E 
 190      7400
 191              	.LASF4:
 192 000e 73686F72 		.ascii	"short unsigned int\000"
 192      7420756E 
 192      7369676E 
 192      65642069 
 192      6E7400
 193              	.LASF0:
 194 0021 756E7369 		.ascii	"unsigned int\000"
 194      676E6564 
 194      20696E74 
 194      00
 195              	.LASF13:
 196 002e 2E2E2F41 		.ascii	"../AithonLibrary/ChibiOS/os/hal/src/dac.c\000"
 196      6974686F 
 196      6E4C6962 
 196      72617279 
 196      2F436869 
 197              	.LASF6:
 198 0058 6C6F6E67 		.ascii	"long unsigned int\000"
 198      20756E73 
 198      69676E65 
 198      6420696E 
 198      7400
 199              	.LASF14:
 200 006a 2F686F6D 		.ascii	"/home/brian/aithon/ProjectTemplate\000"
 200      652F6272 
 200      69616E2F 
 200      61697468 
 200      6F6E2F50 
 201              	.LASF8:
 202 008d 6C6F6E67 		.ascii	"long long unsigned int\000"
ARM GAS  /tmp/cccIHtAu.s 			page 5


 202      206C6F6E 
 202      6720756E 
 202      7369676E 
 202      65642069 
 203              	.LASF2:
 204 00a4 756E7369 		.ascii	"unsigned char\000"
 204      676E6564 
 204      20636861 
 204      7200
 205              	.LASF11:
 206 00b2 63686172 		.ascii	"char\000"
 206      00
 207              	.LASF5:
 208 00b7 6C6F6E67 		.ascii	"long int\000"
 208      20696E74 
 208      00
 209              	.LASF9:
 210 00c0 5F426F6F 		.ascii	"_Bool\000"
 210      6C00
 211              	.LASF16:
 212 00c6 49544D5F 		.ascii	"ITM_RxBuffer\000"
 212      52784275 
 212      66666572 
 212      00
 213              	.LASF1:
 214 00d3 7369676E 		.ascii	"signed char\000"
 214      65642063 
 214      68617200 
 215              	.LASF3:
 216 00df 73686F72 		.ascii	"short int\000"
 216      7420696E 
 216      7400
 217              	.LASF15:
 218 00e9 696E7433 		.ascii	"int32_t\000"
 218      325F7400 
 219              	.LASF12:
 220 00f1 474E5520 		.ascii	"GNU C 4.8.3 20131129 (release) [ARM/embedded-4_8-br"
 220      4320342E 
 220      382E3320 
 220      32303133 
 220      31313239 
 221 0124 616E6368 		.ascii	"anch revision 205641] -mcpu=cortex-m4 -mfloat-abi=s"
 221      20726576 
 221      6973696F 
 221      6E203230 
 221      35363431 
 222 0157 6F667466 		.ascii	"oftfp -mfpu=fpv4-sp-d16 -mno-thumb-interwork -mthum"
 222      70202D6D 
 222      6670753D 
 222      66707634 
 222      2D73702D 
 223 018a 62202D67 		.ascii	"b -ggdb -O2 -fomit-frame-pointer -falign-functions="
 223      67646220 
 223      2D4F3220 
 223      2D666F6D 
 223      69742D66 
 224 01bd 3136202D 		.ascii	"16 -fsingle-precision-constant -ffunction-sections "
ARM GAS  /tmp/cccIHtAu.s 			page 6


 224      6673696E 
 224      676C652D 
 224      70726563 
 224      6973696F 
 225 01f0 2D666461 		.ascii	"-fdata-sections -fno-common\000"
 225      74612D73 
 225      65637469 
 225      6F6E7320 
 225      2D666E6F 
 226              	.LASF10:
 227 020c 73697A65 		.ascii	"sizetype\000"
 227      74797065 
 227      00
 228              		.ident	"GCC: (GNU Tools for ARM Embedded Processors) 4.8.3 20131129 (release) [ARM/embedded-4_8-br
ARM GAS  /tmp/cccIHtAu.s 			page 7


DEFINED SYMBOLS
                            *ABS*:0000000000000000 dac.c

NO UNDEFINED SYMBOLS
