ARM GAS  /tmp/ccQOMdk6.s 			page 1


   1              		.syntax unified
   2              		.cpu cortex-m4
   3              		.eabi_attribute 27, 3
   4              		.fpu fpv4-sp-d16
   5              		.eabi_attribute 20, 1
   6              		.eabi_attribute 21, 1
   7              		.eabi_attribute 23, 3
   8              		.eabi_attribute 24, 1
   9              		.eabi_attribute 25, 1
  10              		.eabi_attribute 26, 1
  11              		.eabi_attribute 30, 2
  12              		.eabi_attribute 34, 1
  13              		.eabi_attribute 18, 4
  14              		.thumb
  15              		.file	"fatfs_syscall.c"
  16              		.text
  17              	.Ltext0:
  18              		.cfi_sections	.debug_frame
  19              		.section	.text.ff_cre_syncobj,"ax",%progbits
  20              		.align	2
  21              		.p2align 4,,15
  22              		.global	ff_cre_syncobj
  23              		.thumb
  24              		.thumb_func
  25              		.type	ff_cre_syncobj, %function
  26              	ff_cre_syncobj:
  27              	.LFB7:
  28              		.file 1 "../AithonLibrary/ChibiOS/os/various/fatfs_bindings/fatfs_syscall.c"
  29              		.loc 1 34 0
  30              		.cfi_startproc
  31              		@ args = 0, pretend = 0, frame = 0
  32              		@ frame_needed = 0, uses_anonymous_args = 0
  33              	.LVL0:
  34 0000 08B5     		push	{r3, lr}
  35              		.cfi_def_cfa_offset 8
  36              		.cfi_offset 3, -8
  37              		.cfi_offset 14, -4
  38              		.loc 1 36 0
  39 0002 054B     		ldr	r3, .L2
  40 0004 00EB4000 		add	r0, r0, r0, lsl #1
  41              	.LVL1:
  42 0008 03EB8000 		add	r0, r3, r0, lsl #2
  43 000c 0860     		str	r0, [r1]
  44              		.loc 1 37 0
  45 000e 0121     		movs	r1, #1
  46              	.LVL2:
  47 0010 FFF7FEFF 		bl	chSemInit
  48              	.LVL3:
  49              		.loc 1 39 0
  50 0014 0120     		movs	r0, #1
  51 0016 08BD     		pop	{r3, pc}
  52              	.L3:
  53              		.align	2
  54              	.L2:
  55 0018 00000000 		.word	.LANCHOR0
  56              		.cfi_endproc
  57              	.LFE7:
ARM GAS  /tmp/ccQOMdk6.s 			page 2


  58              		.size	ff_cre_syncobj, .-ff_cre_syncobj
  59 001c AFF30080 		.section	.text.ff_del_syncobj,"ax",%progbits
  60              		.align	2
  61              		.p2align 4,,15
  62              		.global	ff_del_syncobj
  63              		.thumb
  64              		.thumb_func
  65              		.type	ff_del_syncobj, %function
  66              	ff_del_syncobj:
  67              	.LFB8:
  68              		.loc 1 44 0
  69              		.cfi_startproc
  70              		@ args = 0, pretend = 0, frame = 0
  71              		@ frame_needed = 0, uses_anonymous_args = 0
  72              	.LVL4:
  73 0000 08B5     		push	{r3, lr}
  74              		.cfi_def_cfa_offset 8
  75              		.cfi_offset 3, -8
  76              		.cfi_offset 14, -4
  77              		.loc 1 46 0
  78 0002 0021     		movs	r1, #0
  79 0004 FFF7FEFF 		bl	chSemReset
  80              	.LVL5:
  81              		.loc 1 48 0
  82 0008 0120     		movs	r0, #1
  83 000a 08BD     		pop	{r3, pc}
  84              		.cfi_endproc
  85              	.LFE8:
  86              		.size	ff_del_syncobj, .-ff_del_syncobj
  87 000c AFF30080 		.section	.text.ff_req_grant,"ax",%progbits
  88              		.align	2
  89              		.p2align 4,,15
  90              		.global	ff_req_grant
  91              		.thumb
  92              		.thumb_func
  93              		.type	ff_req_grant, %function
  94              	ff_req_grant:
  95              	.LFB9:
  96              		.loc 1 53 0
  97              		.cfi_startproc
  98              		@ args = 0, pretend = 0, frame = 0
  99              		@ frame_needed = 0, uses_anonymous_args = 0
 100              	.LVL6:
 101 0000 08B5     		push	{r3, lr}
 102              		.cfi_def_cfa_offset 8
 103              		.cfi_offset 3, -8
 104              		.cfi_offset 14, -4
 105              		.loc 1 55 0
 106 0002 4FF47A71 		mov	r1, #1000
 107 0006 FFF7FEFF 		bl	chSemWaitTimeout
 108              	.LVL7:
 109              		.loc 1 57 0
 110 000a D0F10100 		rsbs	r0, r0, #1
 111              	.LVL8:
 112 000e 38BF     		it	cc
 113 0010 0020     		movcc	r0, #0
 114 0012 08BD     		pop	{r3, pc}
ARM GAS  /tmp/ccQOMdk6.s 			page 3


 115              		.cfi_endproc
 116              	.LFE9:
 117              		.size	ff_req_grant, .-ff_req_grant
 118 0014 AFF30080 		.section	.text.ff_rel_grant,"ax",%progbits
 118      AFF30080 
 118      AFF30080 
 119              		.align	2
 120              		.p2align 4,,15
 121              		.global	ff_rel_grant
 122              		.thumb
 123              		.thumb_func
 124              		.type	ff_rel_grant, %function
 125              	ff_rel_grant:
 126              	.LFB10:
 127              		.loc 1 62 0
 128              		.cfi_startproc
 129              		@ args = 0, pretend = 0, frame = 0
 130              		@ frame_needed = 0, uses_anonymous_args = 0
 131              		@ link register save eliminated.
 132              	.LVL9:
 133              		.loc 1 64 0
 134 0000 FFF7FEBF 		b	chSemSignal
 135              	.LVL10:
 136              		.cfi_endproc
 137              	.LFE10:
 138              		.size	ff_rel_grant, .-ff_rel_grant
 139 0004 AFF30080 		.section	.text.ff_memalloc,"ax",%progbits
 139      AFF30080 
 139      AFF30080 
 140              		.align	2
 141              		.p2align 4,,15
 142              		.global	ff_memalloc
 143              		.thumb
 144              		.thumb_func
 145              		.type	ff_memalloc, %function
 146              	ff_memalloc:
 147              	.LFB11:
 148              		.loc 1 72 0
 149              		.cfi_startproc
 150              		@ args = 0, pretend = 0, frame = 0
 151              		@ frame_needed = 0, uses_anonymous_args = 0
 152              		@ link register save eliminated.
 153              	.LVL11:
 154              		.loc 1 72 0
 155 0000 0146     		mov	r1, r0
 156              		.loc 1 74 0
 157 0002 0020     		movs	r0, #0
 158              	.LVL12:
 159 0004 FFF7FEBF 		b	chHeapAlloc
 160              	.LVL13:
 161              		.cfi_endproc
 162              	.LFE11:
 163              		.size	ff_memalloc, .-ff_memalloc
 164              		.section	.text.ff_memfree,"ax",%progbits
 165              		.align	2
 166              		.p2align 4,,15
 167              		.global	ff_memfree
ARM GAS  /tmp/ccQOMdk6.s 			page 4


 168              		.thumb
 169              		.thumb_func
 170              		.type	ff_memfree, %function
 171              	ff_memfree:
 172              	.LFB12:
 173              		.loc 1 80 0
 174              		.cfi_startproc
 175              		@ args = 0, pretend = 0, frame = 0
 176              		@ frame_needed = 0, uses_anonymous_args = 0
 177              		@ link register save eliminated.
 178              	.LVL14:
 179              		.loc 1 82 0
 180 0000 FFF7FEBF 		b	chHeapFree
 181              	.LVL15:
 182              		.cfi_endproc
 183              	.LFE12:
 184              		.size	ff_memfree, .-ff_memfree
 185 0004 AFF30080 		.section	.bss.ff_sem,"aw",%nobits
 185      AFF30080 
 185      AFF30080 
 186              		.align	2
 187              		.set	.LANCHOR0,. + 0
 188              		.type	ff_sem, %object
 189              		.size	ff_sem, 12
 190              	ff_sem:
 191 0000 00000000 		.space	12
 191      00000000 
 191      00000000 
 192              		.text
 193              	.Letext0:
 194              		.file 2 "/usr/lib/gcc/arm-none-eabi/4.8.3/include/stddef.h"
 195              		.file 3 "/usr/arm-none-eabi/include/stdint.h"
 196              		.file 4 "../AithonLibrary/ChibiOS/os/ports/GCC/ARMCMx/chtypes.h"
 197              		.file 5 "../AithonLibrary/ChibiOS/os/kernel/include/chlists.h"
 198              		.file 6 "../AithonLibrary/ChibiOS/os/kernel/include/chthreads.h"
 199              		.file 7 "../AithonLibrary/ChibiOS/os/ports/GCC/ARMCMx/chcore_v7m.h"
 200              		.file 8 "../AithonLibrary/ChibiOS/os/kernel/include/chsem.h"
 201              		.file 9 "../AithonLibrary/ChibiOS/os/kernel/include/chmtx.h"
 202              		.file 10 "../AithonLibrary/ChibiOS/os/kernel/include/chmemcore.h"
 203              		.file 11 "../AithonLibrary/ChibiOS/os/kernel/include/chheap.h"
 204              		.file 12 "../AithonLibrary/ChibiOS/ext/fatfs/src/integer.h"
 205              		.section	.debug_info,"",%progbits
 206              	.Ldebug_info0:
 207 0000 BC070000 		.4byte	0x7bc
 208 0004 0400     		.2byte	0x4
 209 0006 00000000 		.4byte	.Ldebug_abbrev0
 210 000a 04       		.byte	0x4
 211 000b 01       		.uleb128 0x1
 212 000c 4C010000 		.4byte	.LASF89
 213 0010 01       		.byte	0x1
 214 0011 3B030000 		.4byte	.LASF90
 215 0015 00000000 		.4byte	.LASF91
 216 0019 00000000 		.4byte	.Ldebug_ranges0+0
 217 001d 00000000 		.4byte	0
 218 0021 00000000 		.4byte	.Ldebug_line0
 219 0025 02       		.uleb128 0x2
 220 0026 04       		.byte	0x4
ARM GAS  /tmp/ccQOMdk6.s 			page 5


 221 0027 05       		.byte	0x5
 222 0028 696E7400 		.ascii	"int\000"
 223 002c 03       		.uleb128 0x3
 224 002d 23000000 		.4byte	.LASF2
 225 0031 02       		.byte	0x2
 226 0032 D4       		.byte	0xd4
 227 0033 37000000 		.4byte	0x37
 228 0037 04       		.uleb128 0x4
 229 0038 04       		.byte	0x4
 230 0039 07       		.byte	0x7
 231 003a 23010000 		.4byte	.LASF0
 232 003e 04       		.uleb128 0x4
 233 003f 01       		.byte	0x1
 234 0040 06       		.byte	0x6
 235 0041 7F000000 		.4byte	.LASF1
 236 0045 03       		.uleb128 0x3
 237 0046 70040000 		.4byte	.LASF3
 238 004a 03       		.byte	0x3
 239 004b 2A       		.byte	0x2a
 240 004c 50000000 		.4byte	0x50
 241 0050 04       		.uleb128 0x4
 242 0051 01       		.byte	0x1
 243 0052 08       		.byte	0x8
 244 0053 8C030000 		.4byte	.LASF4
 245 0057 04       		.uleb128 0x4
 246 0058 02       		.byte	0x2
 247 0059 05       		.byte	0x5
 248 005a B0030000 		.4byte	.LASF5
 249 005e 04       		.uleb128 0x4
 250 005f 02       		.byte	0x2
 251 0060 07       		.byte	0x7
 252 0061 8B020000 		.4byte	.LASF6
 253 0065 03       		.uleb128 0x3
 254 0066 84030000 		.4byte	.LASF7
 255 006a 03       		.byte	0x3
 256 006b 4F       		.byte	0x4f
 257 006c 70000000 		.4byte	0x70
 258 0070 04       		.uleb128 0x4
 259 0071 04       		.byte	0x4
 260 0072 05       		.byte	0x5
 261 0073 CF000000 		.4byte	.LASF8
 262 0077 03       		.uleb128 0x3
 263 0078 0D040000 		.4byte	.LASF9
 264 007c 03       		.byte	0x3
 265 007d 50       		.byte	0x50
 266 007e 82000000 		.4byte	0x82
 267 0082 04       		.uleb128 0x4
 268 0083 04       		.byte	0x4
 269 0084 07       		.byte	0x7
 270 0085 96000000 		.4byte	.LASF10
 271 0089 04       		.uleb128 0x4
 272 008a 08       		.byte	0x8
 273 008b 05       		.byte	0x5
 274 008c 71000000 		.4byte	.LASF11
 275 0090 03       		.uleb128 0x3
 276 0091 31000000 		.4byte	.LASF12
 277 0095 03       		.byte	0x3
ARM GAS  /tmp/ccQOMdk6.s 			page 6


 278 0096 78       		.byte	0x78
 279 0097 9B000000 		.4byte	0x9b
 280 009b 04       		.uleb128 0x4
 281 009c 08       		.byte	0x8
 282 009d 07       		.byte	0x7
 283 009e 47000000 		.4byte	.LASF13
 284 00a2 04       		.uleb128 0x4
 285 00a3 01       		.byte	0x1
 286 00a4 02       		.byte	0x2
 287 00a5 7E030000 		.4byte	.LASF14
 288 00a9 03       		.uleb128 0x3
 289 00aa AF020000 		.4byte	.LASF15
 290 00ae 04       		.byte	0x4
 291 00af 2C       		.byte	0x2c
 292 00b0 45000000 		.4byte	0x45
 293 00b4 03       		.uleb128 0x3
 294 00b5 E7000000 		.4byte	.LASF16
 295 00b9 04       		.byte	0x4
 296 00ba 2D       		.byte	0x2d
 297 00bb 45000000 		.4byte	0x45
 298 00bf 03       		.uleb128 0x3
 299 00c0 24030000 		.4byte	.LASF17
 300 00c4 04       		.byte	0x4
 301 00c5 2E       		.byte	0x2e
 302 00c6 45000000 		.4byte	0x45
 303 00ca 03       		.uleb128 0x3
 304 00cb 1B040000 		.4byte	.LASF18
 305 00cf 04       		.byte	0x4
 306 00d0 2F       		.byte	0x2f
 307 00d1 45000000 		.4byte	0x45
 308 00d5 03       		.uleb128 0x3
 309 00d6 33030000 		.4byte	.LASF19
 310 00da 04       		.byte	0x4
 311 00db 30       		.byte	0x30
 312 00dc 77000000 		.4byte	0x77
 313 00e0 03       		.uleb128 0x3
 314 00e1 A9020000 		.4byte	.LASF20
 315 00e5 04       		.byte	0x4
 316 00e6 31       		.byte	0x31
 317 00e7 65000000 		.4byte	0x65
 318 00eb 03       		.uleb128 0x3
 319 00ec C3020000 		.4byte	.LASF21
 320 00f0 04       		.byte	0x4
 321 00f1 33       		.byte	0x33
 322 00f2 77000000 		.4byte	0x77
 323 00f6 03       		.uleb128 0x3
 324 00f7 31040000 		.4byte	.LASF22
 325 00fb 04       		.byte	0x4
 326 00fc 35       		.byte	0x35
 327 00fd 77000000 		.4byte	0x77
 328 0101 03       		.uleb128 0x3
 329 0102 1D010000 		.4byte	.LASF23
 330 0106 04       		.byte	0x4
 331 0107 36       		.byte	0x36
 332 0108 65000000 		.4byte	0x65
 333 010c 03       		.uleb128 0x3
 334 010d EF030000 		.4byte	.LASF24
ARM GAS  /tmp/ccQOMdk6.s 			page 7


 335 0111 05       		.byte	0x5
 336 0112 2A       		.byte	0x2a
 337 0113 17010000 		.4byte	0x117
 338 0117 05       		.uleb128 0x5
 339 0118 EF030000 		.4byte	.LASF24
 340 011c 48       		.byte	0x48
 341 011d 06       		.byte	0x6
 342 011e 5E       		.byte	0x5e
 343 011f 14020000 		.4byte	0x214
 344 0123 06       		.uleb128 0x6
 345 0124 E0030000 		.4byte	.LASF25
 346 0128 06       		.byte	0x6
 347 0129 5F       		.byte	0x5f
 348 012a 35020000 		.4byte	0x235
 349 012e 00       		.byte	0
 350 012f 06       		.uleb128 0x6
 351 0130 2C030000 		.4byte	.LASF26
 352 0134 06       		.byte	0x6
 353 0135 61       		.byte	0x61
 354 0136 35020000 		.4byte	0x235
 355 013a 04       		.byte	0x4
 356 013b 06       		.uleb128 0x6
 357 013c 6A000000 		.4byte	.LASF27
 358 0140 06       		.byte	0x6
 359 0141 63       		.byte	0x63
 360 0142 D5000000 		.4byte	0xd5
 361 0146 08       		.byte	0x8
 362 0147 06       		.uleb128 0x6
 363 0148 AE040000 		.4byte	.LASF28
 364 014c 06       		.byte	0x6
 365 014d 64       		.byte	0x64
 366 014e CA030000 		.4byte	0x3ca
 367 0152 0C       		.byte	0xc
 368 0153 06       		.uleb128 0x6
 369 0154 F0000000 		.4byte	.LASF29
 370 0158 06       		.byte	0x6
 371 0159 66       		.byte	0x66
 372 015a 35020000 		.4byte	0x235
 373 015e 10       		.byte	0x10
 374 015f 06       		.uleb128 0x6
 375 0160 F0020000 		.4byte	.LASF30
 376 0164 06       		.byte	0x6
 377 0165 67       		.byte	0x67
 378 0166 35020000 		.4byte	0x235
 379 016a 14       		.byte	0x14
 380 016b 06       		.uleb128 0x6
 381 016c 8A040000 		.4byte	.LASF31
 382 0170 06       		.byte	0x6
 383 0171 6E       		.byte	0x6e
 384 0172 65050000 		.4byte	0x565
 385 0176 18       		.byte	0x18
 386 0177 06       		.uleb128 0x6
 387 0178 BA030000 		.4byte	.LASF32
 388 017c 06       		.byte	0x6
 389 017d 79       		.byte	0x79
 390 017e B4000000 		.4byte	0xb4
 391 0182 1C       		.byte	0x1c
ARM GAS  /tmp/ccQOMdk6.s 			page 8


 392 0183 06       		.uleb128 0x6
 393 0184 E7030000 		.4byte	.LASF33
 394 0188 06       		.byte	0x6
 395 0189 7D       		.byte	0x7d
 396 018a A9000000 		.4byte	0xa9
 397 018e 1D       		.byte	0x1d
 398 018f 06       		.uleb128 0x6
 399 0190 69040000 		.4byte	.LASF34
 400 0194 06       		.byte	0x6
 401 0195 82       		.byte	0x82
 402 0196 BF000000 		.4byte	0xbf
 403 019a 1E       		.byte	0x1e
 404 019b 06       		.uleb128 0x6
 405 019c C2030000 		.4byte	.LASF35
 406 01a0 06       		.byte	0x6
 407 01a1 88       		.byte	0x88
 408 01a2 CA000000 		.4byte	0xca
 409 01a6 1F       		.byte	0x1f
 410 01a7 06       		.uleb128 0x6
 411 01a8 46040000 		.4byte	.LASF36
 412 01ac 06       		.byte	0x6
 413 01ad 8F       		.byte	0x8f
 414 01ae F2030000 		.4byte	0x3f2
 415 01b2 20       		.byte	0x20
 416 01b3 07       		.uleb128 0x7
 417 01b4 705F7500 		.ascii	"p_u\000"
 418 01b8 06       		.byte	0x6
 419 01b9 B4       		.byte	0xb4
 420 01ba 30050000 		.4byte	0x530
 421 01be 24       		.byte	0x24
 422 01bf 06       		.uleb128 0x6
 423 01c0 B4040000 		.4byte	.LASF37
 424 01c4 06       		.byte	0x6
 425 01c5 B9       		.byte	0xb9
 426 01c6 5B020000 		.4byte	0x25b
 427 01ca 28       		.byte	0x28
 428 01cb 06       		.uleb128 0x6
 429 01cc 54040000 		.4byte	.LASF38
 430 01d0 06       		.byte	0x6
 431 01d1 BF       		.byte	0xbf
 432 01d2 3B020000 		.4byte	0x23b
 433 01d6 2C       		.byte	0x2c
 434 01d7 06       		.uleb128 0x6
 435 01d8 A0040000 		.4byte	.LASF39
 436 01dc 06       		.byte	0x6
 437 01dd C3       		.byte	0xc3
 438 01de E0000000 		.4byte	0xe0
 439 01e2 34       		.byte	0x34
 440 01e3 06       		.uleb128 0x6
 441 01e4 02040000 		.4byte	.LASF40
 442 01e8 06       		.byte	0x6
 443 01e9 C9       		.byte	0xc9
 444 01ea EB000000 		.4byte	0xeb
 445 01ee 38       		.byte	0x38
 446 01ef 06       		.uleb128 0x6
 447 01f0 A6030000 		.4byte	.LASF41
 448 01f4 06       		.byte	0x6
ARM GAS  /tmp/ccQOMdk6.s 			page 9


 449 01f5 D0       		.byte	0xd0
 450 01f6 77050000 		.4byte	0x577
 451 01fa 3C       		.byte	0x3c
 452 01fb 06       		.uleb128 0x6
 453 01fc 3B040000 		.4byte	.LASF42
 454 0200 06       		.byte	0x6
 455 0201 D4       		.byte	0xd4
 456 0202 D5000000 		.4byte	0xd5
 457 0206 40       		.byte	0x40
 458 0207 06       		.uleb128 0x6
 459 0208 A8000000 		.4byte	.LASF43
 460 020c 06       		.byte	0x6
 461 020d DA       		.byte	0xda
 462 020e 71020000 		.4byte	0x271
 463 0212 44       		.byte	0x44
 464 0213 00       		.byte	0
 465 0214 08       		.uleb128 0x8
 466 0215 08       		.byte	0x8
 467 0216 05       		.byte	0x5
 468 0217 61       		.byte	0x61
 469 0218 35020000 		.4byte	0x235
 470 021c 06       		.uleb128 0x6
 471 021d E0030000 		.4byte	.LASF25
 472 0221 05       		.byte	0x5
 473 0222 62       		.byte	0x62
 474 0223 35020000 		.4byte	0x235
 475 0227 00       		.byte	0
 476 0228 06       		.uleb128 0x6
 477 0229 2C030000 		.4byte	.LASF26
 478 022d 05       		.byte	0x5
 479 022e 64       		.byte	0x64
 480 022f 35020000 		.4byte	0x235
 481 0233 04       		.byte	0x4
 482 0234 00       		.byte	0
 483 0235 09       		.uleb128 0x9
 484 0236 04       		.byte	0x4
 485 0237 0C010000 		.4byte	0x10c
 486 023b 03       		.uleb128 0x3
 487 023c F8020000 		.4byte	.LASF44
 488 0240 05       		.byte	0x5
 489 0241 66       		.byte	0x66
 490 0242 14020000 		.4byte	0x214
 491 0246 08       		.uleb128 0x8
 492 0247 04       		.byte	0x4
 493 0248 05       		.byte	0x5
 494 0249 6B       		.byte	0x6b
 495 024a 5B020000 		.4byte	0x25b
 496 024e 06       		.uleb128 0x6
 497 024f E0030000 		.4byte	.LASF25
 498 0253 05       		.byte	0x5
 499 0254 6D       		.byte	0x6d
 500 0255 35020000 		.4byte	0x235
 501 0259 00       		.byte	0
 502 025a 00       		.byte	0
 503 025b 03       		.uleb128 0x3
 504 025c B7020000 		.4byte	.LASF45
 505 0260 05       		.byte	0x5
ARM GAS  /tmp/ccQOMdk6.s 			page 10


 506 0261 70       		.byte	0x70
 507 0262 46020000 		.4byte	0x246
 508 0266 03       		.uleb128 0x3
 509 0267 09010000 		.4byte	.LASF46
 510 026b 07       		.byte	0x7
 511 026c E5       		.byte	0xe5
 512 026d 71020000 		.4byte	0x271
 513 0271 0A       		.uleb128 0xa
 514 0272 04       		.byte	0x4
 515 0273 03       		.uleb128 0x3
 516 0274 CF020000 		.4byte	.LASF47
 517 0278 07       		.byte	0x7
 518 0279 EB       		.byte	0xeb
 519 027a 90000000 		.4byte	0x90
 520 027e 0B       		.uleb128 0xb
 521 027f 4D040000 		.4byte	.LASF48
 522 0283 64       		.byte	0x64
 523 0284 07       		.byte	0x7
 524 0285 0C01     		.2byte	0x10c
 525 0287 CA030000 		.4byte	0x3ca
 526 028b 0C       		.uleb128 0xc
 527 028c 73313600 		.ascii	"s16\000"
 528 0290 07       		.byte	0x7
 529 0291 0E01     		.2byte	0x10e
 530 0293 66020000 		.4byte	0x266
 531 0297 00       		.byte	0
 532 0298 0C       		.uleb128 0xc
 533 0299 73313700 		.ascii	"s17\000"
 534 029d 07       		.byte	0x7
 535 029e 0F01     		.2byte	0x10f
 536 02a0 66020000 		.4byte	0x266
 537 02a4 04       		.byte	0x4
 538 02a5 0C       		.uleb128 0xc
 539 02a6 73313800 		.ascii	"s18\000"
 540 02aa 07       		.byte	0x7
 541 02ab 1001     		.2byte	0x110
 542 02ad 66020000 		.4byte	0x266
 543 02b1 08       		.byte	0x8
 544 02b2 0C       		.uleb128 0xc
 545 02b3 73313900 		.ascii	"s19\000"
 546 02b7 07       		.byte	0x7
 547 02b8 1101     		.2byte	0x111
 548 02ba 66020000 		.4byte	0x266
 549 02be 0C       		.byte	0xc
 550 02bf 0C       		.uleb128 0xc
 551 02c0 73323000 		.ascii	"s20\000"
 552 02c4 07       		.byte	0x7
 553 02c5 1201     		.2byte	0x112
 554 02c7 66020000 		.4byte	0x266
 555 02cb 10       		.byte	0x10
 556 02cc 0C       		.uleb128 0xc
 557 02cd 73323100 		.ascii	"s21\000"
 558 02d1 07       		.byte	0x7
 559 02d2 1301     		.2byte	0x113
 560 02d4 66020000 		.4byte	0x266
 561 02d8 14       		.byte	0x14
 562 02d9 0C       		.uleb128 0xc
ARM GAS  /tmp/ccQOMdk6.s 			page 11


 563 02da 73323200 		.ascii	"s22\000"
 564 02de 07       		.byte	0x7
 565 02df 1401     		.2byte	0x114
 566 02e1 66020000 		.4byte	0x266
 567 02e5 18       		.byte	0x18
 568 02e6 0C       		.uleb128 0xc
 569 02e7 73323300 		.ascii	"s23\000"
 570 02eb 07       		.byte	0x7
 571 02ec 1501     		.2byte	0x115
 572 02ee 66020000 		.4byte	0x266
 573 02f2 1C       		.byte	0x1c
 574 02f3 0C       		.uleb128 0xc
 575 02f4 73323400 		.ascii	"s24\000"
 576 02f8 07       		.byte	0x7
 577 02f9 1601     		.2byte	0x116
 578 02fb 66020000 		.4byte	0x266
 579 02ff 20       		.byte	0x20
 580 0300 0C       		.uleb128 0xc
 581 0301 73323500 		.ascii	"s25\000"
 582 0305 07       		.byte	0x7
 583 0306 1701     		.2byte	0x117
 584 0308 66020000 		.4byte	0x266
 585 030c 24       		.byte	0x24
 586 030d 0C       		.uleb128 0xc
 587 030e 73323600 		.ascii	"s26\000"
 588 0312 07       		.byte	0x7
 589 0313 1801     		.2byte	0x118
 590 0315 66020000 		.4byte	0x266
 591 0319 28       		.byte	0x28
 592 031a 0C       		.uleb128 0xc
 593 031b 73323700 		.ascii	"s27\000"
 594 031f 07       		.byte	0x7
 595 0320 1901     		.2byte	0x119
 596 0322 66020000 		.4byte	0x266
 597 0326 2C       		.byte	0x2c
 598 0327 0C       		.uleb128 0xc
 599 0328 73323800 		.ascii	"s28\000"
 600 032c 07       		.byte	0x7
 601 032d 1A01     		.2byte	0x11a
 602 032f 66020000 		.4byte	0x266
 603 0333 30       		.byte	0x30
 604 0334 0C       		.uleb128 0xc
 605 0335 73323900 		.ascii	"s29\000"
 606 0339 07       		.byte	0x7
 607 033a 1B01     		.2byte	0x11b
 608 033c 66020000 		.4byte	0x266
 609 0340 34       		.byte	0x34
 610 0341 0C       		.uleb128 0xc
 611 0342 73333000 		.ascii	"s30\000"
 612 0346 07       		.byte	0x7
 613 0347 1C01     		.2byte	0x11c
 614 0349 66020000 		.4byte	0x266
 615 034d 38       		.byte	0x38
 616 034e 0C       		.uleb128 0xc
 617 034f 73333100 		.ascii	"s31\000"
 618 0353 07       		.byte	0x7
 619 0354 1D01     		.2byte	0x11d
ARM GAS  /tmp/ccQOMdk6.s 			page 12


 620 0356 66020000 		.4byte	0x266
 621 035a 3C       		.byte	0x3c
 622 035b 0C       		.uleb128 0xc
 623 035c 723400   		.ascii	"r4\000"
 624 035f 07       		.byte	0x7
 625 0360 1F01     		.2byte	0x11f
 626 0362 66020000 		.4byte	0x266
 627 0366 40       		.byte	0x40
 628 0367 0C       		.uleb128 0xc
 629 0368 723500   		.ascii	"r5\000"
 630 036b 07       		.byte	0x7
 631 036c 2001     		.2byte	0x120
 632 036e 66020000 		.4byte	0x266
 633 0372 44       		.byte	0x44
 634 0373 0C       		.uleb128 0xc
 635 0374 723600   		.ascii	"r6\000"
 636 0377 07       		.byte	0x7
 637 0378 2101     		.2byte	0x121
 638 037a 66020000 		.4byte	0x266
 639 037e 48       		.byte	0x48
 640 037f 0C       		.uleb128 0xc
 641 0380 723700   		.ascii	"r7\000"
 642 0383 07       		.byte	0x7
 643 0384 2201     		.2byte	0x122
 644 0386 66020000 		.4byte	0x266
 645 038a 4C       		.byte	0x4c
 646 038b 0C       		.uleb128 0xc
 647 038c 723800   		.ascii	"r8\000"
 648 038f 07       		.byte	0x7
 649 0390 2301     		.2byte	0x123
 650 0392 66020000 		.4byte	0x266
 651 0396 50       		.byte	0x50
 652 0397 0C       		.uleb128 0xc
 653 0398 723900   		.ascii	"r9\000"
 654 039b 07       		.byte	0x7
 655 039c 2401     		.2byte	0x124
 656 039e 66020000 		.4byte	0x266
 657 03a2 54       		.byte	0x54
 658 03a3 0C       		.uleb128 0xc
 659 03a4 72313000 		.ascii	"r10\000"
 660 03a8 07       		.byte	0x7
 661 03a9 2501     		.2byte	0x125
 662 03ab 66020000 		.4byte	0x266
 663 03af 58       		.byte	0x58
 664 03b0 0C       		.uleb128 0xc
 665 03b1 72313100 		.ascii	"r11\000"
 666 03b5 07       		.byte	0x7
 667 03b6 2601     		.2byte	0x126
 668 03b8 66020000 		.4byte	0x266
 669 03bc 5C       		.byte	0x5c
 670 03bd 0C       		.uleb128 0xc
 671 03be 6C7200   		.ascii	"lr\000"
 672 03c1 07       		.byte	0x7
 673 03c2 2701     		.2byte	0x127
 674 03c4 66020000 		.4byte	0x266
 675 03c8 60       		.byte	0x60
 676 03c9 00       		.byte	0
ARM GAS  /tmp/ccQOMdk6.s 			page 13


 677 03ca 0B       		.uleb128 0xb
 678 03cb 7E020000 		.4byte	.LASF49
 679 03cf 04       		.byte	0x4
 680 03d0 07       		.byte	0x7
 681 03d1 3101     		.2byte	0x131
 682 03d3 E5030000 		.4byte	0x3e5
 683 03d7 0C       		.uleb128 0xc
 684 03d8 72313300 		.ascii	"r13\000"
 685 03dc 07       		.byte	0x7
 686 03dd 3201     		.2byte	0x132
 687 03df E5030000 		.4byte	0x3e5
 688 03e3 00       		.byte	0
 689 03e4 00       		.byte	0
 690 03e5 09       		.uleb128 0x9
 691 03e6 04       		.byte	0x4
 692 03e7 7E020000 		.4byte	0x27e
 693 03eb 04       		.uleb128 0x4
 694 03ec 04       		.byte	0x4
 695 03ed 07       		.byte	0x7
 696 03ee DA020000 		.4byte	.LASF50
 697 03f2 0D       		.uleb128 0xd
 698 03f3 F6000000 		.4byte	0xf6
 699 03f7 05       		.uleb128 0x5
 700 03f8 5F040000 		.4byte	.LASF51
 701 03fc 0C       		.byte	0xc
 702 03fd 08       		.byte	0x8
 703 03fe 2C       		.byte	0x2c
 704 03ff 1C040000 		.4byte	0x41c
 705 0403 06       		.uleb128 0x6
 706 0404 F8000000 		.4byte	.LASF52
 707 0408 08       		.byte	0x8
 708 0409 2D       		.byte	0x2d
 709 040a 3B020000 		.4byte	0x23b
 710 040e 00       		.byte	0
 711 040f 06       		.uleb128 0x6
 712 0410 78020000 		.4byte	.LASF53
 713 0414 08       		.byte	0x8
 714 0415 2F       		.byte	0x2f
 715 0416 01010000 		.4byte	0x101
 716 041a 08       		.byte	0x8
 717 041b 00       		.byte	0
 718 041c 03       		.uleb128 0x3
 719 041d 5F040000 		.4byte	.LASF51
 720 0421 08       		.byte	0x8
 721 0422 30       		.byte	0x30
 722 0423 F7030000 		.4byte	0x3f7
 723 0427 05       		.uleb128 0x5
 724 0428 E3020000 		.4byte	.LASF54
 725 042c 10       		.byte	0x10
 726 042d 09       		.byte	0x9
 727 042e 2C       		.byte	0x2c
 728 042f 58040000 		.4byte	0x458
 729 0433 06       		.uleb128 0x6
 730 0434 B0000000 		.4byte	.LASF55
 731 0438 09       		.byte	0x9
 732 0439 2D       		.byte	0x2d
 733 043a 3B020000 		.4byte	0x23b
ARM GAS  /tmp/ccQOMdk6.s 			page 14


 734 043e 00       		.byte	0
 735 043f 06       		.uleb128 0x6
 736 0440 A6040000 		.4byte	.LASF56
 737 0444 09       		.byte	0x9
 738 0445 2F       		.byte	0x2f
 739 0446 35020000 		.4byte	0x235
 740 044a 08       		.byte	0x8
 741 044b 06       		.uleb128 0x6
 742 044c 2A040000 		.4byte	.LASF57
 743 0450 09       		.byte	0x9
 744 0451 31       		.byte	0x31
 745 0452 58040000 		.4byte	0x458
 746 0456 0C       		.byte	0xc
 747 0457 00       		.byte	0
 748 0458 09       		.uleb128 0x9
 749 0459 04       		.byte	0x4
 750 045a 27040000 		.4byte	0x427
 751 045e 03       		.uleb128 0x3
 752 045f E3020000 		.4byte	.LASF54
 753 0463 09       		.byte	0x9
 754 0464 33       		.byte	0x33
 755 0465 27040000 		.4byte	0x427
 756 0469 03       		.uleb128 0x3
 757 046a 3A000000 		.4byte	.LASF58
 758 046e 0A       		.byte	0xa
 759 046f 2C       		.byte	0x2c
 760 0470 74040000 		.4byte	0x474
 761 0474 09       		.uleb128 0x9
 762 0475 04       		.byte	0x4
 763 0476 7A040000 		.4byte	0x47a
 764 047a 0E       		.uleb128 0xe
 765 047b 71020000 		.4byte	0x271
 766 047f 89040000 		.4byte	0x489
 767 0483 0F       		.uleb128 0xf
 768 0484 2C000000 		.4byte	0x2c
 769 0488 00       		.byte	0
 770 0489 03       		.uleb128 0x3
 771 048a 19030000 		.4byte	.LASF59
 772 048e 0B       		.byte	0xb
 773 048f 34       		.byte	0x34
 774 0490 94040000 		.4byte	0x494
 775 0494 05       		.uleb128 0x5
 776 0495 C8040000 		.4byte	.LASF60
 777 0499 20       		.byte	0x20
 778 049a 0B       		.byte	0xb
 779 049b 47       		.byte	0x47
 780 049c C5040000 		.4byte	0x4c5
 781 04a0 06       		.uleb128 0x6
 782 04a1 78040000 		.4byte	.LASF61
 783 04a5 0B       		.byte	0xb
 784 04a6 48       		.byte	0x48
 785 04a7 69040000 		.4byte	0x469
 786 04ab 00       		.byte	0
 787 04ac 06       		.uleb128 0x6
 788 04ad 5E000000 		.4byte	.LASF62
 789 04b1 0B       		.byte	0xb
 790 04b2 4A       		.byte	0x4a
ARM GAS  /tmp/ccQOMdk6.s 			page 15


 791 04b3 E4040000 		.4byte	0x4e4
 792 04b7 08       		.byte	0x8
 793 04b8 06       		.uleb128 0x6
 794 04b9 8B000000 		.4byte	.LASF63
 795 04bd 0B       		.byte	0xb
 796 04be 4C       		.byte	0x4c
 797 04bf 5E040000 		.4byte	0x45e
 798 04c3 10       		.byte	0x10
 799 04c4 00       		.byte	0
 800 04c5 10       		.uleb128 0x10
 801 04c6 04       		.byte	0x4
 802 04c7 0B       		.byte	0xb
 803 04c8 3C       		.byte	0x3c
 804 04c9 E4040000 		.4byte	0x4e4
 805 04cd 11       		.uleb128 0x11
 806 04ce 65000000 		.4byte	.LASF64
 807 04d2 0B       		.byte	0xb
 808 04d3 3D       		.byte	0x3d
 809 04d4 05050000 		.4byte	0x505
 810 04d8 11       		.uleb128 0x11
 811 04d9 16040000 		.4byte	.LASF65
 812 04dd 0B       		.byte	0xb
 813 04de 3E       		.byte	0x3e
 814 04df 0B050000 		.4byte	0x50b
 815 04e3 00       		.byte	0
 816 04e4 12       		.uleb128 0x12
 817 04e5 9A030000 		.4byte	.LASF92
 818 04e9 08       		.byte	0x8
 819 04ea 0B       		.byte	0xb
 820 04eb 39       		.byte	0x39
 821 04ec 05050000 		.4byte	0x505
 822 04f0 11       		.uleb128 0x11
 823 04f1 17010000 		.4byte	.LASF66
 824 04f5 0B       		.byte	0xb
 825 04f6 3A       		.byte	0x3a
 826 04f7 73020000 		.4byte	0x273
 827 04fb 13       		.uleb128 0x13
 828 04fc 6800     		.ascii	"h\000"
 829 04fe 0B       		.byte	0xb
 830 04ff 41       		.byte	0x41
 831 0500 11050000 		.4byte	0x511
 832 0504 00       		.byte	0
 833 0505 09       		.uleb128 0x9
 834 0506 04       		.byte	0x4
 835 0507 E4040000 		.4byte	0x4e4
 836 050b 09       		.uleb128 0x9
 837 050c 04       		.byte	0x4
 838 050d 89040000 		.4byte	0x489
 839 0511 08       		.uleb128 0x8
 840 0512 08       		.byte	0x8
 841 0513 0B       		.byte	0xb
 842 0514 3B       		.byte	0x3b
 843 0515 30050000 		.4byte	0x530
 844 0519 07       		.uleb128 0x7
 845 051a 7500     		.ascii	"u\000"
 846 051c 0B       		.byte	0xb
 847 051d 3F       		.byte	0x3f
ARM GAS  /tmp/ccQOMdk6.s 			page 16


 848 051e C5040000 		.4byte	0x4c5
 849 0522 00       		.byte	0
 850 0523 06       		.uleb128 0x6
 851 0524 86020000 		.4byte	.LASF67
 852 0528 0B       		.byte	0xb
 853 0529 40       		.byte	0x40
 854 052a 2C000000 		.4byte	0x2c
 855 052e 04       		.byte	0x4
 856 052f 00       		.byte	0
 857 0530 10       		.uleb128 0x10
 858 0531 04       		.byte	0x4
 859 0532 06       		.byte	0x6
 860 0533 96       		.byte	0x96
 861 0534 65050000 		.4byte	0x565
 862 0538 11       		.uleb128 0x11
 863 0539 2A000000 		.4byte	.LASF68
 864 053d 06       		.byte	0x6
 865 053e 9D       		.byte	0x9d
 866 053f E0000000 		.4byte	0xe0
 867 0543 11       		.uleb128 0x11
 868 0544 00010000 		.4byte	.LASF69
 869 0548 06       		.byte	0x6
 870 0549 A4       		.byte	0xa4
 871 054a E0000000 		.4byte	0xe0
 872 054e 11       		.uleb128 0x11
 873 054f 83040000 		.4byte	.LASF70
 874 0553 06       		.byte	0x6
 875 0554 AB       		.byte	0xab
 876 0555 71020000 		.4byte	0x271
 877 0559 11       		.uleb128 0x11
 878 055a D9030000 		.4byte	.LASF71
 879 055e 06       		.byte	0x6
 880 055f B2       		.byte	0xb2
 881 0560 EB000000 		.4byte	0xeb
 882 0564 00       		.byte	0
 883 0565 09       		.uleb128 0x9
 884 0566 04       		.byte	0x4
 885 0567 6B050000 		.4byte	0x56b
 886 056b 14       		.uleb128 0x14
 887 056c 70050000 		.4byte	0x570
 888 0570 04       		.uleb128 0x4
 889 0571 01       		.byte	0x1
 890 0572 08       		.byte	0x8
 891 0573 25040000 		.4byte	.LASF72
 892 0577 09       		.uleb128 0x9
 893 0578 04       		.byte	0x4
 894 0579 5E040000 		.4byte	0x45e
 895 057d 03       		.uleb128 0x3
 896 057e 67020000 		.4byte	.LASF73
 897 0582 0C       		.byte	0xc
 898 0583 11       		.byte	0x11
 899 0584 37000000 		.4byte	0x37
 900 0588 03       		.uleb128 0x3
 901 0589 12010000 		.4byte	.LASF74
 902 058d 0C       		.byte	0xc
 903 058e 16       		.byte	0x16
 904 058f 50000000 		.4byte	0x50
ARM GAS  /tmp/ccQOMdk6.s 			page 17


 905 0593 09       		.uleb128 0x9
 906 0594 04       		.byte	0x4
 907 0595 1C040000 		.4byte	0x41c
 908 0599 15       		.uleb128 0x15
 909 059a D8000000 		.4byte	.LASF76
 910 059e 01       		.byte	0x1
 911 059f 22       		.byte	0x22
 912 05a0 25000000 		.4byte	0x25
 913 05a4 00000000 		.4byte	.LFB7
 914 05a8 1C000000 		.4byte	.LFE7-.LFB7
 915 05ac 01       		.uleb128 0x1
 916 05ad 9C       		.byte	0x9c
 917 05ae E0050000 		.4byte	0x5e0
 918 05b2 16       		.uleb128 0x16
 919 05b3 766F6C00 		.ascii	"vol\000"
 920 05b7 01       		.byte	0x1
 921 05b8 22       		.byte	0x22
 922 05b9 88050000 		.4byte	0x588
 923 05bd 00000000 		.4byte	.LLST0
 924 05c1 17       		.uleb128 0x17
 925 05c2 91000000 		.4byte	.LASF75
 926 05c6 01       		.byte	0x1
 927 05c7 22       		.byte	0x22
 928 05c8 E0050000 		.4byte	0x5e0
 929 05cc 21000000 		.4byte	.LLST1
 930 05d0 18       		.uleb128 0x18
 931 05d1 14000000 		.4byte	.LVL3
 932 05d5 41070000 		.4byte	0x741
 933 05d9 19       		.uleb128 0x19
 934 05da 01       		.uleb128 0x1
 935 05db 51       		.byte	0x51
 936 05dc 01       		.uleb128 0x1
 937 05dd 31       		.byte	0x31
 938 05de 00       		.byte	0
 939 05df 00       		.byte	0
 940 05e0 09       		.uleb128 0x9
 941 05e1 04       		.byte	0x4
 942 05e2 93050000 		.4byte	0x593
 943 05e6 15       		.uleb128 0x15
 944 05e7 91040000 		.4byte	.LASF77
 945 05eb 01       		.byte	0x1
 946 05ec 2C       		.byte	0x2c
 947 05ed 25000000 		.4byte	0x25
 948 05f1 00000000 		.4byte	.LFB8
 949 05f5 0C000000 		.4byte	.LFE8-.LFB8
 950 05f9 01       		.uleb128 0x1
 951 05fa 9C       		.byte	0x9c
 952 05fb 25060000 		.4byte	0x625
 953 05ff 17       		.uleb128 0x17
 954 0600 91000000 		.4byte	.LASF75
 955 0604 01       		.byte	0x1
 956 0605 2C       		.byte	0x2c
 957 0606 93050000 		.4byte	0x593
 958 060a 42000000 		.4byte	.LLST2
 959 060e 18       		.uleb128 0x18
 960 060f 08000000 		.4byte	.LVL5
 961 0613 57070000 		.4byte	0x757
ARM GAS  /tmp/ccQOMdk6.s 			page 18


 962 0617 19       		.uleb128 0x19
 963 0618 01       		.uleb128 0x1
 964 0619 51       		.byte	0x51
 965 061a 01       		.uleb128 0x1
 966 061b 30       		.byte	0x30
 967 061c 19       		.uleb128 0x19
 968 061d 01       		.uleb128 0x1
 969 061e 50       		.byte	0x50
 970 061f 03       		.uleb128 0x3
 971 0620 F3       		.byte	0xf3
 972 0621 01       		.uleb128 0x1
 973 0622 50       		.byte	0x50
 974 0623 00       		.byte	0
 975 0624 00       		.byte	0
 976 0625 15       		.uleb128 0x15
 977 0626 05030000 		.4byte	.LASF78
 978 062a 01       		.byte	0x1
 979 062b 35       		.byte	0x35
 980 062c 25000000 		.4byte	0x25
 981 0630 00000000 		.4byte	.LFB9
 982 0634 14000000 		.4byte	.LFE9-.LFB9
 983 0638 01       		.uleb128 0x1
 984 0639 9C       		.byte	0x9c
 985 063a 75060000 		.4byte	0x675
 986 063e 17       		.uleb128 0x17
 987 063f 91000000 		.4byte	.LASF75
 988 0643 01       		.byte	0x1
 989 0644 35       		.byte	0x35
 990 0645 93050000 		.4byte	0x593
 991 0649 63000000 		.4byte	.LLST3
 992 064d 1A       		.uleb128 0x1a
 993 064e 6D736700 		.ascii	"msg\000"
 994 0652 01       		.byte	0x1
 995 0653 37       		.byte	0x37
 996 0654 E0000000 		.4byte	0xe0
 997 0658 84000000 		.4byte	.LLST4
 998 065c 18       		.uleb128 0x18
 999 065d 0A000000 		.4byte	.LVL7
 1000 0661 6D070000 		.4byte	0x76d
 1001 0665 19       		.uleb128 0x19
 1002 0666 01       		.uleb128 0x1
 1003 0667 51       		.byte	0x51
 1004 0668 03       		.uleb128 0x3
 1005 0669 0A       		.byte	0xa
 1006 066a E803     		.2byte	0x3e8
 1007 066c 19       		.uleb128 0x19
 1008 066d 01       		.uleb128 0x1
 1009 066e 50       		.byte	0x50
 1010 066f 03       		.uleb128 0x3
 1011 0670 F3       		.byte	0xf3
 1012 0671 01       		.uleb128 0x1
 1013 0672 50       		.byte	0x50
 1014 0673 00       		.byte	0
 1015 0674 00       		.byte	0
 1016 0675 1B       		.uleb128 0x1b
 1017 0676 CC030000 		.4byte	.LASF80
 1018 067a 01       		.byte	0x1
ARM GAS  /tmp/ccQOMdk6.s 			page 19


 1019 067b 3E       		.byte	0x3e
 1020 067c 00000000 		.4byte	.LFB10
 1021 0680 04000000 		.4byte	.LFE10-.LFB10
 1022 0684 01       		.uleb128 0x1
 1023 0685 9C       		.byte	0x9c
 1024 0686 AB060000 		.4byte	0x6ab
 1025 068a 17       		.uleb128 0x17
 1026 068b 91000000 		.4byte	.LASF75
 1027 068f 01       		.byte	0x1
 1028 0690 3E       		.byte	0x3e
 1029 0691 93050000 		.4byte	0x593
 1030 0695 97000000 		.4byte	.LLST5
 1031 0699 1C       		.uleb128 0x1c
 1032 069a 04000000 		.4byte	.LVL10
 1033 069e 87070000 		.4byte	0x787
 1034 06a2 19       		.uleb128 0x19
 1035 06a3 01       		.uleb128 0x1
 1036 06a4 50       		.byte	0x50
 1037 06a5 03       		.uleb128 0x3
 1038 06a6 F3       		.byte	0xf3
 1039 06a7 01       		.uleb128 0x1
 1040 06a8 50       		.byte	0x50
 1041 06a9 00       		.byte	0
 1042 06aa 00       		.byte	0
 1043 06ab 15       		.uleb128 0x15
 1044 06ac C3000000 		.4byte	.LASF79
 1045 06b0 01       		.byte	0x1
 1046 06b1 48       		.byte	0x48
 1047 06b2 71020000 		.4byte	0x271
 1048 06b6 00000000 		.4byte	.LFB11
 1049 06ba 08000000 		.4byte	.LFE11-.LFB11
 1050 06be 01       		.uleb128 0x1
 1051 06bf 9C       		.byte	0x9c
 1052 06c0 EA060000 		.4byte	0x6ea
 1053 06c4 17       		.uleb128 0x17
 1054 06c5 86020000 		.4byte	.LASF67
 1055 06c9 01       		.byte	0x1
 1056 06ca 48       		.byte	0x48
 1057 06cb 7D050000 		.4byte	0x57d
 1058 06cf B8000000 		.4byte	.LLST6
 1059 06d3 1C       		.uleb128 0x1c
 1060 06d4 08000000 		.4byte	.LVL13
 1061 06d8 98070000 		.4byte	0x798
 1062 06dc 19       		.uleb128 0x19
 1063 06dd 01       		.uleb128 0x1
 1064 06de 51       		.byte	0x51
 1065 06df 03       		.uleb128 0x3
 1066 06e0 F3       		.byte	0xf3
 1067 06e1 01       		.uleb128 0x1
 1068 06e2 50       		.byte	0x50
 1069 06e3 19       		.uleb128 0x19
 1070 06e4 01       		.uleb128 0x1
 1071 06e5 50       		.byte	0x50
 1072 06e6 01       		.uleb128 0x1
 1073 06e7 30       		.byte	0x30
 1074 06e8 00       		.byte	0
 1075 06e9 00       		.byte	0
ARM GAS  /tmp/ccQOMdk6.s 			page 20


 1076 06ea 1B       		.uleb128 0x1b
 1077 06eb 41010000 		.4byte	.LASF81
 1078 06ef 01       		.byte	0x1
 1079 06f0 50       		.byte	0x50
 1080 06f1 00000000 		.4byte	.LFB12
 1081 06f5 04000000 		.4byte	.LFE12-.LFB12
 1082 06f9 01       		.uleb128 0x1
 1083 06fa 9C       		.byte	0x9c
 1084 06fb 20070000 		.4byte	0x720
 1085 06ff 17       		.uleb128 0x17
 1086 0700 E9020000 		.4byte	.LASF82
 1087 0704 01       		.byte	0x1
 1088 0705 50       		.byte	0x50
 1089 0706 71020000 		.4byte	0x271
 1090 070a E4000000 		.4byte	.LLST7
 1091 070e 1C       		.uleb128 0x1c
 1092 070f 04000000 		.4byte	.LVL15
 1093 0713 B2070000 		.4byte	0x7b2
 1094 0717 19       		.uleb128 0x19
 1095 0718 01       		.uleb128 0x1
 1096 0719 50       		.byte	0x50
 1097 071a 03       		.uleb128 0x3
 1098 071b F3       		.byte	0xf3
 1099 071c 01       		.uleb128 0x1
 1100 071d 50       		.byte	0x50
 1101 071e 00       		.byte	0
 1102 071f 00       		.byte	0
 1103 0720 1D       		.uleb128 0x1d
 1104 0721 1C040000 		.4byte	0x41c
 1105 0725 30070000 		.4byte	0x730
 1106 0729 1E       		.uleb128 0x1e
 1107 072a EB030000 		.4byte	0x3eb
 1108 072e 00       		.byte	0
 1109 072f 00       		.byte	0
 1110 0730 1F       		.uleb128 0x1f
 1111 0731 12030000 		.4byte	.LASF83
 1112 0735 01       		.byte	0x1
 1113 0736 1D       		.byte	0x1d
 1114 0737 20070000 		.4byte	0x720
 1115 073b 05       		.uleb128 0x5
 1116 073c 03       		.byte	0x3
 1117 073d 00000000 		.4byte	ff_sem
 1118 0741 20       		.uleb128 0x20
 1119 0742 BE040000 		.4byte	.LASF84
 1120 0746 08       		.byte	0x8
 1121 0747 35       		.byte	0x35
 1122 0748 57070000 		.4byte	0x757
 1123 074c 0F       		.uleb128 0xf
 1124 074d 93050000 		.4byte	0x593
 1125 0751 0F       		.uleb128 0xf
 1126 0752 01010000 		.4byte	0x101
 1127 0756 00       		.byte	0
 1128 0757 20       		.uleb128 0x20
 1129 0758 9E020000 		.4byte	.LASF85
 1130 075c 08       		.byte	0x8
 1131 075d 36       		.byte	0x36
 1132 075e 6D070000 		.4byte	0x76d
ARM GAS  /tmp/ccQOMdk6.s 			page 21


 1133 0762 0F       		.uleb128 0xf
 1134 0763 93050000 		.4byte	0x593
 1135 0767 0F       		.uleb128 0xf
 1136 0768 01010000 		.4byte	0x101
 1137 076c 00       		.byte	0
 1138 076d 21       		.uleb128 0x21
 1139 076e 30010000 		.4byte	.LASF87
 1140 0772 08       		.byte	0x8
 1141 0773 3A       		.byte	0x3a
 1142 0774 E0000000 		.4byte	0xe0
 1143 0778 87070000 		.4byte	0x787
 1144 077c 0F       		.uleb128 0xf
 1145 077d 93050000 		.4byte	0x593
 1146 0781 0F       		.uleb128 0xf
 1147 0782 F6000000 		.4byte	0xf6
 1148 0786 00       		.byte	0
 1149 0787 20       		.uleb128 0x20
 1150 0788 6C020000 		.4byte	.LASF86
 1151 078c 08       		.byte	0x8
 1152 078d 3C       		.byte	0x3c
 1153 078e 98070000 		.4byte	0x798
 1154 0792 0F       		.uleb128 0xf
 1155 0793 93050000 		.4byte	0x593
 1156 0797 00       		.byte	0
 1157 0798 21       		.uleb128 0x21
 1158 0799 F6030000 		.4byte	.LASF88
 1159 079d 0B       		.byte	0xb
 1160 079e 59       		.byte	0x59
 1161 079f 71020000 		.4byte	0x271
 1162 07a3 B2070000 		.4byte	0x7b2
 1163 07a7 0F       		.uleb128 0xf
 1164 07a8 0B050000 		.4byte	0x50b
 1165 07ac 0F       		.uleb128 0xf
 1166 07ad 2C000000 		.4byte	0x2c
 1167 07b1 00       		.byte	0
 1168 07b2 22       		.uleb128 0x22
 1169 07b3 B8000000 		.4byte	.LASF93
 1170 07b7 0B       		.byte	0xb
 1171 07b8 5A       		.byte	0x5a
 1172 07b9 0F       		.uleb128 0xf
 1173 07ba 71020000 		.4byte	0x271
 1174 07be 00       		.byte	0
 1175 07bf 00       		.byte	0
 1176              		.section	.debug_abbrev,"",%progbits
 1177              	.Ldebug_abbrev0:
 1178 0000 01       		.uleb128 0x1
 1179 0001 11       		.uleb128 0x11
 1180 0002 01       		.byte	0x1
 1181 0003 25       		.uleb128 0x25
 1182 0004 0E       		.uleb128 0xe
 1183 0005 13       		.uleb128 0x13
 1184 0006 0B       		.uleb128 0xb
 1185 0007 03       		.uleb128 0x3
 1186 0008 0E       		.uleb128 0xe
 1187 0009 1B       		.uleb128 0x1b
 1188 000a 0E       		.uleb128 0xe
 1189 000b 55       		.uleb128 0x55
ARM GAS  /tmp/ccQOMdk6.s 			page 22


 1190 000c 17       		.uleb128 0x17
 1191 000d 11       		.uleb128 0x11
 1192 000e 01       		.uleb128 0x1
 1193 000f 10       		.uleb128 0x10
 1194 0010 17       		.uleb128 0x17
 1195 0011 00       		.byte	0
 1196 0012 00       		.byte	0
 1197 0013 02       		.uleb128 0x2
 1198 0014 24       		.uleb128 0x24
 1199 0015 00       		.byte	0
 1200 0016 0B       		.uleb128 0xb
 1201 0017 0B       		.uleb128 0xb
 1202 0018 3E       		.uleb128 0x3e
 1203 0019 0B       		.uleb128 0xb
 1204 001a 03       		.uleb128 0x3
 1205 001b 08       		.uleb128 0x8
 1206 001c 00       		.byte	0
 1207 001d 00       		.byte	0
 1208 001e 03       		.uleb128 0x3
 1209 001f 16       		.uleb128 0x16
 1210 0020 00       		.byte	0
 1211 0021 03       		.uleb128 0x3
 1212 0022 0E       		.uleb128 0xe
 1213 0023 3A       		.uleb128 0x3a
 1214 0024 0B       		.uleb128 0xb
 1215 0025 3B       		.uleb128 0x3b
 1216 0026 0B       		.uleb128 0xb
 1217 0027 49       		.uleb128 0x49
 1218 0028 13       		.uleb128 0x13
 1219 0029 00       		.byte	0
 1220 002a 00       		.byte	0
 1221 002b 04       		.uleb128 0x4
 1222 002c 24       		.uleb128 0x24
 1223 002d 00       		.byte	0
 1224 002e 0B       		.uleb128 0xb
 1225 002f 0B       		.uleb128 0xb
 1226 0030 3E       		.uleb128 0x3e
 1227 0031 0B       		.uleb128 0xb
 1228 0032 03       		.uleb128 0x3
 1229 0033 0E       		.uleb128 0xe
 1230 0034 00       		.byte	0
 1231 0035 00       		.byte	0
 1232 0036 05       		.uleb128 0x5
 1233 0037 13       		.uleb128 0x13
 1234 0038 01       		.byte	0x1
 1235 0039 03       		.uleb128 0x3
 1236 003a 0E       		.uleb128 0xe
 1237 003b 0B       		.uleb128 0xb
 1238 003c 0B       		.uleb128 0xb
 1239 003d 3A       		.uleb128 0x3a
 1240 003e 0B       		.uleb128 0xb
 1241 003f 3B       		.uleb128 0x3b
 1242 0040 0B       		.uleb128 0xb
 1243 0041 01       		.uleb128 0x1
 1244 0042 13       		.uleb128 0x13
 1245 0043 00       		.byte	0
 1246 0044 00       		.byte	0
ARM GAS  /tmp/ccQOMdk6.s 			page 23


 1247 0045 06       		.uleb128 0x6
 1248 0046 0D       		.uleb128 0xd
 1249 0047 00       		.byte	0
 1250 0048 03       		.uleb128 0x3
 1251 0049 0E       		.uleb128 0xe
 1252 004a 3A       		.uleb128 0x3a
 1253 004b 0B       		.uleb128 0xb
 1254 004c 3B       		.uleb128 0x3b
 1255 004d 0B       		.uleb128 0xb
 1256 004e 49       		.uleb128 0x49
 1257 004f 13       		.uleb128 0x13
 1258 0050 38       		.uleb128 0x38
 1259 0051 0B       		.uleb128 0xb
 1260 0052 00       		.byte	0
 1261 0053 00       		.byte	0
 1262 0054 07       		.uleb128 0x7
 1263 0055 0D       		.uleb128 0xd
 1264 0056 00       		.byte	0
 1265 0057 03       		.uleb128 0x3
 1266 0058 08       		.uleb128 0x8
 1267 0059 3A       		.uleb128 0x3a
 1268 005a 0B       		.uleb128 0xb
 1269 005b 3B       		.uleb128 0x3b
 1270 005c 0B       		.uleb128 0xb
 1271 005d 49       		.uleb128 0x49
 1272 005e 13       		.uleb128 0x13
 1273 005f 38       		.uleb128 0x38
 1274 0060 0B       		.uleb128 0xb
 1275 0061 00       		.byte	0
 1276 0062 00       		.byte	0
 1277 0063 08       		.uleb128 0x8
 1278 0064 13       		.uleb128 0x13
 1279 0065 01       		.byte	0x1
 1280 0066 0B       		.uleb128 0xb
 1281 0067 0B       		.uleb128 0xb
 1282 0068 3A       		.uleb128 0x3a
 1283 0069 0B       		.uleb128 0xb
 1284 006a 3B       		.uleb128 0x3b
 1285 006b 0B       		.uleb128 0xb
 1286 006c 01       		.uleb128 0x1
 1287 006d 13       		.uleb128 0x13
 1288 006e 00       		.byte	0
 1289 006f 00       		.byte	0
 1290 0070 09       		.uleb128 0x9
 1291 0071 0F       		.uleb128 0xf
 1292 0072 00       		.byte	0
 1293 0073 0B       		.uleb128 0xb
 1294 0074 0B       		.uleb128 0xb
 1295 0075 49       		.uleb128 0x49
 1296 0076 13       		.uleb128 0x13
 1297 0077 00       		.byte	0
 1298 0078 00       		.byte	0
 1299 0079 0A       		.uleb128 0xa
 1300 007a 0F       		.uleb128 0xf
 1301 007b 00       		.byte	0
 1302 007c 0B       		.uleb128 0xb
 1303 007d 0B       		.uleb128 0xb
ARM GAS  /tmp/ccQOMdk6.s 			page 24


 1304 007e 00       		.byte	0
 1305 007f 00       		.byte	0
 1306 0080 0B       		.uleb128 0xb
 1307 0081 13       		.uleb128 0x13
 1308 0082 01       		.byte	0x1
 1309 0083 03       		.uleb128 0x3
 1310 0084 0E       		.uleb128 0xe
 1311 0085 0B       		.uleb128 0xb
 1312 0086 0B       		.uleb128 0xb
 1313 0087 3A       		.uleb128 0x3a
 1314 0088 0B       		.uleb128 0xb
 1315 0089 3B       		.uleb128 0x3b
 1316 008a 05       		.uleb128 0x5
 1317 008b 01       		.uleb128 0x1
 1318 008c 13       		.uleb128 0x13
 1319 008d 00       		.byte	0
 1320 008e 00       		.byte	0
 1321 008f 0C       		.uleb128 0xc
 1322 0090 0D       		.uleb128 0xd
 1323 0091 00       		.byte	0
 1324 0092 03       		.uleb128 0x3
 1325 0093 08       		.uleb128 0x8
 1326 0094 3A       		.uleb128 0x3a
 1327 0095 0B       		.uleb128 0xb
 1328 0096 3B       		.uleb128 0x3b
 1329 0097 05       		.uleb128 0x5
 1330 0098 49       		.uleb128 0x49
 1331 0099 13       		.uleb128 0x13
 1332 009a 38       		.uleb128 0x38
 1333 009b 0B       		.uleb128 0xb
 1334 009c 00       		.byte	0
 1335 009d 00       		.byte	0
 1336 009e 0D       		.uleb128 0xd
 1337 009f 35       		.uleb128 0x35
 1338 00a0 00       		.byte	0
 1339 00a1 49       		.uleb128 0x49
 1340 00a2 13       		.uleb128 0x13
 1341 00a3 00       		.byte	0
 1342 00a4 00       		.byte	0
 1343 00a5 0E       		.uleb128 0xe
 1344 00a6 15       		.uleb128 0x15
 1345 00a7 01       		.byte	0x1
 1346 00a8 27       		.uleb128 0x27
 1347 00a9 19       		.uleb128 0x19
 1348 00aa 49       		.uleb128 0x49
 1349 00ab 13       		.uleb128 0x13
 1350 00ac 01       		.uleb128 0x1
 1351 00ad 13       		.uleb128 0x13
 1352 00ae 00       		.byte	0
 1353 00af 00       		.byte	0
 1354 00b0 0F       		.uleb128 0xf
 1355 00b1 05       		.uleb128 0x5
 1356 00b2 00       		.byte	0
 1357 00b3 49       		.uleb128 0x49
 1358 00b4 13       		.uleb128 0x13
 1359 00b5 00       		.byte	0
 1360 00b6 00       		.byte	0
ARM GAS  /tmp/ccQOMdk6.s 			page 25


 1361 00b7 10       		.uleb128 0x10
 1362 00b8 17       		.uleb128 0x17
 1363 00b9 01       		.byte	0x1
 1364 00ba 0B       		.uleb128 0xb
 1365 00bb 0B       		.uleb128 0xb
 1366 00bc 3A       		.uleb128 0x3a
 1367 00bd 0B       		.uleb128 0xb
 1368 00be 3B       		.uleb128 0x3b
 1369 00bf 0B       		.uleb128 0xb
 1370 00c0 01       		.uleb128 0x1
 1371 00c1 13       		.uleb128 0x13
 1372 00c2 00       		.byte	0
 1373 00c3 00       		.byte	0
 1374 00c4 11       		.uleb128 0x11
 1375 00c5 0D       		.uleb128 0xd
 1376 00c6 00       		.byte	0
 1377 00c7 03       		.uleb128 0x3
 1378 00c8 0E       		.uleb128 0xe
 1379 00c9 3A       		.uleb128 0x3a
 1380 00ca 0B       		.uleb128 0xb
 1381 00cb 3B       		.uleb128 0x3b
 1382 00cc 0B       		.uleb128 0xb
 1383 00cd 49       		.uleb128 0x49
 1384 00ce 13       		.uleb128 0x13
 1385 00cf 00       		.byte	0
 1386 00d0 00       		.byte	0
 1387 00d1 12       		.uleb128 0x12
 1388 00d2 17       		.uleb128 0x17
 1389 00d3 01       		.byte	0x1
 1390 00d4 03       		.uleb128 0x3
 1391 00d5 0E       		.uleb128 0xe
 1392 00d6 0B       		.uleb128 0xb
 1393 00d7 0B       		.uleb128 0xb
 1394 00d8 3A       		.uleb128 0x3a
 1395 00d9 0B       		.uleb128 0xb
 1396 00da 3B       		.uleb128 0x3b
 1397 00db 0B       		.uleb128 0xb
 1398 00dc 01       		.uleb128 0x1
 1399 00dd 13       		.uleb128 0x13
 1400 00de 00       		.byte	0
 1401 00df 00       		.byte	0
 1402 00e0 13       		.uleb128 0x13
 1403 00e1 0D       		.uleb128 0xd
 1404 00e2 00       		.byte	0
 1405 00e3 03       		.uleb128 0x3
 1406 00e4 08       		.uleb128 0x8
 1407 00e5 3A       		.uleb128 0x3a
 1408 00e6 0B       		.uleb128 0xb
 1409 00e7 3B       		.uleb128 0x3b
 1410 00e8 0B       		.uleb128 0xb
 1411 00e9 49       		.uleb128 0x49
 1412 00ea 13       		.uleb128 0x13
 1413 00eb 00       		.byte	0
 1414 00ec 00       		.byte	0
 1415 00ed 14       		.uleb128 0x14
 1416 00ee 26       		.uleb128 0x26
 1417 00ef 00       		.byte	0
ARM GAS  /tmp/ccQOMdk6.s 			page 26


 1418 00f0 49       		.uleb128 0x49
 1419 00f1 13       		.uleb128 0x13
 1420 00f2 00       		.byte	0
 1421 00f3 00       		.byte	0
 1422 00f4 15       		.uleb128 0x15
 1423 00f5 2E       		.uleb128 0x2e
 1424 00f6 01       		.byte	0x1
 1425 00f7 3F       		.uleb128 0x3f
 1426 00f8 19       		.uleb128 0x19
 1427 00f9 03       		.uleb128 0x3
 1428 00fa 0E       		.uleb128 0xe
 1429 00fb 3A       		.uleb128 0x3a
 1430 00fc 0B       		.uleb128 0xb
 1431 00fd 3B       		.uleb128 0x3b
 1432 00fe 0B       		.uleb128 0xb
 1433 00ff 27       		.uleb128 0x27
 1434 0100 19       		.uleb128 0x19
 1435 0101 49       		.uleb128 0x49
 1436 0102 13       		.uleb128 0x13
 1437 0103 11       		.uleb128 0x11
 1438 0104 01       		.uleb128 0x1
 1439 0105 12       		.uleb128 0x12
 1440 0106 06       		.uleb128 0x6
 1441 0107 40       		.uleb128 0x40
 1442 0108 18       		.uleb128 0x18
 1443 0109 9742     		.uleb128 0x2117
 1444 010b 19       		.uleb128 0x19
 1445 010c 01       		.uleb128 0x1
 1446 010d 13       		.uleb128 0x13
 1447 010e 00       		.byte	0
 1448 010f 00       		.byte	0
 1449 0110 16       		.uleb128 0x16
 1450 0111 05       		.uleb128 0x5
 1451 0112 00       		.byte	0
 1452 0113 03       		.uleb128 0x3
 1453 0114 08       		.uleb128 0x8
 1454 0115 3A       		.uleb128 0x3a
 1455 0116 0B       		.uleb128 0xb
 1456 0117 3B       		.uleb128 0x3b
 1457 0118 0B       		.uleb128 0xb
 1458 0119 49       		.uleb128 0x49
 1459 011a 13       		.uleb128 0x13
 1460 011b 02       		.uleb128 0x2
 1461 011c 17       		.uleb128 0x17
 1462 011d 00       		.byte	0
 1463 011e 00       		.byte	0
 1464 011f 17       		.uleb128 0x17
 1465 0120 05       		.uleb128 0x5
 1466 0121 00       		.byte	0
 1467 0122 03       		.uleb128 0x3
 1468 0123 0E       		.uleb128 0xe
 1469 0124 3A       		.uleb128 0x3a
 1470 0125 0B       		.uleb128 0xb
 1471 0126 3B       		.uleb128 0x3b
 1472 0127 0B       		.uleb128 0xb
 1473 0128 49       		.uleb128 0x49
 1474 0129 13       		.uleb128 0x13
ARM GAS  /tmp/ccQOMdk6.s 			page 27


 1475 012a 02       		.uleb128 0x2
 1476 012b 17       		.uleb128 0x17
 1477 012c 00       		.byte	0
 1478 012d 00       		.byte	0
 1479 012e 18       		.uleb128 0x18
 1480 012f 898201   		.uleb128 0x4109
 1481 0132 01       		.byte	0x1
 1482 0133 11       		.uleb128 0x11
 1483 0134 01       		.uleb128 0x1
 1484 0135 31       		.uleb128 0x31
 1485 0136 13       		.uleb128 0x13
 1486 0137 00       		.byte	0
 1487 0138 00       		.byte	0
 1488 0139 19       		.uleb128 0x19
 1489 013a 8A8201   		.uleb128 0x410a
 1490 013d 00       		.byte	0
 1491 013e 02       		.uleb128 0x2
 1492 013f 18       		.uleb128 0x18
 1493 0140 9142     		.uleb128 0x2111
 1494 0142 18       		.uleb128 0x18
 1495 0143 00       		.byte	0
 1496 0144 00       		.byte	0
 1497 0145 1A       		.uleb128 0x1a
 1498 0146 34       		.uleb128 0x34
 1499 0147 00       		.byte	0
 1500 0148 03       		.uleb128 0x3
 1501 0149 08       		.uleb128 0x8
 1502 014a 3A       		.uleb128 0x3a
 1503 014b 0B       		.uleb128 0xb
 1504 014c 3B       		.uleb128 0x3b
 1505 014d 0B       		.uleb128 0xb
 1506 014e 49       		.uleb128 0x49
 1507 014f 13       		.uleb128 0x13
 1508 0150 02       		.uleb128 0x2
 1509 0151 17       		.uleb128 0x17
 1510 0152 00       		.byte	0
 1511 0153 00       		.byte	0
 1512 0154 1B       		.uleb128 0x1b
 1513 0155 2E       		.uleb128 0x2e
 1514 0156 01       		.byte	0x1
 1515 0157 3F       		.uleb128 0x3f
 1516 0158 19       		.uleb128 0x19
 1517 0159 03       		.uleb128 0x3
 1518 015a 0E       		.uleb128 0xe
 1519 015b 3A       		.uleb128 0x3a
 1520 015c 0B       		.uleb128 0xb
 1521 015d 3B       		.uleb128 0x3b
 1522 015e 0B       		.uleb128 0xb
 1523 015f 27       		.uleb128 0x27
 1524 0160 19       		.uleb128 0x19
 1525 0161 11       		.uleb128 0x11
 1526 0162 01       		.uleb128 0x1
 1527 0163 12       		.uleb128 0x12
 1528 0164 06       		.uleb128 0x6
 1529 0165 40       		.uleb128 0x40
 1530 0166 18       		.uleb128 0x18
 1531 0167 9742     		.uleb128 0x2117
ARM GAS  /tmp/ccQOMdk6.s 			page 28


 1532 0169 19       		.uleb128 0x19
 1533 016a 01       		.uleb128 0x1
 1534 016b 13       		.uleb128 0x13
 1535 016c 00       		.byte	0
 1536 016d 00       		.byte	0
 1537 016e 1C       		.uleb128 0x1c
 1538 016f 898201   		.uleb128 0x4109
 1539 0172 01       		.byte	0x1
 1540 0173 11       		.uleb128 0x11
 1541 0174 01       		.uleb128 0x1
 1542 0175 9542     		.uleb128 0x2115
 1543 0177 19       		.uleb128 0x19
 1544 0178 31       		.uleb128 0x31
 1545 0179 13       		.uleb128 0x13
 1546 017a 00       		.byte	0
 1547 017b 00       		.byte	0
 1548 017c 1D       		.uleb128 0x1d
 1549 017d 01       		.uleb128 0x1
 1550 017e 01       		.byte	0x1
 1551 017f 49       		.uleb128 0x49
 1552 0180 13       		.uleb128 0x13
 1553 0181 01       		.uleb128 0x1
 1554 0182 13       		.uleb128 0x13
 1555 0183 00       		.byte	0
 1556 0184 00       		.byte	0
 1557 0185 1E       		.uleb128 0x1e
 1558 0186 21       		.uleb128 0x21
 1559 0187 00       		.byte	0
 1560 0188 49       		.uleb128 0x49
 1561 0189 13       		.uleb128 0x13
 1562 018a 2F       		.uleb128 0x2f
 1563 018b 0B       		.uleb128 0xb
 1564 018c 00       		.byte	0
 1565 018d 00       		.byte	0
 1566 018e 1F       		.uleb128 0x1f
 1567 018f 34       		.uleb128 0x34
 1568 0190 00       		.byte	0
 1569 0191 03       		.uleb128 0x3
 1570 0192 0E       		.uleb128 0xe
 1571 0193 3A       		.uleb128 0x3a
 1572 0194 0B       		.uleb128 0xb
 1573 0195 3B       		.uleb128 0x3b
 1574 0196 0B       		.uleb128 0xb
 1575 0197 49       		.uleb128 0x49
 1576 0198 13       		.uleb128 0x13
 1577 0199 02       		.uleb128 0x2
 1578 019a 18       		.uleb128 0x18
 1579 019b 00       		.byte	0
 1580 019c 00       		.byte	0
 1581 019d 20       		.uleb128 0x20
 1582 019e 2E       		.uleb128 0x2e
 1583 019f 01       		.byte	0x1
 1584 01a0 3F       		.uleb128 0x3f
 1585 01a1 19       		.uleb128 0x19
 1586 01a2 03       		.uleb128 0x3
 1587 01a3 0E       		.uleb128 0xe
 1588 01a4 3A       		.uleb128 0x3a
ARM GAS  /tmp/ccQOMdk6.s 			page 29


 1589 01a5 0B       		.uleb128 0xb
 1590 01a6 3B       		.uleb128 0x3b
 1591 01a7 0B       		.uleb128 0xb
 1592 01a8 27       		.uleb128 0x27
 1593 01a9 19       		.uleb128 0x19
 1594 01aa 3C       		.uleb128 0x3c
 1595 01ab 19       		.uleb128 0x19
 1596 01ac 01       		.uleb128 0x1
 1597 01ad 13       		.uleb128 0x13
 1598 01ae 00       		.byte	0
 1599 01af 00       		.byte	0
 1600 01b0 21       		.uleb128 0x21
 1601 01b1 2E       		.uleb128 0x2e
 1602 01b2 01       		.byte	0x1
 1603 01b3 3F       		.uleb128 0x3f
 1604 01b4 19       		.uleb128 0x19
 1605 01b5 03       		.uleb128 0x3
 1606 01b6 0E       		.uleb128 0xe
 1607 01b7 3A       		.uleb128 0x3a
 1608 01b8 0B       		.uleb128 0xb
 1609 01b9 3B       		.uleb128 0x3b
 1610 01ba 0B       		.uleb128 0xb
 1611 01bb 27       		.uleb128 0x27
 1612 01bc 19       		.uleb128 0x19
 1613 01bd 49       		.uleb128 0x49
 1614 01be 13       		.uleb128 0x13
 1615 01bf 3C       		.uleb128 0x3c
 1616 01c0 19       		.uleb128 0x19
 1617 01c1 01       		.uleb128 0x1
 1618 01c2 13       		.uleb128 0x13
 1619 01c3 00       		.byte	0
 1620 01c4 00       		.byte	0
 1621 01c5 22       		.uleb128 0x22
 1622 01c6 2E       		.uleb128 0x2e
 1623 01c7 01       		.byte	0x1
 1624 01c8 3F       		.uleb128 0x3f
 1625 01c9 19       		.uleb128 0x19
 1626 01ca 03       		.uleb128 0x3
 1627 01cb 0E       		.uleb128 0xe
 1628 01cc 3A       		.uleb128 0x3a
 1629 01cd 0B       		.uleb128 0xb
 1630 01ce 3B       		.uleb128 0x3b
 1631 01cf 0B       		.uleb128 0xb
 1632 01d0 27       		.uleb128 0x27
 1633 01d1 19       		.uleb128 0x19
 1634 01d2 3C       		.uleb128 0x3c
 1635 01d3 19       		.uleb128 0x19
 1636 01d4 00       		.byte	0
 1637 01d5 00       		.byte	0
 1638 01d6 00       		.byte	0
 1639              		.section	.debug_loc,"",%progbits
 1640              	.Ldebug_loc0:
 1641              	.LLST0:
 1642 0000 00000000 		.4byte	.LVL0
 1643 0004 08000000 		.4byte	.LVL1
 1644 0008 0100     		.2byte	0x1
 1645 000a 50       		.byte	0x50
ARM GAS  /tmp/ccQOMdk6.s 			page 30


 1646 000b 08000000 		.4byte	.LVL1
 1647 000f 1C000000 		.4byte	.LFE7
 1648 0013 0400     		.2byte	0x4
 1649 0015 F3       		.byte	0xf3
 1650 0016 01       		.uleb128 0x1
 1651 0017 50       		.byte	0x50
 1652 0018 9F       		.byte	0x9f
 1653 0019 00000000 		.4byte	0
 1654 001d 00000000 		.4byte	0
 1655              	.LLST1:
 1656 0021 00000000 		.4byte	.LVL0
 1657 0025 10000000 		.4byte	.LVL2
 1658 0029 0100     		.2byte	0x1
 1659 002b 51       		.byte	0x51
 1660 002c 10000000 		.4byte	.LVL2
 1661 0030 1C000000 		.4byte	.LFE7
 1662 0034 0400     		.2byte	0x4
 1663 0036 F3       		.byte	0xf3
 1664 0037 01       		.uleb128 0x1
 1665 0038 51       		.byte	0x51
 1666 0039 9F       		.byte	0x9f
 1667 003a 00000000 		.4byte	0
 1668 003e 00000000 		.4byte	0
 1669              	.LLST2:
 1670 0042 00000000 		.4byte	.LVL4
 1671 0046 07000000 		.4byte	.LVL5-1
 1672 004a 0100     		.2byte	0x1
 1673 004c 50       		.byte	0x50
 1674 004d 07000000 		.4byte	.LVL5-1
 1675 0051 0C000000 		.4byte	.LFE8
 1676 0055 0400     		.2byte	0x4
 1677 0057 F3       		.byte	0xf3
 1678 0058 01       		.uleb128 0x1
 1679 0059 50       		.byte	0x50
 1680 005a 9F       		.byte	0x9f
 1681 005b 00000000 		.4byte	0
 1682 005f 00000000 		.4byte	0
 1683              	.LLST3:
 1684 0063 00000000 		.4byte	.LVL6
 1685 0067 09000000 		.4byte	.LVL7-1
 1686 006b 0100     		.2byte	0x1
 1687 006d 50       		.byte	0x50
 1688 006e 09000000 		.4byte	.LVL7-1
 1689 0072 14000000 		.4byte	.LFE9
 1690 0076 0400     		.2byte	0x4
 1691 0078 F3       		.byte	0xf3
 1692 0079 01       		.uleb128 0x1
 1693 007a 50       		.byte	0x50
 1694 007b 9F       		.byte	0x9f
 1695 007c 00000000 		.4byte	0
 1696 0080 00000000 		.4byte	0
 1697              	.LLST4:
 1698 0084 0A000000 		.4byte	.LVL7
 1699 0088 0E000000 		.4byte	.LVL8
 1700 008c 0100     		.2byte	0x1
 1701 008e 50       		.byte	0x50
 1702 008f 00000000 		.4byte	0
ARM GAS  /tmp/ccQOMdk6.s 			page 31


 1703 0093 00000000 		.4byte	0
 1704              	.LLST5:
 1705 0097 00000000 		.4byte	.LVL9
 1706 009b 03000000 		.4byte	.LVL10-1
 1707 009f 0100     		.2byte	0x1
 1708 00a1 50       		.byte	0x50
 1709 00a2 03000000 		.4byte	.LVL10-1
 1710 00a6 04000000 		.4byte	.LFE10
 1711 00aa 0400     		.2byte	0x4
 1712 00ac F3       		.byte	0xf3
 1713 00ad 01       		.uleb128 0x1
 1714 00ae 50       		.byte	0x50
 1715 00af 9F       		.byte	0x9f
 1716 00b0 00000000 		.4byte	0
 1717 00b4 00000000 		.4byte	0
 1718              	.LLST6:
 1719 00b8 00000000 		.4byte	.LVL11
 1720 00bc 04000000 		.4byte	.LVL12
 1721 00c0 0100     		.2byte	0x1
 1722 00c2 50       		.byte	0x50
 1723 00c3 04000000 		.4byte	.LVL12
 1724 00c7 07000000 		.4byte	.LVL13-1
 1725 00cb 0100     		.2byte	0x1
 1726 00cd 51       		.byte	0x51
 1727 00ce 07000000 		.4byte	.LVL13-1
 1728 00d2 08000000 		.4byte	.LFE11
 1729 00d6 0400     		.2byte	0x4
 1730 00d8 F3       		.byte	0xf3
 1731 00d9 01       		.uleb128 0x1
 1732 00da 50       		.byte	0x50
 1733 00db 9F       		.byte	0x9f
 1734 00dc 00000000 		.4byte	0
 1735 00e0 00000000 		.4byte	0
 1736              	.LLST7:
 1737 00e4 00000000 		.4byte	.LVL14
 1738 00e8 03000000 		.4byte	.LVL15-1
 1739 00ec 0100     		.2byte	0x1
 1740 00ee 50       		.byte	0x50
 1741 00ef 03000000 		.4byte	.LVL15-1
 1742 00f3 04000000 		.4byte	.LFE12
 1743 00f7 0400     		.2byte	0x4
 1744 00f9 F3       		.byte	0xf3
 1745 00fa 01       		.uleb128 0x1
 1746 00fb 50       		.byte	0x50
 1747 00fc 9F       		.byte	0x9f
 1748 00fd 00000000 		.4byte	0
 1749 0101 00000000 		.4byte	0
 1750              		.section	.debug_aranges,"",%progbits
 1751 0000 44000000 		.4byte	0x44
 1752 0004 0200     		.2byte	0x2
 1753 0006 00000000 		.4byte	.Ldebug_info0
 1754 000a 04       		.byte	0x4
 1755 000b 00       		.byte	0
 1756 000c 0000     		.2byte	0
 1757 000e 0000     		.2byte	0
 1758 0010 00000000 		.4byte	.LFB7
 1759 0014 1C000000 		.4byte	.LFE7-.LFB7
ARM GAS  /tmp/ccQOMdk6.s 			page 32


 1760 0018 00000000 		.4byte	.LFB8
 1761 001c 0C000000 		.4byte	.LFE8-.LFB8
 1762 0020 00000000 		.4byte	.LFB9
 1763 0024 14000000 		.4byte	.LFE9-.LFB9
 1764 0028 00000000 		.4byte	.LFB10
 1765 002c 04000000 		.4byte	.LFE10-.LFB10
 1766 0030 00000000 		.4byte	.LFB11
 1767 0034 08000000 		.4byte	.LFE11-.LFB11
 1768 0038 00000000 		.4byte	.LFB12
 1769 003c 04000000 		.4byte	.LFE12-.LFB12
 1770 0040 00000000 		.4byte	0
 1771 0044 00000000 		.4byte	0
 1772              		.section	.debug_ranges,"",%progbits
 1773              	.Ldebug_ranges0:
 1774 0000 00000000 		.4byte	.LFB7
 1775 0004 1C000000 		.4byte	.LFE7
 1776 0008 00000000 		.4byte	.LFB8
 1777 000c 0C000000 		.4byte	.LFE8
 1778 0010 00000000 		.4byte	.LFB9
 1779 0014 14000000 		.4byte	.LFE9
 1780 0018 00000000 		.4byte	.LFB10
 1781 001c 04000000 		.4byte	.LFE10
 1782 0020 00000000 		.4byte	.LFB11
 1783 0024 08000000 		.4byte	.LFE11
 1784 0028 00000000 		.4byte	.LFB12
 1785 002c 04000000 		.4byte	.LFE12
 1786 0030 00000000 		.4byte	0
 1787 0034 00000000 		.4byte	0
 1788              		.section	.debug_line,"",%progbits
 1789              	.Ldebug_line0:
 1790 0000 18020000 		.section	.debug_str,"MS",%progbits,1
 1790      0200AB01 
 1790      00000201 
 1790      FB0E0D00 
 1790      01010101 
 1791              	.LASF91:
 1792 0000 2F686F6D 		.ascii	"/home/brian/aithon/ProjectTemplate\000"
 1792      652F6272 
 1792      69616E2F 
 1792      61697468 
 1792      6F6E2F50 
 1793              	.LASF2:
 1794 0023 73697A65 		.ascii	"size_t\000"
 1794      5F7400
 1795              	.LASF68:
 1796 002a 7264796D 		.ascii	"rdymsg\000"
 1796      736700
 1797              	.LASF12:
 1798 0031 75696E74 		.ascii	"uint64_t\000"
 1798      36345F74 
 1798      00
 1799              	.LASF58:
 1800 003a 6D656D67 		.ascii	"memgetfunc_t\000"
 1800      65746675 
 1800      6E635F74 
 1800      00
 1801              	.LASF13:
ARM GAS  /tmp/ccQOMdk6.s 			page 33


 1802 0047 6C6F6E67 		.ascii	"long long unsigned int\000"
 1802      206C6F6E 
 1802      6720756E 
 1802      7369676E 
 1802      65642069 
 1803              	.LASF62:
 1804 005e 685F6672 		.ascii	"h_free\000"
 1804      656500
 1805              	.LASF64:
 1806 0065 6E657874 		.ascii	"next\000"
 1806      00
 1807              	.LASF27:
 1808 006a 705F7072 		.ascii	"p_prio\000"
 1808      696F00
 1809              	.LASF11:
 1810 0071 6C6F6E67 		.ascii	"long long int\000"
 1810      206C6F6E 
 1810      6720696E 
 1810      7400
 1811              	.LASF1:
 1812 007f 7369676E 		.ascii	"signed char\000"
 1812      65642063 
 1812      68617200 
 1813              	.LASF63:
 1814 008b 685F6D74 		.ascii	"h_mtx\000"
 1814      7800
 1815              	.LASF75:
 1816 0091 736F626A 		.ascii	"sobj\000"
 1816      00
 1817              	.LASF10:
 1818 0096 6C6F6E67 		.ascii	"long unsigned int\000"
 1818      20756E73 
 1818      69676E65 
 1818      6420696E 
 1818      7400
 1819              	.LASF43:
 1820 00a8 705F6D70 		.ascii	"p_mpool\000"
 1820      6F6F6C00 
 1821              	.LASF55:
 1822 00b0 6D5F7175 		.ascii	"m_queue\000"
 1822      65756500 
 1823              	.LASF93:
 1824 00b8 63684865 		.ascii	"chHeapFree\000"
 1824      61704672 
 1824      656500
 1825              	.LASF79:
 1826 00c3 66665F6D 		.ascii	"ff_memalloc\000"
 1826      656D616C 
 1826      6C6F6300 
 1827              	.LASF8:
 1828 00cf 6C6F6E67 		.ascii	"long int\000"
 1828      20696E74 
 1828      00
 1829              	.LASF76:
 1830 00d8 66665F63 		.ascii	"ff_cre_syncobj\000"
 1830      72655F73 
 1830      796E636F 
ARM GAS  /tmp/ccQOMdk6.s 			page 34


 1830      626A00
 1831              	.LASF16:
 1832 00e7 74737461 		.ascii	"tstate_t\000"
 1832      74655F74 
 1832      00
 1833              	.LASF29:
 1834 00f0 705F6E65 		.ascii	"p_newer\000"
 1834      77657200 
 1835              	.LASF52:
 1836 00f8 735F7175 		.ascii	"s_queue\000"
 1836      65756500 
 1837              	.LASF69:
 1838 0100 65786974 		.ascii	"exitcode\000"
 1838      636F6465 
 1838      00
 1839              	.LASF46:
 1840 0109 72656761 		.ascii	"regarm_t\000"
 1840      726D5F74 
 1840      00
 1841              	.LASF74:
 1842 0112 42595445 		.ascii	"BYTE\000"
 1842      00
 1843              	.LASF66:
 1844 0117 616C6967 		.ascii	"align\000"
 1844      6E00
 1845              	.LASF23:
 1846 011d 636E745F 		.ascii	"cnt_t\000"
 1846      7400
 1847              	.LASF0:
 1848 0123 756E7369 		.ascii	"unsigned int\000"
 1848      676E6564 
 1848      20696E74 
 1848      00
 1849              	.LASF87:
 1850 0130 63685365 		.ascii	"chSemWaitTimeout\000"
 1850      6D576169 
 1850      7454696D 
 1850      656F7574 
 1850      00
 1851              	.LASF81:
 1852 0141 66665F6D 		.ascii	"ff_memfree\000"
 1852      656D6672 
 1852      656500
 1853              	.LASF89:
 1854 014c 474E5520 		.ascii	"GNU C 4.8.3 20131129 (release) [ARM/embedded-4_8-br"
 1854      4320342E 
 1854      382E3320 
 1854      32303133 
 1854      31313239 
 1855 017f 616E6368 		.ascii	"anch revision 205641] -mcpu=cortex-m4 -mfloat-abi=s"
 1855      20726576 
 1855      6973696F 
 1855      6E203230 
 1855      35363431 
 1856 01b2 6F667466 		.ascii	"oftfp -mfpu=fpv4-sp-d16 -mno-thumb-interwork -mthum"
 1856      70202D6D 
 1856      6670753D 
ARM GAS  /tmp/ccQOMdk6.s 			page 35


 1856      66707634 
 1856      2D73702D 
 1857 01e5 62202D67 		.ascii	"b -ggdb -O2 -fomit-frame-pointer -falign-functions="
 1857      67646220 
 1857      2D4F3220 
 1857      2D666F6D 
 1857      69742D66 
 1858 0218 3136202D 		.ascii	"16 -fsingle-precision-constant -ffunction-sections "
 1858      6673696E 
 1858      676C652D 
 1858      70726563 
 1858      6973696F 
 1859 024b 2D666461 		.ascii	"-fdata-sections -fno-common\000"
 1859      74612D73 
 1859      65637469 
 1859      6F6E7320 
 1859      2D666E6F 
 1860              	.LASF73:
 1861 0267 55494E54 		.ascii	"UINT\000"
 1861      00
 1862              	.LASF86:
 1863 026c 63685365 		.ascii	"chSemSignal\000"
 1863      6D536967 
 1863      6E616C00 
 1864              	.LASF53:
 1865 0278 735F636E 		.ascii	"s_cnt\000"
 1865      7400
 1866              	.LASF49:
 1867 027e 636F6E74 		.ascii	"context\000"
 1867      65787400 
 1868              	.LASF67:
 1869 0286 73697A65 		.ascii	"size\000"
 1869      00
 1870              	.LASF6:
 1871 028b 73686F72 		.ascii	"short unsigned int\000"
 1871      7420756E 
 1871      7369676E 
 1871      65642069 
 1871      6E7400
 1872              	.LASF85:
 1873 029e 63685365 		.ascii	"chSemReset\000"
 1873      6D526573 
 1873      657400
 1874              	.LASF20:
 1875 02a9 6D73675F 		.ascii	"msg_t\000"
 1875      7400
 1876              	.LASF15:
 1877 02af 746D6F64 		.ascii	"tmode_t\000"
 1877      655F7400 
 1878              	.LASF45:
 1879 02b7 54687265 		.ascii	"ThreadsList\000"
 1879      6164734C 
 1879      69737400 
 1880              	.LASF21:
 1881 02c3 6576656E 		.ascii	"eventmask_t\000"
 1881      746D6173 
 1881      6B5F7400 
ARM GAS  /tmp/ccQOMdk6.s 			page 36


 1882              	.LASF47:
 1883 02cf 73746B61 		.ascii	"stkalign_t\000"
 1883      6C69676E 
 1883      5F7400
 1884              	.LASF50:
 1885 02da 73697A65 		.ascii	"sizetype\000"
 1885      74797065 
 1885      00
 1886              	.LASF54:
 1887 02e3 4D757465 		.ascii	"Mutex\000"
 1887      7800
 1888              	.LASF82:
 1889 02e9 6D626C6F 		.ascii	"mblock\000"
 1889      636B00
 1890              	.LASF30:
 1891 02f0 705F6F6C 		.ascii	"p_older\000"
 1891      64657200 
 1892              	.LASF44:
 1893 02f8 54687265 		.ascii	"ThreadsQueue\000"
 1893      61647351 
 1893      75657565 
 1893      00
 1894              	.LASF78:
 1895 0305 66665F72 		.ascii	"ff_req_grant\000"
 1895      65715F67 
 1895      72616E74 
 1895      00
 1896              	.LASF83:
 1897 0312 66665F73 		.ascii	"ff_sem\000"
 1897      656D00
 1898              	.LASF59:
 1899 0319 4D656D6F 		.ascii	"MemoryHeap\000"
 1899      72794865 
 1899      617000
 1900              	.LASF17:
 1901 0324 74726566 		.ascii	"trefs_t\000"
 1901      735F7400 
 1902              	.LASF26:
 1903 032c 705F7072 		.ascii	"p_prev\000"
 1903      657600
 1904              	.LASF19:
 1905 0333 74707269 		.ascii	"tprio_t\000"
 1905      6F5F7400 
 1906              	.LASF90:
 1907 033b 2E2E2F41 		.ascii	"../AithonLibrary/ChibiOS/os/various/fatfs_bindings/"
 1907      6974686F 
 1907      6E4C6962 
 1907      72617279 
 1907      2F436869 
 1908 036e 66617466 		.ascii	"fatfs_syscall.c\000"
 1908      735F7379 
 1908      7363616C 
 1908      6C2E6300 
 1909              	.LASF14:
 1910 037e 5F426F6F 		.ascii	"_Bool\000"
 1910      6C00
 1911              	.LASF7:
ARM GAS  /tmp/ccQOMdk6.s 			page 37


 1912 0384 696E7433 		.ascii	"int32_t\000"
 1912      325F7400 
 1913              	.LASF4:
 1914 038c 756E7369 		.ascii	"unsigned char\000"
 1914      676E6564 
 1914      20636861 
 1914      7200
 1915              	.LASF92:
 1916 039a 68656170 		.ascii	"heap_header\000"
 1916      5F686561 
 1916      64657200 
 1917              	.LASF41:
 1918 03a6 705F6D74 		.ascii	"p_mtxlist\000"
 1918      786C6973 
 1918      7400
 1919              	.LASF5:
 1920 03b0 73686F72 		.ascii	"short int\000"
 1920      7420696E 
 1920      7400
 1921              	.LASF32:
 1922 03ba 705F7374 		.ascii	"p_state\000"
 1922      61746500 
 1923              	.LASF35:
 1924 03c2 705F7072 		.ascii	"p_preempt\000"
 1924      65656D70 
 1924      7400
 1925              	.LASF80:
 1926 03cc 66665F72 		.ascii	"ff_rel_grant\000"
 1926      656C5F67 
 1926      72616E74 
 1926      00
 1927              	.LASF71:
 1928 03d9 65776D61 		.ascii	"ewmask\000"
 1928      736B00
 1929              	.LASF25:
 1930 03e0 705F6E65 		.ascii	"p_next\000"
 1930      787400
 1931              	.LASF33:
 1932 03e7 705F666C 		.ascii	"p_flags\000"
 1932      61677300 
 1933              	.LASF24:
 1934 03ef 54687265 		.ascii	"Thread\000"
 1934      616400
 1935              	.LASF88:
 1936 03f6 63684865 		.ascii	"chHeapAlloc\000"
 1936      6170416C 
 1936      6C6F6300 
 1937              	.LASF40:
 1938 0402 705F6570 		.ascii	"p_epending\000"
 1938      656E6469 
 1938      6E6700
 1939              	.LASF9:
 1940 040d 75696E74 		.ascii	"uint32_t\000"
 1940      33325F74 
 1940      00
 1941              	.LASF65:
 1942 0416 68656170 		.ascii	"heap\000"
ARM GAS  /tmp/ccQOMdk6.s 			page 38


 1942      00
 1943              	.LASF18:
 1944 041b 74736C69 		.ascii	"tslices_t\000"
 1944      6365735F 
 1944      7400
 1945              	.LASF72:
 1946 0425 63686172 		.ascii	"char\000"
 1946      00
 1947              	.LASF57:
 1948 042a 6D5F6E65 		.ascii	"m_next\000"
 1948      787400
 1949              	.LASF22:
 1950 0431 73797374 		.ascii	"systime_t\000"
 1950      696D655F 
 1950      7400
 1951              	.LASF42:
 1952 043b 705F7265 		.ascii	"p_realprio\000"
 1952      616C7072 
 1952      696F00
 1953              	.LASF36:
 1954 0446 705F7469 		.ascii	"p_time\000"
 1954      6D6500
 1955              	.LASF48:
 1956 044d 696E7463 		.ascii	"intctx\000"
 1956      747800
 1957              	.LASF38:
 1958 0454 705F6D73 		.ascii	"p_msgqueue\000"
 1958      67717565 
 1958      756500
 1959              	.LASF51:
 1960 045f 53656D61 		.ascii	"Semaphore\000"
 1960      70686F72 
 1960      6500
 1961              	.LASF34:
 1962 0469 705F7265 		.ascii	"p_refs\000"
 1962      667300
 1963              	.LASF3:
 1964 0470 75696E74 		.ascii	"uint8_t\000"
 1964      385F7400 
 1965              	.LASF61:
 1966 0478 685F7072 		.ascii	"h_provider\000"
 1966      6F766964 
 1966      657200
 1967              	.LASF70:
 1968 0483 77746F62 		.ascii	"wtobjp\000"
 1968      6A7000
 1969              	.LASF31:
 1970 048a 705F6E61 		.ascii	"p_name\000"
 1970      6D6500
 1971              	.LASF77:
 1972 0491 66665F64 		.ascii	"ff_del_syncobj\000"
 1972      656C5F73 
 1972      796E636F 
 1972      626A00
 1973              	.LASF39:
 1974 04a0 705F6D73 		.ascii	"p_msg\000"
 1974      6700
ARM GAS  /tmp/ccQOMdk6.s 			page 39


 1975              	.LASF56:
 1976 04a6 6D5F6F77 		.ascii	"m_owner\000"
 1976      6E657200 
 1977              	.LASF28:
 1978 04ae 705F6374 		.ascii	"p_ctx\000"
 1978      7800
 1979              	.LASF37:
 1980 04b4 705F7761 		.ascii	"p_waiting\000"
 1980      6974696E 
 1980      6700
 1981              	.LASF84:
 1982 04be 63685365 		.ascii	"chSemInit\000"
 1982      6D496E69 
 1982      7400
 1983              	.LASF60:
 1984 04c8 6D656D6F 		.ascii	"memory_heap\000"
 1984      72795F68 
 1984      65617000 
 1985              		.ident	"GCC: (GNU Tools for ARM Embedded Processors) 4.8.3 20131129 (release) [ARM/embedded-4_8-br
ARM GAS  /tmp/ccQOMdk6.s 			page 40


DEFINED SYMBOLS
                            *ABS*:0000000000000000 fatfs_syscall.c
     /tmp/ccQOMdk6.s:20     .text.ff_cre_syncobj:0000000000000000 $t
     /tmp/ccQOMdk6.s:26     .text.ff_cre_syncobj:0000000000000000 ff_cre_syncobj
     /tmp/ccQOMdk6.s:55     .text.ff_cre_syncobj:0000000000000018 $d
     /tmp/ccQOMdk6.s:60     .text.ff_del_syncobj:0000000000000000 $t
     /tmp/ccQOMdk6.s:66     .text.ff_del_syncobj:0000000000000000 ff_del_syncobj
     /tmp/ccQOMdk6.s:88     .text.ff_req_grant:0000000000000000 $t
     /tmp/ccQOMdk6.s:94     .text.ff_req_grant:0000000000000000 ff_req_grant
     /tmp/ccQOMdk6.s:119    .text.ff_rel_grant:0000000000000000 $t
     /tmp/ccQOMdk6.s:125    .text.ff_rel_grant:0000000000000000 ff_rel_grant
     /tmp/ccQOMdk6.s:140    .text.ff_memalloc:0000000000000000 $t
     /tmp/ccQOMdk6.s:146    .text.ff_memalloc:0000000000000000 ff_memalloc
     /tmp/ccQOMdk6.s:165    .text.ff_memfree:0000000000000000 $t
     /tmp/ccQOMdk6.s:171    .text.ff_memfree:0000000000000000 ff_memfree
     /tmp/ccQOMdk6.s:186    .bss.ff_sem:0000000000000000 $d
     /tmp/ccQOMdk6.s:190    .bss.ff_sem:0000000000000000 ff_sem
                     .debug_frame:0000000000000010 $d
     /tmp/ccQOMdk6.s:59     .text.ff_cre_syncobj:000000000000001c $t

UNDEFINED SYMBOLS
chSemInit
chSemReset
chSemWaitTimeout
chSemSignal
chHeapAlloc
chHeapFree
