ARM GAS  /tmp/ccXLvB58.s 			page 1


   1              		.syntax unified
   2              		.cpu cortex-m4
   3              		.eabi_attribute 27, 3
   4              		.fpu fpv4-sp-d16
   5              		.eabi_attribute 20, 1
   6              		.eabi_attribute 21, 1
   7              		.eabi_attribute 23, 3
   8              		.eabi_attribute 24, 1
   9              		.eabi_attribute 25, 1
  10              		.eabi_attribute 26, 1
  11              		.eabi_attribute 30, 2
  12              		.eabi_attribute 34, 1
  13              		.eabi_attribute 18, 4
  14              		.thumb
  15              		.file	"hal.c"
  16              		.text
  17              	.Ltext0:
  18              		.cfi_sections	.debug_frame
  19              		.section	.text.halInit,"ax",%progbits
  20              		.align	2
  21              		.p2align 4,,15
  22              		.global	halInit
  23              		.thumb
  24              		.thumb_func
  25              		.type	halInit, %function
  26              	halInit:
  27              	.LFB118:
  28              		.file 1 "../AithonLibrary/ChibiOS/os/hal/src/hal.c"
  29              		.loc 1 68 0
  30              		.cfi_startproc
  31              		@ args = 0, pretend = 0, frame = 0
  32              		@ frame_needed = 0, uses_anonymous_args = 0
  33 0000 08B5     		push	{r3, lr}
  34              		.cfi_def_cfa_offset 8
  35              		.cfi_offset 3, -8
  36              		.cfi_offset 14, -4
  37              		.loc 1 70 0
  38 0002 FFF7FEFF 		bl	hal_lld_init
  39              	.LVL0:
  40              		.loc 1 73 0
  41 0006 FFF7FEFF 		bl	tmInit
  42              	.LVL1:
  43              		.loc 1 76 0
  44 000a 0B48     		ldr	r0, .L2
  45 000c FFF7FEFF 		bl	_pal_lld_init
  46              	.LVL2:
  47              		.loc 1 79 0
  48 0010 FFF7FEFF 		bl	adcInit
  49              	.LVL3:
  50              		.loc 1 94 0
  51 0014 FFF7FEFF 		bl	i2cInit
  52              	.LVL4:
  53              		.loc 1 103 0
  54 0018 FFF7FEFF 		bl	pwmInit
  55              	.LVL5:
  56              		.loc 1 106 0
  57 001c FFF7FEFF 		bl	sdInit
ARM GAS  /tmp/ccXLvB58.s 			page 2


  58              	.LVL6:
  59              		.loc 1 112 0
  60 0020 FFF7FEFF 		bl	spiInit
  61              	.LVL7:
  62              		.loc 1 118 0
  63 0024 FFF7FEFF 		bl	usbInit
  64              	.LVL8:
  65              		.loc 1 121 0
  66 0028 FFF7FEFF 		bl	mmcInit
  67              	.LVL9:
  68              		.loc 1 124 0
  69 002c FFF7FEFF 		bl	sduInit
  70              	.LVL10:
  71              		.loc 1 131 0
  72 0030 BDE80840 		pop	{r3, lr}
  73              		.loc 1 130 0
  74 0034 FFF7FEBF 		b	boardInit
  75              	.LVL11:
  76              	.L3:
  77              		.align	2
  78              	.L2:
  79 0038 00000000 		.word	pal_default_config
  80              		.cfi_endproc
  81              	.LFE118:
  82              		.size	halInit, .-halInit
  83 003c AFF30080 		.section	.text.halIsCounterWithin,"ax",%progbits
  84              		.align	2
  85              		.p2align 4,,15
  86              		.global	halIsCounterWithin
  87              		.thumb
  88              		.thumb_func
  89              		.type	halIsCounterWithin, %function
  90              	halIsCounterWithin:
  91              	.LFB119:
  92              		.loc 1 177 0
  93              		.cfi_startproc
  94              		@ args = 0, pretend = 0, frame = 0
  95              		@ frame_needed = 0, uses_anonymous_args = 0
  96              		@ link register save eliminated.
  97              	.LVL12:
  98              		.loc 1 178 0
  99 0000 084B     		ldr	r3, .L13
 100              		.loc 1 180 0
 101 0002 8142     		cmp	r1, r0
 102              		.loc 1 178 0
 103 0004 5B68     		ldr	r3, [r3, #4]
 104              	.LVL13:
 105              		.loc 1 180 0
 106 0006 06D9     		bls	.L5
 107              		.loc 1 180 0 is_stmt 0 discriminator 1
 108 0008 8342     		cmp	r3, r0
 109 000a 08D3     		bcc	.L9
 110              	.L11:
 111 000c 8B42     		cmp	r3, r1
 112 000e 2CBF     		ite	cs
 113 0010 0020     		movcs	r0, #0
 114              	.LVL14:
ARM GAS  /tmp/ccXLvB58.s 			page 3


 115 0012 0120     		movcc	r0, #1
 116 0014 7047     		bx	lr
 117              	.LVL15:
 118              	.L5:
 119              		.loc 1 181 0 is_stmt 1
 120 0016 8342     		cmp	r3, r0
 121 0018 F8D3     		bcc	.L11
 122 001a 0120     		movs	r0, #1
 123              	.LVL16:
 124              		.loc 1 182 0
 125 001c 7047     		bx	lr
 126              	.LVL17:
 127              	.L9:
 128 001e 0020     		movs	r0, #0
 129              	.LVL18:
 130 0020 7047     		bx	lr
 131              	.L14:
 132 0022 00BF     		.align	2
 133              	.L13:
 134 0024 001000E0 		.word	-536866816
 135              		.cfi_endproc
 136              	.LFE119:
 137              		.size	halIsCounterWithin, .-halIsCounterWithin
 138 0028 AFF30080 		.section	.text.halPolledDelay,"ax",%progbits
 138      AFF30080 
 139              		.align	2
 140              		.p2align 4,,15
 141              		.global	halPolledDelay
 142              		.thumb
 143              		.thumb_func
 144              		.type	halPolledDelay, %function
 145              	halPolledDelay:
 146              	.LFB120:
 147              		.loc 1 196 0
 148              		.cfi_startproc
 149              		@ args = 0, pretend = 0, frame = 0
 150              		@ frame_needed = 0, uses_anonymous_args = 0
 151              		@ link register save eliminated.
 152              	.LVL19:
 153              		.loc 1 197 0
 154 0000 0C49     		ldr	r1, .L26
 155 0002 4A68     		ldr	r2, [r1, #4]
 156              	.LVL20:
 157              		.loc 1 198 0
 158 0004 1044     		add	r0, r0, r2
 159              	.LVL21:
 160              	.L21:
 161              	.LBB4:
 162              	.LBB5:
 163              		.loc 1 180 0 discriminator 1
 164 0006 8242     		cmp	r2, r0
 165              		.loc 1 178 0 discriminator 1
 166 0008 4B68     		ldr	r3, [r1, #4]
 167              	.LVL22:
 168              		.loc 1 180 0 discriminator 1
 169 000a 0CD2     		bcs	.L16
 170              		.loc 1 180 0 is_stmt 0
ARM GAS  /tmp/ccXLvB58.s 			page 4


 171 000c 9A42     		cmp	r2, r3
 172 000e 03D9     		bls	.L24
 173 0010 0023     		movs	r3, #0
 174              	.LVL23:
 175              	.LBE5:
 176              	.LBE4:
 177              		.loc 1 199 0 is_stmt 1
 178 0012 002B     		cmp	r3, #0
 179 0014 F7D1     		bne	.L21
 180              	.L25:
 181              		.loc 1 201 0
 182 0016 7047     		bx	lr
 183              	.LVL24:
 184              	.L24:
 185 0018 9842     		cmp	r0, r3
 186 001a 94BF     		ite	ls
 187 001c 0023     		movls	r3, #0
 188              	.LVL25:
 189 001e 0123     		movhi	r3, #1
 190              		.loc 1 199 0
 191 0020 002B     		cmp	r3, #0
 192 0022 F0D1     		bne	.L21
 193 0024 F7E7     		b	.L25
 194              	.LVL26:
 195              	.L16:
 196              	.LBB7:
 197              	.LBB6:
 198              		.loc 1 181 0
 199 0026 9A42     		cmp	r2, r3
 200 0028 F6D8     		bhi	.L24
 201 002a 0123     		movs	r3, #1
 202              	.LVL27:
 203              	.LBE6:
 204              	.LBE7:
 205              		.loc 1 199 0
 206 002c 002B     		cmp	r3, #0
 207 002e EAD1     		bne	.L21
 208 0030 F1E7     		b	.L25
 209              	.L27:
 210 0032 00BF     		.align	2
 211              	.L26:
 212 0034 001000E0 		.word	-536866816
 213              		.cfi_endproc
 214              	.LFE120:
 215              		.size	halPolledDelay, .-halPolledDelay
 216 0038 AFF30080 		.text
 216      AFF30080 
 217              	.Letext0:
 218              		.file 2 "/usr/arm-none-eabi/include/stdint.h"
 219              		.file 3 "../AithonLibrary/ChibiOS/os/ports/GCC/ARMCMx/chtypes.h"
 220              		.file 4 "../AithonLibrary/ChibiOS/os/ports/common/ARMCMx/nvic.h"
 221              		.file 5 "../AithonLibrary/ChibiOS/os/hal/platforms/STM32F4xx/hal_lld.h"
 222              		.file 6 "../AithonLibrary/ChibiOS/os/hal/platforms/STM32/GPIOv2/pal_lld.h"
 223              		.file 7 "../AithonLibrary/ChibiOS/os/ports/common/ARMCMx/CMSIS/include/core_cm4.h"
 224              		.file 8 "../AithonLibrary/ChibiOS/os/hal/include/tm.h"
 225              		.file 9 "../AithonLibrary/ChibiOS/os/hal/include/adc.h"
 226              		.file 10 "../AithonLibrary/ChibiOS/os/hal/include/i2c.h"
ARM GAS  /tmp/ccXLvB58.s 			page 5


 227              		.file 11 "../AithonLibrary/ChibiOS/os/hal/include/pwm.h"
 228              		.file 12 "../AithonLibrary/ChibiOS/os/hal/include/serial.h"
 229              		.file 13 "../AithonLibrary/ChibiOS/os/hal/include/spi.h"
 230              		.file 14 "../AithonLibrary/ChibiOS/os/hal/include/usb.h"
 231              		.file 15 "../AithonLibrary/ChibiOS/os/hal/include/mmc_spi.h"
 232              		.file 16 "../AithonLibrary/ChibiOS/os/hal/include/serial_usb.h"
 233              		.file 17 "../AithonLibrary/Board_v01/board.h"
 234              		.section	.debug_info,"",%progbits
 235              	.Ldebug_info0:
 236 0000 F8030000 		.4byte	0x3f8
 237 0004 0400     		.2byte	0x4
 238 0006 00000000 		.4byte	.Ldebug_abbrev0
 239 000a 04       		.byte	0x4
 240 000b 01       		.uleb128 0x1
 241 000c B8010000 		.4byte	.LASF60
 242 0010 01       		.byte	0x1
 243 0011 6D000000 		.4byte	.LASF61
 244 0015 03010000 		.4byte	.LASF62
 245 0019 18000000 		.4byte	.Ldebug_ranges0+0x18
 246 001d 00000000 		.4byte	0
 247 0021 00000000 		.4byte	.Ldebug_line0
 248 0025 02       		.uleb128 0x2
 249 0026 04       		.byte	0x4
 250 0027 05       		.byte	0x5
 251 0028 696E7400 		.ascii	"int\000"
 252 002c 03       		.uleb128 0x3
 253 002d 04       		.byte	0x4
 254 002e 07       		.byte	0x7
 255 002f 7D030000 		.4byte	.LASF0
 256 0033 03       		.uleb128 0x3
 257 0034 01       		.byte	0x1
 258 0035 06       		.byte	0x6
 259 0036 47010000 		.4byte	.LASF1
 260 003a 03       		.uleb128 0x3
 261 003b 01       		.byte	0x1
 262 003c 08       		.byte	0x8
 263 003d 34010000 		.4byte	.LASF2
 264 0041 03       		.uleb128 0x3
 265 0042 02       		.byte	0x2
 266 0043 05       		.byte	0x5
 267 0044 2F000000 		.4byte	.LASF3
 268 0048 03       		.uleb128 0x3
 269 0049 02       		.byte	0x2
 270 004a 07       		.byte	0x7
 271 004b A0010000 		.4byte	.LASF4
 272 004f 04       		.uleb128 0x4
 273 0050 D3020000 		.4byte	.LASF6
 274 0054 02       		.byte	0x2
 275 0055 4F       		.byte	0x4f
 276 0056 5A000000 		.4byte	0x5a
 277 005a 03       		.uleb128 0x3
 278 005b 04       		.byte	0x4
 279 005c 05       		.byte	0x5
 280 005d D2000000 		.4byte	.LASF5
 281 0061 04       		.uleb128 0x4
 282 0062 6A010000 		.4byte	.LASF7
 283 0066 02       		.byte	0x2
ARM GAS  /tmp/ccXLvB58.s 			page 6


 284 0067 50       		.byte	0x50
 285 0068 6C000000 		.4byte	0x6c
 286 006c 03       		.uleb128 0x3
 287 006d 04       		.byte	0x4
 288 006e 07       		.byte	0x7
 289 006f 0F030000 		.4byte	.LASF8
 290 0073 03       		.uleb128 0x3
 291 0074 08       		.byte	0x8
 292 0075 05       		.byte	0x5
 293 0076 AD000000 		.4byte	.LASF9
 294 007a 03       		.uleb128 0x3
 295 007b 08       		.byte	0x8
 296 007c 07       		.byte	0x7
 297 007d 53010000 		.4byte	.LASF10
 298 0081 04       		.uleb128 0x4
 299 0082 DB020000 		.4byte	.LASF11
 300 0086 03       		.byte	0x3
 301 0087 2B       		.byte	0x2b
 302 0088 8C000000 		.4byte	0x8c
 303 008c 03       		.uleb128 0x3
 304 008d 01       		.byte	0x1
 305 008e 02       		.byte	0x2
 306 008f F3020000 		.4byte	.LASF12
 307 0093 04       		.uleb128 0x4
 308 0094 9E000000 		.4byte	.LASF13
 309 0098 04       		.byte	0x4
 310 0099 3A       		.byte	0x3a
 311 009a 9E000000 		.4byte	0x9e
 312 009e 05       		.uleb128 0x5
 313 009f 61000000 		.4byte	0x61
 314 00a3 03       		.uleb128 0x3
 315 00a4 04       		.byte	0x4
 316 00a5 07       		.byte	0x7
 317 00a6 39000000 		.4byte	.LASF14
 318 00aa 06       		.uleb128 0x6
 319 00ab 20       		.byte	0x20
 320 00ac 04       		.byte	0x4
 321 00ad 0601     		.2byte	0x106
 322 00af 1C010000 		.4byte	0x11c
 323 00b3 07       		.uleb128 0x7
 324 00b4 42010000 		.4byte	.LASF15
 325 00b8 04       		.byte	0x4
 326 00b9 0701     		.2byte	0x107
 327 00bb 93000000 		.4byte	0x93
 328 00bf 00       		.byte	0
 329 00c0 07       		.uleb128 0x7
 330 00c1 C3000000 		.4byte	.LASF16
 331 00c5 04       		.byte	0x4
 332 00c6 0801     		.2byte	0x108
 333 00c8 93000000 		.4byte	0x93
 334 00cc 04       		.byte	0x4
 335 00cd 07       		.uleb128 0x7
 336 00ce 08030000 		.4byte	.LASF17
 337 00d2 04       		.byte	0x4
 338 00d3 0901     		.2byte	0x109
 339 00d5 93000000 		.4byte	0x93
 340 00d9 08       		.byte	0x8
ARM GAS  /tmp/ccXLvB58.s 			page 7


 341 00da 07       		.uleb128 0x7
 342 00db A5030000 		.4byte	.LASF18
 343 00df 04       		.byte	0x4
 344 00e0 0A01     		.2byte	0x10a
 345 00e2 93000000 		.4byte	0x93
 346 00e6 0C       		.byte	0xc
 347 00e7 07       		.uleb128 0x7
 348 00e8 33030000 		.4byte	.LASF19
 349 00ec 04       		.byte	0x4
 350 00ed 0B01     		.2byte	0x10b
 351 00ef 93000000 		.4byte	0x93
 352 00f3 10       		.byte	0x10
 353 00f4 07       		.uleb128 0x7
 354 00f5 4A030000 		.4byte	.LASF20
 355 00f9 04       		.byte	0x4
 356 00fa 0C01     		.2byte	0x10c
 357 00fc 93000000 		.4byte	0x93
 358 0100 14       		.byte	0x14
 359 0101 07       		.uleb128 0x7
 360 0102 55000000 		.4byte	.LASF21
 361 0106 04       		.byte	0x4
 362 0107 0D01     		.2byte	0x10d
 363 0109 93000000 		.4byte	0x93
 364 010d 18       		.byte	0x18
 365 010e 07       		.uleb128 0x7
 366 010f 42000000 		.4byte	.LASF22
 367 0113 04       		.byte	0x4
 368 0114 0E01     		.2byte	0x10e
 369 0116 93000000 		.4byte	0x93
 370 011a 1C       		.byte	0x1c
 371 011b 00       		.byte	0
 372 011c 08       		.uleb128 0x8
 373 011d F9020000 		.4byte	.LASF23
 374 0121 04       		.byte	0x4
 375 0122 0F01     		.2byte	0x10f
 376 0124 AA000000 		.4byte	0xaa
 377 0128 03       		.uleb128 0x3
 378 0129 01       		.byte	0x1
 379 012a 08       		.byte	0x8
 380 012b B3010000 		.4byte	.LASF24
 381 012f 05       		.uleb128 0x5
 382 0130 4F000000 		.4byte	0x4f
 383 0134 08       		.uleb128 0x8
 384 0135 28030000 		.4byte	.LASF25
 385 0139 05       		.byte	0x5
 386 013a A406     		.2byte	0x6a4
 387 013c 61000000 		.4byte	0x61
 388 0140 09       		.uleb128 0x9
 389 0141 1C       		.byte	0x1c
 390 0142 06       		.byte	0x6
 391 0143 A3       		.byte	0xa3
 392 0144 9D010000 		.4byte	0x19d
 393 0148 0A       		.uleb128 0xa
 394 0149 63030000 		.4byte	.LASF26
 395 014d 06       		.byte	0x6
 396 014e A5       		.byte	0xa5
 397 014f 61000000 		.4byte	0x61
ARM GAS  /tmp/ccXLvB58.s 			page 8


 398 0153 00       		.byte	0
 399 0154 0A       		.uleb128 0xa
 400 0155 73010000 		.4byte	.LASF27
 401 0159 06       		.byte	0x6
 402 015a A7       		.byte	0xa7
 403 015b 61000000 		.4byte	0x61
 404 015f 04       		.byte	0x4
 405 0160 0A       		.uleb128 0xa
 406 0161 CA000000 		.4byte	.LASF28
 407 0165 06       		.byte	0x6
 408 0166 A9       		.byte	0xa9
 409 0167 61000000 		.4byte	0x61
 410 016b 08       		.byte	0x8
 411 016c 0A       		.uleb128 0xa
 412 016d 44030000 		.4byte	.LASF29
 413 0171 06       		.byte	0x6
 414 0172 AB       		.byte	0xab
 415 0173 61000000 		.4byte	0x61
 416 0177 0C       		.byte	0xc
 417 0178 0B       		.uleb128 0xb
 418 0179 6F647200 		.ascii	"odr\000"
 419 017d 06       		.byte	0x6
 420 017e AD       		.byte	0xad
 421 017f 61000000 		.4byte	0x61
 422 0183 10       		.byte	0x10
 423 0184 0A       		.uleb128 0xa
 424 0185 5E030000 		.4byte	.LASF30
 425 0189 06       		.byte	0x6
 426 018a AF       		.byte	0xaf
 427 018b 61000000 		.4byte	0x61
 428 018f 14       		.byte	0x14
 429 0190 0A       		.uleb128 0xa
 430 0191 51030000 		.4byte	.LASF31
 431 0195 06       		.byte	0x6
 432 0196 B1       		.byte	0xb1
 433 0197 61000000 		.4byte	0x61
 434 019b 18       		.byte	0x18
 435 019c 00       		.byte	0
 436 019d 04       		.uleb128 0x4
 437 019e 7A010000 		.4byte	.LASF32
 438 01a2 06       		.byte	0x6
 439 01a3 B2       		.byte	0xb2
 440 01a4 40010000 		.4byte	0x140
 441 01a8 09       		.uleb128 0x9
 442 01a9 FC       		.byte	0xfc
 443 01aa 06       		.byte	0x6
 444 01ab BB       		.byte	0xbb
 445 01ac 1D020000 		.4byte	0x21d
 446 01b0 0A       		.uleb128 0xa
 447 01b1 A6000000 		.4byte	.LASF33
 448 01b5 06       		.byte	0x6
 449 01b6 BE       		.byte	0xbe
 450 01b7 9D010000 		.4byte	0x19d
 451 01bb 00       		.byte	0
 452 01bc 0A       		.uleb128 0xa
 453 01bd EC020000 		.4byte	.LASF34
 454 01c1 06       		.byte	0x6
ARM GAS  /tmp/ccXLvB58.s 			page 9


 455 01c2 C2       		.byte	0xc2
 456 01c3 9D010000 		.4byte	0x19d
 457 01c7 1C       		.byte	0x1c
 458 01c8 0A       		.uleb128 0xa
 459 01c9 2D010000 		.4byte	.LASF35
 460 01cd 06       		.byte	0x6
 461 01ce C6       		.byte	0xc6
 462 01cf 9D010000 		.4byte	0x19d
 463 01d3 38       		.byte	0x38
 464 01d4 0A       		.uleb128 0xa
 465 01d5 E3000000 		.4byte	.LASF36
 466 01d9 06       		.byte	0x6
 467 01da CA       		.byte	0xca
 468 01db 9D010000 		.4byte	0x19d
 469 01df 54       		.byte	0x54
 470 01e0 0A       		.uleb128 0xa
 471 01e1 01030000 		.4byte	.LASF37
 472 01e5 06       		.byte	0x6
 473 01e6 CE       		.byte	0xce
 474 01e7 9D010000 		.4byte	0x19d
 475 01eb 70       		.byte	0x70
 476 01ec 0A       		.uleb128 0xa
 477 01ed 47000000 		.4byte	.LASF38
 478 01f1 06       		.byte	0x6
 479 01f2 D2       		.byte	0xd2
 480 01f3 9D010000 		.4byte	0x19d
 481 01f7 8C       		.byte	0x8c
 482 01f8 0A       		.uleb128 0xa
 483 01f9 26010000 		.4byte	.LASF39
 484 01fd 06       		.byte	0x6
 485 01fe D6       		.byte	0xd6
 486 01ff 9D010000 		.4byte	0x19d
 487 0203 A8       		.byte	0xa8
 488 0204 0A       		.uleb128 0xa
 489 0205 21030000 		.4byte	.LASF40
 490 0209 06       		.byte	0x6
 491 020a DA       		.byte	0xda
 492 020b 9D010000 		.4byte	0x19d
 493 020f C4       		.byte	0xc4
 494 0210 0A       		.uleb128 0xa
 495 0211 4E000000 		.4byte	.LASF41
 496 0215 06       		.byte	0x6
 497 0216 DE       		.byte	0xde
 498 0217 9D010000 		.4byte	0x19d
 499 021b E0       		.byte	0xe0
 500 021c 00       		.byte	0
 501 021d 04       		.uleb128 0x4
 502 021e E2020000 		.4byte	.LASF42
 503 0222 06       		.byte	0x6
 504 0223 E0       		.byte	0xe0
 505 0224 A8010000 		.4byte	0x1a8
 506 0228 0C       		.uleb128 0xc
 507 0229 92030000 		.4byte	.LASF63
 508 022d 01       		.byte	0x1
 509 022e B1       		.byte	0xb1
 510 022f 81000000 		.4byte	0x81
 511 0233 01       		.byte	0x1
ARM GAS  /tmp/ccXLvB58.s 			page 10


 512 0234 5A020000 		.4byte	0x25a
 513 0238 0D       		.uleb128 0xd
 514 0239 9A010000 		.4byte	.LASF43
 515 023d 01       		.byte	0x1
 516 023e B1       		.byte	0xb1
 517 023f 34010000 		.4byte	0x134
 518 0243 0E       		.uleb128 0xe
 519 0244 656E6400 		.ascii	"end\000"
 520 0248 01       		.byte	0x1
 521 0249 B1       		.byte	0xb1
 522 024a 34010000 		.4byte	0x134
 523 024e 0F       		.uleb128 0xf
 524 024f 6E6F7700 		.ascii	"now\000"
 525 0253 01       		.byte	0x1
 526 0254 B2       		.byte	0xb2
 527 0255 34010000 		.4byte	0x134
 528 0259 00       		.byte	0
 529 025a 10       		.uleb128 0x10
 530 025b BB000000 		.4byte	.LASF44
 531 025f 01       		.byte	0x1
 532 0260 44       		.byte	0x44
 533 0261 00000000 		.4byte	.LFB118
 534 0265 3C000000 		.4byte	.LFE118-.LFB118
 535 0269 01       		.uleb128 0x1
 536 026a 9C       		.byte	0x9c
 537 026b DC020000 		.4byte	0x2dc
 538 026f 11       		.uleb128 0x11
 539 0270 06000000 		.4byte	.LVL0
 540 0274 90030000 		.4byte	0x390
 541 0278 11       		.uleb128 0x11
 542 0279 0A000000 		.4byte	.LVL1
 543 027d 98030000 		.4byte	0x398
 544 0281 11       		.uleb128 0x11
 545 0282 10000000 		.4byte	.LVL2
 546 0286 9F030000 		.4byte	0x39f
 547 028a 11       		.uleb128 0x11
 548 028b 14000000 		.4byte	.LVL3
 549 028f B7030000 		.4byte	0x3b7
 550 0293 11       		.uleb128 0x11
 551 0294 18000000 		.4byte	.LVL4
 552 0298 BF030000 		.4byte	0x3bf
 553 029c 11       		.uleb128 0x11
 554 029d 1C000000 		.4byte	.LVL5
 555 02a1 C6030000 		.4byte	0x3c6
 556 02a5 11       		.uleb128 0x11
 557 02a6 20000000 		.4byte	.LVL6
 558 02aa CD030000 		.4byte	0x3cd
 559 02ae 11       		.uleb128 0x11
 560 02af 24000000 		.4byte	.LVL7
 561 02b3 D5030000 		.4byte	0x3d5
 562 02b7 11       		.uleb128 0x11
 563 02b8 28000000 		.4byte	.LVL8
 564 02bc DD030000 		.4byte	0x3dd
 565 02c0 11       		.uleb128 0x11
 566 02c1 2C000000 		.4byte	.LVL9
 567 02c5 E5030000 		.4byte	0x3e5
 568 02c9 11       		.uleb128 0x11
ARM GAS  /tmp/ccXLvB58.s 			page 11


 569 02ca 30000000 		.4byte	.LVL10
 570 02ce EC030000 		.4byte	0x3ec
 571 02d2 12       		.uleb128 0x12
 572 02d3 38000000 		.4byte	.LVL11
 573 02d7 F3030000 		.4byte	0x3f3
 574 02db 00       		.byte	0
 575 02dc 13       		.uleb128 0x13
 576 02dd 28020000 		.4byte	0x228
 577 02e1 00000000 		.4byte	.LFB119
 578 02e5 28000000 		.4byte	.LFE119-.LFB119
 579 02e9 01       		.uleb128 0x1
 580 02ea 9C       		.byte	0x9c
 581 02eb 07030000 		.4byte	0x307
 582 02ef 14       		.uleb128 0x14
 583 02f0 38020000 		.4byte	0x238
 584 02f4 00000000 		.4byte	.LLST0
 585 02f8 15       		.uleb128 0x15
 586 02f9 43020000 		.4byte	0x243
 587 02fd 01       		.uleb128 0x1
 588 02fe 51       		.byte	0x51
 589 02ff 16       		.uleb128 0x16
 590 0300 4E020000 		.4byte	0x24e
 591 0304 01       		.uleb128 0x1
 592 0305 53       		.byte	0x53
 593 0306 00       		.byte	0
 594 0307 10       		.uleb128 0x10
 595 0308 EA000000 		.4byte	.LASF45
 596 030c 01       		.byte	0x1
 597 030d C4       		.byte	0xc4
 598 030e 00000000 		.4byte	.LFB120
 599 0312 38000000 		.4byte	.LFE120-.LFB120
 600 0316 01       		.uleb128 0x1
 601 0317 9C       		.byte	0x9c
 602 0318 73030000 		.4byte	0x373
 603 031c 17       		.uleb128 0x17
 604 031d 00000000 		.4byte	.LASF64
 605 0321 01       		.byte	0x1
 606 0322 C4       		.byte	0xc4
 607 0323 34010000 		.4byte	0x134
 608 0327 53000000 		.4byte	.LLST1
 609 032b 18       		.uleb128 0x18
 610 032c 9A010000 		.4byte	.LASF43
 611 0330 01       		.byte	0x1
 612 0331 C5       		.byte	0xc5
 613 0332 34010000 		.4byte	0x134
 614 0336 01       		.uleb128 0x1
 615 0337 52       		.byte	0x52
 616 0338 18       		.uleb128 0x18
 617 0339 AC030000 		.4byte	.LASF46
 618 033d 01       		.byte	0x1
 619 033e C6       		.byte	0xc6
 620 033f 34010000 		.4byte	0x134
 621 0343 01       		.uleb128 0x1
 622 0344 50       		.byte	0x50
 623 0345 19       		.uleb128 0x19
 624 0346 28020000 		.4byte	0x228
 625 034a 06000000 		.4byte	.LBB4
ARM GAS  /tmp/ccXLvB58.s 			page 12


 626 034e 00000000 		.4byte	.Ldebug_ranges0+0
 627 0352 01       		.byte	0x1
 628 0353 C7       		.byte	0xc7
 629 0354 15       		.uleb128 0x15
 630 0355 43020000 		.4byte	0x243
 631 0359 01       		.uleb128 0x1
 632 035a 50       		.byte	0x50
 633 035b 15       		.uleb128 0x15
 634 035c 38020000 		.4byte	0x238
 635 0360 01       		.uleb128 0x1
 636 0361 52       		.byte	0x52
 637 0362 1A       		.uleb128 0x1a
 638 0363 00000000 		.4byte	.Ldebug_ranges0+0
 639 0367 1B       		.uleb128 0x1b
 640 0368 4E020000 		.4byte	0x24e
 641 036c 74000000 		.4byte	.LLST2
 642 0370 00       		.byte	0
 643 0371 00       		.byte	0
 644 0372 00       		.byte	0
 645 0373 1C       		.uleb128 0x1c
 646 0374 69030000 		.4byte	.LASF47
 647 0378 07       		.byte	0x7
 648 0379 9806     		.2byte	0x698
 649 037b 2F010000 		.4byte	0x12f
 650 037f 1C       		.uleb128 0x1c
 651 0380 1C000000 		.4byte	.LASF48
 652 0384 06       		.byte	0x6
 653 0385 BC01     		.2byte	0x1bc
 654 0387 8B030000 		.4byte	0x38b
 655 038b 1D       		.uleb128 0x1d
 656 038c 1D020000 		.4byte	0x21d
 657 0390 1E       		.uleb128 0x1e
 658 0391 8D010000 		.4byte	.LASF49
 659 0395 05       		.byte	0x5
 660 0396 CD06     		.2byte	0x6cd
 661 0398 1F       		.uleb128 0x1f
 662 0399 76030000 		.4byte	.LASF50
 663 039d 08       		.byte	0x8
 664 039e 73       		.byte	0x73
 665 039f 20       		.uleb128 0x20
 666 03a0 0E000000 		.4byte	.LASF65
 667 03a4 06       		.byte	0x6
 668 03a5 C101     		.2byte	0x1c1
 669 03a7 B1030000 		.4byte	0x3b1
 670 03ab 21       		.uleb128 0x21
 671 03ac B1030000 		.4byte	0x3b1
 672 03b0 00       		.byte	0
 673 03b1 22       		.uleb128 0x22
 674 03b2 04       		.byte	0x4
 675 03b3 8B030000 		.4byte	0x38b
 676 03b7 1E       		.uleb128 0x1e
 677 03b8 56030000 		.4byte	.LASF51
 678 03bc 09       		.byte	0x9
 679 03bd 1C01     		.2byte	0x11c
 680 03bf 1F       		.uleb128 0x1f
 681 03c0 06000000 		.4byte	.LASF52
 682 03c4 0A       		.byte	0xa
ARM GAS  /tmp/ccXLvB58.s 			page 13


 683 03c5 7F       		.byte	0x7f
 684 03c6 1F       		.uleb128 0x1f
 685 03c7 DB000000 		.4byte	.LASF53
 686 03cb 0B       		.byte	0xb
 687 03cc F2       		.byte	0xf2
 688 03cd 1E       		.uleb128 0x1e
 689 03ce 97000000 		.4byte	.LASF54
 690 03d2 0C       		.byte	0xc
 691 03d3 3501     		.2byte	0x135
 692 03d5 1E       		.uleb128 0x1e
 693 03d6 65000000 		.4byte	.LASF55
 694 03da 0D       		.byte	0xd
 695 03db 2E01     		.2byte	0x12e
 696 03dd 1E       		.uleb128 0x1e
 697 03de 5D000000 		.4byte	.LASF56
 698 03e2 0E       		.byte	0xe
 699 03e3 2302     		.2byte	0x223
 700 03e5 1F       		.uleb128 0x1f
 701 03e6 3C030000 		.4byte	.LASF57
 702 03ea 0F       		.byte	0xf
 703 03eb B5       		.byte	0xb5
 704 03ec 1F       		.uleb128 0x1f
 705 03ed 8A030000 		.4byte	.LASF58
 706 03f1 10       		.byte	0x10
 707 03f2 E0       		.byte	0xe0
 708 03f3 1E       		.uleb128 0x1e
 709 03f4 F9000000 		.4byte	.LASF59
 710 03f8 11       		.byte	0x11
 711 03f9 9301     		.2byte	0x193
 712 03fb 00       		.byte	0
 713              		.section	.debug_abbrev,"",%progbits
 714              	.Ldebug_abbrev0:
 715 0000 01       		.uleb128 0x1
 716 0001 11       		.uleb128 0x11
 717 0002 01       		.byte	0x1
 718 0003 25       		.uleb128 0x25
 719 0004 0E       		.uleb128 0xe
 720 0005 13       		.uleb128 0x13
 721 0006 0B       		.uleb128 0xb
 722 0007 03       		.uleb128 0x3
 723 0008 0E       		.uleb128 0xe
 724 0009 1B       		.uleb128 0x1b
 725 000a 0E       		.uleb128 0xe
 726 000b 55       		.uleb128 0x55
 727 000c 17       		.uleb128 0x17
 728 000d 11       		.uleb128 0x11
 729 000e 01       		.uleb128 0x1
 730 000f 10       		.uleb128 0x10
 731 0010 17       		.uleb128 0x17
 732 0011 00       		.byte	0
 733 0012 00       		.byte	0
 734 0013 02       		.uleb128 0x2
 735 0014 24       		.uleb128 0x24
 736 0015 00       		.byte	0
 737 0016 0B       		.uleb128 0xb
 738 0017 0B       		.uleb128 0xb
 739 0018 3E       		.uleb128 0x3e
ARM GAS  /tmp/ccXLvB58.s 			page 14


 740 0019 0B       		.uleb128 0xb
 741 001a 03       		.uleb128 0x3
 742 001b 08       		.uleb128 0x8
 743 001c 00       		.byte	0
 744 001d 00       		.byte	0
 745 001e 03       		.uleb128 0x3
 746 001f 24       		.uleb128 0x24
 747 0020 00       		.byte	0
 748 0021 0B       		.uleb128 0xb
 749 0022 0B       		.uleb128 0xb
 750 0023 3E       		.uleb128 0x3e
 751 0024 0B       		.uleb128 0xb
 752 0025 03       		.uleb128 0x3
 753 0026 0E       		.uleb128 0xe
 754 0027 00       		.byte	0
 755 0028 00       		.byte	0
 756 0029 04       		.uleb128 0x4
 757 002a 16       		.uleb128 0x16
 758 002b 00       		.byte	0
 759 002c 03       		.uleb128 0x3
 760 002d 0E       		.uleb128 0xe
 761 002e 3A       		.uleb128 0x3a
 762 002f 0B       		.uleb128 0xb
 763 0030 3B       		.uleb128 0x3b
 764 0031 0B       		.uleb128 0xb
 765 0032 49       		.uleb128 0x49
 766 0033 13       		.uleb128 0x13
 767 0034 00       		.byte	0
 768 0035 00       		.byte	0
 769 0036 05       		.uleb128 0x5
 770 0037 35       		.uleb128 0x35
 771 0038 00       		.byte	0
 772 0039 49       		.uleb128 0x49
 773 003a 13       		.uleb128 0x13
 774 003b 00       		.byte	0
 775 003c 00       		.byte	0
 776 003d 06       		.uleb128 0x6
 777 003e 13       		.uleb128 0x13
 778 003f 01       		.byte	0x1
 779 0040 0B       		.uleb128 0xb
 780 0041 0B       		.uleb128 0xb
 781 0042 3A       		.uleb128 0x3a
 782 0043 0B       		.uleb128 0xb
 783 0044 3B       		.uleb128 0x3b
 784 0045 05       		.uleb128 0x5
 785 0046 01       		.uleb128 0x1
 786 0047 13       		.uleb128 0x13
 787 0048 00       		.byte	0
 788 0049 00       		.byte	0
 789 004a 07       		.uleb128 0x7
 790 004b 0D       		.uleb128 0xd
 791 004c 00       		.byte	0
 792 004d 03       		.uleb128 0x3
 793 004e 0E       		.uleb128 0xe
 794 004f 3A       		.uleb128 0x3a
 795 0050 0B       		.uleb128 0xb
 796 0051 3B       		.uleb128 0x3b
ARM GAS  /tmp/ccXLvB58.s 			page 15


 797 0052 05       		.uleb128 0x5
 798 0053 49       		.uleb128 0x49
 799 0054 13       		.uleb128 0x13
 800 0055 38       		.uleb128 0x38
 801 0056 0B       		.uleb128 0xb
 802 0057 00       		.byte	0
 803 0058 00       		.byte	0
 804 0059 08       		.uleb128 0x8
 805 005a 16       		.uleb128 0x16
 806 005b 00       		.byte	0
 807 005c 03       		.uleb128 0x3
 808 005d 0E       		.uleb128 0xe
 809 005e 3A       		.uleb128 0x3a
 810 005f 0B       		.uleb128 0xb
 811 0060 3B       		.uleb128 0x3b
 812 0061 05       		.uleb128 0x5
 813 0062 49       		.uleb128 0x49
 814 0063 13       		.uleb128 0x13
 815 0064 00       		.byte	0
 816 0065 00       		.byte	0
 817 0066 09       		.uleb128 0x9
 818 0067 13       		.uleb128 0x13
 819 0068 01       		.byte	0x1
 820 0069 0B       		.uleb128 0xb
 821 006a 0B       		.uleb128 0xb
 822 006b 3A       		.uleb128 0x3a
 823 006c 0B       		.uleb128 0xb
 824 006d 3B       		.uleb128 0x3b
 825 006e 0B       		.uleb128 0xb
 826 006f 01       		.uleb128 0x1
 827 0070 13       		.uleb128 0x13
 828 0071 00       		.byte	0
 829 0072 00       		.byte	0
 830 0073 0A       		.uleb128 0xa
 831 0074 0D       		.uleb128 0xd
 832 0075 00       		.byte	0
 833 0076 03       		.uleb128 0x3
 834 0077 0E       		.uleb128 0xe
 835 0078 3A       		.uleb128 0x3a
 836 0079 0B       		.uleb128 0xb
 837 007a 3B       		.uleb128 0x3b
 838 007b 0B       		.uleb128 0xb
 839 007c 49       		.uleb128 0x49
 840 007d 13       		.uleb128 0x13
 841 007e 38       		.uleb128 0x38
 842 007f 0B       		.uleb128 0xb
 843 0080 00       		.byte	0
 844 0081 00       		.byte	0
 845 0082 0B       		.uleb128 0xb
 846 0083 0D       		.uleb128 0xd
 847 0084 00       		.byte	0
 848 0085 03       		.uleb128 0x3
 849 0086 08       		.uleb128 0x8
 850 0087 3A       		.uleb128 0x3a
 851 0088 0B       		.uleb128 0xb
 852 0089 3B       		.uleb128 0x3b
 853 008a 0B       		.uleb128 0xb
ARM GAS  /tmp/ccXLvB58.s 			page 16


 854 008b 49       		.uleb128 0x49
 855 008c 13       		.uleb128 0x13
 856 008d 38       		.uleb128 0x38
 857 008e 0B       		.uleb128 0xb
 858 008f 00       		.byte	0
 859 0090 00       		.byte	0
 860 0091 0C       		.uleb128 0xc
 861 0092 2E       		.uleb128 0x2e
 862 0093 01       		.byte	0x1
 863 0094 3F       		.uleb128 0x3f
 864 0095 19       		.uleb128 0x19
 865 0096 03       		.uleb128 0x3
 866 0097 0E       		.uleb128 0xe
 867 0098 3A       		.uleb128 0x3a
 868 0099 0B       		.uleb128 0xb
 869 009a 3B       		.uleb128 0x3b
 870 009b 0B       		.uleb128 0xb
 871 009c 27       		.uleb128 0x27
 872 009d 19       		.uleb128 0x19
 873 009e 49       		.uleb128 0x49
 874 009f 13       		.uleb128 0x13
 875 00a0 20       		.uleb128 0x20
 876 00a1 0B       		.uleb128 0xb
 877 00a2 01       		.uleb128 0x1
 878 00a3 13       		.uleb128 0x13
 879 00a4 00       		.byte	0
 880 00a5 00       		.byte	0
 881 00a6 0D       		.uleb128 0xd
 882 00a7 05       		.uleb128 0x5
 883 00a8 00       		.byte	0
 884 00a9 03       		.uleb128 0x3
 885 00aa 0E       		.uleb128 0xe
 886 00ab 3A       		.uleb128 0x3a
 887 00ac 0B       		.uleb128 0xb
 888 00ad 3B       		.uleb128 0x3b
 889 00ae 0B       		.uleb128 0xb
 890 00af 49       		.uleb128 0x49
 891 00b0 13       		.uleb128 0x13
 892 00b1 00       		.byte	0
 893 00b2 00       		.byte	0
 894 00b3 0E       		.uleb128 0xe
 895 00b4 05       		.uleb128 0x5
 896 00b5 00       		.byte	0
 897 00b6 03       		.uleb128 0x3
 898 00b7 08       		.uleb128 0x8
 899 00b8 3A       		.uleb128 0x3a
 900 00b9 0B       		.uleb128 0xb
 901 00ba 3B       		.uleb128 0x3b
 902 00bb 0B       		.uleb128 0xb
 903 00bc 49       		.uleb128 0x49
 904 00bd 13       		.uleb128 0x13
 905 00be 00       		.byte	0
 906 00bf 00       		.byte	0
 907 00c0 0F       		.uleb128 0xf
 908 00c1 34       		.uleb128 0x34
 909 00c2 00       		.byte	0
 910 00c3 03       		.uleb128 0x3
ARM GAS  /tmp/ccXLvB58.s 			page 17


 911 00c4 08       		.uleb128 0x8
 912 00c5 3A       		.uleb128 0x3a
 913 00c6 0B       		.uleb128 0xb
 914 00c7 3B       		.uleb128 0x3b
 915 00c8 0B       		.uleb128 0xb
 916 00c9 49       		.uleb128 0x49
 917 00ca 13       		.uleb128 0x13
 918 00cb 00       		.byte	0
 919 00cc 00       		.byte	0
 920 00cd 10       		.uleb128 0x10
 921 00ce 2E       		.uleb128 0x2e
 922 00cf 01       		.byte	0x1
 923 00d0 3F       		.uleb128 0x3f
 924 00d1 19       		.uleb128 0x19
 925 00d2 03       		.uleb128 0x3
 926 00d3 0E       		.uleb128 0xe
 927 00d4 3A       		.uleb128 0x3a
 928 00d5 0B       		.uleb128 0xb
 929 00d6 3B       		.uleb128 0x3b
 930 00d7 0B       		.uleb128 0xb
 931 00d8 27       		.uleb128 0x27
 932 00d9 19       		.uleb128 0x19
 933 00da 11       		.uleb128 0x11
 934 00db 01       		.uleb128 0x1
 935 00dc 12       		.uleb128 0x12
 936 00dd 06       		.uleb128 0x6
 937 00de 40       		.uleb128 0x40
 938 00df 18       		.uleb128 0x18
 939 00e0 9742     		.uleb128 0x2117
 940 00e2 19       		.uleb128 0x19
 941 00e3 01       		.uleb128 0x1
 942 00e4 13       		.uleb128 0x13
 943 00e5 00       		.byte	0
 944 00e6 00       		.byte	0
 945 00e7 11       		.uleb128 0x11
 946 00e8 898201   		.uleb128 0x4109
 947 00eb 00       		.byte	0
 948 00ec 11       		.uleb128 0x11
 949 00ed 01       		.uleb128 0x1
 950 00ee 31       		.uleb128 0x31
 951 00ef 13       		.uleb128 0x13
 952 00f0 00       		.byte	0
 953 00f1 00       		.byte	0
 954 00f2 12       		.uleb128 0x12
 955 00f3 898201   		.uleb128 0x4109
 956 00f6 00       		.byte	0
 957 00f7 11       		.uleb128 0x11
 958 00f8 01       		.uleb128 0x1
 959 00f9 9542     		.uleb128 0x2115
 960 00fb 19       		.uleb128 0x19
 961 00fc 31       		.uleb128 0x31
 962 00fd 13       		.uleb128 0x13
 963 00fe 00       		.byte	0
 964 00ff 00       		.byte	0
 965 0100 13       		.uleb128 0x13
 966 0101 2E       		.uleb128 0x2e
 967 0102 01       		.byte	0x1
ARM GAS  /tmp/ccXLvB58.s 			page 18


 968 0103 31       		.uleb128 0x31
 969 0104 13       		.uleb128 0x13
 970 0105 11       		.uleb128 0x11
 971 0106 01       		.uleb128 0x1
 972 0107 12       		.uleb128 0x12
 973 0108 06       		.uleb128 0x6
 974 0109 40       		.uleb128 0x40
 975 010a 18       		.uleb128 0x18
 976 010b 9742     		.uleb128 0x2117
 977 010d 19       		.uleb128 0x19
 978 010e 01       		.uleb128 0x1
 979 010f 13       		.uleb128 0x13
 980 0110 00       		.byte	0
 981 0111 00       		.byte	0
 982 0112 14       		.uleb128 0x14
 983 0113 05       		.uleb128 0x5
 984 0114 00       		.byte	0
 985 0115 31       		.uleb128 0x31
 986 0116 13       		.uleb128 0x13
 987 0117 02       		.uleb128 0x2
 988 0118 17       		.uleb128 0x17
 989 0119 00       		.byte	0
 990 011a 00       		.byte	0
 991 011b 15       		.uleb128 0x15
 992 011c 05       		.uleb128 0x5
 993 011d 00       		.byte	0
 994 011e 31       		.uleb128 0x31
 995 011f 13       		.uleb128 0x13
 996 0120 02       		.uleb128 0x2
 997 0121 18       		.uleb128 0x18
 998 0122 00       		.byte	0
 999 0123 00       		.byte	0
 1000 0124 16       		.uleb128 0x16
 1001 0125 34       		.uleb128 0x34
 1002 0126 00       		.byte	0
 1003 0127 31       		.uleb128 0x31
 1004 0128 13       		.uleb128 0x13
 1005 0129 02       		.uleb128 0x2
 1006 012a 18       		.uleb128 0x18
 1007 012b 00       		.byte	0
 1008 012c 00       		.byte	0
 1009 012d 17       		.uleb128 0x17
 1010 012e 05       		.uleb128 0x5
 1011 012f 00       		.byte	0
 1012 0130 03       		.uleb128 0x3
 1013 0131 0E       		.uleb128 0xe
 1014 0132 3A       		.uleb128 0x3a
 1015 0133 0B       		.uleb128 0xb
 1016 0134 3B       		.uleb128 0x3b
 1017 0135 0B       		.uleb128 0xb
 1018 0136 49       		.uleb128 0x49
 1019 0137 13       		.uleb128 0x13
 1020 0138 02       		.uleb128 0x2
 1021 0139 17       		.uleb128 0x17
 1022 013a 00       		.byte	0
 1023 013b 00       		.byte	0
 1024 013c 18       		.uleb128 0x18
ARM GAS  /tmp/ccXLvB58.s 			page 19


 1025 013d 34       		.uleb128 0x34
 1026 013e 00       		.byte	0
 1027 013f 03       		.uleb128 0x3
 1028 0140 0E       		.uleb128 0xe
 1029 0141 3A       		.uleb128 0x3a
 1030 0142 0B       		.uleb128 0xb
 1031 0143 3B       		.uleb128 0x3b
 1032 0144 0B       		.uleb128 0xb
 1033 0145 49       		.uleb128 0x49
 1034 0146 13       		.uleb128 0x13
 1035 0147 02       		.uleb128 0x2
 1036 0148 18       		.uleb128 0x18
 1037 0149 00       		.byte	0
 1038 014a 00       		.byte	0
 1039 014b 19       		.uleb128 0x19
 1040 014c 1D       		.uleb128 0x1d
 1041 014d 01       		.byte	0x1
 1042 014e 31       		.uleb128 0x31
 1043 014f 13       		.uleb128 0x13
 1044 0150 52       		.uleb128 0x52
 1045 0151 01       		.uleb128 0x1
 1046 0152 55       		.uleb128 0x55
 1047 0153 17       		.uleb128 0x17
 1048 0154 58       		.uleb128 0x58
 1049 0155 0B       		.uleb128 0xb
 1050 0156 59       		.uleb128 0x59
 1051 0157 0B       		.uleb128 0xb
 1052 0158 00       		.byte	0
 1053 0159 00       		.byte	0
 1054 015a 1A       		.uleb128 0x1a
 1055 015b 0B       		.uleb128 0xb
 1056 015c 01       		.byte	0x1
 1057 015d 55       		.uleb128 0x55
 1058 015e 17       		.uleb128 0x17
 1059 015f 00       		.byte	0
 1060 0160 00       		.byte	0
 1061 0161 1B       		.uleb128 0x1b
 1062 0162 34       		.uleb128 0x34
 1063 0163 00       		.byte	0
 1064 0164 31       		.uleb128 0x31
 1065 0165 13       		.uleb128 0x13
 1066 0166 02       		.uleb128 0x2
 1067 0167 17       		.uleb128 0x17
 1068 0168 00       		.byte	0
 1069 0169 00       		.byte	0
 1070 016a 1C       		.uleb128 0x1c
 1071 016b 34       		.uleb128 0x34
 1072 016c 00       		.byte	0
 1073 016d 03       		.uleb128 0x3
 1074 016e 0E       		.uleb128 0xe
 1075 016f 3A       		.uleb128 0x3a
 1076 0170 0B       		.uleb128 0xb
 1077 0171 3B       		.uleb128 0x3b
 1078 0172 05       		.uleb128 0x5
 1079 0173 49       		.uleb128 0x49
 1080 0174 13       		.uleb128 0x13
 1081 0175 3F       		.uleb128 0x3f
ARM GAS  /tmp/ccXLvB58.s 			page 20


 1082 0176 19       		.uleb128 0x19
 1083 0177 3C       		.uleb128 0x3c
 1084 0178 19       		.uleb128 0x19
 1085 0179 00       		.byte	0
 1086 017a 00       		.byte	0
 1087 017b 1D       		.uleb128 0x1d
 1088 017c 26       		.uleb128 0x26
 1089 017d 00       		.byte	0
 1090 017e 49       		.uleb128 0x49
 1091 017f 13       		.uleb128 0x13
 1092 0180 00       		.byte	0
 1093 0181 00       		.byte	0
 1094 0182 1E       		.uleb128 0x1e
 1095 0183 2E       		.uleb128 0x2e
 1096 0184 00       		.byte	0
 1097 0185 3F       		.uleb128 0x3f
 1098 0186 19       		.uleb128 0x19
 1099 0187 03       		.uleb128 0x3
 1100 0188 0E       		.uleb128 0xe
 1101 0189 3A       		.uleb128 0x3a
 1102 018a 0B       		.uleb128 0xb
 1103 018b 3B       		.uleb128 0x3b
 1104 018c 05       		.uleb128 0x5
 1105 018d 27       		.uleb128 0x27
 1106 018e 19       		.uleb128 0x19
 1107 018f 3C       		.uleb128 0x3c
 1108 0190 19       		.uleb128 0x19
 1109 0191 00       		.byte	0
 1110 0192 00       		.byte	0
 1111 0193 1F       		.uleb128 0x1f
 1112 0194 2E       		.uleb128 0x2e
 1113 0195 00       		.byte	0
 1114 0196 3F       		.uleb128 0x3f
 1115 0197 19       		.uleb128 0x19
 1116 0198 03       		.uleb128 0x3
 1117 0199 0E       		.uleb128 0xe
 1118 019a 3A       		.uleb128 0x3a
 1119 019b 0B       		.uleb128 0xb
 1120 019c 3B       		.uleb128 0x3b
 1121 019d 0B       		.uleb128 0xb
 1122 019e 27       		.uleb128 0x27
 1123 019f 19       		.uleb128 0x19
 1124 01a0 3C       		.uleb128 0x3c
 1125 01a1 19       		.uleb128 0x19
 1126 01a2 00       		.byte	0
 1127 01a3 00       		.byte	0
 1128 01a4 20       		.uleb128 0x20
 1129 01a5 2E       		.uleb128 0x2e
 1130 01a6 01       		.byte	0x1
 1131 01a7 3F       		.uleb128 0x3f
 1132 01a8 19       		.uleb128 0x19
 1133 01a9 03       		.uleb128 0x3
 1134 01aa 0E       		.uleb128 0xe
 1135 01ab 3A       		.uleb128 0x3a
 1136 01ac 0B       		.uleb128 0xb
 1137 01ad 3B       		.uleb128 0x3b
 1138 01ae 05       		.uleb128 0x5
ARM GAS  /tmp/ccXLvB58.s 			page 21


 1139 01af 27       		.uleb128 0x27
 1140 01b0 19       		.uleb128 0x19
 1141 01b1 3C       		.uleb128 0x3c
 1142 01b2 19       		.uleb128 0x19
 1143 01b3 01       		.uleb128 0x1
 1144 01b4 13       		.uleb128 0x13
 1145 01b5 00       		.byte	0
 1146 01b6 00       		.byte	0
 1147 01b7 21       		.uleb128 0x21
 1148 01b8 05       		.uleb128 0x5
 1149 01b9 00       		.byte	0
 1150 01ba 49       		.uleb128 0x49
 1151 01bb 13       		.uleb128 0x13
 1152 01bc 00       		.byte	0
 1153 01bd 00       		.byte	0
 1154 01be 22       		.uleb128 0x22
 1155 01bf 0F       		.uleb128 0xf
 1156 01c0 00       		.byte	0
 1157 01c1 0B       		.uleb128 0xb
 1158 01c2 0B       		.uleb128 0xb
 1159 01c3 49       		.uleb128 0x49
 1160 01c4 13       		.uleb128 0x13
 1161 01c5 00       		.byte	0
 1162 01c6 00       		.byte	0
 1163 01c7 00       		.byte	0
 1164              		.section	.debug_loc,"",%progbits
 1165              	.Ldebug_loc0:
 1166              	.LLST0:
 1167 0000 00000000 		.4byte	.LVL12
 1168 0004 12000000 		.4byte	.LVL14
 1169 0008 0100     		.2byte	0x1
 1170 000a 50       		.byte	0x50
 1171 000b 12000000 		.4byte	.LVL14
 1172 000f 16000000 		.4byte	.LVL15
 1173 0013 0400     		.2byte	0x4
 1174 0015 F3       		.byte	0xf3
 1175 0016 01       		.uleb128 0x1
 1176 0017 50       		.byte	0x50
 1177 0018 9F       		.byte	0x9f
 1178 0019 16000000 		.4byte	.LVL15
 1179 001d 1C000000 		.4byte	.LVL16
 1180 0021 0100     		.2byte	0x1
 1181 0023 50       		.byte	0x50
 1182 0024 1C000000 		.4byte	.LVL16
 1183 0028 1E000000 		.4byte	.LVL17
 1184 002c 0400     		.2byte	0x4
 1185 002e F3       		.byte	0xf3
 1186 002f 01       		.uleb128 0x1
 1187 0030 50       		.byte	0x50
 1188 0031 9F       		.byte	0x9f
 1189 0032 1E000000 		.4byte	.LVL17
 1190 0036 20000000 		.4byte	.LVL18
 1191 003a 0100     		.2byte	0x1
 1192 003c 50       		.byte	0x50
 1193 003d 20000000 		.4byte	.LVL18
 1194 0041 28000000 		.4byte	.LFE119
 1195 0045 0400     		.2byte	0x4
ARM GAS  /tmp/ccXLvB58.s 			page 22


 1196 0047 F3       		.byte	0xf3
 1197 0048 01       		.uleb128 0x1
 1198 0049 50       		.byte	0x50
 1199 004a 9F       		.byte	0x9f
 1200 004b 00000000 		.4byte	0
 1201 004f 00000000 		.4byte	0
 1202              	.LLST1:
 1203 0053 00000000 		.4byte	.LVL19
 1204 0057 06000000 		.4byte	.LVL21
 1205 005b 0100     		.2byte	0x1
 1206 005d 50       		.byte	0x50
 1207 005e 06000000 		.4byte	.LVL21
 1208 0062 38000000 		.4byte	.LFE120
 1209 0066 0400     		.2byte	0x4
 1210 0068 F3       		.byte	0xf3
 1211 0069 01       		.uleb128 0x1
 1212 006a 50       		.byte	0x50
 1213 006b 9F       		.byte	0x9f
 1214 006c 00000000 		.4byte	0
 1215 0070 00000000 		.4byte	0
 1216              	.LLST2:
 1217 0074 0A000000 		.4byte	.LVL22
 1218 0078 12000000 		.4byte	.LVL23
 1219 007c 0100     		.2byte	0x1
 1220 007e 53       		.byte	0x53
 1221 007f 18000000 		.4byte	.LVL24
 1222 0083 1E000000 		.4byte	.LVL25
 1223 0087 0100     		.2byte	0x1
 1224 0089 53       		.byte	0x53
 1225 008a 26000000 		.4byte	.LVL26
 1226 008e 2C000000 		.4byte	.LVL27
 1227 0092 0100     		.2byte	0x1
 1228 0094 53       		.byte	0x53
 1229 0095 00000000 		.4byte	0
 1230 0099 00000000 		.4byte	0
 1231              		.section	.debug_aranges,"",%progbits
 1232 0000 2C000000 		.4byte	0x2c
 1233 0004 0200     		.2byte	0x2
 1234 0006 00000000 		.4byte	.Ldebug_info0
 1235 000a 04       		.byte	0x4
 1236 000b 00       		.byte	0
 1237 000c 0000     		.2byte	0
 1238 000e 0000     		.2byte	0
 1239 0010 00000000 		.4byte	.LFB118
 1240 0014 3C000000 		.4byte	.LFE118-.LFB118
 1241 0018 00000000 		.4byte	.LFB119
 1242 001c 28000000 		.4byte	.LFE119-.LFB119
 1243 0020 00000000 		.4byte	.LFB120
 1244 0024 38000000 		.4byte	.LFE120-.LFB120
 1245 0028 00000000 		.4byte	0
 1246 002c 00000000 		.4byte	0
 1247              		.section	.debug_ranges,"",%progbits
 1248              	.Ldebug_ranges0:
 1249 0000 06000000 		.4byte	.LBB4
 1250 0004 12000000 		.4byte	.LBE4
 1251 0008 26000000 		.4byte	.LBB7
 1252 000c 2C000000 		.4byte	.LBE7
ARM GAS  /tmp/ccXLvB58.s 			page 23


 1253 0010 00000000 		.4byte	0
 1254 0014 00000000 		.4byte	0
 1255 0018 00000000 		.4byte	.LFB118
 1256 001c 3C000000 		.4byte	.LFE118
 1257 0020 00000000 		.4byte	.LFB119
 1258 0024 28000000 		.4byte	.LFE119
 1259 0028 00000000 		.4byte	.LFB120
 1260 002c 38000000 		.4byte	.LFE120
 1261 0030 00000000 		.4byte	0
 1262 0034 00000000 		.4byte	0
 1263              		.section	.debug_line,"",%progbits
 1264              	.Ldebug_line0:
 1265 0000 CD020000 		.section	.debug_str,"MS",%progbits,1
 1265      02005802 
 1265      00000201 
 1265      FB0E0D00 
 1265      01010101 
 1266              	.LASF64:
 1267 0000 7469636B 		.ascii	"ticks\000"
 1267      7300
 1268              	.LASF52:
 1269 0006 69326349 		.ascii	"i2cInit\000"
 1269      6E697400 
 1270              	.LASF65:
 1271 000e 5F70616C 		.ascii	"_pal_lld_init\000"
 1271      5F6C6C64 
 1271      5F696E69 
 1271      7400
 1272              	.LASF48:
 1273 001c 70616C5F 		.ascii	"pal_default_config\000"
 1273      64656661 
 1273      756C745F 
 1273      636F6E66 
 1273      696700
 1274              	.LASF3:
 1275 002f 73686F72 		.ascii	"short int\000"
 1275      7420696E 
 1275      7400
 1276              	.LASF14:
 1277 0039 73697A65 		.ascii	"sizetype\000"
 1277      74797065 
 1277      00
 1278              	.LASF22:
 1279 0042 50435352 		.ascii	"PCSR\000"
 1279      00
 1280              	.LASF38:
 1281 0047 50464461 		.ascii	"PFData\000"
 1281      746100
 1282              	.LASF41:
 1283 004e 50494461 		.ascii	"PIData\000"
 1283      746100
 1284              	.LASF21:
 1285 0055 464F4C44 		.ascii	"FOLDCNT\000"
 1285      434E5400 
 1286              	.LASF56:
 1287 005d 75736249 		.ascii	"usbInit\000"
 1287      6E697400 
ARM GAS  /tmp/ccXLvB58.s 			page 24


 1288              	.LASF55:
 1289 0065 73706949 		.ascii	"spiInit\000"
 1289      6E697400 
 1290              	.LASF61:
 1291 006d 2E2E2F41 		.ascii	"../AithonLibrary/ChibiOS/os/hal/src/hal.c\000"
 1291      6974686F 
 1291      6E4C6962 
 1291      72617279 
 1291      2F436869 
 1292              	.LASF54:
 1293 0097 7364496E 		.ascii	"sdInit\000"
 1293      697400
 1294              	.LASF13:
 1295 009e 494F5245 		.ascii	"IOREG32\000"
 1295      47333200 
 1296              	.LASF33:
 1297 00a6 50414461 		.ascii	"PAData\000"
 1297      746100
 1298              	.LASF9:
 1299 00ad 6C6F6E67 		.ascii	"long long int\000"
 1299      206C6F6E 
 1299      6720696E 
 1299      7400
 1300              	.LASF44:
 1301 00bb 68616C49 		.ascii	"halInit\000"
 1301      6E697400 
 1302              	.LASF16:
 1303 00c3 43594343 		.ascii	"CYCCNT\000"
 1303      4E5400
 1304              	.LASF28:
 1305 00ca 6F737065 		.ascii	"ospeedr\000"
 1305      65647200 
 1306              	.LASF5:
 1307 00d2 6C6F6E67 		.ascii	"long int\000"
 1307      20696E74 
 1307      00
 1308              	.LASF53:
 1309 00db 70776D49 		.ascii	"pwmInit\000"
 1309      6E697400 
 1310              	.LASF36:
 1311 00e3 50444461 		.ascii	"PDData\000"
 1311      746100
 1312              	.LASF45:
 1313 00ea 68616C50 		.ascii	"halPolledDelay\000"
 1313      6F6C6C65 
 1313      6444656C 
 1313      617900
 1314              	.LASF59:
 1315 00f9 626F6172 		.ascii	"boardInit\000"
 1315      64496E69 
 1315      7400
 1316              	.LASF62:
 1317 0103 2F686F6D 		.ascii	"/home/brian/aithon/ProjectTemplate\000"
 1317      652F6272 
 1317      69616E2F 
 1317      61697468 
 1317      6F6E2F50 
ARM GAS  /tmp/ccXLvB58.s 			page 25


 1318              	.LASF39:
 1319 0126 50474461 		.ascii	"PGData\000"
 1319      746100
 1320              	.LASF35:
 1321 012d 50434461 		.ascii	"PCData\000"
 1321      746100
 1322              	.LASF2:
 1323 0134 756E7369 		.ascii	"unsigned char\000"
 1323      676E6564 
 1323      20636861 
 1323      7200
 1324              	.LASF15:
 1325 0142 4354524C 		.ascii	"CTRL\000"
 1325      00
 1326              	.LASF1:
 1327 0147 7369676E 		.ascii	"signed char\000"
 1327      65642063 
 1327      68617200 
 1328              	.LASF10:
 1329 0153 6C6F6E67 		.ascii	"long long unsigned int\000"
 1329      206C6F6E 
 1329      6720756E 
 1329      7369676E 
 1329      65642069 
 1330              	.LASF7:
 1331 016a 75696E74 		.ascii	"uint32_t\000"
 1331      33325F74 
 1331      00
 1332              	.LASF27:
 1333 0173 6F747970 		.ascii	"otyper\000"
 1333      657200
 1334              	.LASF32:
 1335 017a 73746D33 		.ascii	"stm32_gpio_setup_t\000"
 1335      325F6770 
 1335      696F5F73 
 1335      65747570 
 1335      5F7400
 1336              	.LASF49:
 1337 018d 68616C5F 		.ascii	"hal_lld_init\000"
 1337      6C6C645F 
 1337      696E6974 
 1337      00
 1338              	.LASF43:
 1339 019a 73746172 		.ascii	"start\000"
 1339      7400
 1340              	.LASF4:
 1341 01a0 73686F72 		.ascii	"short unsigned int\000"
 1341      7420756E 
 1341      7369676E 
 1341      65642069 
 1341      6E7400
 1342              	.LASF24:
 1343 01b3 63686172 		.ascii	"char\000"
 1343      00
 1344              	.LASF60:
 1345 01b8 474E5520 		.ascii	"GNU C 4.8.3 20131129 (release) [ARM/embedded-4_8-br"
 1345      4320342E 
ARM GAS  /tmp/ccXLvB58.s 			page 26


 1345      382E3320 
 1345      32303133 
 1345      31313239 
 1346 01eb 616E6368 		.ascii	"anch revision 205641] -mcpu=cortex-m4 -mfloat-abi=s"
 1346      20726576 
 1346      6973696F 
 1346      6E203230 
 1346      35363431 
 1347 021e 6F667466 		.ascii	"oftfp -mfpu=fpv4-sp-d16 -mno-thumb-interwork -mthum"
 1347      70202D6D 
 1347      6670753D 
 1347      66707634 
 1347      2D73702D 
 1348 0251 62202D67 		.ascii	"b -ggdb -O2 -fomit-frame-pointer -falign-functions="
 1348      67646220 
 1348      2D4F3220 
 1348      2D666F6D 
 1348      69742D66 
 1349 0284 3136202D 		.ascii	"16 -fsingle-precision-constant -ffunction-sections "
 1349      6673696E 
 1349      676C652D 
 1349      70726563 
 1349      6973696F 
 1350 02b7 2D666461 		.ascii	"-fdata-sections -fno-common\000"
 1350      74612D73 
 1350      65637469 
 1350      6F6E7320 
 1350      2D666E6F 
 1351              	.LASF6:
 1352 02d3 696E7433 		.ascii	"int32_t\000"
 1352      325F7400 
 1353              	.LASF11:
 1354 02db 626F6F6C 		.ascii	"bool_t\000"
 1354      5F7400
 1355              	.LASF42:
 1356 02e2 50414C43 		.ascii	"PALConfig\000"
 1356      6F6E6669 
 1356      6700
 1357              	.LASF34:
 1358 02ec 50424461 		.ascii	"PBData\000"
 1358      746100
 1359              	.LASF12:
 1360 02f3 5F426F6F 		.ascii	"_Bool\000"
 1360      6C00
 1361              	.LASF23:
 1362 02f9 434D785F 		.ascii	"CMx_DWT\000"
 1362      44575400 
 1363              	.LASF37:
 1364 0301 50454461 		.ascii	"PEData\000"
 1364      746100
 1365              	.LASF17:
 1366 0308 43504943 		.ascii	"CPICNT\000"
 1366      4E5400
 1367              	.LASF8:
 1368 030f 6C6F6E67 		.ascii	"long unsigned int\000"
 1368      20756E73 
 1368      69676E65 
ARM GAS  /tmp/ccXLvB58.s 			page 27


 1368      6420696E 
 1368      7400
 1369              	.LASF40:
 1370 0321 50484461 		.ascii	"PHData\000"
 1370      746100
 1371              	.LASF25:
 1372 0328 68616C72 		.ascii	"halrtcnt_t\000"
 1372      74636E74 
 1372      5F7400
 1373              	.LASF19:
 1374 0333 534C4545 		.ascii	"SLEEPCNT\000"
 1374      50434E54 
 1374      00
 1375              	.LASF57:
 1376 033c 6D6D6349 		.ascii	"mmcInit\000"
 1376      6E697400 
 1377              	.LASF29:
 1378 0344 70757064 		.ascii	"pupdr\000"
 1378      7200
 1379              	.LASF20:
 1380 034a 4C535543 		.ascii	"LSUCNT\000"
 1380      4E5400
 1381              	.LASF31:
 1382 0351 61667268 		.ascii	"afrh\000"
 1382      00
 1383              	.LASF51:
 1384 0356 61646349 		.ascii	"adcInit\000"
 1384      6E697400 
 1385              	.LASF30:
 1386 035e 6166726C 		.ascii	"afrl\000"
 1386      00
 1387              	.LASF26:
 1388 0363 6D6F6465 		.ascii	"moder\000"
 1388      7200
 1389              	.LASF47:
 1390 0369 49544D5F 		.ascii	"ITM_RxBuffer\000"
 1390      52784275 
 1390      66666572 
 1390      00
 1391              	.LASF50:
 1392 0376 746D496E 		.ascii	"tmInit\000"
 1392      697400
 1393              	.LASF0:
 1394 037d 756E7369 		.ascii	"unsigned int\000"
 1394      676E6564 
 1394      20696E74 
 1394      00
 1395              	.LASF58:
 1396 038a 73647549 		.ascii	"sduInit\000"
 1396      6E697400 
 1397              	.LASF63:
 1398 0392 68616C49 		.ascii	"halIsCounterWithin\000"
 1398      73436F75 
 1398      6E746572 
 1398      57697468 
 1398      696E00
 1399              	.LASF18:
ARM GAS  /tmp/ccXLvB58.s 			page 28


 1400 03a5 45584343 		.ascii	"EXCCNT\000"
 1400      4E5400
 1401              	.LASF46:
 1402 03ac 74696D65 		.ascii	"timeout\000"
 1402      6F757400 
 1403              		.ident	"GCC: (GNU Tools for ARM Embedded Processors) 4.8.3 20131129 (release) [ARM/embedded-4_8-br
ARM GAS  /tmp/ccXLvB58.s 			page 29


DEFINED SYMBOLS
                            *ABS*:0000000000000000 hal.c
     /tmp/ccXLvB58.s:20     .text.halInit:0000000000000000 $t
     /tmp/ccXLvB58.s:26     .text.halInit:0000000000000000 halInit
     /tmp/ccXLvB58.s:79     .text.halInit:0000000000000038 $d
     /tmp/ccXLvB58.s:84     .text.halIsCounterWithin:0000000000000000 $t
     /tmp/ccXLvB58.s:90     .text.halIsCounterWithin:0000000000000000 halIsCounterWithin
     /tmp/ccXLvB58.s:134    .text.halIsCounterWithin:0000000000000024 $d
     /tmp/ccXLvB58.s:139    .text.halPolledDelay:0000000000000000 $t
     /tmp/ccXLvB58.s:145    .text.halPolledDelay:0000000000000000 halPolledDelay
     /tmp/ccXLvB58.s:212    .text.halPolledDelay:0000000000000034 $d
                     .debug_frame:0000000000000010 $d
     /tmp/ccXLvB58.s:83     .text.halInit:000000000000003c $t
     /tmp/ccXLvB58.s:138    .text.halIsCounterWithin:0000000000000028 $t
     /tmp/ccXLvB58.s:216    .text.halPolledDelay:0000000000000038 $t

UNDEFINED SYMBOLS
hal_lld_init
tmInit
_pal_lld_init
adcInit
i2cInit
pwmInit
sdInit
spiInit
usbInit
mmcInit
sduInit
boardInit
pal_default_config
