ARM GAS  /tmp/ccZk8ZUd.s 			page 1


   1              		.syntax unified
   2              		.cpu cortex-m4
   3              		.eabi_attribute 27, 3
   4              		.fpu fpv4-sp-d16
   5              		.eabi_attribute 20, 1
   6              		.eabi_attribute 21, 1
   7              		.eabi_attribute 23, 3
   8              		.eabi_attribute 24, 1
   9              		.eabi_attribute 25, 1
  10              		.eabi_attribute 26, 1
  11              		.eabi_attribute 30, 2
  12              		.eabi_attribute 34, 1
  13              		.eabi_attribute 18, 4
  14              		.thumb
  15              		.file	"mmcsd.c"
  16              		.text
  17              	.Ltext0:
  18              		.cfi_sections	.debug_frame
  19              		.section	.text.mmcsdGetCapacity,"ax",%progbits
  20              		.align	2
  21              		.p2align 4,,15
  22              		.global	mmcsdGetCapacity
  23              		.thumb
  24              		.thumb_func
  25              		.type	mmcsdGetCapacity, %function
  26              	mmcsdGetCapacity:
  27              	.LFB119:
  28              		.file 1 "../AithonLibrary/ChibiOS/os/hal/src/mmcsd.c"
  29              		.loc 1 100 0
  30              		.cfi_startproc
  31              		@ args = 0, pretend = 0, frame = 0
  32              		@ frame_needed = 0, uses_anonymous_args = 0
  33              		@ link register save eliminated.
  34              	.LVL0:
  35              		.loc 1 102 0
  36 0000 C368     		ldr	r3, [r0, #12]
  37 0002 9B0F     		lsrs	r3, r3, #30
  38 0004 0CD0     		beq	.L3
  39 0006 012B     		cmp	r3, #1
  40 0008 08D1     		bne	.L8
  41              	.LVL1:
  42              	.LBB11:
  43              	.LBB12:
  44              	.LBB13:
  45              		.loc 1 83 0
  46 000a 8268     		ldr	r2, [r0, #8]
  47              		.loc 1 82 0
  48 000c C388     		ldrh	r3, [r0, #6]
  49              		.loc 1 83 0
  50 000e 02F03F00 		and	r0, r2, #63
  51              	.LVL2:
  52              		.loc 1 82 0
  53 0012 43EA0040 		orr	r0, r3, r0, lsl #16
  54              	.LBE13:
  55              	.LBE12:
  56              		.loc 1 112 0
  57 0016 0130     		adds	r0, r0, #1
ARM GAS  /tmp/ccZk8ZUd.s 			page 2


  58 0018 8002     		lsls	r0, r0, #10
  59 001a 7047     		bx	lr
  60              	.LVL3:
  61              	.L8:
  62              		.loc 1 115 0
  63 001c 0020     		movs	r0, #0
  64              	.LVL4:
  65              	.LBE11:
  66              		.loc 1 117 0
  67 001e 7047     		bx	lr
  68              	.LVL5:
  69              	.L3:
  70              	.LBB20:
  71              	.LBB14:
  72              	.LBB15:
  73              		.loc 1 82 0
  74 0020 4268     		ldr	r2, [r0, #4]
  75              		.loc 1 83 0
  76 0022 8368     		ldr	r3, [r0, #8]
  77              	.LVL6:
  78              		.loc 1 82 0
  79 0024 910F     		lsrs	r1, r2, #30
  80              		.loc 1 83 0
  81 0026 C3F30900 		ubfx	r0, r3, #0, #10
  82              	.LVL7:
  83              		.loc 1 82 0
  84 002a 41EA8000 		orr	r0, r1, r0, lsl #2
  85              	.LBE15:
  86              	.LBE14:
  87              	.LBB16:
  88              	.LBB17:
  89              		.loc 1 84 0
  90 002e C2F3C232 		ubfx	r2, r2, #15, #3
  91              	.LBE17:
  92              	.LBE16:
  93              		.loc 1 109 0
  94 0032 0232     		adds	r2, r2, #2
  95              	.LBB18:
  96              	.LBB19:
  97              		.loc 1 84 0
  98 0034 C3F30343 		ubfx	r3, r3, #16, #4
  99              	.LBE19:
 100              	.LBE18:
 101              		.loc 1 109 0
 102 0038 0130     		adds	r0, r0, #1
 103 003a 093B     		subs	r3, r3, #9
 104 003c 9040     		lsls	r0, r0, r2
 105 003e 9840     		lsls	r0, r0, r3
 106 0040 7047     		bx	lr
 107              	.LBE20:
 108              		.cfi_endproc
 109              	.LFE119:
 110              		.size	mmcsdGetCapacity, .-mmcsdGetCapacity
 111 0042 00BFAFF3 		.text
 111      0080AFF3 
 111      0080AFF3 
 111      0080
ARM GAS  /tmp/ccZk8ZUd.s 			page 3


 112              	.Letext0:
 113              		.file 2 "/usr/arm-none-eabi/include/stdint.h"
 114              		.file 3 "../AithonLibrary/ChibiOS/os/ports/common/ARMCMx/CMSIS/include/core_cm4.h"
 115              		.section	.debug_info,"",%progbits
 116              	.Ldebug_info0:
 117 0000 93020000 		.4byte	0x293
 118 0004 0400     		.2byte	0x4
 119 0006 00000000 		.4byte	.Ldebug_abbrev0
 120 000a 04       		.byte	0x4
 121 000b 01       		.uleb128 0x1
 122 000c 9F000000 		.4byte	.LASF20
 123 0010 01       		.byte	0x1
 124 0011 07020000 		.4byte	.LASF21
 125 0015 74000000 		.4byte	.LASF22
 126 0019 18000000 		.4byte	.Ldebug_ranges0+0x18
 127 001d 00000000 		.4byte	0
 128 0021 00000000 		.4byte	.Ldebug_line0
 129 0025 02       		.uleb128 0x2
 130 0026 04       		.byte	0x4
 131 0027 05       		.byte	0x5
 132 0028 696E7400 		.ascii	"int\000"
 133 002c 03       		.uleb128 0x3
 134 002d 04       		.byte	0x4
 135 002e 07       		.byte	0x7
 136 002f BA010000 		.4byte	.LASF0
 137 0033 03       		.uleb128 0x3
 138 0034 01       		.byte	0x1
 139 0035 06       		.byte	0x6
 140 0036 44020000 		.4byte	.LASF1
 141 003a 03       		.uleb128 0x3
 142 003b 01       		.byte	0x1
 143 003c 08       		.byte	0x8
 144 003d 34000000 		.4byte	.LASF2
 145 0041 03       		.uleb128 0x3
 146 0042 02       		.byte	0x2
 147 0043 05       		.byte	0x5
 148 0044 EB010000 		.4byte	.LASF3
 149 0048 03       		.uleb128 0x3
 150 0049 02       		.byte	0x2
 151 004a 07       		.byte	0x7
 152 004b 54000000 		.4byte	.LASF4
 153 004f 04       		.uleb128 0x4
 154 0050 CC010000 		.4byte	.LASF6
 155 0054 02       		.byte	0x2
 156 0055 4F       		.byte	0x4f
 157 0056 5A000000 		.4byte	0x5a
 158 005a 03       		.uleb128 0x3
 159 005b 04       		.byte	0x4
 160 005c 05       		.byte	0x5
 161 005d FE010000 		.4byte	.LASF5
 162 0061 04       		.uleb128 0x4
 163 0062 F5010000 		.4byte	.LASF7
 164 0066 02       		.byte	0x2
 165 0067 50       		.byte	0x50
 166 0068 6C000000 		.4byte	0x6c
 167 006c 03       		.uleb128 0x3
 168 006d 04       		.byte	0x4
ARM GAS  /tmp/ccZk8ZUd.s 			page 4


 169 006e 07       		.byte	0x7
 170 006f 42000000 		.4byte	.LASF8
 171 0073 03       		.uleb128 0x3
 172 0074 08       		.byte	0x8
 173 0075 05       		.byte	0x5
 174 0076 DD010000 		.4byte	.LASF9
 175 007a 03       		.uleb128 0x3
 176 007b 08       		.byte	0x8
 177 007c 07       		.byte	0x7
 178 007d 56020000 		.4byte	.LASF10
 179 0081 03       		.uleb128 0x3
 180 0082 01       		.byte	0x1
 181 0083 02       		.byte	0x2
 182 0084 50020000 		.4byte	.LASF11
 183 0088 03       		.uleb128 0x3
 184 0089 04       		.byte	0x4
 185 008a 07       		.byte	0x7
 186 008b D4010000 		.4byte	.LASF12
 187 008f 03       		.uleb128 0x3
 188 0090 01       		.byte	0x1
 189 0091 08       		.byte	0x8
 190 0092 C7010000 		.4byte	.LASF13
 191 0096 05       		.uleb128 0x5
 192 0097 4F000000 		.4byte	0x4f
 193 009b 06       		.uleb128 0x6
 194 009c 1F000000 		.4byte	.LASF23
 195 00a0 01       		.byte	0x1
 196 00a1 45       		.byte	0x45
 197 00a2 61000000 		.4byte	0x61
 198 00a6 01       		.byte	0x1
 199 00a7 F9000000 		.4byte	0xf9
 200 00ab 07       		.uleb128 0x7
 201 00ac 2F000000 		.4byte	.LASF14
 202 00b0 01       		.byte	0x1
 203 00b1 45       		.byte	0x45
 204 00b2 F9000000 		.4byte	0xf9
 205 00b6 08       		.uleb128 0x8
 206 00b7 656E6400 		.ascii	"end\000"
 207 00bb 01       		.byte	0x1
 208 00bc 45       		.byte	0x45
 209 00bd 61000000 		.4byte	0x61
 210 00c1 07       		.uleb128 0x7
 211 00c2 00000000 		.4byte	.LASF15
 212 00c6 01       		.byte	0x1
 213 00c7 45       		.byte	0x45
 214 00c8 61000000 		.4byte	0x61
 215 00cc 09       		.uleb128 0x9
 216 00cd 16000000 		.4byte	.LASF16
 217 00d1 01       		.byte	0x1
 218 00d2 46       		.byte	0x46
 219 00d3 2C000000 		.4byte	0x2c
 220 00d7 09       		.uleb128 0x9
 221 00d8 06000000 		.4byte	.LASF17
 222 00dc 01       		.byte	0x1
 223 00dd 46       		.byte	0x46
 224 00de 2C000000 		.4byte	0x2c
 225 00e2 09       		.uleb128 0x9
ARM GAS  /tmp/ccZk8ZUd.s 			page 5


 226 00e3 0D000000 		.4byte	.LASF18
 227 00e7 01       		.byte	0x1
 228 00e8 46       		.byte	0x46
 229 00e9 2C000000 		.4byte	0x2c
 230 00ed 09       		.uleb128 0x9
 231 00ee 97000000 		.4byte	.LASF19
 232 00f2 01       		.byte	0x1
 233 00f3 47       		.byte	0x47
 234 00f4 61000000 		.4byte	0x61
 235 00f8 00       		.byte	0
 236 00f9 0A       		.uleb128 0xa
 237 00fa 04       		.byte	0x4
 238 00fb 61000000 		.4byte	0x61
 239 00ff 0B       		.uleb128 0xb
 240 0100 33020000 		.4byte	.LASF24
 241 0104 01       		.byte	0x1
 242 0105 64       		.byte	0x64
 243 0106 61000000 		.4byte	0x61
 244 010a 00000000 		.4byte	.LFB119
 245 010e 42000000 		.4byte	.LFE119-.LFB119
 246 0112 01       		.uleb128 0x1
 247 0113 9C       		.byte	0x9c
 248 0114 8A020000 		.4byte	0x28a
 249 0118 0C       		.uleb128 0xc
 250 0119 63736400 		.ascii	"csd\000"
 251 011d 01       		.byte	0x1
 252 011e 64       		.byte	0x64
 253 011f F9000000 		.4byte	0xf9
 254 0123 00000000 		.4byte	.LLST0
 255 0127 0D       		.uleb128 0xd
 256 0128 00000000 		.4byte	.Ldebug_ranges0+0
 257 012c 0E       		.uleb128 0xe
 258 012d 6100     		.ascii	"a\000"
 259 012f 01       		.byte	0x1
 260 0130 67       		.byte	0x67
 261 0131 61000000 		.4byte	0x61
 262 0135 0E       		.uleb128 0xe
 263 0136 6200     		.ascii	"b\000"
 264 0138 01       		.byte	0x1
 265 0139 67       		.byte	0x67
 266 013a 61000000 		.4byte	0x61
 267 013e 0E       		.uleb128 0xe
 268 013f 6300     		.ascii	"c\000"
 269 0141 01       		.byte	0x1
 270 0142 67       		.byte	0x67
 271 0143 61000000 		.4byte	0x61
 272 0147 0F       		.uleb128 0xf
 273 0148 9B000000 		.4byte	0x9b
 274 014c 0A000000 		.4byte	.LBB12
 275 0150 0C000000 		.4byte	.LBE12-.LBB12
 276 0154 01       		.byte	0x1
 277 0155 70       		.byte	0x70
 278 0156 A4010000 		.4byte	0x1a4
 279 015a 10       		.uleb128 0x10
 280 015b C1000000 		.4byte	0xc1
 281 015f 53000000 		.4byte	.LLST1
 282 0163 10       		.uleb128 0x10
ARM GAS  /tmp/ccZk8ZUd.s 			page 6


 283 0164 B6000000 		.4byte	0xb6
 284 0168 68000000 		.4byte	.LLST2
 285 016c 10       		.uleb128 0x10
 286 016d AB000000 		.4byte	0xab
 287 0171 7D000000 		.4byte	.LLST3
 288 0175 11       		.uleb128 0x11
 289 0176 0A000000 		.4byte	.LBB13
 290 017a 0C000000 		.4byte	.LBE13-.LBB13
 291 017e 12       		.uleb128 0x12
 292 017f CC000000 		.4byte	0xcc
 293 0183 9E000000 		.4byte	.LLST4
 294 0187 12       		.uleb128 0x12
 295 0188 D7000000 		.4byte	0xd7
 296 018c B2000000 		.4byte	.LLST5
 297 0190 12       		.uleb128 0x12
 298 0191 E2000000 		.4byte	0xe2
 299 0195 C6000000 		.4byte	.LLST6
 300 0199 12       		.uleb128 0x12
 301 019a ED000000 		.4byte	0xed
 302 019e DA000000 		.4byte	.LLST7
 303 01a2 00       		.byte	0
 304 01a3 00       		.byte	0
 305 01a4 0F       		.uleb128 0xf
 306 01a5 9B000000 		.4byte	0x9b
 307 01a9 20000000 		.4byte	.LBB14
 308 01ad 0E000000 		.4byte	.LBE14-.LBB14
 309 01b1 01       		.byte	0x1
 310 01b2 6A       		.byte	0x6a
 311 01b3 F0010000 		.4byte	0x1f0
 312 01b7 13       		.uleb128 0x13
 313 01b8 C1000000 		.4byte	0xc1
 314 01bc 3E       		.byte	0x3e
 315 01bd 13       		.uleb128 0x13
 316 01be B6000000 		.4byte	0xb6
 317 01c2 49       		.byte	0x49
 318 01c3 10       		.uleb128 0x10
 319 01c4 AB000000 		.4byte	0xab
 320 01c8 EF000000 		.4byte	.LLST8
 321 01cc 11       		.uleb128 0x11
 322 01cd 20000000 		.4byte	.LBB15
 323 01d1 0E000000 		.4byte	.LBE15-.LBB15
 324 01d5 14       		.uleb128 0x14
 325 01d6 CC000000 		.4byte	0xcc
 326 01da 01       		.byte	0x1
 327 01db 14       		.uleb128 0x14
 328 01dc D7000000 		.4byte	0xd7
 329 01e0 02       		.byte	0x2
 330 01e1 14       		.uleb128 0x14
 331 01e2 E2000000 		.4byte	0xe2
 332 01e6 1E       		.byte	0x1e
 333 01e7 15       		.uleb128 0x15
 334 01e8 ED000000 		.4byte	0xed
 335 01ec FF03     		.2byte	0x3ff
 336 01ee 00       		.byte	0
 337 01ef 00       		.byte	0
 338 01f0 0F       		.uleb128 0xf
 339 01f1 9B000000 		.4byte	0x9b
ARM GAS  /tmp/ccZk8ZUd.s 			page 7


 340 01f5 2E000000 		.4byte	.LBB16
 341 01f9 04000000 		.4byte	.LBE16-.LBB16
 342 01fd 01       		.byte	0x1
 343 01fe 6B       		.byte	0x6b
 344 01ff 3E020000 		.4byte	0x23e
 345 0203 13       		.uleb128 0x13
 346 0204 C1000000 		.4byte	0xc1
 347 0208 2F       		.byte	0x2f
 348 0209 13       		.uleb128 0x13
 349 020a B6000000 		.4byte	0xb6
 350 020e 31       		.byte	0x31
 351 020f 10       		.uleb128 0x10
 352 0210 AB000000 		.4byte	0xab
 353 0214 10010000 		.4byte	.LLST9
 354 0218 11       		.uleb128 0x11
 355 0219 2E000000 		.4byte	.LBB17
 356 021d 04000000 		.4byte	.LBE17-.LBB17
 357 0221 14       		.uleb128 0x14
 358 0222 CC000000 		.4byte	0xcc
 359 0226 01       		.byte	0x1
 360 0227 14       		.uleb128 0x14
 361 0228 D7000000 		.4byte	0xd7
 362 022c 01       		.byte	0x1
 363 022d 14       		.uleb128 0x14
 364 022e E2000000 		.4byte	0xe2
 365 0232 0F       		.byte	0xf
 366 0233 16       		.uleb128 0x16
 367 0234 ED000000 		.4byte	0xed
 368 0238 FFFF0300 		.4byte	0x3ffff
 369 023c 00       		.byte	0
 370 023d 00       		.byte	0
 371 023e 17       		.uleb128 0x17
 372 023f 9B000000 		.4byte	0x9b
 373 0243 34000000 		.4byte	.LBB18
 374 0247 04000000 		.4byte	.LBE18-.LBB18
 375 024b 01       		.byte	0x1
 376 024c 6C       		.byte	0x6c
 377 024d 13       		.uleb128 0x13
 378 024e C1000000 		.4byte	0xc1
 379 0252 50       		.byte	0x50
 380 0253 13       		.uleb128 0x13
 381 0254 B6000000 		.4byte	0xb6
 382 0258 53       		.byte	0x53
 383 0259 10       		.uleb128 0x10
 384 025a AB000000 		.4byte	0xab
 385 025e 10010000 		.4byte	.LLST9
 386 0262 11       		.uleb128 0x11
 387 0263 34000000 		.4byte	.LBB19
 388 0267 04000000 		.4byte	.LBE19-.LBB19
 389 026b 14       		.uleb128 0x14
 390 026c CC000000 		.4byte	0xcc
 391 0270 02       		.byte	0x2
 392 0271 14       		.uleb128 0x14
 393 0272 D7000000 		.4byte	0xd7
 394 0276 02       		.byte	0x2
 395 0277 14       		.uleb128 0x14
 396 0278 E2000000 		.4byte	0xe2
ARM GAS  /tmp/ccZk8ZUd.s 			page 8


 397 027c 10       		.byte	0x10
 398 027d 16       		.uleb128 0x16
 399 027e ED000000 		.4byte	0xed
 400 0282 FFFF0F00 		.4byte	0xfffff
 401 0286 00       		.byte	0
 402 0287 00       		.byte	0
 403 0288 00       		.byte	0
 404 0289 00       		.byte	0
 405 028a 18       		.uleb128 0x18
 406 028b 67000000 		.4byte	.LASF25
 407 028f 03       		.byte	0x3
 408 0290 9806     		.2byte	0x698
 409 0292 96000000 		.4byte	0x96
 410 0296 00       		.byte	0
 411              		.section	.debug_abbrev,"",%progbits
 412              	.Ldebug_abbrev0:
 413 0000 01       		.uleb128 0x1
 414 0001 11       		.uleb128 0x11
 415 0002 01       		.byte	0x1
 416 0003 25       		.uleb128 0x25
 417 0004 0E       		.uleb128 0xe
 418 0005 13       		.uleb128 0x13
 419 0006 0B       		.uleb128 0xb
 420 0007 03       		.uleb128 0x3
 421 0008 0E       		.uleb128 0xe
 422 0009 1B       		.uleb128 0x1b
 423 000a 0E       		.uleb128 0xe
 424 000b 55       		.uleb128 0x55
 425 000c 17       		.uleb128 0x17
 426 000d 11       		.uleb128 0x11
 427 000e 01       		.uleb128 0x1
 428 000f 10       		.uleb128 0x10
 429 0010 17       		.uleb128 0x17
 430 0011 00       		.byte	0
 431 0012 00       		.byte	0
 432 0013 02       		.uleb128 0x2
 433 0014 24       		.uleb128 0x24
 434 0015 00       		.byte	0
 435 0016 0B       		.uleb128 0xb
 436 0017 0B       		.uleb128 0xb
 437 0018 3E       		.uleb128 0x3e
 438 0019 0B       		.uleb128 0xb
 439 001a 03       		.uleb128 0x3
 440 001b 08       		.uleb128 0x8
 441 001c 00       		.byte	0
 442 001d 00       		.byte	0
 443 001e 03       		.uleb128 0x3
 444 001f 24       		.uleb128 0x24
 445 0020 00       		.byte	0
 446 0021 0B       		.uleb128 0xb
 447 0022 0B       		.uleb128 0xb
 448 0023 3E       		.uleb128 0x3e
 449 0024 0B       		.uleb128 0xb
 450 0025 03       		.uleb128 0x3
 451 0026 0E       		.uleb128 0xe
 452 0027 00       		.byte	0
 453 0028 00       		.byte	0
ARM GAS  /tmp/ccZk8ZUd.s 			page 9


 454 0029 04       		.uleb128 0x4
 455 002a 16       		.uleb128 0x16
 456 002b 00       		.byte	0
 457 002c 03       		.uleb128 0x3
 458 002d 0E       		.uleb128 0xe
 459 002e 3A       		.uleb128 0x3a
 460 002f 0B       		.uleb128 0xb
 461 0030 3B       		.uleb128 0x3b
 462 0031 0B       		.uleb128 0xb
 463 0032 49       		.uleb128 0x49
 464 0033 13       		.uleb128 0x13
 465 0034 00       		.byte	0
 466 0035 00       		.byte	0
 467 0036 05       		.uleb128 0x5
 468 0037 35       		.uleb128 0x35
 469 0038 00       		.byte	0
 470 0039 49       		.uleb128 0x49
 471 003a 13       		.uleb128 0x13
 472 003b 00       		.byte	0
 473 003c 00       		.byte	0
 474 003d 06       		.uleb128 0x6
 475 003e 2E       		.uleb128 0x2e
 476 003f 01       		.byte	0x1
 477 0040 03       		.uleb128 0x3
 478 0041 0E       		.uleb128 0xe
 479 0042 3A       		.uleb128 0x3a
 480 0043 0B       		.uleb128 0xb
 481 0044 3B       		.uleb128 0x3b
 482 0045 0B       		.uleb128 0xb
 483 0046 27       		.uleb128 0x27
 484 0047 19       		.uleb128 0x19
 485 0048 49       		.uleb128 0x49
 486 0049 13       		.uleb128 0x13
 487 004a 20       		.uleb128 0x20
 488 004b 0B       		.uleb128 0xb
 489 004c 01       		.uleb128 0x1
 490 004d 13       		.uleb128 0x13
 491 004e 00       		.byte	0
 492 004f 00       		.byte	0
 493 0050 07       		.uleb128 0x7
 494 0051 05       		.uleb128 0x5
 495 0052 00       		.byte	0
 496 0053 03       		.uleb128 0x3
 497 0054 0E       		.uleb128 0xe
 498 0055 3A       		.uleb128 0x3a
 499 0056 0B       		.uleb128 0xb
 500 0057 3B       		.uleb128 0x3b
 501 0058 0B       		.uleb128 0xb
 502 0059 49       		.uleb128 0x49
 503 005a 13       		.uleb128 0x13
 504 005b 00       		.byte	0
 505 005c 00       		.byte	0
 506 005d 08       		.uleb128 0x8
 507 005e 05       		.uleb128 0x5
 508 005f 00       		.byte	0
 509 0060 03       		.uleb128 0x3
 510 0061 08       		.uleb128 0x8
ARM GAS  /tmp/ccZk8ZUd.s 			page 10


 511 0062 3A       		.uleb128 0x3a
 512 0063 0B       		.uleb128 0xb
 513 0064 3B       		.uleb128 0x3b
 514 0065 0B       		.uleb128 0xb
 515 0066 49       		.uleb128 0x49
 516 0067 13       		.uleb128 0x13
 517 0068 00       		.byte	0
 518 0069 00       		.byte	0
 519 006a 09       		.uleb128 0x9
 520 006b 34       		.uleb128 0x34
 521 006c 00       		.byte	0
 522 006d 03       		.uleb128 0x3
 523 006e 0E       		.uleb128 0xe
 524 006f 3A       		.uleb128 0x3a
 525 0070 0B       		.uleb128 0xb
 526 0071 3B       		.uleb128 0x3b
 527 0072 0B       		.uleb128 0xb
 528 0073 49       		.uleb128 0x49
 529 0074 13       		.uleb128 0x13
 530 0075 00       		.byte	0
 531 0076 00       		.byte	0
 532 0077 0A       		.uleb128 0xa
 533 0078 0F       		.uleb128 0xf
 534 0079 00       		.byte	0
 535 007a 0B       		.uleb128 0xb
 536 007b 0B       		.uleb128 0xb
 537 007c 49       		.uleb128 0x49
 538 007d 13       		.uleb128 0x13
 539 007e 00       		.byte	0
 540 007f 00       		.byte	0
 541 0080 0B       		.uleb128 0xb
 542 0081 2E       		.uleb128 0x2e
 543 0082 01       		.byte	0x1
 544 0083 3F       		.uleb128 0x3f
 545 0084 19       		.uleb128 0x19
 546 0085 03       		.uleb128 0x3
 547 0086 0E       		.uleb128 0xe
 548 0087 3A       		.uleb128 0x3a
 549 0088 0B       		.uleb128 0xb
 550 0089 3B       		.uleb128 0x3b
 551 008a 0B       		.uleb128 0xb
 552 008b 27       		.uleb128 0x27
 553 008c 19       		.uleb128 0x19
 554 008d 49       		.uleb128 0x49
 555 008e 13       		.uleb128 0x13
 556 008f 11       		.uleb128 0x11
 557 0090 01       		.uleb128 0x1
 558 0091 12       		.uleb128 0x12
 559 0092 06       		.uleb128 0x6
 560 0093 40       		.uleb128 0x40
 561 0094 18       		.uleb128 0x18
 562 0095 9742     		.uleb128 0x2117
 563 0097 19       		.uleb128 0x19
 564 0098 01       		.uleb128 0x1
 565 0099 13       		.uleb128 0x13
 566 009a 00       		.byte	0
 567 009b 00       		.byte	0
ARM GAS  /tmp/ccZk8ZUd.s 			page 11


 568 009c 0C       		.uleb128 0xc
 569 009d 05       		.uleb128 0x5
 570 009e 00       		.byte	0
 571 009f 03       		.uleb128 0x3
 572 00a0 08       		.uleb128 0x8
 573 00a1 3A       		.uleb128 0x3a
 574 00a2 0B       		.uleb128 0xb
 575 00a3 3B       		.uleb128 0x3b
 576 00a4 0B       		.uleb128 0xb
 577 00a5 49       		.uleb128 0x49
 578 00a6 13       		.uleb128 0x13
 579 00a7 02       		.uleb128 0x2
 580 00a8 17       		.uleb128 0x17
 581 00a9 00       		.byte	0
 582 00aa 00       		.byte	0
 583 00ab 0D       		.uleb128 0xd
 584 00ac 0B       		.uleb128 0xb
 585 00ad 01       		.byte	0x1
 586 00ae 55       		.uleb128 0x55
 587 00af 17       		.uleb128 0x17
 588 00b0 00       		.byte	0
 589 00b1 00       		.byte	0
 590 00b2 0E       		.uleb128 0xe
 591 00b3 34       		.uleb128 0x34
 592 00b4 00       		.byte	0
 593 00b5 03       		.uleb128 0x3
 594 00b6 08       		.uleb128 0x8
 595 00b7 3A       		.uleb128 0x3a
 596 00b8 0B       		.uleb128 0xb
 597 00b9 3B       		.uleb128 0x3b
 598 00ba 0B       		.uleb128 0xb
 599 00bb 49       		.uleb128 0x49
 600 00bc 13       		.uleb128 0x13
 601 00bd 00       		.byte	0
 602 00be 00       		.byte	0
 603 00bf 0F       		.uleb128 0xf
 604 00c0 1D       		.uleb128 0x1d
 605 00c1 01       		.byte	0x1
 606 00c2 31       		.uleb128 0x31
 607 00c3 13       		.uleb128 0x13
 608 00c4 11       		.uleb128 0x11
 609 00c5 01       		.uleb128 0x1
 610 00c6 12       		.uleb128 0x12
 611 00c7 06       		.uleb128 0x6
 612 00c8 58       		.uleb128 0x58
 613 00c9 0B       		.uleb128 0xb
 614 00ca 59       		.uleb128 0x59
 615 00cb 0B       		.uleb128 0xb
 616 00cc 01       		.uleb128 0x1
 617 00cd 13       		.uleb128 0x13
 618 00ce 00       		.byte	0
 619 00cf 00       		.byte	0
 620 00d0 10       		.uleb128 0x10
 621 00d1 05       		.uleb128 0x5
 622 00d2 00       		.byte	0
 623 00d3 31       		.uleb128 0x31
 624 00d4 13       		.uleb128 0x13
ARM GAS  /tmp/ccZk8ZUd.s 			page 12


 625 00d5 02       		.uleb128 0x2
 626 00d6 17       		.uleb128 0x17
 627 00d7 00       		.byte	0
 628 00d8 00       		.byte	0
 629 00d9 11       		.uleb128 0x11
 630 00da 0B       		.uleb128 0xb
 631 00db 01       		.byte	0x1
 632 00dc 11       		.uleb128 0x11
 633 00dd 01       		.uleb128 0x1
 634 00de 12       		.uleb128 0x12
 635 00df 06       		.uleb128 0x6
 636 00e0 00       		.byte	0
 637 00e1 00       		.byte	0
 638 00e2 12       		.uleb128 0x12
 639 00e3 34       		.uleb128 0x34
 640 00e4 00       		.byte	0
 641 00e5 31       		.uleb128 0x31
 642 00e6 13       		.uleb128 0x13
 643 00e7 02       		.uleb128 0x2
 644 00e8 17       		.uleb128 0x17
 645 00e9 00       		.byte	0
 646 00ea 00       		.byte	0
 647 00eb 13       		.uleb128 0x13
 648 00ec 05       		.uleb128 0x5
 649 00ed 00       		.byte	0
 650 00ee 31       		.uleb128 0x31
 651 00ef 13       		.uleb128 0x13
 652 00f0 1C       		.uleb128 0x1c
 653 00f1 0B       		.uleb128 0xb
 654 00f2 00       		.byte	0
 655 00f3 00       		.byte	0
 656 00f4 14       		.uleb128 0x14
 657 00f5 34       		.uleb128 0x34
 658 00f6 00       		.byte	0
 659 00f7 31       		.uleb128 0x31
 660 00f8 13       		.uleb128 0x13
 661 00f9 1C       		.uleb128 0x1c
 662 00fa 0B       		.uleb128 0xb
 663 00fb 00       		.byte	0
 664 00fc 00       		.byte	0
 665 00fd 15       		.uleb128 0x15
 666 00fe 34       		.uleb128 0x34
 667 00ff 00       		.byte	0
 668 0100 31       		.uleb128 0x31
 669 0101 13       		.uleb128 0x13
 670 0102 1C       		.uleb128 0x1c
 671 0103 05       		.uleb128 0x5
 672 0104 00       		.byte	0
 673 0105 00       		.byte	0
 674 0106 16       		.uleb128 0x16
 675 0107 34       		.uleb128 0x34
 676 0108 00       		.byte	0
 677 0109 31       		.uleb128 0x31
 678 010a 13       		.uleb128 0x13
 679 010b 1C       		.uleb128 0x1c
 680 010c 06       		.uleb128 0x6
 681 010d 00       		.byte	0
ARM GAS  /tmp/ccZk8ZUd.s 			page 13


 682 010e 00       		.byte	0
 683 010f 17       		.uleb128 0x17
 684 0110 1D       		.uleb128 0x1d
 685 0111 01       		.byte	0x1
 686 0112 31       		.uleb128 0x31
 687 0113 13       		.uleb128 0x13
 688 0114 11       		.uleb128 0x11
 689 0115 01       		.uleb128 0x1
 690 0116 12       		.uleb128 0x12
 691 0117 06       		.uleb128 0x6
 692 0118 58       		.uleb128 0x58
 693 0119 0B       		.uleb128 0xb
 694 011a 59       		.uleb128 0x59
 695 011b 0B       		.uleb128 0xb
 696 011c 00       		.byte	0
 697 011d 00       		.byte	0
 698 011e 18       		.uleb128 0x18
 699 011f 34       		.uleb128 0x34
 700 0120 00       		.byte	0
 701 0121 03       		.uleb128 0x3
 702 0122 0E       		.uleb128 0xe
 703 0123 3A       		.uleb128 0x3a
 704 0124 0B       		.uleb128 0xb
 705 0125 3B       		.uleb128 0x3b
 706 0126 05       		.uleb128 0x5
 707 0127 49       		.uleb128 0x49
 708 0128 13       		.uleb128 0x13
 709 0129 3F       		.uleb128 0x3f
 710 012a 19       		.uleb128 0x19
 711 012b 3C       		.uleb128 0x3c
 712 012c 19       		.uleb128 0x19
 713 012d 00       		.byte	0
 714 012e 00       		.byte	0
 715 012f 00       		.byte	0
 716              		.section	.debug_loc,"",%progbits
 717              	.Ldebug_loc0:
 718              	.LLST0:
 719 0000 00000000 		.4byte	.LVL0
 720 0004 12000000 		.4byte	.LVL2
 721 0008 0100     		.2byte	0x1
 722 000a 50       		.byte	0x50
 723 000b 12000000 		.4byte	.LVL2
 724 000f 1C000000 		.4byte	.LVL3
 725 0013 0400     		.2byte	0x4
 726 0015 F3       		.byte	0xf3
 727 0016 01       		.uleb128 0x1
 728 0017 50       		.byte	0x50
 729 0018 9F       		.byte	0x9f
 730 0019 1C000000 		.4byte	.LVL3
 731 001d 1E000000 		.4byte	.LVL4
 732 0021 0100     		.2byte	0x1
 733 0023 50       		.byte	0x50
 734 0024 1E000000 		.4byte	.LVL4
 735 0028 20000000 		.4byte	.LVL5
 736 002c 0400     		.2byte	0x4
 737 002e F3       		.byte	0xf3
 738 002f 01       		.uleb128 0x1
ARM GAS  /tmp/ccZk8ZUd.s 			page 14


 739 0030 50       		.byte	0x50
 740 0031 9F       		.byte	0x9f
 741 0032 20000000 		.4byte	.LVL5
 742 0036 2A000000 		.4byte	.LVL7
 743 003a 0100     		.2byte	0x1
 744 003c 50       		.byte	0x50
 745 003d 2A000000 		.4byte	.LVL7
 746 0041 42000000 		.4byte	.LFE119
 747 0045 0400     		.2byte	0x4
 748 0047 F3       		.byte	0xf3
 749 0048 01       		.uleb128 0x1
 750 0049 50       		.byte	0x50
 751 004a 9F       		.byte	0x9f
 752 004b 00000000 		.4byte	0
 753 004f 00000000 		.4byte	0
 754              	.LLST1:
 755 0053 0A000000 		.4byte	.LVL1
 756 0057 1C000000 		.4byte	.LVL3
 757 005b 0300     		.2byte	0x3
 758 005d 08       		.byte	0x8
 759 005e 30       		.byte	0x30
 760 005f 9F       		.byte	0x9f
 761 0060 00000000 		.4byte	0
 762 0064 00000000 		.4byte	0
 763              	.LLST2:
 764 0068 0A000000 		.4byte	.LVL1
 765 006c 1C000000 		.4byte	.LVL3
 766 0070 0300     		.2byte	0x3
 767 0072 08       		.byte	0x8
 768 0073 45       		.byte	0x45
 769 0074 9F       		.byte	0x9f
 770 0075 00000000 		.4byte	0
 771 0079 00000000 		.4byte	0
 772              	.LLST3:
 773 007d 0A000000 		.4byte	.LVL1
 774 0081 12000000 		.4byte	.LVL2
 775 0085 0100     		.2byte	0x1
 776 0087 50       		.byte	0x50
 777 0088 12000000 		.4byte	.LVL2
 778 008c 1C000000 		.4byte	.LVL3
 779 0090 0400     		.2byte	0x4
 780 0092 F3       		.byte	0xf3
 781 0093 01       		.uleb128 0x1
 782 0094 50       		.byte	0x50
 783 0095 9F       		.byte	0x9f
 784 0096 00000000 		.4byte	0
 785 009a 00000000 		.4byte	0
 786              	.LLST4:
 787 009e 0A000000 		.4byte	.LVL1
 788 00a2 1C000000 		.4byte	.LVL3
 789 00a6 0200     		.2byte	0x2
 790 00a8 31       		.byte	0x31
 791 00a9 9F       		.byte	0x9f
 792 00aa 00000000 		.4byte	0
 793 00ae 00000000 		.4byte	0
 794              	.LLST5:
 795 00b2 0A000000 		.4byte	.LVL1
ARM GAS  /tmp/ccZk8ZUd.s 			page 15


 796 00b6 1C000000 		.4byte	.LVL3
 797 00ba 0200     		.2byte	0x2
 798 00bc 32       		.byte	0x32
 799 00bd 9F       		.byte	0x9f
 800 00be 00000000 		.4byte	0
 801 00c2 00000000 		.4byte	0
 802              	.LLST6:
 803 00c6 0A000000 		.4byte	.LVL1
 804 00ca 1C000000 		.4byte	.LVL3
 805 00ce 0200     		.2byte	0x2
 806 00d0 40       		.byte	0x40
 807 00d1 9F       		.byte	0x9f
 808 00d2 00000000 		.4byte	0
 809 00d6 00000000 		.4byte	0
 810              	.LLST7:
 811 00da 0A000000 		.4byte	.LVL1
 812 00de 1C000000 		.4byte	.LVL3
 813 00e2 0300     		.2byte	0x3
 814 00e4 08       		.byte	0x8
 815 00e5 3F       		.byte	0x3f
 816 00e6 9F       		.byte	0x9f
 817 00e7 00000000 		.4byte	0
 818 00eb 00000000 		.4byte	0
 819              	.LLST8:
 820 00ef 20000000 		.4byte	.LVL5
 821 00f3 2A000000 		.4byte	.LVL7
 822 00f7 0100     		.2byte	0x1
 823 00f9 50       		.byte	0x50
 824 00fa 2A000000 		.4byte	.LVL7
 825 00fe 42000000 		.4byte	.LFE119
 826 0102 0400     		.2byte	0x4
 827 0104 F3       		.byte	0xf3
 828 0105 01       		.uleb128 0x1
 829 0106 50       		.byte	0x50
 830 0107 9F       		.byte	0x9f
 831 0108 00000000 		.4byte	0
 832 010c 00000000 		.4byte	0
 833              	.LLST9:
 834 0110 24000000 		.4byte	.LVL6
 835 0114 2A000000 		.4byte	.LVL7
 836 0118 0100     		.2byte	0x1
 837 011a 50       		.byte	0x50
 838 011b 2A000000 		.4byte	.LVL7
 839 011f 42000000 		.4byte	.LFE119
 840 0123 0400     		.2byte	0x4
 841 0125 F3       		.byte	0xf3
 842 0126 01       		.uleb128 0x1
 843 0127 50       		.byte	0x50
 844 0128 9F       		.byte	0x9f
 845 0129 00000000 		.4byte	0
 846 012d 00000000 		.4byte	0
 847              		.section	.debug_aranges,"",%progbits
 848 0000 1C000000 		.4byte	0x1c
 849 0004 0200     		.2byte	0x2
 850 0006 00000000 		.4byte	.Ldebug_info0
 851 000a 04       		.byte	0x4
 852 000b 00       		.byte	0
ARM GAS  /tmp/ccZk8ZUd.s 			page 16


 853 000c 0000     		.2byte	0
 854 000e 0000     		.2byte	0
 855 0010 00000000 		.4byte	.LFB119
 856 0014 42000000 		.4byte	.LFE119-.LFB119
 857 0018 00000000 		.4byte	0
 858 001c 00000000 		.4byte	0
 859              		.section	.debug_ranges,"",%progbits
 860              	.Ldebug_ranges0:
 861 0000 0A000000 		.4byte	.LBB11
 862 0004 1E000000 		.4byte	.LBE11
 863 0008 20000000 		.4byte	.LBB20
 864 000c 42000000 		.4byte	.LBE20
 865 0010 00000000 		.4byte	0
 866 0014 00000000 		.4byte	0
 867 0018 00000000 		.4byte	.LFB119
 868 001c 42000000 		.4byte	.LFE119
 869 0020 00000000 		.4byte	0
 870 0024 00000000 		.4byte	0
 871              		.section	.debug_line,"",%progbits
 872              	.Ldebug_line0:
 873 0000 E8000000 		.section	.debug_str,"MS",%progbits,1
 873      0200B500 
 873      00000201 
 873      FB0E0D00 
 873      01010101 
 874              	.LASF15:
 875 0000 73746172 		.ascii	"start\000"
 875      7400
 876              	.LASF17:
 877 0006 656E6469 		.ascii	"endidx\000"
 877      647800
 878              	.LASF18:
 879 000d 73746172 		.ascii	"startoff\000"
 879      746F6666 
 879      00
 880              	.LASF16:
 881 0016 73746172 		.ascii	"startidx\000"
 881      74696478 
 881      00
 882              	.LASF23:
 883 001f 6D6D6373 		.ascii	"mmcsd_get_slice\000"
 883      645F6765 
 883      745F736C 
 883      69636500 
 884              	.LASF14:
 885 002f 64617461 		.ascii	"data\000"
 885      00
 886              	.LASF2:
 887 0034 756E7369 		.ascii	"unsigned char\000"
 887      676E6564 
 887      20636861 
 887      7200
 888              	.LASF8:
 889 0042 6C6F6E67 		.ascii	"long unsigned int\000"
 889      20756E73 
 889      69676E65 
 889      6420696E 
ARM GAS  /tmp/ccZk8ZUd.s 			page 17


 889      7400
 890              	.LASF4:
 891 0054 73686F72 		.ascii	"short unsigned int\000"
 891      7420756E 
 891      7369676E 
 891      65642069 
 891      6E7400
 892              	.LASF25:
 893 0067 49544D5F 		.ascii	"ITM_RxBuffer\000"
 893      52784275 
 893      66666572 
 893      00
 894              	.LASF22:
 895 0074 2F686F6D 		.ascii	"/home/brian/aithon/ProjectTemplate\000"
 895      652F6272 
 895      69616E2F 
 895      61697468 
 895      6F6E2F50 
 896              	.LASF19:
 897 0097 656E646D 		.ascii	"endmask\000"
 897      61736B00 
 898              	.LASF20:
 899 009f 474E5520 		.ascii	"GNU C 4.8.3 20131129 (release) [ARM/embedded-4_8-br"
 899      4320342E 
 899      382E3320 
 899      32303133 
 899      31313239 
 900 00d2 616E6368 		.ascii	"anch revision 205641] -mcpu=cortex-m4 -mfloat-abi=s"
 900      20726576 
 900      6973696F 
 900      6E203230 
 900      35363431 
 901 0105 6F667466 		.ascii	"oftfp -mfpu=fpv4-sp-d16 -mno-thumb-interwork -mthum"
 901      70202D6D 
 901      6670753D 
 901      66707634 
 901      2D73702D 
 902 0138 62202D67 		.ascii	"b -ggdb -O2 -fomit-frame-pointer -falign-functions="
 902      67646220 
 902      2D4F3220 
 902      2D666F6D 
 902      69742D66 
 903 016b 3136202D 		.ascii	"16 -fsingle-precision-constant -ffunction-sections "
 903      6673696E 
 903      676C652D 
 903      70726563 
 903      6973696F 
 904 019e 2D666461 		.ascii	"-fdata-sections -fno-common\000"
 904      74612D73 
 904      65637469 
 904      6F6E7320 
 904      2D666E6F 
 905              	.LASF0:
 906 01ba 756E7369 		.ascii	"unsigned int\000"
 906      676E6564 
 906      20696E74 
 906      00
ARM GAS  /tmp/ccZk8ZUd.s 			page 18


 907              	.LASF13:
 908 01c7 63686172 		.ascii	"char\000"
 908      00
 909              	.LASF6:
 910 01cc 696E7433 		.ascii	"int32_t\000"
 910      325F7400 
 911              	.LASF12:
 912 01d4 73697A65 		.ascii	"sizetype\000"
 912      74797065 
 912      00
 913              	.LASF9:
 914 01dd 6C6F6E67 		.ascii	"long long int\000"
 914      206C6F6E 
 914      6720696E 
 914      7400
 915              	.LASF3:
 916 01eb 73686F72 		.ascii	"short int\000"
 916      7420696E 
 916      7400
 917              	.LASF7:
 918 01f5 75696E74 		.ascii	"uint32_t\000"
 918      33325F74 
 918      00
 919              	.LASF5:
 920 01fe 6C6F6E67 		.ascii	"long int\000"
 920      20696E74 
 920      00
 921              	.LASF21:
 922 0207 2E2E2F41 		.ascii	"../AithonLibrary/ChibiOS/os/hal/src/mmcsd.c\000"
 922      6974686F 
 922      6E4C6962 
 922      72617279 
 922      2F436869 
 923              	.LASF24:
 924 0233 6D6D6373 		.ascii	"mmcsdGetCapacity\000"
 924      64476574 
 924      43617061 
 924      63697479 
 924      00
 925              	.LASF1:
 926 0244 7369676E 		.ascii	"signed char\000"
 926      65642063 
 926      68617200 
 927              	.LASF11:
 928 0250 5F426F6F 		.ascii	"_Bool\000"
 928      6C00
 929              	.LASF10:
 930 0256 6C6F6E67 		.ascii	"long long unsigned int\000"
 930      206C6F6E 
 930      6720756E 
 930      7369676E 
 930      65642069 
 931              		.ident	"GCC: (GNU Tools for ARM Embedded Processors) 4.8.3 20131129 (release) [ARM/embedded-4_8-br
ARM GAS  /tmp/ccZk8ZUd.s 			page 19


DEFINED SYMBOLS
                            *ABS*:0000000000000000 mmcsd.c
     /tmp/ccZk8ZUd.s:20     .text.mmcsdGetCapacity:0000000000000000 $t
     /tmp/ccZk8ZUd.s:26     .text.mmcsdGetCapacity:0000000000000000 mmcsdGetCapacity
                     .debug_frame:0000000000000010 $d

NO UNDEFINED SYMBOLS
