ARM GAS  /tmp/cc7enFat.s 			page 1


   1              		.syntax unified
   2              		.cpu cortex-m4
   3              		.eabi_attribute 27, 3
   4              		.fpu fpv4-sp-d16
   5              		.eabi_attribute 20, 1
   6              		.eabi_attribute 21, 1
   7              		.eabi_attribute 23, 3
   8              		.eabi_attribute 24, 1
   9              		.eabi_attribute 25, 1
  10              		.eabi_attribute 26, 1
  11              		.eabi_attribute 30, 2
  12              		.eabi_attribute 34, 1
  13              		.eabi_attribute 18, 4
  14              		.thumb
  15              		.file	"nvic.c"
  16              		.text
  17              	.Ltext0:
  18              		.cfi_sections	.debug_frame
  19              		.section	.text.nvicEnableVector,"ax",%progbits
  20              		.align	2
  21              		.p2align 4,,15
  22              		.global	nvicEnableVector
  23              		.thumb
  24              		.thumb_func
  25              		.type	nvicEnableVector, %function
  26              	nvicEnableVector:
  27              	.LFB7:
  28              		.file 1 "../AithonLibrary/ChibiOS/os/ports/common/ARMCMx/nvic.c"
  29              		.loc 1 46 0
  30              		.cfi_startproc
  31              		@ args = 0, pretend = 0, frame = 0
  32              		@ frame_needed = 0, uses_anonymous_args = 0
  33              		@ link register save eliminated.
  34              	.LVL0:
  35 0000 20F00302 		bic	r2, r0, #3
  36 0004 02F16042 		add	r2, r2, #-536870912
  37 0008 02F56142 		add	r2, r2, #57600
  38 000c F0B4     		push	{r4, r5, r6, r7}
  39              		.cfi_def_cfa_offset 16
  40              		.cfi_offset 4, -16
  41              		.cfi_offset 5, -12
  42              		.cfi_offset 6, -8
  43              		.cfi_offset 7, -4
  44              		.loc 1 50 0
  45 000e 4309     		lsrs	r3, r0, #5
  46              		.loc 1 47 0
  47 0010 00F00304 		and	r4, r0, #3
  48              		.loc 1 49 0
  49 0014 D2F80053 		ldr	r5, [r2, #768]
  50              		.loc 1 47 0
  51 0018 E400     		lsls	r4, r4, #3
  52              	.LVL1:
  53              		.loc 1 49 0
  54 001a FF26     		movs	r6, #255
  55 001c 9B00     		lsls	r3, r3, #2
  56 001e A640     		lsls	r6, r6, r4
  57 0020 03F16043 		add	r3, r3, #-536870912
ARM GAS  /tmp/cc7enFat.s 			page 2


  58 0024 25EA0605 		bic	r5, r5, r6
  59 0028 03F56143 		add	r3, r3, #57600
  60              		.loc 1 50 0
  61 002c 0127     		movs	r7, #1
  62              		.loc 1 49 0
  63 002e A140     		lsls	r1, r1, r4
  64              	.LVL2:
  65              		.loc 1 50 0
  66 0030 00F01F00 		and	r0, r0, #31
  67              	.LVL3:
  68 0034 07FA00F0 		lsl	r0, r7, r0
  69              		.loc 1 49 0
  70 0038 45EA0104 		orr	r4, r5, r1
  71              	.LVL4:
  72 003c C2F80043 		str	r4, [r2, #768]
  73              		.loc 1 50 0
  74 0040 C3F88001 		str	r0, [r3, #384]
  75              		.loc 1 52 0
  76 0044 F0BC     		pop	{r4, r5, r6, r7}
  77              		.loc 1 51 0
  78 0046 1860     		str	r0, [r3]
  79              		.loc 1 52 0
  80 0048 7047     		bx	lr
  81              		.cfi_endproc
  82              	.LFE7:
  83              		.size	nvicEnableVector, .-nvicEnableVector
  84 004a 00BFAFF3 		.section	.text.nvicDisableVector,"ax",%progbits
  84      0080
  85              		.align	2
  86              		.p2align 4,,15
  87              		.global	nvicDisableVector
  88              		.thumb
  89              		.thumb_func
  90              		.type	nvicDisableVector, %function
  91              	nvicDisableVector:
  92              	.LFB8:
  93              		.loc 1 60 0
  94              		.cfi_startproc
  95              		@ args = 0, pretend = 0, frame = 0
  96              		@ frame_needed = 0, uses_anonymous_args = 0
  97              		@ link register save eliminated.
  98              	.LVL5:
  99              		.loc 1 63 0
 100 0000 4109     		lsrs	r1, r0, #5
 101              		.loc 1 60 0
 102 0002 30B4     		push	{r4, r5}
 103              		.cfi_def_cfa_offset 8
 104              		.cfi_offset 4, -8
 105              		.cfi_offset 5, -4
 106              		.loc 1 63 0
 107 0004 2031     		adds	r1, r1, #32
 108 0006 00F01F04 		and	r4, r0, #31
 109 000a 0125     		movs	r5, #1
 110 000c 0C4A     		ldr	r2, .L3
 111 000e 20F00303 		bic	r3, r0, #3
 112 0012 05FA04F4 		lsl	r4, r5, r4
 113 0016 03F16043 		add	r3, r3, #-536870912
ARM GAS  /tmp/cc7enFat.s 			page 3


 114 001a 42F82140 		str	r4, [r2, r1, lsl #2]
 115 001e 03F56143 		add	r3, r3, #57600
 116              		.loc 1 61 0
 117 0022 00F00300 		and	r0, r0, #3
 118              	.LVL6:
 119              		.loc 1 64 0
 120 0026 D3F80023 		ldr	r2, [r3, #768]
 121              		.loc 1 61 0
 122 002a C000     		lsls	r0, r0, #3
 123              	.LVL7:
 124              		.loc 1 64 0
 125 002c FF21     		movs	r1, #255
 126 002e 01FA00F0 		lsl	r0, r1, r0
 127              	.LVL8:
 128 0032 22EA0000 		bic	r0, r2, r0
 129 0036 C3F80003 		str	r0, [r3, #768]
 130              		.loc 1 65 0
 131 003a 30BC     		pop	{r4, r5}
 132 003c 7047     		bx	lr
 133              	.L4:
 134 003e 00BF     		.align	2
 135              	.L3:
 136 0040 00E100E0 		.word	-536813312
 137              		.cfi_endproc
 138              	.LFE8:
 139              		.size	nvicDisableVector, .-nvicDisableVector
 140 0044 AFF30080 		.section	.text.nvicSetSystemHandlerPriority,"ax",%progbits
 140      AFF30080 
 140      AFF30080 
 141              		.align	2
 142              		.p2align 4,,15
 143              		.global	nvicSetSystemHandlerPriority
 144              		.thumb
 145              		.thumb_func
 146              		.type	nvicSetSystemHandlerPriority, %function
 147              	nvicSetSystemHandlerPriority:
 148              	.LFB9:
 149              		.loc 1 74 0
 150              		.cfi_startproc
 151              		@ args = 0, pretend = 0, frame = 0
 152              		@ frame_needed = 0, uses_anonymous_args = 0
 153              		@ link register save eliminated.
 154              	.LVL9:
 155 0000 20F00303 		bic	r3, r0, #3
 156 0004 03F16043 		add	r3, r3, #-536870912
 157 0008 03F56D43 		add	r3, r3, #60672
 158              		.loc 1 75 0
 159 000c 00F00300 		and	r0, r0, #3
 160              	.LVL10:
 161              		.loc 1 74 0
 162 0010 10B4     		push	{r4}
 163              		.cfi_def_cfa_offset 4
 164              		.cfi_offset 4, -4
 165              		.loc 1 75 0
 166 0012 C000     		lsls	r0, r0, #3
 167              	.LVL11:
 168              		.loc 1 77 0
ARM GAS  /tmp/cc7enFat.s 			page 4


 169 0014 9A69     		ldr	r2, [r3, #24]
 170              		.loc 1 78 0
 171 0016 FF24     		movs	r4, #255
 172 0018 8440     		lsls	r4, r4, r0
 173              		.loc 1 77 0
 174 001a 22EA0402 		bic	r2, r2, r4
 175              		.loc 1 78 0
 176 001e 8140     		lsls	r1, r1, r0
 177              	.LVL12:
 178 0020 0A43     		orrs	r2, r2, r1
 179              		.loc 1 77 0
 180 0022 9A61     		str	r2, [r3, #24]
 181              		.loc 1 79 0
 182 0024 5DF8044B 		ldr	r4, [sp], #4
 183 0028 7047     		bx	lr
 184              		.cfi_endproc
 185              	.LFE9:
 186              		.size	nvicSetSystemHandlerPriority, .-nvicSetSystemHandlerPriority
 187 002a 00BFAFF3 		.text
 187      0080
 188              	.Letext0:
 189              		.file 2 "/usr/arm-none-eabi/include/stdint.h"
 190              		.file 3 "../AithonLibrary/ChibiOS/os/ports/common/ARMCMx/nvic.h"
 191              		.section	.debug_info,"",%progbits
 192              	.Ldebug_info0:
 193 0000 F7030000 		.4byte	0x3f7
 194 0004 0400     		.2byte	0x4
 195 0006 00000000 		.4byte	.Ldebug_abbrev0
 196 000a 04       		.byte	0x4
 197 000b 01       		.uleb128 0x1
 198 000c 19010000 		.4byte	.LASF46
 199 0010 01       		.byte	0x1
 200 0011 E2000000 		.4byte	.LASF47
 201 0015 B5000000 		.4byte	.LASF48
 202 0019 00000000 		.4byte	.Ldebug_ranges0+0
 203 001d 00000000 		.4byte	0
 204 0021 00000000 		.4byte	.Ldebug_line0
 205 0025 02       		.uleb128 0x2
 206 0026 04       		.byte	0x4
 207 0027 05       		.byte	0x5
 208 0028 696E7400 		.ascii	"int\000"
 209 002c 03       		.uleb128 0x3
 210 002d 04       		.byte	0x4
 211 002e 07       		.byte	0x7
 212 002f 34020000 		.4byte	.LASF0
 213 0033 03       		.uleb128 0x3
 214 0034 01       		.byte	0x1
 215 0035 06       		.byte	0x6
 216 0036 D6020000 		.4byte	.LASF1
 217 003a 03       		.uleb128 0x3
 218 003b 01       		.byte	0x1
 219 003c 08       		.byte	0x8
 220 003d 42000000 		.4byte	.LASF2
 221 0041 03       		.uleb128 0x3
 222 0042 02       		.byte	0x2
 223 0043 05       		.byte	0x5
 224 0044 D8000000 		.4byte	.LASF3
ARM GAS  /tmp/cc7enFat.s 			page 5


 225 0048 03       		.uleb128 0x3
 226 0049 02       		.byte	0x2
 227 004a 07       		.byte	0x7
 228 004b 80000000 		.4byte	.LASF4
 229 004f 03       		.uleb128 0x3
 230 0050 04       		.byte	0x4
 231 0051 05       		.byte	0x5
 232 0052 C3020000 		.4byte	.LASF5
 233 0056 04       		.uleb128 0x4
 234 0057 BA020000 		.4byte	.LASF10
 235 005b 02       		.byte	0x2
 236 005c 50       		.byte	0x50
 237 005d 61000000 		.4byte	0x61
 238 0061 03       		.uleb128 0x3
 239 0062 04       		.byte	0x4
 240 0063 07       		.byte	0x7
 241 0064 9D000000 		.4byte	.LASF6
 242 0068 03       		.uleb128 0x3
 243 0069 08       		.byte	0x8
 244 006a 05       		.byte	0x5
 245 006b 90020000 		.4byte	.LASF7
 246 006f 03       		.uleb128 0x3
 247 0070 08       		.byte	0x8
 248 0071 07       		.byte	0x7
 249 0072 4B020000 		.4byte	.LASF8
 250 0076 03       		.uleb128 0x3
 251 0077 01       		.byte	0x1
 252 0078 02       		.byte	0x2
 253 0079 0F000000 		.4byte	.LASF9
 254 007d 04       		.uleb128 0x4
 255 007e 3A000000 		.4byte	.LASF11
 256 0082 03       		.byte	0x3
 257 0083 3A       		.byte	0x3a
 258 0084 88000000 		.4byte	0x88
 259 0088 05       		.uleb128 0x5
 260 0089 56000000 		.4byte	0x56
 261 008d 06       		.uleb128 0x6
 262 008e 040E     		.2byte	0xe04
 263 0090 03       		.byte	0x3
 264 0091 6A       		.byte	0x6a
 265 0092 3C010000 		.4byte	0x13c
 266 0096 07       		.uleb128 0x7
 267 0097 A4020000 		.4byte	.LASF12
 268 009b 03       		.byte	0x3
 269 009c 6B       		.byte	0x6b
 270 009d 53010000 		.4byte	0x153
 271 00a1 00       		.byte	0
 272 00a2 07       		.uleb128 0x7
 273 00a3 50000000 		.4byte	.LASF13
 274 00a7 03       		.byte	0x3
 275 00a8 6C       		.byte	0x6c
 276 00a9 68010000 		.4byte	0x168
 277 00ad 20       		.byte	0x20
 278 00ae 07       		.uleb128 0x7
 279 00af 35000000 		.4byte	.LASF14
 280 00b3 03       		.byte	0x3
 281 00b4 6D       		.byte	0x6d
ARM GAS  /tmp/cc7enFat.s 			page 6


 282 00b5 6D010000 		.4byte	0x16d
 283 00b9 80       		.byte	0x80
 284 00ba 07       		.uleb128 0x7
 285 00bb 58000000 		.4byte	.LASF15
 286 00bf 03       		.byte	0x3
 287 00c0 6E       		.byte	0x6e
 288 00c1 72010000 		.4byte	0x172
 289 00c5 A0       		.byte	0xa0
 290 00c6 08       		.uleb128 0x8
 291 00c7 41020000 		.4byte	.LASF16
 292 00cb 03       		.byte	0x3
 293 00cc 6F       		.byte	0x6f
 294 00cd 77010000 		.4byte	0x177
 295 00d1 0001     		.2byte	0x100
 296 00d3 08       		.uleb128 0x8
 297 00d4 60000000 		.4byte	.LASF17
 298 00d8 03       		.byte	0x3
 299 00d9 70       		.byte	0x70
 300 00da 7C010000 		.4byte	0x17c
 301 00de 2001     		.2byte	0x120
 302 00e0 08       		.uleb128 0x8
 303 00e1 05000000 		.4byte	.LASF18
 304 00e5 03       		.byte	0x3
 305 00e6 71       		.byte	0x71
 306 00e7 81010000 		.4byte	0x181
 307 00eb 8001     		.2byte	0x180
 308 00ed 08       		.uleb128 0x8
 309 00ee 68000000 		.4byte	.LASF19
 310 00f2 03       		.byte	0x3
 311 00f3 72       		.byte	0x72
 312 00f4 86010000 		.4byte	0x186
 313 00f8 A001     		.2byte	0x1a0
 314 00fa 08       		.uleb128 0x8
 315 00fb FF020000 		.4byte	.LASF20
 316 00ff 03       		.byte	0x3
 317 0100 73       		.byte	0x73
 318 0101 8B010000 		.4byte	0x18b
 319 0105 0002     		.2byte	0x200
 320 0107 08       		.uleb128 0x8
 321 0108 70000000 		.4byte	.LASF21
 322 010c 03       		.byte	0x3
 323 010d 74       		.byte	0x74
 324 010e A0010000 		.4byte	0x1a0
 325 0112 2002     		.2byte	0x220
 326 0114 09       		.uleb128 0x9
 327 0115 49505200 		.ascii	"IPR\000"
 328 0119 03       		.byte	0x3
 329 011a 75       		.byte	0x75
 330 011b B5010000 		.4byte	0x1b5
 331 011f 0003     		.2byte	0x300
 332 0121 08       		.uleb128 0x8
 333 0122 78000000 		.4byte	.LASF22
 334 0126 03       		.byte	0x3
 335 0127 76       		.byte	0x76
 336 0128 CB010000 		.4byte	0x1cb
 337 012c F003     		.2byte	0x3f0
 338 012e 08       		.uleb128 0x8
ARM GAS  /tmp/cc7enFat.s 			page 7


 339 012f 8B020000 		.4byte	.LASF23
 340 0133 03       		.byte	0x3
 341 0134 77       		.byte	0x77
 342 0135 7D000000 		.4byte	0x7d
 343 0139 000E     		.2byte	0xe00
 344 013b 00       		.byte	0
 345 013c 0A       		.uleb128 0xa
 346 013d 7D000000 		.4byte	0x7d
 347 0141 4C010000 		.4byte	0x14c
 348 0145 0B       		.uleb128 0xb
 349 0146 4C010000 		.4byte	0x14c
 350 014a 07       		.byte	0x7
 351 014b 00       		.byte	0
 352 014c 03       		.uleb128 0x3
 353 014d 04       		.byte	0x4
 354 014e 07       		.byte	0x7
 355 014f 82020000 		.4byte	.LASF24
 356 0153 05       		.uleb128 0x5
 357 0154 3C010000 		.4byte	0x13c
 358 0158 0A       		.uleb128 0xa
 359 0159 7D000000 		.4byte	0x7d
 360 015d 68010000 		.4byte	0x168
 361 0161 0B       		.uleb128 0xb
 362 0162 4C010000 		.4byte	0x14c
 363 0166 17       		.byte	0x17
 364 0167 00       		.byte	0
 365 0168 05       		.uleb128 0x5
 366 0169 58010000 		.4byte	0x158
 367 016d 05       		.uleb128 0x5
 368 016e 3C010000 		.4byte	0x13c
 369 0172 05       		.uleb128 0x5
 370 0173 58010000 		.4byte	0x158
 371 0177 05       		.uleb128 0x5
 372 0178 3C010000 		.4byte	0x13c
 373 017c 05       		.uleb128 0x5
 374 017d 58010000 		.4byte	0x158
 375 0181 05       		.uleb128 0x5
 376 0182 3C010000 		.4byte	0x13c
 377 0186 05       		.uleb128 0x5
 378 0187 58010000 		.4byte	0x158
 379 018b 05       		.uleb128 0x5
 380 018c 3C010000 		.4byte	0x13c
 381 0190 0A       		.uleb128 0xa
 382 0191 7D000000 		.4byte	0x7d
 383 0195 A0010000 		.4byte	0x1a0
 384 0199 0B       		.uleb128 0xb
 385 019a 4C010000 		.4byte	0x14c
 386 019e 37       		.byte	0x37
 387 019f 00       		.byte	0
 388 01a0 05       		.uleb128 0x5
 389 01a1 90010000 		.4byte	0x190
 390 01a5 0A       		.uleb128 0xa
 391 01a6 7D000000 		.4byte	0x7d
 392 01aa B5010000 		.4byte	0x1b5
 393 01ae 0B       		.uleb128 0xb
 394 01af 4C010000 		.4byte	0x14c
 395 01b3 3B       		.byte	0x3b
ARM GAS  /tmp/cc7enFat.s 			page 8


 396 01b4 00       		.byte	0
 397 01b5 05       		.uleb128 0x5
 398 01b6 A5010000 		.4byte	0x1a5
 399 01ba 0A       		.uleb128 0xa
 400 01bb 7D000000 		.4byte	0x7d
 401 01bf CB010000 		.4byte	0x1cb
 402 01c3 0C       		.uleb128 0xc
 403 01c4 4C010000 		.4byte	0x14c
 404 01c8 8302     		.2byte	0x283
 405 01ca 00       		.byte	0
 406 01cb 05       		.uleb128 0x5
 407 01cc BA010000 		.4byte	0x1ba
 408 01d0 04       		.uleb128 0x4
 409 01d1 27000000 		.4byte	.LASF25
 410 01d5 03       		.byte	0x3
 411 01d6 78       		.byte	0x78
 412 01d7 8D000000 		.4byte	0x8d
 413 01db 0D       		.uleb128 0xd
 414 01dc 8C       		.byte	0x8c
 415 01dd 03       		.byte	0x3
 416 01de 89       		.byte	0x89
 417 01df E0020000 		.4byte	0x2e0
 418 01e3 07       		.uleb128 0x7
 419 01e4 9E020000 		.4byte	.LASF26
 420 01e8 03       		.byte	0x3
 421 01e9 8A       		.byte	0x8a
 422 01ea 7D000000 		.4byte	0x7d
 423 01ee 00       		.byte	0
 424 01ef 07       		.uleb128 0x7
 425 01f0 62020000 		.4byte	.LASF27
 426 01f4 03       		.byte	0x3
 427 01f5 8B       		.byte	0x8b
 428 01f6 7D000000 		.4byte	0x7d
 429 01fa 04       		.byte	0x4
 430 01fb 07       		.uleb128 0x7
 431 01fc 30000000 		.4byte	.LASF28
 432 0200 03       		.byte	0x3
 433 0201 8C       		.byte	0x8c
 434 0202 7D000000 		.4byte	0x7d
 435 0206 08       		.byte	0x8
 436 0207 07       		.uleb128 0x7
 437 0208 6F020000 		.4byte	.LASF29
 438 020c 03       		.byte	0x3
 439 020d 8D       		.byte	0x8d
 440 020e 7D000000 		.4byte	0x7d
 441 0212 0C       		.byte	0xc
 442 0213 0E       		.uleb128 0xe
 443 0214 53435200 		.ascii	"SCR\000"
 444 0218 03       		.byte	0x3
 445 0219 8E       		.byte	0x8e
 446 021a 7D000000 		.4byte	0x7d
 447 021e 10       		.byte	0x10
 448 021f 0E       		.uleb128 0xe
 449 0220 43435200 		.ascii	"CCR\000"
 450 0224 03       		.byte	0x3
 451 0225 8F       		.byte	0x8f
 452 0226 7D000000 		.4byte	0x7d
ARM GAS  /tmp/cc7enFat.s 			page 9


 453 022a 14       		.byte	0x14
 454 022b 07       		.uleb128 0x7
 455 022c D1020000 		.4byte	.LASF30
 456 0230 03       		.byte	0x3
 457 0231 90       		.byte	0x90
 458 0232 F0020000 		.4byte	0x2f0
 459 0236 18       		.byte	0x18
 460 0237 07       		.uleb128 0x7
 461 0238 B4020000 		.4byte	.LASF31
 462 023c 03       		.byte	0x3
 463 023d 91       		.byte	0x91
 464 023e 7D000000 		.4byte	0x7d
 465 0242 24       		.byte	0x24
 466 0243 07       		.uleb128 0x7
 467 0244 93000000 		.4byte	.LASF32
 468 0248 03       		.byte	0x3
 469 0249 92       		.byte	0x92
 470 024a 7D000000 		.4byte	0x7d
 471 024e 28       		.byte	0x28
 472 024f 07       		.uleb128 0x7
 473 0250 98000000 		.4byte	.LASF33
 474 0254 03       		.byte	0x3
 475 0255 93       		.byte	0x93
 476 0256 7D000000 		.4byte	0x7d
 477 025a 2C       		.byte	0x2c
 478 025b 07       		.uleb128 0x7
 479 025c 46020000 		.4byte	.LASF34
 480 0260 03       		.byte	0x3
 481 0261 94       		.byte	0x94
 482 0262 7D000000 		.4byte	0x7d
 483 0266 30       		.byte	0x30
 484 0267 07       		.uleb128 0x7
 485 0268 AE020000 		.4byte	.LASF35
 486 026c 03       		.byte	0x3
 487 026d 95       		.byte	0x95
 488 026e 7D000000 		.4byte	0x7d
 489 0272 34       		.byte	0x34
 490 0273 07       		.uleb128 0x7
 491 0274 75020000 		.4byte	.LASF36
 492 0278 03       		.byte	0x3
 493 0279 96       		.byte	0x96
 494 027a 7D000000 		.4byte	0x7d
 495 027e 38       		.byte	0x38
 496 027f 07       		.uleb128 0x7
 497 0280 A9020000 		.4byte	.LASF37
 498 0284 03       		.byte	0x3
 499 0285 97       		.byte	0x97
 500 0286 7D000000 		.4byte	0x7d
 501 028a 3C       		.byte	0x3c
 502 028b 0E       		.uleb128 0xe
 503 028c 50465200 		.ascii	"PFR\000"
 504 0290 03       		.byte	0x3
 505 0291 98       		.byte	0x98
 506 0292 05030000 		.4byte	0x305
 507 0296 40       		.byte	0x40
 508 0297 0E       		.uleb128 0xe
 509 0298 44465200 		.ascii	"DFR\000"
ARM GAS  /tmp/cc7enFat.s 			page 10


 510 029c 03       		.byte	0x3
 511 029d 99       		.byte	0x99
 512 029e 7D000000 		.4byte	0x7d
 513 02a2 48       		.byte	0x48
 514 02a3 0E       		.uleb128 0xe
 515 02a4 41445200 		.ascii	"ADR\000"
 516 02a8 03       		.byte	0x3
 517 02a9 9A       		.byte	0x9a
 518 02aa 7D000000 		.4byte	0x7d
 519 02ae 4C       		.byte	0x4c
 520 02af 07       		.uleb128 0x7
 521 02b0 0A000000 		.4byte	.LASF38
 522 02b4 03       		.byte	0x3
 523 02b5 9B       		.byte	0x9b
 524 02b6 1A030000 		.4byte	0x31a
 525 02ba 50       		.byte	0x50
 526 02bb 0E       		.uleb128 0xe
 527 02bc 53415200 		.ascii	"SAR\000"
 528 02c0 03       		.byte	0x3
 529 02c1 9C       		.byte	0x9c
 530 02c2 2F030000 		.4byte	0x32f
 531 02c6 60       		.byte	0x60
 532 02c7 07       		.uleb128 0x7
 533 02c8 50000000 		.4byte	.LASF13
 534 02cc 03       		.byte	0x3
 535 02cd 9D       		.byte	0x9d
 536 02ce 34030000 		.4byte	0x334
 537 02d2 74       		.byte	0x74
 538 02d3 07       		.uleb128 0x7
 539 02d4 AF000000 		.4byte	.LASF39
 540 02d8 03       		.byte	0x3
 541 02d9 9E       		.byte	0x9e
 542 02da 7D000000 		.4byte	0x7d
 543 02de 88       		.byte	0x88
 544 02df 00       		.byte	0
 545 02e0 0A       		.uleb128 0xa
 546 02e1 7D000000 		.4byte	0x7d
 547 02e5 F0020000 		.4byte	0x2f0
 548 02e9 0B       		.uleb128 0xb
 549 02ea 4C010000 		.4byte	0x14c
 550 02ee 02       		.byte	0x2
 551 02ef 00       		.byte	0
 552 02f0 05       		.uleb128 0x5
 553 02f1 E0020000 		.4byte	0x2e0
 554 02f5 0A       		.uleb128 0xa
 555 02f6 7D000000 		.4byte	0x7d
 556 02fa 05030000 		.4byte	0x305
 557 02fe 0B       		.uleb128 0xb
 558 02ff 4C010000 		.4byte	0x14c
 559 0303 01       		.byte	0x1
 560 0304 00       		.byte	0
 561 0305 05       		.uleb128 0x5
 562 0306 F5020000 		.4byte	0x2f5
 563 030a 0A       		.uleb128 0xa
 564 030b 7D000000 		.4byte	0x7d
 565 030f 1A030000 		.4byte	0x31a
 566 0313 0B       		.uleb128 0xb
ARM GAS  /tmp/cc7enFat.s 			page 11


 567 0314 4C010000 		.4byte	0x14c
 568 0318 03       		.byte	0x3
 569 0319 00       		.byte	0
 570 031a 05       		.uleb128 0x5
 571 031b 0A030000 		.4byte	0x30a
 572 031f 0A       		.uleb128 0xa
 573 0320 7D000000 		.4byte	0x7d
 574 0324 2F030000 		.4byte	0x32f
 575 0328 0B       		.uleb128 0xb
 576 0329 4C010000 		.4byte	0x14c
 577 032d 04       		.byte	0x4
 578 032e 00       		.byte	0
 579 032f 05       		.uleb128 0x5
 580 0330 1F030000 		.4byte	0x31f
 581 0334 05       		.uleb128 0x5
 582 0335 1F030000 		.4byte	0x31f
 583 0339 04       		.uleb128 0x4
 584 033a 67020000 		.4byte	.LASF40
 585 033e 03       		.byte	0x3
 586 033f 9F       		.byte	0x9f
 587 0340 DB010000 		.4byte	0x1db
 588 0344 03       		.uleb128 0x3
 589 0345 01       		.byte	0x1
 590 0346 08       		.byte	0x8
 591 0347 CC020000 		.4byte	.LASF41
 592 034b 0F       		.uleb128 0xf
 593 034c 04030000 		.4byte	.LASF43
 594 0350 01       		.byte	0x1
 595 0351 2E       		.byte	0x2e
 596 0352 00000000 		.4byte	.LFB7
 597 0356 4A000000 		.4byte	.LFE7-.LFB7
 598 035a 01       		.uleb128 0x1
 599 035b 9C       		.byte	0x9c
 600 035c 8B030000 		.4byte	0x38b
 601 0360 10       		.uleb128 0x10
 602 0361 6E00     		.ascii	"n\000"
 603 0363 01       		.byte	0x1
 604 0364 2E       		.byte	0x2e
 605 0365 56000000 		.4byte	0x56
 606 0369 00000000 		.4byte	.LLST0
 607 036d 11       		.uleb128 0x11
 608 036e 00000000 		.4byte	.LASF42
 609 0372 01       		.byte	0x1
 610 0373 2E       		.byte	0x2e
 611 0374 56000000 		.4byte	0x56
 612 0378 21000000 		.4byte	.LLST1
 613 037c 12       		.uleb128 0x12
 614 037d 736800   		.ascii	"sh\000"
 615 0380 01       		.byte	0x1
 616 0381 2F       		.byte	0x2f
 617 0382 2C000000 		.4byte	0x2c
 618 0386 42000000 		.4byte	.LLST2
 619 038a 00       		.byte	0
 620 038b 0F       		.uleb128 0xf
 621 038c 15000000 		.4byte	.LASF44
 622 0390 01       		.byte	0x1
 623 0391 3C       		.byte	0x3c
ARM GAS  /tmp/cc7enFat.s 			page 12


 624 0392 00000000 		.4byte	.LFB8
 625 0396 44000000 		.4byte	.LFE8-.LFB8
 626 039a 01       		.uleb128 0x1
 627 039b 9C       		.byte	0x9c
 628 039c BC030000 		.4byte	0x3bc
 629 03a0 10       		.uleb128 0x10
 630 03a1 6E00     		.ascii	"n\000"
 631 03a3 01       		.byte	0x1
 632 03a4 3C       		.byte	0x3c
 633 03a5 56000000 		.4byte	0x56
 634 03a9 78000000 		.4byte	.LLST3
 635 03ad 12       		.uleb128 0x12
 636 03ae 736800   		.ascii	"sh\000"
 637 03b1 01       		.byte	0x1
 638 03b2 3D       		.byte	0x3d
 639 03b3 2C000000 		.4byte	0x2c
 640 03b7 99000000 		.4byte	.LLST4
 641 03bb 00       		.byte	0
 642 03bc 13       		.uleb128 0x13
 643 03bd E2020000 		.4byte	.LASF49
 644 03c1 01       		.byte	0x1
 645 03c2 4A       		.byte	0x4a
 646 03c3 00000000 		.4byte	.LFB9
 647 03c7 2A000000 		.4byte	.LFE9-.LFB9
 648 03cb 01       		.uleb128 0x1
 649 03cc 9C       		.byte	0x9c
 650 03cd 11       		.uleb128 0x11
 651 03ce 7A020000 		.4byte	.LASF45
 652 03d2 01       		.byte	0x1
 653 03d3 4A       		.byte	0x4a
 654 03d4 56000000 		.4byte	0x56
 655 03d8 E1000000 		.4byte	.LLST5
 656 03dc 11       		.uleb128 0x11
 657 03dd 00000000 		.4byte	.LASF42
 658 03e1 01       		.byte	0x1
 659 03e2 4A       		.byte	0x4a
 660 03e3 56000000 		.4byte	0x56
 661 03e7 02010000 		.4byte	.LLST6
 662 03eb 12       		.uleb128 0x12
 663 03ec 736800   		.ascii	"sh\000"
 664 03ef 01       		.byte	0x1
 665 03f0 4B       		.byte	0x4b
 666 03f1 2C000000 		.4byte	0x2c
 667 03f5 23010000 		.4byte	.LLST7
 668 03f9 00       		.byte	0
 669 03fa 00       		.byte	0
 670              		.section	.debug_abbrev,"",%progbits
 671              	.Ldebug_abbrev0:
 672 0000 01       		.uleb128 0x1
 673 0001 11       		.uleb128 0x11
 674 0002 01       		.byte	0x1
 675 0003 25       		.uleb128 0x25
 676 0004 0E       		.uleb128 0xe
 677 0005 13       		.uleb128 0x13
 678 0006 0B       		.uleb128 0xb
 679 0007 03       		.uleb128 0x3
 680 0008 0E       		.uleb128 0xe
ARM GAS  /tmp/cc7enFat.s 			page 13


 681 0009 1B       		.uleb128 0x1b
 682 000a 0E       		.uleb128 0xe
 683 000b 55       		.uleb128 0x55
 684 000c 17       		.uleb128 0x17
 685 000d 11       		.uleb128 0x11
 686 000e 01       		.uleb128 0x1
 687 000f 10       		.uleb128 0x10
 688 0010 17       		.uleb128 0x17
 689 0011 00       		.byte	0
 690 0012 00       		.byte	0
 691 0013 02       		.uleb128 0x2
 692 0014 24       		.uleb128 0x24
 693 0015 00       		.byte	0
 694 0016 0B       		.uleb128 0xb
 695 0017 0B       		.uleb128 0xb
 696 0018 3E       		.uleb128 0x3e
 697 0019 0B       		.uleb128 0xb
 698 001a 03       		.uleb128 0x3
 699 001b 08       		.uleb128 0x8
 700 001c 00       		.byte	0
 701 001d 00       		.byte	0
 702 001e 03       		.uleb128 0x3
 703 001f 24       		.uleb128 0x24
 704 0020 00       		.byte	0
 705 0021 0B       		.uleb128 0xb
 706 0022 0B       		.uleb128 0xb
 707 0023 3E       		.uleb128 0x3e
 708 0024 0B       		.uleb128 0xb
 709 0025 03       		.uleb128 0x3
 710 0026 0E       		.uleb128 0xe
 711 0027 00       		.byte	0
 712 0028 00       		.byte	0
 713 0029 04       		.uleb128 0x4
 714 002a 16       		.uleb128 0x16
 715 002b 00       		.byte	0
 716 002c 03       		.uleb128 0x3
 717 002d 0E       		.uleb128 0xe
 718 002e 3A       		.uleb128 0x3a
 719 002f 0B       		.uleb128 0xb
 720 0030 3B       		.uleb128 0x3b
 721 0031 0B       		.uleb128 0xb
 722 0032 49       		.uleb128 0x49
 723 0033 13       		.uleb128 0x13
 724 0034 00       		.byte	0
 725 0035 00       		.byte	0
 726 0036 05       		.uleb128 0x5
 727 0037 35       		.uleb128 0x35
 728 0038 00       		.byte	0
 729 0039 49       		.uleb128 0x49
 730 003a 13       		.uleb128 0x13
 731 003b 00       		.byte	0
 732 003c 00       		.byte	0
 733 003d 06       		.uleb128 0x6
 734 003e 13       		.uleb128 0x13
 735 003f 01       		.byte	0x1
 736 0040 0B       		.uleb128 0xb
 737 0041 05       		.uleb128 0x5
ARM GAS  /tmp/cc7enFat.s 			page 14


 738 0042 3A       		.uleb128 0x3a
 739 0043 0B       		.uleb128 0xb
 740 0044 3B       		.uleb128 0x3b
 741 0045 0B       		.uleb128 0xb
 742 0046 01       		.uleb128 0x1
 743 0047 13       		.uleb128 0x13
 744 0048 00       		.byte	0
 745 0049 00       		.byte	0
 746 004a 07       		.uleb128 0x7
 747 004b 0D       		.uleb128 0xd
 748 004c 00       		.byte	0
 749 004d 03       		.uleb128 0x3
 750 004e 0E       		.uleb128 0xe
 751 004f 3A       		.uleb128 0x3a
 752 0050 0B       		.uleb128 0xb
 753 0051 3B       		.uleb128 0x3b
 754 0052 0B       		.uleb128 0xb
 755 0053 49       		.uleb128 0x49
 756 0054 13       		.uleb128 0x13
 757 0055 38       		.uleb128 0x38
 758 0056 0B       		.uleb128 0xb
 759 0057 00       		.byte	0
 760 0058 00       		.byte	0
 761 0059 08       		.uleb128 0x8
 762 005a 0D       		.uleb128 0xd
 763 005b 00       		.byte	0
 764 005c 03       		.uleb128 0x3
 765 005d 0E       		.uleb128 0xe
 766 005e 3A       		.uleb128 0x3a
 767 005f 0B       		.uleb128 0xb
 768 0060 3B       		.uleb128 0x3b
 769 0061 0B       		.uleb128 0xb
 770 0062 49       		.uleb128 0x49
 771 0063 13       		.uleb128 0x13
 772 0064 38       		.uleb128 0x38
 773 0065 05       		.uleb128 0x5
 774 0066 00       		.byte	0
 775 0067 00       		.byte	0
 776 0068 09       		.uleb128 0x9
 777 0069 0D       		.uleb128 0xd
 778 006a 00       		.byte	0
 779 006b 03       		.uleb128 0x3
 780 006c 08       		.uleb128 0x8
 781 006d 3A       		.uleb128 0x3a
 782 006e 0B       		.uleb128 0xb
 783 006f 3B       		.uleb128 0x3b
 784 0070 0B       		.uleb128 0xb
 785 0071 49       		.uleb128 0x49
 786 0072 13       		.uleb128 0x13
 787 0073 38       		.uleb128 0x38
 788 0074 05       		.uleb128 0x5
 789 0075 00       		.byte	0
 790 0076 00       		.byte	0
 791 0077 0A       		.uleb128 0xa
 792 0078 01       		.uleb128 0x1
 793 0079 01       		.byte	0x1
 794 007a 49       		.uleb128 0x49
ARM GAS  /tmp/cc7enFat.s 			page 15


 795 007b 13       		.uleb128 0x13
 796 007c 01       		.uleb128 0x1
 797 007d 13       		.uleb128 0x13
 798 007e 00       		.byte	0
 799 007f 00       		.byte	0
 800 0080 0B       		.uleb128 0xb
 801 0081 21       		.uleb128 0x21
 802 0082 00       		.byte	0
 803 0083 49       		.uleb128 0x49
 804 0084 13       		.uleb128 0x13
 805 0085 2F       		.uleb128 0x2f
 806 0086 0B       		.uleb128 0xb
 807 0087 00       		.byte	0
 808 0088 00       		.byte	0
 809 0089 0C       		.uleb128 0xc
 810 008a 21       		.uleb128 0x21
 811 008b 00       		.byte	0
 812 008c 49       		.uleb128 0x49
 813 008d 13       		.uleb128 0x13
 814 008e 2F       		.uleb128 0x2f
 815 008f 05       		.uleb128 0x5
 816 0090 00       		.byte	0
 817 0091 00       		.byte	0
 818 0092 0D       		.uleb128 0xd
 819 0093 13       		.uleb128 0x13
 820 0094 01       		.byte	0x1
 821 0095 0B       		.uleb128 0xb
 822 0096 0B       		.uleb128 0xb
 823 0097 3A       		.uleb128 0x3a
 824 0098 0B       		.uleb128 0xb
 825 0099 3B       		.uleb128 0x3b
 826 009a 0B       		.uleb128 0xb
 827 009b 01       		.uleb128 0x1
 828 009c 13       		.uleb128 0x13
 829 009d 00       		.byte	0
 830 009e 00       		.byte	0
 831 009f 0E       		.uleb128 0xe
 832 00a0 0D       		.uleb128 0xd
 833 00a1 00       		.byte	0
 834 00a2 03       		.uleb128 0x3
 835 00a3 08       		.uleb128 0x8
 836 00a4 3A       		.uleb128 0x3a
 837 00a5 0B       		.uleb128 0xb
 838 00a6 3B       		.uleb128 0x3b
 839 00a7 0B       		.uleb128 0xb
 840 00a8 49       		.uleb128 0x49
 841 00a9 13       		.uleb128 0x13
 842 00aa 38       		.uleb128 0x38
 843 00ab 0B       		.uleb128 0xb
 844 00ac 00       		.byte	0
 845 00ad 00       		.byte	0
 846 00ae 0F       		.uleb128 0xf
 847 00af 2E       		.uleb128 0x2e
 848 00b0 01       		.byte	0x1
 849 00b1 3F       		.uleb128 0x3f
 850 00b2 19       		.uleb128 0x19
 851 00b3 03       		.uleb128 0x3
ARM GAS  /tmp/cc7enFat.s 			page 16


 852 00b4 0E       		.uleb128 0xe
 853 00b5 3A       		.uleb128 0x3a
 854 00b6 0B       		.uleb128 0xb
 855 00b7 3B       		.uleb128 0x3b
 856 00b8 0B       		.uleb128 0xb
 857 00b9 27       		.uleb128 0x27
 858 00ba 19       		.uleb128 0x19
 859 00bb 11       		.uleb128 0x11
 860 00bc 01       		.uleb128 0x1
 861 00bd 12       		.uleb128 0x12
 862 00be 06       		.uleb128 0x6
 863 00bf 40       		.uleb128 0x40
 864 00c0 18       		.uleb128 0x18
 865 00c1 9742     		.uleb128 0x2117
 866 00c3 19       		.uleb128 0x19
 867 00c4 01       		.uleb128 0x1
 868 00c5 13       		.uleb128 0x13
 869 00c6 00       		.byte	0
 870 00c7 00       		.byte	0
 871 00c8 10       		.uleb128 0x10
 872 00c9 05       		.uleb128 0x5
 873 00ca 00       		.byte	0
 874 00cb 03       		.uleb128 0x3
 875 00cc 08       		.uleb128 0x8
 876 00cd 3A       		.uleb128 0x3a
 877 00ce 0B       		.uleb128 0xb
 878 00cf 3B       		.uleb128 0x3b
 879 00d0 0B       		.uleb128 0xb
 880 00d1 49       		.uleb128 0x49
 881 00d2 13       		.uleb128 0x13
 882 00d3 02       		.uleb128 0x2
 883 00d4 17       		.uleb128 0x17
 884 00d5 00       		.byte	0
 885 00d6 00       		.byte	0
 886 00d7 11       		.uleb128 0x11
 887 00d8 05       		.uleb128 0x5
 888 00d9 00       		.byte	0
 889 00da 03       		.uleb128 0x3
 890 00db 0E       		.uleb128 0xe
 891 00dc 3A       		.uleb128 0x3a
 892 00dd 0B       		.uleb128 0xb
 893 00de 3B       		.uleb128 0x3b
 894 00df 0B       		.uleb128 0xb
 895 00e0 49       		.uleb128 0x49
 896 00e1 13       		.uleb128 0x13
 897 00e2 02       		.uleb128 0x2
 898 00e3 17       		.uleb128 0x17
 899 00e4 00       		.byte	0
 900 00e5 00       		.byte	0
 901 00e6 12       		.uleb128 0x12
 902 00e7 34       		.uleb128 0x34
 903 00e8 00       		.byte	0
 904 00e9 03       		.uleb128 0x3
 905 00ea 08       		.uleb128 0x8
 906 00eb 3A       		.uleb128 0x3a
 907 00ec 0B       		.uleb128 0xb
 908 00ed 3B       		.uleb128 0x3b
ARM GAS  /tmp/cc7enFat.s 			page 17


 909 00ee 0B       		.uleb128 0xb
 910 00ef 49       		.uleb128 0x49
 911 00f0 13       		.uleb128 0x13
 912 00f1 02       		.uleb128 0x2
 913 00f2 17       		.uleb128 0x17
 914 00f3 00       		.byte	0
 915 00f4 00       		.byte	0
 916 00f5 13       		.uleb128 0x13
 917 00f6 2E       		.uleb128 0x2e
 918 00f7 01       		.byte	0x1
 919 00f8 3F       		.uleb128 0x3f
 920 00f9 19       		.uleb128 0x19
 921 00fa 03       		.uleb128 0x3
 922 00fb 0E       		.uleb128 0xe
 923 00fc 3A       		.uleb128 0x3a
 924 00fd 0B       		.uleb128 0xb
 925 00fe 3B       		.uleb128 0x3b
 926 00ff 0B       		.uleb128 0xb
 927 0100 27       		.uleb128 0x27
 928 0101 19       		.uleb128 0x19
 929 0102 11       		.uleb128 0x11
 930 0103 01       		.uleb128 0x1
 931 0104 12       		.uleb128 0x12
 932 0105 06       		.uleb128 0x6
 933 0106 40       		.uleb128 0x40
 934 0107 18       		.uleb128 0x18
 935 0108 9742     		.uleb128 0x2117
 936 010a 19       		.uleb128 0x19
 937 010b 00       		.byte	0
 938 010c 00       		.byte	0
 939 010d 00       		.byte	0
 940              		.section	.debug_loc,"",%progbits
 941              	.Ldebug_loc0:
 942              	.LLST0:
 943 0000 00000000 		.4byte	.LVL0
 944 0004 34000000 		.4byte	.LVL3
 945 0008 0100     		.2byte	0x1
 946 000a 50       		.byte	0x50
 947 000b 34000000 		.4byte	.LVL3
 948 000f 4A000000 		.4byte	.LFE7
 949 0013 0400     		.2byte	0x4
 950 0015 F3       		.byte	0xf3
 951 0016 01       		.uleb128 0x1
 952 0017 50       		.byte	0x50
 953 0018 9F       		.byte	0x9f
 954 0019 00000000 		.4byte	0
 955 001d 00000000 		.4byte	0
 956              	.LLST1:
 957 0021 00000000 		.4byte	.LVL0
 958 0025 30000000 		.4byte	.LVL2
 959 0029 0100     		.2byte	0x1
 960 002b 51       		.byte	0x51
 961 002c 30000000 		.4byte	.LVL2
 962 0030 4A000000 		.4byte	.LFE7
 963 0034 0400     		.2byte	0x4
 964 0036 F3       		.byte	0xf3
 965 0037 01       		.uleb128 0x1
ARM GAS  /tmp/cc7enFat.s 			page 18


 966 0038 51       		.byte	0x51
 967 0039 9F       		.byte	0x9f
 968 003a 00000000 		.4byte	0
 969 003e 00000000 		.4byte	0
 970              	.LLST2:
 971 0042 00000000 		.4byte	.LVL0
 972 0046 1A000000 		.4byte	.LVL1
 973 004a 0700     		.2byte	0x7
 974 004c 70       		.byte	0x70
 975 004d 00       		.sleb128 0
 976 004e 33       		.byte	0x33
 977 004f 1A       		.byte	0x1a
 978 0050 33       		.byte	0x33
 979 0051 24       		.byte	0x24
 980 0052 9F       		.byte	0x9f
 981 0053 1A000000 		.4byte	.LVL1
 982 0057 3C000000 		.4byte	.LVL4
 983 005b 0100     		.2byte	0x1
 984 005d 54       		.byte	0x54
 985 005e 3C000000 		.4byte	.LVL4
 986 0062 4A000000 		.4byte	.LFE7
 987 0066 0800     		.2byte	0x8
 988 0068 F3       		.byte	0xf3
 989 0069 01       		.uleb128 0x1
 990 006a 50       		.byte	0x50
 991 006b 33       		.byte	0x33
 992 006c 1A       		.byte	0x1a
 993 006d 33       		.byte	0x33
 994 006e 24       		.byte	0x24
 995 006f 9F       		.byte	0x9f
 996 0070 00000000 		.4byte	0
 997 0074 00000000 		.4byte	0
 998              	.LLST3:
 999 0078 00000000 		.4byte	.LVL5
 1000 007c 26000000 		.4byte	.LVL6
 1001 0080 0100     		.2byte	0x1
 1002 0082 50       		.byte	0x50
 1003 0083 26000000 		.4byte	.LVL6
 1004 0087 44000000 		.4byte	.LFE8
 1005 008b 0400     		.2byte	0x4
 1006 008d F3       		.byte	0xf3
 1007 008e 01       		.uleb128 0x1
 1008 008f 50       		.byte	0x50
 1009 0090 9F       		.byte	0x9f
 1010 0091 00000000 		.4byte	0
 1011 0095 00000000 		.4byte	0
 1012              	.LLST4:
 1013 0099 00000000 		.4byte	.LVL5
 1014 009d 26000000 		.4byte	.LVL6
 1015 00a1 0700     		.2byte	0x7
 1016 00a3 70       		.byte	0x70
 1017 00a4 00       		.sleb128 0
 1018 00a5 33       		.byte	0x33
 1019 00a6 1A       		.byte	0x1a
 1020 00a7 33       		.byte	0x33
 1021 00a8 24       		.byte	0x24
 1022 00a9 9F       		.byte	0x9f
ARM GAS  /tmp/cc7enFat.s 			page 19


 1023 00aa 26000000 		.4byte	.LVL6
 1024 00ae 2C000000 		.4byte	.LVL7
 1025 00b2 0800     		.2byte	0x8
 1026 00b4 F3       		.byte	0xf3
 1027 00b5 01       		.uleb128 0x1
 1028 00b6 50       		.byte	0x50
 1029 00b7 33       		.byte	0x33
 1030 00b8 1A       		.byte	0x1a
 1031 00b9 33       		.byte	0x33
 1032 00ba 24       		.byte	0x24
 1033 00bb 9F       		.byte	0x9f
 1034 00bc 2C000000 		.4byte	.LVL7
 1035 00c0 32000000 		.4byte	.LVL8
 1036 00c4 0100     		.2byte	0x1
 1037 00c6 50       		.byte	0x50
 1038 00c7 32000000 		.4byte	.LVL8
 1039 00cb 44000000 		.4byte	.LFE8
 1040 00cf 0800     		.2byte	0x8
 1041 00d1 F3       		.byte	0xf3
 1042 00d2 01       		.uleb128 0x1
 1043 00d3 50       		.byte	0x50
 1044 00d4 33       		.byte	0x33
 1045 00d5 1A       		.byte	0x1a
 1046 00d6 33       		.byte	0x33
 1047 00d7 24       		.byte	0x24
 1048 00d8 9F       		.byte	0x9f
 1049 00d9 00000000 		.4byte	0
 1050 00dd 00000000 		.4byte	0
 1051              	.LLST5:
 1052 00e1 00000000 		.4byte	.LVL9
 1053 00e5 10000000 		.4byte	.LVL10
 1054 00e9 0100     		.2byte	0x1
 1055 00eb 50       		.byte	0x50
 1056 00ec 10000000 		.4byte	.LVL10
 1057 00f0 2A000000 		.4byte	.LFE9
 1058 00f4 0400     		.2byte	0x4
 1059 00f6 F3       		.byte	0xf3
 1060 00f7 01       		.uleb128 0x1
 1061 00f8 50       		.byte	0x50
 1062 00f9 9F       		.byte	0x9f
 1063 00fa 00000000 		.4byte	0
 1064 00fe 00000000 		.4byte	0
 1065              	.LLST6:
 1066 0102 00000000 		.4byte	.LVL9
 1067 0106 20000000 		.4byte	.LVL12
 1068 010a 0100     		.2byte	0x1
 1069 010c 51       		.byte	0x51
 1070 010d 20000000 		.4byte	.LVL12
 1071 0111 2A000000 		.4byte	.LFE9
 1072 0115 0400     		.2byte	0x4
 1073 0117 F3       		.byte	0xf3
 1074 0118 01       		.uleb128 0x1
 1075 0119 51       		.byte	0x51
 1076 011a 9F       		.byte	0x9f
 1077 011b 00000000 		.4byte	0
 1078 011f 00000000 		.4byte	0
 1079              	.LLST7:
ARM GAS  /tmp/cc7enFat.s 			page 20


 1080 0123 00000000 		.4byte	.LVL9
 1081 0127 10000000 		.4byte	.LVL10
 1082 012b 0700     		.2byte	0x7
 1083 012d 70       		.byte	0x70
 1084 012e 00       		.sleb128 0
 1085 012f 33       		.byte	0x33
 1086 0130 1A       		.byte	0x1a
 1087 0131 33       		.byte	0x33
 1088 0132 24       		.byte	0x24
 1089 0133 9F       		.byte	0x9f
 1090 0134 10000000 		.4byte	.LVL10
 1091 0138 14000000 		.4byte	.LVL11
 1092 013c 0800     		.2byte	0x8
 1093 013e F3       		.byte	0xf3
 1094 013f 01       		.uleb128 0x1
 1095 0140 50       		.byte	0x50
 1096 0141 33       		.byte	0x33
 1097 0142 1A       		.byte	0x1a
 1098 0143 33       		.byte	0x33
 1099 0144 24       		.byte	0x24
 1100 0145 9F       		.byte	0x9f
 1101 0146 14000000 		.4byte	.LVL11
 1102 014a 2A000000 		.4byte	.LFE9
 1103 014e 0100     		.2byte	0x1
 1104 0150 50       		.byte	0x50
 1105 0151 00000000 		.4byte	0
 1106 0155 00000000 		.4byte	0
 1107              		.section	.debug_aranges,"",%progbits
 1108 0000 2C000000 		.4byte	0x2c
 1109 0004 0200     		.2byte	0x2
 1110 0006 00000000 		.4byte	.Ldebug_info0
 1111 000a 04       		.byte	0x4
 1112 000b 00       		.byte	0
 1113 000c 0000     		.2byte	0
 1114 000e 0000     		.2byte	0
 1115 0010 00000000 		.4byte	.LFB7
 1116 0014 4A000000 		.4byte	.LFE7-.LFB7
 1117 0018 00000000 		.4byte	.LFB8
 1118 001c 44000000 		.4byte	.LFE8-.LFB8
 1119 0020 00000000 		.4byte	.LFB9
 1120 0024 2A000000 		.4byte	.LFE9-.LFB9
 1121 0028 00000000 		.4byte	0
 1122 002c 00000000 		.4byte	0
 1123              		.section	.debug_ranges,"",%progbits
 1124              	.Ldebug_ranges0:
 1125 0000 00000000 		.4byte	.LFB7
 1126 0004 4A000000 		.4byte	.LFE7
 1127 0008 00000000 		.4byte	.LFB8
 1128 000c 44000000 		.4byte	.LFE8
 1129 0010 00000000 		.4byte	.LFB9
 1130 0014 2A000000 		.4byte	.LFE9
 1131 0018 00000000 		.4byte	0
 1132 001c 00000000 		.4byte	0
 1133              		.section	.debug_line,"",%progbits
 1134              	.Ldebug_line0:
 1135 0000 D0000000 		.section	.debug_str,"MS",%progbits,1
 1135      02007E00 
ARM GAS  /tmp/cc7enFat.s 			page 21


 1135      00000201 
 1135      FB0E0D00 
 1135      01010101 
 1136              	.LASF42:
 1137 0000 7072696F 		.ascii	"prio\000"
 1137      00
 1138              	.LASF18:
 1139 0005 49435052 		.ascii	"ICPR\000"
 1139      00
 1140              	.LASF38:
 1141 000a 4D4D4652 		.ascii	"MMFR\000"
 1141      00
 1142              	.LASF9:
 1143 000f 5F426F6F 		.ascii	"_Bool\000"
 1143      6C00
 1144              	.LASF44:
 1145 0015 6E766963 		.ascii	"nvicDisableVector\000"
 1145      44697361 
 1145      626C6556 
 1145      6563746F 
 1145      7200
 1146              	.LASF25:
 1147 0027 434D785F 		.ascii	"CMx_NVIC\000"
 1147      4E564943 
 1147      00
 1148              	.LASF28:
 1149 0030 56544F52 		.ascii	"VTOR\000"
 1149      00
 1150              	.LASF14:
 1151 0035 49434552 		.ascii	"ICER\000"
 1151      00
 1152              	.LASF11:
 1153 003a 494F5245 		.ascii	"IOREG32\000"
 1153      47333200 
 1154              	.LASF2:
 1155 0042 756E7369 		.ascii	"unsigned char\000"
 1155      676E6564 
 1155      20636861 
 1155      7200
 1156              	.LASF13:
 1157 0050 756E7573 		.ascii	"unused1\000"
 1157      65643100 
 1158              	.LASF15:
 1159 0058 756E7573 		.ascii	"unused2\000"
 1159      65643200 
 1160              	.LASF17:
 1161 0060 756E7573 		.ascii	"unused3\000"
 1161      65643300 
 1162              	.LASF19:
 1163 0068 756E7573 		.ascii	"unused4\000"
 1163      65643400 
 1164              	.LASF21:
 1165 0070 756E7573 		.ascii	"unused5\000"
 1165      65643500 
 1166              	.LASF22:
 1167 0078 756E7573 		.ascii	"unused6\000"
 1167      65643600 
ARM GAS  /tmp/cc7enFat.s 			page 22


 1168              	.LASF4:
 1169 0080 73686F72 		.ascii	"short unsigned int\000"
 1169      7420756E 
 1169      7369676E 
 1169      65642069 
 1169      6E7400
 1170              	.LASF32:
 1171 0093 43465352 		.ascii	"CFSR\000"
 1171      00
 1172              	.LASF33:
 1173 0098 48465352 		.ascii	"HFSR\000"
 1173      00
 1174              	.LASF6:
 1175 009d 6C6F6E67 		.ascii	"long unsigned int\000"
 1175      20756E73 
 1175      69676E65 
 1175      6420696E 
 1175      7400
 1176              	.LASF39:
 1177 00af 43504143 		.ascii	"CPACR\000"
 1177      5200
 1178              	.LASF48:
 1179 00b5 2F686F6D 		.ascii	"/home/brian/aithon/ProjectTemplate\000"
 1179      652F6272 
 1179      69616E2F 
 1179      61697468 
 1179      6F6E2F50 
 1180              	.LASF3:
 1181 00d8 73686F72 		.ascii	"short int\000"
 1181      7420696E 
 1181      7400
 1182              	.LASF47:
 1183 00e2 2E2E2F41 		.ascii	"../AithonLibrary/ChibiOS/os/ports/common/ARMCMx/nvi"
 1183      6974686F 
 1183      6E4C6962 
 1183      72617279 
 1183      2F436869 
 1184 0115 632E6300 		.ascii	"c.c\000"
 1185              	.LASF46:
 1186 0119 474E5520 		.ascii	"GNU C 4.8.3 20131129 (release) [ARM/embedded-4_8-br"
 1186      4320342E 
 1186      382E3320 
 1186      32303133 
 1186      31313239 
 1187 014c 616E6368 		.ascii	"anch revision 205641] -mcpu=cortex-m4 -mfloat-abi=s"
 1187      20726576 
 1187      6973696F 
 1187      6E203230 
 1187      35363431 
 1188 017f 6F667466 		.ascii	"oftfp -mfpu=fpv4-sp-d16 -mno-thumb-interwork -mthum"
 1188      70202D6D 
 1188      6670753D 
 1188      66707634 
 1188      2D73702D 
 1189 01b2 62202D67 		.ascii	"b -ggdb -O2 -fomit-frame-pointer -falign-functions="
 1189      67646220 
 1189      2D4F3220 
ARM GAS  /tmp/cc7enFat.s 			page 23


 1189      2D666F6D 
 1189      69742D66 
 1190 01e5 3136202D 		.ascii	"16 -fsingle-precision-constant -ffunction-sections "
 1190      6673696E 
 1190      676C652D 
 1190      70726563 
 1190      6973696F 
 1191 0218 2D666461 		.ascii	"-fdata-sections -fno-common\000"
 1191      74612D73 
 1191      65637469 
 1191      6F6E7320 
 1191      2D666E6F 
 1192              	.LASF0:
 1193 0234 756E7369 		.ascii	"unsigned int\000"
 1193      676E6564 
 1193      20696E74 
 1193      00
 1194              	.LASF16:
 1195 0241 49535052 		.ascii	"ISPR\000"
 1195      00
 1196              	.LASF34:
 1197 0246 44465352 		.ascii	"DFSR\000"
 1197      00
 1198              	.LASF8:
 1199 024b 6C6F6E67 		.ascii	"long long unsigned int\000"
 1199      206C6F6E 
 1199      6720756E 
 1199      7369676E 
 1199      65642069 
 1200              	.LASF27:
 1201 0262 49435352 		.ascii	"ICSR\000"
 1201      00
 1202              	.LASF40:
 1203 0267 434D785F 		.ascii	"CMx_SCB\000"
 1203      53434200 
 1204              	.LASF29:
 1205 026f 41495243 		.ascii	"AIRCR\000"
 1205      5200
 1206              	.LASF36:
 1207 0275 42464152 		.ascii	"BFAR\000"
 1207      00
 1208              	.LASF45:
 1209 027a 68616E64 		.ascii	"handler\000"
 1209      6C657200 
 1210              	.LASF24:
 1211 0282 73697A65 		.ascii	"sizetype\000"
 1211      74797065 
 1211      00
 1212              	.LASF23:
 1213 028b 53544952 		.ascii	"STIR\000"
 1213      00
 1214              	.LASF7:
 1215 0290 6C6F6E67 		.ascii	"long long int\000"
 1215      206C6F6E 
 1215      6720696E 
 1215      7400
 1216              	.LASF26:
ARM GAS  /tmp/cc7enFat.s 			page 24


 1217 029e 43505549 		.ascii	"CPUID\000"
 1217      4400
 1218              	.LASF12:
 1219 02a4 49534552 		.ascii	"ISER\000"
 1219      00
 1220              	.LASF37:
 1221 02a9 41465352 		.ascii	"AFSR\000"
 1221      00
 1222              	.LASF35:
 1223 02ae 4D4D4641 		.ascii	"MMFAR\000"
 1223      5200
 1224              	.LASF31:
 1225 02b4 53484353 		.ascii	"SHCSR\000"
 1225      5200
 1226              	.LASF10:
 1227 02ba 75696E74 		.ascii	"uint32_t\000"
 1227      33325F74 
 1227      00
 1228              	.LASF5:
 1229 02c3 6C6F6E67 		.ascii	"long int\000"
 1229      20696E74 
 1229      00
 1230              	.LASF41:
 1231 02cc 63686172 		.ascii	"char\000"
 1231      00
 1232              	.LASF30:
 1233 02d1 53485052 		.ascii	"SHPR\000"
 1233      00
 1234              	.LASF1:
 1235 02d6 7369676E 		.ascii	"signed char\000"
 1235      65642063 
 1235      68617200 
 1236              	.LASF49:
 1237 02e2 6E766963 		.ascii	"nvicSetSystemHandlerPriority\000"
 1237      53657453 
 1237      79737465 
 1237      6D48616E 
 1237      646C6572 
 1238              	.LASF20:
 1239 02ff 49414252 		.ascii	"IABR\000"
 1239      00
 1240              	.LASF43:
 1241 0304 6E766963 		.ascii	"nvicEnableVector\000"
 1241      456E6162 
 1241      6C655665 
 1241      63746F72 
 1241      00
 1242              		.ident	"GCC: (GNU Tools for ARM Embedded Processors) 4.8.3 20131129 (release) [ARM/embedded-4_8-br
ARM GAS  /tmp/cc7enFat.s 			page 25


DEFINED SYMBOLS
                            *ABS*:0000000000000000 nvic.c
     /tmp/cc7enFat.s:20     .text.nvicEnableVector:0000000000000000 $t
     /tmp/cc7enFat.s:26     .text.nvicEnableVector:0000000000000000 nvicEnableVector
     /tmp/cc7enFat.s:85     .text.nvicDisableVector:0000000000000000 $t
     /tmp/cc7enFat.s:91     .text.nvicDisableVector:0000000000000000 nvicDisableVector
     /tmp/cc7enFat.s:136    .text.nvicDisableVector:0000000000000040 $d
     /tmp/cc7enFat.s:141    .text.nvicSetSystemHandlerPriority:0000000000000000 $t
     /tmp/cc7enFat.s:147    .text.nvicSetSystemHandlerPriority:0000000000000000 nvicSetSystemHandlerPriority
                     .debug_frame:0000000000000010 $d
     /tmp/cc7enFat.s:140    .text.nvicDisableVector:0000000000000044 $t

NO UNDEFINED SYMBOLS
