ARM GAS  /tmp/ccB4Oa6p.s 			page 1


   1              		.syntax unified
   2              		.cpu cortex-m4
   3              		.eabi_attribute 27, 3
   4              		.fpu fpv4-sp-d16
   5              		.eabi_attribute 20, 1
   6              		.eabi_attribute 21, 1
   7              		.eabi_attribute 23, 3
   8              		.eabi_attribute 24, 1
   9              		.eabi_attribute 25, 1
  10              		.eabi_attribute 26, 1
  11              		.eabi_attribute 30, 2
  12              		.eabi_attribute 34, 1
  13              		.eabi_attribute 18, 4
  14              		.thumb
  15              		.file	"pwm.c"
  16              		.text
  17              	.Ltext0:
  18              		.cfi_sections	.debug_frame
  19              		.section	.text.pwmInit,"ax",%progbits
  20              		.align	2
  21              		.p2align 4,,15
  22              		.global	pwmInit
  23              		.thumb
  24              		.thumb_func
  25              		.type	pwmInit, %function
  26              	pwmInit:
  27              	.LFB118:
  28              		.file 1 "../AithonLibrary/ChibiOS/os/hal/src/pwm.c"
  29              		.loc 1 68 0
  30              		.cfi_startproc
  31              		@ args = 0, pretend = 0, frame = 0
  32              		@ frame_needed = 0, uses_anonymous_args = 0
  33              		@ link register save eliminated.
  34              		.loc 1 70 0
  35 0000 FFF7FEBF 		b	pwm_lld_init
  36              	.LVL0:
  37              		.cfi_endproc
  38              	.LFE118:
  39              		.size	pwmInit, .-pwmInit
  40 0004 AFF30080 		.section	.text.pwmObjectInit,"ax",%progbits
  40      AFF30080 
  40      AFF30080 
  41              		.align	2
  42              		.p2align 4,,15
  43              		.global	pwmObjectInit
  44              		.thumb
  45              		.thumb_func
  46              		.type	pwmObjectInit, %function
  47              	pwmObjectInit:
  48              	.LFB119:
  49              		.loc 1 80 0
  50              		.cfi_startproc
  51              		@ args = 0, pretend = 0, frame = 0
  52              		@ frame_needed = 0, uses_anonymous_args = 0
  53              		@ link register save eliminated.
  54              	.LVL1:
  55              		.loc 1 82 0
ARM GAS  /tmp/ccB4Oa6p.s 			page 2


  56 0000 0122     		movs	r2, #1
  57              		.loc 1 83 0
  58 0002 0023     		movs	r3, #0
  59              		.loc 1 82 0
  60 0004 0270     		strb	r2, [r0]
  61              		.loc 1 83 0
  62 0006 4360     		str	r3, [r0, #4]
  63 0008 7047     		bx	lr
  64              		.cfi_endproc
  65              	.LFE119:
  66              		.size	pwmObjectInit, .-pwmObjectInit
  67 000a 00BFAFF3 		.section	.text.pwmStart,"ax",%progbits
  67      0080
  68              		.align	2
  69              		.p2align 4,,15
  70              		.global	pwmStart
  71              		.thumb
  72              		.thumb_func
  73              		.type	pwmStart, %function
  74              	pwmStart:
  75              	.LFB120:
  76              		.loc 1 99 0
  77              		.cfi_startproc
  78              		@ args = 0, pretend = 0, frame = 0
  79              		@ frame_needed = 0, uses_anonymous_args = 0
  80              	.LVL2:
  81 0000 10B5     		push	{r4, lr}
  82              		.cfi_def_cfa_offset 8
  83              		.cfi_offset 4, -8
  84              		.cfi_offset 14, -4
  85              	.LBB2:
  86              		.loc 1 103 0
  87 0002 2023     		movs	r3, #32
  88              	.LBE2:
  89              		.loc 1 99 0
  90 0004 0446     		mov	r4, r0
  91              	.LBB3:
  92              		.loc 1 103 0
  93              	@ 103 "../AithonLibrary/ChibiOS/os/hal/src/pwm.c" 1
  94 0006 83F31188 		msr     BASEPRI, r3
  95              	@ 0 "" 2
  96              		.thumb
  97              	.LBE3:
  98              		.loc 1 107 0
  99 000a 8B88     		ldrh	r3, [r1, #4]
 100 000c 0381     		strh	r3, [r0, #8]	@ movhi
 101              		.loc 1 106 0
 102 000e 4160     		str	r1, [r0, #4]
 103              		.loc 1 108 0
 104 0010 FFF7FEFF 		bl	pwm_lld_start
 105              	.LVL3:
 106              		.loc 1 109 0
 107 0014 0223     		movs	r3, #2
 108 0016 2370     		strb	r3, [r4]
 109              	.LBB4:
 110              		.loc 1 110 0
 111 0018 0023     		movs	r3, #0
ARM GAS  /tmp/ccB4Oa6p.s 			page 3


 112              	@ 110 "../AithonLibrary/ChibiOS/os/hal/src/pwm.c" 1
 113 001a 83F31188 		msr     BASEPRI, r3
 114              	@ 0 "" 2
 115              		.thumb
 116 001e 10BD     		pop	{r4, pc}
 117              	.LBE4:
 118              		.cfi_endproc
 119              	.LFE120:
 120              		.size	pwmStart, .-pwmStart
 121              		.section	.text.pwmStop,"ax",%progbits
 122              		.align	2
 123              		.p2align 4,,15
 124              		.global	pwmStop
 125              		.thumb
 126              		.thumb_func
 127              		.type	pwmStop, %function
 128              	pwmStop:
 129              	.LFB121:
 130              		.loc 1 120 0
 131              		.cfi_startproc
 132              		@ args = 0, pretend = 0, frame = 0
 133              		@ frame_needed = 0, uses_anonymous_args = 0
 134              	.LVL4:
 135 0000 10B5     		push	{r4, lr}
 136              		.cfi_def_cfa_offset 8
 137              		.cfi_offset 4, -8
 138              		.cfi_offset 14, -4
 139              	.LBB5:
 140              		.loc 1 124 0
 141 0002 2023     		movs	r3, #32
 142              	.LBE5:
 143              		.loc 1 120 0
 144 0004 0446     		mov	r4, r0
 145              	.LBB6:
 146              		.loc 1 124 0
 147              	@ 124 "../AithonLibrary/ChibiOS/os/hal/src/pwm.c" 1
 148 0006 83F31188 		msr     BASEPRI, r3
 149              	@ 0 "" 2
 150              		.thumb
 151              	.LBE6:
 152              		.loc 1 127 0
 153 000a FFF7FEFF 		bl	pwm_lld_stop
 154              	.LVL5:
 155              		.loc 1 128 0
 156 000e 0123     		movs	r3, #1
 157 0010 2370     		strb	r3, [r4]
 158              	.LBB7:
 159              		.loc 1 129 0
 160 0012 0023     		movs	r3, #0
 161              	@ 129 "../AithonLibrary/ChibiOS/os/hal/src/pwm.c" 1
 162 0014 83F31188 		msr     BASEPRI, r3
 163              	@ 0 "" 2
 164              		.thumb
 165 0018 10BD     		pop	{r4, pc}
 166              	.LBE7:
 167              		.cfi_endproc
 168              	.LFE121:
ARM GAS  /tmp/ccB4Oa6p.s 			page 4


 169              		.size	pwmStop, .-pwmStop
 170 001a 00BFAFF3 		.section	.text.pwmChangePeriod,"ax",%progbits
 170      0080
 171              		.align	2
 172              		.p2align 4,,15
 173              		.global	pwmChangePeriod
 174              		.thumb
 175              		.thumb_func
 176              		.type	pwmChangePeriod, %function
 177              	pwmChangePeriod:
 178              	.LFB122:
 179              		.loc 1 147 0
 180              		.cfi_startproc
 181              		@ args = 0, pretend = 0, frame = 0
 182              		@ frame_needed = 0, uses_anonymous_args = 0
 183              		@ link register save eliminated.
 184              	.LVL6:
 185              	.LBB8:
 186              		.loc 1 151 0
 187 0000 2023     		movs	r3, #32
 188              	@ 151 "../AithonLibrary/ChibiOS/os/hal/src/pwm.c" 1
 189 0002 83F31188 		msr     BASEPRI, r3
 190              	@ 0 "" 2
 191              		.thumb
 192              	.LBE8:
 193              		.loc 1 154 0
 194 0006 0369     		ldr	r3, [r0, #16]
 195 0008 0181     		strh	r1, [r0, #8]	@ movhi
 196 000a 4A1E     		subs	r2, r1, #1
 197 000c 92B2     		uxth	r2, r2
 198 000e DA62     		str	r2, [r3, #44]
 199              	.LBB9:
 200              		.loc 1 155 0
 201 0010 0023     		movs	r3, #0
 202              	@ 155 "../AithonLibrary/ChibiOS/os/hal/src/pwm.c" 1
 203 0012 83F31188 		msr     BASEPRI, r3
 204              	@ 0 "" 2
 205              		.thumb
 206 0016 7047     		bx	lr
 207              	.LBE9:
 208              		.cfi_endproc
 209              	.LFE122:
 210              		.size	pwmChangePeriod, .-pwmChangePeriod
 211 0018 AFF30080 		.section	.text.pwmEnableChannel,"ax",%progbits
 211      AFF30080 
 212              		.align	2
 213              		.p2align 4,,15
 214              		.global	pwmEnableChannel
 215              		.thumb
 216              		.thumb_func
 217              		.type	pwmEnableChannel, %function
 218              	pwmEnableChannel:
 219              	.LFB123:
 220              		.loc 1 174 0
 221              		.cfi_startproc
 222              		@ args = 0, pretend = 0, frame = 0
 223              		@ frame_needed = 0, uses_anonymous_args = 0
ARM GAS  /tmp/ccB4Oa6p.s 			page 5


 224              	.LVL7:
 225 0000 08B5     		push	{r3, lr}
 226              		.cfi_def_cfa_offset 8
 227              		.cfi_offset 3, -8
 228              		.cfi_offset 14, -4
 229              	.LBB10:
 230              		.loc 1 179 0
 231 0002 2023     		movs	r3, #32
 232              	@ 179 "../AithonLibrary/ChibiOS/os/hal/src/pwm.c" 1
 233 0004 83F31188 		msr     BASEPRI, r3
 234              	@ 0 "" 2
 235              		.thumb
 236              	.LBE10:
 237              		.loc 1 182 0
 238 0008 FFF7FEFF 		bl	pwm_lld_enable_channel
 239              	.LVL8:
 240              	.LBB11:
 241              		.loc 1 183 0
 242 000c 0023     		movs	r3, #0
 243              	@ 183 "../AithonLibrary/ChibiOS/os/hal/src/pwm.c" 1
 244 000e 83F31188 		msr     BASEPRI, r3
 245              	@ 0 "" 2
 246              		.thumb
 247 0012 08BD     		pop	{r3, pc}
 248              	.LBE11:
 249              		.cfi_endproc
 250              	.LFE123:
 251              		.size	pwmEnableChannel, .-pwmEnableChannel
 252 0014 AFF30080 		.section	.text.pwmDisableChannel,"ax",%progbits
 252      AFF30080 
 252      AFF30080 
 253              		.align	2
 254              		.p2align 4,,15
 255              		.global	pwmDisableChannel
 256              		.thumb
 257              		.thumb_func
 258              		.type	pwmDisableChannel, %function
 259              	pwmDisableChannel:
 260              	.LFB124:
 261              		.loc 1 200 0
 262              		.cfi_startproc
 263              		@ args = 0, pretend = 0, frame = 0
 264              		@ frame_needed = 0, uses_anonymous_args = 0
 265              	.LVL9:
 266 0000 08B5     		push	{r3, lr}
 267              		.cfi_def_cfa_offset 8
 268              		.cfi_offset 3, -8
 269              		.cfi_offset 14, -4
 270              	.LBB12:
 271              		.loc 1 205 0
 272 0002 2023     		movs	r3, #32
 273              	@ 205 "../AithonLibrary/ChibiOS/os/hal/src/pwm.c" 1
 274 0004 83F31188 		msr     BASEPRI, r3
 275              	@ 0 "" 2
 276              		.thumb
 277              	.LBE12:
 278              		.loc 1 208 0
ARM GAS  /tmp/ccB4Oa6p.s 			page 6


 279 0008 FFF7FEFF 		bl	pwm_lld_disable_channel
 280              	.LVL10:
 281              	.LBB13:
 282              		.loc 1 209 0
 283 000c 0023     		movs	r3, #0
 284              	@ 209 "../AithonLibrary/ChibiOS/os/hal/src/pwm.c" 1
 285 000e 83F31188 		msr     BASEPRI, r3
 286              	@ 0 "" 2
 287              		.thumb
 288 0012 08BD     		pop	{r3, pc}
 289              	.LBE13:
 290              		.cfi_endproc
 291              	.LFE124:
 292              		.size	pwmDisableChannel, .-pwmDisableChannel
 293 0014 AFF30080 		.text
 293      AFF30080 
 293      AFF30080 
 294              	.Letext0:
 295              		.file 2 "/usr/arm-none-eabi/include/stdint.h"
 296              		.file 3 "../AithonLibrary/ChibiOS/os/hal/include/pwm.h"
 297              		.file 4 "../AithonLibrary/ChibiOS/os/hal/platforms/STM32/TIMv1/pwm_lld.h"
 298              		.file 5 "../AithonLibrary/ChibiOS/os/hal/platforms/STM32/TIMv1/stm32_tim.h"
 299              		.file 6 "../AithonLibrary/ChibiOS/os/ports/common/ARMCMx/CMSIS/include/core_cm4.h"
 300              		.section	.debug_info,"",%progbits
 301              	.Ldebug_info0:
 302 0000 62060000 		.4byte	0x662
 303 0004 0400     		.2byte	0x4
 304 0006 00000000 		.4byte	.Ldebug_abbrev0
 305 000a 04       		.byte	0x4
 306 000b 01       		.uleb128 0x1
 307 000c 0D020000 		.4byte	.LASF61
 308 0010 01       		.byte	0x1
 309 0011 B4010000 		.4byte	.LASF62
 310 0015 DD000000 		.4byte	.LASF63
 311 0019 30000000 		.4byte	.Ldebug_ranges0+0x30
 312 001d 00000000 		.4byte	0
 313 0021 00000000 		.4byte	.Ldebug_line0
 314 0025 02       		.uleb128 0x2
 315 0026 04       		.byte	0x4
 316 0027 05       		.byte	0x5
 317 0028 696E7400 		.ascii	"int\000"
 318 002c 03       		.uleb128 0x3
 319 002d 04       		.byte	0x4
 320 002e 07       		.byte	0x7
 321 002f 9E010000 		.4byte	.LASF0
 322 0033 03       		.uleb128 0x3
 323 0034 01       		.byte	0x1
 324 0035 06       		.byte	0x6
 325 0036 72010000 		.4byte	.LASF1
 326 003a 04       		.uleb128 0x4
 327 003b 80000000 		.4byte	.LASF4
 328 003f 02       		.byte	0x2
 329 0040 2A       		.byte	0x2a
 330 0041 45000000 		.4byte	0x45
 331 0045 03       		.uleb128 0x3
 332 0046 01       		.byte	0x1
 333 0047 08       		.byte	0x8
ARM GAS  /tmp/ccB4Oa6p.s 			page 7


 334 0048 1E010000 		.4byte	.LASF2
 335 004c 03       		.uleb128 0x3
 336 004d 02       		.byte	0x2
 337 004e 05       		.byte	0x5
 338 004f 1C000000 		.4byte	.LASF3
 339 0053 04       		.uleb128 0x4
 340 0054 AB010000 		.4byte	.LASF5
 341 0058 02       		.byte	0x2
 342 0059 36       		.byte	0x36
 343 005a 5E000000 		.4byte	0x5e
 344 005e 03       		.uleb128 0x3
 345 005f 02       		.byte	0x2
 346 0060 07       		.byte	0x7
 347 0061 E8010000 		.4byte	.LASF6
 348 0065 04       		.uleb128 0x4
 349 0066 3E030000 		.4byte	.LASF7
 350 006a 02       		.byte	0x2
 351 006b 4F       		.byte	0x4f
 352 006c 70000000 		.4byte	0x70
 353 0070 03       		.uleb128 0x3
 354 0071 04       		.byte	0x4
 355 0072 05       		.byte	0x5
 356 0073 BB000000 		.4byte	.LASF8
 357 0077 04       		.uleb128 0x4
 358 0078 95010000 		.4byte	.LASF9
 359 007c 02       		.byte	0x2
 360 007d 50       		.byte	0x50
 361 007e 82000000 		.4byte	0x82
 362 0082 03       		.uleb128 0x3
 363 0083 04       		.byte	0x4
 364 0084 07       		.byte	0x7
 365 0085 64030000 		.4byte	.LASF10
 366 0089 03       		.uleb128 0x3
 367 008a 08       		.byte	0x8
 368 008b 05       		.byte	0x5
 369 008c AD000000 		.4byte	.LASF11
 370 0090 03       		.uleb128 0x3
 371 0091 08       		.byte	0x8
 372 0092 07       		.byte	0x7
 373 0093 7E010000 		.4byte	.LASF12
 374 0097 03       		.uleb128 0x3
 375 0098 01       		.byte	0x1
 376 0099 02       		.byte	0x2
 377 009a 46030000 		.4byte	.LASF13
 378 009e 05       		.uleb128 0x5
 379 009f 77000000 		.4byte	0x77
 380 00a3 03       		.uleb128 0x3
 381 00a4 04       		.byte	0x4
 382 00a5 07       		.byte	0x7
 383 00a6 2F000000 		.4byte	.LASF14
 384 00aa 03       		.uleb128 0x3
 385 00ab 01       		.byte	0x1
 386 00ac 08       		.byte	0x8
 387 00ad 08020000 		.4byte	.LASF15
 388 00b1 06       		.uleb128 0x6
 389 00b2 77000000 		.4byte	0x77
 390 00b6 C1000000 		.4byte	0xc1
ARM GAS  /tmp/ccB4Oa6p.s 			page 8


 391 00ba 07       		.uleb128 0x7
 392 00bb A3000000 		.4byte	0xa3
 393 00bf 03       		.byte	0x3
 394 00c0 00       		.byte	0
 395 00c1 05       		.uleb128 0x5
 396 00c2 65000000 		.4byte	0x65
 397 00c6 08       		.uleb128 0x8
 398 00c7 01       		.byte	0x1
 399 00c8 03       		.byte	0x3
 400 00c9 55       		.byte	0x55
 401 00ca E1000000 		.4byte	0xe1
 402 00ce 09       		.uleb128 0x9
 403 00cf 31010000 		.4byte	.LASF16
 404 00d3 00       		.sleb128 0
 405 00d4 09       		.uleb128 0x9
 406 00d5 86030000 		.4byte	.LASF17
 407 00d9 01       		.sleb128 1
 408 00da 09       		.uleb128 0x9
 409 00db 7C030000 		.4byte	.LASF18
 410 00df 02       		.sleb128 2
 411 00e0 00       		.byte	0
 412 00e1 04       		.uleb128 0x4
 413 00e2 D3030000 		.4byte	.LASF19
 414 00e6 03       		.byte	0x3
 415 00e7 59       		.byte	0x59
 416 00e8 C6000000 		.4byte	0xc6
 417 00ec 04       		.uleb128 0x4
 418 00ed 34030000 		.4byte	.LASF20
 419 00f1 03       		.byte	0x3
 420 00f2 5E       		.byte	0x5e
 421 00f3 F7000000 		.4byte	0xf7
 422 00f7 0A       		.uleb128 0xa
 423 00f8 34030000 		.4byte	.LASF20
 424 00fc 14       		.byte	0x14
 425 00fd 04       		.byte	0x4
 426 00fe 6F01     		.2byte	0x16f
 427 0100 46010000 		.4byte	0x146
 428 0104 0B       		.uleb128 0xb
 429 0105 0A000000 		.4byte	.LASF21
 430 0109 04       		.byte	0x4
 431 010a 7301     		.2byte	0x173
 432 010c E1000000 		.4byte	0xe1
 433 0110 00       		.byte	0
 434 0111 0B       		.uleb128 0xb
 435 0112 6B000000 		.4byte	.LASF22
 436 0116 04       		.byte	0x4
 437 0117 7701     		.2byte	0x177
 438 0119 67030000 		.4byte	0x367
 439 011d 04       		.byte	0x4
 440 011e 0B       		.uleb128 0xb
 441 011f D6000000 		.4byte	.LASF23
 442 0123 04       		.byte	0x4
 443 0124 7B01     		.2byte	0x17b
 444 0126 AA020000 		.4byte	0x2aa
 445 012a 08       		.byte	0x8
 446 012b 0B       		.uleb128 0xb
 447 012c 76030000 		.4byte	.LASF24
ARM GAS  /tmp/ccB4Oa6p.s 			page 9


 448 0130 04       		.byte	0x4
 449 0131 8301     		.2byte	0x183
 450 0133 77000000 		.4byte	0x77
 451 0137 0C       		.byte	0xc
 452 0138 0C       		.uleb128 0xc
 453 0139 74696D00 		.ascii	"tim\000"
 454 013d 04       		.byte	0x4
 455 013e 8701     		.2byte	0x187
 456 0140 72030000 		.4byte	0x372
 457 0144 10       		.byte	0x10
 458 0145 00       		.byte	0
 459 0146 04       		.uleb128 0x4
 460 0147 DE030000 		.4byte	.LASF25
 461 014b 03       		.byte	0x3
 462 014c 65       		.byte	0x65
 463 014d 51010000 		.4byte	0x151
 464 0151 0D       		.uleb128 0xd
 465 0152 04       		.byte	0x4
 466 0153 57010000 		.4byte	0x157
 467 0157 0E       		.uleb128 0xe
 468 0158 62010000 		.4byte	0x162
 469 015c 0F       		.uleb128 0xf
 470 015d 62010000 		.4byte	0x162
 471 0161 00       		.byte	0
 472 0162 0D       		.uleb128 0xd
 473 0163 04       		.byte	0x4
 474 0164 EC000000 		.4byte	0xec
 475 0168 10       		.uleb128 0x10
 476 0169 60       		.byte	0x60
 477 016a 05       		.byte	0x5
 478 016b 9E01     		.2byte	0x19e
 479 016d 81020000 		.4byte	0x281
 480 0171 0C       		.uleb128 0xc
 481 0172 43523100 		.ascii	"CR1\000"
 482 0176 05       		.byte	0x5
 483 0177 9F01     		.2byte	0x19f
 484 0179 9E000000 		.4byte	0x9e
 485 017d 00       		.byte	0
 486 017e 0C       		.uleb128 0xc
 487 017f 43523200 		.ascii	"CR2\000"
 488 0183 05       		.byte	0x5
 489 0184 A001     		.2byte	0x1a0
 490 0186 9E000000 		.4byte	0x9e
 491 018a 04       		.byte	0x4
 492 018b 0B       		.uleb128 0xb
 493 018c 2C010000 		.4byte	.LASF26
 494 0190 05       		.byte	0x5
 495 0191 A101     		.2byte	0x1a1
 496 0193 9E000000 		.4byte	0x9e
 497 0197 08       		.byte	0x8
 498 0198 0B       		.uleb128 0xb
 499 0199 E3010000 		.4byte	.LASF27
 500 019d 05       		.byte	0x5
 501 019e A201     		.2byte	0x1a2
 502 01a0 9E000000 		.4byte	0x9e
 503 01a4 0C       		.byte	0xc
 504 01a5 0C       		.uleb128 0xc
ARM GAS  /tmp/ccB4Oa6p.s 			page 10


 505 01a6 535200   		.ascii	"SR\000"
 506 01a9 05       		.byte	0x5
 507 01aa A301     		.2byte	0x1a3
 508 01ac 9E000000 		.4byte	0x9e
 509 01b0 10       		.byte	0x10
 510 01b1 0C       		.uleb128 0xc
 511 01b2 45475200 		.ascii	"EGR\000"
 512 01b6 05       		.byte	0x5
 513 01b7 A401     		.2byte	0x1a4
 514 01b9 9E000000 		.4byte	0x9e
 515 01bd 14       		.byte	0x14
 516 01be 0B       		.uleb128 0xb
 517 01bf 00010000 		.4byte	.LASF28
 518 01c3 05       		.byte	0x5
 519 01c4 A501     		.2byte	0x1a5
 520 01c6 9E000000 		.4byte	0x9e
 521 01ca 18       		.byte	0x18
 522 01cb 0B       		.uleb128 0xb
 523 01cc 10000000 		.4byte	.LASF29
 524 01d0 05       		.byte	0x5
 525 01d1 A601     		.2byte	0x1a6
 526 01d3 9E000000 		.4byte	0x9e
 527 01d7 1C       		.byte	0x1c
 528 01d8 0B       		.uleb128 0xb
 529 01d9 00000000 		.4byte	.LASF30
 530 01dd 05       		.byte	0x5
 531 01de A701     		.2byte	0x1a7
 532 01e0 9E000000 		.4byte	0x9e
 533 01e4 20       		.byte	0x20
 534 01e5 0C       		.uleb128 0xc
 535 01e6 434E5400 		.ascii	"CNT\000"
 536 01ea 05       		.byte	0x5
 537 01eb A801     		.2byte	0x1a8
 538 01ed 9E000000 		.4byte	0x9e
 539 01f1 24       		.byte	0x24
 540 01f2 0C       		.uleb128 0xc
 541 01f3 50534300 		.ascii	"PSC\000"
 542 01f7 05       		.byte	0x5
 543 01f8 A901     		.2byte	0x1a9
 544 01fa 9E000000 		.4byte	0x9e
 545 01fe 28       		.byte	0x28
 546 01ff 0C       		.uleb128 0xc
 547 0200 41525200 		.ascii	"ARR\000"
 548 0204 05       		.byte	0x5
 549 0205 AA01     		.2byte	0x1aa
 550 0207 9E000000 		.4byte	0x9e
 551 020b 2C       		.byte	0x2c
 552 020c 0C       		.uleb128 0xc
 553 020d 52435200 		.ascii	"RCR\000"
 554 0211 05       		.byte	0x5
 555 0212 AB01     		.2byte	0x1ab
 556 0214 9E000000 		.4byte	0x9e
 557 0218 30       		.byte	0x30
 558 0219 0C       		.uleb128 0xc
 559 021a 43435200 		.ascii	"CCR\000"
 560 021e 05       		.byte	0x5
 561 021f AC01     		.2byte	0x1ac
ARM GAS  /tmp/ccB4Oa6p.s 			page 11


 562 0221 81020000 		.4byte	0x281
 563 0225 34       		.byte	0x34
 564 0226 0B       		.uleb128 0xb
 565 0227 DE010000 		.4byte	.LASF31
 566 022b 05       		.byte	0x5
 567 022c AD01     		.2byte	0x1ad
 568 022e 9E000000 		.4byte	0x9e
 569 0232 44       		.byte	0x44
 570 0233 0C       		.uleb128 0xc
 571 0234 44435200 		.ascii	"DCR\000"
 572 0238 05       		.byte	0x5
 573 0239 AE01     		.2byte	0x1ae
 574 023b 9E000000 		.4byte	0x9e
 575 023f 48       		.byte	0x48
 576 0240 0B       		.uleb128 0xb
 577 0241 05000000 		.4byte	.LASF32
 578 0245 05       		.byte	0x5
 579 0246 AF01     		.2byte	0x1af
 580 0248 9E000000 		.4byte	0x9e
 581 024c 4C       		.byte	0x4c
 582 024d 0C       		.uleb128 0xc
 583 024e 4F5200   		.ascii	"OR\000"
 584 0251 05       		.byte	0x5
 585 0252 B001     		.2byte	0x1b0
 586 0254 9E000000 		.4byte	0x9e
 587 0258 50       		.byte	0x50
 588 0259 0B       		.uleb128 0xb
 589 025a 16000000 		.4byte	.LASF33
 590 025e 05       		.byte	0x5
 591 025f B101     		.2byte	0x1b1
 592 0261 9E000000 		.4byte	0x9e
 593 0265 54       		.byte	0x54
 594 0266 0B       		.uleb128 0xb
 595 0267 CC000000 		.4byte	.LASF34
 596 026b 05       		.byte	0x5
 597 026c B201     		.2byte	0x1b2
 598 026e 9E000000 		.4byte	0x9e
 599 0272 58       		.byte	0x58
 600 0273 0B       		.uleb128 0xb
 601 0274 D1000000 		.4byte	.LASF35
 602 0278 05       		.byte	0x5
 603 0279 B301     		.2byte	0x1b3
 604 027b 9E000000 		.4byte	0x9e
 605 027f 5C       		.byte	0x5c
 606 0280 00       		.byte	0
 607 0281 05       		.uleb128 0x5
 608 0282 B1000000 		.4byte	0xb1
 609 0286 11       		.uleb128 0x11
 610 0287 28030000 		.4byte	.LASF36
 611 028b 05       		.byte	0x5
 612 028c B401     		.2byte	0x1b4
 613 028e 68010000 		.4byte	0x168
 614 0292 11       		.uleb128 0x11
 615 0293 B7030000 		.4byte	.LASF37
 616 0297 04       		.byte	0x4
 617 0298 2001     		.2byte	0x120
 618 029a 77000000 		.4byte	0x77
ARM GAS  /tmp/ccB4Oa6p.s 			page 12


 619 029e 11       		.uleb128 0x11
 620 029f 50000000 		.4byte	.LASF38
 621 02a3 04       		.byte	0x4
 622 02a4 2501     		.2byte	0x125
 623 02a6 3A000000 		.4byte	0x3a
 624 02aa 11       		.uleb128 0x11
 625 02ab 26000000 		.4byte	.LASF39
 626 02af 04       		.byte	0x4
 627 02b0 2A01     		.2byte	0x12a
 628 02b2 53000000 		.4byte	0x53
 629 02b6 10       		.uleb128 0x10
 630 02b7 08       		.byte	0x8
 631 02b8 04       		.byte	0x4
 632 02b9 2F01     		.2byte	0x12f
 633 02bb DA020000 		.4byte	0x2da
 634 02bf 0B       		.uleb128 0xb
 635 02c0 5D000000 		.4byte	.LASF40
 636 02c4 04       		.byte	0x4
 637 02c5 3301     		.2byte	0x133
 638 02c7 92020000 		.4byte	0x292
 639 02cb 00       		.byte	0
 640 02cc 0B       		.uleb128 0xb
 641 02cd EC030000 		.4byte	.LASF41
 642 02d1 04       		.byte	0x4
 643 02d2 3901     		.2byte	0x139
 644 02d4 46010000 		.4byte	0x146
 645 02d8 04       		.byte	0x4
 646 02d9 00       		.byte	0
 647 02da 11       		.uleb128 0x11
 648 02db A6030000 		.4byte	.LASF42
 649 02df 04       		.byte	0x4
 650 02e0 3B01     		.2byte	0x13b
 651 02e2 B6020000 		.4byte	0x2b6
 652 02e6 10       		.uleb128 0x10
 653 02e7 38       		.byte	0x38
 654 02e8 04       		.byte	0x4
 655 02e9 4001     		.2byte	0x140
 656 02eb 4B030000 		.4byte	0x34b
 657 02ef 0B       		.uleb128 0xb
 658 02f0 9C030000 		.4byte	.LASF43
 659 02f4 04       		.byte	0x4
 660 02f5 4601     		.2byte	0x146
 661 02f7 77000000 		.4byte	0x77
 662 02fb 00       		.byte	0
 663 02fc 0B       		.uleb128 0xb
 664 02fd D6000000 		.4byte	.LASF23
 665 0301 04       		.byte	0x4
 666 0302 4C01     		.2byte	0x14c
 667 0304 AA020000 		.4byte	0x2aa
 668 0308 04       		.byte	0x4
 669 0309 0B       		.uleb128 0xb
 670 030a EC030000 		.4byte	.LASF41
 671 030e 04       		.byte	0x4
 672 030f 5201     		.2byte	0x152
 673 0311 46010000 		.4byte	0x146
 674 0315 08       		.byte	0x8
 675 0316 0B       		.uleb128 0xb
ARM GAS  /tmp/ccB4Oa6p.s 			page 13


 676 0317 62000000 		.4byte	.LASF44
 677 031b 04       		.byte	0x4
 678 031c 5601     		.2byte	0x156
 679 031e 4B030000 		.4byte	0x34b
 680 0322 0C       		.byte	0xc
 681 0323 0C       		.uleb128 0xc
 682 0324 63723200 		.ascii	"cr2\000"
 683 0328 04       		.byte	0x4
 684 0329 5C01     		.2byte	0x15c
 685 032b 77000000 		.4byte	0x77
 686 032f 2C       		.byte	0x2c
 687 0330 0B       		.uleb128 0xb
 688 0331 C1030000 		.4byte	.LASF45
 689 0335 04       		.byte	0x4
 690 0336 6201     		.2byte	0x162
 691 0338 77000000 		.4byte	0x77
 692 033c 30       		.byte	0x30
 693 033d 0B       		.uleb128 0xb
 694 033e 8F030000 		.4byte	.LASF46
 695 0342 04       		.byte	0x4
 696 0343 6901     		.2byte	0x169
 697 0345 77000000 		.4byte	0x77
 698 0349 34       		.byte	0x34
 699 034a 00       		.byte	0
 700 034b 06       		.uleb128 0x6
 701 034c DA020000 		.4byte	0x2da
 702 0350 5B030000 		.4byte	0x35b
 703 0354 07       		.uleb128 0x7
 704 0355 A3000000 		.4byte	0xa3
 705 0359 03       		.byte	0x3
 706 035a 00       		.byte	0
 707 035b 11       		.uleb128 0x11
 708 035c 14010000 		.4byte	.LASF47
 709 0360 04       		.byte	0x4
 710 0361 6A01     		.2byte	0x16a
 711 0363 E6020000 		.4byte	0x2e6
 712 0367 0D       		.uleb128 0xd
 713 0368 04       		.byte	0x4
 714 0369 6D030000 		.4byte	0x36d
 715 036d 12       		.uleb128 0x12
 716 036e 5B030000 		.4byte	0x35b
 717 0372 0D       		.uleb128 0xd
 718 0373 04       		.byte	0x4
 719 0374 86020000 		.4byte	0x286
 720 0378 13       		.uleb128 0x13
 721 0379 C4000000 		.4byte	.LASF48
 722 037d 01       		.byte	0x1
 723 037e 44       		.byte	0x44
 724 037f 00000000 		.4byte	.LFB118
 725 0383 04000000 		.4byte	.LFE118-.LFB118
 726 0387 01       		.uleb128 0x1
 727 0388 9C       		.byte	0x9c
 728 0389 97030000 		.4byte	0x397
 729 038d 14       		.uleb128 0x14
 730 038e 04000000 		.4byte	.LVL0
 731 0392 0A060000 		.4byte	0x60a
 732 0396 00       		.byte	0
ARM GAS  /tmp/ccB4Oa6p.s 			page 14


 733 0397 13       		.uleb128 0x13
 734 0398 72000000 		.4byte	.LASF49
 735 039c 01       		.byte	0x1
 736 039d 50       		.byte	0x50
 737 039e 00000000 		.4byte	.LFB119
 738 03a2 0A000000 		.4byte	.LFE119-.LFB119
 739 03a6 01       		.uleb128 0x1
 740 03a7 9C       		.byte	0x9c
 741 03a8 BA030000 		.4byte	0x3ba
 742 03ac 15       		.uleb128 0x15
 743 03ad 9F000000 		.4byte	.LASF51
 744 03b1 01       		.byte	0x1
 745 03b2 50       		.byte	0x50
 746 03b3 62010000 		.4byte	0x162
 747 03b7 01       		.uleb128 0x1
 748 03b8 50       		.byte	0x50
 749 03b9 00       		.byte	0
 750 03ba 13       		.uleb128 0x13
 751 03bb A4000000 		.4byte	.LASF50
 752 03bf 01       		.byte	0x1
 753 03c0 63       		.byte	0x63
 754 03c1 00000000 		.4byte	.LFB120
 755 03c5 20000000 		.4byte	.LFE120-.LFB120
 756 03c9 01       		.uleb128 0x1
 757 03ca 9C       		.byte	0x9c
 758 03cb 30040000 		.4byte	0x430
 759 03cf 16       		.uleb128 0x16
 760 03d0 9F000000 		.4byte	.LASF51
 761 03d4 01       		.byte	0x1
 762 03d5 63       		.byte	0x63
 763 03d6 62010000 		.4byte	0x162
 764 03da 00000000 		.4byte	.LLST0
 765 03de 16       		.uleb128 0x16
 766 03df 6B000000 		.4byte	.LASF22
 767 03e3 01       		.byte	0x1
 768 03e4 63       		.byte	0x63
 769 03e5 67030000 		.4byte	0x367
 770 03e9 1E000000 		.4byte	.LLST1
 771 03ed 17       		.uleb128 0x17
 772 03ee 00000000 		.4byte	.Ldebug_ranges0+0
 773 03f2 04040000 		.4byte	0x404
 774 03f6 18       		.uleb128 0x18
 775 03f7 746D7000 		.ascii	"tmp\000"
 776 03fb 01       		.byte	0x1
 777 03fc 67       		.byte	0x67
 778 03fd 77000000 		.4byte	0x77
 779 0401 01       		.uleb128 0x1
 780 0402 53       		.byte	0x53
 781 0403 00       		.byte	0
 782 0404 19       		.uleb128 0x19
 783 0405 18000000 		.4byte	.LBB4
 784 0409 08000000 		.4byte	.LBE4-.LBB4
 785 040d 1F040000 		.4byte	0x41f
 786 0411 18       		.uleb128 0x18
 787 0412 746D7000 		.ascii	"tmp\000"
 788 0416 01       		.byte	0x1
 789 0417 6E       		.byte	0x6e
ARM GAS  /tmp/ccB4Oa6p.s 			page 15


 790 0418 77000000 		.4byte	0x77
 791 041c 01       		.uleb128 0x1
 792 041d 53       		.byte	0x53
 793 041e 00       		.byte	0
 794 041f 1A       		.uleb128 0x1a
 795 0420 14000000 		.4byte	.LVL3
 796 0424 12060000 		.4byte	0x612
 797 0428 1B       		.uleb128 0x1b
 798 0429 01       		.uleb128 0x1
 799 042a 50       		.byte	0x50
 800 042b 02       		.uleb128 0x2
 801 042c 74       		.byte	0x74
 802 042d 00       		.sleb128 0
 803 042e 00       		.byte	0
 804 042f 00       		.byte	0
 805 0430 13       		.uleb128 0x13
 806 0431 94030000 		.4byte	.LASF52
 807 0435 01       		.byte	0x1
 808 0436 78       		.byte	0x78
 809 0437 00000000 		.4byte	.LFB121
 810 043b 1A000000 		.4byte	.LFE121-.LFB121
 811 043f 01       		.uleb128 0x1
 812 0440 9C       		.byte	0x9c
 813 0441 97040000 		.4byte	0x497
 814 0445 16       		.uleb128 0x16
 815 0446 9F000000 		.4byte	.LASF51
 816 044a 01       		.byte	0x1
 817 044b 78       		.byte	0x78
 818 044c 62010000 		.4byte	0x162
 819 0450 3F000000 		.4byte	.LLST2
 820 0454 17       		.uleb128 0x17
 821 0455 18000000 		.4byte	.Ldebug_ranges0+0x18
 822 0459 6B040000 		.4byte	0x46b
 823 045d 18       		.uleb128 0x18
 824 045e 746D7000 		.ascii	"tmp\000"
 825 0462 01       		.byte	0x1
 826 0463 7C       		.byte	0x7c
 827 0464 77000000 		.4byte	0x77
 828 0468 01       		.uleb128 0x1
 829 0469 53       		.byte	0x53
 830 046a 00       		.byte	0
 831 046b 19       		.uleb128 0x19
 832 046c 12000000 		.4byte	.LBB7
 833 0470 08000000 		.4byte	.LBE7-.LBB7
 834 0474 86040000 		.4byte	0x486
 835 0478 18       		.uleb128 0x18
 836 0479 746D7000 		.ascii	"tmp\000"
 837 047d 01       		.byte	0x1
 838 047e 81       		.byte	0x81
 839 047f 77000000 		.4byte	0x77
 840 0483 01       		.uleb128 0x1
 841 0484 53       		.byte	0x53
 842 0485 00       		.byte	0
 843 0486 1A       		.uleb128 0x1a
 844 0487 0E000000 		.4byte	.LVL5
 845 048b 24060000 		.4byte	0x624
 846 048f 1B       		.uleb128 0x1b
ARM GAS  /tmp/ccB4Oa6p.s 			page 16


 847 0490 01       		.uleb128 0x1
 848 0491 50       		.byte	0x50
 849 0492 02       		.uleb128 0x2
 850 0493 74       		.byte	0x74
 851 0494 00       		.sleb128 0
 852 0495 00       		.byte	0
 853 0496 00       		.byte	0
 854 0497 13       		.uleb128 0x13
 855 0498 54030000 		.4byte	.LASF53
 856 049c 01       		.byte	0x1
 857 049d 93       		.byte	0x93
 858 049e 00000000 		.4byte	.LFB122
 859 04a2 18000000 		.4byte	.LFE122-.LFB122
 860 04a6 01       		.uleb128 0x1
 861 04a7 9C       		.byte	0x9c
 862 04a8 F9040000 		.4byte	0x4f9
 863 04ac 15       		.uleb128 0x15
 864 04ad 9F000000 		.4byte	.LASF51
 865 04b1 01       		.byte	0x1
 866 04b2 93       		.byte	0x93
 867 04b3 62010000 		.4byte	0x162
 868 04b7 01       		.uleb128 0x1
 869 04b8 50       		.byte	0x50
 870 04b9 15       		.uleb128 0x15
 871 04ba D6000000 		.4byte	.LASF23
 872 04be 01       		.byte	0x1
 873 04bf 93       		.byte	0x93
 874 04c0 AA020000 		.4byte	0x2aa
 875 04c4 01       		.uleb128 0x1
 876 04c5 51       		.byte	0x51
 877 04c6 19       		.uleb128 0x19
 878 04c7 00000000 		.4byte	.LBB8
 879 04cb 06000000 		.4byte	.LBE8-.LBB8
 880 04cf E1040000 		.4byte	0x4e1
 881 04d3 18       		.uleb128 0x18
 882 04d4 746D7000 		.ascii	"tmp\000"
 883 04d8 01       		.byte	0x1
 884 04d9 97       		.byte	0x97
 885 04da 77000000 		.4byte	0x77
 886 04de 01       		.uleb128 0x1
 887 04df 53       		.byte	0x53
 888 04e0 00       		.byte	0
 889 04e1 1C       		.uleb128 0x1c
 890 04e2 10000000 		.4byte	.LBB9
 891 04e6 08000000 		.4byte	.LBE9-.LBB9
 892 04ea 18       		.uleb128 0x18
 893 04eb 746D7000 		.ascii	"tmp\000"
 894 04ef 01       		.byte	0x1
 895 04f0 9B       		.byte	0x9b
 896 04f1 77000000 		.4byte	0x77
 897 04f5 01       		.uleb128 0x1
 898 04f6 53       		.byte	0x53
 899 04f7 00       		.byte	0
 900 04f8 00       		.byte	0
 901 04f9 13       		.uleb128 0x13
 902 04fa 88000000 		.4byte	.LASF54
 903 04fe 01       		.byte	0x1
ARM GAS  /tmp/ccB4Oa6p.s 			page 17


 904 04ff AC       		.byte	0xac
 905 0500 00000000 		.4byte	.LFB123
 906 0504 14000000 		.4byte	.LFE123-.LFB123
 907 0508 01       		.uleb128 0x1
 908 0509 9C       		.byte	0x9c
 909 050a 83050000 		.4byte	0x583
 910 050e 16       		.uleb128 0x16
 911 050f 9F000000 		.4byte	.LASF51
 912 0513 01       		.byte	0x1
 913 0514 AC       		.byte	0xac
 914 0515 62010000 		.4byte	0x162
 915 0519 5D000000 		.4byte	.LLST3
 916 051d 16       		.uleb128 0x16
 917 051e 4C030000 		.4byte	.LASF55
 918 0522 01       		.byte	0x1
 919 0523 AD       		.byte	0xad
 920 0524 9E020000 		.4byte	0x29e
 921 0528 7E000000 		.4byte	.LLST4
 922 052c 16       		.uleb128 0x16
 923 052d 99000000 		.4byte	.LASF56
 924 0531 01       		.byte	0x1
 925 0532 AE       		.byte	0xae
 926 0533 AA020000 		.4byte	0x2aa
 927 0537 9F000000 		.4byte	.LLST5
 928 053b 19       		.uleb128 0x19
 929 053c 02000000 		.4byte	.LBB10
 930 0540 06000000 		.4byte	.LBE10-.LBB10
 931 0544 56050000 		.4byte	0x556
 932 0548 18       		.uleb128 0x18
 933 0549 746D7000 		.ascii	"tmp\000"
 934 054d 01       		.byte	0x1
 935 054e B3       		.byte	0xb3
 936 054f 77000000 		.4byte	0x77
 937 0553 01       		.uleb128 0x1
 938 0554 53       		.byte	0x53
 939 0555 00       		.byte	0
 940 0556 19       		.uleb128 0x19
 941 0557 0C000000 		.4byte	.LBB11
 942 055b 08000000 		.4byte	.LBE11-.LBB11
 943 055f 71050000 		.4byte	0x571
 944 0563 18       		.uleb128 0x18
 945 0564 746D7000 		.ascii	"tmp\000"
 946 0568 01       		.byte	0x1
 947 0569 B7       		.byte	0xb7
 948 056a 77000000 		.4byte	0x77
 949 056e 01       		.uleb128 0x1
 950 056f 53       		.byte	0x53
 951 0570 00       		.byte	0
 952 0571 1A       		.uleb128 0x1a
 953 0572 0C000000 		.4byte	.LVL8
 954 0576 36060000 		.4byte	0x636
 955 057a 1B       		.uleb128 0x1b
 956 057b 01       		.uleb128 0x1
 957 057c 50       		.byte	0x50
 958 057d 03       		.uleb128 0x3
 959 057e F3       		.byte	0xf3
 960 057f 01       		.uleb128 0x1
ARM GAS  /tmp/ccB4Oa6p.s 			page 18


 961 0580 50       		.byte	0x50
 962 0581 00       		.byte	0
 963 0582 00       		.byte	0
 964 0583 13       		.uleb128 0x13
 965 0584 60010000 		.4byte	.LASF57
 966 0588 01       		.byte	0x1
 967 0589 C8       		.byte	0xc8
 968 058a 00000000 		.4byte	.LFB124
 969 058e 14000000 		.4byte	.LFE124-.LFB124
 970 0592 01       		.uleb128 0x1
 971 0593 9C       		.byte	0x9c
 972 0594 FE050000 		.4byte	0x5fe
 973 0598 16       		.uleb128 0x16
 974 0599 9F000000 		.4byte	.LASF51
 975 059d 01       		.byte	0x1
 976 059e C8       		.byte	0xc8
 977 059f 62010000 		.4byte	0x162
 978 05a3 C0000000 		.4byte	.LLST6
 979 05a7 16       		.uleb128 0x16
 980 05a8 4C030000 		.4byte	.LASF55
 981 05ac 01       		.byte	0x1
 982 05ad C8       		.byte	0xc8
 983 05ae 9E020000 		.4byte	0x29e
 984 05b2 E1000000 		.4byte	.LLST7
 985 05b6 19       		.uleb128 0x19
 986 05b7 02000000 		.4byte	.LBB12
 987 05bb 06000000 		.4byte	.LBE12-.LBB12
 988 05bf D1050000 		.4byte	0x5d1
 989 05c3 18       		.uleb128 0x18
 990 05c4 746D7000 		.ascii	"tmp\000"
 991 05c8 01       		.byte	0x1
 992 05c9 CD       		.byte	0xcd
 993 05ca 77000000 		.4byte	0x77
 994 05ce 01       		.uleb128 0x1
 995 05cf 53       		.byte	0x53
 996 05d0 00       		.byte	0
 997 05d1 19       		.uleb128 0x19
 998 05d2 0C000000 		.4byte	.LBB13
 999 05d6 08000000 		.4byte	.LBE13-.LBB13
 1000 05da EC050000 		.4byte	0x5ec
 1001 05de 18       		.uleb128 0x18
 1002 05df 746D7000 		.ascii	"tmp\000"
 1003 05e3 01       		.byte	0x1
 1004 05e4 D1       		.byte	0xd1
 1005 05e5 77000000 		.4byte	0x77
 1006 05e9 01       		.uleb128 0x1
 1007 05ea 53       		.byte	0x53
 1008 05eb 00       		.byte	0
 1009 05ec 1A       		.uleb128 0x1a
 1010 05ed 0C000000 		.4byte	.LVL10
 1011 05f1 52060000 		.4byte	0x652
 1012 05f5 1B       		.uleb128 0x1b
 1013 05f6 01       		.uleb128 0x1
 1014 05f7 50       		.byte	0x50
 1015 05f8 03       		.uleb128 0x3
 1016 05f9 F3       		.byte	0xf3
 1017 05fa 01       		.uleb128 0x1
ARM GAS  /tmp/ccB4Oa6p.s 			page 19


 1018 05fb 50       		.byte	0x50
 1019 05fc 00       		.byte	0
 1020 05fd 00       		.byte	0
 1021 05fe 1D       		.uleb128 0x1d
 1022 05ff C6030000 		.4byte	.LASF64
 1023 0603 06       		.byte	0x6
 1024 0604 9806     		.2byte	0x698
 1025 0606 C1000000 		.4byte	0xc1
 1026 060a 1E       		.uleb128 0x1e
 1027 060b FB010000 		.4byte	.LASF65
 1028 060f 04       		.byte	0x4
 1029 0610 D101     		.2byte	0x1d1
 1030 0612 1F       		.uleb128 0x1f
 1031 0613 06010000 		.4byte	.LASF58
 1032 0617 04       		.byte	0x4
 1033 0618 D201     		.2byte	0x1d2
 1034 061a 24060000 		.4byte	0x624
 1035 061e 0F       		.uleb128 0xf
 1036 061f 62010000 		.4byte	0x162
 1037 0623 00       		.byte	0
 1038 0624 1F       		.uleb128 0x1f
 1039 0625 3C010000 		.4byte	.LASF59
 1040 0629 04       		.byte	0x4
 1041 062a D301     		.2byte	0x1d3
 1042 062c 36060000 		.4byte	0x636
 1043 0630 0F       		.uleb128 0xf
 1044 0631 62010000 		.4byte	0x162
 1045 0635 00       		.byte	0
 1046 0636 1F       		.uleb128 0x1f
 1047 0637 49010000 		.4byte	.LASF60
 1048 063b 04       		.byte	0x4
 1049 063c D401     		.2byte	0x1d4
 1050 063e 52060000 		.4byte	0x652
 1051 0642 0F       		.uleb128 0xf
 1052 0643 62010000 		.4byte	0x162
 1053 0647 0F       		.uleb128 0xf
 1054 0648 9E020000 		.4byte	0x29e
 1055 064c 0F       		.uleb128 0xf
 1056 064d AA020000 		.4byte	0x2aa
 1057 0651 00       		.byte	0
 1058 0652 20       		.uleb128 0x20
 1059 0653 38000000 		.4byte	.LASF66
 1060 0657 04       		.byte	0x4
 1061 0658 D701     		.2byte	0x1d7
 1062 065a 0F       		.uleb128 0xf
 1063 065b 62010000 		.4byte	0x162
 1064 065f 0F       		.uleb128 0xf
 1065 0660 9E020000 		.4byte	0x29e
 1066 0664 00       		.byte	0
 1067 0665 00       		.byte	0
 1068              		.section	.debug_abbrev,"",%progbits
 1069              	.Ldebug_abbrev0:
 1070 0000 01       		.uleb128 0x1
 1071 0001 11       		.uleb128 0x11
 1072 0002 01       		.byte	0x1
 1073 0003 25       		.uleb128 0x25
 1074 0004 0E       		.uleb128 0xe
ARM GAS  /tmp/ccB4Oa6p.s 			page 20


 1075 0005 13       		.uleb128 0x13
 1076 0006 0B       		.uleb128 0xb
 1077 0007 03       		.uleb128 0x3
 1078 0008 0E       		.uleb128 0xe
 1079 0009 1B       		.uleb128 0x1b
 1080 000a 0E       		.uleb128 0xe
 1081 000b 55       		.uleb128 0x55
 1082 000c 17       		.uleb128 0x17
 1083 000d 11       		.uleb128 0x11
 1084 000e 01       		.uleb128 0x1
 1085 000f 10       		.uleb128 0x10
 1086 0010 17       		.uleb128 0x17
 1087 0011 00       		.byte	0
 1088 0012 00       		.byte	0
 1089 0013 02       		.uleb128 0x2
 1090 0014 24       		.uleb128 0x24
 1091 0015 00       		.byte	0
 1092 0016 0B       		.uleb128 0xb
 1093 0017 0B       		.uleb128 0xb
 1094 0018 3E       		.uleb128 0x3e
 1095 0019 0B       		.uleb128 0xb
 1096 001a 03       		.uleb128 0x3
 1097 001b 08       		.uleb128 0x8
 1098 001c 00       		.byte	0
 1099 001d 00       		.byte	0
 1100 001e 03       		.uleb128 0x3
 1101 001f 24       		.uleb128 0x24
 1102 0020 00       		.byte	0
 1103 0021 0B       		.uleb128 0xb
 1104 0022 0B       		.uleb128 0xb
 1105 0023 3E       		.uleb128 0x3e
 1106 0024 0B       		.uleb128 0xb
 1107 0025 03       		.uleb128 0x3
 1108 0026 0E       		.uleb128 0xe
 1109 0027 00       		.byte	0
 1110 0028 00       		.byte	0
 1111 0029 04       		.uleb128 0x4
 1112 002a 16       		.uleb128 0x16
 1113 002b 00       		.byte	0
 1114 002c 03       		.uleb128 0x3
 1115 002d 0E       		.uleb128 0xe
 1116 002e 3A       		.uleb128 0x3a
 1117 002f 0B       		.uleb128 0xb
 1118 0030 3B       		.uleb128 0x3b
 1119 0031 0B       		.uleb128 0xb
 1120 0032 49       		.uleb128 0x49
 1121 0033 13       		.uleb128 0x13
 1122 0034 00       		.byte	0
 1123 0035 00       		.byte	0
 1124 0036 05       		.uleb128 0x5
 1125 0037 35       		.uleb128 0x35
 1126 0038 00       		.byte	0
 1127 0039 49       		.uleb128 0x49
 1128 003a 13       		.uleb128 0x13
 1129 003b 00       		.byte	0
 1130 003c 00       		.byte	0
 1131 003d 06       		.uleb128 0x6
ARM GAS  /tmp/ccB4Oa6p.s 			page 21


 1132 003e 01       		.uleb128 0x1
 1133 003f 01       		.byte	0x1
 1134 0040 49       		.uleb128 0x49
 1135 0041 13       		.uleb128 0x13
 1136 0042 01       		.uleb128 0x1
 1137 0043 13       		.uleb128 0x13
 1138 0044 00       		.byte	0
 1139 0045 00       		.byte	0
 1140 0046 07       		.uleb128 0x7
 1141 0047 21       		.uleb128 0x21
 1142 0048 00       		.byte	0
 1143 0049 49       		.uleb128 0x49
 1144 004a 13       		.uleb128 0x13
 1145 004b 2F       		.uleb128 0x2f
 1146 004c 0B       		.uleb128 0xb
 1147 004d 00       		.byte	0
 1148 004e 00       		.byte	0
 1149 004f 08       		.uleb128 0x8
 1150 0050 04       		.uleb128 0x4
 1151 0051 01       		.byte	0x1
 1152 0052 0B       		.uleb128 0xb
 1153 0053 0B       		.uleb128 0xb
 1154 0054 3A       		.uleb128 0x3a
 1155 0055 0B       		.uleb128 0xb
 1156 0056 3B       		.uleb128 0x3b
 1157 0057 0B       		.uleb128 0xb
 1158 0058 01       		.uleb128 0x1
 1159 0059 13       		.uleb128 0x13
 1160 005a 00       		.byte	0
 1161 005b 00       		.byte	0
 1162 005c 09       		.uleb128 0x9
 1163 005d 28       		.uleb128 0x28
 1164 005e 00       		.byte	0
 1165 005f 03       		.uleb128 0x3
 1166 0060 0E       		.uleb128 0xe
 1167 0061 1C       		.uleb128 0x1c
 1168 0062 0D       		.uleb128 0xd
 1169 0063 00       		.byte	0
 1170 0064 00       		.byte	0
 1171 0065 0A       		.uleb128 0xa
 1172 0066 13       		.uleb128 0x13
 1173 0067 01       		.byte	0x1
 1174 0068 03       		.uleb128 0x3
 1175 0069 0E       		.uleb128 0xe
 1176 006a 0B       		.uleb128 0xb
 1177 006b 0B       		.uleb128 0xb
 1178 006c 3A       		.uleb128 0x3a
 1179 006d 0B       		.uleb128 0xb
 1180 006e 3B       		.uleb128 0x3b
 1181 006f 05       		.uleb128 0x5
 1182 0070 01       		.uleb128 0x1
 1183 0071 13       		.uleb128 0x13
 1184 0072 00       		.byte	0
 1185 0073 00       		.byte	0
 1186 0074 0B       		.uleb128 0xb
 1187 0075 0D       		.uleb128 0xd
 1188 0076 00       		.byte	0
ARM GAS  /tmp/ccB4Oa6p.s 			page 22


 1189 0077 03       		.uleb128 0x3
 1190 0078 0E       		.uleb128 0xe
 1191 0079 3A       		.uleb128 0x3a
 1192 007a 0B       		.uleb128 0xb
 1193 007b 3B       		.uleb128 0x3b
 1194 007c 05       		.uleb128 0x5
 1195 007d 49       		.uleb128 0x49
 1196 007e 13       		.uleb128 0x13
 1197 007f 38       		.uleb128 0x38
 1198 0080 0B       		.uleb128 0xb
 1199 0081 00       		.byte	0
 1200 0082 00       		.byte	0
 1201 0083 0C       		.uleb128 0xc
 1202 0084 0D       		.uleb128 0xd
 1203 0085 00       		.byte	0
 1204 0086 03       		.uleb128 0x3
 1205 0087 08       		.uleb128 0x8
 1206 0088 3A       		.uleb128 0x3a
 1207 0089 0B       		.uleb128 0xb
 1208 008a 3B       		.uleb128 0x3b
 1209 008b 05       		.uleb128 0x5
 1210 008c 49       		.uleb128 0x49
 1211 008d 13       		.uleb128 0x13
 1212 008e 38       		.uleb128 0x38
 1213 008f 0B       		.uleb128 0xb
 1214 0090 00       		.byte	0
 1215 0091 00       		.byte	0
 1216 0092 0D       		.uleb128 0xd
 1217 0093 0F       		.uleb128 0xf
 1218 0094 00       		.byte	0
 1219 0095 0B       		.uleb128 0xb
 1220 0096 0B       		.uleb128 0xb
 1221 0097 49       		.uleb128 0x49
 1222 0098 13       		.uleb128 0x13
 1223 0099 00       		.byte	0
 1224 009a 00       		.byte	0
 1225 009b 0E       		.uleb128 0xe
 1226 009c 15       		.uleb128 0x15
 1227 009d 01       		.byte	0x1
 1228 009e 27       		.uleb128 0x27
 1229 009f 19       		.uleb128 0x19
 1230 00a0 01       		.uleb128 0x1
 1231 00a1 13       		.uleb128 0x13
 1232 00a2 00       		.byte	0
 1233 00a3 00       		.byte	0
 1234 00a4 0F       		.uleb128 0xf
 1235 00a5 05       		.uleb128 0x5
 1236 00a6 00       		.byte	0
 1237 00a7 49       		.uleb128 0x49
 1238 00a8 13       		.uleb128 0x13
 1239 00a9 00       		.byte	0
 1240 00aa 00       		.byte	0
 1241 00ab 10       		.uleb128 0x10
 1242 00ac 13       		.uleb128 0x13
 1243 00ad 01       		.byte	0x1
 1244 00ae 0B       		.uleb128 0xb
 1245 00af 0B       		.uleb128 0xb
ARM GAS  /tmp/ccB4Oa6p.s 			page 23


 1246 00b0 3A       		.uleb128 0x3a
 1247 00b1 0B       		.uleb128 0xb
 1248 00b2 3B       		.uleb128 0x3b
 1249 00b3 05       		.uleb128 0x5
 1250 00b4 01       		.uleb128 0x1
 1251 00b5 13       		.uleb128 0x13
 1252 00b6 00       		.byte	0
 1253 00b7 00       		.byte	0
 1254 00b8 11       		.uleb128 0x11
 1255 00b9 16       		.uleb128 0x16
 1256 00ba 00       		.byte	0
 1257 00bb 03       		.uleb128 0x3
 1258 00bc 0E       		.uleb128 0xe
 1259 00bd 3A       		.uleb128 0x3a
 1260 00be 0B       		.uleb128 0xb
 1261 00bf 3B       		.uleb128 0x3b
 1262 00c0 05       		.uleb128 0x5
 1263 00c1 49       		.uleb128 0x49
 1264 00c2 13       		.uleb128 0x13
 1265 00c3 00       		.byte	0
 1266 00c4 00       		.byte	0
 1267 00c5 12       		.uleb128 0x12
 1268 00c6 26       		.uleb128 0x26
 1269 00c7 00       		.byte	0
 1270 00c8 49       		.uleb128 0x49
 1271 00c9 13       		.uleb128 0x13
 1272 00ca 00       		.byte	0
 1273 00cb 00       		.byte	0
 1274 00cc 13       		.uleb128 0x13
 1275 00cd 2E       		.uleb128 0x2e
 1276 00ce 01       		.byte	0x1
 1277 00cf 3F       		.uleb128 0x3f
 1278 00d0 19       		.uleb128 0x19
 1279 00d1 03       		.uleb128 0x3
 1280 00d2 0E       		.uleb128 0xe
 1281 00d3 3A       		.uleb128 0x3a
 1282 00d4 0B       		.uleb128 0xb
 1283 00d5 3B       		.uleb128 0x3b
 1284 00d6 0B       		.uleb128 0xb
 1285 00d7 27       		.uleb128 0x27
 1286 00d8 19       		.uleb128 0x19
 1287 00d9 11       		.uleb128 0x11
 1288 00da 01       		.uleb128 0x1
 1289 00db 12       		.uleb128 0x12
 1290 00dc 06       		.uleb128 0x6
 1291 00dd 40       		.uleb128 0x40
 1292 00de 18       		.uleb128 0x18
 1293 00df 9742     		.uleb128 0x2117
 1294 00e1 19       		.uleb128 0x19
 1295 00e2 01       		.uleb128 0x1
 1296 00e3 13       		.uleb128 0x13
 1297 00e4 00       		.byte	0
 1298 00e5 00       		.byte	0
 1299 00e6 14       		.uleb128 0x14
 1300 00e7 898201   		.uleb128 0x4109
 1301 00ea 00       		.byte	0
 1302 00eb 11       		.uleb128 0x11
ARM GAS  /tmp/ccB4Oa6p.s 			page 24


 1303 00ec 01       		.uleb128 0x1
 1304 00ed 9542     		.uleb128 0x2115
 1305 00ef 19       		.uleb128 0x19
 1306 00f0 31       		.uleb128 0x31
 1307 00f1 13       		.uleb128 0x13
 1308 00f2 00       		.byte	0
 1309 00f3 00       		.byte	0
 1310 00f4 15       		.uleb128 0x15
 1311 00f5 05       		.uleb128 0x5
 1312 00f6 00       		.byte	0
 1313 00f7 03       		.uleb128 0x3
 1314 00f8 0E       		.uleb128 0xe
 1315 00f9 3A       		.uleb128 0x3a
 1316 00fa 0B       		.uleb128 0xb
 1317 00fb 3B       		.uleb128 0x3b
 1318 00fc 0B       		.uleb128 0xb
 1319 00fd 49       		.uleb128 0x49
 1320 00fe 13       		.uleb128 0x13
 1321 00ff 02       		.uleb128 0x2
 1322 0100 18       		.uleb128 0x18
 1323 0101 00       		.byte	0
 1324 0102 00       		.byte	0
 1325 0103 16       		.uleb128 0x16
 1326 0104 05       		.uleb128 0x5
 1327 0105 00       		.byte	0
 1328 0106 03       		.uleb128 0x3
 1329 0107 0E       		.uleb128 0xe
 1330 0108 3A       		.uleb128 0x3a
 1331 0109 0B       		.uleb128 0xb
 1332 010a 3B       		.uleb128 0x3b
 1333 010b 0B       		.uleb128 0xb
 1334 010c 49       		.uleb128 0x49
 1335 010d 13       		.uleb128 0x13
 1336 010e 02       		.uleb128 0x2
 1337 010f 17       		.uleb128 0x17
 1338 0110 00       		.byte	0
 1339 0111 00       		.byte	0
 1340 0112 17       		.uleb128 0x17
 1341 0113 0B       		.uleb128 0xb
 1342 0114 01       		.byte	0x1
 1343 0115 55       		.uleb128 0x55
 1344 0116 17       		.uleb128 0x17
 1345 0117 01       		.uleb128 0x1
 1346 0118 13       		.uleb128 0x13
 1347 0119 00       		.byte	0
 1348 011a 00       		.byte	0
 1349 011b 18       		.uleb128 0x18
 1350 011c 34       		.uleb128 0x34
 1351 011d 00       		.byte	0
 1352 011e 03       		.uleb128 0x3
 1353 011f 08       		.uleb128 0x8
 1354 0120 3A       		.uleb128 0x3a
 1355 0121 0B       		.uleb128 0xb
 1356 0122 3B       		.uleb128 0x3b
 1357 0123 0B       		.uleb128 0xb
 1358 0124 49       		.uleb128 0x49
 1359 0125 13       		.uleb128 0x13
ARM GAS  /tmp/ccB4Oa6p.s 			page 25


 1360 0126 02       		.uleb128 0x2
 1361 0127 18       		.uleb128 0x18
 1362 0128 00       		.byte	0
 1363 0129 00       		.byte	0
 1364 012a 19       		.uleb128 0x19
 1365 012b 0B       		.uleb128 0xb
 1366 012c 01       		.byte	0x1
 1367 012d 11       		.uleb128 0x11
 1368 012e 01       		.uleb128 0x1
 1369 012f 12       		.uleb128 0x12
 1370 0130 06       		.uleb128 0x6
 1371 0131 01       		.uleb128 0x1
 1372 0132 13       		.uleb128 0x13
 1373 0133 00       		.byte	0
 1374 0134 00       		.byte	0
 1375 0135 1A       		.uleb128 0x1a
 1376 0136 898201   		.uleb128 0x4109
 1377 0139 01       		.byte	0x1
 1378 013a 11       		.uleb128 0x11
 1379 013b 01       		.uleb128 0x1
 1380 013c 31       		.uleb128 0x31
 1381 013d 13       		.uleb128 0x13
 1382 013e 00       		.byte	0
 1383 013f 00       		.byte	0
 1384 0140 1B       		.uleb128 0x1b
 1385 0141 8A8201   		.uleb128 0x410a
 1386 0144 00       		.byte	0
 1387 0145 02       		.uleb128 0x2
 1388 0146 18       		.uleb128 0x18
 1389 0147 9142     		.uleb128 0x2111
 1390 0149 18       		.uleb128 0x18
 1391 014a 00       		.byte	0
 1392 014b 00       		.byte	0
 1393 014c 1C       		.uleb128 0x1c
 1394 014d 0B       		.uleb128 0xb
 1395 014e 01       		.byte	0x1
 1396 014f 11       		.uleb128 0x11
 1397 0150 01       		.uleb128 0x1
 1398 0151 12       		.uleb128 0x12
 1399 0152 06       		.uleb128 0x6
 1400 0153 00       		.byte	0
 1401 0154 00       		.byte	0
 1402 0155 1D       		.uleb128 0x1d
 1403 0156 34       		.uleb128 0x34
 1404 0157 00       		.byte	0
 1405 0158 03       		.uleb128 0x3
 1406 0159 0E       		.uleb128 0xe
 1407 015a 3A       		.uleb128 0x3a
 1408 015b 0B       		.uleb128 0xb
 1409 015c 3B       		.uleb128 0x3b
 1410 015d 05       		.uleb128 0x5
 1411 015e 49       		.uleb128 0x49
 1412 015f 13       		.uleb128 0x13
 1413 0160 3F       		.uleb128 0x3f
 1414 0161 19       		.uleb128 0x19
 1415 0162 3C       		.uleb128 0x3c
 1416 0163 19       		.uleb128 0x19
ARM GAS  /tmp/ccB4Oa6p.s 			page 26


 1417 0164 00       		.byte	0
 1418 0165 00       		.byte	0
 1419 0166 1E       		.uleb128 0x1e
 1420 0167 2E       		.uleb128 0x2e
 1421 0168 00       		.byte	0
 1422 0169 3F       		.uleb128 0x3f
 1423 016a 19       		.uleb128 0x19
 1424 016b 03       		.uleb128 0x3
 1425 016c 0E       		.uleb128 0xe
 1426 016d 3A       		.uleb128 0x3a
 1427 016e 0B       		.uleb128 0xb
 1428 016f 3B       		.uleb128 0x3b
 1429 0170 05       		.uleb128 0x5
 1430 0171 27       		.uleb128 0x27
 1431 0172 19       		.uleb128 0x19
 1432 0173 3C       		.uleb128 0x3c
 1433 0174 19       		.uleb128 0x19
 1434 0175 00       		.byte	0
 1435 0176 00       		.byte	0
 1436 0177 1F       		.uleb128 0x1f
 1437 0178 2E       		.uleb128 0x2e
 1438 0179 01       		.byte	0x1
 1439 017a 3F       		.uleb128 0x3f
 1440 017b 19       		.uleb128 0x19
 1441 017c 03       		.uleb128 0x3
 1442 017d 0E       		.uleb128 0xe
 1443 017e 3A       		.uleb128 0x3a
 1444 017f 0B       		.uleb128 0xb
 1445 0180 3B       		.uleb128 0x3b
 1446 0181 05       		.uleb128 0x5
 1447 0182 27       		.uleb128 0x27
 1448 0183 19       		.uleb128 0x19
 1449 0184 3C       		.uleb128 0x3c
 1450 0185 19       		.uleb128 0x19
 1451 0186 01       		.uleb128 0x1
 1452 0187 13       		.uleb128 0x13
 1453 0188 00       		.byte	0
 1454 0189 00       		.byte	0
 1455 018a 20       		.uleb128 0x20
 1456 018b 2E       		.uleb128 0x2e
 1457 018c 01       		.byte	0x1
 1458 018d 3F       		.uleb128 0x3f
 1459 018e 19       		.uleb128 0x19
 1460 018f 03       		.uleb128 0x3
 1461 0190 0E       		.uleb128 0xe
 1462 0191 3A       		.uleb128 0x3a
 1463 0192 0B       		.uleb128 0xb
 1464 0193 3B       		.uleb128 0x3b
 1465 0194 05       		.uleb128 0x5
 1466 0195 27       		.uleb128 0x27
 1467 0196 19       		.uleb128 0x19
 1468 0197 3C       		.uleb128 0x3c
 1469 0198 19       		.uleb128 0x19
 1470 0199 00       		.byte	0
 1471 019a 00       		.byte	0
 1472 019b 00       		.byte	0
 1473              		.section	.debug_loc,"",%progbits
ARM GAS  /tmp/ccB4Oa6p.s 			page 27


 1474              	.Ldebug_loc0:
 1475              	.LLST0:
 1476 0000 00000000 		.4byte	.LVL2
 1477 0004 13000000 		.4byte	.LVL3-1
 1478 0008 0100     		.2byte	0x1
 1479 000a 50       		.byte	0x50
 1480 000b 13000000 		.4byte	.LVL3-1
 1481 000f 20000000 		.4byte	.LFE120
 1482 0013 0100     		.2byte	0x1
 1483 0015 54       		.byte	0x54
 1484 0016 00000000 		.4byte	0
 1485 001a 00000000 		.4byte	0
 1486              	.LLST1:
 1487 001e 00000000 		.4byte	.LVL2
 1488 0022 13000000 		.4byte	.LVL3-1
 1489 0026 0100     		.2byte	0x1
 1490 0028 51       		.byte	0x51
 1491 0029 13000000 		.4byte	.LVL3-1
 1492 002d 20000000 		.4byte	.LFE120
 1493 0031 0400     		.2byte	0x4
 1494 0033 F3       		.byte	0xf3
 1495 0034 01       		.uleb128 0x1
 1496 0035 51       		.byte	0x51
 1497 0036 9F       		.byte	0x9f
 1498 0037 00000000 		.4byte	0
 1499 003b 00000000 		.4byte	0
 1500              	.LLST2:
 1501 003f 00000000 		.4byte	.LVL4
 1502 0043 0D000000 		.4byte	.LVL5-1
 1503 0047 0100     		.2byte	0x1
 1504 0049 50       		.byte	0x50
 1505 004a 0D000000 		.4byte	.LVL5-1
 1506 004e 1A000000 		.4byte	.LFE121
 1507 0052 0100     		.2byte	0x1
 1508 0054 54       		.byte	0x54
 1509 0055 00000000 		.4byte	0
 1510 0059 00000000 		.4byte	0
 1511              	.LLST3:
 1512 005d 00000000 		.4byte	.LVL7
 1513 0061 0B000000 		.4byte	.LVL8-1
 1514 0065 0100     		.2byte	0x1
 1515 0067 50       		.byte	0x50
 1516 0068 0B000000 		.4byte	.LVL8-1
 1517 006c 14000000 		.4byte	.LFE123
 1518 0070 0400     		.2byte	0x4
 1519 0072 F3       		.byte	0xf3
 1520 0073 01       		.uleb128 0x1
 1521 0074 50       		.byte	0x50
 1522 0075 9F       		.byte	0x9f
 1523 0076 00000000 		.4byte	0
 1524 007a 00000000 		.4byte	0
 1525              	.LLST4:
 1526 007e 00000000 		.4byte	.LVL7
 1527 0082 0B000000 		.4byte	.LVL8-1
 1528 0086 0100     		.2byte	0x1
 1529 0088 51       		.byte	0x51
 1530 0089 0B000000 		.4byte	.LVL8-1
ARM GAS  /tmp/ccB4Oa6p.s 			page 28


 1531 008d 14000000 		.4byte	.LFE123
 1532 0091 0400     		.2byte	0x4
 1533 0093 F3       		.byte	0xf3
 1534 0094 01       		.uleb128 0x1
 1535 0095 51       		.byte	0x51
 1536 0096 9F       		.byte	0x9f
 1537 0097 00000000 		.4byte	0
 1538 009b 00000000 		.4byte	0
 1539              	.LLST5:
 1540 009f 00000000 		.4byte	.LVL7
 1541 00a3 0B000000 		.4byte	.LVL8-1
 1542 00a7 0100     		.2byte	0x1
 1543 00a9 52       		.byte	0x52
 1544 00aa 0B000000 		.4byte	.LVL8-1
 1545 00ae 14000000 		.4byte	.LFE123
 1546 00b2 0400     		.2byte	0x4
 1547 00b4 F3       		.byte	0xf3
 1548 00b5 01       		.uleb128 0x1
 1549 00b6 52       		.byte	0x52
 1550 00b7 9F       		.byte	0x9f
 1551 00b8 00000000 		.4byte	0
 1552 00bc 00000000 		.4byte	0
 1553              	.LLST6:
 1554 00c0 00000000 		.4byte	.LVL9
 1555 00c4 0B000000 		.4byte	.LVL10-1
 1556 00c8 0100     		.2byte	0x1
 1557 00ca 50       		.byte	0x50
 1558 00cb 0B000000 		.4byte	.LVL10-1
 1559 00cf 14000000 		.4byte	.LFE124
 1560 00d3 0400     		.2byte	0x4
 1561 00d5 F3       		.byte	0xf3
 1562 00d6 01       		.uleb128 0x1
 1563 00d7 50       		.byte	0x50
 1564 00d8 9F       		.byte	0x9f
 1565 00d9 00000000 		.4byte	0
 1566 00dd 00000000 		.4byte	0
 1567              	.LLST7:
 1568 00e1 00000000 		.4byte	.LVL9
 1569 00e5 0B000000 		.4byte	.LVL10-1
 1570 00e9 0100     		.2byte	0x1
 1571 00eb 51       		.byte	0x51
 1572 00ec 0B000000 		.4byte	.LVL10-1
 1573 00f0 14000000 		.4byte	.LFE124
 1574 00f4 0400     		.2byte	0x4
 1575 00f6 F3       		.byte	0xf3
 1576 00f7 01       		.uleb128 0x1
 1577 00f8 51       		.byte	0x51
 1578 00f9 9F       		.byte	0x9f
 1579 00fa 00000000 		.4byte	0
 1580 00fe 00000000 		.4byte	0
 1581              		.section	.debug_aranges,"",%progbits
 1582 0000 4C000000 		.4byte	0x4c
 1583 0004 0200     		.2byte	0x2
 1584 0006 00000000 		.4byte	.Ldebug_info0
 1585 000a 04       		.byte	0x4
 1586 000b 00       		.byte	0
 1587 000c 0000     		.2byte	0
ARM GAS  /tmp/ccB4Oa6p.s 			page 29


 1588 000e 0000     		.2byte	0
 1589 0010 00000000 		.4byte	.LFB118
 1590 0014 04000000 		.4byte	.LFE118-.LFB118
 1591 0018 00000000 		.4byte	.LFB119
 1592 001c 0A000000 		.4byte	.LFE119-.LFB119
 1593 0020 00000000 		.4byte	.LFB120
 1594 0024 20000000 		.4byte	.LFE120-.LFB120
 1595 0028 00000000 		.4byte	.LFB121
 1596 002c 1A000000 		.4byte	.LFE121-.LFB121
 1597 0030 00000000 		.4byte	.LFB122
 1598 0034 18000000 		.4byte	.LFE122-.LFB122
 1599 0038 00000000 		.4byte	.LFB123
 1600 003c 14000000 		.4byte	.LFE123-.LFB123
 1601 0040 00000000 		.4byte	.LFB124
 1602 0044 14000000 		.4byte	.LFE124-.LFB124
 1603 0048 00000000 		.4byte	0
 1604 004c 00000000 		.4byte	0
 1605              		.section	.debug_ranges,"",%progbits
 1606              	.Ldebug_ranges0:
 1607 0000 02000000 		.4byte	.LBB2
 1608 0004 04000000 		.4byte	.LBE2
 1609 0008 06000000 		.4byte	.LBB3
 1610 000c 0A000000 		.4byte	.LBE3
 1611 0010 00000000 		.4byte	0
 1612 0014 00000000 		.4byte	0
 1613 0018 02000000 		.4byte	.LBB5
 1614 001c 04000000 		.4byte	.LBE5
 1615 0020 06000000 		.4byte	.LBB6
 1616 0024 0A000000 		.4byte	.LBE6
 1617 0028 00000000 		.4byte	0
 1618 002c 00000000 		.4byte	0
 1619 0030 00000000 		.4byte	.LFB118
 1620 0034 04000000 		.4byte	.LFE118
 1621 0038 00000000 		.4byte	.LFB119
 1622 003c 0A000000 		.4byte	.LFE119
 1623 0040 00000000 		.4byte	.LFB120
 1624 0044 20000000 		.4byte	.LFE120
 1625 0048 00000000 		.4byte	.LFB121
 1626 004c 1A000000 		.4byte	.LFE121
 1627 0050 00000000 		.4byte	.LFB122
 1628 0054 18000000 		.4byte	.LFE122
 1629 0058 00000000 		.4byte	.LFB123
 1630 005c 14000000 		.4byte	.LFE123
 1631 0060 00000000 		.4byte	.LFB124
 1632 0064 14000000 		.4byte	.LFE124
 1633 0068 00000000 		.4byte	0
 1634 006c 00000000 		.4byte	0
 1635              		.section	.debug_line,"",%progbits
 1636              	.Ldebug_line0:
 1637 0000 C8010000 		.section	.debug_str,"MS",%progbits,1
 1637      02003601 
 1637      00000201 
 1637      FB0E0D00 
 1637      01010101 
 1638              	.LASF30:
 1639 0000 43434552 		.ascii	"CCER\000"
 1639      00
ARM GAS  /tmp/ccB4Oa6p.s 			page 30


 1640              	.LASF32:
 1641 0005 444D4152 		.ascii	"DMAR\000"
 1641      00
 1642              	.LASF21:
 1643 000a 73746174 		.ascii	"state\000"
 1643      6500
 1644              	.LASF29:
 1645 0010 43434D52 		.ascii	"CCMR2\000"
 1645      3200
 1646              	.LASF33:
 1647 0016 43434D52 		.ascii	"CCMR3\000"
 1647      3300
 1648              	.LASF3:
 1649 001c 73686F72 		.ascii	"short int\000"
 1649      7420696E 
 1649      7400
 1650              	.LASF39:
 1651 0026 70776D63 		.ascii	"pwmcnt_t\000"
 1651      6E745F74 
 1651      00
 1652              	.LASF14:
 1653 002f 73697A65 		.ascii	"sizetype\000"
 1653      74797065 
 1653      00
 1654              	.LASF66:
 1655 0038 70776D5F 		.ascii	"pwm_lld_disable_channel\000"
 1655      6C6C645F 
 1655      64697361 
 1655      626C655F 
 1655      6368616E 
 1656              	.LASF38:
 1657 0050 70776D63 		.ascii	"pwmchannel_t\000"
 1657      68616E6E 
 1657      656C5F74 
 1657      00
 1658              	.LASF40:
 1659 005d 6D6F6465 		.ascii	"mode\000"
 1659      00
 1660              	.LASF44:
 1661 0062 6368616E 		.ascii	"channels\000"
 1661      6E656C73 
 1661      00
 1662              	.LASF22:
 1663 006b 636F6E66 		.ascii	"config\000"
 1663      696700
 1664              	.LASF49:
 1665 0072 70776D4F 		.ascii	"pwmObjectInit\000"
 1665      626A6563 
 1665      74496E69 
 1665      7400
 1666              	.LASF4:
 1667 0080 75696E74 		.ascii	"uint8_t\000"
 1667      385F7400 
 1668              	.LASF54:
 1669 0088 70776D45 		.ascii	"pwmEnableChannel\000"
 1669      6E61626C 
 1669      65436861 
ARM GAS  /tmp/ccB4Oa6p.s 			page 31


 1669      6E6E656C 
 1669      00
 1670              	.LASF56:
 1671 0099 77696474 		.ascii	"width\000"
 1671      6800
 1672              	.LASF51:
 1673 009f 70776D70 		.ascii	"pwmp\000"
 1673      00
 1674              	.LASF50:
 1675 00a4 70776D53 		.ascii	"pwmStart\000"
 1675      74617274 
 1675      00
 1676              	.LASF11:
 1677 00ad 6C6F6E67 		.ascii	"long long int\000"
 1677      206C6F6E 
 1677      6720696E 
 1677      7400
 1678              	.LASF8:
 1679 00bb 6C6F6E67 		.ascii	"long int\000"
 1679      20696E74 
 1679      00
 1680              	.LASF48:
 1681 00c4 70776D49 		.ascii	"pwmInit\000"
 1681      6E697400 
 1682              	.LASF34:
 1683 00cc 43435235 		.ascii	"CCR5\000"
 1683      00
 1684              	.LASF35:
 1685 00d1 43435236 		.ascii	"CCR6\000"
 1685      00
 1686              	.LASF23:
 1687 00d6 70657269 		.ascii	"period\000"
 1687      6F6400
 1688              	.LASF63:
 1689 00dd 2F686F6D 		.ascii	"/home/brian/aithon/ProjectTemplate\000"
 1689      652F6272 
 1689      69616E2F 
 1689      61697468 
 1689      6F6E2F50 
 1690              	.LASF28:
 1691 0100 43434D52 		.ascii	"CCMR1\000"
 1691      3100
 1692              	.LASF58:
 1693 0106 70776D5F 		.ascii	"pwm_lld_start\000"
 1693      6C6C645F 
 1693      73746172 
 1693      7400
 1694              	.LASF47:
 1695 0114 50574D43 		.ascii	"PWMConfig\000"
 1695      6F6E6669 
 1695      6700
 1696              	.LASF2:
 1697 011e 756E7369 		.ascii	"unsigned char\000"
 1697      676E6564 
 1697      20636861 
 1697      7200
 1698              	.LASF26:
ARM GAS  /tmp/ccB4Oa6p.s 			page 32


 1699 012c 534D4352 		.ascii	"SMCR\000"
 1699      00
 1700              	.LASF16:
 1701 0131 50574D5F 		.ascii	"PWM_UNINIT\000"
 1701      554E494E 
 1701      495400
 1702              	.LASF59:
 1703 013c 70776D5F 		.ascii	"pwm_lld_stop\000"
 1703      6C6C645F 
 1703      73746F70 
 1703      00
 1704              	.LASF60:
 1705 0149 70776D5F 		.ascii	"pwm_lld_enable_channel\000"
 1705      6C6C645F 
 1705      656E6162 
 1705      6C655F63 
 1705      68616E6E 
 1706              	.LASF57:
 1707 0160 70776D44 		.ascii	"pwmDisableChannel\000"
 1707      69736162 
 1707      6C654368 
 1707      616E6E65 
 1707      6C00
 1708              	.LASF1:
 1709 0172 7369676E 		.ascii	"signed char\000"
 1709      65642063 
 1709      68617200 
 1710              	.LASF12:
 1711 017e 6C6F6E67 		.ascii	"long long unsigned int\000"
 1711      206C6F6E 
 1711      6720756E 
 1711      7369676E 
 1711      65642069 
 1712              	.LASF9:
 1713 0195 75696E74 		.ascii	"uint32_t\000"
 1713      33325F74 
 1713      00
 1714              	.LASF0:
 1715 019e 756E7369 		.ascii	"unsigned int\000"
 1715      676E6564 
 1715      20696E74 
 1715      00
 1716              	.LASF5:
 1717 01ab 75696E74 		.ascii	"uint16_t\000"
 1717      31365F74 
 1717      00
 1718              	.LASF62:
 1719 01b4 2E2E2F41 		.ascii	"../AithonLibrary/ChibiOS/os/hal/src/pwm.c\000"
 1719      6974686F 
 1719      6E4C6962 
 1719      72617279 
 1719      2F436869 
 1720              	.LASF31:
 1721 01de 42445452 		.ascii	"BDTR\000"
 1721      00
 1722              	.LASF27:
 1723 01e3 44494552 		.ascii	"DIER\000"
ARM GAS  /tmp/ccB4Oa6p.s 			page 33


 1723      00
 1724              	.LASF6:
 1725 01e8 73686F72 		.ascii	"short unsigned int\000"
 1725      7420756E 
 1725      7369676E 
 1725      65642069 
 1725      6E7400
 1726              	.LASF65:
 1727 01fb 70776D5F 		.ascii	"pwm_lld_init\000"
 1727      6C6C645F 
 1727      696E6974 
 1727      00
 1728              	.LASF15:
 1729 0208 63686172 		.ascii	"char\000"
 1729      00
 1730              	.LASF61:
 1731 020d 474E5520 		.ascii	"GNU C 4.8.3 20131129 (release) [ARM/embedded-4_8-br"
 1731      4320342E 
 1731      382E3320 
 1731      32303133 
 1731      31313239 
 1732 0240 616E6368 		.ascii	"anch revision 205641] -mcpu=cortex-m4 -mfloat-abi=s"
 1732      20726576 
 1732      6973696F 
 1732      6E203230 
 1732      35363431 
 1733 0273 6F667466 		.ascii	"oftfp -mfpu=fpv4-sp-d16 -mno-thumb-interwork -mthum"
 1733      70202D6D 
 1733      6670753D 
 1733      66707634 
 1733      2D73702D 
 1734 02a6 62202D67 		.ascii	"b -ggdb -O2 -fomit-frame-pointer -falign-functions="
 1734      67646220 
 1734      2D4F3220 
 1734      2D666F6D 
 1734      69742D66 
 1735 02d9 3136202D 		.ascii	"16 -fsingle-precision-constant -ffunction-sections "
 1735      6673696E 
 1735      676C652D 
 1735      70726563 
 1735      6973696F 
 1736 030c 2D666461 		.ascii	"-fdata-sections -fno-common\000"
 1736      74612D73 
 1736      65637469 
 1736      6F6E7320 
 1736      2D666E6F 
 1737              	.LASF36:
 1738 0328 73746D33 		.ascii	"stm32_tim_t\000"
 1738      325F7469 
 1738      6D5F7400 
 1739              	.LASF20:
 1740 0334 50574D44 		.ascii	"PWMDriver\000"
 1740      72697665 
 1740      7200
 1741              	.LASF7:
 1742 033e 696E7433 		.ascii	"int32_t\000"
 1742      325F7400 
ARM GAS  /tmp/ccB4Oa6p.s 			page 34


 1743              	.LASF13:
 1744 0346 5F426F6F 		.ascii	"_Bool\000"
 1744      6C00
 1745              	.LASF55:
 1746 034c 6368616E 		.ascii	"channel\000"
 1746      6E656C00 
 1747              	.LASF53:
 1748 0354 70776D43 		.ascii	"pwmChangePeriod\000"
 1748      68616E67 
 1748      65506572 
 1748      696F6400 
 1749              	.LASF10:
 1750 0364 6C6F6E67 		.ascii	"long unsigned int\000"
 1750      20756E73 
 1750      69676E65 
 1750      6420696E 
 1750      7400
 1751              	.LASF24:
 1752 0376 636C6F63 		.ascii	"clock\000"
 1752      6B00
 1753              	.LASF18:
 1754 037c 50574D5F 		.ascii	"PWM_READY\000"
 1754      52454144 
 1754      5900
 1755              	.LASF17:
 1756 0386 50574D5F 		.ascii	"PWM_STOP\000"
 1756      53544F50 
 1756      00
 1757              	.LASF46:
 1758 038f 64696572 		.ascii	"dier\000"
 1758      00
 1759              	.LASF52:
 1760 0394 70776D53 		.ascii	"pwmStop\000"
 1760      746F7000 
 1761              	.LASF43:
 1762 039c 66726571 		.ascii	"frequency\000"
 1762      75656E63 
 1762      7900
 1763              	.LASF42:
 1764 03a6 50574D43 		.ascii	"PWMChannelConfig\000"
 1764      68616E6E 
 1764      656C436F 
 1764      6E666967 
 1764      00
 1765              	.LASF37:
 1766 03b7 70776D6D 		.ascii	"pwmmode_t\000"
 1766      6F64655F 
 1766      7400
 1767              	.LASF45:
 1768 03c1 62647472 		.ascii	"bdtr\000"
 1768      00
 1769              	.LASF64:
 1770 03c6 49544D5F 		.ascii	"ITM_RxBuffer\000"
 1770      52784275 
 1770      66666572 
 1770      00
 1771              	.LASF19:
ARM GAS  /tmp/ccB4Oa6p.s 			page 35


 1772 03d3 70776D73 		.ascii	"pwmstate_t\000"
 1772      74617465 
 1772      5F7400
 1773              	.LASF25:
 1774 03de 70776D63 		.ascii	"pwmcallback_t\000"
 1774      616C6C62 
 1774      61636B5F 
 1774      7400
 1775              	.LASF41:
 1776 03ec 63616C6C 		.ascii	"callback\000"
 1776      6261636B 
 1776      00
 1777              		.ident	"GCC: (GNU Tools for ARM Embedded Processors) 4.8.3 20131129 (release) [ARM/embedded-4_8-br
ARM GAS  /tmp/ccB4Oa6p.s 			page 36


DEFINED SYMBOLS
                            *ABS*:0000000000000000 pwm.c
     /tmp/ccB4Oa6p.s:20     .text.pwmInit:0000000000000000 $t
     /tmp/ccB4Oa6p.s:26     .text.pwmInit:0000000000000000 pwmInit
     /tmp/ccB4Oa6p.s:41     .text.pwmObjectInit:0000000000000000 $t
     /tmp/ccB4Oa6p.s:47     .text.pwmObjectInit:0000000000000000 pwmObjectInit
     /tmp/ccB4Oa6p.s:68     .text.pwmStart:0000000000000000 $t
     /tmp/ccB4Oa6p.s:74     .text.pwmStart:0000000000000000 pwmStart
     /tmp/ccB4Oa6p.s:122    .text.pwmStop:0000000000000000 $t
     /tmp/ccB4Oa6p.s:128    .text.pwmStop:0000000000000000 pwmStop
     /tmp/ccB4Oa6p.s:171    .text.pwmChangePeriod:0000000000000000 $t
     /tmp/ccB4Oa6p.s:177    .text.pwmChangePeriod:0000000000000000 pwmChangePeriod
     /tmp/ccB4Oa6p.s:212    .text.pwmEnableChannel:0000000000000000 $t
     /tmp/ccB4Oa6p.s:218    .text.pwmEnableChannel:0000000000000000 pwmEnableChannel
     /tmp/ccB4Oa6p.s:253    .text.pwmDisableChannel:0000000000000000 $t
     /tmp/ccB4Oa6p.s:259    .text.pwmDisableChannel:0000000000000000 pwmDisableChannel
                     .debug_frame:0000000000000010 $d

UNDEFINED SYMBOLS
pwm_lld_init
pwm_lld_start
pwm_lld_stop
pwm_lld_enable_channel
pwm_lld_disable_channel
